[2024-12-16T14:26:29.791+0000] {processor.py:157} INFO - Started process (PID=21484) to work on /workspaces/hands-on-introduction-data-engineering-4395021/airflow/dags/extract_dag.py
[2024-12-16T14:26:29.792+0000] {processor.py:826} INFO - Processing file /workspaces/hands-on-introduction-data-engineering-4395021/airflow/dags/extract_dag.py for tasks to queue
[2024-12-16T14:26:29.793+0000] {logging_mixin.py:150} INFO - [2024-12-16T14:26:29.792+0000] {dagbag.py:541} INFO - Filling up the DagBag from /workspaces/hands-on-introduction-data-engineering-4395021/airflow/dags/extract_dag.py
[2024-12-16T14:26:29.800+0000] {processor.py:836} INFO - DAG(s) dict_keys(['extract_dag']) retrieved from /workspaces/hands-on-introduction-data-engineering-4395021/airflow/dags/extract_dag.py
[2024-12-16T14:26:29.815+0000] {logging_mixin.py:150} INFO - [2024-12-16T14:26:29.815+0000] {dag.py:2742} INFO - Sync 1 DAGs
[2024-12-16T14:26:29.828+0000] {logging_mixin.py:150} INFO - [2024-12-16T14:26:29.828+0000] {dag.py:3504} INFO - Setting next_dagrun for extract_dag to 2024-12-16T14:26:22.477877+00:00, run_after=2024-12-17T14:26:22.477877+00:00
[2024-12-16T14:26:29.917+0000] {processor.py:179} INFO - Processing /workspaces/hands-on-introduction-data-engineering-4395021/airflow/dags/extract_dag.py took 0.128 seconds
[2024-12-16T14:27:23.438+0000] {processor.py:157} INFO - Started process (PID=22146) to work on /workspaces/hands-on-introduction-data-engineering-4395021/airflow/dags/extract_dag.py
[2024-12-16T14:27:23.438+0000] {processor.py:826} INFO - Processing file /workspaces/hands-on-introduction-data-engineering-4395021/airflow/dags/extract_dag.py for tasks to queue
[2024-12-16T14:27:23.439+0000] {logging_mixin.py:150} INFO - [2024-12-16T14:27:23.439+0000] {dagbag.py:541} INFO - Filling up the DagBag from /workspaces/hands-on-introduction-data-engineering-4395021/airflow/dags/extract_dag.py
[2024-12-16T14:27:23.444+0000] {processor.py:836} INFO - DAG(s) dict_keys(['extract_dag']) retrieved from /workspaces/hands-on-introduction-data-engineering-4395021/airflow/dags/extract_dag.py
[2024-12-16T14:27:23.458+0000] {logging_mixin.py:150} INFO - [2024-12-16T14:27:23.458+0000] {dag.py:2742} INFO - Sync 1 DAGs
[2024-12-16T14:27:23.477+0000] {logging_mixin.py:150} INFO - [2024-12-16T14:27:23.477+0000] {dag.py:3504} INFO - Setting next_dagrun for extract_dag to 2024-12-16T14:26:22.477877+00:00, run_after=2024-12-17T14:26:22.477877+00:00
[2024-12-16T14:27:23.505+0000] {processor.py:179} INFO - Processing /workspaces/hands-on-introduction-data-engineering-4395021/airflow/dags/extract_dag.py took 0.070 seconds
[2024-12-16T14:28:14.999+0000] {processor.py:157} INFO - Started process (PID=22797) to work on /workspaces/hands-on-introduction-data-engineering-4395021/airflow/dags/extract_dag.py
[2024-12-16T14:28:15.000+0000] {processor.py:826} INFO - Processing file /workspaces/hands-on-introduction-data-engineering-4395021/airflow/dags/extract_dag.py for tasks to queue
[2024-12-16T14:28:15.000+0000] {logging_mixin.py:150} INFO - [2024-12-16T14:28:15.000+0000] {dagbag.py:541} INFO - Filling up the DagBag from /workspaces/hands-on-introduction-data-engineering-4395021/airflow/dags/extract_dag.py
[2024-12-16T14:28:15.005+0000] {processor.py:836} INFO - DAG(s) dict_keys(['extract_dag']) retrieved from /workspaces/hands-on-introduction-data-engineering-4395021/airflow/dags/extract_dag.py
[2024-12-16T14:28:15.015+0000] {logging_mixin.py:150} INFO - [2024-12-16T14:28:15.014+0000] {dag.py:2742} INFO - Sync 1 DAGs
[2024-12-16T14:28:15.028+0000] {logging_mixin.py:150} INFO - [2024-12-16T14:28:15.028+0000] {dag.py:3504} INFO - Setting next_dagrun for extract_dag to 2024-12-16T14:26:22.477877+00:00, run_after=2024-12-17T14:26:22.477877+00:00
[2024-12-16T14:28:15.041+0000] {processor.py:179} INFO - Processing /workspaces/hands-on-introduction-data-engineering-4395021/airflow/dags/extract_dag.py took 0.044 seconds
[2024-12-16T14:29:01.056+0000] {processor.py:157} INFO - Started process (PID=23154) to work on /workspaces/hands-on-introduction-data-engineering-4395021/airflow/dags/extract_dag.py
[2024-12-16T14:29:01.057+0000] {processor.py:826} INFO - Processing file /workspaces/hands-on-introduction-data-engineering-4395021/airflow/dags/extract_dag.py for tasks to queue
[2024-12-16T14:29:01.058+0000] {logging_mixin.py:150} INFO - [2024-12-16T14:29:01.058+0000] {dagbag.py:541} INFO - Filling up the DagBag from /workspaces/hands-on-introduction-data-engineering-4395021/airflow/dags/extract_dag.py
[2024-12-16T14:29:01.063+0000] {processor.py:836} INFO - DAG(s) dict_keys(['extract_dag']) retrieved from /workspaces/hands-on-introduction-data-engineering-4395021/airflow/dags/extract_dag.py
[2024-12-16T14:29:01.073+0000] {logging_mixin.py:150} INFO - [2024-12-16T14:29:01.073+0000] {dag.py:2742} INFO - Sync 1 DAGs
[2024-12-16T14:29:01.087+0000] {logging_mixin.py:150} INFO - [2024-12-16T14:29:01.087+0000] {dag.py:3504} INFO - Setting next_dagrun for extract_dag to 2024-12-16T14:26:22.477877+00:00, run_after=2024-12-17T14:26:22.477877+00:00
[2024-12-16T14:29:01.103+0000] {processor.py:179} INFO - Processing /workspaces/hands-on-introduction-data-engineering-4395021/airflow/dags/extract_dag.py took 0.048 seconds
[2024-12-16T14:29:41.716+0000] {processor.py:157} INFO - Started process (PID=23658) to work on /workspaces/hands-on-introduction-data-engineering-4395021/airflow/dags/extract_dag.py
[2024-12-16T14:29:41.717+0000] {processor.py:826} INFO - Processing file /workspaces/hands-on-introduction-data-engineering-4395021/airflow/dags/extract_dag.py for tasks to queue
[2024-12-16T14:29:41.718+0000] {logging_mixin.py:150} INFO - [2024-12-16T14:29:41.718+0000] {dagbag.py:541} INFO - Filling up the DagBag from /workspaces/hands-on-introduction-data-engineering-4395021/airflow/dags/extract_dag.py
[2024-12-16T14:29:41.722+0000] {processor.py:836} INFO - DAG(s) dict_keys(['extract_dag']) retrieved from /workspaces/hands-on-introduction-data-engineering-4395021/airflow/dags/extract_dag.py
[2024-12-16T14:29:41.732+0000] {logging_mixin.py:150} INFO - [2024-12-16T14:29:41.732+0000] {dag.py:2742} INFO - Sync 1 DAGs
[2024-12-16T14:29:41.746+0000] {logging_mixin.py:150} INFO - [2024-12-16T14:29:41.746+0000] {dag.py:3504} INFO - Setting next_dagrun for extract_dag to 2024-12-16T14:26:22.477877+00:00, run_after=2024-12-17T14:26:22.477877+00:00
[2024-12-16T14:29:41.760+0000] {processor.py:179} INFO - Processing /workspaces/hands-on-introduction-data-engineering-4395021/airflow/dags/extract_dag.py took 0.046 seconds
[2024-12-16T14:30:22.389+0000] {processor.py:157} INFO - Started process (PID=24023) to work on /workspaces/hands-on-introduction-data-engineering-4395021/airflow/dags/extract_dag.py
[2024-12-16T14:30:22.389+0000] {processor.py:826} INFO - Processing file /workspaces/hands-on-introduction-data-engineering-4395021/airflow/dags/extract_dag.py for tasks to queue
[2024-12-16T14:30:22.390+0000] {logging_mixin.py:150} INFO - [2024-12-16T14:30:22.390+0000] {dagbag.py:541} INFO - Filling up the DagBag from /workspaces/hands-on-introduction-data-engineering-4395021/airflow/dags/extract_dag.py
[2024-12-16T14:30:22.394+0000] {processor.py:836} INFO - DAG(s) dict_keys(['extract_dag']) retrieved from /workspaces/hands-on-introduction-data-engineering-4395021/airflow/dags/extract_dag.py
[2024-12-16T14:30:22.404+0000] {logging_mixin.py:150} INFO - [2024-12-16T14:30:22.404+0000] {dag.py:2742} INFO - Sync 1 DAGs
[2024-12-16T14:30:22.418+0000] {logging_mixin.py:150} INFO - [2024-12-16T14:30:22.418+0000] {dag.py:3504} INFO - Setting next_dagrun for extract_dag to 2024-12-16T14:26:22.477877+00:00, run_after=2024-12-17T14:26:22.477877+00:00
[2024-12-16T14:30:22.431+0000] {processor.py:179} INFO - Processing /workspaces/hands-on-introduction-data-engineering-4395021/airflow/dags/extract_dag.py took 0.045 seconds
[2024-12-16T14:31:04.940+0000] {processor.py:157} INFO - Started process (PID=24411) to work on /workspaces/hands-on-introduction-data-engineering-4395021/airflow/dags/extract_dag.py
[2024-12-16T14:31:04.940+0000] {processor.py:826} INFO - Processing file /workspaces/hands-on-introduction-data-engineering-4395021/airflow/dags/extract_dag.py for tasks to queue
[2024-12-16T14:31:04.941+0000] {logging_mixin.py:150} INFO - [2024-12-16T14:31:04.941+0000] {dagbag.py:541} INFO - Filling up the DagBag from /workspaces/hands-on-introduction-data-engineering-4395021/airflow/dags/extract_dag.py
[2024-12-16T14:31:04.946+0000] {processor.py:836} INFO - DAG(s) dict_keys(['extract_dag']) retrieved from /workspaces/hands-on-introduction-data-engineering-4395021/airflow/dags/extract_dag.py
[2024-12-16T14:31:04.956+0000] {logging_mixin.py:150} INFO - [2024-12-16T14:31:04.955+0000] {dag.py:2742} INFO - Sync 1 DAGs
[2024-12-16T14:31:04.969+0000] {logging_mixin.py:150} INFO - [2024-12-16T14:31:04.969+0000] {dag.py:3504} INFO - Setting next_dagrun for extract_dag to 2024-12-16T14:26:22.477877+00:00, run_after=2024-12-17T14:26:22.477877+00:00
[2024-12-16T14:31:04.982+0000] {processor.py:179} INFO - Processing /workspaces/hands-on-introduction-data-engineering-4395021/airflow/dags/extract_dag.py took 0.044 seconds
[2024-12-16T14:31:51.468+0000] {processor.py:157} INFO - Started process (PID=25019) to work on /workspaces/hands-on-introduction-data-engineering-4395021/airflow/dags/extract_dag.py
[2024-12-16T14:31:51.469+0000] {processor.py:826} INFO - Processing file /workspaces/hands-on-introduction-data-engineering-4395021/airflow/dags/extract_dag.py for tasks to queue
[2024-12-16T14:31:51.469+0000] {logging_mixin.py:150} INFO - [2024-12-16T14:31:51.469+0000] {dagbag.py:541} INFO - Filling up the DagBag from /workspaces/hands-on-introduction-data-engineering-4395021/airflow/dags/extract_dag.py
[2024-12-16T14:31:51.474+0000] {processor.py:836} INFO - DAG(s) dict_keys(['extract_dag']) retrieved from /workspaces/hands-on-introduction-data-engineering-4395021/airflow/dags/extract_dag.py
[2024-12-16T14:31:51.484+0000] {logging_mixin.py:150} INFO - [2024-12-16T14:31:51.484+0000] {dag.py:2742} INFO - Sync 1 DAGs
[2024-12-16T14:31:51.497+0000] {logging_mixin.py:150} INFO - [2024-12-16T14:31:51.497+0000] {dag.py:3504} INFO - Setting next_dagrun for extract_dag to 2024-12-16T14:26:22.477877+00:00, run_after=2024-12-17T14:26:22.477877+00:00
[2024-12-16T14:31:51.510+0000] {processor.py:179} INFO - Processing /workspaces/hands-on-introduction-data-engineering-4395021/airflow/dags/extract_dag.py took 0.044 seconds
[2024-12-16T14:32:34.660+0000] {processor.py:157} INFO - Started process (PID=25320) to work on /workspaces/hands-on-introduction-data-engineering-4395021/airflow/dags/extract_dag.py
[2024-12-16T14:32:34.661+0000] {processor.py:826} INFO - Processing file /workspaces/hands-on-introduction-data-engineering-4395021/airflow/dags/extract_dag.py for tasks to queue
[2024-12-16T14:32:34.662+0000] {logging_mixin.py:150} INFO - [2024-12-16T14:32:34.661+0000] {dagbag.py:541} INFO - Filling up the DagBag from /workspaces/hands-on-introduction-data-engineering-4395021/airflow/dags/extract_dag.py
[2024-12-16T14:32:34.666+0000] {processor.py:836} INFO - DAG(s) dict_keys(['extract_dag']) retrieved from /workspaces/hands-on-introduction-data-engineering-4395021/airflow/dags/extract_dag.py
[2024-12-16T14:32:34.676+0000] {logging_mixin.py:150} INFO - [2024-12-16T14:32:34.676+0000] {dag.py:2742} INFO - Sync 1 DAGs
[2024-12-16T14:32:34.689+0000] {logging_mixin.py:150} INFO - [2024-12-16T14:32:34.689+0000] {dag.py:3504} INFO - Setting next_dagrun for extract_dag to 2024-12-16T14:26:22.477877+00:00, run_after=2024-12-17T14:26:22.477877+00:00
[2024-12-16T14:32:34.702+0000] {processor.py:179} INFO - Processing /workspaces/hands-on-introduction-data-engineering-4395021/airflow/dags/extract_dag.py took 0.044 seconds
[2024-12-16T14:33:15.850+0000] {processor.py:157} INFO - Started process (PID=25597) to work on /workspaces/hands-on-introduction-data-engineering-4395021/airflow/dags/extract_dag.py
[2024-12-16T14:33:15.851+0000] {processor.py:826} INFO - Processing file /workspaces/hands-on-introduction-data-engineering-4395021/airflow/dags/extract_dag.py for tasks to queue
[2024-12-16T14:33:15.851+0000] {logging_mixin.py:150} INFO - [2024-12-16T14:33:15.851+0000] {dagbag.py:541} INFO - Filling up the DagBag from /workspaces/hands-on-introduction-data-engineering-4395021/airflow/dags/extract_dag.py
[2024-12-16T14:33:15.856+0000] {processor.py:836} INFO - DAG(s) dict_keys(['extract_dag']) retrieved from /workspaces/hands-on-introduction-data-engineering-4395021/airflow/dags/extract_dag.py
[2024-12-16T14:33:15.866+0000] {logging_mixin.py:150} INFO - [2024-12-16T14:33:15.865+0000] {dag.py:2742} INFO - Sync 1 DAGs
[2024-12-16T14:33:15.878+0000] {logging_mixin.py:150} INFO - [2024-12-16T14:33:15.878+0000] {dag.py:3504} INFO - Setting next_dagrun for extract_dag to 2024-12-16T14:26:22.477877+00:00, run_after=2024-12-17T14:26:22.477877+00:00
[2024-12-16T14:33:15.892+0000] {processor.py:179} INFO - Processing /workspaces/hands-on-introduction-data-engineering-4395021/airflow/dags/extract_dag.py took 0.045 seconds
[2024-12-16T14:33:57.012+0000] {processor.py:157} INFO - Started process (PID=25926) to work on /workspaces/hands-on-introduction-data-engineering-4395021/airflow/dags/extract_dag.py
[2024-12-16T14:33:57.013+0000] {processor.py:826} INFO - Processing file /workspaces/hands-on-introduction-data-engineering-4395021/airflow/dags/extract_dag.py for tasks to queue
[2024-12-16T14:33:57.014+0000] {logging_mixin.py:150} INFO - [2024-12-16T14:33:57.013+0000] {dagbag.py:541} INFO - Filling up the DagBag from /workspaces/hands-on-introduction-data-engineering-4395021/airflow/dags/extract_dag.py
[2024-12-16T14:33:57.018+0000] {processor.py:836} INFO - DAG(s) dict_keys(['extract_dag']) retrieved from /workspaces/hands-on-introduction-data-engineering-4395021/airflow/dags/extract_dag.py
[2024-12-16T14:33:57.029+0000] {logging_mixin.py:150} INFO - [2024-12-16T14:33:57.029+0000] {dag.py:2742} INFO - Sync 1 DAGs
[2024-12-16T14:33:57.044+0000] {logging_mixin.py:150} INFO - [2024-12-16T14:33:57.044+0000] {dag.py:3504} INFO - Setting next_dagrun for extract_dag to 2024-12-16T14:26:22.477877+00:00, run_after=2024-12-17T14:26:22.477877+00:00
[2024-12-16T14:33:57.058+0000] {processor.py:179} INFO - Processing /workspaces/hands-on-introduction-data-engineering-4395021/airflow/dags/extract_dag.py took 0.048 seconds
[2024-12-16T14:34:39.402+0000] {processor.py:157} INFO - Started process (PID=26226) to work on /workspaces/hands-on-introduction-data-engineering-4395021/airflow/dags/extract_dag.py
[2024-12-16T14:34:39.403+0000] {processor.py:826} INFO - Processing file /workspaces/hands-on-introduction-data-engineering-4395021/airflow/dags/extract_dag.py for tasks to queue
[2024-12-16T14:34:39.404+0000] {logging_mixin.py:150} INFO - [2024-12-16T14:34:39.403+0000] {dagbag.py:541} INFO - Filling up the DagBag from /workspaces/hands-on-introduction-data-engineering-4395021/airflow/dags/extract_dag.py
[2024-12-16T14:34:39.408+0000] {processor.py:836} INFO - DAG(s) dict_keys(['extract_dag']) retrieved from /workspaces/hands-on-introduction-data-engineering-4395021/airflow/dags/extract_dag.py
[2024-12-16T14:34:39.418+0000] {logging_mixin.py:150} INFO - [2024-12-16T14:34:39.418+0000] {dag.py:2742} INFO - Sync 1 DAGs
[2024-12-16T14:34:39.431+0000] {logging_mixin.py:150} INFO - [2024-12-16T14:34:39.431+0000] {dag.py:3504} INFO - Setting next_dagrun for extract_dag to 2024-12-16T14:26:22.477877+00:00, run_after=2024-12-17T14:26:22.477877+00:00
[2024-12-16T14:34:39.446+0000] {processor.py:179} INFO - Processing /workspaces/hands-on-introduction-data-engineering-4395021/airflow/dags/extract_dag.py took 0.046 seconds
