[2024-12-16T14:26:28.548+0000] {processor.py:157} INFO - Started process (PID=21459) to work on /workspaces/hands-on-introduction-data-engineering-4395021/airflow/dags/load_dag.py
[2024-12-16T14:26:28.548+0000] {processor.py:826} INFO - Processing file /workspaces/hands-on-introduction-data-engineering-4395021/airflow/dags/load_dag.py for tasks to queue
[2024-12-16T14:26:28.549+0000] {logging_mixin.py:150} INFO - [2024-12-16T14:26:28.549+0000] {dagbag.py:541} INFO - Filling up the DagBag from /workspaces/hands-on-introduction-data-engineering-4395021/airflow/dags/load_dag.py
[2024-12-16T14:26:28.557+0000] {processor.py:836} INFO - DAG(s) dict_keys(['load_dag']) retrieved from /workspaces/hands-on-introduction-data-engineering-4395021/airflow/dags/load_dag.py
[2024-12-16T14:26:28.571+0000] {logging_mixin.py:150} INFO - [2024-12-16T14:26:28.571+0000] {dag.py:2742} INFO - Sync 1 DAGs
[2024-12-16T14:26:28.585+0000] {logging_mixin.py:150} INFO - [2024-12-16T14:26:28.585+0000] {dag.py:3504} INFO - Setting next_dagrun for load_dag to None, run_after=None
[2024-12-16T14:26:28.693+0000] {processor.py:179} INFO - Processing /workspaces/hands-on-introduction-data-engineering-4395021/airflow/dags/load_dag.py took 0.148 seconds
[2024-12-16T14:27:22.810+0000] {processor.py:157} INFO - Started process (PID=22123) to work on /workspaces/hands-on-introduction-data-engineering-4395021/airflow/dags/load_dag.py
[2024-12-16T14:27:22.817+0000] {processor.py:826} INFO - Processing file /workspaces/hands-on-introduction-data-engineering-4395021/airflow/dags/load_dag.py for tasks to queue
[2024-12-16T14:27:22.818+0000] {logging_mixin.py:150} INFO - [2024-12-16T14:27:22.818+0000] {dagbag.py:541} INFO - Filling up the DagBag from /workspaces/hands-on-introduction-data-engineering-4395021/airflow/dags/load_dag.py
[2024-12-16T14:27:22.843+0000] {processor.py:836} INFO - DAG(s) dict_keys(['load_dag']) retrieved from /workspaces/hands-on-introduction-data-engineering-4395021/airflow/dags/load_dag.py
[2024-12-16T14:27:22.937+0000] {logging_mixin.py:150} INFO - [2024-12-16T14:27:22.937+0000] {dag.py:2742} INFO - Sync 1 DAGs
[2024-12-16T14:27:22.991+0000] {logging_mixin.py:150} INFO - [2024-12-16T14:27:22.991+0000] {dag.py:3504} INFO - Setting next_dagrun for load_dag to None, run_after=None
[2024-12-16T14:27:23.050+0000] {processor.py:179} INFO - Processing /workspaces/hands-on-introduction-data-engineering-4395021/airflow/dags/load_dag.py took 0.242 seconds
[2024-12-16T14:28:14.853+0000] {processor.py:157} INFO - Started process (PID=22796) to work on /workspaces/hands-on-introduction-data-engineering-4395021/airflow/dags/load_dag.py
[2024-12-16T14:28:14.854+0000] {processor.py:826} INFO - Processing file /workspaces/hands-on-introduction-data-engineering-4395021/airflow/dags/load_dag.py for tasks to queue
[2024-12-16T14:28:14.854+0000] {logging_mixin.py:150} INFO - [2024-12-16T14:28:14.854+0000] {dagbag.py:541} INFO - Filling up the DagBag from /workspaces/hands-on-introduction-data-engineering-4395021/airflow/dags/load_dag.py
[2024-12-16T14:28:14.859+0000] {processor.py:836} INFO - DAG(s) dict_keys(['load_dag']) retrieved from /workspaces/hands-on-introduction-data-engineering-4395021/airflow/dags/load_dag.py
[2024-12-16T14:28:14.869+0000] {logging_mixin.py:150} INFO - [2024-12-16T14:28:14.869+0000] {dag.py:2742} INFO - Sync 1 DAGs
[2024-12-16T14:28:14.882+0000] {logging_mixin.py:150} INFO - [2024-12-16T14:28:14.882+0000] {dag.py:3504} INFO - Setting next_dagrun for load_dag to None, run_after=None
[2024-12-16T14:28:14.896+0000] {processor.py:179} INFO - Processing /workspaces/hands-on-introduction-data-engineering-4395021/airflow/dags/load_dag.py took 0.045 seconds
[2024-12-16T14:28:59.914+0000] {processor.py:157} INFO - Started process (PID=23139) to work on /workspaces/hands-on-introduction-data-engineering-4395021/airflow/dags/load_dag.py
[2024-12-16T14:28:59.914+0000] {processor.py:826} INFO - Processing file /workspaces/hands-on-introduction-data-engineering-4395021/airflow/dags/load_dag.py for tasks to queue
[2024-12-16T14:28:59.915+0000] {logging_mixin.py:150} INFO - [2024-12-16T14:28:59.915+0000] {dagbag.py:541} INFO - Filling up the DagBag from /workspaces/hands-on-introduction-data-engineering-4395021/airflow/dags/load_dag.py
[2024-12-16T14:28:59.920+0000] {processor.py:836} INFO - DAG(s) dict_keys(['load_dag']) retrieved from /workspaces/hands-on-introduction-data-engineering-4395021/airflow/dags/load_dag.py
[2024-12-16T14:28:59.929+0000] {logging_mixin.py:150} INFO - [2024-12-16T14:28:59.929+0000] {dag.py:2742} INFO - Sync 1 DAGs
[2024-12-16T14:28:59.942+0000] {logging_mixin.py:150} INFO - [2024-12-16T14:28:59.942+0000] {dag.py:3504} INFO - Setting next_dagrun for load_dag to None, run_after=None
[2024-12-16T14:28:59.956+0000] {processor.py:179} INFO - Processing /workspaces/hands-on-introduction-data-engineering-4395021/airflow/dags/load_dag.py took 0.045 seconds
[2024-12-16T14:29:40.574+0000] {processor.py:157} INFO - Started process (PID=23642) to work on /workspaces/hands-on-introduction-data-engineering-4395021/airflow/dags/load_dag.py
[2024-12-16T14:29:40.574+0000] {processor.py:826} INFO - Processing file /workspaces/hands-on-introduction-data-engineering-4395021/airflow/dags/load_dag.py for tasks to queue
[2024-12-16T14:29:40.575+0000] {logging_mixin.py:150} INFO - [2024-12-16T14:29:40.575+0000] {dagbag.py:541} INFO - Filling up the DagBag from /workspaces/hands-on-introduction-data-engineering-4395021/airflow/dags/load_dag.py
[2024-12-16T14:29:40.579+0000] {processor.py:836} INFO - DAG(s) dict_keys(['load_dag']) retrieved from /workspaces/hands-on-introduction-data-engineering-4395021/airflow/dags/load_dag.py
[2024-12-16T14:29:40.589+0000] {logging_mixin.py:150} INFO - [2024-12-16T14:29:40.589+0000] {dag.py:2742} INFO - Sync 1 DAGs
[2024-12-16T14:29:40.602+0000] {logging_mixin.py:150} INFO - [2024-12-16T14:29:40.602+0000] {dag.py:3504} INFO - Setting next_dagrun for load_dag to None, run_after=None
[2024-12-16T14:29:40.616+0000] {processor.py:179} INFO - Processing /workspaces/hands-on-introduction-data-engineering-4395021/airflow/dags/load_dag.py took 0.044 seconds
[2024-12-16T14:30:22.245+0000] {processor.py:157} INFO - Started process (PID=24022) to work on /workspaces/hands-on-introduction-data-engineering-4395021/airflow/dags/load_dag.py
[2024-12-16T14:30:22.246+0000] {processor.py:826} INFO - Processing file /workspaces/hands-on-introduction-data-engineering-4395021/airflow/dags/load_dag.py for tasks to queue
[2024-12-16T14:30:22.246+0000] {logging_mixin.py:150} INFO - [2024-12-16T14:30:22.246+0000] {dagbag.py:541} INFO - Filling up the DagBag from /workspaces/hands-on-introduction-data-engineering-4395021/airflow/dags/load_dag.py
[2024-12-16T14:30:22.251+0000] {processor.py:836} INFO - DAG(s) dict_keys(['load_dag']) retrieved from /workspaces/hands-on-introduction-data-engineering-4395021/airflow/dags/load_dag.py
[2024-12-16T14:30:22.261+0000] {logging_mixin.py:150} INFO - [2024-12-16T14:30:22.260+0000] {dag.py:2742} INFO - Sync 1 DAGs
[2024-12-16T14:30:22.273+0000] {logging_mixin.py:150} INFO - [2024-12-16T14:30:22.273+0000] {dag.py:3504} INFO - Setting next_dagrun for load_dag to None, run_after=None
[2024-12-16T14:30:22.288+0000] {processor.py:179} INFO - Processing /workspaces/hands-on-introduction-data-engineering-4395021/airflow/dags/load_dag.py took 0.045 seconds
