[2024-12-16T14:26:27.101+0000] {processor.py:157} INFO - Started process (PID=21449) to work on /workspaces/hands-on-introduction-data-engineering-4395021/airflow/dags/transform_dag.py
[2024-12-16T14:26:27.102+0000] {processor.py:826} INFO - Processing file /workspaces/hands-on-introduction-data-engineering-4395021/airflow/dags/transform_dag.py for tasks to queue
[2024-12-16T14:26:27.102+0000] {logging_mixin.py:150} INFO - [2024-12-16T14:26:27.102+0000] {dagbag.py:541} INFO - Filling up the DagBag from /workspaces/hands-on-introduction-data-engineering-4395021/airflow/dags/transform_dag.py
[2024-12-16T14:26:27.413+0000] {processor.py:836} INFO - DAG(s) dict_keys(['transform_dag']) retrieved from /workspaces/hands-on-introduction-data-engineering-4395021/airflow/dags/transform_dag.py
[2024-12-16T14:26:27.425+0000] {logging_mixin.py:150} INFO - [2024-12-16T14:26:27.425+0000] {dag.py:2742} INFO - Sync 1 DAGs
[2024-12-16T14:26:27.436+0000] {logging_mixin.py:150} INFO - [2024-12-16T14:26:27.436+0000] {dag.py:3504} INFO - Setting next_dagrun for transform_dag to None, run_after=None
[2024-12-16T14:26:27.450+0000] {processor.py:179} INFO - Processing /workspaces/hands-on-introduction-data-engineering-4395021/airflow/dags/transform_dag.py took 0.350 seconds
[2024-12-16T14:27:21.845+0000] {processor.py:157} INFO - Started process (PID=22114) to work on /workspaces/hands-on-introduction-data-engineering-4395021/airflow/dags/transform_dag.py
[2024-12-16T14:27:21.846+0000] {processor.py:826} INFO - Processing file /workspaces/hands-on-introduction-data-engineering-4395021/airflow/dags/transform_dag.py for tasks to queue
[2024-12-16T14:27:21.847+0000] {logging_mixin.py:150} INFO - [2024-12-16T14:27:21.846+0000] {dagbag.py:541} INFO - Filling up the DagBag from /workspaces/hands-on-introduction-data-engineering-4395021/airflow/dags/transform_dag.py
[2024-12-16T14:27:22.064+0000] {processor.py:836} INFO - DAG(s) dict_keys(['transform_dag']) retrieved from /workspaces/hands-on-introduction-data-engineering-4395021/airflow/dags/transform_dag.py
[2024-12-16T14:27:22.073+0000] {logging_mixin.py:150} INFO - [2024-12-16T14:27:22.073+0000] {dag.py:2742} INFO - Sync 1 DAGs
[2024-12-16T14:27:22.087+0000] {logging_mixin.py:150} INFO - [2024-12-16T14:27:22.087+0000] {dag.py:3504} INFO - Setting next_dagrun for transform_dag to None, run_after=None
[2024-12-16T14:27:22.101+0000] {processor.py:179} INFO - Processing /workspaces/hands-on-introduction-data-engineering-4395021/airflow/dags/transform_dag.py took 0.258 seconds
[2024-12-16T14:28:14.430+0000] {processor.py:157} INFO - Started process (PID=22793) to work on /workspaces/hands-on-introduction-data-engineering-4395021/airflow/dags/transform_dag.py
[2024-12-16T14:28:14.431+0000] {processor.py:826} INFO - Processing file /workspaces/hands-on-introduction-data-engineering-4395021/airflow/dags/transform_dag.py for tasks to queue
[2024-12-16T14:28:14.432+0000] {logging_mixin.py:150} INFO - [2024-12-16T14:28:14.432+0000] {dagbag.py:541} INFO - Filling up the DagBag from /workspaces/hands-on-introduction-data-engineering-4395021/airflow/dags/transform_dag.py
[2024-12-16T14:28:14.647+0000] {processor.py:836} INFO - DAG(s) dict_keys(['transform_dag']) retrieved from /workspaces/hands-on-introduction-data-engineering-4395021/airflow/dags/transform_dag.py
[2024-12-16T14:28:14.657+0000] {logging_mixin.py:150} INFO - [2024-12-16T14:28:14.657+0000] {dag.py:2742} INFO - Sync 1 DAGs
[2024-12-16T14:28:14.670+0000] {logging_mixin.py:150} INFO - [2024-12-16T14:28:14.670+0000] {dag.py:3504} INFO - Setting next_dagrun for transform_dag to None, run_after=None
[2024-12-16T14:28:14.684+0000] {processor.py:179} INFO - Processing /workspaces/hands-on-introduction-data-engineering-4395021/airflow/dags/transform_dag.py took 0.256 seconds
[2024-12-16T14:28:58.575+0000] {processor.py:157} INFO - Started process (PID=23131) to work on /workspaces/hands-on-introduction-data-engineering-4395021/airflow/dags/transform_dag.py
[2024-12-16T14:28:58.576+0000] {processor.py:826} INFO - Processing file /workspaces/hands-on-introduction-data-engineering-4395021/airflow/dags/transform_dag.py for tasks to queue
[2024-12-16T14:28:58.577+0000] {logging_mixin.py:150} INFO - [2024-12-16T14:28:58.577+0000] {dagbag.py:541} INFO - Filling up the DagBag from /workspaces/hands-on-introduction-data-engineering-4395021/airflow/dags/transform_dag.py
[2024-12-16T14:28:58.814+0000] {processor.py:836} INFO - DAG(s) dict_keys(['transform_dag']) retrieved from /workspaces/hands-on-introduction-data-engineering-4395021/airflow/dags/transform_dag.py
[2024-12-16T14:28:58.825+0000] {logging_mixin.py:150} INFO - [2024-12-16T14:28:58.825+0000] {dag.py:2742} INFO - Sync 1 DAGs
[2024-12-16T14:28:58.841+0000] {logging_mixin.py:150} INFO - [2024-12-16T14:28:58.841+0000] {dag.py:3504} INFO - Setting next_dagrun for transform_dag to None, run_after=None
[2024-12-16T14:28:58.854+0000] {processor.py:179} INFO - Processing /workspaces/hands-on-introduction-data-engineering-4395021/airflow/dags/transform_dag.py took 0.282 seconds
[2024-12-16T14:29:39.714+0000] {processor.py:157} INFO - Started process (PID=23636) to work on /workspaces/hands-on-introduction-data-engineering-4395021/airflow/dags/transform_dag.py
[2024-12-16T14:29:39.715+0000] {processor.py:826} INFO - Processing file /workspaces/hands-on-introduction-data-engineering-4395021/airflow/dags/transform_dag.py for tasks to queue
[2024-12-16T14:29:39.716+0000] {logging_mixin.py:150} INFO - [2024-12-16T14:29:39.715+0000] {dagbag.py:541} INFO - Filling up the DagBag from /workspaces/hands-on-introduction-data-engineering-4395021/airflow/dags/transform_dag.py
[2024-12-16T14:29:39.938+0000] {processor.py:836} INFO - DAG(s) dict_keys(['transform_dag']) retrieved from /workspaces/hands-on-introduction-data-engineering-4395021/airflow/dags/transform_dag.py
[2024-12-16T14:29:39.949+0000] {logging_mixin.py:150} INFO - [2024-12-16T14:29:39.949+0000] {dag.py:2742} INFO - Sync 1 DAGs
[2024-12-16T14:29:39.968+0000] {logging_mixin.py:150} INFO - [2024-12-16T14:29:39.967+0000] {dag.py:3504} INFO - Setting next_dagrun for transform_dag to None, run_after=None
[2024-12-16T14:29:39.985+0000] {processor.py:179} INFO - Processing /workspaces/hands-on-introduction-data-engineering-4395021/airflow/dags/transform_dag.py took 0.274 seconds
[2024-12-16T14:30:21.015+0000] {processor.py:157} INFO - Started process (PID=24007) to work on /workspaces/hands-on-introduction-data-engineering-4395021/airflow/dags/transform_dag.py
[2024-12-16T14:30:21.017+0000] {processor.py:826} INFO - Processing file /workspaces/hands-on-introduction-data-engineering-4395021/airflow/dags/transform_dag.py for tasks to queue
[2024-12-16T14:30:21.018+0000] {logging_mixin.py:150} INFO - [2024-12-16T14:30:21.018+0000] {dagbag.py:541} INFO - Filling up the DagBag from /workspaces/hands-on-introduction-data-engineering-4395021/airflow/dags/transform_dag.py
[2024-12-16T14:30:21.248+0000] {processor.py:836} INFO - DAG(s) dict_keys(['transform_dag']) retrieved from /workspaces/hands-on-introduction-data-engineering-4395021/airflow/dags/transform_dag.py
[2024-12-16T14:30:21.257+0000] {logging_mixin.py:150} INFO - [2024-12-16T14:30:21.256+0000] {dag.py:2742} INFO - Sync 1 DAGs
[2024-12-16T14:30:21.270+0000] {logging_mixin.py:150} INFO - [2024-12-16T14:30:21.270+0000] {dag.py:3504} INFO - Setting next_dagrun for transform_dag to None, run_after=None
[2024-12-16T14:30:21.283+0000] {processor.py:179} INFO - Processing /workspaces/hands-on-introduction-data-engineering-4395021/airflow/dags/transform_dag.py took 0.270 seconds
