[2024-12-16T14:26:26.629+0000] {processor.py:157} INFO - Started process (PID=21434) to work on /workspaces/hands-on-introduction-data-engineering-4395021/airflow/dags/two_task.py
[2024-12-16T14:26:26.630+0000] {processor.py:826} INFO - Processing file /workspaces/hands-on-introduction-data-engineering-4395021/airflow/dags/two_task.py for tasks to queue
[2024-12-16T14:26:26.630+0000] {logging_mixin.py:150} INFO - [2024-12-16T14:26:26.630+0000] {dagbag.py:541} INFO - Filling up the DagBag from /workspaces/hands-on-introduction-data-engineering-4395021/airflow/dags/two_task.py
[2024-12-16T14:26:26.638+0000] {processor.py:836} INFO - DAG(s) dict_keys(['two_task_dag']) retrieved from /workspaces/hands-on-introduction-data-engineering-4395021/airflow/dags/two_task.py
[2024-12-16T14:26:26.653+0000] {logging_mixin.py:150} INFO - [2024-12-16T14:26:26.653+0000] {dag.py:2742} INFO - Sync 1 DAGs
[2024-12-16T14:26:26.666+0000] {logging_mixin.py:150} INFO - [2024-12-16T14:26:26.666+0000] {dag.py:3504} INFO - Setting next_dagrun for two_task_dag to None, run_after=None
[2024-12-16T14:26:26.761+0000] {processor.py:179} INFO - Processing /workspaces/hands-on-introduction-data-engineering-4395021/airflow/dags/two_task.py took 0.134 seconds
[2024-12-16T14:27:20.704+0000] {processor.py:157} INFO - Started process (PID=22112) to work on /workspaces/hands-on-introduction-data-engineering-4395021/airflow/dags/two_task.py
[2024-12-16T14:27:20.705+0000] {processor.py:826} INFO - Processing file /workspaces/hands-on-introduction-data-engineering-4395021/airflow/dags/two_task.py for tasks to queue
[2024-12-16T14:27:20.706+0000] {logging_mixin.py:150} INFO - [2024-12-16T14:27:20.705+0000] {dagbag.py:541} INFO - Filling up the DagBag from /workspaces/hands-on-introduction-data-engineering-4395021/airflow/dags/two_task.py
[2024-12-16T14:27:20.710+0000] {processor.py:836} INFO - DAG(s) dict_keys(['two_task_dag']) retrieved from /workspaces/hands-on-introduction-data-engineering-4395021/airflow/dags/two_task.py
[2024-12-16T14:27:20.721+0000] {logging_mixin.py:150} INFO - [2024-12-16T14:27:20.720+0000] {dag.py:2742} INFO - Sync 1 DAGs
[2024-12-16T14:27:20.734+0000] {logging_mixin.py:150} INFO - [2024-12-16T14:27:20.734+0000] {dag.py:3504} INFO - Setting next_dagrun for two_task_dag to None, run_after=None
[2024-12-16T14:27:20.749+0000] {processor.py:179} INFO - Processing /workspaces/hands-on-introduction-data-engineering-4395021/airflow/dags/two_task.py took 0.047 seconds
[2024-12-16T14:28:13.284+0000] {processor.py:157} INFO - Started process (PID=22785) to work on /workspaces/hands-on-introduction-data-engineering-4395021/airflow/dags/two_task.py
[2024-12-16T14:28:13.285+0000] {processor.py:826} INFO - Processing file /workspaces/hands-on-introduction-data-engineering-4395021/airflow/dags/two_task.py for tasks to queue
[2024-12-16T14:28:13.286+0000] {logging_mixin.py:150} INFO - [2024-12-16T14:28:13.286+0000] {dagbag.py:541} INFO - Filling up the DagBag from /workspaces/hands-on-introduction-data-engineering-4395021/airflow/dags/two_task.py
[2024-12-16T14:28:13.291+0000] {processor.py:836} INFO - DAG(s) dict_keys(['two_task_dag']) retrieved from /workspaces/hands-on-introduction-data-engineering-4395021/airflow/dags/two_task.py
[2024-12-16T14:28:13.301+0000] {logging_mixin.py:150} INFO - [2024-12-16T14:28:13.301+0000] {dag.py:2742} INFO - Sync 1 DAGs
[2024-12-16T14:28:13.314+0000] {logging_mixin.py:150} INFO - [2024-12-16T14:28:13.314+0000] {dag.py:3504} INFO - Setting next_dagrun for two_task_dag to None, run_after=None
[2024-12-16T14:28:13.328+0000] {processor.py:179} INFO - Processing /workspaces/hands-on-introduction-data-engineering-4395021/airflow/dags/two_task.py took 0.045 seconds
[2024-12-16T14:28:57.431+0000] {processor.py:157} INFO - Started process (PID=23123) to work on /workspaces/hands-on-introduction-data-engineering-4395021/airflow/dags/two_task.py
[2024-12-16T14:28:57.431+0000] {processor.py:826} INFO - Processing file /workspaces/hands-on-introduction-data-engineering-4395021/airflow/dags/two_task.py for tasks to queue
[2024-12-16T14:28:57.432+0000] {logging_mixin.py:150} INFO - [2024-12-16T14:28:57.432+0000] {dagbag.py:541} INFO - Filling up the DagBag from /workspaces/hands-on-introduction-data-engineering-4395021/airflow/dags/two_task.py
[2024-12-16T14:28:57.437+0000] {processor.py:836} INFO - DAG(s) dict_keys(['two_task_dag']) retrieved from /workspaces/hands-on-introduction-data-engineering-4395021/airflow/dags/two_task.py
[2024-12-16T14:28:57.447+0000] {logging_mixin.py:150} INFO - [2024-12-16T14:28:57.447+0000] {dag.py:2742} INFO - Sync 1 DAGs
[2024-12-16T14:28:57.459+0000] {logging_mixin.py:150} INFO - [2024-12-16T14:28:57.459+0000] {dag.py:3504} INFO - Setting next_dagrun for two_task_dag to None, run_after=None
[2024-12-16T14:28:57.473+0000] {processor.py:179} INFO - Processing /workspaces/hands-on-introduction-data-engineering-4395021/airflow/dags/two_task.py took 0.044 seconds
[2024-12-16T14:29:38.572+0000] {processor.py:157} INFO - Started process (PID=23621) to work on /workspaces/hands-on-introduction-data-engineering-4395021/airflow/dags/two_task.py
[2024-12-16T14:29:38.573+0000] {processor.py:826} INFO - Processing file /workspaces/hands-on-introduction-data-engineering-4395021/airflow/dags/two_task.py for tasks to queue
[2024-12-16T14:29:38.573+0000] {logging_mixin.py:150} INFO - [2024-12-16T14:29:38.573+0000] {dagbag.py:541} INFO - Filling up the DagBag from /workspaces/hands-on-introduction-data-engineering-4395021/airflow/dags/two_task.py
[2024-12-16T14:29:38.578+0000] {processor.py:836} INFO - DAG(s) dict_keys(['two_task_dag']) retrieved from /workspaces/hands-on-introduction-data-engineering-4395021/airflow/dags/two_task.py
[2024-12-16T14:29:38.588+0000] {logging_mixin.py:150} INFO - [2024-12-16T14:29:38.588+0000] {dag.py:2742} INFO - Sync 1 DAGs
[2024-12-16T14:29:38.601+0000] {logging_mixin.py:150} INFO - [2024-12-16T14:29:38.601+0000] {dag.py:3504} INFO - Setting next_dagrun for two_task_dag to None, run_after=None
[2024-12-16T14:29:38.614+0000] {processor.py:179} INFO - Processing /workspaces/hands-on-introduction-data-engineering-4395021/airflow/dags/two_task.py took 0.045 seconds
[2024-12-16T14:30:19.871+0000] {processor.py:157} INFO - Started process (PID=24005) to work on /workspaces/hands-on-introduction-data-engineering-4395021/airflow/dags/two_task.py
[2024-12-16T14:30:19.872+0000] {processor.py:826} INFO - Processing file /workspaces/hands-on-introduction-data-engineering-4395021/airflow/dags/two_task.py for tasks to queue
[2024-12-16T14:30:19.873+0000] {logging_mixin.py:150} INFO - [2024-12-16T14:30:19.872+0000] {dagbag.py:541} INFO - Filling up the DagBag from /workspaces/hands-on-introduction-data-engineering-4395021/airflow/dags/two_task.py
[2024-12-16T14:30:19.877+0000] {processor.py:836} INFO - DAG(s) dict_keys(['two_task_dag']) retrieved from /workspaces/hands-on-introduction-data-engineering-4395021/airflow/dags/two_task.py
[2024-12-16T14:30:19.887+0000] {logging_mixin.py:150} INFO - [2024-12-16T14:30:19.887+0000] {dag.py:2742} INFO - Sync 1 DAGs
[2024-12-16T14:30:19.899+0000] {logging_mixin.py:150} INFO - [2024-12-16T14:30:19.899+0000] {dag.py:3504} INFO - Setting next_dagrun for two_task_dag to None, run_after=None
[2024-12-16T14:30:19.912+0000] {processor.py:179} INFO - Processing /workspaces/hands-on-introduction-data-engineering-4395021/airflow/dags/two_task.py took 0.043 seconds
[2024-12-16T14:31:01.316+0000] {processor.py:157} INFO - Started process (PID=24385) to work on /workspaces/hands-on-introduction-data-engineering-4395021/airflow/dags/two_task.py
[2024-12-16T14:31:01.317+0000] {processor.py:826} INFO - Processing file /workspaces/hands-on-introduction-data-engineering-4395021/airflow/dags/two_task.py for tasks to queue
[2024-12-16T14:31:01.318+0000] {logging_mixin.py:150} INFO - [2024-12-16T14:31:01.318+0000] {dagbag.py:541} INFO - Filling up the DagBag from /workspaces/hands-on-introduction-data-engineering-4395021/airflow/dags/two_task.py
[2024-12-16T14:31:01.324+0000] {processor.py:836} INFO - DAG(s) dict_keys(['two_task_dag']) retrieved from /workspaces/hands-on-introduction-data-engineering-4395021/airflow/dags/two_task.py
[2024-12-16T14:31:01.338+0000] {logging_mixin.py:150} INFO - [2024-12-16T14:31:01.338+0000] {dag.py:2742} INFO - Sync 1 DAGs
[2024-12-16T14:31:01.356+0000] {logging_mixin.py:150} INFO - [2024-12-16T14:31:01.355+0000] {dag.py:3504} INFO - Setting next_dagrun for two_task_dag to None, run_after=None
[2024-12-16T14:31:01.374+0000] {processor.py:179} INFO - Processing /workspaces/hands-on-introduction-data-engineering-4395021/airflow/dags/two_task.py took 0.060 seconds
[2024-12-16T14:31:48.504+0000] {processor.py:157} INFO - Started process (PID=24980) to work on /workspaces/hands-on-introduction-data-engineering-4395021/airflow/dags/two_task.py
[2024-12-16T14:31:48.504+0000] {processor.py:826} INFO - Processing file /workspaces/hands-on-introduction-data-engineering-4395021/airflow/dags/two_task.py for tasks to queue
[2024-12-16T14:31:48.505+0000] {logging_mixin.py:150} INFO - [2024-12-16T14:31:48.505+0000] {dagbag.py:541} INFO - Filling up the DagBag from /workspaces/hands-on-introduction-data-engineering-4395021/airflow/dags/two_task.py
[2024-12-16T14:31:48.510+0000] {processor.py:836} INFO - DAG(s) dict_keys(['two_task_dag']) retrieved from /workspaces/hands-on-introduction-data-engineering-4395021/airflow/dags/two_task.py
[2024-12-16T14:31:48.519+0000] {logging_mixin.py:150} INFO - [2024-12-16T14:31:48.519+0000] {dag.py:2742} INFO - Sync 1 DAGs
[2024-12-16T14:31:48.533+0000] {logging_mixin.py:150} INFO - [2024-12-16T14:31:48.533+0000] {dag.py:3504} INFO - Setting next_dagrun for two_task_dag to None, run_after=None
[2024-12-16T14:31:48.546+0000] {processor.py:179} INFO - Processing /workspaces/hands-on-introduction-data-engineering-4395021/airflow/dags/two_task.py took 0.045 seconds
[2024-12-16T14:32:30.912+0000] {processor.py:157} INFO - Started process (PID=25289) to work on /workspaces/hands-on-introduction-data-engineering-4395021/airflow/dags/two_task.py
[2024-12-16T14:32:30.913+0000] {processor.py:826} INFO - Processing file /workspaces/hands-on-introduction-data-engineering-4395021/airflow/dags/two_task.py for tasks to queue
[2024-12-16T14:32:30.914+0000] {logging_mixin.py:150} INFO - [2024-12-16T14:32:30.913+0000] {dagbag.py:541} INFO - Filling up the DagBag from /workspaces/hands-on-introduction-data-engineering-4395021/airflow/dags/two_task.py
[2024-12-16T14:32:30.918+0000] {processor.py:836} INFO - DAG(s) dict_keys(['two_task_dag']) retrieved from /workspaces/hands-on-introduction-data-engineering-4395021/airflow/dags/two_task.py
[2024-12-16T14:32:30.928+0000] {logging_mixin.py:150} INFO - [2024-12-16T14:32:30.928+0000] {dag.py:2742} INFO - Sync 1 DAGs
[2024-12-16T14:32:30.941+0000] {logging_mixin.py:150} INFO - [2024-12-16T14:32:30.941+0000] {dag.py:3504} INFO - Setting next_dagrun for two_task_dag to None, run_after=None
[2024-12-16T14:32:30.954+0000] {processor.py:179} INFO - Processing /workspaces/hands-on-introduction-data-engineering-4395021/airflow/dags/two_task.py took 0.044 seconds
[2024-12-16T14:33:12.685+0000] {processor.py:157} INFO - Started process (PID=25584) to work on /workspaces/hands-on-introduction-data-engineering-4395021/airflow/dags/two_task.py
[2024-12-16T14:33:12.686+0000] {processor.py:826} INFO - Processing file /workspaces/hands-on-introduction-data-engineering-4395021/airflow/dags/two_task.py for tasks to queue
[2024-12-16T14:33:12.686+0000] {logging_mixin.py:150} INFO - [2024-12-16T14:33:12.686+0000] {dagbag.py:541} INFO - Filling up the DagBag from /workspaces/hands-on-introduction-data-engineering-4395021/airflow/dags/two_task.py
[2024-12-16T14:33:12.691+0000] {processor.py:836} INFO - DAG(s) dict_keys(['two_task_dag']) retrieved from /workspaces/hands-on-introduction-data-engineering-4395021/airflow/dags/two_task.py
[2024-12-16T14:33:12.701+0000] {logging_mixin.py:150} INFO - [2024-12-16T14:33:12.701+0000] {dag.py:2742} INFO - Sync 1 DAGs
[2024-12-16T14:33:12.715+0000] {logging_mixin.py:150} INFO - [2024-12-16T14:33:12.715+0000] {dag.py:3504} INFO - Setting next_dagrun for two_task_dag to None, run_after=None
[2024-12-16T14:33:12.728+0000] {processor.py:179} INFO - Processing /workspaces/hands-on-introduction-data-engineering-4395021/airflow/dags/two_task.py took 0.046 seconds
[2024-12-16T14:33:54.157+0000] {processor.py:157} INFO - Started process (PID=25902) to work on /workspaces/hands-on-introduction-data-engineering-4395021/airflow/dags/two_task.py
[2024-12-16T14:33:54.158+0000] {processor.py:826} INFO - Processing file /workspaces/hands-on-introduction-data-engineering-4395021/airflow/dags/two_task.py for tasks to queue
[2024-12-16T14:33:54.158+0000] {logging_mixin.py:150} INFO - [2024-12-16T14:33:54.158+0000] {dagbag.py:541} INFO - Filling up the DagBag from /workspaces/hands-on-introduction-data-engineering-4395021/airflow/dags/two_task.py
[2024-12-16T14:33:54.163+0000] {processor.py:836} INFO - DAG(s) dict_keys(['two_task_dag']) retrieved from /workspaces/hands-on-introduction-data-engineering-4395021/airflow/dags/two_task.py
[2024-12-16T14:33:54.173+0000] {logging_mixin.py:150} INFO - [2024-12-16T14:33:54.173+0000] {dag.py:2742} INFO - Sync 1 DAGs
[2024-12-16T14:33:54.186+0000] {logging_mixin.py:150} INFO - [2024-12-16T14:33:54.186+0000] {dag.py:3504} INFO - Setting next_dagrun for two_task_dag to None, run_after=None
[2024-12-16T14:33:54.204+0000] {processor.py:179} INFO - Processing /workspaces/hands-on-introduction-data-engineering-4395021/airflow/dags/two_task.py took 0.049 seconds
[2024-12-16T14:34:36.340+0000] {processor.py:157} INFO - Started process (PID=26206) to work on /workspaces/hands-on-introduction-data-engineering-4395021/airflow/dags/two_task.py
[2024-12-16T14:34:36.341+0000] {processor.py:826} INFO - Processing file /workspaces/hands-on-introduction-data-engineering-4395021/airflow/dags/two_task.py for tasks to queue
[2024-12-16T14:34:36.341+0000] {logging_mixin.py:150} INFO - [2024-12-16T14:34:36.341+0000] {dagbag.py:541} INFO - Filling up the DagBag from /workspaces/hands-on-introduction-data-engineering-4395021/airflow/dags/two_task.py
[2024-12-16T14:34:36.346+0000] {processor.py:836} INFO - DAG(s) dict_keys(['two_task_dag']) retrieved from /workspaces/hands-on-introduction-data-engineering-4395021/airflow/dags/two_task.py
[2024-12-16T14:34:36.356+0000] {logging_mixin.py:150} INFO - [2024-12-16T14:34:36.355+0000] {dag.py:2742} INFO - Sync 1 DAGs
[2024-12-16T14:34:36.368+0000] {logging_mixin.py:150} INFO - [2024-12-16T14:34:36.368+0000] {dag.py:3504} INFO - Setting next_dagrun for two_task_dag to None, run_after=None
[2024-12-16T14:34:36.382+0000] {processor.py:179} INFO - Processing /workspaces/hands-on-introduction-data-engineering-4395021/airflow/dags/two_task.py took 0.044 seconds
