[2024-12-12T17:03:43.181+0000] {processor.py:157} INFO - Started process (PID=75081) to work on /workspaces/hands-on-introduction-data-engineering-4395021/airflow/dags/one_task_dag.py
[2024-12-12T17:03:43.181+0000] {processor.py:826} INFO - Processing file /workspaces/hands-on-introduction-data-engineering-4395021/airflow/dags/one_task_dag.py for tasks to queue
[2024-12-12T17:03:43.182+0000] {logging_mixin.py:150} INFO - [2024-12-12T17:03:43.182+0000] {dagbag.py:541} INFO - Filling up the DagBag from /workspaces/hands-on-introduction-data-engineering-4395021/airflow/dags/one_task_dag.py
[2024-12-12T17:03:43.187+0000] {processor.py:836} INFO - DAG(s) dict_keys(['one_task_dag']) retrieved from /workspaces/hands-on-introduction-data-engineering-4395021/airflow/dags/one_task_dag.py
[2024-12-12T17:03:43.254+0000] {logging_mixin.py:150} INFO - [2024-12-12T17:03:43.254+0000] {manager.py:504} INFO - Created Permission View: can delete on DAG:one_task_dag
[2024-12-12T17:03:43.263+0000] {logging_mixin.py:150} INFO - [2024-12-12T17:03:43.262+0000] {manager.py:504} INFO - Created Permission View: can edit on DAG:one_task_dag
[2024-12-12T17:03:43.268+0000] {logging_mixin.py:150} INFO - [2024-12-12T17:03:43.268+0000] {manager.py:504} INFO - Created Permission View: can read on DAG:one_task_dag
[2024-12-12T17:03:43.276+0000] {logging_mixin.py:150} INFO - [2024-12-12T17:03:43.276+0000] {dag.py:2742} INFO - Sync 1 DAGs
[2024-12-12T17:03:43.283+0000] {logging_mixin.py:150} INFO - [2024-12-12T17:03:43.283+0000] {dag.py:2763} INFO - Creating ORM DAG for one_task_dag
[2024-12-12T17:03:43.291+0000] {logging_mixin.py:150} INFO - [2024-12-12T17:03:43.290+0000] {dag.py:3504} INFO - Setting next_dagrun for one_task_dag to None, run_after=None
[2024-12-12T17:03:43.405+0000] {processor.py:179} INFO - Processing /workspaces/hands-on-introduction-data-engineering-4395021/airflow/dags/one_task_dag.py took 0.227 seconds
[2024-12-12T17:04:24.857+0000] {processor.py:157} INFO - Started process (PID=75515) to work on /workspaces/hands-on-introduction-data-engineering-4395021/airflow/dags/one_task_dag.py
[2024-12-12T17:04:24.858+0000] {processor.py:826} INFO - Processing file /workspaces/hands-on-introduction-data-engineering-4395021/airflow/dags/one_task_dag.py for tasks to queue
[2024-12-12T17:04:24.859+0000] {logging_mixin.py:150} INFO - [2024-12-12T17:04:24.859+0000] {dagbag.py:541} INFO - Filling up the DagBag from /workspaces/hands-on-introduction-data-engineering-4395021/airflow/dags/one_task_dag.py
[2024-12-12T17:04:24.865+0000] {processor.py:836} INFO - DAG(s) dict_keys(['one_task_dag']) retrieved from /workspaces/hands-on-introduction-data-engineering-4395021/airflow/dags/one_task_dag.py
[2024-12-12T17:04:24.878+0000] {logging_mixin.py:150} INFO - [2024-12-12T17:04:24.878+0000] {dag.py:2742} INFO - Sync 1 DAGs
[2024-12-12T17:04:24.892+0000] {logging_mixin.py:150} INFO - [2024-12-12T17:04:24.892+0000] {dag.py:3504} INFO - Setting next_dagrun for one_task_dag to None, run_after=None
[2024-12-12T17:04:24.910+0000] {processor.py:179} INFO - Processing /workspaces/hands-on-introduction-data-engineering-4395021/airflow/dags/one_task_dag.py took 0.055 seconds
[2024-12-12T17:04:55.701+0000] {processor.py:157} INFO - Started process (PID=75814) to work on /workspaces/hands-on-introduction-data-engineering-4395021/airflow/dags/one_task_dag.py
[2024-12-12T17:04:55.702+0000] {processor.py:826} INFO - Processing file /workspaces/hands-on-introduction-data-engineering-4395021/airflow/dags/one_task_dag.py for tasks to queue
[2024-12-12T17:04:55.703+0000] {logging_mixin.py:150} INFO - [2024-12-12T17:04:55.702+0000] {dagbag.py:541} INFO - Filling up the DagBag from /workspaces/hands-on-introduction-data-engineering-4395021/airflow/dags/one_task_dag.py
[2024-12-12T17:04:55.707+0000] {processor.py:836} INFO - DAG(s) dict_keys(['one_task_dag']) retrieved from /workspaces/hands-on-introduction-data-engineering-4395021/airflow/dags/one_task_dag.py
[2024-12-12T17:04:55.717+0000] {logging_mixin.py:150} INFO - [2024-12-12T17:04:55.717+0000] {dag.py:2742} INFO - Sync 1 DAGs
[2024-12-12T17:04:55.731+0000] {logging_mixin.py:150} INFO - [2024-12-12T17:04:55.730+0000] {dag.py:3504} INFO - Setting next_dagrun for one_task_dag to None, run_after=None
[2024-12-12T17:04:55.746+0000] {processor.py:179} INFO - Processing /workspaces/hands-on-introduction-data-engineering-4395021/airflow/dags/one_task_dag.py took 0.047 seconds
[2024-12-12T17:05:27.653+0000] {processor.py:157} INFO - Started process (PID=76034) to work on /workspaces/hands-on-introduction-data-engineering-4395021/airflow/dags/one_task_dag.py
[2024-12-12T17:05:27.654+0000] {processor.py:826} INFO - Processing file /workspaces/hands-on-introduction-data-engineering-4395021/airflow/dags/one_task_dag.py for tasks to queue
[2024-12-12T17:05:27.654+0000] {logging_mixin.py:150} INFO - [2024-12-12T17:05:27.654+0000] {dagbag.py:541} INFO - Filling up the DagBag from /workspaces/hands-on-introduction-data-engineering-4395021/airflow/dags/one_task_dag.py
[2024-12-12T17:05:27.659+0000] {processor.py:836} INFO - DAG(s) dict_keys(['one_task_dag']) retrieved from /workspaces/hands-on-introduction-data-engineering-4395021/airflow/dags/one_task_dag.py
[2024-12-12T17:05:27.669+0000] {logging_mixin.py:150} INFO - [2024-12-12T17:05:27.669+0000] {dag.py:2742} INFO - Sync 1 DAGs
[2024-12-12T17:05:27.682+0000] {logging_mixin.py:150} INFO - [2024-12-12T17:05:27.682+0000] {dag.py:3504} INFO - Setting next_dagrun for one_task_dag to None, run_after=None
[2024-12-12T17:05:27.695+0000] {processor.py:179} INFO - Processing /workspaces/hands-on-introduction-data-engineering-4395021/airflow/dags/one_task_dag.py took 0.044 seconds
[2024-12-12T17:06:11.319+0000] {processor.py:157} INFO - Started process (PID=76421) to work on /workspaces/hands-on-introduction-data-engineering-4395021/airflow/dags/one_task_dag.py
[2024-12-12T17:06:11.320+0000] {processor.py:826} INFO - Processing file /workspaces/hands-on-introduction-data-engineering-4395021/airflow/dags/one_task_dag.py for tasks to queue
[2024-12-12T17:06:11.321+0000] {logging_mixin.py:150} INFO - [2024-12-12T17:06:11.321+0000] {dagbag.py:541} INFO - Filling up the DagBag from /workspaces/hands-on-introduction-data-engineering-4395021/airflow/dags/one_task_dag.py
[2024-12-12T17:06:11.325+0000] {processor.py:836} INFO - DAG(s) dict_keys(['one_task_dag']) retrieved from /workspaces/hands-on-introduction-data-engineering-4395021/airflow/dags/one_task_dag.py
[2024-12-12T17:06:11.335+0000] {logging_mixin.py:150} INFO - [2024-12-12T17:06:11.335+0000] {dag.py:2742} INFO - Sync 1 DAGs
[2024-12-12T17:06:11.349+0000] {logging_mixin.py:150} INFO - [2024-12-12T17:06:11.349+0000] {dag.py:3504} INFO - Setting next_dagrun for one_task_dag to None, run_after=None
[2024-12-12T17:06:11.364+0000] {processor.py:179} INFO - Processing /workspaces/hands-on-introduction-data-engineering-4395021/airflow/dags/one_task_dag.py took 0.046 seconds
[2024-12-12T17:06:43.573+0000] {processor.py:157} INFO - Started process (PID=76666) to work on /workspaces/hands-on-introduction-data-engineering-4395021/airflow/dags/one_task_dag.py
[2024-12-12T17:06:43.574+0000] {processor.py:826} INFO - Processing file /workspaces/hands-on-introduction-data-engineering-4395021/airflow/dags/one_task_dag.py for tasks to queue
[2024-12-12T17:06:43.575+0000] {logging_mixin.py:150} INFO - [2024-12-12T17:06:43.575+0000] {dagbag.py:541} INFO - Filling up the DagBag from /workspaces/hands-on-introduction-data-engineering-4395021/airflow/dags/one_task_dag.py
[2024-12-12T17:06:43.579+0000] {processor.py:836} INFO - DAG(s) dict_keys(['one_task_dag']) retrieved from /workspaces/hands-on-introduction-data-engineering-4395021/airflow/dags/one_task_dag.py
[2024-12-12T17:06:43.589+0000] {logging_mixin.py:150} INFO - [2024-12-12T17:06:43.589+0000] {dag.py:2742} INFO - Sync 1 DAGs
[2024-12-12T17:06:43.603+0000] {logging_mixin.py:150} INFO - [2024-12-12T17:06:43.603+0000] {dag.py:3504} INFO - Setting next_dagrun for one_task_dag to None, run_after=None
[2024-12-12T17:06:43.617+0000] {processor.py:179} INFO - Processing /workspaces/hands-on-introduction-data-engineering-4395021/airflow/dags/one_task_dag.py took 0.046 seconds
[2024-12-12T17:07:14.277+0000] {processor.py:157} INFO - Started process (PID=76905) to work on /workspaces/hands-on-introduction-data-engineering-4395021/airflow/dags/one_task_dag.py
[2024-12-12T17:07:14.278+0000] {processor.py:826} INFO - Processing file /workspaces/hands-on-introduction-data-engineering-4395021/airflow/dags/one_task_dag.py for tasks to queue
[2024-12-12T17:07:14.278+0000] {logging_mixin.py:150} INFO - [2024-12-12T17:07:14.278+0000] {dagbag.py:541} INFO - Filling up the DagBag from /workspaces/hands-on-introduction-data-engineering-4395021/airflow/dags/one_task_dag.py
[2024-12-12T17:07:14.283+0000] {processor.py:836} INFO - DAG(s) dict_keys(['one_task_dag']) retrieved from /workspaces/hands-on-introduction-data-engineering-4395021/airflow/dags/one_task_dag.py
[2024-12-12T17:07:14.293+0000] {logging_mixin.py:150} INFO - [2024-12-12T17:07:14.293+0000] {dag.py:2742} INFO - Sync 1 DAGs
[2024-12-12T17:07:14.306+0000] {logging_mixin.py:150} INFO - [2024-12-12T17:07:14.306+0000] {dag.py:3504} INFO - Setting next_dagrun for one_task_dag to None, run_after=None
[2024-12-12T17:07:14.320+0000] {processor.py:179} INFO - Processing /workspaces/hands-on-introduction-data-engineering-4395021/airflow/dags/one_task_dag.py took 0.045 seconds
[2024-12-12T17:07:57.257+0000] {processor.py:157} INFO - Started process (PID=77241) to work on /workspaces/hands-on-introduction-data-engineering-4395021/airflow/dags/one_task_dag.py
[2024-12-12T17:07:57.258+0000] {processor.py:826} INFO - Processing file /workspaces/hands-on-introduction-data-engineering-4395021/airflow/dags/one_task_dag.py for tasks to queue
[2024-12-12T17:07:57.258+0000] {logging_mixin.py:150} INFO - [2024-12-12T17:07:57.258+0000] {dagbag.py:541} INFO - Filling up the DagBag from /workspaces/hands-on-introduction-data-engineering-4395021/airflow/dags/one_task_dag.py
[2024-12-12T17:07:57.263+0000] {processor.py:836} INFO - DAG(s) dict_keys(['one_task_dag']) retrieved from /workspaces/hands-on-introduction-data-engineering-4395021/airflow/dags/one_task_dag.py
[2024-12-12T17:07:57.273+0000] {logging_mixin.py:150} INFO - [2024-12-12T17:07:57.272+0000] {dag.py:2742} INFO - Sync 1 DAGs
[2024-12-12T17:07:57.286+0000] {logging_mixin.py:150} INFO - [2024-12-12T17:07:57.285+0000] {dag.py:3504} INFO - Setting next_dagrun for one_task_dag to None, run_after=None
[2024-12-12T17:07:57.299+0000] {processor.py:179} INFO - Processing /workspaces/hands-on-introduction-data-engineering-4395021/airflow/dags/one_task_dag.py took 0.044 seconds
[2024-12-12T17:08:33.470+0000] {processor.py:157} INFO - Started process (PID=77501) to work on /workspaces/hands-on-introduction-data-engineering-4395021/airflow/dags/one_task_dag.py
[2024-12-12T17:08:33.471+0000] {processor.py:826} INFO - Processing file /workspaces/hands-on-introduction-data-engineering-4395021/airflow/dags/one_task_dag.py for tasks to queue
[2024-12-12T17:08:33.472+0000] {logging_mixin.py:150} INFO - [2024-12-12T17:08:33.472+0000] {dagbag.py:541} INFO - Filling up the DagBag from /workspaces/hands-on-introduction-data-engineering-4395021/airflow/dags/one_task_dag.py
[2024-12-12T17:08:33.477+0000] {processor.py:836} INFO - DAG(s) dict_keys(['one_task_dag']) retrieved from /workspaces/hands-on-introduction-data-engineering-4395021/airflow/dags/one_task_dag.py
[2024-12-12T17:08:33.487+0000] {logging_mixin.py:150} INFO - [2024-12-12T17:08:33.486+0000] {dag.py:2742} INFO - Sync 1 DAGs
[2024-12-12T17:08:33.500+0000] {logging_mixin.py:150} INFO - [2024-12-12T17:08:33.499+0000] {dag.py:3504} INFO - Setting next_dagrun for one_task_dag to None, run_after=None
[2024-12-12T17:08:33.513+0000] {processor.py:179} INFO - Processing /workspaces/hands-on-introduction-data-engineering-4395021/airflow/dags/one_task_dag.py took 0.045 seconds
[2024-12-12T17:09:15.575+0000] {processor.py:157} INFO - Started process (PID=77815) to work on /workspaces/hands-on-introduction-data-engineering-4395021/airflow/dags/one_task_dag.py
[2024-12-12T17:09:15.576+0000] {processor.py:826} INFO - Processing file /workspaces/hands-on-introduction-data-engineering-4395021/airflow/dags/one_task_dag.py for tasks to queue
[2024-12-12T17:09:15.577+0000] {logging_mixin.py:150} INFO - [2024-12-12T17:09:15.577+0000] {dagbag.py:541} INFO - Filling up the DagBag from /workspaces/hands-on-introduction-data-engineering-4395021/airflow/dags/one_task_dag.py
[2024-12-12T17:09:15.581+0000] {processor.py:836} INFO - DAG(s) dict_keys(['one_task_dag']) retrieved from /workspaces/hands-on-introduction-data-engineering-4395021/airflow/dags/one_task_dag.py
[2024-12-12T17:09:15.591+0000] {logging_mixin.py:150} INFO - [2024-12-12T17:09:15.591+0000] {dag.py:2742} INFO - Sync 1 DAGs
[2024-12-12T17:09:15.605+0000] {logging_mixin.py:150} INFO - [2024-12-12T17:09:15.605+0000] {dag.py:3504} INFO - Setting next_dagrun for one_task_dag to None, run_after=None
[2024-12-12T17:09:15.618+0000] {processor.py:179} INFO - Processing /workspaces/hands-on-introduction-data-engineering-4395021/airflow/dags/one_task_dag.py took 0.045 seconds
[2024-12-12T17:09:48.137+0000] {processor.py:157} INFO - Started process (PID=78041) to work on /workspaces/hands-on-introduction-data-engineering-4395021/airflow/dags/one_task_dag.py
[2024-12-12T17:09:48.137+0000] {processor.py:826} INFO - Processing file /workspaces/hands-on-introduction-data-engineering-4395021/airflow/dags/one_task_dag.py for tasks to queue
[2024-12-12T17:09:48.138+0000] {logging_mixin.py:150} INFO - [2024-12-12T17:09:48.138+0000] {dagbag.py:541} INFO - Filling up the DagBag from /workspaces/hands-on-introduction-data-engineering-4395021/airflow/dags/one_task_dag.py
[2024-12-12T17:09:48.142+0000] {processor.py:836} INFO - DAG(s) dict_keys(['one_task_dag']) retrieved from /workspaces/hands-on-introduction-data-engineering-4395021/airflow/dags/one_task_dag.py
[2024-12-12T17:09:48.153+0000] {logging_mixin.py:150} INFO - [2024-12-12T17:09:48.153+0000] {dag.py:2742} INFO - Sync 1 DAGs
[2024-12-12T17:09:48.166+0000] {logging_mixin.py:150} INFO - [2024-12-12T17:09:48.166+0000] {dag.py:3504} INFO - Setting next_dagrun for one_task_dag to None, run_after=None
[2024-12-12T17:09:48.179+0000] {processor.py:179} INFO - Processing /workspaces/hands-on-introduction-data-engineering-4395021/airflow/dags/one_task_dag.py took 0.045 seconds
[2024-12-12T17:10:21.428+0000] {processor.py:157} INFO - Started process (PID=78268) to work on /workspaces/hands-on-introduction-data-engineering-4395021/airflow/dags/one_task_dag.py
[2024-12-12T17:10:21.428+0000] {processor.py:826} INFO - Processing file /workspaces/hands-on-introduction-data-engineering-4395021/airflow/dags/one_task_dag.py for tasks to queue
[2024-12-12T17:10:21.429+0000] {logging_mixin.py:150} INFO - [2024-12-12T17:10:21.429+0000] {dagbag.py:541} INFO - Filling up the DagBag from /workspaces/hands-on-introduction-data-engineering-4395021/airflow/dags/one_task_dag.py
[2024-12-12T17:10:21.434+0000] {processor.py:836} INFO - DAG(s) dict_keys(['one_task_dag']) retrieved from /workspaces/hands-on-introduction-data-engineering-4395021/airflow/dags/one_task_dag.py
[2024-12-12T17:10:21.444+0000] {logging_mixin.py:150} INFO - [2024-12-12T17:10:21.444+0000] {dag.py:2742} INFO - Sync 1 DAGs
[2024-12-12T17:10:21.458+0000] {logging_mixin.py:150} INFO - [2024-12-12T17:10:21.458+0000] {dag.py:3504} INFO - Setting next_dagrun for one_task_dag to None, run_after=None
[2024-12-12T17:10:21.471+0000] {processor.py:179} INFO - Processing /workspaces/hands-on-introduction-data-engineering-4395021/airflow/dags/one_task_dag.py took 0.046 seconds
[2024-12-12T17:10:52.213+0000] {processor.py:157} INFO - Started process (PID=78501) to work on /workspaces/hands-on-introduction-data-engineering-4395021/airflow/dags/one_task_dag.py
[2024-12-12T17:10:52.213+0000] {processor.py:826} INFO - Processing file /workspaces/hands-on-introduction-data-engineering-4395021/airflow/dags/one_task_dag.py for tasks to queue
[2024-12-12T17:10:52.214+0000] {logging_mixin.py:150} INFO - [2024-12-12T17:10:52.214+0000] {dagbag.py:541} INFO - Filling up the DagBag from /workspaces/hands-on-introduction-data-engineering-4395021/airflow/dags/one_task_dag.py
[2024-12-12T17:10:52.219+0000] {processor.py:836} INFO - DAG(s) dict_keys(['one_task_dag']) retrieved from /workspaces/hands-on-introduction-data-engineering-4395021/airflow/dags/one_task_dag.py
[2024-12-12T17:10:52.229+0000] {logging_mixin.py:150} INFO - [2024-12-12T17:10:52.229+0000] {dag.py:2742} INFO - Sync 1 DAGs
[2024-12-12T17:10:52.242+0000] {logging_mixin.py:150} INFO - [2024-12-12T17:10:52.242+0000] {dag.py:3504} INFO - Setting next_dagrun for one_task_dag to None, run_after=None
[2024-12-12T17:10:52.256+0000] {processor.py:179} INFO - Processing /workspaces/hands-on-introduction-data-engineering-4395021/airflow/dags/one_task_dag.py took 0.045 seconds
[2024-12-12T17:11:37.610+0000] {processor.py:157} INFO - Started process (PID=78845) to work on /workspaces/hands-on-introduction-data-engineering-4395021/airflow/dags/one_task_dag.py
[2024-12-12T17:11:37.611+0000] {processor.py:826} INFO - Processing file /workspaces/hands-on-introduction-data-engineering-4395021/airflow/dags/one_task_dag.py for tasks to queue
[2024-12-12T17:11:37.612+0000] {logging_mixin.py:150} INFO - [2024-12-12T17:11:37.612+0000] {dagbag.py:541} INFO - Filling up the DagBag from /workspaces/hands-on-introduction-data-engineering-4395021/airflow/dags/one_task_dag.py
[2024-12-12T17:11:37.616+0000] {processor.py:836} INFO - DAG(s) dict_keys(['one_task_dag']) retrieved from /workspaces/hands-on-introduction-data-engineering-4395021/airflow/dags/one_task_dag.py
[2024-12-12T17:11:37.626+0000] {logging_mixin.py:150} INFO - [2024-12-12T17:11:37.626+0000] {dag.py:2742} INFO - Sync 1 DAGs
[2024-12-12T17:11:37.639+0000] {logging_mixin.py:150} INFO - [2024-12-12T17:11:37.639+0000] {dag.py:3504} INFO - Setting next_dagrun for one_task_dag to None, run_after=None
[2024-12-12T17:11:37.732+0000] {processor.py:179} INFO - Processing /workspaces/hands-on-introduction-data-engineering-4395021/airflow/dags/one_task_dag.py took 0.124 seconds
[2024-12-12T17:12:11.791+0000] {processor.py:157} INFO - Started process (PID=79079) to work on /workspaces/hands-on-introduction-data-engineering-4395021/airflow/dags/one_task_dag.py
[2024-12-12T17:12:11.792+0000] {processor.py:826} INFO - Processing file /workspaces/hands-on-introduction-data-engineering-4395021/airflow/dags/one_task_dag.py for tasks to queue
[2024-12-12T17:12:11.793+0000] {logging_mixin.py:150} INFO - [2024-12-12T17:12:11.792+0000] {dagbag.py:541} INFO - Filling up the DagBag from /workspaces/hands-on-introduction-data-engineering-4395021/airflow/dags/one_task_dag.py
[2024-12-12T17:12:11.797+0000] {processor.py:836} INFO - DAG(s) dict_keys(['one_task_dag']) retrieved from /workspaces/hands-on-introduction-data-engineering-4395021/airflow/dags/one_task_dag.py
[2024-12-12T17:12:11.808+0000] {logging_mixin.py:150} INFO - [2024-12-12T17:12:11.808+0000] {dag.py:2742} INFO - Sync 1 DAGs
[2024-12-12T17:12:11.822+0000] {logging_mixin.py:150} INFO - [2024-12-12T17:12:11.822+0000] {dag.py:3504} INFO - Setting next_dagrun for one_task_dag to None, run_after=None
[2024-12-12T17:12:11.836+0000] {processor.py:179} INFO - Processing /workspaces/hands-on-introduction-data-engineering-4395021/airflow/dags/one_task_dag.py took 0.047 seconds
[2024-12-12T17:12:46.024+0000] {processor.py:157} INFO - Started process (PID=79318) to work on /workspaces/hands-on-introduction-data-engineering-4395021/airflow/dags/one_task_dag.py
[2024-12-12T17:12:46.025+0000] {processor.py:826} INFO - Processing file /workspaces/hands-on-introduction-data-engineering-4395021/airflow/dags/one_task_dag.py for tasks to queue
[2024-12-12T17:12:46.026+0000] {logging_mixin.py:150} INFO - [2024-12-12T17:12:46.026+0000] {dagbag.py:541} INFO - Filling up the DagBag from /workspaces/hands-on-introduction-data-engineering-4395021/airflow/dags/one_task_dag.py
[2024-12-12T17:12:46.031+0000] {processor.py:836} INFO - DAG(s) dict_keys(['one_task_dag']) retrieved from /workspaces/hands-on-introduction-data-engineering-4395021/airflow/dags/one_task_dag.py
[2024-12-12T17:12:46.041+0000] {logging_mixin.py:150} INFO - [2024-12-12T17:12:46.041+0000] {dag.py:2742} INFO - Sync 1 DAGs
[2024-12-12T17:12:46.054+0000] {logging_mixin.py:150} INFO - [2024-12-12T17:12:46.054+0000] {dag.py:3504} INFO - Setting next_dagrun for one_task_dag to None, run_after=None
[2024-12-12T17:12:46.068+0000] {processor.py:179} INFO - Processing /workspaces/hands-on-introduction-data-engineering-4395021/airflow/dags/one_task_dag.py took 0.046 seconds
[2024-12-12T17:13:18.798+0000] {processor.py:157} INFO - Started process (PID=79546) to work on /workspaces/hands-on-introduction-data-engineering-4395021/airflow/dags/one_task_dag.py
[2024-12-12T17:13:18.799+0000] {processor.py:826} INFO - Processing file /workspaces/hands-on-introduction-data-engineering-4395021/airflow/dags/one_task_dag.py for tasks to queue
[2024-12-12T17:13:18.800+0000] {logging_mixin.py:150} INFO - [2024-12-12T17:13:18.800+0000] {dagbag.py:541} INFO - Filling up the DagBag from /workspaces/hands-on-introduction-data-engineering-4395021/airflow/dags/one_task_dag.py
[2024-12-12T17:13:18.805+0000] {processor.py:836} INFO - DAG(s) dict_keys(['one_task_dag']) retrieved from /workspaces/hands-on-introduction-data-engineering-4395021/airflow/dags/one_task_dag.py
[2024-12-12T17:13:18.816+0000] {logging_mixin.py:150} INFO - [2024-12-12T17:13:18.816+0000] {dag.py:2742} INFO - Sync 1 DAGs
[2024-12-12T17:13:18.830+0000] {logging_mixin.py:150} INFO - [2024-12-12T17:13:18.829+0000] {dag.py:3504} INFO - Setting next_dagrun for one_task_dag to None, run_after=None
[2024-12-12T17:13:18.844+0000] {processor.py:179} INFO - Processing /workspaces/hands-on-introduction-data-engineering-4395021/airflow/dags/one_task_dag.py took 0.047 seconds
[2024-12-12T17:13:51.900+0000] {processor.py:157} INFO - Started process (PID=79796) to work on /workspaces/hands-on-introduction-data-engineering-4395021/airflow/dags/one_task_dag.py
[2024-12-12T17:13:51.900+0000] {processor.py:826} INFO - Processing file /workspaces/hands-on-introduction-data-engineering-4395021/airflow/dags/one_task_dag.py for tasks to queue
[2024-12-12T17:13:51.901+0000] {logging_mixin.py:150} INFO - [2024-12-12T17:13:51.901+0000] {dagbag.py:541} INFO - Filling up the DagBag from /workspaces/hands-on-introduction-data-engineering-4395021/airflow/dags/one_task_dag.py
[2024-12-12T17:13:51.905+0000] {processor.py:836} INFO - DAG(s) dict_keys(['one_task_dag']) retrieved from /workspaces/hands-on-introduction-data-engineering-4395021/airflow/dags/one_task_dag.py
[2024-12-12T17:13:51.916+0000] {logging_mixin.py:150} INFO - [2024-12-12T17:13:51.915+0000] {dag.py:2742} INFO - Sync 1 DAGs
[2024-12-12T17:13:51.929+0000] {logging_mixin.py:150} INFO - [2024-12-12T17:13:51.928+0000] {dag.py:3504} INFO - Setting next_dagrun for one_task_dag to None, run_after=None
[2024-12-12T17:13:51.943+0000] {processor.py:179} INFO - Processing /workspaces/hands-on-introduction-data-engineering-4395021/airflow/dags/one_task_dag.py took 0.046 seconds
[2024-12-12T17:14:24.668+0000] {processor.py:157} INFO - Started process (PID=80078) to work on /workspaces/hands-on-introduction-data-engineering-4395021/airflow/dags/one_task_dag.py
[2024-12-12T17:14:24.669+0000] {processor.py:826} INFO - Processing file /workspaces/hands-on-introduction-data-engineering-4395021/airflow/dags/one_task_dag.py for tasks to queue
[2024-12-12T17:14:24.670+0000] {logging_mixin.py:150} INFO - [2024-12-12T17:14:24.670+0000] {dagbag.py:541} INFO - Filling up the DagBag from /workspaces/hands-on-introduction-data-engineering-4395021/airflow/dags/one_task_dag.py
[2024-12-12T17:14:24.674+0000] {processor.py:836} INFO - DAG(s) dict_keys(['one_task_dag']) retrieved from /workspaces/hands-on-introduction-data-engineering-4395021/airflow/dags/one_task_dag.py
[2024-12-12T17:14:24.684+0000] {logging_mixin.py:150} INFO - [2024-12-12T17:14:24.684+0000] {dag.py:2742} INFO - Sync 1 DAGs
[2024-12-12T17:14:24.697+0000] {logging_mixin.py:150} INFO - [2024-12-12T17:14:24.697+0000] {dag.py:3504} INFO - Setting next_dagrun for one_task_dag to None, run_after=None
[2024-12-12T17:14:24.710+0000] {processor.py:179} INFO - Processing /workspaces/hands-on-introduction-data-engineering-4395021/airflow/dags/one_task_dag.py took 0.044 seconds
[2024-12-12T17:14:58.649+0000] {processor.py:157} INFO - Started process (PID=80337) to work on /workspaces/hands-on-introduction-data-engineering-4395021/airflow/dags/one_task_dag.py
[2024-12-12T17:14:58.649+0000] {processor.py:826} INFO - Processing file /workspaces/hands-on-introduction-data-engineering-4395021/airflow/dags/one_task_dag.py for tasks to queue
[2024-12-12T17:14:58.650+0000] {logging_mixin.py:150} INFO - [2024-12-12T17:14:58.650+0000] {dagbag.py:541} INFO - Filling up the DagBag from /workspaces/hands-on-introduction-data-engineering-4395021/airflow/dags/one_task_dag.py
[2024-12-12T17:14:58.655+0000] {processor.py:836} INFO - DAG(s) dict_keys(['one_task_dag']) retrieved from /workspaces/hands-on-introduction-data-engineering-4395021/airflow/dags/one_task_dag.py
[2024-12-12T17:14:58.664+0000] {logging_mixin.py:150} INFO - [2024-12-12T17:14:58.664+0000] {dag.py:2742} INFO - Sync 1 DAGs
[2024-12-12T17:14:58.677+0000] {logging_mixin.py:150} INFO - [2024-12-12T17:14:58.677+0000] {dag.py:3504} INFO - Setting next_dagrun for one_task_dag to None, run_after=None
[2024-12-12T17:14:58.691+0000] {processor.py:179} INFO - Processing /workspaces/hands-on-introduction-data-engineering-4395021/airflow/dags/one_task_dag.py took 0.045 seconds
[2024-12-12T17:15:32.683+0000] {processor.py:157} INFO - Started process (PID=80705) to work on /workspaces/hands-on-introduction-data-engineering-4395021/airflow/dags/one_task_dag.py
[2024-12-12T17:15:32.684+0000] {processor.py:826} INFO - Processing file /workspaces/hands-on-introduction-data-engineering-4395021/airflow/dags/one_task_dag.py for tasks to queue
[2024-12-12T17:15:32.685+0000] {logging_mixin.py:150} INFO - [2024-12-12T17:15:32.685+0000] {dagbag.py:541} INFO - Filling up the DagBag from /workspaces/hands-on-introduction-data-engineering-4395021/airflow/dags/one_task_dag.py
[2024-12-12T17:15:32.689+0000] {processor.py:836} INFO - DAG(s) dict_keys(['one_task_dag']) retrieved from /workspaces/hands-on-introduction-data-engineering-4395021/airflow/dags/one_task_dag.py
[2024-12-12T17:15:32.699+0000] {logging_mixin.py:150} INFO - [2024-12-12T17:15:32.699+0000] {dag.py:2742} INFO - Sync 1 DAGs
[2024-12-12T17:15:32.790+0000] {logging_mixin.py:150} INFO - [2024-12-12T17:15:32.790+0000] {dag.py:3504} INFO - Setting next_dagrun for one_task_dag to None, run_after=None
[2024-12-12T17:15:32.803+0000] {processor.py:179} INFO - Processing /workspaces/hands-on-introduction-data-engineering-4395021/airflow/dags/one_task_dag.py took 0.122 seconds
[2024-12-12T17:16:09.838+0000] {processor.py:157} INFO - Started process (PID=80958) to work on /workspaces/hands-on-introduction-data-engineering-4395021/airflow/dags/one_task_dag.py
[2024-12-12T17:16:09.839+0000] {processor.py:826} INFO - Processing file /workspaces/hands-on-introduction-data-engineering-4395021/airflow/dags/one_task_dag.py for tasks to queue
[2024-12-12T17:16:09.840+0000] {logging_mixin.py:150} INFO - [2024-12-12T17:16:09.839+0000] {dagbag.py:541} INFO - Filling up the DagBag from /workspaces/hands-on-introduction-data-engineering-4395021/airflow/dags/one_task_dag.py
[2024-12-12T17:16:09.844+0000] {processor.py:836} INFO - DAG(s) dict_keys(['one_task_dag']) retrieved from /workspaces/hands-on-introduction-data-engineering-4395021/airflow/dags/one_task_dag.py
[2024-12-12T17:16:09.854+0000] {logging_mixin.py:150} INFO - [2024-12-12T17:16:09.854+0000] {dag.py:2742} INFO - Sync 1 DAGs
[2024-12-12T17:16:09.866+0000] {logging_mixin.py:150} INFO - [2024-12-12T17:16:09.866+0000] {dag.py:3504} INFO - Setting next_dagrun for one_task_dag to None, run_after=None
[2024-12-12T17:16:09.880+0000] {processor.py:179} INFO - Processing /workspaces/hands-on-introduction-data-engineering-4395021/airflow/dags/one_task_dag.py took 0.044 seconds
[2024-12-12T17:16:44.774+0000] {processor.py:157} INFO - Started process (PID=81196) to work on /workspaces/hands-on-introduction-data-engineering-4395021/airflow/dags/one_task_dag.py
[2024-12-12T17:16:44.775+0000] {processor.py:826} INFO - Processing file /workspaces/hands-on-introduction-data-engineering-4395021/airflow/dags/one_task_dag.py for tasks to queue
[2024-12-12T17:16:44.775+0000] {logging_mixin.py:150} INFO - [2024-12-12T17:16:44.775+0000] {dagbag.py:541} INFO - Filling up the DagBag from /workspaces/hands-on-introduction-data-engineering-4395021/airflow/dags/one_task_dag.py
[2024-12-12T17:16:44.780+0000] {processor.py:836} INFO - DAG(s) dict_keys(['one_task_dag']) retrieved from /workspaces/hands-on-introduction-data-engineering-4395021/airflow/dags/one_task_dag.py
[2024-12-12T17:16:44.791+0000] {logging_mixin.py:150} INFO - [2024-12-12T17:16:44.790+0000] {dag.py:2742} INFO - Sync 1 DAGs
[2024-12-12T17:16:44.804+0000] {logging_mixin.py:150} INFO - [2024-12-12T17:16:44.804+0000] {dag.py:3504} INFO - Setting next_dagrun for one_task_dag to None, run_after=None
[2024-12-12T17:16:44.820+0000] {processor.py:179} INFO - Processing /workspaces/hands-on-introduction-data-engineering-4395021/airflow/dags/one_task_dag.py took 0.048 seconds
[2024-12-12T17:17:21.206+0000] {processor.py:157} INFO - Started process (PID=81443) to work on /workspaces/hands-on-introduction-data-engineering-4395021/airflow/dags/one_task_dag.py
[2024-12-12T17:17:21.211+0000] {processor.py:826} INFO - Processing file /workspaces/hands-on-introduction-data-engineering-4395021/airflow/dags/one_task_dag.py for tasks to queue
[2024-12-12T17:17:21.212+0000] {logging_mixin.py:150} INFO - [2024-12-12T17:17:21.212+0000] {dagbag.py:541} INFO - Filling up the DagBag from /workspaces/hands-on-introduction-data-engineering-4395021/airflow/dags/one_task_dag.py
[2024-12-12T17:17:21.223+0000] {processor.py:836} INFO - DAG(s) dict_keys(['one_task_dag']) retrieved from /workspaces/hands-on-introduction-data-engineering-4395021/airflow/dags/one_task_dag.py
[2024-12-12T17:17:21.264+0000] {logging_mixin.py:150} INFO - [2024-12-12T17:17:21.264+0000] {dag.py:2742} INFO - Sync 1 DAGs
[2024-12-12T17:17:21.287+0000] {logging_mixin.py:150} INFO - [2024-12-12T17:17:21.287+0000] {dag.py:3504} INFO - Setting next_dagrun for one_task_dag to None, run_after=None
[2024-12-12T17:17:21.301+0000] {processor.py:179} INFO - Processing /workspaces/hands-on-introduction-data-engineering-4395021/airflow/dags/one_task_dag.py took 0.097 seconds
[2024-12-12T17:17:56.039+0000] {processor.py:157} INFO - Started process (PID=81684) to work on /workspaces/hands-on-introduction-data-engineering-4395021/airflow/dags/one_task_dag.py
[2024-12-12T17:17:56.040+0000] {processor.py:826} INFO - Processing file /workspaces/hands-on-introduction-data-engineering-4395021/airflow/dags/one_task_dag.py for tasks to queue
[2024-12-12T17:17:56.041+0000] {logging_mixin.py:150} INFO - [2024-12-12T17:17:56.041+0000] {dagbag.py:541} INFO - Filling up the DagBag from /workspaces/hands-on-introduction-data-engineering-4395021/airflow/dags/one_task_dag.py
[2024-12-12T17:17:56.045+0000] {processor.py:836} INFO - DAG(s) dict_keys(['one_task_dag']) retrieved from /workspaces/hands-on-introduction-data-engineering-4395021/airflow/dags/one_task_dag.py
[2024-12-12T17:17:56.055+0000] {logging_mixin.py:150} INFO - [2024-12-12T17:17:56.055+0000] {dag.py:2742} INFO - Sync 1 DAGs
[2024-12-12T17:17:56.068+0000] {logging_mixin.py:150} INFO - [2024-12-12T17:17:56.068+0000] {dag.py:3504} INFO - Setting next_dagrun for one_task_dag to None, run_after=None
[2024-12-12T17:17:56.081+0000] {processor.py:179} INFO - Processing /workspaces/hands-on-introduction-data-engineering-4395021/airflow/dags/one_task_dag.py took 0.044 seconds
[2024-12-12T17:18:28.567+0000] {processor.py:157} INFO - Started process (PID=81907) to work on /workspaces/hands-on-introduction-data-engineering-4395021/airflow/dags/one_task_dag.py
[2024-12-12T17:18:28.568+0000] {processor.py:826} INFO - Processing file /workspaces/hands-on-introduction-data-engineering-4395021/airflow/dags/one_task_dag.py for tasks to queue
[2024-12-12T17:18:28.569+0000] {logging_mixin.py:150} INFO - [2024-12-12T17:18:28.568+0000] {dagbag.py:541} INFO - Filling up the DagBag from /workspaces/hands-on-introduction-data-engineering-4395021/airflow/dags/one_task_dag.py
[2024-12-12T17:18:28.573+0000] {processor.py:836} INFO - DAG(s) dict_keys(['one_task_dag']) retrieved from /workspaces/hands-on-introduction-data-engineering-4395021/airflow/dags/one_task_dag.py
[2024-12-12T17:18:28.583+0000] {logging_mixin.py:150} INFO - [2024-12-12T17:18:28.583+0000] {dag.py:2742} INFO - Sync 1 DAGs
[2024-12-12T17:18:28.676+0000] {logging_mixin.py:150} INFO - [2024-12-12T17:18:28.676+0000] {dag.py:3504} INFO - Setting next_dagrun for one_task_dag to None, run_after=None
[2024-12-12T17:18:28.689+0000] {processor.py:179} INFO - Processing /workspaces/hands-on-introduction-data-engineering-4395021/airflow/dags/one_task_dag.py took 0.124 seconds
[2024-12-12T17:19:02.132+0000] {processor.py:157} INFO - Started process (PID=82157) to work on /workspaces/hands-on-introduction-data-engineering-4395021/airflow/dags/one_task_dag.py
[2024-12-12T17:19:02.133+0000] {processor.py:826} INFO - Processing file /workspaces/hands-on-introduction-data-engineering-4395021/airflow/dags/one_task_dag.py for tasks to queue
[2024-12-12T17:19:02.134+0000] {logging_mixin.py:150} INFO - [2024-12-12T17:19:02.133+0000] {dagbag.py:541} INFO - Filling up the DagBag from /workspaces/hands-on-introduction-data-engineering-4395021/airflow/dags/one_task_dag.py
[2024-12-12T17:19:02.138+0000] {processor.py:836} INFO - DAG(s) dict_keys(['one_task_dag']) retrieved from /workspaces/hands-on-introduction-data-engineering-4395021/airflow/dags/one_task_dag.py
[2024-12-12T17:19:02.149+0000] {logging_mixin.py:150} INFO - [2024-12-12T17:19:02.148+0000] {dag.py:2742} INFO - Sync 1 DAGs
[2024-12-12T17:19:02.162+0000] {logging_mixin.py:150} INFO - [2024-12-12T17:19:02.161+0000] {dag.py:3504} INFO - Setting next_dagrun for one_task_dag to None, run_after=None
[2024-12-12T17:19:02.175+0000] {processor.py:179} INFO - Processing /workspaces/hands-on-introduction-data-engineering-4395021/airflow/dags/one_task_dag.py took 0.045 seconds
[2024-12-12T17:19:35.352+0000] {processor.py:157} INFO - Started process (PID=82384) to work on /workspaces/hands-on-introduction-data-engineering-4395021/airflow/dags/one_task_dag.py
[2024-12-12T17:19:35.352+0000] {processor.py:826} INFO - Processing file /workspaces/hands-on-introduction-data-engineering-4395021/airflow/dags/one_task_dag.py for tasks to queue
[2024-12-12T17:19:35.353+0000] {logging_mixin.py:150} INFO - [2024-12-12T17:19:35.353+0000] {dagbag.py:541} INFO - Filling up the DagBag from /workspaces/hands-on-introduction-data-engineering-4395021/airflow/dags/one_task_dag.py
[2024-12-12T17:19:35.357+0000] {processor.py:836} INFO - DAG(s) dict_keys(['one_task_dag']) retrieved from /workspaces/hands-on-introduction-data-engineering-4395021/airflow/dags/one_task_dag.py
[2024-12-12T17:19:35.368+0000] {logging_mixin.py:150} INFO - [2024-12-12T17:19:35.367+0000] {dag.py:2742} INFO - Sync 1 DAGs
[2024-12-12T17:19:35.382+0000] {logging_mixin.py:150} INFO - [2024-12-12T17:19:35.381+0000] {dag.py:3504} INFO - Setting next_dagrun for one_task_dag to None, run_after=None
[2024-12-12T17:19:35.477+0000] {processor.py:179} INFO - Processing /workspaces/hands-on-introduction-data-engineering-4395021/airflow/dags/one_task_dag.py took 0.127 seconds
[2024-12-12T17:20:12.013+0000] {processor.py:157} INFO - Started process (PID=82736) to work on /workspaces/hands-on-introduction-data-engineering-4395021/airflow/dags/one_task_dag.py
[2024-12-12T17:20:12.014+0000] {processor.py:826} INFO - Processing file /workspaces/hands-on-introduction-data-engineering-4395021/airflow/dags/one_task_dag.py for tasks to queue
[2024-12-12T17:20:12.015+0000] {logging_mixin.py:150} INFO - [2024-12-12T17:20:12.015+0000] {dagbag.py:541} INFO - Filling up the DagBag from /workspaces/hands-on-introduction-data-engineering-4395021/airflow/dags/one_task_dag.py
[2024-12-12T17:20:12.020+0000] {processor.py:836} INFO - DAG(s) dict_keys(['one_task_dag']) retrieved from /workspaces/hands-on-introduction-data-engineering-4395021/airflow/dags/one_task_dag.py
[2024-12-12T17:20:12.115+0000] {logging_mixin.py:150} INFO - [2024-12-12T17:20:12.115+0000] {dag.py:2742} INFO - Sync 1 DAGs
[2024-12-12T17:20:12.131+0000] {logging_mixin.py:150} INFO - [2024-12-12T17:20:12.131+0000] {dag.py:3504} INFO - Setting next_dagrun for one_task_dag to None, run_after=None
[2024-12-12T17:20:12.144+0000] {processor.py:179} INFO - Processing /workspaces/hands-on-introduction-data-engineering-4395021/airflow/dags/one_task_dag.py took 0.133 seconds
[2024-12-12T17:20:49.406+0000] {processor.py:157} INFO - Started process (PID=82997) to work on /workspaces/hands-on-introduction-data-engineering-4395021/airflow/dags/one_task_dag.py
[2024-12-12T17:20:49.407+0000] {processor.py:826} INFO - Processing file /workspaces/hands-on-introduction-data-engineering-4395021/airflow/dags/one_task_dag.py for tasks to queue
[2024-12-12T17:20:49.408+0000] {logging_mixin.py:150} INFO - [2024-12-12T17:20:49.408+0000] {dagbag.py:541} INFO - Filling up the DagBag from /workspaces/hands-on-introduction-data-engineering-4395021/airflow/dags/one_task_dag.py
[2024-12-12T17:20:49.412+0000] {processor.py:836} INFO - DAG(s) dict_keys(['one_task_dag']) retrieved from /workspaces/hands-on-introduction-data-engineering-4395021/airflow/dags/one_task_dag.py
[2024-12-12T17:20:49.423+0000] {logging_mixin.py:150} INFO - [2024-12-12T17:20:49.423+0000] {dag.py:2742} INFO - Sync 1 DAGs
[2024-12-12T17:20:49.436+0000] {logging_mixin.py:150} INFO - [2024-12-12T17:20:49.436+0000] {dag.py:3504} INFO - Setting next_dagrun for one_task_dag to None, run_after=None
[2024-12-12T17:20:49.530+0000] {processor.py:179} INFO - Processing /workspaces/hands-on-introduction-data-engineering-4395021/airflow/dags/one_task_dag.py took 0.125 seconds
[2024-12-12T17:21:24.534+0000] {processor.py:157} INFO - Started process (PID=83308) to work on /workspaces/hands-on-introduction-data-engineering-4395021/airflow/dags/one_task_dag.py
[2024-12-12T17:21:24.535+0000] {processor.py:826} INFO - Processing file /workspaces/hands-on-introduction-data-engineering-4395021/airflow/dags/one_task_dag.py for tasks to queue
[2024-12-12T17:21:24.536+0000] {logging_mixin.py:150} INFO - [2024-12-12T17:21:24.535+0000] {dagbag.py:541} INFO - Filling up the DagBag from /workspaces/hands-on-introduction-data-engineering-4395021/airflow/dags/one_task_dag.py
[2024-12-12T17:21:24.540+0000] {processor.py:836} INFO - DAG(s) dict_keys(['one_task_dag']) retrieved from /workspaces/hands-on-introduction-data-engineering-4395021/airflow/dags/one_task_dag.py
[2024-12-12T17:21:24.550+0000] {logging_mixin.py:150} INFO - [2024-12-12T17:21:24.550+0000] {dag.py:2742} INFO - Sync 1 DAGs
[2024-12-12T17:21:24.647+0000] {logging_mixin.py:150} INFO - [2024-12-12T17:21:24.647+0000] {dag.py:3504} INFO - Setting next_dagrun for one_task_dag to None, run_after=None
[2024-12-12T17:21:24.668+0000] {processor.py:179} INFO - Processing /workspaces/hands-on-introduction-data-engineering-4395021/airflow/dags/one_task_dag.py took 0.136 seconds
[2024-12-12T17:21:59.667+0000] {processor.py:157} INFO - Started process (PID=83573) to work on /workspaces/hands-on-introduction-data-engineering-4395021/airflow/dags/one_task_dag.py
[2024-12-12T17:21:59.667+0000] {processor.py:826} INFO - Processing file /workspaces/hands-on-introduction-data-engineering-4395021/airflow/dags/one_task_dag.py for tasks to queue
[2024-12-12T17:21:59.668+0000] {logging_mixin.py:150} INFO - [2024-12-12T17:21:59.668+0000] {dagbag.py:541} INFO - Filling up the DagBag from /workspaces/hands-on-introduction-data-engineering-4395021/airflow/dags/one_task_dag.py
[2024-12-12T17:21:59.673+0000] {processor.py:836} INFO - DAG(s) dict_keys(['one_task_dag']) retrieved from /workspaces/hands-on-introduction-data-engineering-4395021/airflow/dags/one_task_dag.py
[2024-12-12T17:21:59.683+0000] {logging_mixin.py:150} INFO - [2024-12-12T17:21:59.683+0000] {dag.py:2742} INFO - Sync 1 DAGs
[2024-12-12T17:21:59.699+0000] {logging_mixin.py:150} INFO - [2024-12-12T17:21:59.699+0000] {dag.py:3504} INFO - Setting next_dagrun for one_task_dag to None, run_after=None
[2024-12-12T17:21:59.717+0000] {processor.py:179} INFO - Processing /workspaces/hands-on-introduction-data-engineering-4395021/airflow/dags/one_task_dag.py took 0.053 seconds
[2024-12-12T17:22:33.377+0000] {processor.py:157} INFO - Started process (PID=83846) to work on /workspaces/hands-on-introduction-data-engineering-4395021/airflow/dags/one_task_dag.py
[2024-12-12T17:22:33.378+0000] {processor.py:826} INFO - Processing file /workspaces/hands-on-introduction-data-engineering-4395021/airflow/dags/one_task_dag.py for tasks to queue
[2024-12-12T17:22:33.379+0000] {logging_mixin.py:150} INFO - [2024-12-12T17:22:33.378+0000] {dagbag.py:541} INFO - Filling up the DagBag from /workspaces/hands-on-introduction-data-engineering-4395021/airflow/dags/one_task_dag.py
[2024-12-12T17:22:33.383+0000] {processor.py:836} INFO - DAG(s) dict_keys(['one_task_dag']) retrieved from /workspaces/hands-on-introduction-data-engineering-4395021/airflow/dags/one_task_dag.py
[2024-12-12T17:22:33.394+0000] {logging_mixin.py:150} INFO - [2024-12-12T17:22:33.394+0000] {dag.py:2742} INFO - Sync 1 DAGs
[2024-12-12T17:22:33.407+0000] {logging_mixin.py:150} INFO - [2024-12-12T17:22:33.407+0000] {dag.py:3504} INFO - Setting next_dagrun for one_task_dag to None, run_after=None
[2024-12-12T17:22:33.421+0000] {processor.py:179} INFO - Processing /workspaces/hands-on-introduction-data-engineering-4395021/airflow/dags/one_task_dag.py took 0.046 seconds
[2024-12-12T17:23:05.240+0000] {processor.py:157} INFO - Started process (PID=84067) to work on /workspaces/hands-on-introduction-data-engineering-4395021/airflow/dags/one_task_dag.py
[2024-12-12T17:23:05.241+0000] {processor.py:826} INFO - Processing file /workspaces/hands-on-introduction-data-engineering-4395021/airflow/dags/one_task_dag.py for tasks to queue
[2024-12-12T17:23:05.242+0000] {logging_mixin.py:150} INFO - [2024-12-12T17:23:05.241+0000] {dagbag.py:541} INFO - Filling up the DagBag from /workspaces/hands-on-introduction-data-engineering-4395021/airflow/dags/one_task_dag.py
[2024-12-12T17:23:05.246+0000] {processor.py:836} INFO - DAG(s) dict_keys(['one_task_dag']) retrieved from /workspaces/hands-on-introduction-data-engineering-4395021/airflow/dags/one_task_dag.py
[2024-12-12T17:23:05.256+0000] {logging_mixin.py:150} INFO - [2024-12-12T17:23:05.256+0000] {dag.py:2742} INFO - Sync 1 DAGs
[2024-12-12T17:23:05.269+0000] {logging_mixin.py:150} INFO - [2024-12-12T17:23:05.269+0000] {dag.py:3504} INFO - Setting next_dagrun for one_task_dag to None, run_after=None
[2024-12-12T17:23:05.284+0000] {processor.py:179} INFO - Processing /workspaces/hands-on-introduction-data-engineering-4395021/airflow/dags/one_task_dag.py took 0.046 seconds
[2024-12-12T17:23:37.191+0000] {processor.py:157} INFO - Started process (PID=84280) to work on /workspaces/hands-on-introduction-data-engineering-4395021/airflow/dags/one_task_dag.py
[2024-12-12T17:23:37.192+0000] {processor.py:826} INFO - Processing file /workspaces/hands-on-introduction-data-engineering-4395021/airflow/dags/one_task_dag.py for tasks to queue
[2024-12-12T17:23:37.193+0000] {logging_mixin.py:150} INFO - [2024-12-12T17:23:37.193+0000] {dagbag.py:541} INFO - Filling up the DagBag from /workspaces/hands-on-introduction-data-engineering-4395021/airflow/dags/one_task_dag.py
[2024-12-12T17:23:37.198+0000] {processor.py:836} INFO - DAG(s) dict_keys(['one_task_dag']) retrieved from /workspaces/hands-on-introduction-data-engineering-4395021/airflow/dags/one_task_dag.py
[2024-12-12T17:23:37.208+0000] {logging_mixin.py:150} INFO - [2024-12-12T17:23:37.207+0000] {dag.py:2742} INFO - Sync 1 DAGs
[2024-12-12T17:23:37.221+0000] {logging_mixin.py:150} INFO - [2024-12-12T17:23:37.221+0000] {dag.py:3504} INFO - Setting next_dagrun for one_task_dag to None, run_after=None
[2024-12-12T17:23:37.235+0000] {processor.py:179} INFO - Processing /workspaces/hands-on-introduction-data-engineering-4395021/airflow/dags/one_task_dag.py took 0.046 seconds
[2024-12-12T17:24:08.015+0000] {processor.py:157} INFO - Started process (PID=84517) to work on /workspaces/hands-on-introduction-data-engineering-4395021/airflow/dags/one_task_dag.py
[2024-12-12T17:24:08.016+0000] {processor.py:826} INFO - Processing file /workspaces/hands-on-introduction-data-engineering-4395021/airflow/dags/one_task_dag.py for tasks to queue
[2024-12-12T17:24:08.017+0000] {logging_mixin.py:150} INFO - [2024-12-12T17:24:08.017+0000] {dagbag.py:541} INFO - Filling up the DagBag from /workspaces/hands-on-introduction-data-engineering-4395021/airflow/dags/one_task_dag.py
[2024-12-12T17:24:08.021+0000] {processor.py:836} INFO - DAG(s) dict_keys(['one_task_dag']) retrieved from /workspaces/hands-on-introduction-data-engineering-4395021/airflow/dags/one_task_dag.py
[2024-12-12T17:24:08.031+0000] {logging_mixin.py:150} INFO - [2024-12-12T17:24:08.031+0000] {dag.py:2742} INFO - Sync 1 DAGs
[2024-12-12T17:24:08.044+0000] {logging_mixin.py:150} INFO - [2024-12-12T17:24:08.044+0000] {dag.py:3504} INFO - Setting next_dagrun for one_task_dag to None, run_after=None
[2024-12-12T17:24:08.057+0000] {processor.py:179} INFO - Processing /workspaces/hands-on-introduction-data-engineering-4395021/airflow/dags/one_task_dag.py took 0.044 seconds
[2024-12-12T17:24:50.586+0000] {processor.py:157} INFO - Started process (PID=84801) to work on /workspaces/hands-on-introduction-data-engineering-4395021/airflow/dags/one_task_dag.py
[2024-12-12T17:24:50.587+0000] {processor.py:826} INFO - Processing file /workspaces/hands-on-introduction-data-engineering-4395021/airflow/dags/one_task_dag.py for tasks to queue
[2024-12-12T17:24:50.588+0000] {logging_mixin.py:150} INFO - [2024-12-12T17:24:50.587+0000] {dagbag.py:541} INFO - Filling up the DagBag from /workspaces/hands-on-introduction-data-engineering-4395021/airflow/dags/one_task_dag.py
[2024-12-12T17:24:50.592+0000] {processor.py:836} INFO - DAG(s) dict_keys(['one_task_dag']) retrieved from /workspaces/hands-on-introduction-data-engineering-4395021/airflow/dags/one_task_dag.py
[2024-12-12T17:24:50.602+0000] {logging_mixin.py:150} INFO - [2024-12-12T17:24:50.602+0000] {dag.py:2742} INFO - Sync 1 DAGs
[2024-12-12T17:24:50.615+0000] {logging_mixin.py:150} INFO - [2024-12-12T17:24:50.615+0000] {dag.py:3504} INFO - Setting next_dagrun for one_task_dag to None, run_after=None
[2024-12-12T17:24:50.629+0000] {processor.py:179} INFO - Processing /workspaces/hands-on-introduction-data-engineering-4395021/airflow/dags/one_task_dag.py took 0.045 seconds
[2024-12-12T17:25:21.992+0000] {processor.py:157} INFO - Started process (PID=85021) to work on /workspaces/hands-on-introduction-data-engineering-4395021/airflow/dags/one_task_dag.py
[2024-12-12T17:25:21.992+0000] {processor.py:826} INFO - Processing file /workspaces/hands-on-introduction-data-engineering-4395021/airflow/dags/one_task_dag.py for tasks to queue
[2024-12-12T17:25:21.993+0000] {logging_mixin.py:150} INFO - [2024-12-12T17:25:21.993+0000] {dagbag.py:541} INFO - Filling up the DagBag from /workspaces/hands-on-introduction-data-engineering-4395021/airflow/dags/one_task_dag.py
[2024-12-12T17:25:21.997+0000] {processor.py:836} INFO - DAG(s) dict_keys(['one_task_dag']) retrieved from /workspaces/hands-on-introduction-data-engineering-4395021/airflow/dags/one_task_dag.py
[2024-12-12T17:25:22.007+0000] {logging_mixin.py:150} INFO - [2024-12-12T17:25:22.007+0000] {dag.py:2742} INFO - Sync 1 DAGs
[2024-12-12T17:25:22.020+0000] {logging_mixin.py:150} INFO - [2024-12-12T17:25:22.020+0000] {dag.py:3504} INFO - Setting next_dagrun for one_task_dag to None, run_after=None
[2024-12-12T17:25:22.033+0000] {processor.py:179} INFO - Processing /workspaces/hands-on-introduction-data-engineering-4395021/airflow/dags/one_task_dag.py took 0.044 seconds
[2024-12-12T17:25:54.791+0000] {processor.py:157} INFO - Started process (PID=85249) to work on /workspaces/hands-on-introduction-data-engineering-4395021/airflow/dags/one_task_dag.py
[2024-12-12T17:25:54.791+0000] {processor.py:826} INFO - Processing file /workspaces/hands-on-introduction-data-engineering-4395021/airflow/dags/one_task_dag.py for tasks to queue
[2024-12-12T17:25:54.792+0000] {logging_mixin.py:150} INFO - [2024-12-12T17:25:54.792+0000] {dagbag.py:541} INFO - Filling up the DagBag from /workspaces/hands-on-introduction-data-engineering-4395021/airflow/dags/one_task_dag.py
[2024-12-12T17:25:54.797+0000] {processor.py:836} INFO - DAG(s) dict_keys(['one_task_dag']) retrieved from /workspaces/hands-on-introduction-data-engineering-4395021/airflow/dags/one_task_dag.py
[2024-12-12T17:25:54.806+0000] {logging_mixin.py:150} INFO - [2024-12-12T17:25:54.806+0000] {dag.py:2742} INFO - Sync 1 DAGs
[2024-12-12T17:25:54.819+0000] {logging_mixin.py:150} INFO - [2024-12-12T17:25:54.819+0000] {dag.py:3504} INFO - Setting next_dagrun for one_task_dag to None, run_after=None
[2024-12-12T17:25:54.833+0000] {processor.py:179} INFO - Processing /workspaces/hands-on-introduction-data-engineering-4395021/airflow/dags/one_task_dag.py took 0.044 seconds
[2024-12-12T17:26:25.616+0000] {processor.py:157} INFO - Started process (PID=85462) to work on /workspaces/hands-on-introduction-data-engineering-4395021/airflow/dags/one_task_dag.py
[2024-12-12T17:26:25.617+0000] {processor.py:826} INFO - Processing file /workspaces/hands-on-introduction-data-engineering-4395021/airflow/dags/one_task_dag.py for tasks to queue
[2024-12-12T17:26:25.618+0000] {logging_mixin.py:150} INFO - [2024-12-12T17:26:25.617+0000] {dagbag.py:541} INFO - Filling up the DagBag from /workspaces/hands-on-introduction-data-engineering-4395021/airflow/dags/one_task_dag.py
[2024-12-12T17:26:25.622+0000] {processor.py:836} INFO - DAG(s) dict_keys(['one_task_dag']) retrieved from /workspaces/hands-on-introduction-data-engineering-4395021/airflow/dags/one_task_dag.py
[2024-12-12T17:26:25.632+0000] {logging_mixin.py:150} INFO - [2024-12-12T17:26:25.632+0000] {dag.py:2742} INFO - Sync 1 DAGs
[2024-12-12T17:26:25.645+0000] {logging_mixin.py:150} INFO - [2024-12-12T17:26:25.645+0000] {dag.py:3504} INFO - Setting next_dagrun for one_task_dag to None, run_after=None
[2024-12-12T17:26:25.659+0000] {processor.py:179} INFO - Processing /workspaces/hands-on-introduction-data-engineering-4395021/airflow/dags/one_task_dag.py took 0.045 seconds
[2024-12-12T17:27:10.115+0000] {processor.py:157} INFO - Started process (PID=85765) to work on /workspaces/hands-on-introduction-data-engineering-4395021/airflow/dags/one_task_dag.py
[2024-12-12T17:27:10.116+0000] {processor.py:826} INFO - Processing file /workspaces/hands-on-introduction-data-engineering-4395021/airflow/dags/one_task_dag.py for tasks to queue
[2024-12-12T17:27:10.116+0000] {logging_mixin.py:150} INFO - [2024-12-12T17:27:10.116+0000] {dagbag.py:541} INFO - Filling up the DagBag from /workspaces/hands-on-introduction-data-engineering-4395021/airflow/dags/one_task_dag.py
[2024-12-12T17:27:10.121+0000] {processor.py:836} INFO - DAG(s) dict_keys(['one_task_dag']) retrieved from /workspaces/hands-on-introduction-data-engineering-4395021/airflow/dags/one_task_dag.py
[2024-12-12T17:27:10.131+0000] {logging_mixin.py:150} INFO - [2024-12-12T17:27:10.130+0000] {dag.py:2742} INFO - Sync 1 DAGs
[2024-12-12T17:27:10.143+0000] {logging_mixin.py:150} INFO - [2024-12-12T17:27:10.143+0000] {dag.py:3504} INFO - Setting next_dagrun for one_task_dag to None, run_after=None
[2024-12-12T17:27:10.157+0000] {processor.py:179} INFO - Processing /workspaces/hands-on-introduction-data-engineering-4395021/airflow/dags/one_task_dag.py took 0.044 seconds
[2024-12-12T17:27:42.487+0000] {processor.py:157} INFO - Started process (PID=85983) to work on /workspaces/hands-on-introduction-data-engineering-4395021/airflow/dags/one_task_dag.py
[2024-12-12T17:27:42.488+0000] {processor.py:826} INFO - Processing file /workspaces/hands-on-introduction-data-engineering-4395021/airflow/dags/one_task_dag.py for tasks to queue
[2024-12-12T17:27:42.489+0000] {logging_mixin.py:150} INFO - [2024-12-12T17:27:42.489+0000] {dagbag.py:541} INFO - Filling up the DagBag from /workspaces/hands-on-introduction-data-engineering-4395021/airflow/dags/one_task_dag.py
[2024-12-12T17:27:42.494+0000] {processor.py:836} INFO - DAG(s) dict_keys(['one_task_dag']) retrieved from /workspaces/hands-on-introduction-data-engineering-4395021/airflow/dags/one_task_dag.py
[2024-12-12T17:27:42.504+0000] {logging_mixin.py:150} INFO - [2024-12-12T17:27:42.504+0000] {dag.py:2742} INFO - Sync 1 DAGs
[2024-12-12T17:27:42.517+0000] {logging_mixin.py:150} INFO - [2024-12-12T17:27:42.517+0000] {dag.py:3504} INFO - Setting next_dagrun for one_task_dag to None, run_after=None
[2024-12-12T17:27:42.532+0000] {processor.py:179} INFO - Processing /workspaces/hands-on-introduction-data-engineering-4395021/airflow/dags/one_task_dag.py took 0.047 seconds
[2024-12-12T17:28:13.316+0000] {processor.py:157} INFO - Started process (PID=86277) to work on /workspaces/hands-on-introduction-data-engineering-4395021/airflow/dags/one_task_dag.py
[2024-12-12T17:28:13.317+0000] {processor.py:826} INFO - Processing file /workspaces/hands-on-introduction-data-engineering-4395021/airflow/dags/one_task_dag.py for tasks to queue
[2024-12-12T17:28:13.318+0000] {logging_mixin.py:150} INFO - [2024-12-12T17:28:13.318+0000] {dagbag.py:541} INFO - Filling up the DagBag from /workspaces/hands-on-introduction-data-engineering-4395021/airflow/dags/one_task_dag.py
[2024-12-12T17:28:13.324+0000] {processor.py:836} INFO - DAG(s) dict_keys(['one_task_dag']) retrieved from /workspaces/hands-on-introduction-data-engineering-4395021/airflow/dags/one_task_dag.py
[2024-12-12T17:28:13.338+0000] {logging_mixin.py:150} INFO - [2024-12-12T17:28:13.338+0000] {dag.py:2742} INFO - Sync 1 DAGs
[2024-12-12T17:28:13.351+0000] {logging_mixin.py:150} INFO - [2024-12-12T17:28:13.351+0000] {dag.py:3504} INFO - Setting next_dagrun for one_task_dag to None, run_after=None
[2024-12-12T17:28:13.364+0000] {processor.py:179} INFO - Processing /workspaces/hands-on-introduction-data-engineering-4395021/airflow/dags/one_task_dag.py took 0.051 seconds
[2024-12-12T17:28:46.966+0000] {processor.py:157} INFO - Started process (PID=86597) to work on /workspaces/hands-on-introduction-data-engineering-4395021/airflow/dags/one_task_dag.py
[2024-12-12T17:28:46.966+0000] {processor.py:826} INFO - Processing file /workspaces/hands-on-introduction-data-engineering-4395021/airflow/dags/one_task_dag.py for tasks to queue
[2024-12-12T17:28:46.967+0000] {logging_mixin.py:150} INFO - [2024-12-12T17:28:46.967+0000] {dagbag.py:541} INFO - Filling up the DagBag from /workspaces/hands-on-introduction-data-engineering-4395021/airflow/dags/one_task_dag.py
[2024-12-12T17:28:46.972+0000] {processor.py:836} INFO - DAG(s) dict_keys(['one_task_dag']) retrieved from /workspaces/hands-on-introduction-data-engineering-4395021/airflow/dags/one_task_dag.py
[2024-12-12T17:28:46.982+0000] {logging_mixin.py:150} INFO - [2024-12-12T17:28:46.981+0000] {dag.py:2742} INFO - Sync 1 DAGs
[2024-12-12T17:28:46.994+0000] {logging_mixin.py:150} INFO - [2024-12-12T17:28:46.994+0000] {dag.py:3504} INFO - Setting next_dagrun for one_task_dag to None, run_after=None
[2024-12-12T17:28:47.008+0000] {processor.py:179} INFO - Processing /workspaces/hands-on-introduction-data-engineering-4395021/airflow/dags/one_task_dag.py took 0.045 seconds
[2024-12-12T17:29:31.371+0000] {processor.py:157} INFO - Started process (PID=86930) to work on /workspaces/hands-on-introduction-data-engineering-4395021/airflow/dags/one_task_dag.py
[2024-12-12T17:29:31.372+0000] {processor.py:826} INFO - Processing file /workspaces/hands-on-introduction-data-engineering-4395021/airflow/dags/one_task_dag.py for tasks to queue
[2024-12-12T17:29:31.372+0000] {logging_mixin.py:150} INFO - [2024-12-12T17:29:31.372+0000] {dagbag.py:541} INFO - Filling up the DagBag from /workspaces/hands-on-introduction-data-engineering-4395021/airflow/dags/one_task_dag.py
[2024-12-12T17:29:31.377+0000] {processor.py:836} INFO - DAG(s) dict_keys(['one_task_dag']) retrieved from /workspaces/hands-on-introduction-data-engineering-4395021/airflow/dags/one_task_dag.py
[2024-12-12T17:29:31.387+0000] {logging_mixin.py:150} INFO - [2024-12-12T17:29:31.387+0000] {dag.py:2742} INFO - Sync 1 DAGs
[2024-12-12T17:29:31.400+0000] {logging_mixin.py:150} INFO - [2024-12-12T17:29:31.400+0000] {dag.py:3504} INFO - Setting next_dagrun for one_task_dag to None, run_after=None
[2024-12-12T17:29:31.414+0000] {processor.py:179} INFO - Processing /workspaces/hands-on-introduction-data-engineering-4395021/airflow/dags/one_task_dag.py took 0.045 seconds
[2024-12-12T17:30:03.336+0000] {processor.py:157} INFO - Started process (PID=87235) to work on /workspaces/hands-on-introduction-data-engineering-4395021/airflow/dags/one_task_dag.py
[2024-12-12T17:30:03.337+0000] {processor.py:826} INFO - Processing file /workspaces/hands-on-introduction-data-engineering-4395021/airflow/dags/one_task_dag.py for tasks to queue
[2024-12-12T17:30:03.337+0000] {logging_mixin.py:150} INFO - [2024-12-12T17:30:03.337+0000] {dagbag.py:541} INFO - Filling up the DagBag from /workspaces/hands-on-introduction-data-engineering-4395021/airflow/dags/one_task_dag.py
[2024-12-12T17:30:03.342+0000] {processor.py:836} INFO - DAG(s) dict_keys(['one_task_dag']) retrieved from /workspaces/hands-on-introduction-data-engineering-4395021/airflow/dags/one_task_dag.py
[2024-12-12T17:30:03.352+0000] {logging_mixin.py:150} INFO - [2024-12-12T17:30:03.352+0000] {dag.py:2742} INFO - Sync 1 DAGs
[2024-12-12T17:30:03.365+0000] {logging_mixin.py:150} INFO - [2024-12-12T17:30:03.364+0000] {dag.py:3504} INFO - Setting next_dagrun for one_task_dag to None, run_after=None
[2024-12-12T17:30:03.378+0000] {processor.py:179} INFO - Processing /workspaces/hands-on-introduction-data-engineering-4395021/airflow/dags/one_task_dag.py took 0.044 seconds
[2024-12-12T17:30:47.172+0000] {processor.py:157} INFO - Started process (PID=87572) to work on /workspaces/hands-on-introduction-data-engineering-4395021/airflow/dags/one_task_dag.py
[2024-12-12T17:30:47.173+0000] {processor.py:826} INFO - Processing file /workspaces/hands-on-introduction-data-engineering-4395021/airflow/dags/one_task_dag.py for tasks to queue
[2024-12-12T17:30:47.174+0000] {logging_mixin.py:150} INFO - [2024-12-12T17:30:47.174+0000] {dagbag.py:541} INFO - Filling up the DagBag from /workspaces/hands-on-introduction-data-engineering-4395021/airflow/dags/one_task_dag.py
[2024-12-12T17:30:47.178+0000] {processor.py:836} INFO - DAG(s) dict_keys(['one_task_dag']) retrieved from /workspaces/hands-on-introduction-data-engineering-4395021/airflow/dags/one_task_dag.py
[2024-12-12T17:30:47.188+0000] {logging_mixin.py:150} INFO - [2024-12-12T17:30:47.188+0000] {dag.py:2742} INFO - Sync 1 DAGs
[2024-12-12T17:30:47.202+0000] {logging_mixin.py:150} INFO - [2024-12-12T17:30:47.202+0000] {dag.py:3504} INFO - Setting next_dagrun for one_task_dag to None, run_after=None
[2024-12-12T17:30:47.216+0000] {processor.py:179} INFO - Processing /workspaces/hands-on-introduction-data-engineering-4395021/airflow/dags/one_task_dag.py took 0.046 seconds
[2024-12-12T17:31:17.353+0000] {processor.py:157} INFO - Started process (PID=87845) to work on /workspaces/hands-on-introduction-data-engineering-4395021/airflow/dags/one_task_dag.py
[2024-12-12T17:31:17.354+0000] {processor.py:826} INFO - Processing file /workspaces/hands-on-introduction-data-engineering-4395021/airflow/dags/one_task_dag.py for tasks to queue
[2024-12-12T17:31:17.355+0000] {logging_mixin.py:150} INFO - [2024-12-12T17:31:17.355+0000] {dagbag.py:541} INFO - Filling up the DagBag from /workspaces/hands-on-introduction-data-engineering-4395021/airflow/dags/one_task_dag.py
[2024-12-12T17:31:17.359+0000] {processor.py:836} INFO - DAG(s) dict_keys(['one_task_dag']) retrieved from /workspaces/hands-on-introduction-data-engineering-4395021/airflow/dags/one_task_dag.py
[2024-12-12T17:31:17.369+0000] {logging_mixin.py:150} INFO - [2024-12-12T17:31:17.369+0000] {dag.py:2742} INFO - Sync 1 DAGs
[2024-12-12T17:31:17.382+0000] {logging_mixin.py:150} INFO - [2024-12-12T17:31:17.382+0000] {dag.py:3504} INFO - Setting next_dagrun for one_task_dag to None, run_after=None
[2024-12-12T17:31:17.397+0000] {processor.py:179} INFO - Processing /workspaces/hands-on-introduction-data-engineering-4395021/airflow/dags/one_task_dag.py took 0.045 seconds
[2024-12-12T17:32:01.322+0000] {processor.py:157} INFO - Started process (PID=88222) to work on /workspaces/hands-on-introduction-data-engineering-4395021/airflow/dags/one_task_dag.py
[2024-12-12T17:32:01.323+0000] {processor.py:826} INFO - Processing file /workspaces/hands-on-introduction-data-engineering-4395021/airflow/dags/one_task_dag.py for tasks to queue
[2024-12-12T17:32:01.323+0000] {logging_mixin.py:150} INFO - [2024-12-12T17:32:01.323+0000] {dagbag.py:541} INFO - Filling up the DagBag from /workspaces/hands-on-introduction-data-engineering-4395021/airflow/dags/one_task_dag.py
[2024-12-12T17:32:01.328+0000] {processor.py:836} INFO - DAG(s) dict_keys(['one_task_dag']) retrieved from /workspaces/hands-on-introduction-data-engineering-4395021/airflow/dags/one_task_dag.py
[2024-12-12T17:32:01.338+0000] {logging_mixin.py:150} INFO - [2024-12-12T17:32:01.338+0000] {dag.py:2742} INFO - Sync 1 DAGs
[2024-12-12T17:32:01.351+0000] {logging_mixin.py:150} INFO - [2024-12-12T17:32:01.351+0000] {dag.py:3504} INFO - Setting next_dagrun for one_task_dag to None, run_after=None
[2024-12-12T17:32:01.365+0000] {processor.py:179} INFO - Processing /workspaces/hands-on-introduction-data-engineering-4395021/airflow/dags/one_task_dag.py took 0.045 seconds
[2024-12-12T17:32:33.282+0000] {processor.py:157} INFO - Started process (PID=88446) to work on /workspaces/hands-on-introduction-data-engineering-4395021/airflow/dags/one_task_dag.py
[2024-12-12T17:32:33.283+0000] {processor.py:826} INFO - Processing file /workspaces/hands-on-introduction-data-engineering-4395021/airflow/dags/one_task_dag.py for tasks to queue
[2024-12-12T17:32:33.284+0000] {logging_mixin.py:150} INFO - [2024-12-12T17:32:33.283+0000] {dagbag.py:541} INFO - Filling up the DagBag from /workspaces/hands-on-introduction-data-engineering-4395021/airflow/dags/one_task_dag.py
[2024-12-12T17:32:33.289+0000] {processor.py:836} INFO - DAG(s) dict_keys(['one_task_dag']) retrieved from /workspaces/hands-on-introduction-data-engineering-4395021/airflow/dags/one_task_dag.py
[2024-12-12T17:32:33.299+0000] {logging_mixin.py:150} INFO - [2024-12-12T17:32:33.298+0000] {dag.py:2742} INFO - Sync 1 DAGs
[2024-12-12T17:32:33.312+0000] {logging_mixin.py:150} INFO - [2024-12-12T17:32:33.312+0000] {dag.py:3504} INFO - Setting next_dagrun for one_task_dag to None, run_after=None
[2024-12-12T17:32:33.325+0000] {processor.py:179} INFO - Processing /workspaces/hands-on-introduction-data-engineering-4395021/airflow/dags/one_task_dag.py took 0.046 seconds
[2024-12-12T17:33:17.256+0000] {processor.py:157} INFO - Started process (PID=88818) to work on /workspaces/hands-on-introduction-data-engineering-4395021/airflow/dags/one_task_dag.py
[2024-12-12T17:33:17.257+0000] {processor.py:826} INFO - Processing file /workspaces/hands-on-introduction-data-engineering-4395021/airflow/dags/one_task_dag.py for tasks to queue
[2024-12-12T17:33:17.258+0000] {logging_mixin.py:150} INFO - [2024-12-12T17:33:17.257+0000] {dagbag.py:541} INFO - Filling up the DagBag from /workspaces/hands-on-introduction-data-engineering-4395021/airflow/dags/one_task_dag.py
[2024-12-12T17:33:17.264+0000] {processor.py:836} INFO - DAG(s) dict_keys(['one_task_dag']) retrieved from /workspaces/hands-on-introduction-data-engineering-4395021/airflow/dags/one_task_dag.py
[2024-12-12T17:33:17.274+0000] {logging_mixin.py:150} INFO - [2024-12-12T17:33:17.274+0000] {dag.py:2742} INFO - Sync 1 DAGs
[2024-12-12T17:33:17.287+0000] {logging_mixin.py:150} INFO - [2024-12-12T17:33:17.287+0000] {dag.py:3504} INFO - Setting next_dagrun for one_task_dag to None, run_after=None
[2024-12-12T17:33:17.300+0000] {processor.py:179} INFO - Processing /workspaces/hands-on-introduction-data-engineering-4395021/airflow/dags/one_task_dag.py took 0.047 seconds
[2024-12-12T17:33:49.537+0000] {processor.py:157} INFO - Started process (PID=89125) to work on /workspaces/hands-on-introduction-data-engineering-4395021/airflow/dags/one_task_dag.py
[2024-12-12T17:33:49.538+0000] {processor.py:826} INFO - Processing file /workspaces/hands-on-introduction-data-engineering-4395021/airflow/dags/one_task_dag.py for tasks to queue
[2024-12-12T17:33:49.538+0000] {logging_mixin.py:150} INFO - [2024-12-12T17:33:49.538+0000] {dagbag.py:541} INFO - Filling up the DagBag from /workspaces/hands-on-introduction-data-engineering-4395021/airflow/dags/one_task_dag.py
[2024-12-12T17:33:49.543+0000] {processor.py:836} INFO - DAG(s) dict_keys(['one_task_dag']) retrieved from /workspaces/hands-on-introduction-data-engineering-4395021/airflow/dags/one_task_dag.py
[2024-12-12T17:33:49.554+0000] {logging_mixin.py:150} INFO - [2024-12-12T17:33:49.554+0000] {dag.py:2742} INFO - Sync 1 DAGs
[2024-12-12T17:33:49.567+0000] {logging_mixin.py:150} INFO - [2024-12-12T17:33:49.567+0000] {dag.py:3504} INFO - Setting next_dagrun for one_task_dag to None, run_after=None
[2024-12-12T17:33:49.580+0000] {processor.py:179} INFO - Processing /workspaces/hands-on-introduction-data-engineering-4395021/airflow/dags/one_task_dag.py took 0.046 seconds
[2024-12-12T17:34:19.899+0000] {processor.py:157} INFO - Started process (PID=89353) to work on /workspaces/hands-on-introduction-data-engineering-4395021/airflow/dags/one_task_dag.py
[2024-12-12T17:34:19.901+0000] {processor.py:826} INFO - Processing file /workspaces/hands-on-introduction-data-engineering-4395021/airflow/dags/one_task_dag.py for tasks to queue
[2024-12-12T17:34:19.903+0000] {logging_mixin.py:150} INFO - [2024-12-12T17:34:19.902+0000] {dagbag.py:541} INFO - Filling up the DagBag from /workspaces/hands-on-introduction-data-engineering-4395021/airflow/dags/one_task_dag.py
[2024-12-12T17:34:19.909+0000] {processor.py:836} INFO - DAG(s) dict_keys(['one_task_dag']) retrieved from /workspaces/hands-on-introduction-data-engineering-4395021/airflow/dags/one_task_dag.py
[2024-12-12T17:34:19.931+0000] {logging_mixin.py:150} INFO - [2024-12-12T17:34:19.931+0000] {dag.py:2742} INFO - Sync 1 DAGs
[2024-12-12T17:34:19.958+0000] {logging_mixin.py:150} INFO - [2024-12-12T17:34:19.958+0000] {dag.py:3504} INFO - Setting next_dagrun for one_task_dag to None, run_after=None
[2024-12-12T17:34:20.000+0000] {processor.py:179} INFO - Processing /workspaces/hands-on-introduction-data-engineering-4395021/airflow/dags/one_task_dag.py took 0.114 seconds
[2024-12-12T17:34:52.754+0000] {processor.py:157} INFO - Started process (PID=89602) to work on /workspaces/hands-on-introduction-data-engineering-4395021/airflow/dags/one_task_dag.py
[2024-12-12T17:34:52.755+0000] {processor.py:826} INFO - Processing file /workspaces/hands-on-introduction-data-engineering-4395021/airflow/dags/one_task_dag.py for tasks to queue
[2024-12-12T17:34:52.756+0000] {logging_mixin.py:150} INFO - [2024-12-12T17:34:52.756+0000] {dagbag.py:541} INFO - Filling up the DagBag from /workspaces/hands-on-introduction-data-engineering-4395021/airflow/dags/one_task_dag.py
[2024-12-12T17:34:52.763+0000] {processor.py:836} INFO - DAG(s) dict_keys(['one_task_dag']) retrieved from /workspaces/hands-on-introduction-data-engineering-4395021/airflow/dags/one_task_dag.py
[2024-12-12T17:34:52.777+0000] {logging_mixin.py:150} INFO - [2024-12-12T17:34:52.777+0000] {dag.py:2742} INFO - Sync 1 DAGs
[2024-12-12T17:34:52.796+0000] {logging_mixin.py:150} INFO - [2024-12-12T17:34:52.796+0000] {dag.py:3504} INFO - Setting next_dagrun for one_task_dag to None, run_after=None
[2024-12-12T17:34:52.810+0000] {processor.py:179} INFO - Processing /workspaces/hands-on-introduction-data-engineering-4395021/airflow/dags/one_task_dag.py took 0.058 seconds
[2024-12-12T17:35:09.143+0000] {processor.py:157} INFO - Started process (PID=89732) to work on /workspaces/hands-on-introduction-data-engineering-4395021/airflow/dags/one_task_dag.py
[2024-12-12T17:35:09.144+0000] {processor.py:826} INFO - Processing file /workspaces/hands-on-introduction-data-engineering-4395021/airflow/dags/one_task_dag.py for tasks to queue
[2024-12-12T17:35:09.145+0000] {logging_mixin.py:150} INFO - [2024-12-12T17:35:09.145+0000] {dagbag.py:541} INFO - Filling up the DagBag from /workspaces/hands-on-introduction-data-engineering-4395021/airflow/dags/one_task_dag.py
[2024-12-12T17:35:09.154+0000] {processor.py:836} INFO - DAG(s) dict_keys(['one_task_dag']) retrieved from /workspaces/hands-on-introduction-data-engineering-4395021/airflow/dags/one_task_dag.py
[2024-12-12T17:35:09.168+0000] {logging_mixin.py:150} INFO - [2024-12-12T17:35:09.168+0000] {dag.py:2742} INFO - Sync 1 DAGs
[2024-12-12T17:35:09.189+0000] {logging_mixin.py:150} INFO - [2024-12-12T17:35:09.189+0000] {dag.py:3504} INFO - Setting next_dagrun for one_task_dag to None, run_after=None
[2024-12-12T17:35:09.210+0000] {processor.py:179} INFO - Processing /workspaces/hands-on-introduction-data-engineering-4395021/airflow/dags/one_task_dag.py took 0.069 seconds
[2024-12-12T17:35:42.281+0000] {processor.py:157} INFO - Started process (PID=89984) to work on /workspaces/hands-on-introduction-data-engineering-4395021/airflow/dags/one_task_dag.py
[2024-12-12T17:35:42.282+0000] {processor.py:826} INFO - Processing file /workspaces/hands-on-introduction-data-engineering-4395021/airflow/dags/one_task_dag.py for tasks to queue
[2024-12-12T17:35:42.283+0000] {logging_mixin.py:150} INFO - [2024-12-12T17:35:42.283+0000] {dagbag.py:541} INFO - Filling up the DagBag from /workspaces/hands-on-introduction-data-engineering-4395021/airflow/dags/one_task_dag.py
[2024-12-12T17:35:42.289+0000] {processor.py:836} INFO - DAG(s) dict_keys(['one_task_dag']) retrieved from /workspaces/hands-on-introduction-data-engineering-4395021/airflow/dags/one_task_dag.py
[2024-12-12T17:35:42.299+0000] {logging_mixin.py:150} INFO - [2024-12-12T17:35:42.299+0000] {dag.py:2742} INFO - Sync 1 DAGs
[2024-12-12T17:35:42.312+0000] {logging_mixin.py:150} INFO - [2024-12-12T17:35:42.312+0000] {dag.py:3504} INFO - Setting next_dagrun for one_task_dag to None, run_after=None
[2024-12-12T17:35:42.326+0000] {processor.py:179} INFO - Processing /workspaces/hands-on-introduction-data-engineering-4395021/airflow/dags/one_task_dag.py took 0.047 seconds
[2024-12-12T17:36:14.836+0000] {processor.py:157} INFO - Started process (PID=90221) to work on /workspaces/hands-on-introduction-data-engineering-4395021/airflow/dags/one_task_dag.py
[2024-12-12T17:36:14.837+0000] {processor.py:826} INFO - Processing file /workspaces/hands-on-introduction-data-engineering-4395021/airflow/dags/one_task_dag.py for tasks to queue
[2024-12-12T17:36:14.838+0000] {logging_mixin.py:150} INFO - [2024-12-12T17:36:14.837+0000] {dagbag.py:541} INFO - Filling up the DagBag from /workspaces/hands-on-introduction-data-engineering-4395021/airflow/dags/one_task_dag.py
[2024-12-12T17:36:14.842+0000] {processor.py:836} INFO - DAG(s) dict_keys(['one_task_dag']) retrieved from /workspaces/hands-on-introduction-data-engineering-4395021/airflow/dags/one_task_dag.py
[2024-12-12T17:36:14.852+0000] {logging_mixin.py:150} INFO - [2024-12-12T17:36:14.852+0000] {dag.py:2742} INFO - Sync 1 DAGs
[2024-12-12T17:36:14.866+0000] {logging_mixin.py:150} INFO - [2024-12-12T17:36:14.866+0000] {dag.py:3504} INFO - Setting next_dagrun for one_task_dag to None, run_after=None
[2024-12-12T17:36:14.880+0000] {processor.py:179} INFO - Processing /workspaces/hands-on-introduction-data-engineering-4395021/airflow/dags/one_task_dag.py took 0.046 seconds
[2024-12-12T17:36:49.379+0000] {processor.py:157} INFO - Started process (PID=90486) to work on /workspaces/hands-on-introduction-data-engineering-4395021/airflow/dags/one_task_dag.py
[2024-12-12T17:36:49.380+0000] {processor.py:826} INFO - Processing file /workspaces/hands-on-introduction-data-engineering-4395021/airflow/dags/one_task_dag.py for tasks to queue
[2024-12-12T17:36:49.380+0000] {logging_mixin.py:150} INFO - [2024-12-12T17:36:49.380+0000] {dagbag.py:541} INFO - Filling up the DagBag from /workspaces/hands-on-introduction-data-engineering-4395021/airflow/dags/one_task_dag.py
[2024-12-12T17:36:49.385+0000] {processor.py:836} INFO - DAG(s) dict_keys(['one_task_dag']) retrieved from /workspaces/hands-on-introduction-data-engineering-4395021/airflow/dags/one_task_dag.py
[2024-12-12T17:36:49.395+0000] {logging_mixin.py:150} INFO - [2024-12-12T17:36:49.395+0000] {dag.py:2742} INFO - Sync 1 DAGs
[2024-12-12T17:36:49.407+0000] {logging_mixin.py:150} INFO - [2024-12-12T17:36:49.407+0000] {dag.py:3504} INFO - Setting next_dagrun for one_task_dag to None, run_after=None
[2024-12-12T17:36:49.421+0000] {processor.py:179} INFO - Processing /workspaces/hands-on-introduction-data-engineering-4395021/airflow/dags/one_task_dag.py took 0.044 seconds
[2024-12-12T17:37:19.736+0000] {processor.py:157} INFO - Started process (PID=90717) to work on /workspaces/hands-on-introduction-data-engineering-4395021/airflow/dags/one_task_dag.py
[2024-12-12T17:37:19.737+0000] {processor.py:826} INFO - Processing file /workspaces/hands-on-introduction-data-engineering-4395021/airflow/dags/one_task_dag.py for tasks to queue
[2024-12-12T17:37:19.738+0000] {logging_mixin.py:150} INFO - [2024-12-12T17:37:19.737+0000] {dagbag.py:541} INFO - Filling up the DagBag from /workspaces/hands-on-introduction-data-engineering-4395021/airflow/dags/one_task_dag.py
[2024-12-12T17:37:19.742+0000] {processor.py:836} INFO - DAG(s) dict_keys(['one_task_dag']) retrieved from /workspaces/hands-on-introduction-data-engineering-4395021/airflow/dags/one_task_dag.py
[2024-12-12T17:37:19.752+0000] {logging_mixin.py:150} INFO - [2024-12-12T17:37:19.752+0000] {dag.py:2742} INFO - Sync 1 DAGs
[2024-12-12T17:37:19.765+0000] {logging_mixin.py:150} INFO - [2024-12-12T17:37:19.765+0000] {dag.py:3504} INFO - Setting next_dagrun for one_task_dag to None, run_after=None
[2024-12-12T17:37:19.779+0000] {processor.py:179} INFO - Processing /workspaces/hands-on-introduction-data-engineering-4395021/airflow/dags/one_task_dag.py took 0.044 seconds
[2024-12-12T17:38:04.735+0000] {processor.py:157} INFO - Started process (PID=91042) to work on /workspaces/hands-on-introduction-data-engineering-4395021/airflow/dags/one_task_dag.py
[2024-12-12T17:38:04.736+0000] {processor.py:826} INFO - Processing file /workspaces/hands-on-introduction-data-engineering-4395021/airflow/dags/one_task_dag.py for tasks to queue
[2024-12-12T17:38:04.737+0000] {logging_mixin.py:150} INFO - [2024-12-12T17:38:04.736+0000] {dagbag.py:541} INFO - Filling up the DagBag from /workspaces/hands-on-introduction-data-engineering-4395021/airflow/dags/one_task_dag.py
[2024-12-12T17:38:04.741+0000] {processor.py:836} INFO - DAG(s) dict_keys(['one_task_dag']) retrieved from /workspaces/hands-on-introduction-data-engineering-4395021/airflow/dags/one_task_dag.py
[2024-12-12T17:38:04.751+0000] {logging_mixin.py:150} INFO - [2024-12-12T17:38:04.751+0000] {dag.py:2742} INFO - Sync 1 DAGs
[2024-12-12T17:38:04.764+0000] {logging_mixin.py:150} INFO - [2024-12-12T17:38:04.764+0000] {dag.py:3504} INFO - Setting next_dagrun for one_task_dag to None, run_after=None
[2024-12-12T17:38:04.777+0000] {processor.py:179} INFO - Processing /workspaces/hands-on-introduction-data-engineering-4395021/airflow/dags/one_task_dag.py took 0.044 seconds
[2024-12-12T17:38:38.832+0000] {processor.py:157} INFO - Started process (PID=91286) to work on /workspaces/hands-on-introduction-data-engineering-4395021/airflow/dags/one_task_dag.py
[2024-12-12T17:38:38.833+0000] {processor.py:826} INFO - Processing file /workspaces/hands-on-introduction-data-engineering-4395021/airflow/dags/one_task_dag.py for tasks to queue
[2024-12-12T17:38:38.833+0000] {logging_mixin.py:150} INFO - [2024-12-12T17:38:38.833+0000] {dagbag.py:541} INFO - Filling up the DagBag from /workspaces/hands-on-introduction-data-engineering-4395021/airflow/dags/one_task_dag.py
[2024-12-12T17:38:38.838+0000] {processor.py:836} INFO - DAG(s) dict_keys(['one_task_dag']) retrieved from /workspaces/hands-on-introduction-data-engineering-4395021/airflow/dags/one_task_dag.py
[2024-12-12T17:38:38.848+0000] {logging_mixin.py:150} INFO - [2024-12-12T17:38:38.848+0000] {dag.py:2742} INFO - Sync 1 DAGs
[2024-12-12T17:38:38.862+0000] {logging_mixin.py:150} INFO - [2024-12-12T17:38:38.861+0000] {dag.py:3504} INFO - Setting next_dagrun for one_task_dag to None, run_after=None
[2024-12-12T17:38:38.878+0000] {processor.py:179} INFO - Processing /workspaces/hands-on-introduction-data-engineering-4395021/airflow/dags/one_task_dag.py took 0.048 seconds
[2024-12-12T17:39:10.255+0000] {processor.py:157} INFO - Started process (PID=91548) to work on /workspaces/hands-on-introduction-data-engineering-4395021/airflow/dags/one_task_dag.py
[2024-12-12T17:39:10.256+0000] {processor.py:826} INFO - Processing file /workspaces/hands-on-introduction-data-engineering-4395021/airflow/dags/one_task_dag.py for tasks to queue
[2024-12-12T17:39:10.256+0000] {logging_mixin.py:150} INFO - [2024-12-12T17:39:10.256+0000] {dagbag.py:541} INFO - Filling up the DagBag from /workspaces/hands-on-introduction-data-engineering-4395021/airflow/dags/one_task_dag.py
[2024-12-12T17:39:10.261+0000] {processor.py:836} INFO - DAG(s) dict_keys(['one_task_dag']) retrieved from /workspaces/hands-on-introduction-data-engineering-4395021/airflow/dags/one_task_dag.py
[2024-12-12T17:39:10.271+0000] {logging_mixin.py:150} INFO - [2024-12-12T17:39:10.270+0000] {dag.py:2742} INFO - Sync 1 DAGs
[2024-12-12T17:39:10.283+0000] {logging_mixin.py:150} INFO - [2024-12-12T17:39:10.283+0000] {dag.py:3504} INFO - Setting next_dagrun for one_task_dag to None, run_after=None
[2024-12-12T17:39:10.297+0000] {processor.py:179} INFO - Processing /workspaces/hands-on-introduction-data-engineering-4395021/airflow/dags/one_task_dag.py took 0.044 seconds
[2024-12-12T17:39:42.211+0000] {processor.py:157} INFO - Started process (PID=91766) to work on /workspaces/hands-on-introduction-data-engineering-4395021/airflow/dags/one_task_dag.py
[2024-12-12T17:39:42.212+0000] {processor.py:826} INFO - Processing file /workspaces/hands-on-introduction-data-engineering-4395021/airflow/dags/one_task_dag.py for tasks to queue
[2024-12-12T17:39:42.212+0000] {logging_mixin.py:150} INFO - [2024-12-12T17:39:42.212+0000] {dagbag.py:541} INFO - Filling up the DagBag from /workspaces/hands-on-introduction-data-engineering-4395021/airflow/dags/one_task_dag.py
[2024-12-12T17:39:42.217+0000] {processor.py:836} INFO - DAG(s) dict_keys(['one_task_dag']) retrieved from /workspaces/hands-on-introduction-data-engineering-4395021/airflow/dags/one_task_dag.py
[2024-12-12T17:39:42.226+0000] {logging_mixin.py:150} INFO - [2024-12-12T17:39:42.226+0000] {dag.py:2742} INFO - Sync 1 DAGs
[2024-12-12T17:39:42.245+0000] {logging_mixin.py:150} INFO - [2024-12-12T17:39:42.245+0000] {dag.py:3504} INFO - Setting next_dagrun for one_task_dag to None, run_after=None
[2024-12-12T17:39:42.265+0000] {processor.py:179} INFO - Processing /workspaces/hands-on-introduction-data-engineering-4395021/airflow/dags/one_task_dag.py took 0.056 seconds
[2024-12-12T17:40:18.028+0000] {processor.py:157} INFO - Started process (PID=91997) to work on /workspaces/hands-on-introduction-data-engineering-4395021/airflow/dags/one_task_dag.py
[2024-12-12T17:40:18.029+0000] {processor.py:826} INFO - Processing file /workspaces/hands-on-introduction-data-engineering-4395021/airflow/dags/one_task_dag.py for tasks to queue
[2024-12-12T17:40:18.030+0000] {logging_mixin.py:150} INFO - [2024-12-12T17:40:18.029+0000] {dagbag.py:541} INFO - Filling up the DagBag from /workspaces/hands-on-introduction-data-engineering-4395021/airflow/dags/one_task_dag.py
[2024-12-12T17:40:18.034+0000] {processor.py:836} INFO - DAG(s) dict_keys(['one_task_dag']) retrieved from /workspaces/hands-on-introduction-data-engineering-4395021/airflow/dags/one_task_dag.py
[2024-12-12T17:40:18.045+0000] {logging_mixin.py:150} INFO - [2024-12-12T17:40:18.045+0000] {dag.py:2742} INFO - Sync 1 DAGs
[2024-12-12T17:40:18.058+0000] {logging_mixin.py:150} INFO - [2024-12-12T17:40:18.058+0000] {dag.py:3504} INFO - Setting next_dagrun for one_task_dag to None, run_after=None
[2024-12-12T17:40:18.072+0000] {processor.py:179} INFO - Processing /workspaces/hands-on-introduction-data-engineering-4395021/airflow/dags/one_task_dag.py took 0.047 seconds
[2024-12-12T17:40:49.642+0000] {processor.py:157} INFO - Started process (PID=92225) to work on /workspaces/hands-on-introduction-data-engineering-4395021/airflow/dags/one_task_dag.py
[2024-12-12T17:40:49.643+0000] {processor.py:826} INFO - Processing file /workspaces/hands-on-introduction-data-engineering-4395021/airflow/dags/one_task_dag.py for tasks to queue
[2024-12-12T17:40:49.643+0000] {logging_mixin.py:150} INFO - [2024-12-12T17:40:49.643+0000] {dagbag.py:541} INFO - Filling up the DagBag from /workspaces/hands-on-introduction-data-engineering-4395021/airflow/dags/one_task_dag.py
[2024-12-12T17:40:49.648+0000] {processor.py:836} INFO - DAG(s) dict_keys(['one_task_dag']) retrieved from /workspaces/hands-on-introduction-data-engineering-4395021/airflow/dags/one_task_dag.py
[2024-12-12T17:40:49.658+0000] {logging_mixin.py:150} INFO - [2024-12-12T17:40:49.658+0000] {dag.py:2742} INFO - Sync 1 DAGs
[2024-12-12T17:40:49.671+0000] {logging_mixin.py:150} INFO - [2024-12-12T17:40:49.671+0000] {dag.py:3504} INFO - Setting next_dagrun for one_task_dag to None, run_after=None
[2024-12-12T17:40:49.685+0000] {processor.py:179} INFO - Processing /workspaces/hands-on-introduction-data-engineering-4395021/airflow/dags/one_task_dag.py took 0.046 seconds
[2024-12-12T17:41:21.916+0000] {processor.py:157} INFO - Started process (PID=92562) to work on /workspaces/hands-on-introduction-data-engineering-4395021/airflow/dags/one_task_dag.py
[2024-12-12T17:41:21.917+0000] {processor.py:826} INFO - Processing file /workspaces/hands-on-introduction-data-engineering-4395021/airflow/dags/one_task_dag.py for tasks to queue
[2024-12-12T17:41:21.917+0000] {logging_mixin.py:150} INFO - [2024-12-12T17:41:21.917+0000] {dagbag.py:541} INFO - Filling up the DagBag from /workspaces/hands-on-introduction-data-engineering-4395021/airflow/dags/one_task_dag.py
[2024-12-12T17:41:21.922+0000] {processor.py:836} INFO - DAG(s) dict_keys(['one_task_dag']) retrieved from /workspaces/hands-on-introduction-data-engineering-4395021/airflow/dags/one_task_dag.py
[2024-12-12T17:41:21.932+0000] {logging_mixin.py:150} INFO - [2024-12-12T17:41:21.932+0000] {dag.py:2742} INFO - Sync 1 DAGs
[2024-12-12T17:41:21.945+0000] {logging_mixin.py:150} INFO - [2024-12-12T17:41:21.944+0000] {dag.py:3504} INFO - Setting next_dagrun for one_task_dag to None, run_after=None
[2024-12-12T17:41:21.958+0000] {processor.py:179} INFO - Processing /workspaces/hands-on-introduction-data-engineering-4395021/airflow/dags/one_task_dag.py took 0.044 seconds
[2024-12-12T17:41:53.915+0000] {processor.py:157} INFO - Started process (PID=92809) to work on /workspaces/hands-on-introduction-data-engineering-4395021/airflow/dags/one_task_dag.py
[2024-12-12T17:41:53.916+0000] {processor.py:826} INFO - Processing file /workspaces/hands-on-introduction-data-engineering-4395021/airflow/dags/one_task_dag.py for tasks to queue
[2024-12-12T17:41:53.916+0000] {logging_mixin.py:150} INFO - [2024-12-12T17:41:53.916+0000] {dagbag.py:541} INFO - Filling up the DagBag from /workspaces/hands-on-introduction-data-engineering-4395021/airflow/dags/one_task_dag.py
[2024-12-12T17:41:53.921+0000] {processor.py:836} INFO - DAG(s) dict_keys(['one_task_dag']) retrieved from /workspaces/hands-on-introduction-data-engineering-4395021/airflow/dags/one_task_dag.py
[2024-12-12T17:41:53.931+0000] {logging_mixin.py:150} INFO - [2024-12-12T17:41:53.931+0000] {dag.py:2742} INFO - Sync 1 DAGs
[2024-12-12T17:41:53.944+0000] {logging_mixin.py:150} INFO - [2024-12-12T17:41:53.944+0000] {dag.py:3504} INFO - Setting next_dagrun for one_task_dag to None, run_after=None
[2024-12-12T17:41:53.958+0000] {processor.py:179} INFO - Processing /workspaces/hands-on-introduction-data-engineering-4395021/airflow/dags/one_task_dag.py took 0.045 seconds
[2024-12-12T17:42:40.848+0000] {processor.py:157} INFO - Started process (PID=93141) to work on /workspaces/hands-on-introduction-data-engineering-4395021/airflow/dags/one_task_dag.py
[2024-12-12T17:42:40.849+0000] {processor.py:826} INFO - Processing file /workspaces/hands-on-introduction-data-engineering-4395021/airflow/dags/one_task_dag.py for tasks to queue
[2024-12-12T17:42:40.850+0000] {logging_mixin.py:150} INFO - [2024-12-12T17:42:40.850+0000] {dagbag.py:541} INFO - Filling up the DagBag from /workspaces/hands-on-introduction-data-engineering-4395021/airflow/dags/one_task_dag.py
[2024-12-12T17:42:40.854+0000] {processor.py:836} INFO - DAG(s) dict_keys(['one_task_dag']) retrieved from /workspaces/hands-on-introduction-data-engineering-4395021/airflow/dags/one_task_dag.py
[2024-12-12T17:42:40.865+0000] {logging_mixin.py:150} INFO - [2024-12-12T17:42:40.864+0000] {dag.py:2742} INFO - Sync 1 DAGs
[2024-12-12T17:42:40.877+0000] {logging_mixin.py:150} INFO - [2024-12-12T17:42:40.877+0000] {dag.py:3504} INFO - Setting next_dagrun for one_task_dag to None, run_after=None
[2024-12-12T17:42:40.891+0000] {processor.py:179} INFO - Processing /workspaces/hands-on-introduction-data-engineering-4395021/airflow/dags/one_task_dag.py took 0.045 seconds
[2024-12-12T17:42:59.136+0000] {processor.py:157} INFO - Started process (PID=93274) to work on /workspaces/hands-on-introduction-data-engineering-4395021/airflow/dags/one_task_dag.py
[2024-12-12T17:42:59.137+0000] {processor.py:826} INFO - Processing file /workspaces/hands-on-introduction-data-engineering-4395021/airflow/dags/one_task_dag.py for tasks to queue
[2024-12-12T17:42:59.138+0000] {logging_mixin.py:150} INFO - [2024-12-12T17:42:59.137+0000] {dagbag.py:541} INFO - Filling up the DagBag from /workspaces/hands-on-introduction-data-engineering-4395021/airflow/dags/one_task_dag.py
[2024-12-12T17:42:59.143+0000] {processor.py:836} INFO - DAG(s) dict_keys(['one_task_dag']) retrieved from /workspaces/hands-on-introduction-data-engineering-4395021/airflow/dags/one_task_dag.py
[2024-12-12T17:42:59.153+0000] {logging_mixin.py:150} INFO - [2024-12-12T17:42:59.153+0000] {dag.py:2742} INFO - Sync 1 DAGs
[2024-12-12T17:42:59.166+0000] {logging_mixin.py:150} INFO - [2024-12-12T17:42:59.166+0000] {dag.py:3504} INFO - Setting next_dagrun for one_task_dag to None, run_after=None
[2024-12-12T17:42:59.181+0000] {processor.py:179} INFO - Processing /workspaces/hands-on-introduction-data-engineering-4395021/airflow/dags/one_task_dag.py took 0.047 seconds
[2024-12-12T17:43:33.257+0000] {processor.py:157} INFO - Started process (PID=93710) to work on /workspaces/hands-on-introduction-data-engineering-4395021/airflow/dags/one_task_dag.py
[2024-12-12T17:43:33.258+0000] {processor.py:826} INFO - Processing file /workspaces/hands-on-introduction-data-engineering-4395021/airflow/dags/one_task_dag.py for tasks to queue
[2024-12-12T17:43:33.259+0000] {logging_mixin.py:150} INFO - [2024-12-12T17:43:33.259+0000] {dagbag.py:541} INFO - Filling up the DagBag from /workspaces/hands-on-introduction-data-engineering-4395021/airflow/dags/one_task_dag.py
[2024-12-12T17:43:33.263+0000] {processor.py:836} INFO - DAG(s) dict_keys(['one_task_dag']) retrieved from /workspaces/hands-on-introduction-data-engineering-4395021/airflow/dags/one_task_dag.py
[2024-12-12T17:43:33.274+0000] {logging_mixin.py:150} INFO - [2024-12-12T17:43:33.273+0000] {dag.py:2742} INFO - Sync 1 DAGs
[2024-12-12T17:43:33.288+0000] {logging_mixin.py:150} INFO - [2024-12-12T17:43:33.288+0000] {dag.py:3504} INFO - Setting next_dagrun for one_task_dag to None, run_after=None
[2024-12-12T17:43:33.304+0000] {processor.py:179} INFO - Processing /workspaces/hands-on-introduction-data-engineering-4395021/airflow/dags/one_task_dag.py took 0.048 seconds
[2024-12-12T17:44:04.076+0000] {processor.py:157} INFO - Started process (PID=94026) to work on /workspaces/hands-on-introduction-data-engineering-4395021/airflow/dags/one_task_dag.py
[2024-12-12T17:44:04.077+0000] {processor.py:826} INFO - Processing file /workspaces/hands-on-introduction-data-engineering-4395021/airflow/dags/one_task_dag.py for tasks to queue
[2024-12-12T17:44:04.078+0000] {logging_mixin.py:150} INFO - [2024-12-12T17:44:04.078+0000] {dagbag.py:541} INFO - Filling up the DagBag from /workspaces/hands-on-introduction-data-engineering-4395021/airflow/dags/one_task_dag.py
[2024-12-12T17:44:04.084+0000] {processor.py:836} INFO - DAG(s) dict_keys(['one_task_dag']) retrieved from /workspaces/hands-on-introduction-data-engineering-4395021/airflow/dags/one_task_dag.py
[2024-12-12T17:44:04.096+0000] {logging_mixin.py:150} INFO - [2024-12-12T17:44:04.096+0000] {dag.py:2742} INFO - Sync 1 DAGs
[2024-12-12T17:44:04.111+0000] {logging_mixin.py:150} INFO - [2024-12-12T17:44:04.110+0000] {dag.py:3504} INFO - Setting next_dagrun for one_task_dag to None, run_after=None
[2024-12-12T17:44:04.124+0000] {processor.py:179} INFO - Processing /workspaces/hands-on-introduction-data-engineering-4395021/airflow/dags/one_task_dag.py took 0.050 seconds
[2024-12-12T17:44:37.152+0000] {processor.py:157} INFO - Started process (PID=94338) to work on /workspaces/hands-on-introduction-data-engineering-4395021/airflow/dags/one_task_dag.py
[2024-12-12T17:44:37.153+0000] {processor.py:826} INFO - Processing file /workspaces/hands-on-introduction-data-engineering-4395021/airflow/dags/one_task_dag.py for tasks to queue
[2024-12-12T17:44:37.153+0000] {logging_mixin.py:150} INFO - [2024-12-12T17:44:37.153+0000] {dagbag.py:541} INFO - Filling up the DagBag from /workspaces/hands-on-introduction-data-engineering-4395021/airflow/dags/one_task_dag.py
[2024-12-12T17:44:37.158+0000] {processor.py:836} INFO - DAG(s) dict_keys(['one_task_dag']) retrieved from /workspaces/hands-on-introduction-data-engineering-4395021/airflow/dags/one_task_dag.py
[2024-12-12T17:44:37.168+0000] {logging_mixin.py:150} INFO - [2024-12-12T17:44:37.168+0000] {dag.py:2742} INFO - Sync 1 DAGs
[2024-12-12T17:44:37.181+0000] {logging_mixin.py:150} INFO - [2024-12-12T17:44:37.181+0000] {dag.py:3504} INFO - Setting next_dagrun for one_task_dag to None, run_after=None
[2024-12-12T17:44:37.195+0000] {processor.py:179} INFO - Processing /workspaces/hands-on-introduction-data-engineering-4395021/airflow/dags/one_task_dag.py took 0.045 seconds
[2024-12-12T17:45:19.882+0000] {processor.py:157} INFO - Started process (PID=94856) to work on /workspaces/hands-on-introduction-data-engineering-4395021/airflow/dags/one_task_dag.py
[2024-12-12T17:45:19.883+0000] {processor.py:826} INFO - Processing file /workspaces/hands-on-introduction-data-engineering-4395021/airflow/dags/one_task_dag.py for tasks to queue
[2024-12-12T17:45:19.884+0000] {logging_mixin.py:150} INFO - [2024-12-12T17:45:19.884+0000] {dagbag.py:541} INFO - Filling up the DagBag from /workspaces/hands-on-introduction-data-engineering-4395021/airflow/dags/one_task_dag.py
[2024-12-12T17:45:19.890+0000] {processor.py:836} INFO - DAG(s) dict_keys(['one_task_dag']) retrieved from /workspaces/hands-on-introduction-data-engineering-4395021/airflow/dags/one_task_dag.py
[2024-12-12T17:45:19.902+0000] {logging_mixin.py:150} INFO - [2024-12-12T17:45:19.901+0000] {dag.py:2742} INFO - Sync 1 DAGs
[2024-12-12T17:45:19.915+0000] {logging_mixin.py:150} INFO - [2024-12-12T17:45:19.915+0000] {dag.py:3504} INFO - Setting next_dagrun for one_task_dag to None, run_after=None
[2024-12-12T17:45:19.928+0000] {processor.py:179} INFO - Processing /workspaces/hands-on-introduction-data-engineering-4395021/airflow/dags/one_task_dag.py took 0.049 seconds
[2024-12-12T17:45:51.033+0000] {processor.py:157} INFO - Started process (PID=95224) to work on /workspaces/hands-on-introduction-data-engineering-4395021/airflow/dags/one_task_dag.py
[2024-12-12T17:45:51.034+0000] {processor.py:826} INFO - Processing file /workspaces/hands-on-introduction-data-engineering-4395021/airflow/dags/one_task_dag.py for tasks to queue
[2024-12-12T17:45:51.035+0000] {logging_mixin.py:150} INFO - [2024-12-12T17:45:51.034+0000] {dagbag.py:541} INFO - Filling up the DagBag from /workspaces/hands-on-introduction-data-engineering-4395021/airflow/dags/one_task_dag.py
[2024-12-12T17:45:51.039+0000] {processor.py:836} INFO - DAG(s) dict_keys(['one_task_dag']) retrieved from /workspaces/hands-on-introduction-data-engineering-4395021/airflow/dags/one_task_dag.py
[2024-12-12T17:45:51.049+0000] {logging_mixin.py:150} INFO - [2024-12-12T17:45:51.048+0000] {dag.py:2742} INFO - Sync 1 DAGs
[2024-12-12T17:45:51.061+0000] {logging_mixin.py:150} INFO - [2024-12-12T17:45:51.061+0000] {dag.py:3504} INFO - Setting next_dagrun for one_task_dag to None, run_after=None
[2024-12-12T17:45:51.075+0000] {processor.py:179} INFO - Processing /workspaces/hands-on-introduction-data-engineering-4395021/airflow/dags/one_task_dag.py took 0.043 seconds
[2024-12-12T17:46:32.841+0000] {processor.py:157} INFO - Started process (PID=95533) to work on /workspaces/hands-on-introduction-data-engineering-4395021/airflow/dags/one_task_dag.py
[2024-12-12T17:46:32.842+0000] {processor.py:826} INFO - Processing file /workspaces/hands-on-introduction-data-engineering-4395021/airflow/dags/one_task_dag.py for tasks to queue
[2024-12-12T17:46:32.843+0000] {logging_mixin.py:150} INFO - [2024-12-12T17:46:32.842+0000] {dagbag.py:541} INFO - Filling up the DagBag from /workspaces/hands-on-introduction-data-engineering-4395021/airflow/dags/one_task_dag.py
[2024-12-12T17:46:32.847+0000] {processor.py:836} INFO - DAG(s) dict_keys(['one_task_dag']) retrieved from /workspaces/hands-on-introduction-data-engineering-4395021/airflow/dags/one_task_dag.py
[2024-12-12T17:46:32.857+0000] {logging_mixin.py:150} INFO - [2024-12-12T17:46:32.857+0000] {dag.py:2742} INFO - Sync 1 DAGs
[2024-12-12T17:46:32.870+0000] {logging_mixin.py:150} INFO - [2024-12-12T17:46:32.870+0000] {dag.py:3504} INFO - Setting next_dagrun for one_task_dag to None, run_after=None
[2024-12-12T17:46:32.888+0000] {processor.py:179} INFO - Processing /workspaces/hands-on-introduction-data-engineering-4395021/airflow/dags/one_task_dag.py took 0.049 seconds
[2024-12-12T17:47:05.683+0000] {processor.py:157} INFO - Started process (PID=95784) to work on /workspaces/hands-on-introduction-data-engineering-4395021/airflow/dags/one_task_dag.py
[2024-12-12T17:47:05.684+0000] {processor.py:826} INFO - Processing file /workspaces/hands-on-introduction-data-engineering-4395021/airflow/dags/one_task_dag.py for tasks to queue
[2024-12-12T17:47:05.685+0000] {logging_mixin.py:150} INFO - [2024-12-12T17:47:05.684+0000] {dagbag.py:541} INFO - Filling up the DagBag from /workspaces/hands-on-introduction-data-engineering-4395021/airflow/dags/one_task_dag.py
[2024-12-12T17:47:05.689+0000] {processor.py:836} INFO - DAG(s) dict_keys(['one_task_dag']) retrieved from /workspaces/hands-on-introduction-data-engineering-4395021/airflow/dags/one_task_dag.py
[2024-12-12T17:47:05.699+0000] {logging_mixin.py:150} INFO - [2024-12-12T17:47:05.699+0000] {dag.py:2742} INFO - Sync 1 DAGs
[2024-12-12T17:47:05.713+0000] {logging_mixin.py:150} INFO - [2024-12-12T17:47:05.713+0000] {dag.py:3504} INFO - Setting next_dagrun for one_task_dag to None, run_after=None
[2024-12-12T17:47:05.727+0000] {processor.py:179} INFO - Processing /workspaces/hands-on-introduction-data-engineering-4395021/airflow/dags/one_task_dag.py took 0.046 seconds
