[2024-12-16T14:27:08.784+0000] {processor.py:157} INFO - Started process (PID=21962) to work on /home/vscode/.local/lib/python3.10/site-packages/airflow/example_dags/example_dynamic_task_mapping_with_no_taskflow_operators.py
[2024-12-16T14:27:08.785+0000] {processor.py:826} INFO - Processing file /home/vscode/.local/lib/python3.10/site-packages/airflow/example_dags/example_dynamic_task_mapping_with_no_taskflow_operators.py for tasks to queue
[2024-12-16T14:27:08.786+0000] {logging_mixin.py:150} INFO - [2024-12-16T14:27:08.785+0000] {dagbag.py:541} INFO - Filling up the DagBag from /home/vscode/.local/lib/python3.10/site-packages/airflow/example_dags/example_dynamic_task_mapping_with_no_taskflow_operators.py
[2024-12-16T14:27:08.866+0000] {processor.py:836} INFO - DAG(s) dict_keys(['example_dynamic_task_mapping_with_no_taskflow_operators']) retrieved from /home/vscode/.local/lib/python3.10/site-packages/airflow/example_dags/example_dynamic_task_mapping_with_no_taskflow_operators.py
[2024-12-16T14:27:08.874+0000] {logging_mixin.py:150} INFO - [2024-12-16T14:27:08.874+0000] {dag.py:2742} INFO - Sync 1 DAGs
[2024-12-16T14:27:08.886+0000] {logging_mixin.py:150} INFO - [2024-12-16T14:27:08.886+0000] {dag.py:3504} INFO - Setting next_dagrun for example_dynamic_task_mapping_with_no_taskflow_operators to 2024-12-15T14:27:08.886212+00:00, run_after=2024-12-16T14:27:08.886212+00:00
[2024-12-16T14:27:08.900+0000] {processor.py:179} INFO - Processing /home/vscode/.local/lib/python3.10/site-packages/airflow/example_dags/example_dynamic_task_mapping_with_no_taskflow_operators.py took 0.117 seconds
[2024-12-16T14:28:08.138+0000] {processor.py:157} INFO - Started process (PID=22745) to work on /home/vscode/.local/lib/python3.10/site-packages/airflow/example_dags/example_dynamic_task_mapping_with_no_taskflow_operators.py
[2024-12-16T14:28:08.138+0000] {processor.py:826} INFO - Processing file /home/vscode/.local/lib/python3.10/site-packages/airflow/example_dags/example_dynamic_task_mapping_with_no_taskflow_operators.py for tasks to queue
[2024-12-16T14:28:08.139+0000] {logging_mixin.py:150} INFO - [2024-12-16T14:28:08.139+0000] {dagbag.py:541} INFO - Filling up the DagBag from /home/vscode/.local/lib/python3.10/site-packages/airflow/example_dags/example_dynamic_task_mapping_with_no_taskflow_operators.py
[2024-12-16T14:28:08.145+0000] {processor.py:836} INFO - DAG(s) dict_keys(['example_dynamic_task_mapping_with_no_taskflow_operators']) retrieved from /home/vscode/.local/lib/python3.10/site-packages/airflow/example_dags/example_dynamic_task_mapping_with_no_taskflow_operators.py
[2024-12-16T14:28:08.155+0000] {logging_mixin.py:150} INFO - [2024-12-16T14:28:08.155+0000] {dag.py:2742} INFO - Sync 1 DAGs
[2024-12-16T14:28:08.169+0000] {logging_mixin.py:150} INFO - [2024-12-16T14:28:08.169+0000] {dag.py:3504} INFO - Setting next_dagrun for example_dynamic_task_mapping_with_no_taskflow_operators to 2024-12-15T14:28:08.169601+00:00, run_after=2024-12-16T14:28:08.169601+00:00
[2024-12-16T14:28:08.184+0000] {processor.py:179} INFO - Processing /home/vscode/.local/lib/python3.10/site-packages/airflow/example_dags/example_dynamic_task_mapping_with_no_taskflow_operators.py took 0.048 seconds
[2024-12-16T14:29:14.019+0000] {processor.py:157} INFO - Started process (PID=23319) to work on /home/vscode/.local/lib/python3.10/site-packages/airflow/example_dags/example_dynamic_task_mapping_with_no_taskflow_operators.py
[2024-12-16T14:29:14.020+0000] {processor.py:826} INFO - Processing file /home/vscode/.local/lib/python3.10/site-packages/airflow/example_dags/example_dynamic_task_mapping_with_no_taskflow_operators.py for tasks to queue
[2024-12-16T14:29:14.021+0000] {logging_mixin.py:150} INFO - [2024-12-16T14:29:14.021+0000] {dagbag.py:541} INFO - Filling up the DagBag from /home/vscode/.local/lib/python3.10/site-packages/airflow/example_dags/example_dynamic_task_mapping_with_no_taskflow_operators.py
[2024-12-16T14:29:14.026+0000] {processor.py:836} INFO - DAG(s) dict_keys(['example_dynamic_task_mapping_with_no_taskflow_operators']) retrieved from /home/vscode/.local/lib/python3.10/site-packages/airflow/example_dags/example_dynamic_task_mapping_with_no_taskflow_operators.py
[2024-12-16T14:29:14.036+0000] {logging_mixin.py:150} INFO - [2024-12-16T14:29:14.036+0000] {dag.py:2742} INFO - Sync 1 DAGs
[2024-12-16T14:29:14.049+0000] {logging_mixin.py:150} INFO - [2024-12-16T14:29:14.049+0000] {dag.py:3504} INFO - Setting next_dagrun for example_dynamic_task_mapping_with_no_taskflow_operators to 2024-12-15T14:29:14.049464+00:00, run_after=2024-12-16T14:29:14.049464+00:00
[2024-12-16T14:29:14.064+0000] {processor.py:179} INFO - Processing /home/vscode/.local/lib/python3.10/site-packages/airflow/example_dags/example_dynamic_task_mapping_with_no_taskflow_operators.py took 0.046 seconds
[2024-12-16T14:30:13.656+0000] {processor.py:157} INFO - Started process (PID=23952) to work on /home/vscode/.local/lib/python3.10/site-packages/airflow/example_dags/example_dynamic_task_mapping_with_no_taskflow_operators.py
[2024-12-16T14:30:13.657+0000] {processor.py:826} INFO - Processing file /home/vscode/.local/lib/python3.10/site-packages/airflow/example_dags/example_dynamic_task_mapping_with_no_taskflow_operators.py for tasks to queue
[2024-12-16T14:30:13.658+0000] {logging_mixin.py:150} INFO - [2024-12-16T14:30:13.657+0000] {dagbag.py:541} INFO - Filling up the DagBag from /home/vscode/.local/lib/python3.10/site-packages/airflow/example_dags/example_dynamic_task_mapping_with_no_taskflow_operators.py
[2024-12-16T14:30:13.663+0000] {processor.py:836} INFO - DAG(s) dict_keys(['example_dynamic_task_mapping_with_no_taskflow_operators']) retrieved from /home/vscode/.local/lib/python3.10/site-packages/airflow/example_dags/example_dynamic_task_mapping_with_no_taskflow_operators.py
[2024-12-16T14:30:13.673+0000] {logging_mixin.py:150} INFO - [2024-12-16T14:30:13.673+0000] {dag.py:2742} INFO - Sync 1 DAGs
[2024-12-16T14:30:13.686+0000] {logging_mixin.py:150} INFO - [2024-12-16T14:30:13.685+0000] {dag.py:3504} INFO - Setting next_dagrun for example_dynamic_task_mapping_with_no_taskflow_operators to 2024-12-15T14:30:13.685803+00:00, run_after=2024-12-16T14:30:13.685803+00:00
[2024-12-16T14:30:13.699+0000] {processor.py:179} INFO - Processing /home/vscode/.local/lib/python3.10/site-packages/airflow/example_dags/example_dynamic_task_mapping_with_no_taskflow_operators.py took 0.045 seconds
