[2024-12-16T10:50:18.603+0000] {processor.py:157} INFO - Started process (PID=32927) to work on /home/vscode/.local/lib/python3.10/site-packages/airflow/example_dags/example_datasets.py
[2024-12-16T10:50:18.603+0000] {processor.py:826} INFO - Processing file /home/vscode/.local/lib/python3.10/site-packages/airflow/example_dags/example_datasets.py for tasks to queue
[2024-12-16T10:50:18.604+0000] {logging_mixin.py:150} INFO - [2024-12-16T10:50:18.604+0000] {dagbag.py:541} INFO - Filling up the DagBag from /home/vscode/.local/lib/python3.10/site-packages/airflow/example_dags/example_datasets.py
[2024-12-16T10:50:18.694+0000] {processor.py:836} INFO - DAG(s) dict_keys(['dataset_consumes_1_never_scheduled', 'dataset_consumes_1', 'dataset_produces_1', 'dataset_consumes_unknown_never_scheduled', 'dataset_produces_2', 'dataset_consumes_1_and_2']) retrieved from /home/vscode/.local/lib/python3.10/site-packages/airflow/example_dags/example_datasets.py
[2024-12-16T10:50:18.754+0000] {logging_mixin.py:150} INFO - [2024-12-16T10:50:18.754+0000] {manager.py:504} INFO - Created Permission View: can edit on DAG:dataset_consumes_1_never_scheduled
[2024-12-16T10:50:18.762+0000] {logging_mixin.py:150} INFO - [2024-12-16T10:50:18.761+0000] {manager.py:504} INFO - Created Permission View: can read on DAG:dataset_consumes_1_never_scheduled
[2024-12-16T10:50:18.767+0000] {logging_mixin.py:150} INFO - [2024-12-16T10:50:18.767+0000] {manager.py:504} INFO - Created Permission View: can delete on DAG:dataset_consumes_1_never_scheduled
[2024-12-16T10:50:18.784+0000] {logging_mixin.py:150} INFO - [2024-12-16T10:50:18.784+0000] {manager.py:504} INFO - Created Permission View: can edit on DAG:dataset_consumes_1
[2024-12-16T10:50:18.790+0000] {logging_mixin.py:150} INFO - [2024-12-16T10:50:18.790+0000] {manager.py:504} INFO - Created Permission View: can read on DAG:dataset_consumes_1
[2024-12-16T10:50:18.795+0000] {logging_mixin.py:150} INFO - [2024-12-16T10:50:18.794+0000] {manager.py:504} INFO - Created Permission View: can delete on DAG:dataset_consumes_1
[2024-12-16T10:50:18.807+0000] {logging_mixin.py:150} INFO - [2024-12-16T10:50:18.807+0000] {manager.py:504} INFO - Created Permission View: can edit on DAG:dataset_produces_1
[2024-12-16T10:50:18.812+0000] {logging_mixin.py:150} INFO - [2024-12-16T10:50:18.812+0000] {manager.py:504} INFO - Created Permission View: can read on DAG:dataset_produces_1
[2024-12-16T10:50:18.816+0000] {logging_mixin.py:150} INFO - [2024-12-16T10:50:18.816+0000] {manager.py:504} INFO - Created Permission View: can delete on DAG:dataset_produces_1
[2024-12-16T10:50:18.831+0000] {logging_mixin.py:150} INFO - [2024-12-16T10:50:18.831+0000] {manager.py:504} INFO - Created Permission View: can edit on DAG:dataset_consumes_unknown_never_scheduled
[2024-12-16T10:50:18.836+0000] {logging_mixin.py:150} INFO - [2024-12-16T10:50:18.836+0000] {manager.py:504} INFO - Created Permission View: can read on DAG:dataset_consumes_unknown_never_scheduled
[2024-12-16T10:50:18.840+0000] {logging_mixin.py:150} INFO - [2024-12-16T10:50:18.840+0000] {manager.py:504} INFO - Created Permission View: can delete on DAG:dataset_consumes_unknown_never_scheduled
[2024-12-16T10:50:18.852+0000] {logging_mixin.py:150} INFO - [2024-12-16T10:50:18.852+0000] {manager.py:504} INFO - Created Permission View: can edit on DAG:dataset_produces_2
[2024-12-16T10:50:18.857+0000] {logging_mixin.py:150} INFO - [2024-12-16T10:50:18.857+0000] {manager.py:504} INFO - Created Permission View: can read on DAG:dataset_produces_2
[2024-12-16T10:50:18.866+0000] {logging_mixin.py:150} INFO - [2024-12-16T10:50:18.866+0000] {manager.py:504} INFO - Created Permission View: can delete on DAG:dataset_produces_2
[2024-12-16T10:50:18.880+0000] {logging_mixin.py:150} INFO - [2024-12-16T10:50:18.880+0000] {manager.py:504} INFO - Created Permission View: can edit on DAG:dataset_consumes_1_and_2
[2024-12-16T10:50:18.885+0000] {logging_mixin.py:150} INFO - [2024-12-16T10:50:18.885+0000] {manager.py:504} INFO - Created Permission View: can read on DAG:dataset_consumes_1_and_2
[2024-12-16T10:50:18.890+0000] {logging_mixin.py:150} INFO - [2024-12-16T10:50:18.890+0000] {manager.py:504} INFO - Created Permission View: can delete on DAG:dataset_consumes_1_and_2
[2024-12-16T10:50:18.893+0000] {logging_mixin.py:150} INFO - [2024-12-16T10:50:18.893+0000] {dag.py:2742} INFO - Sync 6 DAGs
[2024-12-16T10:50:18.899+0000] {logging_mixin.py:150} INFO - [2024-12-16T10:50:18.899+0000] {dag.py:2763} INFO - Creating ORM DAG for dataset_consumes_1_and_2
[2024-12-16T10:50:18.899+0000] {logging_mixin.py:150} INFO - [2024-12-16T10:50:18.899+0000] {dag.py:2763} INFO - Creating ORM DAG for dataset_consumes_1_never_scheduled
[2024-12-16T10:50:18.900+0000] {logging_mixin.py:150} INFO - [2024-12-16T10:50:18.900+0000] {dag.py:2763} INFO - Creating ORM DAG for dataset_consumes_unknown_never_scheduled
[2024-12-16T10:50:18.900+0000] {logging_mixin.py:150} INFO - [2024-12-16T10:50:18.900+0000] {dag.py:2763} INFO - Creating ORM DAG for dataset_produces_1
[2024-12-16T10:50:18.900+0000] {logging_mixin.py:150} INFO - [2024-12-16T10:50:18.900+0000] {dag.py:2763} INFO - Creating ORM DAG for dataset_consumes_1
[2024-12-16T10:50:18.901+0000] {logging_mixin.py:150} INFO - [2024-12-16T10:50:18.901+0000] {dag.py:2763} INFO - Creating ORM DAG for dataset_produces_2
[2024-12-16T10:50:18.906+0000] {logging_mixin.py:150} INFO - [2024-12-16T10:50:18.906+0000] {dag.py:3504} INFO - Setting next_dagrun for dataset_consumes_1 to None, run_after=None
[2024-12-16T10:50:18.907+0000] {logging_mixin.py:150} INFO - [2024-12-16T10:50:18.907+0000] {dag.py:3504} INFO - Setting next_dagrun for dataset_consumes_1_and_2 to None, run_after=None
[2024-12-16T10:50:18.907+0000] {logging_mixin.py:150} INFO - [2024-12-16T10:50:18.907+0000] {dag.py:3504} INFO - Setting next_dagrun for dataset_consumes_1_never_scheduled to None, run_after=None
[2024-12-16T10:50:18.907+0000] {logging_mixin.py:150} INFO - [2024-12-16T10:50:18.907+0000] {dag.py:3504} INFO - Setting next_dagrun for dataset_consumes_unknown_never_scheduled to None, run_after=None
[2024-12-16T10:50:18.909+0000] {logging_mixin.py:150} INFO - [2024-12-16T10:50:18.909+0000] {dag.py:3504} INFO - Setting next_dagrun for dataset_produces_1 to 2024-12-15T00:00:00+00:00, run_after=2024-12-16T00:00:00+00:00
[2024-12-16T10:50:18.909+0000] {logging_mixin.py:150} INFO - [2024-12-16T10:50:18.909+0000] {dag.py:3504} INFO - Setting next_dagrun for dataset_produces_2 to None, run_after=None
[2024-12-16T10:50:18.932+0000] {processor.py:179} INFO - Processing /home/vscode/.local/lib/python3.10/site-packages/airflow/example_dags/example_datasets.py took 0.331 seconds
[2024-12-16T10:51:12.357+0000] {processor.py:157} INFO - Started process (PID=33416) to work on /home/vscode/.local/lib/python3.10/site-packages/airflow/example_dags/example_datasets.py
[2024-12-16T10:51:12.357+0000] {processor.py:826} INFO - Processing file /home/vscode/.local/lib/python3.10/site-packages/airflow/example_dags/example_datasets.py for tasks to queue
[2024-12-16T10:51:12.358+0000] {logging_mixin.py:150} INFO - [2024-12-16T10:51:12.358+0000] {dagbag.py:541} INFO - Filling up the DagBag from /home/vscode/.local/lib/python3.10/site-packages/airflow/example_dags/example_datasets.py
[2024-12-16T10:51:12.365+0000] {processor.py:836} INFO - DAG(s) dict_keys(['dataset_consumes_1', 'dataset_consumes_1_never_scheduled', 'dataset_consumes_1_and_2', 'dataset_produces_1', 'dataset_consumes_unknown_never_scheduled', 'dataset_produces_2']) retrieved from /home/vscode/.local/lib/python3.10/site-packages/airflow/example_dags/example_datasets.py
[2024-12-16T10:51:12.384+0000] {logging_mixin.py:150} INFO - [2024-12-16T10:51:12.384+0000] {dag.py:2742} INFO - Sync 6 DAGs
[2024-12-16T10:51:12.397+0000] {logging_mixin.py:150} INFO - [2024-12-16T10:51:12.397+0000] {dag.py:3504} INFO - Setting next_dagrun for dataset_consumes_1 to None, run_after=None
[2024-12-16T10:51:12.399+0000] {logging_mixin.py:150} INFO - [2024-12-16T10:51:12.399+0000] {dag.py:3504} INFO - Setting next_dagrun for dataset_consumes_1_and_2 to None, run_after=None
[2024-12-16T10:51:12.400+0000] {logging_mixin.py:150} INFO - [2024-12-16T10:51:12.399+0000] {dag.py:3504} INFO - Setting next_dagrun for dataset_consumes_1_never_scheduled to None, run_after=None
[2024-12-16T10:51:12.400+0000] {logging_mixin.py:150} INFO - [2024-12-16T10:51:12.400+0000] {dag.py:3504} INFO - Setting next_dagrun for dataset_consumes_unknown_never_scheduled to None, run_after=None
[2024-12-16T10:51:12.402+0000] {logging_mixin.py:150} INFO - [2024-12-16T10:51:12.402+0000] {dag.py:3504} INFO - Setting next_dagrun for dataset_produces_1 to 2024-12-15T00:00:00+00:00, run_after=2024-12-16T00:00:00+00:00
[2024-12-16T10:51:12.403+0000] {logging_mixin.py:150} INFO - [2024-12-16T10:51:12.402+0000] {dag.py:3504} INFO - Setting next_dagrun for dataset_produces_2 to None, run_after=None
[2024-12-16T10:51:12.421+0000] {processor.py:179} INFO - Processing /home/vscode/.local/lib/python3.10/site-packages/airflow/example_dags/example_datasets.py took 0.067 seconds
[2024-12-16T10:51:59.193+0000] {processor.py:157} INFO - Started process (PID=33854) to work on /home/vscode/.local/lib/python3.10/site-packages/airflow/example_dags/example_datasets.py
[2024-12-16T10:51:59.194+0000] {processor.py:826} INFO - Processing file /home/vscode/.local/lib/python3.10/site-packages/airflow/example_dags/example_datasets.py for tasks to queue
[2024-12-16T10:51:59.195+0000] {logging_mixin.py:150} INFO - [2024-12-16T10:51:59.194+0000] {dagbag.py:541} INFO - Filling up the DagBag from /home/vscode/.local/lib/python3.10/site-packages/airflow/example_dags/example_datasets.py
[2024-12-16T10:51:59.201+0000] {processor.py:836} INFO - DAG(s) dict_keys(['dataset_produces_1', 'dataset_consumes_1_and_2', 'dataset_produces_2', 'dataset_consumes_1', 'dataset_consumes_unknown_never_scheduled', 'dataset_consumes_1_never_scheduled']) retrieved from /home/vscode/.local/lib/python3.10/site-packages/airflow/example_dags/example_datasets.py
[2024-12-16T10:51:59.220+0000] {logging_mixin.py:150} INFO - [2024-12-16T10:51:59.220+0000] {dag.py:2742} INFO - Sync 6 DAGs
[2024-12-16T10:51:59.233+0000] {logging_mixin.py:150} INFO - [2024-12-16T10:51:59.233+0000] {dag.py:3504} INFO - Setting next_dagrun for dataset_consumes_1 to None, run_after=None
[2024-12-16T10:51:59.236+0000] {logging_mixin.py:150} INFO - [2024-12-16T10:51:59.236+0000] {dag.py:3504} INFO - Setting next_dagrun for dataset_consumes_1_and_2 to None, run_after=None
[2024-12-16T10:51:59.237+0000] {logging_mixin.py:150} INFO - [2024-12-16T10:51:59.237+0000] {dag.py:3504} INFO - Setting next_dagrun for dataset_consumes_1_never_scheduled to None, run_after=None
[2024-12-16T10:51:59.237+0000] {logging_mixin.py:150} INFO - [2024-12-16T10:51:59.237+0000] {dag.py:3504} INFO - Setting next_dagrun for dataset_consumes_unknown_never_scheduled to None, run_after=None
[2024-12-16T10:51:59.239+0000] {logging_mixin.py:150} INFO - [2024-12-16T10:51:59.239+0000] {dag.py:3504} INFO - Setting next_dagrun for dataset_produces_1 to 2024-12-15T00:00:00+00:00, run_after=2024-12-16T00:00:00+00:00
[2024-12-16T10:51:59.240+0000] {logging_mixin.py:150} INFO - [2024-12-16T10:51:59.240+0000] {dag.py:3504} INFO - Setting next_dagrun for dataset_produces_2 to None, run_after=None
[2024-12-16T10:51:59.259+0000] {processor.py:179} INFO - Processing /home/vscode/.local/lib/python3.10/site-packages/airflow/example_dags/example_datasets.py took 0.068 seconds
[2024-12-16T10:52:48.898+0000] {processor.py:157} INFO - Started process (PID=34263) to work on /home/vscode/.local/lib/python3.10/site-packages/airflow/example_dags/example_datasets.py
[2024-12-16T10:52:48.899+0000] {processor.py:826} INFO - Processing file /home/vscode/.local/lib/python3.10/site-packages/airflow/example_dags/example_datasets.py for tasks to queue
[2024-12-16T10:52:48.899+0000] {logging_mixin.py:150} INFO - [2024-12-16T10:52:48.899+0000] {dagbag.py:541} INFO - Filling up the DagBag from /home/vscode/.local/lib/python3.10/site-packages/airflow/example_dags/example_datasets.py
[2024-12-16T10:52:48.906+0000] {processor.py:836} INFO - DAG(s) dict_keys(['dataset_consumes_1_never_scheduled', 'dataset_consumes_1_and_2', 'dataset_consumes_1', 'dataset_consumes_unknown_never_scheduled', 'dataset_produces_1', 'dataset_produces_2']) retrieved from /home/vscode/.local/lib/python3.10/site-packages/airflow/example_dags/example_datasets.py
[2024-12-16T10:52:48.925+0000] {logging_mixin.py:150} INFO - [2024-12-16T10:52:48.925+0000] {dag.py:2742} INFO - Sync 6 DAGs
[2024-12-16T10:52:48.939+0000] {logging_mixin.py:150} INFO - [2024-12-16T10:52:48.939+0000] {dag.py:3504} INFO - Setting next_dagrun for dataset_consumes_1 to None, run_after=None
[2024-12-16T10:52:48.941+0000] {logging_mixin.py:150} INFO - [2024-12-16T10:52:48.941+0000] {dag.py:3504} INFO - Setting next_dagrun for dataset_consumes_1_and_2 to None, run_after=None
[2024-12-16T10:52:48.942+0000] {logging_mixin.py:150} INFO - [2024-12-16T10:52:48.942+0000] {dag.py:3504} INFO - Setting next_dagrun for dataset_consumes_1_never_scheduled to None, run_after=None
[2024-12-16T10:52:48.943+0000] {logging_mixin.py:150} INFO - [2024-12-16T10:52:48.942+0000] {dag.py:3504} INFO - Setting next_dagrun for dataset_consumes_unknown_never_scheduled to None, run_after=None
[2024-12-16T10:52:48.944+0000] {logging_mixin.py:150} INFO - [2024-12-16T10:52:48.944+0000] {dag.py:3504} INFO - Setting next_dagrun for dataset_produces_1 to 2024-12-15T00:00:00+00:00, run_after=2024-12-16T00:00:00+00:00
[2024-12-16T10:52:48.945+0000] {logging_mixin.py:150} INFO - [2024-12-16T10:52:48.945+0000] {dag.py:3504} INFO - Setting next_dagrun for dataset_produces_2 to None, run_after=None
[2024-12-16T10:52:48.964+0000] {processor.py:179} INFO - Processing /home/vscode/.local/lib/python3.10/site-packages/airflow/example_dags/example_datasets.py took 0.068 seconds
[2024-12-16T10:53:35.086+0000] {processor.py:157} INFO - Started process (PID=34623) to work on /home/vscode/.local/lib/python3.10/site-packages/airflow/example_dags/example_datasets.py
[2024-12-16T10:53:35.086+0000] {processor.py:826} INFO - Processing file /home/vscode/.local/lib/python3.10/site-packages/airflow/example_dags/example_datasets.py for tasks to queue
[2024-12-16T10:53:35.087+0000] {logging_mixin.py:150} INFO - [2024-12-16T10:53:35.087+0000] {dagbag.py:541} INFO - Filling up the DagBag from /home/vscode/.local/lib/python3.10/site-packages/airflow/example_dags/example_datasets.py
[2024-12-16T10:53:35.093+0000] {processor.py:836} INFO - DAG(s) dict_keys(['dataset_consumes_unknown_never_scheduled', 'dataset_consumes_1_and_2', 'dataset_consumes_1_never_scheduled', 'dataset_produces_1', 'dataset_consumes_1', 'dataset_produces_2']) retrieved from /home/vscode/.local/lib/python3.10/site-packages/airflow/example_dags/example_datasets.py
[2024-12-16T10:53:35.113+0000] {logging_mixin.py:150} INFO - [2024-12-16T10:53:35.112+0000] {dag.py:2742} INFO - Sync 6 DAGs
[2024-12-16T10:53:35.127+0000] {logging_mixin.py:150} INFO - [2024-12-16T10:53:35.126+0000] {dag.py:3504} INFO - Setting next_dagrun for dataset_consumes_1 to None, run_after=None
[2024-12-16T10:53:35.129+0000] {logging_mixin.py:150} INFO - [2024-12-16T10:53:35.129+0000] {dag.py:3504} INFO - Setting next_dagrun for dataset_consumes_1_and_2 to None, run_after=None
[2024-12-16T10:53:35.129+0000] {logging_mixin.py:150} INFO - [2024-12-16T10:53:35.129+0000] {dag.py:3504} INFO - Setting next_dagrun for dataset_consumes_1_never_scheduled to None, run_after=None
[2024-12-16T10:53:35.130+0000] {logging_mixin.py:150} INFO - [2024-12-16T10:53:35.130+0000] {dag.py:3504} INFO - Setting next_dagrun for dataset_consumes_unknown_never_scheduled to None, run_after=None
[2024-12-16T10:53:35.132+0000] {logging_mixin.py:150} INFO - [2024-12-16T10:53:35.132+0000] {dag.py:3504} INFO - Setting next_dagrun for dataset_produces_1 to 2024-12-15T00:00:00+00:00, run_after=2024-12-16T00:00:00+00:00
[2024-12-16T10:53:35.132+0000] {logging_mixin.py:150} INFO - [2024-12-16T10:53:35.132+0000] {dag.py:3504} INFO - Setting next_dagrun for dataset_produces_2 to None, run_after=None
[2024-12-16T10:53:35.156+0000] {processor.py:179} INFO - Processing /home/vscode/.local/lib/python3.10/site-packages/airflow/example_dags/example_datasets.py took 0.072 seconds
[2024-12-16T10:54:21.986+0000] {processor.py:157} INFO - Started process (PID=34954) to work on /home/vscode/.local/lib/python3.10/site-packages/airflow/example_dags/example_datasets.py
[2024-12-16T10:54:21.987+0000] {processor.py:826} INFO - Processing file /home/vscode/.local/lib/python3.10/site-packages/airflow/example_dags/example_datasets.py for tasks to queue
[2024-12-16T10:54:21.988+0000] {logging_mixin.py:150} INFO - [2024-12-16T10:54:21.987+0000] {dagbag.py:541} INFO - Filling up the DagBag from /home/vscode/.local/lib/python3.10/site-packages/airflow/example_dags/example_datasets.py
[2024-12-16T10:54:21.994+0000] {processor.py:836} INFO - DAG(s) dict_keys(['dataset_produces_2', 'dataset_produces_1', 'dataset_consumes_1_never_scheduled', 'dataset_consumes_unknown_never_scheduled', 'dataset_consumes_1_and_2', 'dataset_consumes_1']) retrieved from /home/vscode/.local/lib/python3.10/site-packages/airflow/example_dags/example_datasets.py
[2024-12-16T10:54:22.014+0000] {logging_mixin.py:150} INFO - [2024-12-16T10:54:22.014+0000] {dag.py:2742} INFO - Sync 6 DAGs
[2024-12-16T10:54:22.028+0000] {logging_mixin.py:150} INFO - [2024-12-16T10:54:22.027+0000] {dag.py:3504} INFO - Setting next_dagrun for dataset_consumes_1 to None, run_after=None
[2024-12-16T10:54:22.030+0000] {logging_mixin.py:150} INFO - [2024-12-16T10:54:22.029+0000] {dag.py:3504} INFO - Setting next_dagrun for dataset_consumes_1_and_2 to None, run_after=None
[2024-12-16T10:54:22.030+0000] {logging_mixin.py:150} INFO - [2024-12-16T10:54:22.030+0000] {dag.py:3504} INFO - Setting next_dagrun for dataset_consumes_1_never_scheduled to None, run_after=None
[2024-12-16T10:54:22.031+0000] {logging_mixin.py:150} INFO - [2024-12-16T10:54:22.031+0000] {dag.py:3504} INFO - Setting next_dagrun for dataset_consumes_unknown_never_scheduled to None, run_after=None
[2024-12-16T10:54:22.032+0000] {logging_mixin.py:150} INFO - [2024-12-16T10:54:22.032+0000] {dag.py:3504} INFO - Setting next_dagrun for dataset_produces_1 to 2024-12-15T00:00:00+00:00, run_after=2024-12-16T00:00:00+00:00
[2024-12-16T10:54:22.033+0000] {logging_mixin.py:150} INFO - [2024-12-16T10:54:22.033+0000] {dag.py:3504} INFO - Setting next_dagrun for dataset_produces_2 to None, run_after=None
[2024-12-16T10:54:22.052+0000] {processor.py:179} INFO - Processing /home/vscode/.local/lib/python3.10/site-packages/airflow/example_dags/example_datasets.py took 0.068 seconds
[2024-12-16T10:55:07.347+0000] {processor.py:157} INFO - Started process (PID=35502) to work on /home/vscode/.local/lib/python3.10/site-packages/airflow/example_dags/example_datasets.py
[2024-12-16T10:55:07.348+0000] {processor.py:826} INFO - Processing file /home/vscode/.local/lib/python3.10/site-packages/airflow/example_dags/example_datasets.py for tasks to queue
[2024-12-16T10:55:07.349+0000] {logging_mixin.py:150} INFO - [2024-12-16T10:55:07.348+0000] {dagbag.py:541} INFO - Filling up the DagBag from /home/vscode/.local/lib/python3.10/site-packages/airflow/example_dags/example_datasets.py
[2024-12-16T10:55:07.356+0000] {processor.py:836} INFO - DAG(s) dict_keys(['dataset_produces_2', 'dataset_consumes_unknown_never_scheduled', 'dataset_consumes_1_never_scheduled', 'dataset_consumes_1_and_2', 'dataset_produces_1', 'dataset_consumes_1']) retrieved from /home/vscode/.local/lib/python3.10/site-packages/airflow/example_dags/example_datasets.py
[2024-12-16T10:55:07.375+0000] {logging_mixin.py:150} INFO - [2024-12-16T10:55:07.375+0000] {dag.py:2742} INFO - Sync 6 DAGs
[2024-12-16T10:55:07.390+0000] {logging_mixin.py:150} INFO - [2024-12-16T10:55:07.390+0000] {dag.py:3504} INFO - Setting next_dagrun for dataset_consumes_1 to None, run_after=None
[2024-12-16T10:55:07.393+0000] {logging_mixin.py:150} INFO - [2024-12-16T10:55:07.393+0000] {dag.py:3504} INFO - Setting next_dagrun for dataset_consumes_1_and_2 to None, run_after=None
[2024-12-16T10:55:07.394+0000] {logging_mixin.py:150} INFO - [2024-12-16T10:55:07.394+0000] {dag.py:3504} INFO - Setting next_dagrun for dataset_consumes_1_never_scheduled to None, run_after=None
[2024-12-16T10:55:07.395+0000] {logging_mixin.py:150} INFO - [2024-12-16T10:55:07.395+0000] {dag.py:3504} INFO - Setting next_dagrun for dataset_consumes_unknown_never_scheduled to None, run_after=None
[2024-12-16T10:55:07.398+0000] {logging_mixin.py:150} INFO - [2024-12-16T10:55:07.397+0000] {dag.py:3504} INFO - Setting next_dagrun for dataset_produces_1 to 2024-12-15T00:00:00+00:00, run_after=2024-12-16T00:00:00+00:00
[2024-12-16T10:55:07.399+0000] {logging_mixin.py:150} INFO - [2024-12-16T10:55:07.398+0000] {dag.py:3504} INFO - Setting next_dagrun for dataset_produces_2 to None, run_after=None
[2024-12-16T10:55:07.418+0000] {processor.py:179} INFO - Processing /home/vscode/.local/lib/python3.10/site-packages/airflow/example_dags/example_datasets.py took 0.073 seconds
[2024-12-16T10:55:56.436+0000] {processor.py:157} INFO - Started process (PID=35922) to work on /home/vscode/.local/lib/python3.10/site-packages/airflow/example_dags/example_datasets.py
[2024-12-16T10:55:56.436+0000] {processor.py:826} INFO - Processing file /home/vscode/.local/lib/python3.10/site-packages/airflow/example_dags/example_datasets.py for tasks to queue
[2024-12-16T10:55:56.437+0000] {logging_mixin.py:150} INFO - [2024-12-16T10:55:56.437+0000] {dagbag.py:541} INFO - Filling up the DagBag from /home/vscode/.local/lib/python3.10/site-packages/airflow/example_dags/example_datasets.py
[2024-12-16T10:55:56.444+0000] {processor.py:836} INFO - DAG(s) dict_keys(['dataset_produces_2', 'dataset_consumes_1_and_2', 'dataset_consumes_1', 'dataset_produces_1', 'dataset_consumes_1_never_scheduled', 'dataset_consumes_unknown_never_scheduled']) retrieved from /home/vscode/.local/lib/python3.10/site-packages/airflow/example_dags/example_datasets.py
[2024-12-16T10:55:56.462+0000] {logging_mixin.py:150} INFO - [2024-12-16T10:55:56.462+0000] {dag.py:2742} INFO - Sync 6 DAGs
[2024-12-16T10:55:56.476+0000] {logging_mixin.py:150} INFO - [2024-12-16T10:55:56.476+0000] {dag.py:3504} INFO - Setting next_dagrun for dataset_consumes_1 to None, run_after=None
[2024-12-16T10:55:56.478+0000] {logging_mixin.py:150} INFO - [2024-12-16T10:55:56.478+0000] {dag.py:3504} INFO - Setting next_dagrun for dataset_consumes_1_and_2 to None, run_after=None
[2024-12-16T10:55:56.478+0000] {logging_mixin.py:150} INFO - [2024-12-16T10:55:56.478+0000] {dag.py:3504} INFO - Setting next_dagrun for dataset_consumes_1_never_scheduled to None, run_after=None
[2024-12-16T10:55:56.479+0000] {logging_mixin.py:150} INFO - [2024-12-16T10:55:56.479+0000] {dag.py:3504} INFO - Setting next_dagrun for dataset_consumes_unknown_never_scheduled to None, run_after=None
[2024-12-16T10:55:56.481+0000] {logging_mixin.py:150} INFO - [2024-12-16T10:55:56.481+0000] {dag.py:3504} INFO - Setting next_dagrun for dataset_produces_1 to 2024-12-15T00:00:00+00:00, run_after=2024-12-16T00:00:00+00:00
[2024-12-16T10:55:56.481+0000] {logging_mixin.py:150} INFO - [2024-12-16T10:55:56.481+0000] {dag.py:3504} INFO - Setting next_dagrun for dataset_produces_2 to None, run_after=None
[2024-12-16T10:55:56.501+0000] {processor.py:179} INFO - Processing /home/vscode/.local/lib/python3.10/site-packages/airflow/example_dags/example_datasets.py took 0.067 seconds
[2024-12-16T10:56:41.537+0000] {processor.py:157} INFO - Started process (PID=36293) to work on /home/vscode/.local/lib/python3.10/site-packages/airflow/example_dags/example_datasets.py
[2024-12-16T10:56:41.538+0000] {processor.py:826} INFO - Processing file /home/vscode/.local/lib/python3.10/site-packages/airflow/example_dags/example_datasets.py for tasks to queue
[2024-12-16T10:56:41.539+0000] {logging_mixin.py:150} INFO - [2024-12-16T10:56:41.539+0000] {dagbag.py:541} INFO - Filling up the DagBag from /home/vscode/.local/lib/python3.10/site-packages/airflow/example_dags/example_datasets.py
[2024-12-16T10:56:41.545+0000] {processor.py:836} INFO - DAG(s) dict_keys(['dataset_produces_1', 'dataset_produces_2', 'dataset_consumes_1_never_scheduled', 'dataset_consumes_1_and_2', 'dataset_consumes_1', 'dataset_consumes_unknown_never_scheduled']) retrieved from /home/vscode/.local/lib/python3.10/site-packages/airflow/example_dags/example_datasets.py
[2024-12-16T10:56:41.570+0000] {logging_mixin.py:150} INFO - [2024-12-16T10:56:41.570+0000] {dag.py:2742} INFO - Sync 6 DAGs
[2024-12-16T10:56:41.584+0000] {logging_mixin.py:150} INFO - [2024-12-16T10:56:41.584+0000] {dag.py:3504} INFO - Setting next_dagrun for dataset_consumes_1 to None, run_after=None
[2024-12-16T10:56:41.586+0000] {logging_mixin.py:150} INFO - [2024-12-16T10:56:41.586+0000] {dag.py:3504} INFO - Setting next_dagrun for dataset_consumes_1_and_2 to None, run_after=None
[2024-12-16T10:56:41.587+0000] {logging_mixin.py:150} INFO - [2024-12-16T10:56:41.587+0000] {dag.py:3504} INFO - Setting next_dagrun for dataset_consumes_1_never_scheduled to None, run_after=None
[2024-12-16T10:56:41.588+0000] {logging_mixin.py:150} INFO - [2024-12-16T10:56:41.588+0000] {dag.py:3504} INFO - Setting next_dagrun for dataset_consumes_unknown_never_scheduled to None, run_after=None
[2024-12-16T10:56:41.589+0000] {logging_mixin.py:150} INFO - [2024-12-16T10:56:41.589+0000] {dag.py:3504} INFO - Setting next_dagrun for dataset_produces_1 to 2024-12-15T00:00:00+00:00, run_after=2024-12-16T00:00:00+00:00
[2024-12-16T10:56:41.590+0000] {logging_mixin.py:150} INFO - [2024-12-16T10:56:41.590+0000] {dag.py:3504} INFO - Setting next_dagrun for dataset_produces_2 to None, run_after=None
[2024-12-16T10:56:41.620+0000] {processor.py:179} INFO - Processing /home/vscode/.local/lib/python3.10/site-packages/airflow/example_dags/example_datasets.py took 0.085 seconds
