[2024-12-16T14:26:35.042+0000] {processor.py:157} INFO - Started process (PID=21595) to work on /home/vscode/.local/lib/python3.10/site-packages/airflow/example_dags/example_trigger_target_dag.py
[2024-12-16T14:26:35.042+0000] {processor.py:826} INFO - Processing file /home/vscode/.local/lib/python3.10/site-packages/airflow/example_dags/example_trigger_target_dag.py for tasks to queue
[2024-12-16T14:26:35.043+0000] {logging_mixin.py:150} INFO - [2024-12-16T14:26:35.043+0000] {dagbag.py:541} INFO - Filling up the DagBag from /home/vscode/.local/lib/python3.10/site-packages/airflow/example_dags/example_trigger_target_dag.py
[2024-12-16T14:26:35.049+0000] {processor.py:836} INFO - DAG(s) dict_keys(['example_trigger_target_dag']) retrieved from /home/vscode/.local/lib/python3.10/site-packages/airflow/example_dags/example_trigger_target_dag.py
[2024-12-16T14:26:35.065+0000] {logging_mixin.py:150} INFO - [2024-12-16T14:26:35.065+0000] {dag.py:2742} INFO - Sync 1 DAGs
[2024-12-16T14:26:35.154+0000] {logging_mixin.py:150} INFO - [2024-12-16T14:26:35.153+0000] {dag.py:3504} INFO - Setting next_dagrun for example_trigger_target_dag to None, run_after=None
[2024-12-16T14:26:35.167+0000] {processor.py:179} INFO - Processing /home/vscode/.local/lib/python3.10/site-packages/airflow/example_dags/example_trigger_target_dag.py took 0.127 seconds
[2024-12-16T14:27:29.155+0000] {processor.py:157} INFO - Started process (PID=22211) to work on /home/vscode/.local/lib/python3.10/site-packages/airflow/example_dags/example_trigger_target_dag.py
[2024-12-16T14:27:29.156+0000] {processor.py:826} INFO - Processing file /home/vscode/.local/lib/python3.10/site-packages/airflow/example_dags/example_trigger_target_dag.py for tasks to queue
[2024-12-16T14:27:29.156+0000] {logging_mixin.py:150} INFO - [2024-12-16T14:27:29.156+0000] {dagbag.py:541} INFO - Filling up the DagBag from /home/vscode/.local/lib/python3.10/site-packages/airflow/example_dags/example_trigger_target_dag.py
[2024-12-16T14:27:29.161+0000] {processor.py:836} INFO - DAG(s) dict_keys(['example_trigger_target_dag']) retrieved from /home/vscode/.local/lib/python3.10/site-packages/airflow/example_dags/example_trigger_target_dag.py
[2024-12-16T14:27:29.171+0000] {logging_mixin.py:150} INFO - [2024-12-16T14:27:29.171+0000] {dag.py:2742} INFO - Sync 1 DAGs
[2024-12-16T14:27:29.184+0000] {logging_mixin.py:150} INFO - [2024-12-16T14:27:29.184+0000] {dag.py:3504} INFO - Setting next_dagrun for example_trigger_target_dag to None, run_after=None
[2024-12-16T14:27:29.199+0000] {processor.py:179} INFO - Processing /home/vscode/.local/lib/python3.10/site-packages/airflow/example_dags/example_trigger_target_dag.py took 0.047 seconds
[2024-12-16T14:28:20.146+0000] {processor.py:157} INFO - Started process (PID=22836) to work on /home/vscode/.local/lib/python3.10/site-packages/airflow/example_dags/example_trigger_target_dag.py
[2024-12-16T14:28:20.147+0000] {processor.py:826} INFO - Processing file /home/vscode/.local/lib/python3.10/site-packages/airflow/example_dags/example_trigger_target_dag.py for tasks to queue
[2024-12-16T14:28:20.148+0000] {logging_mixin.py:150} INFO - [2024-12-16T14:28:20.147+0000] {dagbag.py:541} INFO - Filling up the DagBag from /home/vscode/.local/lib/python3.10/site-packages/airflow/example_dags/example_trigger_target_dag.py
[2024-12-16T14:28:20.154+0000] {processor.py:836} INFO - DAG(s) dict_keys(['example_trigger_target_dag']) retrieved from /home/vscode/.local/lib/python3.10/site-packages/airflow/example_dags/example_trigger_target_dag.py
[2024-12-16T14:28:20.169+0000] {logging_mixin.py:150} INFO - [2024-12-16T14:28:20.169+0000] {dag.py:2742} INFO - Sync 1 DAGs
[2024-12-16T14:28:20.189+0000] {logging_mixin.py:150} INFO - [2024-12-16T14:28:20.188+0000] {dag.py:3504} INFO - Setting next_dagrun for example_trigger_target_dag to None, run_after=None
[2024-12-16T14:28:20.204+0000] {processor.py:179} INFO - Processing /home/vscode/.local/lib/python3.10/site-packages/airflow/example_dags/example_trigger_target_dag.py took 0.061 seconds
[2024-12-16T14:29:05.547+0000] {processor.py:157} INFO - Started process (PID=23212) to work on /home/vscode/.local/lib/python3.10/site-packages/airflow/example_dags/example_trigger_target_dag.py
[2024-12-16T14:29:05.548+0000] {processor.py:826} INFO - Processing file /home/vscode/.local/lib/python3.10/site-packages/airflow/example_dags/example_trigger_target_dag.py for tasks to queue
[2024-12-16T14:29:05.549+0000] {logging_mixin.py:150} INFO - [2024-12-16T14:29:05.549+0000] {dagbag.py:541} INFO - Filling up the DagBag from /home/vscode/.local/lib/python3.10/site-packages/airflow/example_dags/example_trigger_target_dag.py
[2024-12-16T14:29:05.553+0000] {processor.py:836} INFO - DAG(s) dict_keys(['example_trigger_target_dag']) retrieved from /home/vscode/.local/lib/python3.10/site-packages/airflow/example_dags/example_trigger_target_dag.py
[2024-12-16T14:29:05.565+0000] {logging_mixin.py:150} INFO - [2024-12-16T14:29:05.565+0000] {dag.py:2742} INFO - Sync 1 DAGs
[2024-12-16T14:29:05.578+0000] {logging_mixin.py:150} INFO - [2024-12-16T14:29:05.577+0000] {dag.py:3504} INFO - Setting next_dagrun for example_trigger_target_dag to None, run_after=None
[2024-12-16T14:29:05.592+0000] {processor.py:179} INFO - Processing /home/vscode/.local/lib/python3.10/site-packages/airflow/example_dags/example_trigger_target_dag.py took 0.047 seconds
[2024-12-16T14:29:47.147+0000] {processor.py:157} INFO - Started process (PID=23691) to work on /home/vscode/.local/lib/python3.10/site-packages/airflow/example_dags/example_trigger_target_dag.py
[2024-12-16T14:29:47.148+0000] {processor.py:826} INFO - Processing file /home/vscode/.local/lib/python3.10/site-packages/airflow/example_dags/example_trigger_target_dag.py for tasks to queue
[2024-12-16T14:29:47.149+0000] {logging_mixin.py:150} INFO - [2024-12-16T14:29:47.149+0000] {dagbag.py:541} INFO - Filling up the DagBag from /home/vscode/.local/lib/python3.10/site-packages/airflow/example_dags/example_trigger_target_dag.py
[2024-12-16T14:29:47.154+0000] {processor.py:836} INFO - DAG(s) dict_keys(['example_trigger_target_dag']) retrieved from /home/vscode/.local/lib/python3.10/site-packages/airflow/example_dags/example_trigger_target_dag.py
[2024-12-16T14:29:47.169+0000] {logging_mixin.py:150} INFO - [2024-12-16T14:29:47.169+0000] {dag.py:2742} INFO - Sync 1 DAGs
[2024-12-16T14:29:47.187+0000] {logging_mixin.py:150} INFO - [2024-12-16T14:29:47.187+0000] {dag.py:3504} INFO - Setting next_dagrun for example_trigger_target_dag to None, run_after=None
[2024-12-16T14:29:47.200+0000] {processor.py:179} INFO - Processing /home/vscode/.local/lib/python3.10/site-packages/airflow/example_dags/example_trigger_target_dag.py took 0.056 seconds
[2024-12-16T14:30:26.577+0000] {processor.py:157} INFO - Started process (PID=24055) to work on /home/vscode/.local/lib/python3.10/site-packages/airflow/example_dags/example_trigger_target_dag.py
[2024-12-16T14:30:26.578+0000] {processor.py:826} INFO - Processing file /home/vscode/.local/lib/python3.10/site-packages/airflow/example_dags/example_trigger_target_dag.py for tasks to queue
[2024-12-16T14:30:26.579+0000] {logging_mixin.py:150} INFO - [2024-12-16T14:30:26.579+0000] {dagbag.py:541} INFO - Filling up the DagBag from /home/vscode/.local/lib/python3.10/site-packages/airflow/example_dags/example_trigger_target_dag.py
[2024-12-16T14:30:26.583+0000] {processor.py:836} INFO - DAG(s) dict_keys(['example_trigger_target_dag']) retrieved from /home/vscode/.local/lib/python3.10/site-packages/airflow/example_dags/example_trigger_target_dag.py
[2024-12-16T14:30:26.594+0000] {logging_mixin.py:150} INFO - [2024-12-16T14:30:26.594+0000] {dag.py:2742} INFO - Sync 1 DAGs
[2024-12-16T14:30:26.607+0000] {logging_mixin.py:150} INFO - [2024-12-16T14:30:26.607+0000] {dag.py:3504} INFO - Setting next_dagrun for example_trigger_target_dag to None, run_after=None
[2024-12-16T14:30:26.621+0000] {processor.py:179} INFO - Processing /home/vscode/.local/lib/python3.10/site-packages/airflow/example_dags/example_trigger_target_dag.py took 0.045 seconds
