[2024-12-16T14:26:40.291+0000] {processor.py:157} INFO - Started process (PID=21649) to work on /home/vscode/.local/lib/python3.10/site-packages/airflow/example_dags/example_params_trigger_ui.py
[2024-12-16T14:26:40.292+0000] {processor.py:826} INFO - Processing file /home/vscode/.local/lib/python3.10/site-packages/airflow/example_dags/example_params_trigger_ui.py for tasks to queue
[2024-12-16T14:26:40.293+0000] {logging_mixin.py:150} INFO - [2024-12-16T14:26:40.293+0000] {dagbag.py:541} INFO - Filling up the DagBag from /home/vscode/.local/lib/python3.10/site-packages/airflow/example_dags/example_params_trigger_ui.py
[2024-12-16T14:26:40.306+0000] {processor.py:836} INFO - DAG(s) dict_keys(['example_params_trigger_ui']) retrieved from /home/vscode/.local/lib/python3.10/site-packages/airflow/example_dags/example_params_trigger_ui.py
[2024-12-16T14:26:40.412+0000] {logging_mixin.py:150} INFO - [2024-12-16T14:26:40.412+0000] {dag.py:2742} INFO - Sync 1 DAGs
[2024-12-16T14:26:40.424+0000] {logging_mixin.py:150} INFO - [2024-12-16T14:26:40.424+0000] {dag.py:3504} INFO - Setting next_dagrun for example_params_trigger_ui to None, run_after=None
[2024-12-16T14:26:40.438+0000] {processor.py:179} INFO - Processing /home/vscode/.local/lib/python3.10/site-packages/airflow/example_dags/example_params_trigger_ui.py took 0.148 seconds
[2024-12-16T14:27:33.580+0000] {processor.py:157} INFO - Started process (PID=22269) to work on /home/vscode/.local/lib/python3.10/site-packages/airflow/example_dags/example_params_trigger_ui.py
[2024-12-16T14:27:33.581+0000] {processor.py:826} INFO - Processing file /home/vscode/.local/lib/python3.10/site-packages/airflow/example_dags/example_params_trigger_ui.py for tasks to queue
[2024-12-16T14:27:33.581+0000] {logging_mixin.py:150} INFO - [2024-12-16T14:27:33.581+0000] {dagbag.py:541} INFO - Filling up the DagBag from /home/vscode/.local/lib/python3.10/site-packages/airflow/example_dags/example_params_trigger_ui.py
[2024-12-16T14:27:33.598+0000] {processor.py:836} INFO - DAG(s) dict_keys(['example_params_trigger_ui']) retrieved from /home/vscode/.local/lib/python3.10/site-packages/airflow/example_dags/example_params_trigger_ui.py
[2024-12-16T14:27:33.641+0000] {logging_mixin.py:150} INFO - [2024-12-16T14:27:33.641+0000] {dag.py:2742} INFO - Sync 1 DAGs
[2024-12-16T14:27:33.661+0000] {logging_mixin.py:150} INFO - [2024-12-16T14:27:33.661+0000] {dag.py:3504} INFO - Setting next_dagrun for example_params_trigger_ui to None, run_after=None
[2024-12-16T14:27:33.692+0000] {processor.py:179} INFO - Processing /home/vscode/.local/lib/python3.10/site-packages/airflow/example_dags/example_params_trigger_ui.py took 0.114 seconds
[2024-12-16T14:28:24.849+0000] {processor.py:157} INFO - Started process (PID=22875) to work on /home/vscode/.local/lib/python3.10/site-packages/airflow/example_dags/example_params_trigger_ui.py
[2024-12-16T14:28:24.850+0000] {processor.py:826} INFO - Processing file /home/vscode/.local/lib/python3.10/site-packages/airflow/example_dags/example_params_trigger_ui.py for tasks to queue
[2024-12-16T14:28:24.850+0000] {logging_mixin.py:150} INFO - [2024-12-16T14:28:24.850+0000] {dagbag.py:541} INFO - Filling up the DagBag from /home/vscode/.local/lib/python3.10/site-packages/airflow/example_dags/example_params_trigger_ui.py
[2024-12-16T14:28:24.862+0000] {processor.py:836} INFO - DAG(s) dict_keys(['example_params_trigger_ui']) retrieved from /home/vscode/.local/lib/python3.10/site-packages/airflow/example_dags/example_params_trigger_ui.py
[2024-12-16T14:28:24.889+0000] {logging_mixin.py:150} INFO - [2024-12-16T14:28:24.889+0000] {dag.py:2742} INFO - Sync 1 DAGs
[2024-12-16T14:28:24.902+0000] {logging_mixin.py:150} INFO - [2024-12-16T14:28:24.902+0000] {dag.py:3504} INFO - Setting next_dagrun for example_params_trigger_ui to None, run_after=None
[2024-12-16T14:28:24.916+0000] {processor.py:179} INFO - Processing /home/vscode/.local/lib/python3.10/site-packages/airflow/example_dags/example_params_trigger_ui.py took 0.069 seconds
[2024-12-16T14:29:10.284+0000] {processor.py:157} INFO - Started process (PID=23270) to work on /home/vscode/.local/lib/python3.10/site-packages/airflow/example_dags/example_params_trigger_ui.py
[2024-12-16T14:29:10.285+0000] {processor.py:826} INFO - Processing file /home/vscode/.local/lib/python3.10/site-packages/airflow/example_dags/example_params_trigger_ui.py for tasks to queue
[2024-12-16T14:29:10.286+0000] {logging_mixin.py:150} INFO - [2024-12-16T14:29:10.285+0000] {dagbag.py:541} INFO - Filling up the DagBag from /home/vscode/.local/lib/python3.10/site-packages/airflow/example_dags/example_params_trigger_ui.py
[2024-12-16T14:29:10.297+0000] {processor.py:836} INFO - DAG(s) dict_keys(['example_params_trigger_ui']) retrieved from /home/vscode/.local/lib/python3.10/site-packages/airflow/example_dags/example_params_trigger_ui.py
[2024-12-16T14:29:10.325+0000] {logging_mixin.py:150} INFO - [2024-12-16T14:29:10.325+0000] {dag.py:2742} INFO - Sync 1 DAGs
[2024-12-16T14:29:10.338+0000] {logging_mixin.py:150} INFO - [2024-12-16T14:29:10.338+0000] {dag.py:3504} INFO - Setting next_dagrun for example_params_trigger_ui to None, run_after=None
[2024-12-16T14:29:10.352+0000] {processor.py:179} INFO - Processing /home/vscode/.local/lib/python3.10/site-packages/airflow/example_dags/example_params_trigger_ui.py took 0.070 seconds
[2024-12-16T14:29:59.369+0000] {processor.py:157} INFO - Started process (PID=23785) to work on /home/vscode/.local/lib/python3.10/site-packages/airflow/example_dags/example_params_trigger_ui.py
[2024-12-16T14:29:59.370+0000] {processor.py:826} INFO - Processing file /home/vscode/.local/lib/python3.10/site-packages/airflow/example_dags/example_params_trigger_ui.py for tasks to queue
[2024-12-16T14:29:59.371+0000] {logging_mixin.py:150} INFO - [2024-12-16T14:29:59.370+0000] {dagbag.py:541} INFO - Filling up the DagBag from /home/vscode/.local/lib/python3.10/site-packages/airflow/example_dags/example_params_trigger_ui.py
[2024-12-16T14:29:59.386+0000] {processor.py:836} INFO - DAG(s) dict_keys(['example_params_trigger_ui']) retrieved from /home/vscode/.local/lib/python3.10/site-packages/airflow/example_dags/example_params_trigger_ui.py
[2024-12-16T14:29:59.423+0000] {logging_mixin.py:150} INFO - [2024-12-16T14:29:59.423+0000] {dag.py:2742} INFO - Sync 1 DAGs
[2024-12-16T14:29:59.441+0000] {logging_mixin.py:150} INFO - [2024-12-16T14:29:59.440+0000] {dag.py:3504} INFO - Setting next_dagrun for example_params_trigger_ui to None, run_after=None
[2024-12-16T14:29:59.462+0000] {processor.py:179} INFO - Processing /home/vscode/.local/lib/python3.10/site-packages/airflow/example_dags/example_params_trigger_ui.py took 0.095 seconds
[2024-12-16T14:30:41.089+0000] {processor.py:157} INFO - Started process (PID=24211) to work on /home/vscode/.local/lib/python3.10/site-packages/airflow/example_dags/example_params_trigger_ui.py
[2024-12-16T14:30:41.090+0000] {processor.py:826} INFO - Processing file /home/vscode/.local/lib/python3.10/site-packages/airflow/example_dags/example_params_trigger_ui.py for tasks to queue
[2024-12-16T14:30:41.091+0000] {logging_mixin.py:150} INFO - [2024-12-16T14:30:41.090+0000] {dagbag.py:541} INFO - Filling up the DagBag from /home/vscode/.local/lib/python3.10/site-packages/airflow/example_dags/example_params_trigger_ui.py
[2024-12-16T14:30:41.102+0000] {processor.py:836} INFO - DAG(s) dict_keys(['example_params_trigger_ui']) retrieved from /home/vscode/.local/lib/python3.10/site-packages/airflow/example_dags/example_params_trigger_ui.py
[2024-12-16T14:30:41.129+0000] {logging_mixin.py:150} INFO - [2024-12-16T14:30:41.129+0000] {dag.py:2742} INFO - Sync 1 DAGs
[2024-12-16T14:30:41.143+0000] {logging_mixin.py:150} INFO - [2024-12-16T14:30:41.143+0000] {dag.py:3504} INFO - Setting next_dagrun for example_params_trigger_ui to None, run_after=None
[2024-12-16T14:30:41.157+0000] {processor.py:179} INFO - Processing /home/vscode/.local/lib/python3.10/site-packages/airflow/example_dags/example_params_trigger_ui.py took 0.069 seconds
[2024-12-16T14:31:26.813+0000] {processor.py:157} INFO - Started process (PID=24635) to work on /home/vscode/.local/lib/python3.10/site-packages/airflow/example_dags/example_params_trigger_ui.py
[2024-12-16T14:31:26.814+0000] {processor.py:826} INFO - Processing file /home/vscode/.local/lib/python3.10/site-packages/airflow/example_dags/example_params_trigger_ui.py for tasks to queue
[2024-12-16T14:31:26.815+0000] {logging_mixin.py:150} INFO - [2024-12-16T14:31:26.815+0000] {dagbag.py:541} INFO - Filling up the DagBag from /home/vscode/.local/lib/python3.10/site-packages/airflow/example_dags/example_params_trigger_ui.py
[2024-12-16T14:31:26.826+0000] {processor.py:836} INFO - DAG(s) dict_keys(['example_params_trigger_ui']) retrieved from /home/vscode/.local/lib/python3.10/site-packages/airflow/example_dags/example_params_trigger_ui.py
[2024-12-16T14:31:26.864+0000] {logging_mixin.py:150} INFO - [2024-12-16T14:31:26.864+0000] {dag.py:2742} INFO - Sync 1 DAGs
[2024-12-16T14:31:26.881+0000] {logging_mixin.py:150} INFO - [2024-12-16T14:31:26.881+0000] {dag.py:3504} INFO - Setting next_dagrun for example_params_trigger_ui to None, run_after=None
[2024-12-16T14:31:26.894+0000] {processor.py:179} INFO - Processing /home/vscode/.local/lib/python3.10/site-packages/airflow/example_dags/example_params_trigger_ui.py took 0.083 seconds
[2024-12-16T14:32:13.048+0000] {processor.py:157} INFO - Started process (PID=25172) to work on /home/vscode/.local/lib/python3.10/site-packages/airflow/example_dags/example_params_trigger_ui.py
[2024-12-16T14:32:13.049+0000] {processor.py:826} INFO - Processing file /home/vscode/.local/lib/python3.10/site-packages/airflow/example_dags/example_params_trigger_ui.py for tasks to queue
[2024-12-16T14:32:13.050+0000] {logging_mixin.py:150} INFO - [2024-12-16T14:32:13.050+0000] {dagbag.py:541} INFO - Filling up the DagBag from /home/vscode/.local/lib/python3.10/site-packages/airflow/example_dags/example_params_trigger_ui.py
[2024-12-16T14:32:13.061+0000] {processor.py:836} INFO - DAG(s) dict_keys(['example_params_trigger_ui']) retrieved from /home/vscode/.local/lib/python3.10/site-packages/airflow/example_dags/example_params_trigger_ui.py
[2024-12-16T14:32:13.089+0000] {logging_mixin.py:150} INFO - [2024-12-16T14:32:13.089+0000] {dag.py:2742} INFO - Sync 1 DAGs
[2024-12-16T14:32:13.102+0000] {logging_mixin.py:150} INFO - [2024-12-16T14:32:13.102+0000] {dag.py:3504} INFO - Setting next_dagrun for example_params_trigger_ui to None, run_after=None
[2024-12-16T14:32:13.116+0000] {processor.py:179} INFO - Processing /home/vscode/.local/lib/python3.10/site-packages/airflow/example_dags/example_params_trigger_ui.py took 0.070 seconds
[2024-12-16T14:32:54.101+0000] {processor.py:157} INFO - Started process (PID=25445) to work on /home/vscode/.local/lib/python3.10/site-packages/airflow/example_dags/example_params_trigger_ui.py
[2024-12-16T14:32:54.102+0000] {processor.py:826} INFO - Processing file /home/vscode/.local/lib/python3.10/site-packages/airflow/example_dags/example_params_trigger_ui.py for tasks to queue
[2024-12-16T14:32:54.103+0000] {logging_mixin.py:150} INFO - [2024-12-16T14:32:54.103+0000] {dagbag.py:541} INFO - Filling up the DagBag from /home/vscode/.local/lib/python3.10/site-packages/airflow/example_dags/example_params_trigger_ui.py
[2024-12-16T14:32:54.114+0000] {processor.py:836} INFO - DAG(s) dict_keys(['example_params_trigger_ui']) retrieved from /home/vscode/.local/lib/python3.10/site-packages/airflow/example_dags/example_params_trigger_ui.py
[2024-12-16T14:32:54.141+0000] {logging_mixin.py:150} INFO - [2024-12-16T14:32:54.141+0000] {dag.py:2742} INFO - Sync 1 DAGs
[2024-12-16T14:32:54.153+0000] {logging_mixin.py:150} INFO - [2024-12-16T14:32:54.153+0000] {dag.py:3504} INFO - Setting next_dagrun for example_params_trigger_ui to None, run_after=None
[2024-12-16T14:32:54.167+0000] {processor.py:179} INFO - Processing /home/vscode/.local/lib/python3.10/site-packages/airflow/example_dags/example_params_trigger_ui.py took 0.068 seconds
[2024-12-16T14:33:35.259+0000] {processor.py:157} INFO - Started process (PID=25738) to work on /home/vscode/.local/lib/python3.10/site-packages/airflow/example_dags/example_params_trigger_ui.py
[2024-12-16T14:33:35.260+0000] {processor.py:826} INFO - Processing file /home/vscode/.local/lib/python3.10/site-packages/airflow/example_dags/example_params_trigger_ui.py for tasks to queue
[2024-12-16T14:33:35.261+0000] {logging_mixin.py:150} INFO - [2024-12-16T14:33:35.260+0000] {dagbag.py:541} INFO - Filling up the DagBag from /home/vscode/.local/lib/python3.10/site-packages/airflow/example_dags/example_params_trigger_ui.py
[2024-12-16T14:33:35.272+0000] {processor.py:836} INFO - DAG(s) dict_keys(['example_params_trigger_ui']) retrieved from /home/vscode/.local/lib/python3.10/site-packages/airflow/example_dags/example_params_trigger_ui.py
[2024-12-16T14:33:35.300+0000] {logging_mixin.py:150} INFO - [2024-12-16T14:33:35.300+0000] {dag.py:2742} INFO - Sync 1 DAGs
[2024-12-16T14:33:35.313+0000] {logging_mixin.py:150} INFO - [2024-12-16T14:33:35.313+0000] {dag.py:3504} INFO - Setting next_dagrun for example_params_trigger_ui to None, run_after=None
[2024-12-16T14:33:35.326+0000] {processor.py:179} INFO - Processing /home/vscode/.local/lib/python3.10/site-packages/airflow/example_dags/example_params_trigger_ui.py took 0.069 seconds
[2024-12-16T14:34:17.459+0000] {processor.py:157} INFO - Started process (PID=26073) to work on /home/vscode/.local/lib/python3.10/site-packages/airflow/example_dags/example_params_trigger_ui.py
[2024-12-16T14:34:17.459+0000] {processor.py:826} INFO - Processing file /home/vscode/.local/lib/python3.10/site-packages/airflow/example_dags/example_params_trigger_ui.py for tasks to queue
[2024-12-16T14:34:17.460+0000] {logging_mixin.py:150} INFO - [2024-12-16T14:34:17.460+0000] {dagbag.py:541} INFO - Filling up the DagBag from /home/vscode/.local/lib/python3.10/site-packages/airflow/example_dags/example_params_trigger_ui.py
[2024-12-16T14:34:17.471+0000] {processor.py:836} INFO - DAG(s) dict_keys(['example_params_trigger_ui']) retrieved from /home/vscode/.local/lib/python3.10/site-packages/airflow/example_dags/example_params_trigger_ui.py
[2024-12-16T14:34:17.498+0000] {logging_mixin.py:150} INFO - [2024-12-16T14:34:17.498+0000] {dag.py:2742} INFO - Sync 1 DAGs
[2024-12-16T14:34:17.511+0000] {logging_mixin.py:150} INFO - [2024-12-16T14:34:17.511+0000] {dag.py:3504} INFO - Setting next_dagrun for example_params_trigger_ui to None, run_after=None
[2024-12-16T14:34:17.525+0000] {processor.py:179} INFO - Processing /home/vscode/.local/lib/python3.10/site-packages/airflow/example_dags/example_params_trigger_ui.py took 0.068 seconds
[2024-12-16T14:34:57.702+0000] {processor.py:157} INFO - Started process (PID=26353) to work on /home/vscode/.local/lib/python3.10/site-packages/airflow/example_dags/example_params_trigger_ui.py
[2024-12-16T14:34:57.703+0000] {processor.py:826} INFO - Processing file /home/vscode/.local/lib/python3.10/site-packages/airflow/example_dags/example_params_trigger_ui.py for tasks to queue
[2024-12-16T14:34:57.704+0000] {logging_mixin.py:150} INFO - [2024-12-16T14:34:57.704+0000] {dagbag.py:541} INFO - Filling up the DagBag from /home/vscode/.local/lib/python3.10/site-packages/airflow/example_dags/example_params_trigger_ui.py
[2024-12-16T14:34:57.716+0000] {processor.py:836} INFO - DAG(s) dict_keys(['example_params_trigger_ui']) retrieved from /home/vscode/.local/lib/python3.10/site-packages/airflow/example_dags/example_params_trigger_ui.py
[2024-12-16T14:34:57.743+0000] {logging_mixin.py:150} INFO - [2024-12-16T14:34:57.743+0000] {dag.py:2742} INFO - Sync 1 DAGs
[2024-12-16T14:34:57.756+0000] {logging_mixin.py:150} INFO - [2024-12-16T14:34:57.756+0000] {dag.py:3504} INFO - Setting next_dagrun for example_params_trigger_ui to None, run_after=None
[2024-12-16T14:34:57.770+0000] {processor.py:179} INFO - Processing /home/vscode/.local/lib/python3.10/site-packages/airflow/example_dags/example_params_trigger_ui.py took 0.070 seconds
