[2024-12-16T14:27:09.057+0000] {processor.py:157} INFO - Started process (PID=21963) to work on /home/vscode/.local/lib/python3.10/site-packages/airflow/example_dags/example_branch_operator_decorator.py
[2024-12-16T14:27:09.057+0000] {processor.py:826} INFO - Processing file /home/vscode/.local/lib/python3.10/site-packages/airflow/example_dags/example_branch_operator_decorator.py for tasks to queue
[2024-12-16T14:27:09.058+0000] {logging_mixin.py:150} INFO - [2024-12-16T14:27:09.058+0000] {dagbag.py:541} INFO - Filling up the DagBag from /home/vscode/.local/lib/python3.10/site-packages/airflow/example_dags/example_branch_operator_decorator.py
[2024-12-16T14:27:09.137+0000] {processor.py:836} INFO - DAG(s) dict_keys(['example_branch_python_operator_decorator']) retrieved from /home/vscode/.local/lib/python3.10/site-packages/airflow/example_dags/example_branch_operator_decorator.py
[2024-12-16T14:27:09.148+0000] {logging_mixin.py:150} INFO - [2024-12-16T14:27:09.148+0000] {dag.py:2742} INFO - Sync 1 DAGs
[2024-12-16T14:27:09.160+0000] {logging_mixin.py:150} INFO - [2024-12-16T14:27:09.160+0000] {dag.py:3504} INFO - Setting next_dagrun for example_branch_python_operator_decorator to 2024-12-15T00:00:00+00:00, run_after=2024-12-16T00:00:00+00:00
[2024-12-16T14:27:09.173+0000] {processor.py:179} INFO - Processing /home/vscode/.local/lib/python3.10/site-packages/airflow/example_dags/example_branch_operator_decorator.py took 0.119 seconds
[2024-12-16T14:28:09.283+0000] {processor.py:157} INFO - Started process (PID=22747) to work on /home/vscode/.local/lib/python3.10/site-packages/airflow/example_dags/example_branch_operator_decorator.py
[2024-12-16T14:28:09.284+0000] {processor.py:826} INFO - Processing file /home/vscode/.local/lib/python3.10/site-packages/airflow/example_dags/example_branch_operator_decorator.py for tasks to queue
[2024-12-16T14:28:09.284+0000] {logging_mixin.py:150} INFO - [2024-12-16T14:28:09.284+0000] {dagbag.py:541} INFO - Filling up the DagBag from /home/vscode/.local/lib/python3.10/site-packages/airflow/example_dags/example_branch_operator_decorator.py
[2024-12-16T14:28:09.291+0000] {processor.py:836} INFO - DAG(s) dict_keys(['example_branch_python_operator_decorator']) retrieved from /home/vscode/.local/lib/python3.10/site-packages/airflow/example_dags/example_branch_operator_decorator.py
[2024-12-16T14:28:09.303+0000] {logging_mixin.py:150} INFO - [2024-12-16T14:28:09.303+0000] {dag.py:2742} INFO - Sync 1 DAGs
[2024-12-16T14:28:09.317+0000] {logging_mixin.py:150} INFO - [2024-12-16T14:28:09.317+0000] {dag.py:3504} INFO - Setting next_dagrun for example_branch_python_operator_decorator to 2024-12-15T00:00:00+00:00, run_after=2024-12-16T00:00:00+00:00
[2024-12-16T14:28:09.333+0000] {processor.py:179} INFO - Processing /home/vscode/.local/lib/python3.10/site-packages/airflow/example_dags/example_branch_operator_decorator.py took 0.052 seconds
[2024-12-16T14:29:15.160+0000] {processor.py:157} INFO - Started process (PID=23342) to work on /home/vscode/.local/lib/python3.10/site-packages/airflow/example_dags/example_branch_operator_decorator.py
[2024-12-16T14:29:15.161+0000] {processor.py:826} INFO - Processing file /home/vscode/.local/lib/python3.10/site-packages/airflow/example_dags/example_branch_operator_decorator.py for tasks to queue
[2024-12-16T14:29:15.162+0000] {logging_mixin.py:150} INFO - [2024-12-16T14:29:15.162+0000] {dagbag.py:541} INFO - Filling up the DagBag from /home/vscode/.local/lib/python3.10/site-packages/airflow/example_dags/example_branch_operator_decorator.py
[2024-12-16T14:29:15.169+0000] {processor.py:836} INFO - DAG(s) dict_keys(['example_branch_python_operator_decorator']) retrieved from /home/vscode/.local/lib/python3.10/site-packages/airflow/example_dags/example_branch_operator_decorator.py
[2024-12-16T14:29:15.182+0000] {logging_mixin.py:150} INFO - [2024-12-16T14:29:15.182+0000] {dag.py:2742} INFO - Sync 1 DAGs
[2024-12-16T14:29:15.196+0000] {logging_mixin.py:150} INFO - [2024-12-16T14:29:15.196+0000] {dag.py:3504} INFO - Setting next_dagrun for example_branch_python_operator_decorator to 2024-12-15T00:00:00+00:00, run_after=2024-12-16T00:00:00+00:00
[2024-12-16T14:29:15.210+0000] {processor.py:179} INFO - Processing /home/vscode/.local/lib/python3.10/site-packages/airflow/example_dags/example_branch_operator_decorator.py took 0.051 seconds
[2024-12-16T14:30:14.803+0000] {processor.py:157} INFO - Started process (PID=23958) to work on /home/vscode/.local/lib/python3.10/site-packages/airflow/example_dags/example_branch_operator_decorator.py
[2024-12-16T14:30:14.804+0000] {processor.py:826} INFO - Processing file /home/vscode/.local/lib/python3.10/site-packages/airflow/example_dags/example_branch_operator_decorator.py for tasks to queue
[2024-12-16T14:30:14.805+0000] {logging_mixin.py:150} INFO - [2024-12-16T14:30:14.805+0000] {dagbag.py:541} INFO - Filling up the DagBag from /home/vscode/.local/lib/python3.10/site-packages/airflow/example_dags/example_branch_operator_decorator.py
[2024-12-16T14:30:14.812+0000] {processor.py:836} INFO - DAG(s) dict_keys(['example_branch_python_operator_decorator']) retrieved from /home/vscode/.local/lib/python3.10/site-packages/airflow/example_dags/example_branch_operator_decorator.py
[2024-12-16T14:30:14.824+0000] {logging_mixin.py:150} INFO - [2024-12-16T14:30:14.824+0000] {dag.py:2742} INFO - Sync 1 DAGs
[2024-12-16T14:30:14.838+0000] {logging_mixin.py:150} INFO - [2024-12-16T14:30:14.838+0000] {dag.py:3504} INFO - Setting next_dagrun for example_branch_python_operator_decorator to 2024-12-15T00:00:00+00:00, run_after=2024-12-16T00:00:00+00:00
[2024-12-16T14:30:14.851+0000] {processor.py:179} INFO - Processing /home/vscode/.local/lib/python3.10/site-packages/airflow/example_dags/example_branch_operator_decorator.py took 0.050 seconds
