[2024-12-16T14:26:46.714+0000] {processor.py:157} INFO - Started process (PID=21713) to work on /home/vscode/.local/lib/python3.10/site-packages/airflow/example_dags/example_subdag_operator.py
[2024-12-16T14:26:46.715+0000] {processor.py:826} INFO - Processing file /home/vscode/.local/lib/python3.10/site-packages/airflow/example_dags/example_subdag_operator.py for tasks to queue
[2024-12-16T14:26:46.716+0000] {logging_mixin.py:150} INFO - [2024-12-16T14:26:46.715+0000] {dagbag.py:541} INFO - Filling up the DagBag from /home/vscode/.local/lib/python3.10/site-packages/airflow/example_dags/example_subdag_operator.py
[2024-12-16T14:26:46.736+0000] {processor.py:836} INFO - DAG(s) dict_keys(['example_subdag_operator.section-1', 'example_subdag_operator.section-2', 'example_subdag_operator']) retrieved from /home/vscode/.local/lib/python3.10/site-packages/airflow/example_dags/example_subdag_operator.py
[2024-12-16T14:26:46.762+0000] {logging_mixin.py:150} INFO - [2024-12-16T14:26:46.762+0000] {dag.py:2742} INFO - Sync 3 DAGs
[2024-12-16T14:26:46.891+0000] {logging_mixin.py:150} INFO - [2024-12-16T14:26:46.891+0000] {dag.py:3504} INFO - Setting next_dagrun for example_subdag_operator to 2022-01-01T00:00:00+00:00, run_after=2022-01-01T00:00:00+00:00
[2024-12-16T14:26:46.894+0000] {logging_mixin.py:150} INFO - [2024-12-16T14:26:46.894+0000] {dag.py:3504} INFO - Setting next_dagrun for example_subdag_operator.section-1 to None, run_after=None
[2024-12-16T14:26:46.895+0000] {logging_mixin.py:150} INFO - [2024-12-16T14:26:46.895+0000] {dag.py:3504} INFO - Setting next_dagrun for example_subdag_operator.section-2 to None, run_after=None
[2024-12-16T14:26:46.901+0000] {logging_mixin.py:150} INFO - [2024-12-16T14:26:46.901+0000] {dag.py:2742} INFO - Sync 2 DAGs
[2024-12-16T14:26:46.906+0000] {logging_mixin.py:150} INFO - [2024-12-16T14:26:46.906+0000] {dag.py:3504} INFO - Setting next_dagrun for example_subdag_operator.section-1 to None, run_after=None
[2024-12-16T14:26:46.906+0000] {logging_mixin.py:150} INFO - [2024-12-16T14:26:46.906+0000] {dag.py:3504} INFO - Setting next_dagrun for example_subdag_operator.section-2 to None, run_after=None
[2024-12-16T14:26:46.919+0000] {processor.py:179} INFO - Processing /home/vscode/.local/lib/python3.10/site-packages/airflow/example_dags/example_subdag_operator.py took 0.208 seconds
[2024-12-16T14:27:39.971+0000] {processor.py:157} INFO - Started process (PID=22364) to work on /home/vscode/.local/lib/python3.10/site-packages/airflow/example_dags/example_subdag_operator.py
[2024-12-16T14:27:39.971+0000] {processor.py:826} INFO - Processing file /home/vscode/.local/lib/python3.10/site-packages/airflow/example_dags/example_subdag_operator.py for tasks to queue
[2024-12-16T14:27:39.972+0000] {logging_mixin.py:150} INFO - [2024-12-16T14:27:39.972+0000] {dagbag.py:541} INFO - Filling up the DagBag from /home/vscode/.local/lib/python3.10/site-packages/airflow/example_dags/example_subdag_operator.py
[2024-12-16T14:27:39.986+0000] {processor.py:836} INFO - DAG(s) dict_keys(['example_subdag_operator.section-1', 'example_subdag_operator.section-2', 'example_subdag_operator']) retrieved from /home/vscode/.local/lib/python3.10/site-packages/airflow/example_dags/example_subdag_operator.py
[2024-12-16T14:27:39.996+0000] {logging_mixin.py:150} INFO - [2024-12-16T14:27:39.996+0000] {dag.py:2742} INFO - Sync 3 DAGs
[2024-12-16T14:27:40.009+0000] {logging_mixin.py:150} INFO - [2024-12-16T14:27:40.009+0000] {dag.py:3504} INFO - Setting next_dagrun for example_subdag_operator to 2022-01-01T00:00:00+00:00, run_after=2022-01-01T00:00:00+00:00
[2024-12-16T14:27:40.011+0000] {logging_mixin.py:150} INFO - [2024-12-16T14:27:40.011+0000] {dag.py:3504} INFO - Setting next_dagrun for example_subdag_operator.section-1 to None, run_after=None
[2024-12-16T14:27:40.012+0000] {logging_mixin.py:150} INFO - [2024-12-16T14:27:40.012+0000] {dag.py:3504} INFO - Setting next_dagrun for example_subdag_operator.section-2 to None, run_after=None
[2024-12-16T14:27:40.017+0000] {logging_mixin.py:150} INFO - [2024-12-16T14:27:40.017+0000] {dag.py:2742} INFO - Sync 2 DAGs
[2024-12-16T14:27:40.021+0000] {logging_mixin.py:150} INFO - [2024-12-16T14:27:40.021+0000] {dag.py:3504} INFO - Setting next_dagrun for example_subdag_operator.section-1 to None, run_after=None
[2024-12-16T14:27:40.021+0000] {logging_mixin.py:150} INFO - [2024-12-16T14:27:40.021+0000] {dag.py:3504} INFO - Setting next_dagrun for example_subdag_operator.section-2 to None, run_after=None
[2024-12-16T14:27:40.031+0000] {processor.py:179} INFO - Processing /home/vscode/.local/lib/python3.10/site-packages/airflow/example_dags/example_subdag_operator.py took 0.062 seconds
[2024-12-16T14:28:29.883+0000] {processor.py:157} INFO - Started process (PID=22915) to work on /home/vscode/.local/lib/python3.10/site-packages/airflow/example_dags/example_subdag_operator.py
[2024-12-16T14:28:29.884+0000] {processor.py:826} INFO - Processing file /home/vscode/.local/lib/python3.10/site-packages/airflow/example_dags/example_subdag_operator.py for tasks to queue
[2024-12-16T14:28:29.885+0000] {logging_mixin.py:150} INFO - [2024-12-16T14:28:29.885+0000] {dagbag.py:541} INFO - Filling up the DagBag from /home/vscode/.local/lib/python3.10/site-packages/airflow/example_dags/example_subdag_operator.py
[2024-12-16T14:28:29.898+0000] {processor.py:836} INFO - DAG(s) dict_keys(['example_subdag_operator.section-1', 'example_subdag_operator.section-2', 'example_subdag_operator']) retrieved from /home/vscode/.local/lib/python3.10/site-packages/airflow/example_dags/example_subdag_operator.py
[2024-12-16T14:28:29.909+0000] {logging_mixin.py:150} INFO - [2024-12-16T14:28:29.909+0000] {dag.py:2742} INFO - Sync 3 DAGs
[2024-12-16T14:28:29.921+0000] {logging_mixin.py:150} INFO - [2024-12-16T14:28:29.921+0000] {dag.py:3504} INFO - Setting next_dagrun for example_subdag_operator to 2022-01-01T00:00:00+00:00, run_after=2022-01-01T00:00:00+00:00
[2024-12-16T14:28:29.923+0000] {logging_mixin.py:150} INFO - [2024-12-16T14:28:29.923+0000] {dag.py:3504} INFO - Setting next_dagrun for example_subdag_operator.section-1 to None, run_after=None
[2024-12-16T14:28:29.924+0000] {logging_mixin.py:150} INFO - [2024-12-16T14:28:29.924+0000] {dag.py:3504} INFO - Setting next_dagrun for example_subdag_operator.section-2 to None, run_after=None
[2024-12-16T14:28:29.928+0000] {logging_mixin.py:150} INFO - [2024-12-16T14:28:29.928+0000] {dag.py:2742} INFO - Sync 2 DAGs
[2024-12-16T14:28:29.931+0000] {logging_mixin.py:150} INFO - [2024-12-16T14:28:29.931+0000] {dag.py:3504} INFO - Setting next_dagrun for example_subdag_operator.section-1 to None, run_after=None
[2024-12-16T14:28:29.931+0000] {logging_mixin.py:150} INFO - [2024-12-16T14:28:29.931+0000] {dag.py:3504} INFO - Setting next_dagrun for example_subdag_operator.section-2 to None, run_after=None
[2024-12-16T14:28:29.941+0000] {processor.py:179} INFO - Processing /home/vscode/.local/lib/python3.10/site-packages/airflow/example_dags/example_subdag_operator.py took 0.060 seconds
[2024-12-16T14:29:21.409+0000] {processor.py:157} INFO - Started process (PID=23416) to work on /home/vscode/.local/lib/python3.10/site-packages/airflow/example_dags/example_subdag_operator.py
[2024-12-16T14:29:21.410+0000] {processor.py:826} INFO - Processing file /home/vscode/.local/lib/python3.10/site-packages/airflow/example_dags/example_subdag_operator.py for tasks to queue
[2024-12-16T14:29:21.410+0000] {logging_mixin.py:150} INFO - [2024-12-16T14:29:21.410+0000] {dagbag.py:541} INFO - Filling up the DagBag from /home/vscode/.local/lib/python3.10/site-packages/airflow/example_dags/example_subdag_operator.py
[2024-12-16T14:29:21.424+0000] {processor.py:836} INFO - DAG(s) dict_keys(['example_subdag_operator.section-1', 'example_subdag_operator.section-2', 'example_subdag_operator']) retrieved from /home/vscode/.local/lib/python3.10/site-packages/airflow/example_dags/example_subdag_operator.py
[2024-12-16T14:29:21.435+0000] {logging_mixin.py:150} INFO - [2024-12-16T14:29:21.435+0000] {dag.py:2742} INFO - Sync 3 DAGs
[2024-12-16T14:29:21.448+0000] {logging_mixin.py:150} INFO - [2024-12-16T14:29:21.448+0000] {dag.py:3504} INFO - Setting next_dagrun for example_subdag_operator to 2022-01-01T00:00:00+00:00, run_after=2022-01-01T00:00:00+00:00
[2024-12-16T14:29:21.450+0000] {logging_mixin.py:150} INFO - [2024-12-16T14:29:21.450+0000] {dag.py:3504} INFO - Setting next_dagrun for example_subdag_operator.section-1 to None, run_after=None
[2024-12-16T14:29:21.451+0000] {logging_mixin.py:150} INFO - [2024-12-16T14:29:21.451+0000] {dag.py:3504} INFO - Setting next_dagrun for example_subdag_operator.section-2 to None, run_after=None
[2024-12-16T14:29:21.455+0000] {logging_mixin.py:150} INFO - [2024-12-16T14:29:21.455+0000] {dag.py:2742} INFO - Sync 2 DAGs
[2024-12-16T14:29:21.458+0000] {logging_mixin.py:150} INFO - [2024-12-16T14:29:21.458+0000] {dag.py:3504} INFO - Setting next_dagrun for example_subdag_operator.section-1 to None, run_after=None
[2024-12-16T14:29:21.458+0000] {logging_mixin.py:150} INFO - [2024-12-16T14:29:21.458+0000] {dag.py:3504} INFO - Setting next_dagrun for example_subdag_operator.section-2 to None, run_after=None
[2024-12-16T14:29:21.468+0000] {processor.py:179} INFO - Processing /home/vscode/.local/lib/python3.10/site-packages/airflow/example_dags/example_subdag_operator.py took 0.061 seconds
[2024-12-16T14:30:05.653+0000] {processor.py:157} INFO - Started process (PID=23840) to work on /home/vscode/.local/lib/python3.10/site-packages/airflow/example_dags/example_subdag_operator.py
[2024-12-16T14:30:05.654+0000] {processor.py:826} INFO - Processing file /home/vscode/.local/lib/python3.10/site-packages/airflow/example_dags/example_subdag_operator.py for tasks to queue
[2024-12-16T14:30:05.655+0000] {logging_mixin.py:150} INFO - [2024-12-16T14:30:05.655+0000] {dagbag.py:541} INFO - Filling up the DagBag from /home/vscode/.local/lib/python3.10/site-packages/airflow/example_dags/example_subdag_operator.py
[2024-12-16T14:30:05.669+0000] {processor.py:836} INFO - DAG(s) dict_keys(['example_subdag_operator.section-1', 'example_subdag_operator.section-2', 'example_subdag_operator']) retrieved from /home/vscode/.local/lib/python3.10/site-packages/airflow/example_dags/example_subdag_operator.py
[2024-12-16T14:30:05.680+0000] {logging_mixin.py:150} INFO - [2024-12-16T14:30:05.680+0000] {dag.py:2742} INFO - Sync 3 DAGs
[2024-12-16T14:30:05.692+0000] {logging_mixin.py:150} INFO - [2024-12-16T14:30:05.692+0000] {dag.py:3504} INFO - Setting next_dagrun for example_subdag_operator to 2022-01-01T00:00:00+00:00, run_after=2022-01-01T00:00:00+00:00
[2024-12-16T14:30:05.694+0000] {logging_mixin.py:150} INFO - [2024-12-16T14:30:05.694+0000] {dag.py:3504} INFO - Setting next_dagrun for example_subdag_operator.section-1 to None, run_after=None
[2024-12-16T14:30:05.695+0000] {logging_mixin.py:150} INFO - [2024-12-16T14:30:05.695+0000] {dag.py:3504} INFO - Setting next_dagrun for example_subdag_operator.section-2 to None, run_after=None
[2024-12-16T14:30:05.699+0000] {logging_mixin.py:150} INFO - [2024-12-16T14:30:05.699+0000] {dag.py:2742} INFO - Sync 2 DAGs
[2024-12-16T14:30:05.702+0000] {logging_mixin.py:150} INFO - [2024-12-16T14:30:05.702+0000] {dag.py:3504} INFO - Setting next_dagrun for example_subdag_operator.section-1 to None, run_after=None
[2024-12-16T14:30:05.703+0000] {logging_mixin.py:150} INFO - [2024-12-16T14:30:05.703+0000] {dag.py:3504} INFO - Setting next_dagrun for example_subdag_operator.section-2 to None, run_after=None
[2024-12-16T14:30:05.712+0000] {processor.py:179} INFO - Processing /home/vscode/.local/lib/python3.10/site-packages/airflow/example_dags/example_subdag_operator.py took 0.061 seconds
