[2024-12-16T14:27:15.555+0000] {processor.py:157} INFO - Started process (PID=22037) to work on /home/vscode/.local/lib/python3.10/site-packages/airflow/example_dags/example_complex.py
[2024-12-16T14:27:15.555+0000] {processor.py:826} INFO - Processing file /home/vscode/.local/lib/python3.10/site-packages/airflow/example_dags/example_complex.py for tasks to queue
[2024-12-16T14:27:15.556+0000] {logging_mixin.py:150} INFO - [2024-12-16T14:27:15.556+0000] {dagbag.py:541} INFO - Filling up the DagBag from /home/vscode/.local/lib/python3.10/site-packages/airflow/example_dags/example_complex.py
[2024-12-16T14:27:15.569+0000] {processor.py:836} INFO - DAG(s) dict_keys(['example_complex']) retrieved from /home/vscode/.local/lib/python3.10/site-packages/airflow/example_dags/example_complex.py
[2024-12-16T14:27:15.593+0000] {logging_mixin.py:150} INFO - [2024-12-16T14:27:15.593+0000] {dag.py:2742} INFO - Sync 1 DAGs
[2024-12-16T14:27:15.606+0000] {logging_mixin.py:150} INFO - [2024-12-16T14:27:15.606+0000] {dag.py:3504} INFO - Setting next_dagrun for example_complex to None, run_after=None
[2024-12-16T14:27:15.621+0000] {processor.py:179} INFO - Processing /home/vscode/.local/lib/python3.10/site-packages/airflow/example_dags/example_complex.py took 0.069 seconds
[2024-12-16T14:28:33.972+0000] {processor.py:157} INFO - Started process (PID=22946) to work on /home/vscode/.local/lib/python3.10/site-packages/airflow/example_dags/example_complex.py
[2024-12-16T14:28:33.973+0000] {processor.py:826} INFO - Processing file /home/vscode/.local/lib/python3.10/site-packages/airflow/example_dags/example_complex.py for tasks to queue
[2024-12-16T14:28:33.973+0000] {logging_mixin.py:150} INFO - [2024-12-16T14:28:33.973+0000] {dagbag.py:541} INFO - Filling up the DagBag from /home/vscode/.local/lib/python3.10/site-packages/airflow/example_dags/example_complex.py
[2024-12-16T14:28:33.981+0000] {processor.py:836} INFO - DAG(s) dict_keys(['example_complex']) retrieved from /home/vscode/.local/lib/python3.10/site-packages/airflow/example_dags/example_complex.py
[2024-12-16T14:28:33.999+0000] {logging_mixin.py:150} INFO - [2024-12-16T14:28:33.999+0000] {dag.py:2742} INFO - Sync 1 DAGs
[2024-12-16T14:28:34.011+0000] {logging_mixin.py:150} INFO - [2024-12-16T14:28:34.011+0000] {dag.py:3504} INFO - Setting next_dagrun for example_complex to None, run_after=None
[2024-12-16T14:28:34.025+0000] {processor.py:179} INFO - Processing /home/vscode/.local/lib/python3.10/site-packages/airflow/example_dags/example_complex.py took 0.055 seconds
[2024-12-16T14:29:34.667+0000] {processor.py:157} INFO - Started process (PID=23582) to work on /home/vscode/.local/lib/python3.10/site-packages/airflow/example_dags/example_complex.py
[2024-12-16T14:29:34.668+0000] {processor.py:826} INFO - Processing file /home/vscode/.local/lib/python3.10/site-packages/airflow/example_dags/example_complex.py for tasks to queue
[2024-12-16T14:29:34.669+0000] {logging_mixin.py:150} INFO - [2024-12-16T14:29:34.669+0000] {dagbag.py:541} INFO - Filling up the DagBag from /home/vscode/.local/lib/python3.10/site-packages/airflow/example_dags/example_complex.py
[2024-12-16T14:29:34.676+0000] {processor.py:836} INFO - DAG(s) dict_keys(['example_complex']) retrieved from /home/vscode/.local/lib/python3.10/site-packages/airflow/example_dags/example_complex.py
[2024-12-16T14:29:34.694+0000] {logging_mixin.py:150} INFO - [2024-12-16T14:29:34.694+0000] {dag.py:2742} INFO - Sync 1 DAGs
[2024-12-16T14:29:34.706+0000] {logging_mixin.py:150} INFO - [2024-12-16T14:29:34.706+0000] {dag.py:3504} INFO - Setting next_dagrun for example_complex to None, run_after=None
[2024-12-16T14:29:34.720+0000] {processor.py:179} INFO - Processing /home/vscode/.local/lib/python3.10/site-packages/airflow/example_dags/example_complex.py took 0.054 seconds
[2024-12-16T14:30:35.416+0000] {processor.py:157} INFO - Started process (PID=24152) to work on /home/vscode/.local/lib/python3.10/site-packages/airflow/example_dags/example_complex.py
[2024-12-16T14:30:35.417+0000] {processor.py:826} INFO - Processing file /home/vscode/.local/lib/python3.10/site-packages/airflow/example_dags/example_complex.py for tasks to queue
[2024-12-16T14:30:35.417+0000] {logging_mixin.py:150} INFO - [2024-12-16T14:30:35.417+0000] {dagbag.py:541} INFO - Filling up the DagBag from /home/vscode/.local/lib/python3.10/site-packages/airflow/example_dags/example_complex.py
[2024-12-16T14:30:35.425+0000] {processor.py:836} INFO - DAG(s) dict_keys(['example_complex']) retrieved from /home/vscode/.local/lib/python3.10/site-packages/airflow/example_dags/example_complex.py
[2024-12-16T14:30:35.443+0000] {logging_mixin.py:150} INFO - [2024-12-16T14:30:35.443+0000] {dag.py:2742} INFO - Sync 1 DAGs
[2024-12-16T14:30:35.457+0000] {logging_mixin.py:150} INFO - [2024-12-16T14:30:35.457+0000] {dag.py:3504} INFO - Setting next_dagrun for example_complex to None, run_after=None
[2024-12-16T14:30:35.471+0000] {processor.py:179} INFO - Processing /home/vscode/.local/lib/python3.10/site-packages/airflow/example_dags/example_complex.py took 0.057 seconds
