[2024-12-16T14:27:12.660+0000] {processor.py:157} INFO - Started process (PID=22025) to work on /home/vscode/.local/lib/python3.10/site-packages/airflow/example_dags/example_branch_day_of_week_operator.py
[2024-12-16T14:27:12.661+0000] {processor.py:826} INFO - Processing file /home/vscode/.local/lib/python3.10/site-packages/airflow/example_dags/example_branch_day_of_week_operator.py for tasks to queue
[2024-12-16T14:27:12.661+0000] {logging_mixin.py:150} INFO - [2024-12-16T14:27:12.661+0000] {dagbag.py:541} INFO - Filling up the DagBag from /home/vscode/.local/lib/python3.10/site-packages/airflow/example_dags/example_branch_day_of_week_operator.py
[2024-12-16T14:27:12.667+0000] {processor.py:836} INFO - DAG(s) dict_keys(['example_weekday_branch_operator']) retrieved from /home/vscode/.local/lib/python3.10/site-packages/airflow/example_dags/example_branch_day_of_week_operator.py
[2024-12-16T14:27:12.680+0000] {logging_mixin.py:150} INFO - [2024-12-16T14:27:12.680+0000] {dag.py:2742} INFO - Sync 1 DAGs
[2024-12-16T14:27:12.694+0000] {logging_mixin.py:150} INFO - [2024-12-16T14:27:12.694+0000] {dag.py:3504} INFO - Setting next_dagrun for example_weekday_branch_operator to 2024-12-15T00:00:00+00:00, run_after=2024-12-16T00:00:00+00:00
[2024-12-16T14:27:12.710+0000] {processor.py:179} INFO - Processing /home/vscode/.local/lib/python3.10/site-packages/airflow/example_dags/example_branch_day_of_week_operator.py took 0.052 seconds
[2024-12-16T14:28:30.440+0000] {processor.py:157} INFO - Started process (PID=22923) to work on /home/vscode/.local/lib/python3.10/site-packages/airflow/example_dags/example_branch_day_of_week_operator.py
[2024-12-16T14:28:30.441+0000] {processor.py:826} INFO - Processing file /home/vscode/.local/lib/python3.10/site-packages/airflow/example_dags/example_branch_day_of_week_operator.py for tasks to queue
[2024-12-16T14:28:30.441+0000] {logging_mixin.py:150} INFO - [2024-12-16T14:28:30.441+0000] {dagbag.py:541} INFO - Filling up the DagBag from /home/vscode/.local/lib/python3.10/site-packages/airflow/example_dags/example_branch_day_of_week_operator.py
[2024-12-16T14:28:30.447+0000] {processor.py:836} INFO - DAG(s) dict_keys(['example_weekday_branch_operator']) retrieved from /home/vscode/.local/lib/python3.10/site-packages/airflow/example_dags/example_branch_day_of_week_operator.py
[2024-12-16T14:28:30.459+0000] {logging_mixin.py:150} INFO - [2024-12-16T14:28:30.459+0000] {dag.py:2742} INFO - Sync 1 DAGs
[2024-12-16T14:28:30.473+0000] {logging_mixin.py:150} INFO - [2024-12-16T14:28:30.473+0000] {dag.py:3504} INFO - Setting next_dagrun for example_weekday_branch_operator to 2024-12-15T00:00:00+00:00, run_after=2024-12-16T00:00:00+00:00
[2024-12-16T14:28:30.487+0000] {processor.py:179} INFO - Processing /home/vscode/.local/lib/python3.10/site-packages/airflow/example_dags/example_branch_day_of_week_operator.py took 0.049 seconds
[2024-12-16T14:29:31.710+0000] {processor.py:157} INFO - Started process (PID=23548) to work on /home/vscode/.local/lib/python3.10/site-packages/airflow/example_dags/example_branch_day_of_week_operator.py
[2024-12-16T14:29:31.711+0000] {processor.py:826} INFO - Processing file /home/vscode/.local/lib/python3.10/site-packages/airflow/example_dags/example_branch_day_of_week_operator.py for tasks to queue
[2024-12-16T14:29:31.712+0000] {logging_mixin.py:150} INFO - [2024-12-16T14:29:31.711+0000] {dagbag.py:541} INFO - Filling up the DagBag from /home/vscode/.local/lib/python3.10/site-packages/airflow/example_dags/example_branch_day_of_week_operator.py
[2024-12-16T14:29:31.717+0000] {processor.py:836} INFO - DAG(s) dict_keys(['example_weekday_branch_operator']) retrieved from /home/vscode/.local/lib/python3.10/site-packages/airflow/example_dags/example_branch_day_of_week_operator.py
[2024-12-16T14:29:31.729+0000] {logging_mixin.py:150} INFO - [2024-12-16T14:29:31.729+0000] {dag.py:2742} INFO - Sync 1 DAGs
[2024-12-16T14:29:31.744+0000] {logging_mixin.py:150} INFO - [2024-12-16T14:29:31.744+0000] {dag.py:3504} INFO - Setting next_dagrun for example_weekday_branch_operator to 2024-12-15T00:00:00+00:00, run_after=2024-12-16T00:00:00+00:00
[2024-12-16T14:29:31.758+0000] {processor.py:179} INFO - Processing /home/vscode/.local/lib/python3.10/site-packages/airflow/example_dags/example_branch_day_of_week_operator.py took 0.050 seconds
[2024-12-16T14:30:32.449+0000] {processor.py:157} INFO - Started process (PID=24115) to work on /home/vscode/.local/lib/python3.10/site-packages/airflow/example_dags/example_branch_day_of_week_operator.py
[2024-12-16T14:30:32.450+0000] {processor.py:826} INFO - Processing file /home/vscode/.local/lib/python3.10/site-packages/airflow/example_dags/example_branch_day_of_week_operator.py for tasks to queue
[2024-12-16T14:30:32.451+0000] {logging_mixin.py:150} INFO - [2024-12-16T14:30:32.451+0000] {dagbag.py:541} INFO - Filling up the DagBag from /home/vscode/.local/lib/python3.10/site-packages/airflow/example_dags/example_branch_day_of_week_operator.py
[2024-12-16T14:30:32.456+0000] {processor.py:836} INFO - DAG(s) dict_keys(['example_weekday_branch_operator']) retrieved from /home/vscode/.local/lib/python3.10/site-packages/airflow/example_dags/example_branch_day_of_week_operator.py
[2024-12-16T14:30:32.468+0000] {logging_mixin.py:150} INFO - [2024-12-16T14:30:32.468+0000] {dag.py:2742} INFO - Sync 1 DAGs
[2024-12-16T14:30:32.481+0000] {logging_mixin.py:150} INFO - [2024-12-16T14:30:32.481+0000] {dag.py:3504} INFO - Setting next_dagrun for example_weekday_branch_operator to 2024-12-15T00:00:00+00:00, run_after=2024-12-16T00:00:00+00:00
[2024-12-16T14:30:32.496+0000] {processor.py:179} INFO - Processing /home/vscode/.local/lib/python3.10/site-packages/airflow/example_dags/example_branch_day_of_week_operator.py took 0.049 seconds
