[2024-12-16T14:26:36.284+0000] {processor.py:157} INFO - Started process (PID=21603) to work on /home/vscode/.local/lib/python3.10/site-packages/airflow/example_dags/example_params_ui_tutorial.py
[2024-12-16T14:26:36.285+0000] {processor.py:826} INFO - Processing file /home/vscode/.local/lib/python3.10/site-packages/airflow/example_dags/example_params_ui_tutorial.py for tasks to queue
[2024-12-16T14:26:36.286+0000] {logging_mixin.py:150} INFO - [2024-12-16T14:26:36.285+0000] {dagbag.py:541} INFO - Filling up the DagBag from /home/vscode/.local/lib/python3.10/site-packages/airflow/example_dags/example_params_ui_tutorial.py
[2024-12-16T14:26:36.303+0000] {processor.py:836} INFO - DAG(s) dict_keys(['example_params_ui_tutorial']) retrieved from /home/vscode/.local/lib/python3.10/site-packages/airflow/example_dags/example_params_ui_tutorial.py
[2024-12-16T14:26:36.463+0000] {logging_mixin.py:150} INFO - [2024-12-16T14:26:36.463+0000] {dag.py:2742} INFO - Sync 1 DAGs
[2024-12-16T14:26:36.474+0000] {logging_mixin.py:150} INFO - [2024-12-16T14:26:36.474+0000] {dag.py:3504} INFO - Setting next_dagrun for example_params_ui_tutorial to None, run_after=None
[2024-12-16T14:26:36.489+0000] {processor.py:179} INFO - Processing /home/vscode/.local/lib/python3.10/site-packages/airflow/example_dags/example_params_ui_tutorial.py took 0.207 seconds
[2024-12-16T14:27:29.728+0000] {processor.py:157} INFO - Started process (PID=22228) to work on /home/vscode/.local/lib/python3.10/site-packages/airflow/example_dags/example_params_ui_tutorial.py
[2024-12-16T14:27:29.729+0000] {processor.py:826} INFO - Processing file /home/vscode/.local/lib/python3.10/site-packages/airflow/example_dags/example_params_ui_tutorial.py for tasks to queue
[2024-12-16T14:27:29.730+0000] {logging_mixin.py:150} INFO - [2024-12-16T14:27:29.730+0000] {dagbag.py:541} INFO - Filling up the DagBag from /home/vscode/.local/lib/python3.10/site-packages/airflow/example_dags/example_params_ui_tutorial.py
[2024-12-16T14:27:29.746+0000] {processor.py:836} INFO - DAG(s) dict_keys(['example_params_ui_tutorial']) retrieved from /home/vscode/.local/lib/python3.10/site-packages/airflow/example_dags/example_params_ui_tutorial.py
[2024-12-16T14:27:29.768+0000] {logging_mixin.py:150} INFO - [2024-12-16T14:27:29.768+0000] {dag.py:2742} INFO - Sync 1 DAGs
[2024-12-16T14:27:29.786+0000] {logging_mixin.py:150} INFO - [2024-12-16T14:27:29.785+0000] {dag.py:3504} INFO - Setting next_dagrun for example_params_ui_tutorial to None, run_after=None
[2024-12-16T14:27:29.805+0000] {processor.py:179} INFO - Processing /home/vscode/.local/lib/python3.10/site-packages/airflow/example_dags/example_params_ui_tutorial.py took 0.078 seconds
[2024-12-16T14:28:21.294+0000] {processor.py:157} INFO - Started process (PID=22844) to work on /home/vscode/.local/lib/python3.10/site-packages/airflow/example_dags/example_params_ui_tutorial.py
[2024-12-16T14:28:21.295+0000] {processor.py:826} INFO - Processing file /home/vscode/.local/lib/python3.10/site-packages/airflow/example_dags/example_params_ui_tutorial.py for tasks to queue
[2024-12-16T14:28:21.295+0000] {logging_mixin.py:150} INFO - [2024-12-16T14:28:21.295+0000] {dagbag.py:541} INFO - Filling up the DagBag from /home/vscode/.local/lib/python3.10/site-packages/airflow/example_dags/example_params_ui_tutorial.py
[2024-12-16T14:28:21.311+0000] {processor.py:836} INFO - DAG(s) dict_keys(['example_params_ui_tutorial']) retrieved from /home/vscode/.local/lib/python3.10/site-packages/airflow/example_dags/example_params_ui_tutorial.py
[2024-12-16T14:28:21.338+0000] {logging_mixin.py:150} INFO - [2024-12-16T14:28:21.338+0000] {dag.py:2742} INFO - Sync 1 DAGs
[2024-12-16T14:28:21.351+0000] {logging_mixin.py:150} INFO - [2024-12-16T14:28:21.351+0000] {dag.py:3504} INFO - Setting next_dagrun for example_params_ui_tutorial to None, run_after=None
[2024-12-16T14:28:21.365+0000] {processor.py:179} INFO - Processing /home/vscode/.local/lib/python3.10/site-packages/airflow/example_dags/example_params_ui_tutorial.py took 0.073 seconds
[2024-12-16T14:29:06.579+0000] {processor.py:157} INFO - Started process (PID=23220) to work on /home/vscode/.local/lib/python3.10/site-packages/airflow/example_dags/example_params_ui_tutorial.py
[2024-12-16T14:29:06.580+0000] {processor.py:826} INFO - Processing file /home/vscode/.local/lib/python3.10/site-packages/airflow/example_dags/example_params_ui_tutorial.py for tasks to queue
[2024-12-16T14:29:06.581+0000] {logging_mixin.py:150} INFO - [2024-12-16T14:29:06.580+0000] {dagbag.py:541} INFO - Filling up the DagBag from /home/vscode/.local/lib/python3.10/site-packages/airflow/example_dags/example_params_ui_tutorial.py
[2024-12-16T14:29:06.597+0000] {processor.py:836} INFO - DAG(s) dict_keys(['example_params_ui_tutorial']) retrieved from /home/vscode/.local/lib/python3.10/site-packages/airflow/example_dags/example_params_ui_tutorial.py
[2024-12-16T14:29:06.619+0000] {logging_mixin.py:150} INFO - [2024-12-16T14:29:06.619+0000] {dag.py:2742} INFO - Sync 1 DAGs
[2024-12-16T14:29:06.632+0000] {logging_mixin.py:150} INFO - [2024-12-16T14:29:06.632+0000] {dag.py:3504} INFO - Setting next_dagrun for example_params_ui_tutorial to None, run_after=None
[2024-12-16T14:29:06.647+0000] {processor.py:179} INFO - Processing /home/vscode/.local/lib/python3.10/site-packages/airflow/example_dags/example_params_ui_tutorial.py took 0.070 seconds
[2024-12-16T14:29:47.719+0000] {processor.py:157} INFO - Started process (PID=23699) to work on /home/vscode/.local/lib/python3.10/site-packages/airflow/example_dags/example_params_ui_tutorial.py
[2024-12-16T14:29:47.720+0000] {processor.py:826} INFO - Processing file /home/vscode/.local/lib/python3.10/site-packages/airflow/example_dags/example_params_ui_tutorial.py for tasks to queue
[2024-12-16T14:29:47.721+0000] {logging_mixin.py:150} INFO - [2024-12-16T14:29:47.721+0000] {dagbag.py:541} INFO - Filling up the DagBag from /home/vscode/.local/lib/python3.10/site-packages/airflow/example_dags/example_params_ui_tutorial.py
[2024-12-16T14:29:47.736+0000] {processor.py:836} INFO - DAG(s) dict_keys(['example_params_ui_tutorial']) retrieved from /home/vscode/.local/lib/python3.10/site-packages/airflow/example_dags/example_params_ui_tutorial.py
[2024-12-16T14:29:47.759+0000] {logging_mixin.py:150} INFO - [2024-12-16T14:29:47.758+0000] {dag.py:2742} INFO - Sync 1 DAGs
[2024-12-16T14:29:47.772+0000] {logging_mixin.py:150} INFO - [2024-12-16T14:29:47.772+0000] {dag.py:3504} INFO - Setting next_dagrun for example_params_ui_tutorial to None, run_after=None
[2024-12-16T14:29:47.786+0000] {processor.py:179} INFO - Processing /home/vscode/.local/lib/python3.10/site-packages/airflow/example_dags/example_params_ui_tutorial.py took 0.068 seconds
[2024-12-16T14:30:37.865+0000] {processor.py:157} INFO - Started process (PID=24164) to work on /home/vscode/.local/lib/python3.10/site-packages/airflow/example_dags/example_params_ui_tutorial.py
[2024-12-16T14:30:37.865+0000] {processor.py:826} INFO - Processing file /home/vscode/.local/lib/python3.10/site-packages/airflow/example_dags/example_params_ui_tutorial.py for tasks to queue
[2024-12-16T14:30:37.866+0000] {logging_mixin.py:150} INFO - [2024-12-16T14:30:37.866+0000] {dagbag.py:541} INFO - Filling up the DagBag from /home/vscode/.local/lib/python3.10/site-packages/airflow/example_dags/example_params_ui_tutorial.py
[2024-12-16T14:30:37.882+0000] {processor.py:836} INFO - DAG(s) dict_keys(['example_params_ui_tutorial']) retrieved from /home/vscode/.local/lib/python3.10/site-packages/airflow/example_dags/example_params_ui_tutorial.py
[2024-12-16T14:30:37.904+0000] {logging_mixin.py:150} INFO - [2024-12-16T14:30:37.904+0000] {dag.py:2742} INFO - Sync 1 DAGs
[2024-12-16T14:30:37.917+0000] {logging_mixin.py:150} INFO - [2024-12-16T14:30:37.917+0000] {dag.py:3504} INFO - Setting next_dagrun for example_params_ui_tutorial to None, run_after=None
[2024-12-16T14:30:37.931+0000] {processor.py:179} INFO - Processing /home/vscode/.local/lib/python3.10/site-packages/airflow/example_dags/example_params_ui_tutorial.py took 0.068 seconds
[2024-12-16T14:31:22.102+0000] {processor.py:157} INFO - Started process (PID=24574) to work on /home/vscode/.local/lib/python3.10/site-packages/airflow/example_dags/example_params_ui_tutorial.py
[2024-12-16T14:31:22.103+0000] {processor.py:826} INFO - Processing file /home/vscode/.local/lib/python3.10/site-packages/airflow/example_dags/example_params_ui_tutorial.py for tasks to queue
[2024-12-16T14:31:22.104+0000] {logging_mixin.py:150} INFO - [2024-12-16T14:31:22.103+0000] {dagbag.py:541} INFO - Filling up the DagBag from /home/vscode/.local/lib/python3.10/site-packages/airflow/example_dags/example_params_ui_tutorial.py
[2024-12-16T14:31:22.120+0000] {processor.py:836} INFO - DAG(s) dict_keys(['example_params_ui_tutorial']) retrieved from /home/vscode/.local/lib/python3.10/site-packages/airflow/example_dags/example_params_ui_tutorial.py
[2024-12-16T14:31:22.152+0000] {logging_mixin.py:150} INFO - [2024-12-16T14:31:22.152+0000] {dag.py:2742} INFO - Sync 1 DAGs
[2024-12-16T14:31:22.185+0000] {logging_mixin.py:150} INFO - [2024-12-16T14:31:22.185+0000] {dag.py:3504} INFO - Setting next_dagrun for example_params_ui_tutorial to None, run_after=None
[2024-12-16T14:31:22.205+0000] {processor.py:179} INFO - Processing /home/vscode/.local/lib/python3.10/site-packages/airflow/example_dags/example_params_ui_tutorial.py took 0.105 seconds
[2024-12-16T14:32:09.470+0000] {processor.py:157} INFO - Started process (PID=25139) to work on /home/vscode/.local/lib/python3.10/site-packages/airflow/example_dags/example_params_ui_tutorial.py
[2024-12-16T14:32:09.471+0000] {processor.py:826} INFO - Processing file /home/vscode/.local/lib/python3.10/site-packages/airflow/example_dags/example_params_ui_tutorial.py for tasks to queue
[2024-12-16T14:32:09.471+0000] {logging_mixin.py:150} INFO - [2024-12-16T14:32:09.471+0000] {dagbag.py:541} INFO - Filling up the DagBag from /home/vscode/.local/lib/python3.10/site-packages/airflow/example_dags/example_params_ui_tutorial.py
[2024-12-16T14:32:09.487+0000] {processor.py:836} INFO - DAG(s) dict_keys(['example_params_ui_tutorial']) retrieved from /home/vscode/.local/lib/python3.10/site-packages/airflow/example_dags/example_params_ui_tutorial.py
[2024-12-16T14:32:09.509+0000] {logging_mixin.py:150} INFO - [2024-12-16T14:32:09.509+0000] {dag.py:2742} INFO - Sync 1 DAGs
[2024-12-16T14:32:09.522+0000] {logging_mixin.py:150} INFO - [2024-12-16T14:32:09.522+0000] {dag.py:3504} INFO - Setting next_dagrun for example_params_ui_tutorial to None, run_after=None
[2024-12-16T14:32:09.545+0000] {processor.py:179} INFO - Processing /home/vscode/.local/lib/python3.10/site-packages/airflow/example_dags/example_params_ui_tutorial.py took 0.077 seconds
[2024-12-16T14:32:49.951+0000] {processor.py:157} INFO - Started process (PID=25419) to work on /home/vscode/.local/lib/python3.10/site-packages/airflow/example_dags/example_params_ui_tutorial.py
[2024-12-16T14:32:49.952+0000] {processor.py:826} INFO - Processing file /home/vscode/.local/lib/python3.10/site-packages/airflow/example_dags/example_params_ui_tutorial.py for tasks to queue
[2024-12-16T14:32:49.953+0000] {logging_mixin.py:150} INFO - [2024-12-16T14:32:49.953+0000] {dagbag.py:541} INFO - Filling up the DagBag from /home/vscode/.local/lib/python3.10/site-packages/airflow/example_dags/example_params_ui_tutorial.py
[2024-12-16T14:32:49.969+0000] {processor.py:836} INFO - DAG(s) dict_keys(['example_params_ui_tutorial']) retrieved from /home/vscode/.local/lib/python3.10/site-packages/airflow/example_dags/example_params_ui_tutorial.py
[2024-12-16T14:32:49.991+0000] {logging_mixin.py:150} INFO - [2024-12-16T14:32:49.991+0000] {dag.py:2742} INFO - Sync 1 DAGs
[2024-12-16T14:32:50.004+0000] {logging_mixin.py:150} INFO - [2024-12-16T14:32:50.003+0000] {dag.py:3504} INFO - Setting next_dagrun for example_params_ui_tutorial to None, run_after=None
[2024-12-16T14:32:50.017+0000] {processor.py:179} INFO - Processing /home/vscode/.local/lib/python3.10/site-packages/airflow/example_dags/example_params_ui_tutorial.py took 0.068 seconds
[2024-12-16T14:33:31.682+0000] {processor.py:157} INFO - Started process (PID=25705) to work on /home/vscode/.local/lib/python3.10/site-packages/airflow/example_dags/example_params_ui_tutorial.py
[2024-12-16T14:33:31.683+0000] {processor.py:826} INFO - Processing file /home/vscode/.local/lib/python3.10/site-packages/airflow/example_dags/example_params_ui_tutorial.py for tasks to queue
[2024-12-16T14:33:31.684+0000] {logging_mixin.py:150} INFO - [2024-12-16T14:33:31.683+0000] {dagbag.py:541} INFO - Filling up the DagBag from /home/vscode/.local/lib/python3.10/site-packages/airflow/example_dags/example_params_ui_tutorial.py
[2024-12-16T14:33:31.699+0000] {processor.py:836} INFO - DAG(s) dict_keys(['example_params_ui_tutorial']) retrieved from /home/vscode/.local/lib/python3.10/site-packages/airflow/example_dags/example_params_ui_tutorial.py
[2024-12-16T14:33:31.722+0000] {logging_mixin.py:150} INFO - [2024-12-16T14:33:31.722+0000] {dag.py:2742} INFO - Sync 1 DAGs
[2024-12-16T14:33:31.735+0000] {logging_mixin.py:150} INFO - [2024-12-16T14:33:31.735+0000] {dag.py:3504} INFO - Setting next_dagrun for example_params_ui_tutorial to None, run_after=None
[2024-12-16T14:33:31.749+0000] {processor.py:179} INFO - Processing /home/vscode/.local/lib/python3.10/site-packages/airflow/example_dags/example_params_ui_tutorial.py took 0.069 seconds
[2024-12-16T14:34:13.260+0000] {processor.py:157} INFO - Started process (PID=26047) to work on /home/vscode/.local/lib/python3.10/site-packages/airflow/example_dags/example_params_ui_tutorial.py
[2024-12-16T14:34:13.261+0000] {processor.py:826} INFO - Processing file /home/vscode/.local/lib/python3.10/site-packages/airflow/example_dags/example_params_ui_tutorial.py for tasks to queue
[2024-12-16T14:34:13.262+0000] {logging_mixin.py:150} INFO - [2024-12-16T14:34:13.261+0000] {dagbag.py:541} INFO - Filling up the DagBag from /home/vscode/.local/lib/python3.10/site-packages/airflow/example_dags/example_params_ui_tutorial.py
[2024-12-16T14:34:13.277+0000] {processor.py:836} INFO - DAG(s) dict_keys(['example_params_ui_tutorial']) retrieved from /home/vscode/.local/lib/python3.10/site-packages/airflow/example_dags/example_params_ui_tutorial.py
[2024-12-16T14:34:13.301+0000] {logging_mixin.py:150} INFO - [2024-12-16T14:34:13.301+0000] {dag.py:2742} INFO - Sync 1 DAGs
[2024-12-16T14:34:13.321+0000] {logging_mixin.py:150} INFO - [2024-12-16T14:34:13.321+0000] {dag.py:3504} INFO - Setting next_dagrun for example_params_ui_tutorial to None, run_after=None
[2024-12-16T14:34:13.342+0000] {processor.py:179} INFO - Processing /home/vscode/.local/lib/python3.10/site-packages/airflow/example_dags/example_params_ui_tutorial.py took 0.084 seconds
[2024-12-16T14:34:53.704+0000] {processor.py:157} INFO - Started process (PID=26323) to work on /home/vscode/.local/lib/python3.10/site-packages/airflow/example_dags/example_params_ui_tutorial.py
[2024-12-16T14:34:53.704+0000] {processor.py:826} INFO - Processing file /home/vscode/.local/lib/python3.10/site-packages/airflow/example_dags/example_params_ui_tutorial.py for tasks to queue
[2024-12-16T14:34:53.705+0000] {logging_mixin.py:150} INFO - [2024-12-16T14:34:53.705+0000] {dagbag.py:541} INFO - Filling up the DagBag from /home/vscode/.local/lib/python3.10/site-packages/airflow/example_dags/example_params_ui_tutorial.py
[2024-12-16T14:34:53.725+0000] {processor.py:836} INFO - DAG(s) dict_keys(['example_params_ui_tutorial']) retrieved from /home/vscode/.local/lib/python3.10/site-packages/airflow/example_dags/example_params_ui_tutorial.py
[2024-12-16T14:34:53.761+0000] {logging_mixin.py:150} INFO - [2024-12-16T14:34:53.760+0000] {dag.py:2742} INFO - Sync 1 DAGs
[2024-12-16T14:34:53.780+0000] {logging_mixin.py:150} INFO - [2024-12-16T14:34:53.780+0000] {dag.py:3504} INFO - Setting next_dagrun for example_params_ui_tutorial to None, run_after=None
[2024-12-16T14:34:53.809+0000] {processor.py:179} INFO - Processing /home/vscode/.local/lib/python3.10/site-packages/airflow/example_dags/example_params_ui_tutorial.py took 0.107 seconds
