[2024-12-16T14:27:17.844+0000] {processor.py:157} INFO - Started process (PID=22083) to work on /home/vscode/.local/lib/python3.10/site-packages/airflow/example_dags/example_branch_python_dop_operator_3.py
[2024-12-16T14:27:17.845+0000] {processor.py:826} INFO - Processing file /home/vscode/.local/lib/python3.10/site-packages/airflow/example_dags/example_branch_python_dop_operator_3.py for tasks to queue
[2024-12-16T14:27:17.846+0000] {logging_mixin.py:150} INFO - [2024-12-16T14:27:17.845+0000] {dagbag.py:541} INFO - Filling up the DagBag from /home/vscode/.local/lib/python3.10/site-packages/airflow/example_dags/example_branch_python_dop_operator_3.py
[2024-12-16T14:27:17.859+0000] {processor.py:836} INFO - DAG(s) dict_keys(['example_branch_dop_operator_v3']) retrieved from /home/vscode/.local/lib/python3.10/site-packages/airflow/example_dags/example_branch_python_dop_operator_3.py
[2024-12-16T14:27:17.876+0000] {logging_mixin.py:150} INFO - [2024-12-16T14:27:17.876+0000] {dag.py:2742} INFO - Sync 1 DAGs
[2024-12-16T14:27:17.893+0000] {logging_mixin.py:150} INFO - [2024-12-16T14:27:17.893+0000] {dag.py:3504} INFO - Setting next_dagrun for example_branch_dop_operator_v3 to 2024-12-16T14:26:00+00:00, run_after=2024-12-16T14:27:00+00:00
[2024-12-16T14:27:17.907+0000] {processor.py:179} INFO - Processing /home/vscode/.local/lib/python3.10/site-packages/airflow/example_dags/example_branch_python_dop_operator_3.py took 0.066 seconds
[2024-12-16T14:28:35.587+0000] {processor.py:157} INFO - Started process (PID=22957) to work on /home/vscode/.local/lib/python3.10/site-packages/airflow/example_dags/example_branch_python_dop_operator_3.py
[2024-12-16T14:28:35.588+0000] {processor.py:826} INFO - Processing file /home/vscode/.local/lib/python3.10/site-packages/airflow/example_dags/example_branch_python_dop_operator_3.py for tasks to queue
[2024-12-16T14:28:35.588+0000] {logging_mixin.py:150} INFO - [2024-12-16T14:28:35.588+0000] {dagbag.py:541} INFO - Filling up the DagBag from /home/vscode/.local/lib/python3.10/site-packages/airflow/example_dags/example_branch_python_dop_operator_3.py
[2024-12-16T14:28:35.594+0000] {processor.py:836} INFO - DAG(s) dict_keys(['example_branch_dop_operator_v3']) retrieved from /home/vscode/.local/lib/python3.10/site-packages/airflow/example_dags/example_branch_python_dop_operator_3.py
[2024-12-16T14:28:35.605+0000] {logging_mixin.py:150} INFO - [2024-12-16T14:28:35.605+0000] {dag.py:2742} INFO - Sync 1 DAGs
[2024-12-16T14:28:35.621+0000] {logging_mixin.py:150} INFO - [2024-12-16T14:28:35.621+0000] {dag.py:3504} INFO - Setting next_dagrun for example_branch_dop_operator_v3 to 2024-12-16T14:27:00+00:00, run_after=2024-12-16T14:28:00+00:00
[2024-12-16T14:28:35.635+0000] {processor.py:179} INFO - Processing /home/vscode/.local/lib/python3.10/site-packages/airflow/example_dags/example_branch_python_dop_operator_3.py took 0.050 seconds
[2024-12-16T14:29:35.975+0000] {processor.py:157} INFO - Started process (PID=23610) to work on /home/vscode/.local/lib/python3.10/site-packages/airflow/example_dags/example_branch_python_dop_operator_3.py
[2024-12-16T14:29:35.976+0000] {processor.py:826} INFO - Processing file /home/vscode/.local/lib/python3.10/site-packages/airflow/example_dags/example_branch_python_dop_operator_3.py for tasks to queue
[2024-12-16T14:29:35.977+0000] {logging_mixin.py:150} INFO - [2024-12-16T14:29:35.976+0000] {dagbag.py:541} INFO - Filling up the DagBag from /home/vscode/.local/lib/python3.10/site-packages/airflow/example_dags/example_branch_python_dop_operator_3.py
[2024-12-16T14:29:35.982+0000] {processor.py:836} INFO - DAG(s) dict_keys(['example_branch_dop_operator_v3']) retrieved from /home/vscode/.local/lib/python3.10/site-packages/airflow/example_dags/example_branch_python_dop_operator_3.py
[2024-12-16T14:29:35.994+0000] {logging_mixin.py:150} INFO - [2024-12-16T14:29:35.994+0000] {dag.py:2742} INFO - Sync 1 DAGs
[2024-12-16T14:29:36.012+0000] {logging_mixin.py:150} INFO - [2024-12-16T14:29:36.011+0000] {dag.py:3504} INFO - Setting next_dagrun for example_branch_dop_operator_v3 to 2024-12-16T14:28:00+00:00, run_after=2024-12-16T14:29:00+00:00
[2024-12-16T14:29:36.027+0000] {processor.py:179} INFO - Processing /home/vscode/.local/lib/python3.10/site-packages/airflow/example_dags/example_branch_python_dop_operator_3.py took 0.054 seconds
[2024-12-16T14:30:36.721+0000] {processor.py:157} INFO - Started process (PID=24162) to work on /home/vscode/.local/lib/python3.10/site-packages/airflow/example_dags/example_branch_python_dop_operator_3.py
[2024-12-16T14:30:36.721+0000] {processor.py:826} INFO - Processing file /home/vscode/.local/lib/python3.10/site-packages/airflow/example_dags/example_branch_python_dop_operator_3.py for tasks to queue
[2024-12-16T14:30:36.722+0000] {logging_mixin.py:150} INFO - [2024-12-16T14:30:36.722+0000] {dagbag.py:541} INFO - Filling up the DagBag from /home/vscode/.local/lib/python3.10/site-packages/airflow/example_dags/example_branch_python_dop_operator_3.py
[2024-12-16T14:30:36.727+0000] {processor.py:836} INFO - DAG(s) dict_keys(['example_branch_dop_operator_v3']) retrieved from /home/vscode/.local/lib/python3.10/site-packages/airflow/example_dags/example_branch_python_dop_operator_3.py
[2024-12-16T14:30:36.739+0000] {logging_mixin.py:150} INFO - [2024-12-16T14:30:36.739+0000] {dag.py:2742} INFO - Sync 1 DAGs
[2024-12-16T14:30:36.755+0000] {logging_mixin.py:150} INFO - [2024-12-16T14:30:36.755+0000] {dag.py:3504} INFO - Setting next_dagrun for example_branch_dop_operator_v3 to 2024-12-16T14:29:00+00:00, run_after=2024-12-16T14:30:00+00:00
[2024-12-16T14:30:36.770+0000] {processor.py:179} INFO - Processing /home/vscode/.local/lib/python3.10/site-packages/airflow/example_dags/example_branch_python_dop_operator_3.py took 0.052 seconds
