[2024-12-16T10:49:53.889+0000] {processor.py:157} INFO - Started process (PID=32750) to work on /home/vscode/.local/lib/python3.10/site-packages/airflow/example_dags/example_short_circuit_operator.py
[2024-12-16T10:49:53.890+0000] {processor.py:826} INFO - Processing file /home/vscode/.local/lib/python3.10/site-packages/airflow/example_dags/example_short_circuit_operator.py for tasks to queue
[2024-12-16T10:49:53.891+0000] {logging_mixin.py:150} INFO - [2024-12-16T10:49:53.890+0000] {dagbag.py:541} INFO - Filling up the DagBag from /home/vscode/.local/lib/python3.10/site-packages/airflow/example_dags/example_short_circuit_operator.py
[2024-12-16T10:49:53.896+0000] {processor.py:836} INFO - DAG(s) dict_keys(['example_short_circuit_operator']) retrieved from /home/vscode/.local/lib/python3.10/site-packages/airflow/example_dags/example_short_circuit_operator.py
[2024-12-16T10:49:54.073+0000] {logging_mixin.py:150} INFO - [2024-12-16T10:49:54.072+0000] {manager.py:504} INFO - Created Permission View: can edit on DAG:example_short_circuit_operator
[2024-12-16T10:49:54.090+0000] {logging_mixin.py:150} INFO - [2024-12-16T10:49:54.090+0000] {manager.py:504} INFO - Created Permission View: can read on DAG:example_short_circuit_operator
[2024-12-16T10:49:54.117+0000] {logging_mixin.py:150} INFO - [2024-12-16T10:49:54.117+0000] {manager.py:504} INFO - Created Permission View: can delete on DAG:example_short_circuit_operator
[2024-12-16T10:49:54.126+0000] {logging_mixin.py:150} INFO - [2024-12-16T10:49:54.126+0000] {dag.py:2742} INFO - Sync 1 DAGs
[2024-12-16T10:49:54.134+0000] {logging_mixin.py:150} INFO - [2024-12-16T10:49:54.133+0000] {dag.py:2763} INFO - Creating ORM DAG for example_short_circuit_operator
[2024-12-16T10:49:54.140+0000] {logging_mixin.py:150} INFO - [2024-12-16T10:49:54.140+0000] {dag.py:3504} INFO - Setting next_dagrun for example_short_circuit_operator to 2024-12-15T10:49:54.140262+00:00, run_after=2024-12-16T10:49:54.140262+00:00
[2024-12-16T10:49:54.156+0000] {processor.py:179} INFO - Processing /home/vscode/.local/lib/python3.10/site-packages/airflow/example_dags/example_short_circuit_operator.py took 0.269 seconds
[2024-12-16T10:50:44.292+0000] {processor.py:157} INFO - Started process (PID=33212) to work on /home/vscode/.local/lib/python3.10/site-packages/airflow/example_dags/example_short_circuit_operator.py
[2024-12-16T10:50:44.293+0000] {processor.py:826} INFO - Processing file /home/vscode/.local/lib/python3.10/site-packages/airflow/example_dags/example_short_circuit_operator.py for tasks to queue
[2024-12-16T10:50:44.293+0000] {logging_mixin.py:150} INFO - [2024-12-16T10:50:44.293+0000] {dagbag.py:541} INFO - Filling up the DagBag from /home/vscode/.local/lib/python3.10/site-packages/airflow/example_dags/example_short_circuit_operator.py
[2024-12-16T10:50:44.299+0000] {processor.py:836} INFO - DAG(s) dict_keys(['example_short_circuit_operator']) retrieved from /home/vscode/.local/lib/python3.10/site-packages/airflow/example_dags/example_short_circuit_operator.py
[2024-12-16T10:50:44.312+0000] {logging_mixin.py:150} INFO - [2024-12-16T10:50:44.311+0000] {dag.py:2742} INFO - Sync 1 DAGs
[2024-12-16T10:50:44.325+0000] {logging_mixin.py:150} INFO - [2024-12-16T10:50:44.325+0000] {dag.py:3504} INFO - Setting next_dagrun for example_short_circuit_operator to 2024-12-15T10:50:44.325227+00:00, run_after=2024-12-16T10:50:44.325227+00:00
[2024-12-16T10:50:44.339+0000] {processor.py:179} INFO - Processing /home/vscode/.local/lib/python3.10/site-packages/airflow/example_dags/example_short_circuit_operator.py took 0.049 seconds
[2024-12-16T10:51:30.641+0000] {processor.py:157} INFO - Started process (PID=33598) to work on /home/vscode/.local/lib/python3.10/site-packages/airflow/example_dags/example_short_circuit_operator.py
[2024-12-16T10:51:30.641+0000] {processor.py:826} INFO - Processing file /home/vscode/.local/lib/python3.10/site-packages/airflow/example_dags/example_short_circuit_operator.py for tasks to queue
[2024-12-16T10:51:30.642+0000] {logging_mixin.py:150} INFO - [2024-12-16T10:51:30.642+0000] {dagbag.py:541} INFO - Filling up the DagBag from /home/vscode/.local/lib/python3.10/site-packages/airflow/example_dags/example_short_circuit_operator.py
[2024-12-16T10:51:30.648+0000] {processor.py:836} INFO - DAG(s) dict_keys(['example_short_circuit_operator']) retrieved from /home/vscode/.local/lib/python3.10/site-packages/airflow/example_dags/example_short_circuit_operator.py
[2024-12-16T10:51:30.660+0000] {logging_mixin.py:150} INFO - [2024-12-16T10:51:30.660+0000] {dag.py:2742} INFO - Sync 1 DAGs
[2024-12-16T10:51:30.673+0000] {logging_mixin.py:150} INFO - [2024-12-16T10:51:30.673+0000] {dag.py:3504} INFO - Setting next_dagrun for example_short_circuit_operator to 2024-12-15T10:51:30.673374+00:00, run_after=2024-12-16T10:51:30.673374+00:00
[2024-12-16T10:51:30.686+0000] {processor.py:179} INFO - Processing /home/vscode/.local/lib/python3.10/site-packages/airflow/example_dags/example_short_circuit_operator.py took 0.048 seconds
[2024-12-16T10:52:17.364+0000] {processor.py:157} INFO - Started process (PID=33988) to work on /home/vscode/.local/lib/python3.10/site-packages/airflow/example_dags/example_short_circuit_operator.py
[2024-12-16T10:52:17.365+0000] {processor.py:826} INFO - Processing file /home/vscode/.local/lib/python3.10/site-packages/airflow/example_dags/example_short_circuit_operator.py for tasks to queue
[2024-12-16T10:52:17.365+0000] {logging_mixin.py:150} INFO - [2024-12-16T10:52:17.365+0000] {dagbag.py:541} INFO - Filling up the DagBag from /home/vscode/.local/lib/python3.10/site-packages/airflow/example_dags/example_short_circuit_operator.py
[2024-12-16T10:52:17.371+0000] {processor.py:836} INFO - DAG(s) dict_keys(['example_short_circuit_operator']) retrieved from /home/vscode/.local/lib/python3.10/site-packages/airflow/example_dags/example_short_circuit_operator.py
[2024-12-16T10:52:17.383+0000] {logging_mixin.py:150} INFO - [2024-12-16T10:52:17.383+0000] {dag.py:2742} INFO - Sync 1 DAGs
[2024-12-16T10:52:17.397+0000] {logging_mixin.py:150} INFO - [2024-12-16T10:52:17.397+0000] {dag.py:3504} INFO - Setting next_dagrun for example_short_circuit_operator to 2024-12-15T10:52:17.396858+00:00, run_after=2024-12-16T10:52:17.396858+00:00
[2024-12-16T10:52:17.410+0000] {processor.py:179} INFO - Processing /home/vscode/.local/lib/python3.10/site-packages/airflow/example_dags/example_short_circuit_operator.py took 0.048 seconds
[2024-12-16T10:53:05.776+0000] {processor.py:157} INFO - Started process (PID=34385) to work on /home/vscode/.local/lib/python3.10/site-packages/airflow/example_dags/example_short_circuit_operator.py
[2024-12-16T10:53:05.777+0000] {processor.py:826} INFO - Processing file /home/vscode/.local/lib/python3.10/site-packages/airflow/example_dags/example_short_circuit_operator.py for tasks to queue
[2024-12-16T10:53:05.778+0000] {logging_mixin.py:150} INFO - [2024-12-16T10:53:05.778+0000] {dagbag.py:541} INFO - Filling up the DagBag from /home/vscode/.local/lib/python3.10/site-packages/airflow/example_dags/example_short_circuit_operator.py
[2024-12-16T10:53:05.783+0000] {processor.py:836} INFO - DAG(s) dict_keys(['example_short_circuit_operator']) retrieved from /home/vscode/.local/lib/python3.10/site-packages/airflow/example_dags/example_short_circuit_operator.py
[2024-12-16T10:53:05.797+0000] {logging_mixin.py:150} INFO - [2024-12-16T10:53:05.797+0000] {dag.py:2742} INFO - Sync 1 DAGs
[2024-12-16T10:53:05.810+0000] {logging_mixin.py:150} INFO - [2024-12-16T10:53:05.810+0000] {dag.py:3504} INFO - Setting next_dagrun for example_short_circuit_operator to 2024-12-15T10:53:05.810423+00:00, run_after=2024-12-16T10:53:05.810423+00:00
[2024-12-16T10:53:05.824+0000] {processor.py:179} INFO - Processing /home/vscode/.local/lib/python3.10/site-packages/airflow/example_dags/example_short_circuit_operator.py took 0.050 seconds
[2024-12-16T10:53:51.770+0000] {processor.py:157} INFO - Started process (PID=34744) to work on /home/vscode/.local/lib/python3.10/site-packages/airflow/example_dags/example_short_circuit_operator.py
[2024-12-16T10:53:51.772+0000] {processor.py:826} INFO - Processing file /home/vscode/.local/lib/python3.10/site-packages/airflow/example_dags/example_short_circuit_operator.py for tasks to queue
[2024-12-16T10:53:51.773+0000] {logging_mixin.py:150} INFO - [2024-12-16T10:53:51.772+0000] {dagbag.py:541} INFO - Filling up the DagBag from /home/vscode/.local/lib/python3.10/site-packages/airflow/example_dags/example_short_circuit_operator.py
[2024-12-16T10:53:51.781+0000] {processor.py:836} INFO - DAG(s) dict_keys(['example_short_circuit_operator']) retrieved from /home/vscode/.local/lib/python3.10/site-packages/airflow/example_dags/example_short_circuit_operator.py
[2024-12-16T10:53:51.799+0000] {logging_mixin.py:150} INFO - [2024-12-16T10:53:51.799+0000] {dag.py:2742} INFO - Sync 1 DAGs
[2024-12-16T10:53:51.819+0000] {logging_mixin.py:150} INFO - [2024-12-16T10:53:51.819+0000] {dag.py:3504} INFO - Setting next_dagrun for example_short_circuit_operator to 2024-12-15T10:53:51.819140+00:00, run_after=2024-12-16T10:53:51.819140+00:00
[2024-12-16T10:53:51.841+0000] {processor.py:179} INFO - Processing /home/vscode/.local/lib/python3.10/site-packages/airflow/example_dags/example_short_circuit_operator.py took 0.073 seconds
[2024-12-16T10:54:39.361+0000] {processor.py:157} INFO - Started process (PID=35212) to work on /home/vscode/.local/lib/python3.10/site-packages/airflow/example_dags/example_short_circuit_operator.py
[2024-12-16T10:54:39.361+0000] {processor.py:826} INFO - Processing file /home/vscode/.local/lib/python3.10/site-packages/airflow/example_dags/example_short_circuit_operator.py for tasks to queue
[2024-12-16T10:54:39.362+0000] {logging_mixin.py:150} INFO - [2024-12-16T10:54:39.362+0000] {dagbag.py:541} INFO - Filling up the DagBag from /home/vscode/.local/lib/python3.10/site-packages/airflow/example_dags/example_short_circuit_operator.py
[2024-12-16T10:54:39.368+0000] {processor.py:836} INFO - DAG(s) dict_keys(['example_short_circuit_operator']) retrieved from /home/vscode/.local/lib/python3.10/site-packages/airflow/example_dags/example_short_circuit_operator.py
[2024-12-16T10:54:39.380+0000] {logging_mixin.py:150} INFO - [2024-12-16T10:54:39.380+0000] {dag.py:2742} INFO - Sync 1 DAGs
[2024-12-16T10:54:39.393+0000] {logging_mixin.py:150} INFO - [2024-12-16T10:54:39.393+0000] {dag.py:3504} INFO - Setting next_dagrun for example_short_circuit_operator to 2024-12-15T10:54:39.393353+00:00, run_after=2024-12-16T10:54:39.393353+00:00
[2024-12-16T10:54:39.407+0000] {processor.py:179} INFO - Processing /home/vscode/.local/lib/python3.10/site-packages/airflow/example_dags/example_short_circuit_operator.py took 0.048 seconds
[2024-12-16T10:55:25.634+0000] {processor.py:157} INFO - Started process (PID=35699) to work on /home/vscode/.local/lib/python3.10/site-packages/airflow/example_dags/example_short_circuit_operator.py
[2024-12-16T10:55:25.635+0000] {processor.py:826} INFO - Processing file /home/vscode/.local/lib/python3.10/site-packages/airflow/example_dags/example_short_circuit_operator.py for tasks to queue
[2024-12-16T10:55:25.636+0000] {logging_mixin.py:150} INFO - [2024-12-16T10:55:25.635+0000] {dagbag.py:541} INFO - Filling up the DagBag from /home/vscode/.local/lib/python3.10/site-packages/airflow/example_dags/example_short_circuit_operator.py
[2024-12-16T10:55:25.641+0000] {processor.py:836} INFO - DAG(s) dict_keys(['example_short_circuit_operator']) retrieved from /home/vscode/.local/lib/python3.10/site-packages/airflow/example_dags/example_short_circuit_operator.py
[2024-12-16T10:55:25.654+0000] {logging_mixin.py:150} INFO - [2024-12-16T10:55:25.653+0000] {dag.py:2742} INFO - Sync 1 DAGs
[2024-12-16T10:55:25.667+0000] {logging_mixin.py:150} INFO - [2024-12-16T10:55:25.666+0000] {dag.py:3504} INFO - Setting next_dagrun for example_short_circuit_operator to 2024-12-15T10:55:25.666804+00:00, run_after=2024-12-16T10:55:25.666804+00:00
[2024-12-16T10:55:25.680+0000] {processor.py:179} INFO - Processing /home/vscode/.local/lib/python3.10/site-packages/airflow/example_dags/example_short_circuit_operator.py took 0.048 seconds
[2024-12-16T10:56:10.708+0000] {processor.py:157} INFO - Started process (PID=36023) to work on /home/vscode/.local/lib/python3.10/site-packages/airflow/example_dags/example_short_circuit_operator.py
[2024-12-16T10:56:10.708+0000] {processor.py:826} INFO - Processing file /home/vscode/.local/lib/python3.10/site-packages/airflow/example_dags/example_short_circuit_operator.py for tasks to queue
[2024-12-16T10:56:10.709+0000] {logging_mixin.py:150} INFO - [2024-12-16T10:56:10.709+0000] {dagbag.py:541} INFO - Filling up the DagBag from /home/vscode/.local/lib/python3.10/site-packages/airflow/example_dags/example_short_circuit_operator.py
[2024-12-16T10:56:10.715+0000] {processor.py:836} INFO - DAG(s) dict_keys(['example_short_circuit_operator']) retrieved from /home/vscode/.local/lib/python3.10/site-packages/airflow/example_dags/example_short_circuit_operator.py
[2024-12-16T10:56:10.728+0000] {logging_mixin.py:150} INFO - [2024-12-16T10:56:10.728+0000] {dag.py:2742} INFO - Sync 1 DAGs
[2024-12-16T10:56:10.741+0000] {logging_mixin.py:150} INFO - [2024-12-16T10:56:10.741+0000] {dag.py:3504} INFO - Setting next_dagrun for example_short_circuit_operator to 2024-12-15T10:56:10.741197+00:00, run_after=2024-12-16T10:56:10.741197+00:00
[2024-12-16T10:56:10.756+0000] {processor.py:179} INFO - Processing /home/vscode/.local/lib/python3.10/site-packages/airflow/example_dags/example_short_circuit_operator.py took 0.050 seconds
[2024-12-16T10:56:56.637+0000] {processor.py:157} INFO - Started process (PID=36398) to work on /home/vscode/.local/lib/python3.10/site-packages/airflow/example_dags/example_short_circuit_operator.py
[2024-12-16T10:56:56.638+0000] {processor.py:826} INFO - Processing file /home/vscode/.local/lib/python3.10/site-packages/airflow/example_dags/example_short_circuit_operator.py for tasks to queue
[2024-12-16T10:56:56.639+0000] {logging_mixin.py:150} INFO - [2024-12-16T10:56:56.638+0000] {dagbag.py:541} INFO - Filling up the DagBag from /home/vscode/.local/lib/python3.10/site-packages/airflow/example_dags/example_short_circuit_operator.py
[2024-12-16T10:56:56.644+0000] {processor.py:836} INFO - DAG(s) dict_keys(['example_short_circuit_operator']) retrieved from /home/vscode/.local/lib/python3.10/site-packages/airflow/example_dags/example_short_circuit_operator.py
[2024-12-16T10:56:56.661+0000] {logging_mixin.py:150} INFO - [2024-12-16T10:56:56.661+0000] {dag.py:2742} INFO - Sync 1 DAGs
[2024-12-16T10:56:56.674+0000] {logging_mixin.py:150} INFO - [2024-12-16T10:56:56.674+0000] {dag.py:3504} INFO - Setting next_dagrun for example_short_circuit_operator to 2024-12-15T10:56:56.674071+00:00, run_after=2024-12-16T10:56:56.674071+00:00
[2024-12-16T10:56:56.687+0000] {processor.py:179} INFO - Processing /home/vscode/.local/lib/python3.10/site-packages/airflow/example_dags/example_short_circuit_operator.py took 0.052 seconds
