[2024-12-16T14:26:31.040+0000] {processor.py:157} INFO - Started process (PID=21500) to work on /home/vscode/.local/lib/python3.10/site-packages/airflow/example_dags/example_short_circuit_decorator.py
[2024-12-16T14:26:31.040+0000] {processor.py:826} INFO - Processing file /home/vscode/.local/lib/python3.10/site-packages/airflow/example_dags/example_short_circuit_decorator.py for tasks to queue
[2024-12-16T14:26:31.041+0000] {logging_mixin.py:150} INFO - [2024-12-16T14:26:31.041+0000] {dagbag.py:541} INFO - Filling up the DagBag from /home/vscode/.local/lib/python3.10/site-packages/airflow/example_dags/example_short_circuit_decorator.py
[2024-12-16T14:26:31.049+0000] {processor.py:836} INFO - DAG(s) dict_keys(['example_short_circuit_decorator']) retrieved from /home/vscode/.local/lib/python3.10/site-packages/airflow/example_dags/example_short_circuit_decorator.py
[2024-12-16T14:26:31.067+0000] {logging_mixin.py:150} INFO - [2024-12-16T14:26:31.067+0000] {dag.py:2742} INFO - Sync 1 DAGs
[2024-12-16T14:26:31.160+0000] {logging_mixin.py:150} INFO - [2024-12-16T14:26:31.160+0000] {dag.py:3504} INFO - Setting next_dagrun for example_short_circuit_decorator to 2024-12-15T14:26:31.160096+00:00, run_after=2024-12-16T14:26:31.160096+00:00
[2024-12-16T14:26:31.174+0000] {processor.py:179} INFO - Processing /home/vscode/.local/lib/python3.10/site-packages/airflow/example_dags/example_short_circuit_decorator.py took 0.137 seconds
[2024-12-16T14:27:24.580+0000] {processor.py:157} INFO - Started process (PID=22169) to work on /home/vscode/.local/lib/python3.10/site-packages/airflow/example_dags/example_short_circuit_decorator.py
[2024-12-16T14:27:24.581+0000] {processor.py:826} INFO - Processing file /home/vscode/.local/lib/python3.10/site-packages/airflow/example_dags/example_short_circuit_decorator.py for tasks to queue
[2024-12-16T14:27:24.582+0000] {logging_mixin.py:150} INFO - [2024-12-16T14:27:24.581+0000] {dagbag.py:541} INFO - Filling up the DagBag from /home/vscode/.local/lib/python3.10/site-packages/airflow/example_dags/example_short_circuit_decorator.py
[2024-12-16T14:27:24.588+0000] {processor.py:836} INFO - DAG(s) dict_keys(['example_short_circuit_decorator']) retrieved from /home/vscode/.local/lib/python3.10/site-packages/airflow/example_dags/example_short_circuit_decorator.py
[2024-12-16T14:27:24.601+0000] {logging_mixin.py:150} INFO - [2024-12-16T14:27:24.601+0000] {dag.py:2742} INFO - Sync 1 DAGs
[2024-12-16T14:27:24.614+0000] {logging_mixin.py:150} INFO - [2024-12-16T14:27:24.614+0000] {dag.py:3504} INFO - Setting next_dagrun for example_short_circuit_decorator to 2024-12-15T14:27:24.614136+00:00, run_after=2024-12-16T14:27:24.614136+00:00
[2024-12-16T14:27:24.630+0000] {processor.py:179} INFO - Processing /home/vscode/.local/lib/python3.10/site-packages/airflow/example_dags/example_short_circuit_decorator.py took 0.051 seconds
[2024-12-16T14:28:16.147+0000] {processor.py:157} INFO - Started process (PID=22805) to work on /home/vscode/.local/lib/python3.10/site-packages/airflow/example_dags/example_short_circuit_decorator.py
[2024-12-16T14:28:16.148+0000] {processor.py:826} INFO - Processing file /home/vscode/.local/lib/python3.10/site-packages/airflow/example_dags/example_short_circuit_decorator.py for tasks to queue
[2024-12-16T14:28:16.149+0000] {logging_mixin.py:150} INFO - [2024-12-16T14:28:16.148+0000] {dagbag.py:541} INFO - Filling up the DagBag from /home/vscode/.local/lib/python3.10/site-packages/airflow/example_dags/example_short_circuit_decorator.py
[2024-12-16T14:28:16.155+0000] {processor.py:836} INFO - DAG(s) dict_keys(['example_short_circuit_decorator']) retrieved from /home/vscode/.local/lib/python3.10/site-packages/airflow/example_dags/example_short_circuit_decorator.py
[2024-12-16T14:28:16.168+0000] {logging_mixin.py:150} INFO - [2024-12-16T14:28:16.168+0000] {dag.py:2742} INFO - Sync 1 DAGs
[2024-12-16T14:28:16.181+0000] {logging_mixin.py:150} INFO - [2024-12-16T14:28:16.181+0000] {dag.py:3504} INFO - Setting next_dagrun for example_short_circuit_decorator to 2024-12-15T14:28:16.180898+00:00, run_after=2024-12-16T14:28:16.180898+00:00
[2024-12-16T14:28:16.195+0000] {processor.py:179} INFO - Processing /home/vscode/.local/lib/python3.10/site-packages/airflow/example_dags/example_short_circuit_decorator.py took 0.050 seconds
[2024-12-16T14:29:01.431+0000] {processor.py:157} INFO - Started process (PID=23162) to work on /home/vscode/.local/lib/python3.10/site-packages/airflow/example_dags/example_short_circuit_decorator.py
[2024-12-16T14:29:01.431+0000] {processor.py:826} INFO - Processing file /home/vscode/.local/lib/python3.10/site-packages/airflow/example_dags/example_short_circuit_decorator.py for tasks to queue
[2024-12-16T14:29:01.432+0000] {logging_mixin.py:150} INFO - [2024-12-16T14:29:01.432+0000] {dagbag.py:541} INFO - Filling up the DagBag from /home/vscode/.local/lib/python3.10/site-packages/airflow/example_dags/example_short_circuit_decorator.py
[2024-12-16T14:29:01.443+0000] {processor.py:836} INFO - DAG(s) dict_keys(['example_short_circuit_decorator']) retrieved from /home/vscode/.local/lib/python3.10/site-packages/airflow/example_dags/example_short_circuit_decorator.py
[2024-12-16T14:29:01.461+0000] {logging_mixin.py:150} INFO - [2024-12-16T14:29:01.461+0000] {dag.py:2742} INFO - Sync 1 DAGs
[2024-12-16T14:29:01.477+0000] {logging_mixin.py:150} INFO - [2024-12-16T14:29:01.477+0000] {dag.py:3504} INFO - Setting next_dagrun for example_short_circuit_decorator to 2024-12-15T14:29:01.476926+00:00, run_after=2024-12-16T14:29:01.476926+00:00
[2024-12-16T14:29:01.491+0000] {processor.py:179} INFO - Processing /home/vscode/.local/lib/python3.10/site-packages/airflow/example_dags/example_short_circuit_decorator.py took 0.062 seconds
[2024-12-16T14:29:42.572+0000] {processor.py:157} INFO - Started process (PID=23659) to work on /home/vscode/.local/lib/python3.10/site-packages/airflow/example_dags/example_short_circuit_decorator.py
[2024-12-16T14:29:42.573+0000] {processor.py:826} INFO - Processing file /home/vscode/.local/lib/python3.10/site-packages/airflow/example_dags/example_short_circuit_decorator.py for tasks to queue
[2024-12-16T14:29:42.573+0000] {logging_mixin.py:150} INFO - [2024-12-16T14:29:42.573+0000] {dagbag.py:541} INFO - Filling up the DagBag from /home/vscode/.local/lib/python3.10/site-packages/airflow/example_dags/example_short_circuit_decorator.py
[2024-12-16T14:29:42.580+0000] {processor.py:836} INFO - DAG(s) dict_keys(['example_short_circuit_decorator']) retrieved from /home/vscode/.local/lib/python3.10/site-packages/airflow/example_dags/example_short_circuit_decorator.py
[2024-12-16T14:29:42.592+0000] {logging_mixin.py:150} INFO - [2024-12-16T14:29:42.592+0000] {dag.py:2742} INFO - Sync 1 DAGs
[2024-12-16T14:29:42.605+0000] {logging_mixin.py:150} INFO - [2024-12-16T14:29:42.605+0000] {dag.py:3504} INFO - Setting next_dagrun for example_short_circuit_decorator to 2024-12-15T14:29:42.605560+00:00, run_after=2024-12-16T14:29:42.605560+00:00
[2024-12-16T14:29:42.620+0000] {processor.py:179} INFO - Processing /home/vscode/.local/lib/python3.10/site-packages/airflow/example_dags/example_short_circuit_decorator.py took 0.050 seconds
[2024-12-16T14:30:23.540+0000] {processor.py:157} INFO - Started process (PID=24032) to work on /home/vscode/.local/lib/python3.10/site-packages/airflow/example_dags/example_short_circuit_decorator.py
[2024-12-16T14:30:23.541+0000] {processor.py:826} INFO - Processing file /home/vscode/.local/lib/python3.10/site-packages/airflow/example_dags/example_short_circuit_decorator.py for tasks to queue
[2024-12-16T14:30:23.541+0000] {logging_mixin.py:150} INFO - [2024-12-16T14:30:23.541+0000] {dagbag.py:541} INFO - Filling up the DagBag from /home/vscode/.local/lib/python3.10/site-packages/airflow/example_dags/example_short_circuit_decorator.py
[2024-12-16T14:30:23.548+0000] {processor.py:836} INFO - DAG(s) dict_keys(['example_short_circuit_decorator']) retrieved from /home/vscode/.local/lib/python3.10/site-packages/airflow/example_dags/example_short_circuit_decorator.py
[2024-12-16T14:30:23.560+0000] {logging_mixin.py:150} INFO - [2024-12-16T14:30:23.560+0000] {dag.py:2742} INFO - Sync 1 DAGs
[2024-12-16T14:30:23.573+0000] {logging_mixin.py:150} INFO - [2024-12-16T14:30:23.573+0000] {dag.py:3504} INFO - Setting next_dagrun for example_short_circuit_decorator to 2024-12-15T14:30:23.572912+00:00, run_after=2024-12-16T14:30:23.572912+00:00
[2024-12-16T14:30:23.587+0000] {processor.py:179} INFO - Processing /home/vscode/.local/lib/python3.10/site-packages/airflow/example_dags/example_short_circuit_decorator.py took 0.050 seconds
[2024-12-16T14:31:05.313+0000] {processor.py:157} INFO - Started process (PID=24412) to work on /home/vscode/.local/lib/python3.10/site-packages/airflow/example_dags/example_short_circuit_decorator.py
[2024-12-16T14:31:05.314+0000] {processor.py:826} INFO - Processing file /home/vscode/.local/lib/python3.10/site-packages/airflow/example_dags/example_short_circuit_decorator.py for tasks to queue
[2024-12-16T14:31:05.315+0000] {logging_mixin.py:150} INFO - [2024-12-16T14:31:05.315+0000] {dagbag.py:541} INFO - Filling up the DagBag from /home/vscode/.local/lib/python3.10/site-packages/airflow/example_dags/example_short_circuit_decorator.py
[2024-12-16T14:31:05.321+0000] {processor.py:836} INFO - DAG(s) dict_keys(['example_short_circuit_decorator']) retrieved from /home/vscode/.local/lib/python3.10/site-packages/airflow/example_dags/example_short_circuit_decorator.py
[2024-12-16T14:31:05.334+0000] {logging_mixin.py:150} INFO - [2024-12-16T14:31:05.334+0000] {dag.py:2742} INFO - Sync 1 DAGs
[2024-12-16T14:31:05.347+0000] {logging_mixin.py:150} INFO - [2024-12-16T14:31:05.347+0000] {dag.py:3504} INFO - Setting next_dagrun for example_short_circuit_decorator to 2024-12-15T14:31:05.347345+00:00, run_after=2024-12-16T14:31:05.347345+00:00
[2024-12-16T14:31:05.362+0000] {processor.py:179} INFO - Processing /home/vscode/.local/lib/python3.10/site-packages/airflow/example_dags/example_short_circuit_decorator.py took 0.050 seconds
[2024-12-16T14:31:52.504+0000] {processor.py:157} INFO - Started process (PID=25031) to work on /home/vscode/.local/lib/python3.10/site-packages/airflow/example_dags/example_short_circuit_decorator.py
[2024-12-16T14:31:52.505+0000] {processor.py:826} INFO - Processing file /home/vscode/.local/lib/python3.10/site-packages/airflow/example_dags/example_short_circuit_decorator.py for tasks to queue
[2024-12-16T14:31:52.505+0000] {logging_mixin.py:150} INFO - [2024-12-16T14:31:52.505+0000] {dagbag.py:541} INFO - Filling up the DagBag from /home/vscode/.local/lib/python3.10/site-packages/airflow/example_dags/example_short_circuit_decorator.py
[2024-12-16T14:31:52.512+0000] {processor.py:836} INFO - DAG(s) dict_keys(['example_short_circuit_decorator']) retrieved from /home/vscode/.local/lib/python3.10/site-packages/airflow/example_dags/example_short_circuit_decorator.py
[2024-12-16T14:31:52.524+0000] {logging_mixin.py:150} INFO - [2024-12-16T14:31:52.524+0000] {dag.py:2742} INFO - Sync 1 DAGs
[2024-12-16T14:31:52.537+0000] {logging_mixin.py:150} INFO - [2024-12-16T14:31:52.537+0000] {dag.py:3504} INFO - Setting next_dagrun for example_short_circuit_decorator to 2024-12-15T14:31:52.537313+00:00, run_after=2024-12-16T14:31:52.537313+00:00
[2024-12-16T14:31:52.551+0000] {processor.py:179} INFO - Processing /home/vscode/.local/lib/python3.10/site-packages/airflow/example_dags/example_short_circuit_decorator.py took 0.049 seconds
[2024-12-16T14:32:35.801+0000] {processor.py:157} INFO - Started process (PID=25322) to work on /home/vscode/.local/lib/python3.10/site-packages/airflow/example_dags/example_short_circuit_decorator.py
[2024-12-16T14:32:35.802+0000] {processor.py:826} INFO - Processing file /home/vscode/.local/lib/python3.10/site-packages/airflow/example_dags/example_short_circuit_decorator.py for tasks to queue
[2024-12-16T14:32:35.802+0000] {logging_mixin.py:150} INFO - [2024-12-16T14:32:35.802+0000] {dagbag.py:541} INFO - Filling up the DagBag from /home/vscode/.local/lib/python3.10/site-packages/airflow/example_dags/example_short_circuit_decorator.py
[2024-12-16T14:32:35.809+0000] {processor.py:836} INFO - DAG(s) dict_keys(['example_short_circuit_decorator']) retrieved from /home/vscode/.local/lib/python3.10/site-packages/airflow/example_dags/example_short_circuit_decorator.py
[2024-12-16T14:32:35.821+0000] {logging_mixin.py:150} INFO - [2024-12-16T14:32:35.821+0000] {dag.py:2742} INFO - Sync 1 DAGs
[2024-12-16T14:32:35.834+0000] {logging_mixin.py:150} INFO - [2024-12-16T14:32:35.834+0000] {dag.py:3504} INFO - Setting next_dagrun for example_short_circuit_decorator to 2024-12-15T14:32:35.834465+00:00, run_after=2024-12-16T14:32:35.834465+00:00
[2024-12-16T14:32:35.848+0000] {processor.py:179} INFO - Processing /home/vscode/.local/lib/python3.10/site-packages/airflow/example_dags/example_short_circuit_decorator.py took 0.049 seconds
[2024-12-16T14:33:16.992+0000] {processor.py:157} INFO - Started process (PID=25613) to work on /home/vscode/.local/lib/python3.10/site-packages/airflow/example_dags/example_short_circuit_decorator.py
[2024-12-16T14:33:16.992+0000] {processor.py:826} INFO - Processing file /home/vscode/.local/lib/python3.10/site-packages/airflow/example_dags/example_short_circuit_decorator.py for tasks to queue
[2024-12-16T14:33:16.993+0000] {logging_mixin.py:150} INFO - [2024-12-16T14:33:16.993+0000] {dagbag.py:541} INFO - Filling up the DagBag from /home/vscode/.local/lib/python3.10/site-packages/airflow/example_dags/example_short_circuit_decorator.py
[2024-12-16T14:33:17.000+0000] {processor.py:836} INFO - DAG(s) dict_keys(['example_short_circuit_decorator']) retrieved from /home/vscode/.local/lib/python3.10/site-packages/airflow/example_dags/example_short_circuit_decorator.py
[2024-12-16T14:33:17.012+0000] {logging_mixin.py:150} INFO - [2024-12-16T14:33:17.012+0000] {dag.py:2742} INFO - Sync 1 DAGs
[2024-12-16T14:33:17.025+0000] {logging_mixin.py:150} INFO - [2024-12-16T14:33:17.025+0000] {dag.py:3504} INFO - Setting next_dagrun for example_short_circuit_decorator to 2024-12-15T14:33:17.025074+00:00, run_after=2024-12-16T14:33:17.025074+00:00
[2024-12-16T14:33:17.040+0000] {processor.py:179} INFO - Processing /home/vscode/.local/lib/python3.10/site-packages/airflow/example_dags/example_short_circuit_decorator.py took 0.050 seconds
[2024-12-16T14:33:58.114+0000] {processor.py:157} INFO - Started process (PID=25934) to work on /home/vscode/.local/lib/python3.10/site-packages/airflow/example_dags/example_short_circuit_decorator.py
[2024-12-16T14:33:58.115+0000] {processor.py:826} INFO - Processing file /home/vscode/.local/lib/python3.10/site-packages/airflow/example_dags/example_short_circuit_decorator.py for tasks to queue
[2024-12-16T14:33:58.115+0000] {logging_mixin.py:150} INFO - [2024-12-16T14:33:58.115+0000] {dagbag.py:541} INFO - Filling up the DagBag from /home/vscode/.local/lib/python3.10/site-packages/airflow/example_dags/example_short_circuit_decorator.py
[2024-12-16T14:33:58.122+0000] {processor.py:836} INFO - DAG(s) dict_keys(['example_short_circuit_decorator']) retrieved from /home/vscode/.local/lib/python3.10/site-packages/airflow/example_dags/example_short_circuit_decorator.py
[2024-12-16T14:33:58.142+0000] {logging_mixin.py:150} INFO - [2024-12-16T14:33:58.142+0000] {dag.py:2742} INFO - Sync 1 DAGs
[2024-12-16T14:33:58.161+0000] {logging_mixin.py:150} INFO - [2024-12-16T14:33:58.161+0000] {dag.py:3504} INFO - Setting next_dagrun for example_short_circuit_decorator to 2024-12-15T14:33:58.160871+00:00, run_after=2024-12-16T14:33:58.160871+00:00
[2024-12-16T14:33:58.181+0000] {processor.py:179} INFO - Processing /home/vscode/.local/lib/python3.10/site-packages/airflow/example_dags/example_short_circuit_decorator.py took 0.069 seconds
[2024-12-16T14:34:40.544+0000] {processor.py:157} INFO - Started process (PID=26234) to work on /home/vscode/.local/lib/python3.10/site-packages/airflow/example_dags/example_short_circuit_decorator.py
[2024-12-16T14:34:40.544+0000] {processor.py:826} INFO - Processing file /home/vscode/.local/lib/python3.10/site-packages/airflow/example_dags/example_short_circuit_decorator.py for tasks to queue
[2024-12-16T14:34:40.545+0000] {logging_mixin.py:150} INFO - [2024-12-16T14:34:40.545+0000] {dagbag.py:541} INFO - Filling up the DagBag from /home/vscode/.local/lib/python3.10/site-packages/airflow/example_dags/example_short_circuit_decorator.py
[2024-12-16T14:34:40.552+0000] {processor.py:836} INFO - DAG(s) dict_keys(['example_short_circuit_decorator']) retrieved from /home/vscode/.local/lib/python3.10/site-packages/airflow/example_dags/example_short_circuit_decorator.py
[2024-12-16T14:34:40.564+0000] {logging_mixin.py:150} INFO - [2024-12-16T14:34:40.564+0000] {dag.py:2742} INFO - Sync 1 DAGs
[2024-12-16T14:34:40.577+0000] {logging_mixin.py:150} INFO - [2024-12-16T14:34:40.577+0000] {dag.py:3504} INFO - Setting next_dagrun for example_short_circuit_decorator to 2024-12-15T14:34:40.577523+00:00, run_after=2024-12-16T14:34:40.577523+00:00
[2024-12-16T14:34:40.591+0000] {processor.py:179} INFO - Processing /home/vscode/.local/lib/python3.10/site-packages/airflow/example_dags/example_short_circuit_decorator.py took 0.050 seconds
