[2024-12-16T14:26:57.055+0000] {processor.py:157} INFO - Started process (PID=21823) to work on /home/vscode/.local/lib/python3.10/site-packages/airflow/example_dags/example_trigger_controller_dag.py
[2024-12-16T14:26:57.056+0000] {processor.py:826} INFO - Processing file /home/vscode/.local/lib/python3.10/site-packages/airflow/example_dags/example_trigger_controller_dag.py for tasks to queue
[2024-12-16T14:26:57.057+0000] {logging_mixin.py:150} INFO - [2024-12-16T14:26:57.057+0000] {dagbag.py:541} INFO - Filling up the DagBag from /home/vscode/.local/lib/python3.10/site-packages/airflow/example_dags/example_trigger_controller_dag.py
[2024-12-16T14:26:57.060+0000] {processor.py:836} INFO - DAG(s) dict_keys(['example_trigger_controller_dag']) retrieved from /home/vscode/.local/lib/python3.10/site-packages/airflow/example_dags/example_trigger_controller_dag.py
[2024-12-16T14:26:57.159+0000] {logging_mixin.py:150} INFO - [2024-12-16T14:26:57.159+0000] {dag.py:2742} INFO - Sync 1 DAGs
[2024-12-16T14:26:57.171+0000] {logging_mixin.py:150} INFO - [2024-12-16T14:26:57.171+0000] {dag.py:3504} INFO - Setting next_dagrun for example_trigger_controller_dag to 2021-01-01T00:00:00+00:00, run_after=2021-01-01T00:00:00+00:00
[2024-12-16T14:26:57.186+0000] {processor.py:179} INFO - Processing /home/vscode/.local/lib/python3.10/site-packages/airflow/example_dags/example_trigger_controller_dag.py took 0.132 seconds
[2024-12-16T14:27:56.696+0000] {processor.py:157} INFO - Started process (PID=22614) to work on /home/vscode/.local/lib/python3.10/site-packages/airflow/example_dags/example_trigger_controller_dag.py
[2024-12-16T14:27:56.697+0000] {processor.py:826} INFO - Processing file /home/vscode/.local/lib/python3.10/site-packages/airflow/example_dags/example_trigger_controller_dag.py for tasks to queue
[2024-12-16T14:27:56.698+0000] {logging_mixin.py:150} INFO - [2024-12-16T14:27:56.697+0000] {dagbag.py:541} INFO - Filling up the DagBag from /home/vscode/.local/lib/python3.10/site-packages/airflow/example_dags/example_trigger_controller_dag.py
[2024-12-16T14:27:56.701+0000] {processor.py:836} INFO - DAG(s) dict_keys(['example_trigger_controller_dag']) retrieved from /home/vscode/.local/lib/python3.10/site-packages/airflow/example_dags/example_trigger_controller_dag.py
[2024-12-16T14:27:56.712+0000] {logging_mixin.py:150} INFO - [2024-12-16T14:27:56.712+0000] {dag.py:2742} INFO - Sync 1 DAGs
[2024-12-16T14:27:56.726+0000] {logging_mixin.py:150} INFO - [2024-12-16T14:27:56.725+0000] {dag.py:3504} INFO - Setting next_dagrun for example_trigger_controller_dag to 2021-01-01T00:00:00+00:00, run_after=2021-01-01T00:00:00+00:00
[2024-12-16T14:27:56.739+0000] {processor.py:179} INFO - Processing /home/vscode/.local/lib/python3.10/site-packages/airflow/example_dags/example_trigger_controller_dag.py took 0.044 seconds
[2024-12-16T14:28:45.882+0000] {processor.py:157} INFO - Started process (PID=23036) to work on /home/vscode/.local/lib/python3.10/site-packages/airflow/example_dags/example_trigger_controller_dag.py
[2024-12-16T14:28:45.882+0000] {processor.py:826} INFO - Processing file /home/vscode/.local/lib/python3.10/site-packages/airflow/example_dags/example_trigger_controller_dag.py for tasks to queue
[2024-12-16T14:28:45.883+0000] {logging_mixin.py:150} INFO - [2024-12-16T14:28:45.883+0000] {dagbag.py:541} INFO - Filling up the DagBag from /home/vscode/.local/lib/python3.10/site-packages/airflow/example_dags/example_trigger_controller_dag.py
[2024-12-16T14:28:45.886+0000] {processor.py:836} INFO - DAG(s) dict_keys(['example_trigger_controller_dag']) retrieved from /home/vscode/.local/lib/python3.10/site-packages/airflow/example_dags/example_trigger_controller_dag.py
[2024-12-16T14:28:45.897+0000] {logging_mixin.py:150} INFO - [2024-12-16T14:28:45.897+0000] {dag.py:2742} INFO - Sync 1 DAGs
[2024-12-16T14:28:45.910+0000] {logging_mixin.py:150} INFO - [2024-12-16T14:28:45.910+0000] {dag.py:3504} INFO - Setting next_dagrun for example_trigger_controller_dag to 2021-01-01T00:00:00+00:00, run_after=2021-01-01T00:00:00+00:00
[2024-12-16T14:28:45.924+0000] {processor.py:179} INFO - Processing /home/vscode/.local/lib/python3.10/site-packages/airflow/example_dags/example_trigger_controller_dag.py took 0.044 seconds
[2024-12-16T14:29:29.419+0000] {processor.py:157} INFO - Started process (PID=23516) to work on /home/vscode/.local/lib/python3.10/site-packages/airflow/example_dags/example_trigger_controller_dag.py
[2024-12-16T14:29:29.419+0000] {processor.py:826} INFO - Processing file /home/vscode/.local/lib/python3.10/site-packages/airflow/example_dags/example_trigger_controller_dag.py for tasks to queue
[2024-12-16T14:29:29.420+0000] {logging_mixin.py:150} INFO - [2024-12-16T14:29:29.420+0000] {dagbag.py:541} INFO - Filling up the DagBag from /home/vscode/.local/lib/python3.10/site-packages/airflow/example_dags/example_trigger_controller_dag.py
[2024-12-16T14:29:29.424+0000] {processor.py:836} INFO - DAG(s) dict_keys(['example_trigger_controller_dag']) retrieved from /home/vscode/.local/lib/python3.10/site-packages/airflow/example_dags/example_trigger_controller_dag.py
[2024-12-16T14:29:29.435+0000] {logging_mixin.py:150} INFO - [2024-12-16T14:29:29.435+0000] {dag.py:2742} INFO - Sync 1 DAGs
[2024-12-16T14:29:29.448+0000] {logging_mixin.py:150} INFO - [2024-12-16T14:29:29.448+0000] {dag.py:3504} INFO - Setting next_dagrun for example_trigger_controller_dag to 2021-01-01T00:00:00+00:00, run_after=2021-01-01T00:00:00+00:00
[2024-12-16T14:29:29.463+0000] {processor.py:179} INFO - Processing /home/vscode/.local/lib/python3.10/site-packages/airflow/example_dags/example_trigger_controller_dag.py took 0.046 seconds
[2024-12-16T14:30:30.166+0000] {processor.py:157} INFO - Started process (PID=24085) to work on /home/vscode/.local/lib/python3.10/site-packages/airflow/example_dags/example_trigger_controller_dag.py
[2024-12-16T14:30:30.166+0000] {processor.py:826} INFO - Processing file /home/vscode/.local/lib/python3.10/site-packages/airflow/example_dags/example_trigger_controller_dag.py for tasks to queue
[2024-12-16T14:30:30.167+0000] {logging_mixin.py:150} INFO - [2024-12-16T14:30:30.167+0000] {dagbag.py:541} INFO - Filling up the DagBag from /home/vscode/.local/lib/python3.10/site-packages/airflow/example_dags/example_trigger_controller_dag.py
[2024-12-16T14:30:30.170+0000] {processor.py:836} INFO - DAG(s) dict_keys(['example_trigger_controller_dag']) retrieved from /home/vscode/.local/lib/python3.10/site-packages/airflow/example_dags/example_trigger_controller_dag.py
[2024-12-16T14:30:30.186+0000] {logging_mixin.py:150} INFO - [2024-12-16T14:30:30.186+0000] {dag.py:2742} INFO - Sync 1 DAGs
[2024-12-16T14:30:30.199+0000] {logging_mixin.py:150} INFO - [2024-12-16T14:30:30.199+0000] {dag.py:3504} INFO - Setting next_dagrun for example_trigger_controller_dag to 2021-01-01T00:00:00+00:00, run_after=2021-01-01T00:00:00+00:00
[2024-12-16T14:30:30.213+0000] {processor.py:179} INFO - Processing /home/vscode/.local/lib/python3.10/site-packages/airflow/example_dags/example_trigger_controller_dag.py took 0.050 seconds
