[2024-12-16T14:27:13.296+0000] {processor.py:157} INFO - Started process (PID=22026) to work on /home/vscode/.local/lib/python3.10/site-packages/airflow/example_dags/example_external_task_marker_dag.py
[2024-12-16T14:27:13.296+0000] {processor.py:826} INFO - Processing file /home/vscode/.local/lib/python3.10/site-packages/airflow/example_dags/example_external_task_marker_dag.py for tasks to queue
[2024-12-16T14:27:13.297+0000] {logging_mixin.py:150} INFO - [2024-12-16T14:27:13.297+0000] {dagbag.py:541} INFO - Filling up the DagBag from /home/vscode/.local/lib/python3.10/site-packages/airflow/example_dags/example_external_task_marker_dag.py
[2024-12-16T14:27:13.301+0000] {processor.py:836} INFO - DAG(s) dict_keys(['example_external_task_marker_child', 'example_external_task_marker_parent']) retrieved from /home/vscode/.local/lib/python3.10/site-packages/airflow/example_dags/example_external_task_marker_dag.py
[2024-12-16T14:27:13.316+0000] {logging_mixin.py:150} INFO - [2024-12-16T14:27:13.316+0000] {dag.py:2742} INFO - Sync 2 DAGs
[2024-12-16T14:27:13.329+0000] {logging_mixin.py:150} INFO - [2024-12-16T14:27:13.329+0000] {dag.py:3504} INFO - Setting next_dagrun for example_external_task_marker_child to None, run_after=None
[2024-12-16T14:27:13.332+0000] {logging_mixin.py:150} INFO - [2024-12-16T14:27:13.331+0000] {dag.py:3504} INFO - Setting next_dagrun for example_external_task_marker_parent to None, run_after=None
[2024-12-16T14:27:13.344+0000] {processor.py:179} INFO - Processing /home/vscode/.local/lib/python3.10/site-packages/airflow/example_dags/example_external_task_marker_dag.py took 0.050 seconds
[2024-12-16T14:28:31.588+0000] {processor.py:157} INFO - Started process (PID=22926) to work on /home/vscode/.local/lib/python3.10/site-packages/airflow/example_dags/example_external_task_marker_dag.py
[2024-12-16T14:28:31.589+0000] {processor.py:826} INFO - Processing file /home/vscode/.local/lib/python3.10/site-packages/airflow/example_dags/example_external_task_marker_dag.py for tasks to queue
[2024-12-16T14:28:31.590+0000] {logging_mixin.py:150} INFO - [2024-12-16T14:28:31.589+0000] {dagbag.py:541} INFO - Filling up the DagBag from /home/vscode/.local/lib/python3.10/site-packages/airflow/example_dags/example_external_task_marker_dag.py
[2024-12-16T14:28:31.594+0000] {processor.py:836} INFO - DAG(s) dict_keys(['example_external_task_marker_parent', 'example_external_task_marker_child']) retrieved from /home/vscode/.local/lib/python3.10/site-packages/airflow/example_dags/example_external_task_marker_dag.py
[2024-12-16T14:28:31.607+0000] {logging_mixin.py:150} INFO - [2024-12-16T14:28:31.607+0000] {dag.py:2742} INFO - Sync 2 DAGs
[2024-12-16T14:28:31.621+0000] {logging_mixin.py:150} INFO - [2024-12-16T14:28:31.621+0000] {dag.py:3504} INFO - Setting next_dagrun for example_external_task_marker_child to None, run_after=None
[2024-12-16T14:28:31.623+0000] {logging_mixin.py:150} INFO - [2024-12-16T14:28:31.623+0000] {dag.py:3504} INFO - Setting next_dagrun for example_external_task_marker_parent to None, run_after=None
[2024-12-16T14:28:31.636+0000] {processor.py:179} INFO - Processing /home/vscode/.local/lib/python3.10/site-packages/airflow/example_dags/example_external_task_marker_dag.py took 0.050 seconds
[2024-12-16T14:29:32.278+0000] {processor.py:157} INFO - Started process (PID=23549) to work on /home/vscode/.local/lib/python3.10/site-packages/airflow/example_dags/example_external_task_marker_dag.py
[2024-12-16T14:29:32.278+0000] {processor.py:826} INFO - Processing file /home/vscode/.local/lib/python3.10/site-packages/airflow/example_dags/example_external_task_marker_dag.py for tasks to queue
[2024-12-16T14:29:32.279+0000] {logging_mixin.py:150} INFO - [2024-12-16T14:29:32.279+0000] {dagbag.py:541} INFO - Filling up the DagBag from /home/vscode/.local/lib/python3.10/site-packages/airflow/example_dags/example_external_task_marker_dag.py
[2024-12-16T14:29:32.283+0000] {processor.py:836} INFO - DAG(s) dict_keys(['example_external_task_marker_child', 'example_external_task_marker_parent']) retrieved from /home/vscode/.local/lib/python3.10/site-packages/airflow/example_dags/example_external_task_marker_dag.py
[2024-12-16T14:29:32.297+0000] {logging_mixin.py:150} INFO - [2024-12-16T14:29:32.297+0000] {dag.py:2742} INFO - Sync 2 DAGs
[2024-12-16T14:29:32.310+0000] {logging_mixin.py:150} INFO - [2024-12-16T14:29:32.310+0000] {dag.py:3504} INFO - Setting next_dagrun for example_external_task_marker_child to None, run_after=None
[2024-12-16T14:29:32.312+0000] {logging_mixin.py:150} INFO - [2024-12-16T14:29:32.312+0000] {dag.py:3504} INFO - Setting next_dagrun for example_external_task_marker_parent to None, run_after=None
[2024-12-16T14:29:32.325+0000] {processor.py:179} INFO - Processing /home/vscode/.local/lib/python3.10/site-packages/airflow/example_dags/example_external_task_marker_dag.py took 0.049 seconds
[2024-12-16T14:30:33.590+0000] {processor.py:157} INFO - Started process (PID=24135) to work on /home/vscode/.local/lib/python3.10/site-packages/airflow/example_dags/example_external_task_marker_dag.py
[2024-12-16T14:30:33.591+0000] {processor.py:826} INFO - Processing file /home/vscode/.local/lib/python3.10/site-packages/airflow/example_dags/example_external_task_marker_dag.py for tasks to queue
[2024-12-16T14:30:33.592+0000] {logging_mixin.py:150} INFO - [2024-12-16T14:30:33.592+0000] {dagbag.py:541} INFO - Filling up the DagBag from /home/vscode/.local/lib/python3.10/site-packages/airflow/example_dags/example_external_task_marker_dag.py
[2024-12-16T14:30:33.596+0000] {processor.py:836} INFO - DAG(s) dict_keys(['example_external_task_marker_child', 'example_external_task_marker_parent']) retrieved from /home/vscode/.local/lib/python3.10/site-packages/airflow/example_dags/example_external_task_marker_dag.py
[2024-12-16T14:30:33.609+0000] {logging_mixin.py:150} INFO - [2024-12-16T14:30:33.609+0000] {dag.py:2742} INFO - Sync 2 DAGs
[2024-12-16T14:30:33.622+0000] {logging_mixin.py:150} INFO - [2024-12-16T14:30:33.622+0000] {dag.py:3504} INFO - Setting next_dagrun for example_external_task_marker_child to None, run_after=None
[2024-12-16T14:30:33.624+0000] {logging_mixin.py:150} INFO - [2024-12-16T14:30:33.624+0000] {dag.py:3504} INFO - Setting next_dagrun for example_external_task_marker_parent to None, run_after=None
[2024-12-16T14:30:33.638+0000] {processor.py:179} INFO - Processing /home/vscode/.local/lib/python3.10/site-packages/airflow/example_dags/example_external_task_marker_dag.py took 0.050 seconds
