[2024-12-16T14:26:50.658+0000] {processor.py:157} INFO - Started process (PID=21772) to work on /home/vscode/.local/lib/python3.10/site-packages/airflow/example_dags/example_nested_branch_dag.py
[2024-12-16T14:26:50.659+0000] {processor.py:826} INFO - Processing file /home/vscode/.local/lib/python3.10/site-packages/airflow/example_dags/example_nested_branch_dag.py for tasks to queue
[2024-12-16T14:26:50.660+0000] {logging_mixin.py:150} INFO - [2024-12-16T14:26:50.660+0000] {dagbag.py:541} INFO - Filling up the DagBag from /home/vscode/.local/lib/python3.10/site-packages/airflow/example_dags/example_nested_branch_dag.py
[2024-12-16T14:26:50.667+0000] {processor.py:836} INFO - DAG(s) dict_keys(['example_nested_branch_dag']) retrieved from /home/vscode/.local/lib/python3.10/site-packages/airflow/example_dags/example_nested_branch_dag.py
[2024-12-16T14:26:50.689+0000] {logging_mixin.py:150} INFO - [2024-12-16T14:26:50.689+0000] {dag.py:2742} INFO - Sync 1 DAGs
[2024-12-16T14:26:50.792+0000] {logging_mixin.py:150} INFO - [2024-12-16T14:26:50.791+0000] {dag.py:3504} INFO - Setting next_dagrun for example_nested_branch_dag to 2024-12-15T00:00:00+00:00, run_after=2024-12-16T00:00:00+00:00
[2024-12-16T14:26:50.805+0000] {processor.py:179} INFO - Processing /home/vscode/.local/lib/python3.10/site-packages/airflow/example_dags/example_nested_branch_dag.py took 0.149 seconds
[2024-12-16T14:27:43.416+0000] {processor.py:157} INFO - Started process (PID=22397) to work on /home/vscode/.local/lib/python3.10/site-packages/airflow/example_dags/example_nested_branch_dag.py
[2024-12-16T14:27:43.417+0000] {processor.py:826} INFO - Processing file /home/vscode/.local/lib/python3.10/site-packages/airflow/example_dags/example_nested_branch_dag.py for tasks to queue
[2024-12-16T14:27:43.417+0000] {logging_mixin.py:150} INFO - [2024-12-16T14:27:43.417+0000] {dagbag.py:541} INFO - Filling up the DagBag from /home/vscode/.local/lib/python3.10/site-packages/airflow/example_dags/example_nested_branch_dag.py
[2024-12-16T14:27:43.424+0000] {processor.py:836} INFO - DAG(s) dict_keys(['example_nested_branch_dag']) retrieved from /home/vscode/.local/lib/python3.10/site-packages/airflow/example_dags/example_nested_branch_dag.py
[2024-12-16T14:27:43.437+0000] {logging_mixin.py:150} INFO - [2024-12-16T14:27:43.436+0000] {dag.py:2742} INFO - Sync 1 DAGs
[2024-12-16T14:27:43.452+0000] {logging_mixin.py:150} INFO - [2024-12-16T14:27:43.451+0000] {dag.py:3504} INFO - Setting next_dagrun for example_nested_branch_dag to 2024-12-15T00:00:00+00:00, run_after=2024-12-16T00:00:00+00:00
[2024-12-16T14:27:43.466+0000] {processor.py:179} INFO - Processing /home/vscode/.local/lib/python3.10/site-packages/airflow/example_dags/example_nested_branch_dag.py took 0.052 seconds
[2024-12-16T14:28:39.019+0000] {processor.py:157} INFO - Started process (PID=22979) to work on /home/vscode/.local/lib/python3.10/site-packages/airflow/example_dags/example_nested_branch_dag.py
[2024-12-16T14:28:39.020+0000] {processor.py:826} INFO - Processing file /home/vscode/.local/lib/python3.10/site-packages/airflow/example_dags/example_nested_branch_dag.py for tasks to queue
[2024-12-16T14:28:39.021+0000] {logging_mixin.py:150} INFO - [2024-12-16T14:28:39.021+0000] {dagbag.py:541} INFO - Filling up the DagBag from /home/vscode/.local/lib/python3.10/site-packages/airflow/example_dags/example_nested_branch_dag.py
[2024-12-16T14:28:39.028+0000] {processor.py:836} INFO - DAG(s) dict_keys(['example_nested_branch_dag']) retrieved from /home/vscode/.local/lib/python3.10/site-packages/airflow/example_dags/example_nested_branch_dag.py
[2024-12-16T14:28:39.040+0000] {logging_mixin.py:150} INFO - [2024-12-16T14:28:39.039+0000] {dag.py:2742} INFO - Sync 1 DAGs
[2024-12-16T14:28:39.053+0000] {logging_mixin.py:150} INFO - [2024-12-16T14:28:39.053+0000] {dag.py:3504} INFO - Setting next_dagrun for example_nested_branch_dag to 2024-12-15T00:00:00+00:00, run_after=2024-12-16T00:00:00+00:00
[2024-12-16T14:28:39.068+0000] {processor.py:179} INFO - Processing /home/vscode/.local/lib/python3.10/site-packages/airflow/example_dags/example_nested_branch_dag.py took 0.050 seconds
[2024-12-16T14:29:23.393+0000] {processor.py:157} INFO - Started process (PID=23434) to work on /home/vscode/.local/lib/python3.10/site-packages/airflow/example_dags/example_nested_branch_dag.py
[2024-12-16T14:29:23.393+0000] {processor.py:826} INFO - Processing file /home/vscode/.local/lib/python3.10/site-packages/airflow/example_dags/example_nested_branch_dag.py for tasks to queue
[2024-12-16T14:29:23.394+0000] {logging_mixin.py:150} INFO - [2024-12-16T14:29:23.394+0000] {dagbag.py:541} INFO - Filling up the DagBag from /home/vscode/.local/lib/python3.10/site-packages/airflow/example_dags/example_nested_branch_dag.py
[2024-12-16T14:29:23.402+0000] {processor.py:836} INFO - DAG(s) dict_keys(['example_nested_branch_dag']) retrieved from /home/vscode/.local/lib/python3.10/site-packages/airflow/example_dags/example_nested_branch_dag.py
[2024-12-16T14:29:23.413+0000] {logging_mixin.py:150} INFO - [2024-12-16T14:29:23.413+0000] {dag.py:2742} INFO - Sync 1 DAGs
[2024-12-16T14:29:23.428+0000] {logging_mixin.py:150} INFO - [2024-12-16T14:29:23.428+0000] {dag.py:3504} INFO - Setting next_dagrun for example_nested_branch_dag to 2024-12-15T00:00:00+00:00, run_after=2024-12-16T00:00:00+00:00
[2024-12-16T14:29:23.442+0000] {processor.py:179} INFO - Processing /home/vscode/.local/lib/python3.10/site-packages/airflow/example_dags/example_nested_branch_dag.py took 0.051 seconds
[2024-12-16T14:30:08.510+0000] {processor.py:157} INFO - Started process (PID=23858) to work on /home/vscode/.local/lib/python3.10/site-packages/airflow/example_dags/example_nested_branch_dag.py
[2024-12-16T14:30:08.511+0000] {processor.py:826} INFO - Processing file /home/vscode/.local/lib/python3.10/site-packages/airflow/example_dags/example_nested_branch_dag.py for tasks to queue
[2024-12-16T14:30:08.511+0000] {logging_mixin.py:150} INFO - [2024-12-16T14:30:08.511+0000] {dagbag.py:541} INFO - Filling up the DagBag from /home/vscode/.local/lib/python3.10/site-packages/airflow/example_dags/example_nested_branch_dag.py
[2024-12-16T14:30:08.518+0000] {processor.py:836} INFO - DAG(s) dict_keys(['example_nested_branch_dag']) retrieved from /home/vscode/.local/lib/python3.10/site-packages/airflow/example_dags/example_nested_branch_dag.py
[2024-12-16T14:30:08.530+0000] {logging_mixin.py:150} INFO - [2024-12-16T14:30:08.530+0000] {dag.py:2742} INFO - Sync 1 DAGs
[2024-12-16T14:30:08.544+0000] {logging_mixin.py:150} INFO - [2024-12-16T14:30:08.544+0000] {dag.py:3504} INFO - Setting next_dagrun for example_nested_branch_dag to 2024-12-15T00:00:00+00:00, run_after=2024-12-16T00:00:00+00:00
[2024-12-16T14:30:08.557+0000] {processor.py:179} INFO - Processing /home/vscode/.local/lib/python3.10/site-packages/airflow/example_dags/example_nested_branch_dag.py took 0.050 seconds
[2024-12-16T14:31:10.465+0000] {processor.py:157} INFO - Started process (PID=24445) to work on /home/vscode/.local/lib/python3.10/site-packages/airflow/example_dags/example_nested_branch_dag.py
[2024-12-16T14:31:10.466+0000] {processor.py:826} INFO - Processing file /home/vscode/.local/lib/python3.10/site-packages/airflow/example_dags/example_nested_branch_dag.py for tasks to queue
[2024-12-16T14:31:10.467+0000] {logging_mixin.py:150} INFO - [2024-12-16T14:31:10.466+0000] {dagbag.py:541} INFO - Filling up the DagBag from /home/vscode/.local/lib/python3.10/site-packages/airflow/example_dags/example_nested_branch_dag.py
[2024-12-16T14:31:10.474+0000] {processor.py:836} INFO - DAG(s) dict_keys(['example_nested_branch_dag']) retrieved from /home/vscode/.local/lib/python3.10/site-packages/airflow/example_dags/example_nested_branch_dag.py
[2024-12-16T14:31:10.486+0000] {logging_mixin.py:150} INFO - [2024-12-16T14:31:10.486+0000] {dag.py:2742} INFO - Sync 1 DAGs
[2024-12-16T14:31:10.500+0000] {logging_mixin.py:150} INFO - [2024-12-16T14:31:10.500+0000] {dag.py:3504} INFO - Setting next_dagrun for example_nested_branch_dag to 2024-12-15T00:00:00+00:00, run_after=2024-12-16T00:00:00+00:00
[2024-12-16T14:31:10.514+0000] {processor.py:179} INFO - Processing /home/vscode/.local/lib/python3.10/site-packages/airflow/example_dags/example_nested_branch_dag.py took 0.052 seconds
[2024-12-16T14:31:57.651+0000] {processor.py:157} INFO - Started process (PID=25065) to work on /home/vscode/.local/lib/python3.10/site-packages/airflow/example_dags/example_nested_branch_dag.py
[2024-12-16T14:31:57.651+0000] {processor.py:826} INFO - Processing file /home/vscode/.local/lib/python3.10/site-packages/airflow/example_dags/example_nested_branch_dag.py for tasks to queue
[2024-12-16T14:31:57.652+0000] {logging_mixin.py:150} INFO - [2024-12-16T14:31:57.652+0000] {dagbag.py:541} INFO - Filling up the DagBag from /home/vscode/.local/lib/python3.10/site-packages/airflow/example_dags/example_nested_branch_dag.py
[2024-12-16T14:31:57.660+0000] {processor.py:836} INFO - DAG(s) dict_keys(['example_nested_branch_dag']) retrieved from /home/vscode/.local/lib/python3.10/site-packages/airflow/example_dags/example_nested_branch_dag.py
[2024-12-16T14:31:57.672+0000] {logging_mixin.py:150} INFO - [2024-12-16T14:31:57.672+0000] {dag.py:2742} INFO - Sync 1 DAGs
[2024-12-16T14:31:57.686+0000] {logging_mixin.py:150} INFO - [2024-12-16T14:31:57.686+0000] {dag.py:3504} INFO - Setting next_dagrun for example_nested_branch_dag to 2024-12-15T00:00:00+00:00, run_after=2024-12-16T00:00:00+00:00
[2024-12-16T14:31:57.701+0000] {processor.py:179} INFO - Processing /home/vscode/.local/lib/python3.10/site-packages/airflow/example_dags/example_nested_branch_dag.py took 0.052 seconds
[2024-12-16T14:32:40.951+0000] {processor.py:157} INFO - Started process (PID=25358) to work on /home/vscode/.local/lib/python3.10/site-packages/airflow/example_dags/example_nested_branch_dag.py
[2024-12-16T14:32:40.951+0000] {processor.py:826} INFO - Processing file /home/vscode/.local/lib/python3.10/site-packages/airflow/example_dags/example_nested_branch_dag.py for tasks to queue
[2024-12-16T14:32:40.952+0000] {logging_mixin.py:150} INFO - [2024-12-16T14:32:40.952+0000] {dagbag.py:541} INFO - Filling up the DagBag from /home/vscode/.local/lib/python3.10/site-packages/airflow/example_dags/example_nested_branch_dag.py
[2024-12-16T14:32:40.959+0000] {processor.py:836} INFO - DAG(s) dict_keys(['example_nested_branch_dag']) retrieved from /home/vscode/.local/lib/python3.10/site-packages/airflow/example_dags/example_nested_branch_dag.py
[2024-12-16T14:32:40.971+0000] {logging_mixin.py:150} INFO - [2024-12-16T14:32:40.971+0000] {dag.py:2742} INFO - Sync 1 DAGs
[2024-12-16T14:32:40.985+0000] {logging_mixin.py:150} INFO - [2024-12-16T14:32:40.984+0000] {dag.py:3504} INFO - Setting next_dagrun for example_nested_branch_dag to 2024-12-15T00:00:00+00:00, run_after=2024-12-16T00:00:00+00:00
[2024-12-16T14:32:40.998+0000] {processor.py:179} INFO - Processing /home/vscode/.local/lib/python3.10/site-packages/airflow/example_dags/example_nested_branch_dag.py took 0.049 seconds
[2024-12-16T14:33:22.688+0000] {processor.py:157} INFO - Started process (PID=25649) to work on /home/vscode/.local/lib/python3.10/site-packages/airflow/example_dags/example_nested_branch_dag.py
[2024-12-16T14:33:22.689+0000] {processor.py:826} INFO - Processing file /home/vscode/.local/lib/python3.10/site-packages/airflow/example_dags/example_nested_branch_dag.py for tasks to queue
[2024-12-16T14:33:22.690+0000] {logging_mixin.py:150} INFO - [2024-12-16T14:33:22.690+0000] {dagbag.py:541} INFO - Filling up the DagBag from /home/vscode/.local/lib/python3.10/site-packages/airflow/example_dags/example_nested_branch_dag.py
[2024-12-16T14:33:22.700+0000] {processor.py:836} INFO - DAG(s) dict_keys(['example_nested_branch_dag']) retrieved from /home/vscode/.local/lib/python3.10/site-packages/airflow/example_dags/example_nested_branch_dag.py
[2024-12-16T14:33:22.717+0000] {logging_mixin.py:150} INFO - [2024-12-16T14:33:22.717+0000] {dag.py:2742} INFO - Sync 1 DAGs
[2024-12-16T14:33:22.739+0000] {logging_mixin.py:150} INFO - [2024-12-16T14:33:22.738+0000] {dag.py:3504} INFO - Setting next_dagrun for example_nested_branch_dag to 2024-12-15T00:00:00+00:00, run_after=2024-12-16T00:00:00+00:00
[2024-12-16T14:33:22.760+0000] {processor.py:179} INFO - Processing /home/vscode/.local/lib/python3.10/site-packages/airflow/example_dags/example_nested_branch_dag.py took 0.074 seconds
[2024-12-16T14:34:24.142+0000] {processor.py:157} INFO - Started process (PID=26126) to work on /home/vscode/.local/lib/python3.10/site-packages/airflow/example_dags/example_nested_branch_dag.py
[2024-12-16T14:34:24.143+0000] {processor.py:826} INFO - Processing file /home/vscode/.local/lib/python3.10/site-packages/airflow/example_dags/example_nested_branch_dag.py for tasks to queue
[2024-12-16T14:34:24.143+0000] {logging_mixin.py:150} INFO - [2024-12-16T14:34:24.143+0000] {dagbag.py:541} INFO - Filling up the DagBag from /home/vscode/.local/lib/python3.10/site-packages/airflow/example_dags/example_nested_branch_dag.py
[2024-12-16T14:34:24.150+0000] {processor.py:836} INFO - DAG(s) dict_keys(['example_nested_branch_dag']) retrieved from /home/vscode/.local/lib/python3.10/site-packages/airflow/example_dags/example_nested_branch_dag.py
[2024-12-16T14:34:24.162+0000] {logging_mixin.py:150} INFO - [2024-12-16T14:34:24.162+0000] {dag.py:2742} INFO - Sync 1 DAGs
[2024-12-16T14:34:24.175+0000] {logging_mixin.py:150} INFO - [2024-12-16T14:34:24.175+0000] {dag.py:3504} INFO - Setting next_dagrun for example_nested_branch_dag to 2024-12-15T00:00:00+00:00, run_after=2024-12-16T00:00:00+00:00
[2024-12-16T14:34:24.189+0000] {processor.py:179} INFO - Processing /home/vscode/.local/lib/python3.10/site-packages/airflow/example_dags/example_nested_branch_dag.py took 0.049 seconds
