[2024-12-16T14:26:55.807+0000] {processor.py:157} INFO - Started process (PID=21805) to work on /home/vscode/.local/lib/python3.10/site-packages/airflow/example_dags/example_sensors.py
[2024-12-16T14:26:55.808+0000] {processor.py:826} INFO - Processing file /home/vscode/.local/lib/python3.10/site-packages/airflow/example_dags/example_sensors.py for tasks to queue
[2024-12-16T14:26:55.809+0000] {logging_mixin.py:150} INFO - [2024-12-16T14:26:55.809+0000] {dagbag.py:541} INFO - Filling up the DagBag from /home/vscode/.local/lib/python3.10/site-packages/airflow/example_dags/example_sensors.py
[2024-12-16T14:26:55.815+0000] {processor.py:836} INFO - DAG(s) dict_keys(['example_sensors']) retrieved from /home/vscode/.local/lib/python3.10/site-packages/airflow/example_dags/example_sensors.py
[2024-12-16T14:26:55.930+0000] {logging_mixin.py:150} INFO - [2024-12-16T14:26:55.930+0000] {dag.py:2742} INFO - Sync 1 DAGs
[2024-12-16T14:26:55.943+0000] {logging_mixin.py:150} INFO - [2024-12-16T14:26:55.943+0000] {dag.py:3504} INFO - Setting next_dagrun for example_sensors to None, run_after=None
[2024-12-16T14:26:55.957+0000] {processor.py:179} INFO - Processing /home/vscode/.local/lib/python3.10/site-packages/airflow/example_dags/example_sensors.py took 0.151 seconds
[2024-12-16T14:27:54.707+0000] {processor.py:157} INFO - Started process (PID=22582) to work on /home/vscode/.local/lib/python3.10/site-packages/airflow/example_dags/example_sensors.py
[2024-12-16T14:27:54.708+0000] {processor.py:826} INFO - Processing file /home/vscode/.local/lib/python3.10/site-packages/airflow/example_dags/example_sensors.py for tasks to queue
[2024-12-16T14:27:54.709+0000] {logging_mixin.py:150} INFO - [2024-12-16T14:27:54.708+0000] {dagbag.py:541} INFO - Filling up the DagBag from /home/vscode/.local/lib/python3.10/site-packages/airflow/example_dags/example_sensors.py
[2024-12-16T14:27:54.716+0000] {processor.py:836} INFO - DAG(s) dict_keys(['example_sensors']) retrieved from /home/vscode/.local/lib/python3.10/site-packages/airflow/example_dags/example_sensors.py
[2024-12-16T14:27:54.730+0000] {logging_mixin.py:150} INFO - [2024-12-16T14:27:54.730+0000] {dag.py:2742} INFO - Sync 1 DAGs
[2024-12-16T14:27:54.743+0000] {logging_mixin.py:150} INFO - [2024-12-16T14:27:54.743+0000] {dag.py:3504} INFO - Setting next_dagrun for example_sensors to None, run_after=None
[2024-12-16T14:27:54.757+0000] {processor.py:179} INFO - Processing /home/vscode/.local/lib/python3.10/site-packages/airflow/example_dags/example_sensors.py took 0.052 seconds
[2024-12-16T14:28:45.260+0000] {processor.py:157} INFO - Started process (PID=23034) to work on /home/vscode/.local/lib/python3.10/site-packages/airflow/example_dags/example_sensors.py
[2024-12-16T14:28:45.261+0000] {processor.py:826} INFO - Processing file /home/vscode/.local/lib/python3.10/site-packages/airflow/example_dags/example_sensors.py for tasks to queue
[2024-12-16T14:28:45.262+0000] {logging_mixin.py:150} INFO - [2024-12-16T14:28:45.261+0000] {dagbag.py:541} INFO - Filling up the DagBag from /home/vscode/.local/lib/python3.10/site-packages/airflow/example_dags/example_sensors.py
[2024-12-16T14:28:45.269+0000] {processor.py:836} INFO - DAG(s) dict_keys(['example_sensors']) retrieved from /home/vscode/.local/lib/python3.10/site-packages/airflow/example_dags/example_sensors.py
[2024-12-16T14:28:45.282+0000] {logging_mixin.py:150} INFO - [2024-12-16T14:28:45.282+0000] {dag.py:2742} INFO - Sync 1 DAGs
[2024-12-16T14:28:45.306+0000] {logging_mixin.py:150} INFO - [2024-12-16T14:28:45.306+0000] {dag.py:3504} INFO - Setting next_dagrun for example_sensors to None, run_after=None
[2024-12-16T14:28:45.326+0000] {processor.py:179} INFO - Processing /home/vscode/.local/lib/python3.10/site-packages/airflow/example_dags/example_sensors.py took 0.068 seconds
[2024-12-16T14:29:28.279+0000] {processor.py:157} INFO - Started process (PID=23487) to work on /home/vscode/.local/lib/python3.10/site-packages/airflow/example_dags/example_sensors.py
[2024-12-16T14:29:28.280+0000] {processor.py:826} INFO - Processing file /home/vscode/.local/lib/python3.10/site-packages/airflow/example_dags/example_sensors.py for tasks to queue
[2024-12-16T14:29:28.280+0000] {logging_mixin.py:150} INFO - [2024-12-16T14:29:28.280+0000] {dagbag.py:541} INFO - Filling up the DagBag from /home/vscode/.local/lib/python3.10/site-packages/airflow/example_dags/example_sensors.py
[2024-12-16T14:29:28.287+0000] {processor.py:836} INFO - DAG(s) dict_keys(['example_sensors']) retrieved from /home/vscode/.local/lib/python3.10/site-packages/airflow/example_dags/example_sensors.py
[2024-12-16T14:29:28.301+0000] {logging_mixin.py:150} INFO - [2024-12-16T14:29:28.301+0000] {dag.py:2742} INFO - Sync 1 DAGs
[2024-12-16T14:29:28.321+0000] {logging_mixin.py:150} INFO - [2024-12-16T14:29:28.321+0000] {dag.py:3504} INFO - Setting next_dagrun for example_sensors to None, run_after=None
[2024-12-16T14:29:28.341+0000] {processor.py:179} INFO - Processing /home/vscode/.local/lib/python3.10/site-packages/airflow/example_dags/example_sensors.py took 0.064 seconds
[2024-12-16T14:30:29.018+0000] {processor.py:157} INFO - Started process (PID=24073) to work on /home/vscode/.local/lib/python3.10/site-packages/airflow/example_dags/example_sensors.py
[2024-12-16T14:30:29.019+0000] {processor.py:826} INFO - Processing file /home/vscode/.local/lib/python3.10/site-packages/airflow/example_dags/example_sensors.py for tasks to queue
[2024-12-16T14:30:29.020+0000] {logging_mixin.py:150} INFO - [2024-12-16T14:30:29.019+0000] {dagbag.py:541} INFO - Filling up the DagBag from /home/vscode/.local/lib/python3.10/site-packages/airflow/example_dags/example_sensors.py
[2024-12-16T14:30:29.026+0000] {processor.py:836} INFO - DAG(s) dict_keys(['example_sensors']) retrieved from /home/vscode/.local/lib/python3.10/site-packages/airflow/example_dags/example_sensors.py
[2024-12-16T14:30:29.039+0000] {logging_mixin.py:150} INFO - [2024-12-16T14:30:29.039+0000] {dag.py:2742} INFO - Sync 1 DAGs
[2024-12-16T14:30:29.052+0000] {logging_mixin.py:150} INFO - [2024-12-16T14:30:29.052+0000] {dag.py:3504} INFO - Setting next_dagrun for example_sensors to None, run_after=None
[2024-12-16T14:30:29.068+0000] {processor.py:179} INFO - Processing /home/vscode/.local/lib/python3.10/site-packages/airflow/example_dags/example_sensors.py took 0.052 seconds
[2024-12-16T14:31:16.770+0000] {processor.py:157} INFO - Started process (PID=24527) to work on /home/vscode/.local/lib/python3.10/site-packages/airflow/example_dags/example_sensors.py
[2024-12-16T14:31:16.771+0000] {processor.py:826} INFO - Processing file /home/vscode/.local/lib/python3.10/site-packages/airflow/example_dags/example_sensors.py for tasks to queue
[2024-12-16T14:31:16.772+0000] {logging_mixin.py:150} INFO - [2024-12-16T14:31:16.771+0000] {dagbag.py:541} INFO - Filling up the DagBag from /home/vscode/.local/lib/python3.10/site-packages/airflow/example_dags/example_sensors.py
[2024-12-16T14:31:16.781+0000] {processor.py:836} INFO - DAG(s) dict_keys(['example_sensors']) retrieved from /home/vscode/.local/lib/python3.10/site-packages/airflow/example_dags/example_sensors.py
[2024-12-16T14:31:16.795+0000] {logging_mixin.py:150} INFO - [2024-12-16T14:31:16.795+0000] {dag.py:2742} INFO - Sync 1 DAGs
[2024-12-16T14:31:16.808+0000] {logging_mixin.py:150} INFO - [2024-12-16T14:31:16.808+0000] {dag.py:3504} INFO - Setting next_dagrun for example_sensors to None, run_after=None
[2024-12-16T14:31:16.822+0000] {processor.py:179} INFO - Processing /home/vscode/.local/lib/python3.10/site-packages/airflow/example_dags/example_sensors.py took 0.054 seconds
[2024-12-16T14:32:21.920+0000] {processor.py:157} INFO - Started process (PID=25226) to work on /home/vscode/.local/lib/python3.10/site-packages/airflow/example_dags/example_sensors.py
[2024-12-16T14:32:21.921+0000] {processor.py:826} INFO - Processing file /home/vscode/.local/lib/python3.10/site-packages/airflow/example_dags/example_sensors.py for tasks to queue
[2024-12-16T14:32:21.922+0000] {logging_mixin.py:150} INFO - [2024-12-16T14:32:21.922+0000] {dagbag.py:541} INFO - Filling up the DagBag from /home/vscode/.local/lib/python3.10/site-packages/airflow/example_dags/example_sensors.py
[2024-12-16T14:32:21.932+0000] {processor.py:836} INFO - DAG(s) dict_keys(['example_sensors']) retrieved from /home/vscode/.local/lib/python3.10/site-packages/airflow/example_dags/example_sensors.py
[2024-12-16T14:32:21.978+0000] {logging_mixin.py:150} INFO - [2024-12-16T14:32:21.978+0000] {dag.py:2742} INFO - Sync 1 DAGs
[2024-12-16T14:32:22.004+0000] {logging_mixin.py:150} INFO - [2024-12-16T14:32:22.004+0000] {dag.py:3504} INFO - Setting next_dagrun for example_sensors to None, run_after=None
[2024-12-16T14:32:22.046+0000] {processor.py:179} INFO - Processing /home/vscode/.local/lib/python3.10/site-packages/airflow/example_dags/example_sensors.py took 0.132 seconds
[2024-12-16T14:33:22.854+0000] {processor.py:157} INFO - Started process (PID=25656) to work on /home/vscode/.local/lib/python3.10/site-packages/airflow/example_dags/example_sensors.py
[2024-12-16T14:33:22.855+0000] {processor.py:826} INFO - Processing file /home/vscode/.local/lib/python3.10/site-packages/airflow/example_dags/example_sensors.py for tasks to queue
[2024-12-16T14:33:22.856+0000] {logging_mixin.py:150} INFO - [2024-12-16T14:33:22.855+0000] {dagbag.py:541} INFO - Filling up the DagBag from /home/vscode/.local/lib/python3.10/site-packages/airflow/example_dags/example_sensors.py
[2024-12-16T14:33:22.862+0000] {processor.py:836} INFO - DAG(s) dict_keys(['example_sensors']) retrieved from /home/vscode/.local/lib/python3.10/site-packages/airflow/example_dags/example_sensors.py
[2024-12-16T14:33:22.876+0000] {logging_mixin.py:150} INFO - [2024-12-16T14:33:22.876+0000] {dag.py:2742} INFO - Sync 1 DAGs
[2024-12-16T14:33:22.889+0000] {logging_mixin.py:150} INFO - [2024-12-16T14:33:22.889+0000] {dag.py:3504} INFO - Setting next_dagrun for example_sensors to None, run_after=None
[2024-12-16T14:33:22.902+0000] {processor.py:179} INFO - Processing /home/vscode/.local/lib/python3.10/site-packages/airflow/example_dags/example_sensors.py took 0.049 seconds
[2024-12-16T14:34:26.427+0000] {processor.py:157} INFO - Started process (PID=26136) to work on /home/vscode/.local/lib/python3.10/site-packages/airflow/example_dags/example_sensors.py
[2024-12-16T14:34:26.428+0000] {processor.py:826} INFO - Processing file /home/vscode/.local/lib/python3.10/site-packages/airflow/example_dags/example_sensors.py for tasks to queue
[2024-12-16T14:34:26.428+0000] {logging_mixin.py:150} INFO - [2024-12-16T14:34:26.428+0000] {dagbag.py:541} INFO - Filling up the DagBag from /home/vscode/.local/lib/python3.10/site-packages/airflow/example_dags/example_sensors.py
[2024-12-16T14:34:26.435+0000] {processor.py:836} INFO - DAG(s) dict_keys(['example_sensors']) retrieved from /home/vscode/.local/lib/python3.10/site-packages/airflow/example_dags/example_sensors.py
[2024-12-16T14:34:26.449+0000] {logging_mixin.py:150} INFO - [2024-12-16T14:34:26.448+0000] {dag.py:2742} INFO - Sync 1 DAGs
[2024-12-16T14:34:26.461+0000] {logging_mixin.py:150} INFO - [2024-12-16T14:34:26.461+0000] {dag.py:3504} INFO - Setting next_dagrun for example_sensors to None, run_after=None
[2024-12-16T14:34:26.475+0000] {processor.py:179} INFO - Processing /home/vscode/.local/lib/python3.10/site-packages/airflow/example_dags/example_sensors.py took 0.050 seconds
