[2024-12-16T14:26:42.348+0000] {processor.py:157} INFO - Started process (PID=21663) to work on /home/vscode/.local/lib/python3.10/site-packages/airflow/example_dags/example_latest_only_with_trigger.py
[2024-12-16T14:26:42.349+0000] {processor.py:826} INFO - Processing file /home/vscode/.local/lib/python3.10/site-packages/airflow/example_dags/example_latest_only_with_trigger.py for tasks to queue
[2024-12-16T14:26:42.350+0000] {logging_mixin.py:150} INFO - [2024-12-16T14:26:42.350+0000] {dagbag.py:541} INFO - Filling up the DagBag from /home/vscode/.local/lib/python3.10/site-packages/airflow/example_dags/example_latest_only_with_trigger.py
[2024-12-16T14:26:42.356+0000] {processor.py:836} INFO - DAG(s) dict_keys(['latest_only_with_trigger']) retrieved from /home/vscode/.local/lib/python3.10/site-packages/airflow/example_dags/example_latest_only_with_trigger.py
[2024-12-16T14:26:42.374+0000] {logging_mixin.py:150} INFO - [2024-12-16T14:26:42.374+0000] {dag.py:2742} INFO - Sync 1 DAGs
[2024-12-16T14:26:42.460+0000] {logging_mixin.py:150} INFO - [2024-12-16T14:26:42.460+0000] {dag.py:3504} INFO - Setting next_dagrun for latest_only_with_trigger to 2024-12-16T10:26:42.460687+00:00, run_after=2024-12-16T14:26:42.460687+00:00
[2024-12-16T14:26:42.474+0000] {processor.py:179} INFO - Processing /home/vscode/.local/lib/python3.10/site-packages/airflow/example_dags/example_latest_only_with_trigger.py took 0.128 seconds
[2024-12-16T14:27:35.971+0000] {processor.py:157} INFO - Started process (PID=22301) to work on /home/vscode/.local/lib/python3.10/site-packages/airflow/example_dags/example_latest_only_with_trigger.py
[2024-12-16T14:27:35.972+0000] {processor.py:826} INFO - Processing file /home/vscode/.local/lib/python3.10/site-packages/airflow/example_dags/example_latest_only_with_trigger.py for tasks to queue
[2024-12-16T14:27:35.973+0000] {logging_mixin.py:150} INFO - [2024-12-16T14:27:35.972+0000] {dagbag.py:541} INFO - Filling up the DagBag from /home/vscode/.local/lib/python3.10/site-packages/airflow/example_dags/example_latest_only_with_trigger.py
[2024-12-16T14:27:35.977+0000] {processor.py:836} INFO - DAG(s) dict_keys(['latest_only_with_trigger']) retrieved from /home/vscode/.local/lib/python3.10/site-packages/airflow/example_dags/example_latest_only_with_trigger.py
[2024-12-16T14:27:35.991+0000] {logging_mixin.py:150} INFO - [2024-12-16T14:27:35.991+0000] {dag.py:2742} INFO - Sync 1 DAGs
[2024-12-16T14:27:36.005+0000] {logging_mixin.py:150} INFO - [2024-12-16T14:27:36.005+0000] {dag.py:3504} INFO - Setting next_dagrun for latest_only_with_trigger to 2024-12-16T10:27:36.005514+00:00, run_after=2024-12-16T14:27:36.005514+00:00
[2024-12-16T14:27:36.020+0000] {processor.py:179} INFO - Processing /home/vscode/.local/lib/python3.10/site-packages/airflow/example_dags/example_latest_only_with_trigger.py took 0.051 seconds
[2024-12-16T14:28:25.293+0000] {processor.py:157} INFO - Started process (PID=22877) to work on /home/vscode/.local/lib/python3.10/site-packages/airflow/example_dags/example_latest_only_with_trigger.py
[2024-12-16T14:28:25.294+0000] {processor.py:826} INFO - Processing file /home/vscode/.local/lib/python3.10/site-packages/airflow/example_dags/example_latest_only_with_trigger.py for tasks to queue
[2024-12-16T14:28:25.295+0000] {logging_mixin.py:150} INFO - [2024-12-16T14:28:25.294+0000] {dagbag.py:541} INFO - Filling up the DagBag from /home/vscode/.local/lib/python3.10/site-packages/airflow/example_dags/example_latest_only_with_trigger.py
[2024-12-16T14:28:25.300+0000] {processor.py:836} INFO - DAG(s) dict_keys(['latest_only_with_trigger']) retrieved from /home/vscode/.local/lib/python3.10/site-packages/airflow/example_dags/example_latest_only_with_trigger.py
[2024-12-16T14:28:25.310+0000] {logging_mixin.py:150} INFO - [2024-12-16T14:28:25.310+0000] {dag.py:2742} INFO - Sync 1 DAGs
[2024-12-16T14:28:25.323+0000] {logging_mixin.py:150} INFO - [2024-12-16T14:28:25.323+0000] {dag.py:3504} INFO - Setting next_dagrun for latest_only_with_trigger to 2024-12-16T10:28:25.323520+00:00, run_after=2024-12-16T14:28:25.323520+00:00
[2024-12-16T14:28:25.337+0000] {processor.py:179} INFO - Processing /home/vscode/.local/lib/python3.10/site-packages/airflow/example_dags/example_latest_only_with_trigger.py took 0.046 seconds
[2024-12-16T14:29:11.729+0000] {processor.py:157} INFO - Started process (PID=23287) to work on /home/vscode/.local/lib/python3.10/site-packages/airflow/example_dags/example_latest_only_with_trigger.py
[2024-12-16T14:29:11.730+0000] {processor.py:826} INFO - Processing file /home/vscode/.local/lib/python3.10/site-packages/airflow/example_dags/example_latest_only_with_trigger.py for tasks to queue
[2024-12-16T14:29:11.731+0000] {logging_mixin.py:150} INFO - [2024-12-16T14:29:11.731+0000] {dagbag.py:541} INFO - Filling up the DagBag from /home/vscode/.local/lib/python3.10/site-packages/airflow/example_dags/example_latest_only_with_trigger.py
[2024-12-16T14:29:11.736+0000] {processor.py:836} INFO - DAG(s) dict_keys(['latest_only_with_trigger']) retrieved from /home/vscode/.local/lib/python3.10/site-packages/airflow/example_dags/example_latest_only_with_trigger.py
[2024-12-16T14:29:11.747+0000] {logging_mixin.py:150} INFO - [2024-12-16T14:29:11.747+0000] {dag.py:2742} INFO - Sync 1 DAGs
[2024-12-16T14:29:11.763+0000] {logging_mixin.py:150} INFO - [2024-12-16T14:29:11.763+0000] {dag.py:3504} INFO - Setting next_dagrun for latest_only_with_trigger to 2024-12-16T10:29:11.763191+00:00, run_after=2024-12-16T14:29:11.763191+00:00
[2024-12-16T14:29:11.778+0000] {processor.py:179} INFO - Processing /home/vscode/.local/lib/python3.10/site-packages/airflow/example_dags/example_latest_only_with_trigger.py took 0.052 seconds
[2024-12-16T14:30:01.665+0000] {processor.py:157} INFO - Started process (PID=23817) to work on /home/vscode/.local/lib/python3.10/site-packages/airflow/example_dags/example_latest_only_with_trigger.py
[2024-12-16T14:30:01.665+0000] {processor.py:826} INFO - Processing file /home/vscode/.local/lib/python3.10/site-packages/airflow/example_dags/example_latest_only_with_trigger.py for tasks to queue
[2024-12-16T14:30:01.666+0000] {logging_mixin.py:150} INFO - [2024-12-16T14:30:01.666+0000] {dagbag.py:541} INFO - Filling up the DagBag from /home/vscode/.local/lib/python3.10/site-packages/airflow/example_dags/example_latest_only_with_trigger.py
[2024-12-16T14:30:01.672+0000] {processor.py:836} INFO - DAG(s) dict_keys(['latest_only_with_trigger']) retrieved from /home/vscode/.local/lib/python3.10/site-packages/airflow/example_dags/example_latest_only_with_trigger.py
[2024-12-16T14:30:01.683+0000] {logging_mixin.py:150} INFO - [2024-12-16T14:30:01.683+0000] {dag.py:2742} INFO - Sync 1 DAGs
[2024-12-16T14:30:01.696+0000] {logging_mixin.py:150} INFO - [2024-12-16T14:30:01.696+0000] {dag.py:3504} INFO - Setting next_dagrun for latest_only_with_trigger to 2024-12-16T10:30:01.695922+00:00, run_after=2024-12-16T14:30:01.695922+00:00
[2024-12-16T14:30:01.711+0000] {processor.py:179} INFO - Processing /home/vscode/.local/lib/python3.10/site-packages/airflow/example_dags/example_latest_only_with_trigger.py took 0.048 seconds
