[2024-12-16T14:26:52.590+0000] {processor.py:157} INFO - Started process (PID=21793) to work on /home/vscode/.local/lib/python3.10/site-packages/airflow/example_dags/example_task_group.py
[2024-12-16T14:26:52.591+0000] {processor.py:826} INFO - Processing file /home/vscode/.local/lib/python3.10/site-packages/airflow/example_dags/example_task_group.py for tasks to queue
[2024-12-16T14:26:52.592+0000] {logging_mixin.py:150} INFO - [2024-12-16T14:26:52.591+0000] {dagbag.py:541} INFO - Filling up the DagBag from /home/vscode/.local/lib/python3.10/site-packages/airflow/example_dags/example_task_group.py
[2024-12-16T14:26:52.597+0000] {processor.py:836} INFO - DAG(s) dict_keys(['example_task_group']) retrieved from /home/vscode/.local/lib/python3.10/site-packages/airflow/example_dags/example_task_group.py
[2024-12-16T14:26:52.693+0000] {logging_mixin.py:150} INFO - [2024-12-16T14:26:52.692+0000] {dag.py:2742} INFO - Sync 1 DAGs
[2024-12-16T14:26:52.705+0000] {logging_mixin.py:150} INFO - [2024-12-16T14:26:52.705+0000] {dag.py:3504} INFO - Setting next_dagrun for example_task_group to 2024-12-15T14:26:52.705148+00:00, run_after=2024-12-16T14:26:52.705148+00:00
[2024-12-16T14:26:52.718+0000] {processor.py:179} INFO - Processing /home/vscode/.local/lib/python3.10/site-packages/airflow/example_dags/example_task_group.py took 0.130 seconds
[2024-12-16T14:27:45.135+0000] {processor.py:157} INFO - Started process (PID=22429) to work on /home/vscode/.local/lib/python3.10/site-packages/airflow/example_dags/example_task_group.py
[2024-12-16T14:27:45.137+0000] {processor.py:826} INFO - Processing file /home/vscode/.local/lib/python3.10/site-packages/airflow/example_dags/example_task_group.py for tasks to queue
[2024-12-16T14:27:45.138+0000] {logging_mixin.py:150} INFO - [2024-12-16T14:27:45.137+0000] {dagbag.py:541} INFO - Filling up the DagBag from /home/vscode/.local/lib/python3.10/site-packages/airflow/example_dags/example_task_group.py
[2024-12-16T14:27:45.147+0000] {processor.py:836} INFO - DAG(s) dict_keys(['example_task_group']) retrieved from /home/vscode/.local/lib/python3.10/site-packages/airflow/example_dags/example_task_group.py
[2024-12-16T14:27:45.170+0000] {logging_mixin.py:150} INFO - [2024-12-16T14:27:45.170+0000] {dag.py:2742} INFO - Sync 1 DAGs
[2024-12-16T14:27:45.183+0000] {logging_mixin.py:150} INFO - [2024-12-16T14:27:45.183+0000] {dag.py:3504} INFO - Setting next_dagrun for example_task_group to 2024-12-15T14:27:45.183728+00:00, run_after=2024-12-16T14:27:45.183728+00:00
[2024-12-16T14:27:45.197+0000] {processor.py:179} INFO - Processing /home/vscode/.local/lib/python3.10/site-packages/airflow/example_dags/example_task_group.py took 0.064 seconds
[2024-12-16T14:28:41.883+0000] {processor.py:157} INFO - Started process (PID=23005) to work on /home/vscode/.local/lib/python3.10/site-packages/airflow/example_dags/example_task_group.py
[2024-12-16T14:28:41.883+0000] {processor.py:826} INFO - Processing file /home/vscode/.local/lib/python3.10/site-packages/airflow/example_dags/example_task_group.py for tasks to queue
[2024-12-16T14:28:41.884+0000] {logging_mixin.py:150} INFO - [2024-12-16T14:28:41.884+0000] {dagbag.py:541} INFO - Filling up the DagBag from /home/vscode/.local/lib/python3.10/site-packages/airflow/example_dags/example_task_group.py
[2024-12-16T14:28:41.890+0000] {processor.py:836} INFO - DAG(s) dict_keys(['example_task_group']) retrieved from /home/vscode/.local/lib/python3.10/site-packages/airflow/example_dags/example_task_group.py
[2024-12-16T14:28:41.901+0000] {logging_mixin.py:150} INFO - [2024-12-16T14:28:41.901+0000] {dag.py:2742} INFO - Sync 1 DAGs
[2024-12-16T14:28:41.918+0000] {logging_mixin.py:150} INFO - [2024-12-16T14:28:41.918+0000] {dag.py:3504} INFO - Setting next_dagrun for example_task_group to 2024-12-15T14:28:41.918005+00:00, run_after=2024-12-16T14:28:41.918005+00:00
[2024-12-16T14:28:41.938+0000] {processor.py:179} INFO - Processing /home/vscode/.local/lib/python3.10/site-packages/airflow/example_dags/example_task_group.py took 0.058 seconds
[2024-12-16T14:29:25.834+0000] {processor.py:157} INFO - Started process (PID=23476) to work on /home/vscode/.local/lib/python3.10/site-packages/airflow/example_dags/example_task_group.py
[2024-12-16T14:29:25.835+0000] {processor.py:826} INFO - Processing file /home/vscode/.local/lib/python3.10/site-packages/airflow/example_dags/example_task_group.py for tasks to queue
[2024-12-16T14:29:25.836+0000] {logging_mixin.py:150} INFO - [2024-12-16T14:29:25.835+0000] {dagbag.py:541} INFO - Filling up the DagBag from /home/vscode/.local/lib/python3.10/site-packages/airflow/example_dags/example_task_group.py
[2024-12-16T14:29:25.845+0000] {processor.py:836} INFO - DAG(s) dict_keys(['example_task_group']) retrieved from /home/vscode/.local/lib/python3.10/site-packages/airflow/example_dags/example_task_group.py
[2024-12-16T14:29:25.863+0000] {logging_mixin.py:150} INFO - [2024-12-16T14:29:25.863+0000] {dag.py:2742} INFO - Sync 1 DAGs
[2024-12-16T14:29:25.877+0000] {logging_mixin.py:150} INFO - [2024-12-16T14:29:25.877+0000] {dag.py:3504} INFO - Setting next_dagrun for example_task_group to 2024-12-15T14:29:25.877104+00:00, run_after=2024-12-16T14:29:25.877104+00:00
[2024-12-16T14:29:25.892+0000] {processor.py:179} INFO - Processing /home/vscode/.local/lib/python3.10/site-packages/airflow/example_dags/example_task_group.py took 0.060 seconds
[2024-12-16T14:30:11.944+0000] {processor.py:157} INFO - Started process (PID=23891) to work on /home/vscode/.local/lib/python3.10/site-packages/airflow/example_dags/example_task_group.py
[2024-12-16T14:30:11.945+0000] {processor.py:826} INFO - Processing file /home/vscode/.local/lib/python3.10/site-packages/airflow/example_dags/example_task_group.py for tasks to queue
[2024-12-16T14:30:11.946+0000] {logging_mixin.py:150} INFO - [2024-12-16T14:30:11.945+0000] {dagbag.py:541} INFO - Filling up the DagBag from /home/vscode/.local/lib/python3.10/site-packages/airflow/example_dags/example_task_group.py
[2024-12-16T14:30:11.951+0000] {processor.py:836} INFO - DAG(s) dict_keys(['example_task_group']) retrieved from /home/vscode/.local/lib/python3.10/site-packages/airflow/example_dags/example_task_group.py
[2024-12-16T14:30:11.967+0000] {logging_mixin.py:150} INFO - [2024-12-16T14:30:11.967+0000] {dag.py:2742} INFO - Sync 1 DAGs
[2024-12-16T14:30:11.980+0000] {logging_mixin.py:150} INFO - [2024-12-16T14:30:11.980+0000] {dag.py:3504} INFO - Setting next_dagrun for example_task_group to 2024-12-15T14:30:11.980196+00:00, run_after=2024-12-16T14:30:11.980196+00:00
[2024-12-16T14:30:11.994+0000] {processor.py:179} INFO - Processing /home/vscode/.local/lib/python3.10/site-packages/airflow/example_dags/example_task_group.py took 0.052 seconds
[2024-12-16T14:31:13.628+0000] {processor.py:157} INFO - Started process (PID=24490) to work on /home/vscode/.local/lib/python3.10/site-packages/airflow/example_dags/example_task_group.py
[2024-12-16T14:31:13.628+0000] {processor.py:826} INFO - Processing file /home/vscode/.local/lib/python3.10/site-packages/airflow/example_dags/example_task_group.py for tasks to queue
[2024-12-16T14:31:13.629+0000] {logging_mixin.py:150} INFO - [2024-12-16T14:31:13.629+0000] {dagbag.py:541} INFO - Filling up the DagBag from /home/vscode/.local/lib/python3.10/site-packages/airflow/example_dags/example_task_group.py
[2024-12-16T14:31:13.634+0000] {processor.py:836} INFO - DAG(s) dict_keys(['example_task_group']) retrieved from /home/vscode/.local/lib/python3.10/site-packages/airflow/example_dags/example_task_group.py
[2024-12-16T14:31:13.646+0000] {logging_mixin.py:150} INFO - [2024-12-16T14:31:13.646+0000] {dag.py:2742} INFO - Sync 1 DAGs
[2024-12-16T14:31:13.659+0000] {logging_mixin.py:150} INFO - [2024-12-16T14:31:13.659+0000] {dag.py:3504} INFO - Setting next_dagrun for example_task_group to 2024-12-15T14:31:13.659392+00:00, run_after=2024-12-16T14:31:13.659392+00:00
[2024-12-16T14:31:13.682+0000] {processor.py:179} INFO - Processing /home/vscode/.local/lib/python3.10/site-packages/airflow/example_dags/example_task_group.py took 0.056 seconds
[2024-12-16T14:32:00.471+0000] {processor.py:157} INFO - Started process (PID=25083) to work on /home/vscode/.local/lib/python3.10/site-packages/airflow/example_dags/example_task_group.py
[2024-12-16T14:32:00.472+0000] {processor.py:826} INFO - Processing file /home/vscode/.local/lib/python3.10/site-packages/airflow/example_dags/example_task_group.py for tasks to queue
[2024-12-16T14:32:00.472+0000] {logging_mixin.py:150} INFO - [2024-12-16T14:32:00.472+0000] {dagbag.py:541} INFO - Filling up the DagBag from /home/vscode/.local/lib/python3.10/site-packages/airflow/example_dags/example_task_group.py
[2024-12-16T14:32:00.478+0000] {processor.py:836} INFO - DAG(s) dict_keys(['example_task_group']) retrieved from /home/vscode/.local/lib/python3.10/site-packages/airflow/example_dags/example_task_group.py
[2024-12-16T14:32:00.489+0000] {logging_mixin.py:150} INFO - [2024-12-16T14:32:00.489+0000] {dag.py:2742} INFO - Sync 1 DAGs
[2024-12-16T14:32:00.502+0000] {logging_mixin.py:150} INFO - [2024-12-16T14:32:00.502+0000] {dag.py:3504} INFO - Setting next_dagrun for example_task_group to 2024-12-15T14:32:00.502159+00:00, run_after=2024-12-16T14:32:00.502159+00:00
[2024-12-16T14:32:00.516+0000] {processor.py:179} INFO - Processing /home/vscode/.local/lib/python3.10/site-packages/airflow/example_dags/example_task_group.py took 0.048 seconds
[2024-12-16T14:33:02.401+0000] {processor.py:157} INFO - Started process (PID=25505) to work on /home/vscode/.local/lib/python3.10/site-packages/airflow/example_dags/example_task_group.py
[2024-12-16T14:33:02.402+0000] {processor.py:826} INFO - Processing file /home/vscode/.local/lib/python3.10/site-packages/airflow/example_dags/example_task_group.py for tasks to queue
[2024-12-16T14:33:02.404+0000] {logging_mixin.py:150} INFO - [2024-12-16T14:33:02.403+0000] {dagbag.py:541} INFO - Filling up the DagBag from /home/vscode/.local/lib/python3.10/site-packages/airflow/example_dags/example_task_group.py
[2024-12-16T14:33:02.413+0000] {processor.py:836} INFO - DAG(s) dict_keys(['example_task_group']) retrieved from /home/vscode/.local/lib/python3.10/site-packages/airflow/example_dags/example_task_group.py
[2024-12-16T14:33:02.425+0000] {logging_mixin.py:150} INFO - [2024-12-16T14:33:02.424+0000] {dag.py:2742} INFO - Sync 1 DAGs
[2024-12-16T14:33:02.438+0000] {logging_mixin.py:150} INFO - [2024-12-16T14:33:02.438+0000] {dag.py:3504} INFO - Setting next_dagrun for example_task_group to 2024-12-15T14:33:02.437963+00:00, run_after=2024-12-16T14:33:02.437963+00:00
[2024-12-16T14:33:02.465+0000] {processor.py:179} INFO - Processing /home/vscode/.local/lib/python3.10/site-packages/airflow/example_dags/example_task_group.py took 0.063 seconds
[2024-12-16T14:34:04.298+0000] {processor.py:157} INFO - Started process (PID=25981) to work on /home/vscode/.local/lib/python3.10/site-packages/airflow/example_dags/example_task_group.py
[2024-12-16T14:34:04.299+0000] {processor.py:826} INFO - Processing file /home/vscode/.local/lib/python3.10/site-packages/airflow/example_dags/example_task_group.py for tasks to queue
[2024-12-16T14:34:04.299+0000] {logging_mixin.py:150} INFO - [2024-12-16T14:34:04.299+0000] {dagbag.py:541} INFO - Filling up the DagBag from /home/vscode/.local/lib/python3.10/site-packages/airflow/example_dags/example_task_group.py
[2024-12-16T14:34:04.305+0000] {processor.py:836} INFO - DAG(s) dict_keys(['example_task_group']) retrieved from /home/vscode/.local/lib/python3.10/site-packages/airflow/example_dags/example_task_group.py
[2024-12-16T14:34:04.317+0000] {logging_mixin.py:150} INFO - [2024-12-16T14:34:04.317+0000] {dag.py:2742} INFO - Sync 1 DAGs
[2024-12-16T14:34:04.330+0000] {logging_mixin.py:150} INFO - [2024-12-16T14:34:04.330+0000] {dag.py:3504} INFO - Setting next_dagrun for example_task_group to 2024-12-15T14:34:04.330359+00:00, run_after=2024-12-16T14:34:04.330359+00:00
[2024-12-16T14:34:04.344+0000] {processor.py:179} INFO - Processing /home/vscode/.local/lib/python3.10/site-packages/airflow/example_dags/example_task_group.py took 0.048 seconds
