[2024-12-16T14:27:16.695+0000] {processor.py:157} INFO - Started process (PID=22060) to work on /home/vscode/.local/lib/python3.10/site-packages/airflow/example_dags/example_branch_labels.py
[2024-12-16T14:27:16.696+0000] {processor.py:826} INFO - Processing file /home/vscode/.local/lib/python3.10/site-packages/airflow/example_dags/example_branch_labels.py for tasks to queue
[2024-12-16T14:27:16.697+0000] {logging_mixin.py:150} INFO - [2024-12-16T14:27:16.696+0000] {dagbag.py:541} INFO - Filling up the DagBag from /home/vscode/.local/lib/python3.10/site-packages/airflow/example_dags/example_branch_labels.py
[2024-12-16T14:27:16.702+0000] {processor.py:836} INFO - DAG(s) dict_keys(['example_branch_labels']) retrieved from /home/vscode/.local/lib/python3.10/site-packages/airflow/example_dags/example_branch_labels.py
[2024-12-16T14:27:16.714+0000] {logging_mixin.py:150} INFO - [2024-12-16T14:27:16.714+0000] {dag.py:2742} INFO - Sync 1 DAGs
[2024-12-16T14:27:16.727+0000] {logging_mixin.py:150} INFO - [2024-12-16T14:27:16.727+0000] {dag.py:3504} INFO - Setting next_dagrun for example_branch_labels to 2024-12-15T00:00:00+00:00, run_after=2024-12-16T00:00:00+00:00
[2024-12-16T14:27:16.742+0000] {processor.py:179} INFO - Processing /home/vscode/.local/lib/python3.10/site-packages/airflow/example_dags/example_branch_labels.py took 0.049 seconds
[2024-12-16T14:28:35.118+0000] {processor.py:157} INFO - Started process (PID=22955) to work on /home/vscode/.local/lib/python3.10/site-packages/airflow/example_dags/example_branch_labels.py
[2024-12-16T14:28:35.118+0000] {processor.py:826} INFO - Processing file /home/vscode/.local/lib/python3.10/site-packages/airflow/example_dags/example_branch_labels.py for tasks to queue
[2024-12-16T14:28:35.119+0000] {logging_mixin.py:150} INFO - [2024-12-16T14:28:35.119+0000] {dagbag.py:541} INFO - Filling up the DagBag from /home/vscode/.local/lib/python3.10/site-packages/airflow/example_dags/example_branch_labels.py
[2024-12-16T14:28:35.125+0000] {processor.py:836} INFO - DAG(s) dict_keys(['example_branch_labels']) retrieved from /home/vscode/.local/lib/python3.10/site-packages/airflow/example_dags/example_branch_labels.py
[2024-12-16T14:28:35.137+0000] {logging_mixin.py:150} INFO - [2024-12-16T14:28:35.137+0000] {dag.py:2742} INFO - Sync 1 DAGs
[2024-12-16T14:28:35.151+0000] {logging_mixin.py:150} INFO - [2024-12-16T14:28:35.151+0000] {dag.py:3504} INFO - Setting next_dagrun for example_branch_labels to 2024-12-15T00:00:00+00:00, run_after=2024-12-16T00:00:00+00:00
[2024-12-16T14:28:35.165+0000] {processor.py:179} INFO - Processing /home/vscode/.local/lib/python3.10/site-packages/airflow/example_dags/example_branch_labels.py took 0.049 seconds
[2024-12-16T14:29:35.809+0000] {processor.py:157} INFO - Started process (PID=23609) to work on /home/vscode/.local/lib/python3.10/site-packages/airflow/example_dags/example_branch_labels.py
[2024-12-16T14:29:35.810+0000] {processor.py:826} INFO - Processing file /home/vscode/.local/lib/python3.10/site-packages/airflow/example_dags/example_branch_labels.py for tasks to queue
[2024-12-16T14:29:35.810+0000] {logging_mixin.py:150} INFO - [2024-12-16T14:29:35.810+0000] {dagbag.py:541} INFO - Filling up the DagBag from /home/vscode/.local/lib/python3.10/site-packages/airflow/example_dags/example_branch_labels.py
[2024-12-16T14:29:35.816+0000] {processor.py:836} INFO - DAG(s) dict_keys(['example_branch_labels']) retrieved from /home/vscode/.local/lib/python3.10/site-packages/airflow/example_dags/example_branch_labels.py
[2024-12-16T14:29:35.828+0000] {logging_mixin.py:150} INFO - [2024-12-16T14:29:35.828+0000] {dag.py:2742} INFO - Sync 1 DAGs
[2024-12-16T14:29:35.842+0000] {logging_mixin.py:150} INFO - [2024-12-16T14:29:35.841+0000] {dag.py:3504} INFO - Setting next_dagrun for example_branch_labels to 2024-12-15T00:00:00+00:00, run_after=2024-12-16T00:00:00+00:00
[2024-12-16T14:29:35.858+0000] {processor.py:179} INFO - Processing /home/vscode/.local/lib/python3.10/site-packages/airflow/example_dags/example_branch_labels.py took 0.051 seconds
[2024-12-16T14:30:36.557+0000] {processor.py:157} INFO - Started process (PID=24160) to work on /home/vscode/.local/lib/python3.10/site-packages/airflow/example_dags/example_branch_labels.py
[2024-12-16T14:30:36.558+0000] {processor.py:826} INFO - Processing file /home/vscode/.local/lib/python3.10/site-packages/airflow/example_dags/example_branch_labels.py for tasks to queue
[2024-12-16T14:30:36.559+0000] {logging_mixin.py:150} INFO - [2024-12-16T14:30:36.558+0000] {dagbag.py:541} INFO - Filling up the DagBag from /home/vscode/.local/lib/python3.10/site-packages/airflow/example_dags/example_branch_labels.py
[2024-12-16T14:30:36.564+0000] {processor.py:836} INFO - DAG(s) dict_keys(['example_branch_labels']) retrieved from /home/vscode/.local/lib/python3.10/site-packages/airflow/example_dags/example_branch_labels.py
[2024-12-16T14:30:36.576+0000] {logging_mixin.py:150} INFO - [2024-12-16T14:30:36.576+0000] {dag.py:2742} INFO - Sync 1 DAGs
[2024-12-16T14:30:36.589+0000] {logging_mixin.py:150} INFO - [2024-12-16T14:30:36.589+0000] {dag.py:3504} INFO - Setting next_dagrun for example_branch_labels to 2024-12-15T00:00:00+00:00, run_after=2024-12-16T00:00:00+00:00
[2024-12-16T14:30:36.603+0000] {processor.py:179} INFO - Processing /home/vscode/.local/lib/python3.10/site-packages/airflow/example_dags/example_branch_labels.py took 0.048 seconds
