[2024-12-16T14:26:44.298+0000] {processor.py:157} INFO - Started process (PID=21673) to work on /home/vscode/.local/lib/python3.10/site-packages/airflow/example_dags/example_setup_teardown_taskflow.py
[2024-12-16T14:26:44.299+0000] {processor.py:826} INFO - Processing file /home/vscode/.local/lib/python3.10/site-packages/airflow/example_dags/example_setup_teardown_taskflow.py for tasks to queue
[2024-12-16T14:26:44.300+0000] {logging_mixin.py:150} INFO - [2024-12-16T14:26:44.299+0000] {dagbag.py:541} INFO - Filling up the DagBag from /home/vscode/.local/lib/python3.10/site-packages/airflow/example_dags/example_setup_teardown_taskflow.py
[2024-12-16T14:26:44.301+0000] {processor.py:838} WARNING - No viable dags retrieved from /home/vscode/.local/lib/python3.10/site-packages/airflow/example_dags/example_setup_teardown_taskflow.py
[2024-12-16T14:26:44.308+0000] {processor.py:179} INFO - Processing /home/vscode/.local/lib/python3.10/site-packages/airflow/example_dags/example_setup_teardown_taskflow.py took 0.012 seconds
[2024-12-16T14:27:38.325+0000] {processor.py:157} INFO - Started process (PID=22326) to work on /home/vscode/.local/lib/python3.10/site-packages/airflow/example_dags/example_setup_teardown_taskflow.py
[2024-12-16T14:27:38.325+0000] {processor.py:826} INFO - Processing file /home/vscode/.local/lib/python3.10/site-packages/airflow/example_dags/example_setup_teardown_taskflow.py for tasks to queue
[2024-12-16T14:27:38.326+0000] {logging_mixin.py:150} INFO - [2024-12-16T14:27:38.326+0000] {dagbag.py:541} INFO - Filling up the DagBag from /home/vscode/.local/lib/python3.10/site-packages/airflow/example_dags/example_setup_teardown_taskflow.py
[2024-12-16T14:27:38.328+0000] {processor.py:838} WARNING - No viable dags retrieved from /home/vscode/.local/lib/python3.10/site-packages/airflow/example_dags/example_setup_teardown_taskflow.py
[2024-12-16T14:27:38.334+0000] {processor.py:179} INFO - Processing /home/vscode/.local/lib/python3.10/site-packages/airflow/example_dags/example_setup_teardown_taskflow.py took 0.012 seconds
[2024-12-16T14:28:27.586+0000] {processor.py:157} INFO - Started process (PID=22892) to work on /home/vscode/.local/lib/python3.10/site-packages/airflow/example_dags/example_setup_teardown_taskflow.py
[2024-12-16T14:28:27.587+0000] {processor.py:826} INFO - Processing file /home/vscode/.local/lib/python3.10/site-packages/airflow/example_dags/example_setup_teardown_taskflow.py for tasks to queue
[2024-12-16T14:28:27.588+0000] {logging_mixin.py:150} INFO - [2024-12-16T14:28:27.588+0000] {dagbag.py:541} INFO - Filling up the DagBag from /home/vscode/.local/lib/python3.10/site-packages/airflow/example_dags/example_setup_teardown_taskflow.py
[2024-12-16T14:28:27.590+0000] {processor.py:838} WARNING - No viable dags retrieved from /home/vscode/.local/lib/python3.10/site-packages/airflow/example_dags/example_setup_teardown_taskflow.py
[2024-12-16T14:28:27.597+0000] {processor.py:179} INFO - Processing /home/vscode/.local/lib/python3.10/site-packages/airflow/example_dags/example_setup_teardown_taskflow.py took 0.014 seconds
[2024-12-16T14:29:19.128+0000] {processor.py:157} INFO - Started process (PID=23384) to work on /home/vscode/.local/lib/python3.10/site-packages/airflow/example_dags/example_setup_teardown_taskflow.py
[2024-12-16T14:29:19.129+0000] {processor.py:826} INFO - Processing file /home/vscode/.local/lib/python3.10/site-packages/airflow/example_dags/example_setup_teardown_taskflow.py for tasks to queue
[2024-12-16T14:29:19.130+0000] {logging_mixin.py:150} INFO - [2024-12-16T14:29:19.130+0000] {dagbag.py:541} INFO - Filling up the DagBag from /home/vscode/.local/lib/python3.10/site-packages/airflow/example_dags/example_setup_teardown_taskflow.py
[2024-12-16T14:29:19.133+0000] {processor.py:838} WARNING - No viable dags retrieved from /home/vscode/.local/lib/python3.10/site-packages/airflow/example_dags/example_setup_teardown_taskflow.py
[2024-12-16T14:29:19.143+0000] {processor.py:179} INFO - Processing /home/vscode/.local/lib/python3.10/site-packages/airflow/example_dags/example_setup_teardown_taskflow.py took 0.017 seconds
[2024-12-16T14:30:03.363+0000] {processor.py:157} INFO - Started process (PID=23820) to work on /home/vscode/.local/lib/python3.10/site-packages/airflow/example_dags/example_setup_teardown_taskflow.py
[2024-12-16T14:30:03.363+0000] {processor.py:826} INFO - Processing file /home/vscode/.local/lib/python3.10/site-packages/airflow/example_dags/example_setup_teardown_taskflow.py for tasks to queue
[2024-12-16T14:30:03.364+0000] {logging_mixin.py:150} INFO - [2024-12-16T14:30:03.364+0000] {dagbag.py:541} INFO - Filling up the DagBag from /home/vscode/.local/lib/python3.10/site-packages/airflow/example_dags/example_setup_teardown_taskflow.py
[2024-12-16T14:30:03.366+0000] {processor.py:838} WARNING - No viable dags retrieved from /home/vscode/.local/lib/python3.10/site-packages/airflow/example_dags/example_setup_teardown_taskflow.py
[2024-12-16T14:30:03.373+0000] {processor.py:179} INFO - Processing /home/vscode/.local/lib/python3.10/site-packages/airflow/example_dags/example_setup_teardown_taskflow.py took 0.012 seconds
[2024-12-16T14:30:45.670+0000] {processor.py:157} INFO - Started process (PID=24279) to work on /home/vscode/.local/lib/python3.10/site-packages/airflow/example_dags/example_setup_teardown_taskflow.py
[2024-12-16T14:30:45.671+0000] {processor.py:826} INFO - Processing file /home/vscode/.local/lib/python3.10/site-packages/airflow/example_dags/example_setup_teardown_taskflow.py for tasks to queue
[2024-12-16T14:30:45.672+0000] {logging_mixin.py:150} INFO - [2024-12-16T14:30:45.671+0000] {dagbag.py:541} INFO - Filling up the DagBag from /home/vscode/.local/lib/python3.10/site-packages/airflow/example_dags/example_setup_teardown_taskflow.py
[2024-12-16T14:30:45.673+0000] {processor.py:838} WARNING - No viable dags retrieved from /home/vscode/.local/lib/python3.10/site-packages/airflow/example_dags/example_setup_teardown_taskflow.py
[2024-12-16T14:30:45.680+0000] {processor.py:179} INFO - Processing /home/vscode/.local/lib/python3.10/site-packages/airflow/example_dags/example_setup_teardown_taskflow.py took 0.012 seconds
[2024-12-16T14:31:31.813+0000] {processor.py:157} INFO - Started process (PID=24743) to work on /home/vscode/.local/lib/python3.10/site-packages/airflow/example_dags/example_setup_teardown_taskflow.py
[2024-12-16T14:31:31.813+0000] {processor.py:826} INFO - Processing file /home/vscode/.local/lib/python3.10/site-packages/airflow/example_dags/example_setup_teardown_taskflow.py for tasks to queue
[2024-12-16T14:31:31.814+0000] {logging_mixin.py:150} INFO - [2024-12-16T14:31:31.814+0000] {dagbag.py:541} INFO - Filling up the DagBag from /home/vscode/.local/lib/python3.10/site-packages/airflow/example_dags/example_setup_teardown_taskflow.py
[2024-12-16T14:31:31.816+0000] {processor.py:838} WARNING - No viable dags retrieved from /home/vscode/.local/lib/python3.10/site-packages/airflow/example_dags/example_setup_teardown_taskflow.py
[2024-12-16T14:31:31.823+0000] {processor.py:179} INFO - Processing /home/vscode/.local/lib/python3.10/site-packages/airflow/example_dags/example_setup_teardown_taskflow.py took 0.012 seconds
[2024-12-16T14:32:17.621+0000] {processor.py:157} INFO - Started process (PID=25198) to work on /home/vscode/.local/lib/python3.10/site-packages/airflow/example_dags/example_setup_teardown_taskflow.py
[2024-12-16T14:32:17.622+0000] {processor.py:826} INFO - Processing file /home/vscode/.local/lib/python3.10/site-packages/airflow/example_dags/example_setup_teardown_taskflow.py for tasks to queue
[2024-12-16T14:32:17.622+0000] {logging_mixin.py:150} INFO - [2024-12-16T14:32:17.622+0000] {dagbag.py:541} INFO - Filling up the DagBag from /home/vscode/.local/lib/python3.10/site-packages/airflow/example_dags/example_setup_teardown_taskflow.py
[2024-12-16T14:32:17.624+0000] {processor.py:838} WARNING - No viable dags retrieved from /home/vscode/.local/lib/python3.10/site-packages/airflow/example_dags/example_setup_teardown_taskflow.py
[2024-12-16T14:32:17.631+0000] {processor.py:179} INFO - Processing /home/vscode/.local/lib/python3.10/site-packages/airflow/example_dags/example_setup_teardown_taskflow.py took 0.012 seconds
[2024-12-16T14:32:58.681+0000] {processor.py:157} INFO - Started process (PID=25478) to work on /home/vscode/.local/lib/python3.10/site-packages/airflow/example_dags/example_setup_teardown_taskflow.py
[2024-12-16T14:32:58.682+0000] {processor.py:826} INFO - Processing file /home/vscode/.local/lib/python3.10/site-packages/airflow/example_dags/example_setup_teardown_taskflow.py for tasks to queue
[2024-12-16T14:32:58.683+0000] {logging_mixin.py:150} INFO - [2024-12-16T14:32:58.683+0000] {dagbag.py:541} INFO - Filling up the DagBag from /home/vscode/.local/lib/python3.10/site-packages/airflow/example_dags/example_setup_teardown_taskflow.py
[2024-12-16T14:32:58.685+0000] {processor.py:838} WARNING - No viable dags retrieved from /home/vscode/.local/lib/python3.10/site-packages/airflow/example_dags/example_setup_teardown_taskflow.py
[2024-12-16T14:32:58.691+0000] {processor.py:179} INFO - Processing /home/vscode/.local/lib/python3.10/site-packages/airflow/example_dags/example_setup_teardown_taskflow.py took 0.012 seconds
[2024-12-16T14:33:39.833+0000] {processor.py:157} INFO - Started process (PID=25764) to work on /home/vscode/.local/lib/python3.10/site-packages/airflow/example_dags/example_setup_teardown_taskflow.py
[2024-12-16T14:33:39.834+0000] {processor.py:826} INFO - Processing file /home/vscode/.local/lib/python3.10/site-packages/airflow/example_dags/example_setup_teardown_taskflow.py for tasks to queue
[2024-12-16T14:33:39.834+0000] {logging_mixin.py:150} INFO - [2024-12-16T14:33:39.834+0000] {dagbag.py:541} INFO - Filling up the DagBag from /home/vscode/.local/lib/python3.10/site-packages/airflow/example_dags/example_setup_teardown_taskflow.py
[2024-12-16T14:33:39.836+0000] {processor.py:838} WARNING - No viable dags retrieved from /home/vscode/.local/lib/python3.10/site-packages/airflow/example_dags/example_setup_teardown_taskflow.py
[2024-12-16T14:33:39.843+0000] {processor.py:179} INFO - Processing /home/vscode/.local/lib/python3.10/site-packages/airflow/example_dags/example_setup_teardown_taskflow.py took 0.012 seconds
[2024-12-16T14:34:21.047+0000] {processor.py:157} INFO - Started process (PID=26093) to work on /home/vscode/.local/lib/python3.10/site-packages/airflow/example_dags/example_setup_teardown_taskflow.py
[2024-12-16T14:34:21.048+0000] {processor.py:826} INFO - Processing file /home/vscode/.local/lib/python3.10/site-packages/airflow/example_dags/example_setup_teardown_taskflow.py for tasks to queue
[2024-12-16T14:34:21.049+0000] {logging_mixin.py:150} INFO - [2024-12-16T14:34:21.048+0000] {dagbag.py:541} INFO - Filling up the DagBag from /home/vscode/.local/lib/python3.10/site-packages/airflow/example_dags/example_setup_teardown_taskflow.py
[2024-12-16T14:34:21.050+0000] {processor.py:838} WARNING - No viable dags retrieved from /home/vscode/.local/lib/python3.10/site-packages/airflow/example_dags/example_setup_teardown_taskflow.py
[2024-12-16T14:34:21.057+0000] {processor.py:179} INFO - Processing /home/vscode/.local/lib/python3.10/site-packages/airflow/example_dags/example_setup_teardown_taskflow.py took 0.012 seconds
[2024-12-16T14:35:01.618+0000] {processor.py:157} INFO - Started process (PID=26379) to work on /home/vscode/.local/lib/python3.10/site-packages/airflow/example_dags/example_setup_teardown_taskflow.py
[2024-12-16T14:35:01.619+0000] {processor.py:826} INFO - Processing file /home/vscode/.local/lib/python3.10/site-packages/airflow/example_dags/example_setup_teardown_taskflow.py for tasks to queue
[2024-12-16T14:35:01.620+0000] {logging_mixin.py:150} INFO - [2024-12-16T14:35:01.620+0000] {dagbag.py:541} INFO - Filling up the DagBag from /home/vscode/.local/lib/python3.10/site-packages/airflow/example_dags/example_setup_teardown_taskflow.py
[2024-12-16T14:35:01.622+0000] {processor.py:838} WARNING - No viable dags retrieved from /home/vscode/.local/lib/python3.10/site-packages/airflow/example_dags/example_setup_teardown_taskflow.py
[2024-12-16T14:35:01.628+0000] {processor.py:179} INFO - Processing /home/vscode/.local/lib/python3.10/site-packages/airflow/example_dags/example_setup_teardown_taskflow.py took 0.012 seconds
