[2024-12-16T10:49:42.570+0000] {processor.py:157} INFO - Started process (PID=32651) to work on /home/vscode/.local/lib/python3.10/site-packages/airflow/example_dags/example_time_delta_sensor_async.py
[2024-12-16T10:49:42.570+0000] {processor.py:826} INFO - Processing file /home/vscode/.local/lib/python3.10/site-packages/airflow/example_dags/example_time_delta_sensor_async.py for tasks to queue
[2024-12-16T10:49:42.571+0000] {logging_mixin.py:150} INFO - [2024-12-16T10:49:42.571+0000] {dagbag.py:541} INFO - Filling up the DagBag from /home/vscode/.local/lib/python3.10/site-packages/airflow/example_dags/example_time_delta_sensor_async.py
[2024-12-16T10:49:42.576+0000] {processor.py:836} INFO - DAG(s) dict_keys(['example_time_delta_sensor_async']) retrieved from /home/vscode/.local/lib/python3.10/site-packages/airflow/example_dags/example_time_delta_sensor_async.py
[2024-12-16T10:49:42.731+0000] {logging_mixin.py:150} INFO - [2024-12-16T10:49:42.731+0000] {manager.py:504} INFO - Created Permission View: can edit on DAG:example_time_delta_sensor_async
[2024-12-16T10:49:42.738+0000] {logging_mixin.py:150} INFO - [2024-12-16T10:49:42.738+0000] {manager.py:504} INFO - Created Permission View: can read on DAG:example_time_delta_sensor_async
[2024-12-16T10:49:42.744+0000] {logging_mixin.py:150} INFO - [2024-12-16T10:49:42.744+0000] {manager.py:504} INFO - Created Permission View: can delete on DAG:example_time_delta_sensor_async
[2024-12-16T10:49:42.751+0000] {logging_mixin.py:150} INFO - [2024-12-16T10:49:42.751+0000] {dag.py:2742} INFO - Sync 1 DAGs
[2024-12-16T10:49:42.758+0000] {logging_mixin.py:150} INFO - [2024-12-16T10:49:42.758+0000] {dag.py:2763} INFO - Creating ORM DAG for example_time_delta_sensor_async
[2024-12-16T10:49:42.764+0000] {logging_mixin.py:150} INFO - [2024-12-16T10:49:42.764+0000] {dag.py:3504} INFO - Setting next_dagrun for example_time_delta_sensor_async to None, run_after=None
[2024-12-16T10:49:42.779+0000] {processor.py:179} INFO - Processing /home/vscode/.local/lib/python3.10/site-packages/airflow/example_dags/example_time_delta_sensor_async.py took 0.211 seconds
[2024-12-16T10:50:33.552+0000] {processor.py:157} INFO - Started process (PID=33138) to work on /home/vscode/.local/lib/python3.10/site-packages/airflow/example_dags/example_time_delta_sensor_async.py
[2024-12-16T10:50:33.552+0000] {processor.py:826} INFO - Processing file /home/vscode/.local/lib/python3.10/site-packages/airflow/example_dags/example_time_delta_sensor_async.py for tasks to queue
[2024-12-16T10:50:33.553+0000] {logging_mixin.py:150} INFO - [2024-12-16T10:50:33.553+0000] {dagbag.py:541} INFO - Filling up the DagBag from /home/vscode/.local/lib/python3.10/site-packages/airflow/example_dags/example_time_delta_sensor_async.py
[2024-12-16T10:50:33.556+0000] {processor.py:836} INFO - DAG(s) dict_keys(['example_time_delta_sensor_async']) retrieved from /home/vscode/.local/lib/python3.10/site-packages/airflow/example_dags/example_time_delta_sensor_async.py
[2024-12-16T10:50:33.567+0000] {logging_mixin.py:150} INFO - [2024-12-16T10:50:33.567+0000] {dag.py:2742} INFO - Sync 1 DAGs
[2024-12-16T10:50:33.580+0000] {logging_mixin.py:150} INFO - [2024-12-16T10:50:33.580+0000] {dag.py:3504} INFO - Setting next_dagrun for example_time_delta_sensor_async to None, run_after=None
[2024-12-16T10:50:33.595+0000] {processor.py:179} INFO - Processing /home/vscode/.local/lib/python3.10/site-packages/airflow/example_dags/example_time_delta_sensor_async.py took 0.045 seconds
[2024-12-16T10:51:10.091+0000] {processor.py:157} INFO - Started process (PID=33392) to work on /home/vscode/.local/lib/python3.10/site-packages/airflow/example_dags/example_time_delta_sensor_async.py
[2024-12-16T10:51:10.092+0000] {processor.py:826} INFO - Processing file /home/vscode/.local/lib/python3.10/site-packages/airflow/example_dags/example_time_delta_sensor_async.py for tasks to queue
[2024-12-16T10:51:10.093+0000] {logging_mixin.py:150} INFO - [2024-12-16T10:51:10.092+0000] {dagbag.py:541} INFO - Filling up the DagBag from /home/vscode/.local/lib/python3.10/site-packages/airflow/example_dags/example_time_delta_sensor_async.py
[2024-12-16T10:51:10.096+0000] {processor.py:836} INFO - DAG(s) dict_keys(['example_time_delta_sensor_async']) retrieved from /home/vscode/.local/lib/python3.10/site-packages/airflow/example_dags/example_time_delta_sensor_async.py
[2024-12-16T10:51:10.108+0000] {logging_mixin.py:150} INFO - [2024-12-16T10:51:10.108+0000] {dag.py:2742} INFO - Sync 1 DAGs
[2024-12-16T10:51:10.121+0000] {logging_mixin.py:150} INFO - [2024-12-16T10:51:10.121+0000] {dag.py:3504} INFO - Setting next_dagrun for example_time_delta_sensor_async to None, run_after=None
[2024-12-16T10:51:10.134+0000] {processor.py:179} INFO - Processing /home/vscode/.local/lib/python3.10/site-packages/airflow/example_dags/example_time_delta_sensor_async.py took 0.045 seconds
[2024-12-16T10:51:55.193+0000] {processor.py:157} INFO - Started process (PID=33818) to work on /home/vscode/.local/lib/python3.10/site-packages/airflow/example_dags/example_time_delta_sensor_async.py
[2024-12-16T10:51:55.194+0000] {processor.py:826} INFO - Processing file /home/vscode/.local/lib/python3.10/site-packages/airflow/example_dags/example_time_delta_sensor_async.py for tasks to queue
[2024-12-16T10:51:55.195+0000] {logging_mixin.py:150} INFO - [2024-12-16T10:51:55.194+0000] {dagbag.py:541} INFO - Filling up the DagBag from /home/vscode/.local/lib/python3.10/site-packages/airflow/example_dags/example_time_delta_sensor_async.py
[2024-12-16T10:51:55.199+0000] {processor.py:836} INFO - DAG(s) dict_keys(['example_time_delta_sensor_async']) retrieved from /home/vscode/.local/lib/python3.10/site-packages/airflow/example_dags/example_time_delta_sensor_async.py
[2024-12-16T10:51:55.210+0000] {logging_mixin.py:150} INFO - [2024-12-16T10:51:55.210+0000] {dag.py:2742} INFO - Sync 1 DAGs
[2024-12-16T10:51:55.222+0000] {logging_mixin.py:150} INFO - [2024-12-16T10:51:55.222+0000] {dag.py:3504} INFO - Setting next_dagrun for example_time_delta_sensor_async to None, run_after=None
[2024-12-16T10:51:55.236+0000] {processor.py:179} INFO - Processing /home/vscode/.local/lib/python3.10/site-packages/airflow/example_dags/example_time_delta_sensor_async.py took 0.045 seconds
[2024-12-16T10:52:43.492+0000] {processor.py:157} INFO - Started process (PID=34234) to work on /home/vscode/.local/lib/python3.10/site-packages/airflow/example_dags/example_time_delta_sensor_async.py
[2024-12-16T10:52:43.492+0000] {processor.py:826} INFO - Processing file /home/vscode/.local/lib/python3.10/site-packages/airflow/example_dags/example_time_delta_sensor_async.py for tasks to queue
[2024-12-16T10:52:43.493+0000] {logging_mixin.py:150} INFO - [2024-12-16T10:52:43.493+0000] {dagbag.py:541} INFO - Filling up the DagBag from /home/vscode/.local/lib/python3.10/site-packages/airflow/example_dags/example_time_delta_sensor_async.py
[2024-12-16T10:52:43.496+0000] {processor.py:836} INFO - DAG(s) dict_keys(['example_time_delta_sensor_async']) retrieved from /home/vscode/.local/lib/python3.10/site-packages/airflow/example_dags/example_time_delta_sensor_async.py
[2024-12-16T10:52:43.508+0000] {logging_mixin.py:150} INFO - [2024-12-16T10:52:43.508+0000] {dag.py:2742} INFO - Sync 1 DAGs
[2024-12-16T10:52:43.521+0000] {logging_mixin.py:150} INFO - [2024-12-16T10:52:43.521+0000] {dag.py:3504} INFO - Setting next_dagrun for example_time_delta_sensor_async to None, run_after=None
[2024-12-16T10:52:43.535+0000] {processor.py:179} INFO - Processing /home/vscode/.local/lib/python3.10/site-packages/airflow/example_dags/example_time_delta_sensor_async.py took 0.046 seconds
[2024-12-16T10:53:29.304+0000] {processor.py:157} INFO - Started process (PID=34562) to work on /home/vscode/.local/lib/python3.10/site-packages/airflow/example_dags/example_time_delta_sensor_async.py
[2024-12-16T10:53:29.305+0000] {processor.py:826} INFO - Processing file /home/vscode/.local/lib/python3.10/site-packages/airflow/example_dags/example_time_delta_sensor_async.py for tasks to queue
[2024-12-16T10:53:29.305+0000] {logging_mixin.py:150} INFO - [2024-12-16T10:53:29.305+0000] {dagbag.py:541} INFO - Filling up the DagBag from /home/vscode/.local/lib/python3.10/site-packages/airflow/example_dags/example_time_delta_sensor_async.py
[2024-12-16T10:53:29.308+0000] {processor.py:836} INFO - DAG(s) dict_keys(['example_time_delta_sensor_async']) retrieved from /home/vscode/.local/lib/python3.10/site-packages/airflow/example_dags/example_time_delta_sensor_async.py
[2024-12-16T10:53:29.320+0000] {logging_mixin.py:150} INFO - [2024-12-16T10:53:29.320+0000] {dag.py:2742} INFO - Sync 1 DAGs
[2024-12-16T10:53:29.333+0000] {logging_mixin.py:150} INFO - [2024-12-16T10:53:29.333+0000] {dag.py:3504} INFO - Setting next_dagrun for example_time_delta_sensor_async to None, run_after=None
[2024-12-16T10:53:29.347+0000] {processor.py:179} INFO - Processing /home/vscode/.local/lib/python3.10/site-packages/airflow/example_dags/example_time_delta_sensor_async.py took 0.046 seconds
[2024-12-16T10:54:16.189+0000] {processor.py:157} INFO - Started process (PID=34917) to work on /home/vscode/.local/lib/python3.10/site-packages/airflow/example_dags/example_time_delta_sensor_async.py
[2024-12-16T10:54:16.190+0000] {processor.py:826} INFO - Processing file /home/vscode/.local/lib/python3.10/site-packages/airflow/example_dags/example_time_delta_sensor_async.py for tasks to queue
[2024-12-16T10:54:16.190+0000] {logging_mixin.py:150} INFO - [2024-12-16T10:54:16.190+0000] {dagbag.py:541} INFO - Filling up the DagBag from /home/vscode/.local/lib/python3.10/site-packages/airflow/example_dags/example_time_delta_sensor_async.py
[2024-12-16T10:54:16.193+0000] {processor.py:836} INFO - DAG(s) dict_keys(['example_time_delta_sensor_async']) retrieved from /home/vscode/.local/lib/python3.10/site-packages/airflow/example_dags/example_time_delta_sensor_async.py
[2024-12-16T10:54:16.205+0000] {logging_mixin.py:150} INFO - [2024-12-16T10:54:16.205+0000] {dag.py:2742} INFO - Sync 1 DAGs
[2024-12-16T10:54:16.218+0000] {logging_mixin.py:150} INFO - [2024-12-16T10:54:16.218+0000] {dag.py:3504} INFO - Setting next_dagrun for example_time_delta_sensor_async to None, run_after=None
[2024-12-16T10:54:16.232+0000] {processor.py:179} INFO - Processing /home/vscode/.local/lib/python3.10/site-packages/airflow/example_dags/example_time_delta_sensor_async.py took 0.045 seconds
[2024-12-16T10:54:48.206+0000] {processor.py:157} INFO - Started process (PID=35304) to work on /home/vscode/.local/lib/python3.10/site-packages/airflow/example_dags/example_time_delta_sensor_async.py
[2024-12-16T10:54:48.206+0000] {processor.py:826} INFO - Processing file /home/vscode/.local/lib/python3.10/site-packages/airflow/example_dags/example_time_delta_sensor_async.py for tasks to queue
[2024-12-16T10:54:48.207+0000] {logging_mixin.py:150} INFO - [2024-12-16T10:54:48.206+0000] {dagbag.py:541} INFO - Filling up the DagBag from /home/vscode/.local/lib/python3.10/site-packages/airflow/example_dags/example_time_delta_sensor_async.py
[2024-12-16T10:54:48.210+0000] {processor.py:836} INFO - DAG(s) dict_keys(['example_time_delta_sensor_async']) retrieved from /home/vscode/.local/lib/python3.10/site-packages/airflow/example_dags/example_time_delta_sensor_async.py
[2024-12-16T10:54:48.221+0000] {logging_mixin.py:150} INFO - [2024-12-16T10:54:48.221+0000] {dag.py:2742} INFO - Sync 1 DAGs
[2024-12-16T10:54:48.234+0000] {logging_mixin.py:150} INFO - [2024-12-16T10:54:48.234+0000] {dag.py:3504} INFO - Setting next_dagrun for example_time_delta_sensor_async to None, run_after=None
[2024-12-16T10:54:48.247+0000] {processor.py:179} INFO - Processing /home/vscode/.local/lib/python3.10/site-packages/airflow/example_dags/example_time_delta_sensor_async.py took 0.043 seconds
[2024-12-16T10:55:34.239+0000] {processor.py:157} INFO - Started process (PID=35772) to work on /home/vscode/.local/lib/python3.10/site-packages/airflow/example_dags/example_time_delta_sensor_async.py
[2024-12-16T10:55:34.247+0000] {processor.py:826} INFO - Processing file /home/vscode/.local/lib/python3.10/site-packages/airflow/example_dags/example_time_delta_sensor_async.py for tasks to queue
[2024-12-16T10:55:34.248+0000] {logging_mixin.py:150} INFO - [2024-12-16T10:55:34.248+0000] {dagbag.py:541} INFO - Filling up the DagBag from /home/vscode/.local/lib/python3.10/site-packages/airflow/example_dags/example_time_delta_sensor_async.py
[2024-12-16T10:55:34.253+0000] {processor.py:836} INFO - DAG(s) dict_keys(['example_time_delta_sensor_async']) retrieved from /home/vscode/.local/lib/python3.10/site-packages/airflow/example_dags/example_time_delta_sensor_async.py
[2024-12-16T10:55:34.304+0000] {logging_mixin.py:150} INFO - [2024-12-16T10:55:34.304+0000] {dag.py:2742} INFO - Sync 1 DAGs
[2024-12-16T10:55:34.351+0000] {logging_mixin.py:150} INFO - [2024-12-16T10:55:34.351+0000] {dag.py:3504} INFO - Setting next_dagrun for example_time_delta_sensor_async to None, run_after=None
[2024-12-16T10:55:34.382+0000] {processor.py:179} INFO - Processing /home/vscode/.local/lib/python3.10/site-packages/airflow/example_dags/example_time_delta_sensor_async.py took 0.146 seconds
[2024-12-16T10:56:18.123+0000] {processor.py:157} INFO - Started process (PID=36073) to work on /home/vscode/.local/lib/python3.10/site-packages/airflow/example_dags/example_time_delta_sensor_async.py
[2024-12-16T10:56:18.123+0000] {processor.py:826} INFO - Processing file /home/vscode/.local/lib/python3.10/site-packages/airflow/example_dags/example_time_delta_sensor_async.py for tasks to queue
[2024-12-16T10:56:18.124+0000] {logging_mixin.py:150} INFO - [2024-12-16T10:56:18.124+0000] {dagbag.py:541} INFO - Filling up the DagBag from /home/vscode/.local/lib/python3.10/site-packages/airflow/example_dags/example_time_delta_sensor_async.py
[2024-12-16T10:56:18.127+0000] {processor.py:836} INFO - DAG(s) dict_keys(['example_time_delta_sensor_async']) retrieved from /home/vscode/.local/lib/python3.10/site-packages/airflow/example_dags/example_time_delta_sensor_async.py
[2024-12-16T10:56:18.139+0000] {logging_mixin.py:150} INFO - [2024-12-16T10:56:18.139+0000] {dag.py:2742} INFO - Sync 1 DAGs
[2024-12-16T10:56:18.152+0000] {logging_mixin.py:150} INFO - [2024-12-16T10:56:18.152+0000] {dag.py:3504} INFO - Setting next_dagrun for example_time_delta_sensor_async to None, run_after=None
[2024-12-16T10:56:18.166+0000] {processor.py:179} INFO - Processing /home/vscode/.local/lib/python3.10/site-packages/airflow/example_dags/example_time_delta_sensor_async.py took 0.046 seconds
