[2024-12-16T14:26:43.049+0000] {processor.py:157} INFO - Started process (PID=21665) to work on /home/vscode/.local/lib/python3.10/site-packages/airflow/example_dags/example_xcom.py
[2024-12-16T14:26:43.050+0000] {processor.py:826} INFO - Processing file /home/vscode/.local/lib/python3.10/site-packages/airflow/example_dags/example_xcom.py for tasks to queue
[2024-12-16T14:26:43.051+0000] {logging_mixin.py:150} INFO - [2024-12-16T14:26:43.050+0000] {dagbag.py:541} INFO - Filling up the DagBag from /home/vscode/.local/lib/python3.10/site-packages/airflow/example_dags/example_xcom.py
[2024-12-16T14:26:43.057+0000] {processor.py:836} INFO - DAG(s) dict_keys(['example_xcom']) retrieved from /home/vscode/.local/lib/python3.10/site-packages/airflow/example_dags/example_xcom.py
[2024-12-16T14:26:43.075+0000] {logging_mixin.py:150} INFO - [2024-12-16T14:26:43.075+0000] {dag.py:2742} INFO - Sync 1 DAGs
[2024-12-16T14:26:43.162+0000] {logging_mixin.py:150} INFO - [2024-12-16T14:26:43.162+0000] {dag.py:3504} INFO - Setting next_dagrun for example_xcom to 2021-01-01T00:00:00+00:00, run_after=2021-01-01T00:00:00+00:00
[2024-12-16T14:26:43.174+0000] {processor.py:179} INFO - Processing /home/vscode/.local/lib/python3.10/site-packages/airflow/example_dags/example_xcom.py took 0.127 seconds
[2024-12-16T14:27:37.113+0000] {processor.py:157} INFO - Started process (PID=22309) to work on /home/vscode/.local/lib/python3.10/site-packages/airflow/example_dags/example_xcom.py
[2024-12-16T14:27:37.113+0000] {processor.py:826} INFO - Processing file /home/vscode/.local/lib/python3.10/site-packages/airflow/example_dags/example_xcom.py for tasks to queue
[2024-12-16T14:27:37.114+0000] {logging_mixin.py:150} INFO - [2024-12-16T14:27:37.114+0000] {dagbag.py:541} INFO - Filling up the DagBag from /home/vscode/.local/lib/python3.10/site-packages/airflow/example_dags/example_xcom.py
[2024-12-16T14:27:37.119+0000] {processor.py:836} INFO - DAG(s) dict_keys(['example_xcom']) retrieved from /home/vscode/.local/lib/python3.10/site-packages/airflow/example_dags/example_xcom.py
[2024-12-16T14:27:37.131+0000] {logging_mixin.py:150} INFO - [2024-12-16T14:27:37.131+0000] {dag.py:2742} INFO - Sync 1 DAGs
[2024-12-16T14:27:37.145+0000] {logging_mixin.py:150} INFO - [2024-12-16T14:27:37.145+0000] {dag.py:3504} INFO - Setting next_dagrun for example_xcom to 2021-01-01T00:00:00+00:00, run_after=2021-01-01T00:00:00+00:00
[2024-12-16T14:27:37.158+0000] {processor.py:179} INFO - Processing /home/vscode/.local/lib/python3.10/site-packages/airflow/example_dags/example_xcom.py took 0.048 seconds
[2024-12-16T14:28:26.441+0000] {processor.py:157} INFO - Started process (PID=22885) to work on /home/vscode/.local/lib/python3.10/site-packages/airflow/example_dags/example_xcom.py
[2024-12-16T14:28:26.441+0000] {processor.py:826} INFO - Processing file /home/vscode/.local/lib/python3.10/site-packages/airflow/example_dags/example_xcom.py for tasks to queue
[2024-12-16T14:28:26.442+0000] {logging_mixin.py:150} INFO - [2024-12-16T14:28:26.442+0000] {dagbag.py:541} INFO - Filling up the DagBag from /home/vscode/.local/lib/python3.10/site-packages/airflow/example_dags/example_xcom.py
[2024-12-16T14:28:26.448+0000] {processor.py:836} INFO - DAG(s) dict_keys(['example_xcom']) retrieved from /home/vscode/.local/lib/python3.10/site-packages/airflow/example_dags/example_xcom.py
[2024-12-16T14:28:26.459+0000] {logging_mixin.py:150} INFO - [2024-12-16T14:28:26.459+0000] {dag.py:2742} INFO - Sync 1 DAGs
[2024-12-16T14:28:26.471+0000] {logging_mixin.py:150} INFO - [2024-12-16T14:28:26.471+0000] {dag.py:3504} INFO - Setting next_dagrun for example_xcom to 2021-01-01T00:00:00+00:00, run_after=2021-01-01T00:00:00+00:00
[2024-12-16T14:28:26.485+0000] {processor.py:179} INFO - Processing /home/vscode/.local/lib/python3.10/site-packages/airflow/example_dags/example_xcom.py took 0.046 seconds
[2024-12-16T14:29:17.982+0000] {processor.py:157} INFO - Started process (PID=23361) to work on /home/vscode/.local/lib/python3.10/site-packages/airflow/example_dags/example_xcom.py
[2024-12-16T14:29:17.983+0000] {processor.py:826} INFO - Processing file /home/vscode/.local/lib/python3.10/site-packages/airflow/example_dags/example_xcom.py for tasks to queue
[2024-12-16T14:29:17.984+0000] {logging_mixin.py:150} INFO - [2024-12-16T14:29:17.984+0000] {dagbag.py:541} INFO - Filling up the DagBag from /home/vscode/.local/lib/python3.10/site-packages/airflow/example_dags/example_xcom.py
[2024-12-16T14:29:17.990+0000] {processor.py:836} INFO - DAG(s) dict_keys(['example_xcom']) retrieved from /home/vscode/.local/lib/python3.10/site-packages/airflow/example_dags/example_xcom.py
[2024-12-16T14:29:18.002+0000] {logging_mixin.py:150} INFO - [2024-12-16T14:29:18.001+0000] {dag.py:2742} INFO - Sync 1 DAGs
[2024-12-16T14:29:18.015+0000] {logging_mixin.py:150} INFO - [2024-12-16T14:29:18.015+0000] {dag.py:3504} INFO - Setting next_dagrun for example_xcom to 2021-01-01T00:00:00+00:00, run_after=2021-01-01T00:00:00+00:00
[2024-12-16T14:29:18.029+0000] {processor.py:179} INFO - Processing /home/vscode/.local/lib/python3.10/site-packages/airflow/example_dags/example_xcom.py took 0.048 seconds
[2024-12-16T14:30:02.806+0000] {processor.py:157} INFO - Started process (PID=23819) to work on /home/vscode/.local/lib/python3.10/site-packages/airflow/example_dags/example_xcom.py
[2024-12-16T14:30:02.807+0000] {processor.py:826} INFO - Processing file /home/vscode/.local/lib/python3.10/site-packages/airflow/example_dags/example_xcom.py for tasks to queue
[2024-12-16T14:30:02.808+0000] {logging_mixin.py:150} INFO - [2024-12-16T14:30:02.808+0000] {dagbag.py:541} INFO - Filling up the DagBag from /home/vscode/.local/lib/python3.10/site-packages/airflow/example_dags/example_xcom.py
[2024-12-16T14:30:02.813+0000] {processor.py:836} INFO - DAG(s) dict_keys(['example_xcom']) retrieved from /home/vscode/.local/lib/python3.10/site-packages/airflow/example_dags/example_xcom.py
[2024-12-16T14:30:02.825+0000] {logging_mixin.py:150} INFO - [2024-12-16T14:30:02.825+0000] {dag.py:2742} INFO - Sync 1 DAGs
[2024-12-16T14:30:02.838+0000] {logging_mixin.py:150} INFO - [2024-12-16T14:30:02.838+0000] {dag.py:3504} INFO - Setting next_dagrun for example_xcom to 2021-01-01T00:00:00+00:00, run_after=2021-01-01T00:00:00+00:00
[2024-12-16T14:30:02.852+0000] {processor.py:179} INFO - Processing /home/vscode/.local/lib/python3.10/site-packages/airflow/example_dags/example_xcom.py took 0.048 seconds
