[2024-12-16T10:50:19.237+0000] {processor.py:157} INFO - Started process (PID=32929) to work on /home/vscode/.local/lib/python3.10/site-packages/airflow/example_dags/example_branch_datetime_operator.py
[2024-12-16T10:50:19.238+0000] {processor.py:826} INFO - Processing file /home/vscode/.local/lib/python3.10/site-packages/airflow/example_dags/example_branch_datetime_operator.py for tasks to queue
[2024-12-16T10:50:19.239+0000] {logging_mixin.py:150} INFO - [2024-12-16T10:50:19.238+0000] {dagbag.py:541} INFO - Filling up the DagBag from /home/vscode/.local/lib/python3.10/site-packages/airflow/example_dags/example_branch_datetime_operator.py
[2024-12-16T10:50:19.245+0000] {processor.py:836} INFO - DAG(s) dict_keys(['example_branch_datetime_operator_3', 'example_branch_datetime_operator', 'example_branch_datetime_operator_2']) retrieved from /home/vscode/.local/lib/python3.10/site-packages/airflow/example_dags/example_branch_datetime_operator.py
[2024-12-16T10:50:19.389+0000] {logging_mixin.py:150} INFO - [2024-12-16T10:50:19.389+0000] {manager.py:504} INFO - Created Permission View: can edit on DAG:example_branch_datetime_operator_3
[2024-12-16T10:50:19.396+0000] {logging_mixin.py:150} INFO - [2024-12-16T10:50:19.396+0000] {manager.py:504} INFO - Created Permission View: can read on DAG:example_branch_datetime_operator_3
[2024-12-16T10:50:19.404+0000] {logging_mixin.py:150} INFO - [2024-12-16T10:50:19.404+0000] {manager.py:504} INFO - Created Permission View: can delete on DAG:example_branch_datetime_operator_3
[2024-12-16T10:50:19.428+0000] {logging_mixin.py:150} INFO - [2024-12-16T10:50:19.428+0000] {manager.py:504} INFO - Created Permission View: can edit on DAG:example_branch_datetime_operator
[2024-12-16T10:50:19.434+0000] {logging_mixin.py:150} INFO - [2024-12-16T10:50:19.434+0000] {manager.py:504} INFO - Created Permission View: can read on DAG:example_branch_datetime_operator
[2024-12-16T10:50:19.468+0000] {logging_mixin.py:150} INFO - [2024-12-16T10:50:19.468+0000] {manager.py:504} INFO - Created Permission View: can delete on DAG:example_branch_datetime_operator
[2024-12-16T10:50:19.482+0000] {logging_mixin.py:150} INFO - [2024-12-16T10:50:19.481+0000] {manager.py:504} INFO - Created Permission View: can edit on DAG:example_branch_datetime_operator_2
[2024-12-16T10:50:19.486+0000] {logging_mixin.py:150} INFO - [2024-12-16T10:50:19.486+0000] {manager.py:504} INFO - Created Permission View: can read on DAG:example_branch_datetime_operator_2
[2024-12-16T10:50:19.491+0000] {logging_mixin.py:150} INFO - [2024-12-16T10:50:19.491+0000] {manager.py:504} INFO - Created Permission View: can delete on DAG:example_branch_datetime_operator_2
[2024-12-16T10:50:19.494+0000] {logging_mixin.py:150} INFO - [2024-12-16T10:50:19.494+0000] {dag.py:2742} INFO - Sync 3 DAGs
[2024-12-16T10:50:19.500+0000] {logging_mixin.py:150} INFO - [2024-12-16T10:50:19.500+0000] {dag.py:2763} INFO - Creating ORM DAG for example_branch_datetime_operator_2
[2024-12-16T10:50:19.500+0000] {logging_mixin.py:150} INFO - [2024-12-16T10:50:19.500+0000] {dag.py:2763} INFO - Creating ORM DAG for example_branch_datetime_operator_3
[2024-12-16T10:50:19.501+0000] {logging_mixin.py:150} INFO - [2024-12-16T10:50:19.501+0000] {dag.py:2763} INFO - Creating ORM DAG for example_branch_datetime_operator
[2024-12-16T10:50:19.507+0000] {logging_mixin.py:150} INFO - [2024-12-16T10:50:19.507+0000] {dag.py:3504} INFO - Setting next_dagrun for example_branch_datetime_operator to 2024-12-15T00:00:00+00:00, run_after=2024-12-16T00:00:00+00:00
[2024-12-16T10:50:19.509+0000] {logging_mixin.py:150} INFO - [2024-12-16T10:50:19.508+0000] {dag.py:3504} INFO - Setting next_dagrun for example_branch_datetime_operator_2 to 2024-12-15T00:00:00+00:00, run_after=2024-12-16T00:00:00+00:00
[2024-12-16T10:50:19.510+0000] {logging_mixin.py:150} INFO - [2024-12-16T10:50:19.510+0000] {dag.py:3504} INFO - Setting next_dagrun for example_branch_datetime_operator_3 to 2024-12-15T00:00:00+00:00, run_after=2024-12-16T00:00:00+00:00
[2024-12-16T10:50:19.524+0000] {processor.py:179} INFO - Processing /home/vscode/.local/lib/python3.10/site-packages/airflow/example_dags/example_branch_datetime_operator.py took 0.289 seconds
[2024-12-16T10:51:12.960+0000] {processor.py:157} INFO - Started process (PID=33417) to work on /home/vscode/.local/lib/python3.10/site-packages/airflow/example_dags/example_branch_datetime_operator.py
[2024-12-16T10:51:12.961+0000] {processor.py:826} INFO - Processing file /home/vscode/.local/lib/python3.10/site-packages/airflow/example_dags/example_branch_datetime_operator.py for tasks to queue
[2024-12-16T10:51:12.961+0000] {logging_mixin.py:150} INFO - [2024-12-16T10:51:12.961+0000] {dagbag.py:541} INFO - Filling up the DagBag from /home/vscode/.local/lib/python3.10/site-packages/airflow/example_dags/example_branch_datetime_operator.py
[2024-12-16T10:51:12.968+0000] {processor.py:836} INFO - DAG(s) dict_keys(['example_branch_datetime_operator', 'example_branch_datetime_operator_3', 'example_branch_datetime_operator_2']) retrieved from /home/vscode/.local/lib/python3.10/site-packages/airflow/example_dags/example_branch_datetime_operator.py
[2024-12-16T10:51:12.984+0000] {logging_mixin.py:150} INFO - [2024-12-16T10:51:12.984+0000] {dag.py:2742} INFO - Sync 3 DAGs
[2024-12-16T10:51:12.999+0000] {logging_mixin.py:150} INFO - [2024-12-16T10:51:12.998+0000] {dag.py:3504} INFO - Setting next_dagrun for example_branch_datetime_operator to 2024-12-15T00:00:00+00:00, run_after=2024-12-16T00:00:00+00:00
[2024-12-16T10:51:13.001+0000] {logging_mixin.py:150} INFO - [2024-12-16T10:51:13.001+0000] {dag.py:3504} INFO - Setting next_dagrun for example_branch_datetime_operator_2 to 2024-12-15T00:00:00+00:00, run_after=2024-12-16T00:00:00+00:00
[2024-12-16T10:51:13.003+0000] {logging_mixin.py:150} INFO - [2024-12-16T10:51:13.003+0000] {dag.py:3504} INFO - Setting next_dagrun for example_branch_datetime_operator_3 to 2024-12-15T00:00:00+00:00, run_after=2024-12-16T00:00:00+00:00
[2024-12-16T10:51:13.015+0000] {processor.py:179} INFO - Processing /home/vscode/.local/lib/python3.10/site-packages/airflow/example_dags/example_branch_datetime_operator.py took 0.057 seconds
[2024-12-16T10:52:00.335+0000] {processor.py:157} INFO - Started process (PID=33871) to work on /home/vscode/.local/lib/python3.10/site-packages/airflow/example_dags/example_branch_datetime_operator.py
[2024-12-16T10:52:00.336+0000] {processor.py:826} INFO - Processing file /home/vscode/.local/lib/python3.10/site-packages/airflow/example_dags/example_branch_datetime_operator.py for tasks to queue
[2024-12-16T10:52:00.336+0000] {logging_mixin.py:150} INFO - [2024-12-16T10:52:00.336+0000] {dagbag.py:541} INFO - Filling up the DagBag from /home/vscode/.local/lib/python3.10/site-packages/airflow/example_dags/example_branch_datetime_operator.py
[2024-12-16T10:52:00.348+0000] {processor.py:836} INFO - DAG(s) dict_keys(['example_branch_datetime_operator', 'example_branch_datetime_operator_3', 'example_branch_datetime_operator_2']) retrieved from /home/vscode/.local/lib/python3.10/site-packages/airflow/example_dags/example_branch_datetime_operator.py
[2024-12-16T10:52:00.364+0000] {logging_mixin.py:150} INFO - [2024-12-16T10:52:00.364+0000] {dag.py:2742} INFO - Sync 3 DAGs
[2024-12-16T10:52:00.378+0000] {logging_mixin.py:150} INFO - [2024-12-16T10:52:00.378+0000] {dag.py:3504} INFO - Setting next_dagrun for example_branch_datetime_operator to 2024-12-15T00:00:00+00:00, run_after=2024-12-16T00:00:00+00:00
[2024-12-16T10:52:00.382+0000] {logging_mixin.py:150} INFO - [2024-12-16T10:52:00.382+0000] {dag.py:3504} INFO - Setting next_dagrun for example_branch_datetime_operator_2 to 2024-12-15T00:00:00+00:00, run_after=2024-12-16T00:00:00+00:00
[2024-12-16T10:52:00.384+0000] {logging_mixin.py:150} INFO - [2024-12-16T10:52:00.383+0000] {dag.py:3504} INFO - Setting next_dagrun for example_branch_datetime_operator_3 to 2024-12-15T00:00:00+00:00, run_after=2024-12-16T00:00:00+00:00
[2024-12-16T10:52:00.397+0000] {processor.py:179} INFO - Processing /home/vscode/.local/lib/python3.10/site-packages/airflow/example_dags/example_branch_datetime_operator.py took 0.065 seconds
[2024-12-16T10:52:50.029+0000] {processor.py:157} INFO - Started process (PID=34271) to work on /home/vscode/.local/lib/python3.10/site-packages/airflow/example_dags/example_branch_datetime_operator.py
[2024-12-16T10:52:50.030+0000] {processor.py:826} INFO - Processing file /home/vscode/.local/lib/python3.10/site-packages/airflow/example_dags/example_branch_datetime_operator.py for tasks to queue
[2024-12-16T10:52:50.030+0000] {logging_mixin.py:150} INFO - [2024-12-16T10:52:50.030+0000] {dagbag.py:541} INFO - Filling up the DagBag from /home/vscode/.local/lib/python3.10/site-packages/airflow/example_dags/example_branch_datetime_operator.py
[2024-12-16T10:52:50.037+0000] {processor.py:836} INFO - DAG(s) dict_keys(['example_branch_datetime_operator_2', 'example_branch_datetime_operator_3', 'example_branch_datetime_operator']) retrieved from /home/vscode/.local/lib/python3.10/site-packages/airflow/example_dags/example_branch_datetime_operator.py
[2024-12-16T10:52:50.053+0000] {logging_mixin.py:150} INFO - [2024-12-16T10:52:50.052+0000] {dag.py:2742} INFO - Sync 3 DAGs
[2024-12-16T10:52:50.066+0000] {logging_mixin.py:150} INFO - [2024-12-16T10:52:50.066+0000] {dag.py:3504} INFO - Setting next_dagrun for example_branch_datetime_operator to 2024-12-15T00:00:00+00:00, run_after=2024-12-16T00:00:00+00:00
[2024-12-16T10:52:50.069+0000] {logging_mixin.py:150} INFO - [2024-12-16T10:52:50.069+0000] {dag.py:3504} INFO - Setting next_dagrun for example_branch_datetime_operator_2 to 2024-12-15T00:00:00+00:00, run_after=2024-12-16T00:00:00+00:00
[2024-12-16T10:52:50.071+0000] {logging_mixin.py:150} INFO - [2024-12-16T10:52:50.071+0000] {dag.py:3504} INFO - Setting next_dagrun for example_branch_datetime_operator_3 to 2024-12-15T00:00:00+00:00, run_after=2024-12-16T00:00:00+00:00
[2024-12-16T10:52:50.084+0000] {processor.py:179} INFO - Processing /home/vscode/.local/lib/python3.10/site-packages/airflow/example_dags/example_branch_datetime_operator.py took 0.057 seconds
[2024-12-16T10:53:36.217+0000] {processor.py:157} INFO - Started process (PID=34631) to work on /home/vscode/.local/lib/python3.10/site-packages/airflow/example_dags/example_branch_datetime_operator.py
[2024-12-16T10:53:36.217+0000] {processor.py:826} INFO - Processing file /home/vscode/.local/lib/python3.10/site-packages/airflow/example_dags/example_branch_datetime_operator.py for tasks to queue
[2024-12-16T10:53:36.218+0000] {logging_mixin.py:150} INFO - [2024-12-16T10:53:36.218+0000] {dagbag.py:541} INFO - Filling up the DagBag from /home/vscode/.local/lib/python3.10/site-packages/airflow/example_dags/example_branch_datetime_operator.py
[2024-12-16T10:53:36.225+0000] {processor.py:836} INFO - DAG(s) dict_keys(['example_branch_datetime_operator_2', 'example_branch_datetime_operator', 'example_branch_datetime_operator_3']) retrieved from /home/vscode/.local/lib/python3.10/site-packages/airflow/example_dags/example_branch_datetime_operator.py
[2024-12-16T10:53:36.240+0000] {logging_mixin.py:150} INFO - [2024-12-16T10:53:36.240+0000] {dag.py:2742} INFO - Sync 3 DAGs
[2024-12-16T10:53:36.253+0000] {logging_mixin.py:150} INFO - [2024-12-16T10:53:36.253+0000] {dag.py:3504} INFO - Setting next_dagrun for example_branch_datetime_operator to 2024-12-15T00:00:00+00:00, run_after=2024-12-16T00:00:00+00:00
[2024-12-16T10:53:36.257+0000] {logging_mixin.py:150} INFO - [2024-12-16T10:53:36.257+0000] {dag.py:3504} INFO - Setting next_dagrun for example_branch_datetime_operator_2 to 2024-12-15T00:00:00+00:00, run_after=2024-12-16T00:00:00+00:00
[2024-12-16T10:53:36.258+0000] {logging_mixin.py:150} INFO - [2024-12-16T10:53:36.258+0000] {dag.py:3504} INFO - Setting next_dagrun for example_branch_datetime_operator_3 to 2024-12-15T00:00:00+00:00, run_after=2024-12-16T00:00:00+00:00
[2024-12-16T10:53:36.271+0000] {processor.py:179} INFO - Processing /home/vscode/.local/lib/python3.10/site-packages/airflow/example_dags/example_branch_datetime_operator.py took 0.056 seconds
[2024-12-16T10:54:22.929+0000] {processor.py:157} INFO - Started process (PID=34972) to work on /home/vscode/.local/lib/python3.10/site-packages/airflow/example_dags/example_branch_datetime_operator.py
[2024-12-16T10:54:22.930+0000] {processor.py:826} INFO - Processing file /home/vscode/.local/lib/python3.10/site-packages/airflow/example_dags/example_branch_datetime_operator.py for tasks to queue
[2024-12-16T10:54:22.931+0000] {logging_mixin.py:150} INFO - [2024-12-16T10:54:22.930+0000] {dagbag.py:541} INFO - Filling up the DagBag from /home/vscode/.local/lib/python3.10/site-packages/airflow/example_dags/example_branch_datetime_operator.py
[2024-12-16T10:54:22.937+0000] {processor.py:836} INFO - DAG(s) dict_keys(['example_branch_datetime_operator_2', 'example_branch_datetime_operator_3', 'example_branch_datetime_operator']) retrieved from /home/vscode/.local/lib/python3.10/site-packages/airflow/example_dags/example_branch_datetime_operator.py
[2024-12-16T10:54:22.953+0000] {logging_mixin.py:150} INFO - [2024-12-16T10:54:22.953+0000] {dag.py:2742} INFO - Sync 3 DAGs
[2024-12-16T10:54:22.967+0000] {logging_mixin.py:150} INFO - [2024-12-16T10:54:22.967+0000] {dag.py:3504} INFO - Setting next_dagrun for example_branch_datetime_operator to 2024-12-15T00:00:00+00:00, run_after=2024-12-16T00:00:00+00:00
[2024-12-16T10:54:22.970+0000] {logging_mixin.py:150} INFO - [2024-12-16T10:54:22.970+0000] {dag.py:3504} INFO - Setting next_dagrun for example_branch_datetime_operator_2 to 2024-12-15T00:00:00+00:00, run_after=2024-12-16T00:00:00+00:00
[2024-12-16T10:54:22.972+0000] {logging_mixin.py:150} INFO - [2024-12-16T10:54:22.972+0000] {dag.py:3504} INFO - Setting next_dagrun for example_branch_datetime_operator_3 to 2024-12-15T00:00:00+00:00, run_after=2024-12-16T00:00:00+00:00
[2024-12-16T10:54:22.984+0000] {processor.py:179} INFO - Processing /home/vscode/.local/lib/python3.10/site-packages/airflow/example_dags/example_branch_datetime_operator.py took 0.057 seconds
[2024-12-16T10:55:08.477+0000] {processor.py:157} INFO - Started process (PID=35510) to work on /home/vscode/.local/lib/python3.10/site-packages/airflow/example_dags/example_branch_datetime_operator.py
[2024-12-16T10:55:08.478+0000] {processor.py:826} INFO - Processing file /home/vscode/.local/lib/python3.10/site-packages/airflow/example_dags/example_branch_datetime_operator.py for tasks to queue
[2024-12-16T10:55:08.479+0000] {logging_mixin.py:150} INFO - [2024-12-16T10:55:08.478+0000] {dagbag.py:541} INFO - Filling up the DagBag from /home/vscode/.local/lib/python3.10/site-packages/airflow/example_dags/example_branch_datetime_operator.py
[2024-12-16T10:55:08.485+0000] {processor.py:836} INFO - DAG(s) dict_keys(['example_branch_datetime_operator_3', 'example_branch_datetime_operator_2', 'example_branch_datetime_operator']) retrieved from /home/vscode/.local/lib/python3.10/site-packages/airflow/example_dags/example_branch_datetime_operator.py
[2024-12-16T10:55:08.501+0000] {logging_mixin.py:150} INFO - [2024-12-16T10:55:08.501+0000] {dag.py:2742} INFO - Sync 3 DAGs
[2024-12-16T10:55:08.516+0000] {logging_mixin.py:150} INFO - [2024-12-16T10:55:08.516+0000] {dag.py:3504} INFO - Setting next_dagrun for example_branch_datetime_operator to 2024-12-15T00:00:00+00:00, run_after=2024-12-16T00:00:00+00:00
[2024-12-16T10:55:08.519+0000] {logging_mixin.py:150} INFO - [2024-12-16T10:55:08.519+0000] {dag.py:3504} INFO - Setting next_dagrun for example_branch_datetime_operator_2 to 2024-12-15T00:00:00+00:00, run_after=2024-12-16T00:00:00+00:00
[2024-12-16T10:55:08.521+0000] {logging_mixin.py:150} INFO - [2024-12-16T10:55:08.521+0000] {dag.py:3504} INFO - Setting next_dagrun for example_branch_datetime_operator_3 to 2024-12-15T00:00:00+00:00, run_after=2024-12-16T00:00:00+00:00
[2024-12-16T10:55:08.534+0000] {processor.py:179} INFO - Processing /home/vscode/.local/lib/python3.10/site-packages/airflow/example_dags/example_branch_datetime_operator.py took 0.058 seconds
[2024-12-16T10:55:57.567+0000] {processor.py:157} INFO - Started process (PID=35930) to work on /home/vscode/.local/lib/python3.10/site-packages/airflow/example_dags/example_branch_datetime_operator.py
[2024-12-16T10:55:57.567+0000] {processor.py:826} INFO - Processing file /home/vscode/.local/lib/python3.10/site-packages/airflow/example_dags/example_branch_datetime_operator.py for tasks to queue
[2024-12-16T10:55:57.568+0000] {logging_mixin.py:150} INFO - [2024-12-16T10:55:57.568+0000] {dagbag.py:541} INFO - Filling up the DagBag from /home/vscode/.local/lib/python3.10/site-packages/airflow/example_dags/example_branch_datetime_operator.py
[2024-12-16T10:55:57.575+0000] {processor.py:836} INFO - DAG(s) dict_keys(['example_branch_datetime_operator_2', 'example_branch_datetime_operator_3', 'example_branch_datetime_operator']) retrieved from /home/vscode/.local/lib/python3.10/site-packages/airflow/example_dags/example_branch_datetime_operator.py
[2024-12-16T10:55:57.591+0000] {logging_mixin.py:150} INFO - [2024-12-16T10:55:57.591+0000] {dag.py:2742} INFO - Sync 3 DAGs
[2024-12-16T10:55:57.606+0000] {logging_mixin.py:150} INFO - [2024-12-16T10:55:57.606+0000] {dag.py:3504} INFO - Setting next_dagrun for example_branch_datetime_operator to 2024-12-15T00:00:00+00:00, run_after=2024-12-16T00:00:00+00:00
[2024-12-16T10:55:57.609+0000] {logging_mixin.py:150} INFO - [2024-12-16T10:55:57.609+0000] {dag.py:3504} INFO - Setting next_dagrun for example_branch_datetime_operator_2 to 2024-12-15T00:00:00+00:00, run_after=2024-12-16T00:00:00+00:00
[2024-12-16T10:55:57.610+0000] {logging_mixin.py:150} INFO - [2024-12-16T10:55:57.610+0000] {dag.py:3504} INFO - Setting next_dagrun for example_branch_datetime_operator_3 to 2024-12-15T00:00:00+00:00, run_after=2024-12-16T00:00:00+00:00
[2024-12-16T10:55:57.623+0000] {processor.py:179} INFO - Processing /home/vscode/.local/lib/python3.10/site-packages/airflow/example_dags/example_branch_datetime_operator.py took 0.058 seconds
[2024-12-16T10:56:42.688+0000] {processor.py:157} INFO - Started process (PID=36306) to work on /home/vscode/.local/lib/python3.10/site-packages/airflow/example_dags/example_branch_datetime_operator.py
[2024-12-16T10:56:42.689+0000] {processor.py:826} INFO - Processing file /home/vscode/.local/lib/python3.10/site-packages/airflow/example_dags/example_branch_datetime_operator.py for tasks to queue
[2024-12-16T10:56:42.690+0000] {logging_mixin.py:150} INFO - [2024-12-16T10:56:42.690+0000] {dagbag.py:541} INFO - Filling up the DagBag from /home/vscode/.local/lib/python3.10/site-packages/airflow/example_dags/example_branch_datetime_operator.py
[2024-12-16T10:56:42.697+0000] {processor.py:836} INFO - DAG(s) dict_keys(['example_branch_datetime_operator_3', 'example_branch_datetime_operator', 'example_branch_datetime_operator_2']) retrieved from /home/vscode/.local/lib/python3.10/site-packages/airflow/example_dags/example_branch_datetime_operator.py
[2024-12-16T10:56:42.713+0000] {logging_mixin.py:150} INFO - [2024-12-16T10:56:42.713+0000] {dag.py:2742} INFO - Sync 3 DAGs
[2024-12-16T10:56:42.727+0000] {logging_mixin.py:150} INFO - [2024-12-16T10:56:42.727+0000] {dag.py:3504} INFO - Setting next_dagrun for example_branch_datetime_operator to 2024-12-15T00:00:00+00:00, run_after=2024-12-16T00:00:00+00:00
[2024-12-16T10:56:42.730+0000] {logging_mixin.py:150} INFO - [2024-12-16T10:56:42.730+0000] {dag.py:3504} INFO - Setting next_dagrun for example_branch_datetime_operator_2 to 2024-12-15T00:00:00+00:00, run_after=2024-12-16T00:00:00+00:00
[2024-12-16T10:56:42.732+0000] {logging_mixin.py:150} INFO - [2024-12-16T10:56:42.732+0000] {dag.py:3504} INFO - Setting next_dagrun for example_branch_datetime_operator_3 to 2024-12-15T00:00:00+00:00, run_after=2024-12-16T00:00:00+00:00
[2024-12-16T10:56:42.745+0000] {processor.py:179} INFO - Processing /home/vscode/.local/lib/python3.10/site-packages/airflow/example_dags/example_branch_datetime_operator.py took 0.059 seconds
