[2024-12-16T14:26:48.066+0000] {processor.py:157} INFO - Started process (PID=21725) to work on /home/vscode/.local/lib/python3.10/site-packages/airflow/example_dags/example_python_operator.py
[2024-12-16T14:26:48.067+0000] {processor.py:826} INFO - Processing file /home/vscode/.local/lib/python3.10/site-packages/airflow/example_dags/example_python_operator.py for tasks to queue
[2024-12-16T14:26:48.067+0000] {logging_mixin.py:150} INFO - [2024-12-16T14:26:48.067+0000] {dagbag.py:541} INFO - Filling up the DagBag from /home/vscode/.local/lib/python3.10/site-packages/airflow/example_dags/example_python_operator.py
[2024-12-16T14:26:48.078+0000] {processor.py:836} INFO - DAG(s) dict_keys(['example_python_operator']) retrieved from /home/vscode/.local/lib/python3.10/site-packages/airflow/example_dags/example_python_operator.py
[2024-12-16T14:26:48.252+0000] {logging_mixin.py:150} INFO - [2024-12-16T14:26:48.251+0000] {dag.py:2742} INFO - Sync 1 DAGs
[2024-12-16T14:26:48.262+0000] {logging_mixin.py:150} INFO - [2024-12-16T14:26:48.262+0000] {dag.py:3504} INFO - Setting next_dagrun for example_python_operator to None, run_after=None
[2024-12-16T14:26:48.277+0000] {processor.py:179} INFO - Processing /home/vscode/.local/lib/python3.10/site-packages/airflow/example_dags/example_python_operator.py took 0.215 seconds
[2024-12-16T14:27:41.133+0000] {processor.py:157} INFO - Started process (PID=22372) to work on /home/vscode/.local/lib/python3.10/site-packages/airflow/example_dags/example_python_operator.py
[2024-12-16T14:27:41.133+0000] {processor.py:826} INFO - Processing file /home/vscode/.local/lib/python3.10/site-packages/airflow/example_dags/example_python_operator.py for tasks to queue
[2024-12-16T14:27:41.134+0000] {logging_mixin.py:150} INFO - [2024-12-16T14:27:41.134+0000] {dagbag.py:541} INFO - Filling up the DagBag from /home/vscode/.local/lib/python3.10/site-packages/airflow/example_dags/example_python_operator.py
[2024-12-16T14:27:41.141+0000] {processor.py:836} INFO - DAG(s) dict_keys(['example_python_operator']) retrieved from /home/vscode/.local/lib/python3.10/site-packages/airflow/example_dags/example_python_operator.py
[2024-12-16T14:27:41.154+0000] {logging_mixin.py:150} INFO - [2024-12-16T14:27:41.154+0000] {dag.py:2742} INFO - Sync 1 DAGs
[2024-12-16T14:27:41.167+0000] {logging_mixin.py:150} INFO - [2024-12-16T14:27:41.167+0000] {dag.py:3504} INFO - Setting next_dagrun for example_python_operator to None, run_after=None
[2024-12-16T14:27:41.181+0000] {processor.py:179} INFO - Processing /home/vscode/.local/lib/python3.10/site-packages/airflow/example_dags/example_python_operator.py took 0.050 seconds
[2024-12-16T14:28:36.736+0000] {processor.py:157} INFO - Started process (PID=22965) to work on /home/vscode/.local/lib/python3.10/site-packages/airflow/example_dags/example_python_operator.py
[2024-12-16T14:28:36.737+0000] {processor.py:826} INFO - Processing file /home/vscode/.local/lib/python3.10/site-packages/airflow/example_dags/example_python_operator.py for tasks to queue
[2024-12-16T14:28:36.738+0000] {logging_mixin.py:150} INFO - [2024-12-16T14:28:36.738+0000] {dagbag.py:541} INFO - Filling up the DagBag from /home/vscode/.local/lib/python3.10/site-packages/airflow/example_dags/example_python_operator.py
[2024-12-16T14:28:36.745+0000] {processor.py:836} INFO - DAG(s) dict_keys(['example_python_operator']) retrieved from /home/vscode/.local/lib/python3.10/site-packages/airflow/example_dags/example_python_operator.py
[2024-12-16T14:28:36.758+0000] {logging_mixin.py:150} INFO - [2024-12-16T14:28:36.758+0000] {dag.py:2742} INFO - Sync 1 DAGs
[2024-12-16T14:28:36.771+0000] {logging_mixin.py:150} INFO - [2024-12-16T14:28:36.771+0000] {dag.py:3504} INFO - Setting next_dagrun for example_python_operator to None, run_after=None
[2024-12-16T14:28:36.785+0000] {processor.py:179} INFO - Processing /home/vscode/.local/lib/python3.10/site-packages/airflow/example_dags/example_python_operator.py took 0.051 seconds
[2024-12-16T14:29:21.982+0000] {processor.py:157} INFO - Started process (PID=23418) to work on /home/vscode/.local/lib/python3.10/site-packages/airflow/example_dags/example_python_operator.py
[2024-12-16T14:29:21.983+0000] {processor.py:826} INFO - Processing file /home/vscode/.local/lib/python3.10/site-packages/airflow/example_dags/example_python_operator.py for tasks to queue
[2024-12-16T14:29:21.983+0000] {logging_mixin.py:150} INFO - [2024-12-16T14:29:21.983+0000] {dagbag.py:541} INFO - Filling up the DagBag from /home/vscode/.local/lib/python3.10/site-packages/airflow/example_dags/example_python_operator.py
[2024-12-16T14:29:21.990+0000] {processor.py:836} INFO - DAG(s) dict_keys(['example_python_operator']) retrieved from /home/vscode/.local/lib/python3.10/site-packages/airflow/example_dags/example_python_operator.py
[2024-12-16T14:29:22.003+0000] {logging_mixin.py:150} INFO - [2024-12-16T14:29:22.003+0000] {dag.py:2742} INFO - Sync 1 DAGs
[2024-12-16T14:29:22.016+0000] {logging_mixin.py:150} INFO - [2024-12-16T14:29:22.016+0000] {dag.py:3504} INFO - Setting next_dagrun for example_python_operator to None, run_after=None
[2024-12-16T14:29:22.030+0000] {processor.py:179} INFO - Processing /home/vscode/.local/lib/python3.10/site-packages/airflow/example_dags/example_python_operator.py took 0.050 seconds
[2024-12-16T14:30:06.292+0000] {processor.py:157} INFO - Started process (PID=23848) to work on /home/vscode/.local/lib/python3.10/site-packages/airflow/example_dags/example_python_operator.py
[2024-12-16T14:30:06.293+0000] {processor.py:826} INFO - Processing file /home/vscode/.local/lib/python3.10/site-packages/airflow/example_dags/example_python_operator.py for tasks to queue
[2024-12-16T14:30:06.294+0000] {logging_mixin.py:150} INFO - [2024-12-16T14:30:06.293+0000] {dagbag.py:541} INFO - Filling up the DagBag from /home/vscode/.local/lib/python3.10/site-packages/airflow/example_dags/example_python_operator.py
[2024-12-16T14:30:06.301+0000] {processor.py:836} INFO - DAG(s) dict_keys(['example_python_operator']) retrieved from /home/vscode/.local/lib/python3.10/site-packages/airflow/example_dags/example_python_operator.py
[2024-12-16T14:30:06.313+0000] {logging_mixin.py:150} INFO - [2024-12-16T14:30:06.313+0000] {dag.py:2742} INFO - Sync 1 DAGs
[2024-12-16T14:30:06.326+0000] {logging_mixin.py:150} INFO - [2024-12-16T14:30:06.326+0000] {dag.py:3504} INFO - Setting next_dagrun for example_python_operator to None, run_after=None
[2024-12-16T14:30:06.340+0000] {processor.py:179} INFO - Processing /home/vscode/.local/lib/python3.10/site-packages/airflow/example_dags/example_python_operator.py took 0.050 seconds
