[2024-12-16T10:50:04.860+0000] {processor.py:157} INFO - Started process (PID=32834) to work on /home/vscode/.local/lib/python3.10/site-packages/airflow/example_dags/tutorial_taskflow_api_virtualenv.py
[2024-12-16T10:50:04.860+0000] {processor.py:826} INFO - Processing file /home/vscode/.local/lib/python3.10/site-packages/airflow/example_dags/tutorial_taskflow_api_virtualenv.py for tasks to queue
[2024-12-16T10:50:04.861+0000] {logging_mixin.py:150} INFO - [2024-12-16T10:50:04.861+0000] {dagbag.py:541} INFO - Filling up the DagBag from /home/vscode/.local/lib/python3.10/site-packages/airflow/example_dags/tutorial_taskflow_api_virtualenv.py
[2024-12-16T10:50:04.866+0000] {processor.py:836} INFO - DAG(s) dict_keys(['tutorial_taskflow_api_virtualenv']) retrieved from /home/vscode/.local/lib/python3.10/site-packages/airflow/example_dags/tutorial_taskflow_api_virtualenv.py
[2024-12-16T10:50:05.019+0000] {logging_mixin.py:150} INFO - [2024-12-16T10:50:05.019+0000] {manager.py:504} INFO - Created Permission View: can edit on DAG:tutorial_taskflow_api_virtualenv
[2024-12-16T10:50:05.027+0000] {logging_mixin.py:150} INFO - [2024-12-16T10:50:05.026+0000] {manager.py:504} INFO - Created Permission View: can read on DAG:tutorial_taskflow_api_virtualenv
[2024-12-16T10:50:05.032+0000] {logging_mixin.py:150} INFO - [2024-12-16T10:50:05.032+0000] {manager.py:504} INFO - Created Permission View: can delete on DAG:tutorial_taskflow_api_virtualenv
[2024-12-16T10:50:05.040+0000] {logging_mixin.py:150} INFO - [2024-12-16T10:50:05.039+0000] {dag.py:2742} INFO - Sync 1 DAGs
[2024-12-16T10:50:05.046+0000] {logging_mixin.py:150} INFO - [2024-12-16T10:50:05.045+0000] {dag.py:2763} INFO - Creating ORM DAG for tutorial_taskflow_api_virtualenv
[2024-12-16T10:50:05.051+0000] {logging_mixin.py:150} INFO - [2024-12-16T10:50:05.051+0000] {dag.py:3504} INFO - Setting next_dagrun for tutorial_taskflow_api_virtualenv to None, run_after=None
[2024-12-16T10:50:05.066+0000] {processor.py:179} INFO - Processing /home/vscode/.local/lib/python3.10/site-packages/airflow/example_dags/tutorial_taskflow_api_virtualenv.py took 0.208 seconds
[2024-12-16T10:50:53.436+0000] {processor.py:157} INFO - Started process (PID=33274) to work on /home/vscode/.local/lib/python3.10/site-packages/airflow/example_dags/tutorial_taskflow_api_virtualenv.py
[2024-12-16T10:50:53.436+0000] {processor.py:826} INFO - Processing file /home/vscode/.local/lib/python3.10/site-packages/airflow/example_dags/tutorial_taskflow_api_virtualenv.py for tasks to queue
[2024-12-16T10:50:53.437+0000] {logging_mixin.py:150} INFO - [2024-12-16T10:50:53.437+0000] {dagbag.py:541} INFO - Filling up the DagBag from /home/vscode/.local/lib/python3.10/site-packages/airflow/example_dags/tutorial_taskflow_api_virtualenv.py
[2024-12-16T10:50:53.442+0000] {processor.py:836} INFO - DAG(s) dict_keys(['tutorial_taskflow_api_virtualenv']) retrieved from /home/vscode/.local/lib/python3.10/site-packages/airflow/example_dags/tutorial_taskflow_api_virtualenv.py
[2024-12-16T10:50:53.453+0000] {logging_mixin.py:150} INFO - [2024-12-16T10:50:53.453+0000] {dag.py:2742} INFO - Sync 1 DAGs
[2024-12-16T10:50:53.467+0000] {logging_mixin.py:150} INFO - [2024-12-16T10:50:53.466+0000] {dag.py:3504} INFO - Setting next_dagrun for tutorial_taskflow_api_virtualenv to None, run_after=None
[2024-12-16T10:50:53.480+0000] {processor.py:179} INFO - Processing /home/vscode/.local/lib/python3.10/site-packages/airflow/example_dags/tutorial_taskflow_api_virtualenv.py took 0.046 seconds
[2024-12-16T10:51:42.044+0000] {processor.py:157} INFO - Started process (PID=33686) to work on /home/vscode/.local/lib/python3.10/site-packages/airflow/example_dags/tutorial_taskflow_api_virtualenv.py
[2024-12-16T10:51:42.044+0000] {processor.py:826} INFO - Processing file /home/vscode/.local/lib/python3.10/site-packages/airflow/example_dags/tutorial_taskflow_api_virtualenv.py for tasks to queue
[2024-12-16T10:51:42.045+0000] {logging_mixin.py:150} INFO - [2024-12-16T10:51:42.045+0000] {dagbag.py:541} INFO - Filling up the DagBag from /home/vscode/.local/lib/python3.10/site-packages/airflow/example_dags/tutorial_taskflow_api_virtualenv.py
[2024-12-16T10:51:42.050+0000] {processor.py:836} INFO - DAG(s) dict_keys(['tutorial_taskflow_api_virtualenv']) retrieved from /home/vscode/.local/lib/python3.10/site-packages/airflow/example_dags/tutorial_taskflow_api_virtualenv.py
[2024-12-16T10:51:42.061+0000] {logging_mixin.py:150} INFO - [2024-12-16T10:51:42.061+0000] {dag.py:2742} INFO - Sync 1 DAGs
[2024-12-16T10:51:42.075+0000] {logging_mixin.py:150} INFO - [2024-12-16T10:51:42.074+0000] {dag.py:3504} INFO - Setting next_dagrun for tutorial_taskflow_api_virtualenv to None, run_after=None
[2024-12-16T10:51:42.090+0000] {processor.py:179} INFO - Processing /home/vscode/.local/lib/python3.10/site-packages/airflow/example_dags/tutorial_taskflow_api_virtualenv.py took 0.048 seconds
[2024-12-16T10:52:32.171+0000] {processor.py:157} INFO - Started process (PID=34151) to work on /home/vscode/.local/lib/python3.10/site-packages/airflow/example_dags/tutorial_taskflow_api_virtualenv.py
[2024-12-16T10:52:32.172+0000] {processor.py:826} INFO - Processing file /home/vscode/.local/lib/python3.10/site-packages/airflow/example_dags/tutorial_taskflow_api_virtualenv.py for tasks to queue
[2024-12-16T10:52:32.172+0000] {logging_mixin.py:150} INFO - [2024-12-16T10:52:32.172+0000] {dagbag.py:541} INFO - Filling up the DagBag from /home/vscode/.local/lib/python3.10/site-packages/airflow/example_dags/tutorial_taskflow_api_virtualenv.py
[2024-12-16T10:52:32.177+0000] {processor.py:836} INFO - DAG(s) dict_keys(['tutorial_taskflow_api_virtualenv']) retrieved from /home/vscode/.local/lib/python3.10/site-packages/airflow/example_dags/tutorial_taskflow_api_virtualenv.py
[2024-12-16T10:52:32.189+0000] {logging_mixin.py:150} INFO - [2024-12-16T10:52:32.188+0000] {dag.py:2742} INFO - Sync 1 DAGs
[2024-12-16T10:52:32.201+0000] {logging_mixin.py:150} INFO - [2024-12-16T10:52:32.201+0000] {dag.py:3504} INFO - Setting next_dagrun for tutorial_taskflow_api_virtualenv to None, run_after=None
[2024-12-16T10:52:32.215+0000] {processor.py:179} INFO - Processing /home/vscode/.local/lib/python3.10/site-packages/airflow/example_dags/tutorial_taskflow_api_virtualenv.py took 0.046 seconds
[2024-12-16T10:53:18.040+0000] {processor.py:157} INFO - Started process (PID=34464) to work on /home/vscode/.local/lib/python3.10/site-packages/airflow/example_dags/tutorial_taskflow_api_virtualenv.py
[2024-12-16T10:53:18.041+0000] {processor.py:826} INFO - Processing file /home/vscode/.local/lib/python3.10/site-packages/airflow/example_dags/tutorial_taskflow_api_virtualenv.py for tasks to queue
[2024-12-16T10:53:18.042+0000] {logging_mixin.py:150} INFO - [2024-12-16T10:53:18.041+0000] {dagbag.py:541} INFO - Filling up the DagBag from /home/vscode/.local/lib/python3.10/site-packages/airflow/example_dags/tutorial_taskflow_api_virtualenv.py
[2024-12-16T10:53:18.047+0000] {processor.py:836} INFO - DAG(s) dict_keys(['tutorial_taskflow_api_virtualenv']) retrieved from /home/vscode/.local/lib/python3.10/site-packages/airflow/example_dags/tutorial_taskflow_api_virtualenv.py
[2024-12-16T10:53:18.061+0000] {logging_mixin.py:150} INFO - [2024-12-16T10:53:18.061+0000] {dag.py:2742} INFO - Sync 1 DAGs
[2024-12-16T10:53:18.074+0000] {logging_mixin.py:150} INFO - [2024-12-16T10:53:18.074+0000] {dag.py:3504} INFO - Setting next_dagrun for tutorial_taskflow_api_virtualenv to None, run_after=None
[2024-12-16T10:53:18.089+0000] {processor.py:179} INFO - Processing /home/vscode/.local/lib/python3.10/site-packages/airflow/example_dags/tutorial_taskflow_api_virtualenv.py took 0.051 seconds
[2024-12-16T10:54:03.452+0000] {processor.py:157} INFO - Started process (PID=34829) to work on /home/vscode/.local/lib/python3.10/site-packages/airflow/example_dags/tutorial_taskflow_api_virtualenv.py
[2024-12-16T10:54:03.452+0000] {processor.py:826} INFO - Processing file /home/vscode/.local/lib/python3.10/site-packages/airflow/example_dags/tutorial_taskflow_api_virtualenv.py for tasks to queue
[2024-12-16T10:54:03.453+0000] {logging_mixin.py:150} INFO - [2024-12-16T10:54:03.453+0000] {dagbag.py:541} INFO - Filling up the DagBag from /home/vscode/.local/lib/python3.10/site-packages/airflow/example_dags/tutorial_taskflow_api_virtualenv.py
[2024-12-16T10:54:03.458+0000] {processor.py:836} INFO - DAG(s) dict_keys(['tutorial_taskflow_api_virtualenv']) retrieved from /home/vscode/.local/lib/python3.10/site-packages/airflow/example_dags/tutorial_taskflow_api_virtualenv.py
[2024-12-16T10:54:03.469+0000] {logging_mixin.py:150} INFO - [2024-12-16T10:54:03.469+0000] {dag.py:2742} INFO - Sync 1 DAGs
[2024-12-16T10:54:03.483+0000] {logging_mixin.py:150} INFO - [2024-12-16T10:54:03.483+0000] {dag.py:3504} INFO - Setting next_dagrun for tutorial_taskflow_api_virtualenv to None, run_after=None
[2024-12-16T10:54:03.497+0000] {processor.py:179} INFO - Processing /home/vscode/.local/lib/python3.10/site-packages/airflow/example_dags/tutorial_taskflow_api_virtualenv.py took 0.047 seconds
[2024-12-16T10:54:51.932+0000] {processor.py:157} INFO - Started process (PID=35354) to work on /home/vscode/.local/lib/python3.10/site-packages/airflow/example_dags/tutorial_taskflow_api_virtualenv.py
[2024-12-16T10:54:51.932+0000] {processor.py:826} INFO - Processing file /home/vscode/.local/lib/python3.10/site-packages/airflow/example_dags/tutorial_taskflow_api_virtualenv.py for tasks to queue
[2024-12-16T10:54:51.933+0000] {logging_mixin.py:150} INFO - [2024-12-16T10:54:51.933+0000] {dagbag.py:541} INFO - Filling up the DagBag from /home/vscode/.local/lib/python3.10/site-packages/airflow/example_dags/tutorial_taskflow_api_virtualenv.py
[2024-12-16T10:54:51.938+0000] {processor.py:836} INFO - DAG(s) dict_keys(['tutorial_taskflow_api_virtualenv']) retrieved from /home/vscode/.local/lib/python3.10/site-packages/airflow/example_dags/tutorial_taskflow_api_virtualenv.py
[2024-12-16T10:54:51.949+0000] {logging_mixin.py:150} INFO - [2024-12-16T10:54:51.949+0000] {dag.py:2742} INFO - Sync 1 DAGs
[2024-12-16T10:54:51.962+0000] {logging_mixin.py:150} INFO - [2024-12-16T10:54:51.962+0000] {dag.py:3504} INFO - Setting next_dagrun for tutorial_taskflow_api_virtualenv to None, run_after=None
[2024-12-16T10:54:51.976+0000] {processor.py:179} INFO - Processing /home/vscode/.local/lib/python3.10/site-packages/airflow/example_dags/tutorial_taskflow_api_virtualenv.py took 0.046 seconds
[2024-12-16T10:55:38.756+0000] {processor.py:157} INFO - Started process (PID=35804) to work on /home/vscode/.local/lib/python3.10/site-packages/airflow/example_dags/tutorial_taskflow_api_virtualenv.py
[2024-12-16T10:55:38.757+0000] {processor.py:826} INFO - Processing file /home/vscode/.local/lib/python3.10/site-packages/airflow/example_dags/tutorial_taskflow_api_virtualenv.py for tasks to queue
[2024-12-16T10:55:38.757+0000] {logging_mixin.py:150} INFO - [2024-12-16T10:55:38.757+0000] {dagbag.py:541} INFO - Filling up the DagBag from /home/vscode/.local/lib/python3.10/site-packages/airflow/example_dags/tutorial_taskflow_api_virtualenv.py
[2024-12-16T10:55:38.762+0000] {processor.py:836} INFO - DAG(s) dict_keys(['tutorial_taskflow_api_virtualenv']) retrieved from /home/vscode/.local/lib/python3.10/site-packages/airflow/example_dags/tutorial_taskflow_api_virtualenv.py
[2024-12-16T10:55:38.773+0000] {logging_mixin.py:150} INFO - [2024-12-16T10:55:38.773+0000] {dag.py:2742} INFO - Sync 1 DAGs
[2024-12-16T10:55:38.786+0000] {logging_mixin.py:150} INFO - [2024-12-16T10:55:38.786+0000] {dag.py:3504} INFO - Setting next_dagrun for tutorial_taskflow_api_virtualenv to None, run_after=None
[2024-12-16T10:55:38.798+0000] {processor.py:179} INFO - Processing /home/vscode/.local/lib/python3.10/site-packages/airflow/example_dags/tutorial_taskflow_api_virtualenv.py took 0.044 seconds
[2024-12-16T10:56:22.974+0000] {processor.py:157} INFO - Started process (PID=36102) to work on /home/vscode/.local/lib/python3.10/site-packages/airflow/example_dags/tutorial_taskflow_api_virtualenv.py
[2024-12-16T10:56:22.975+0000] {processor.py:826} INFO - Processing file /home/vscode/.local/lib/python3.10/site-packages/airflow/example_dags/tutorial_taskflow_api_virtualenv.py for tasks to queue
[2024-12-16T10:56:22.976+0000] {logging_mixin.py:150} INFO - [2024-12-16T10:56:22.975+0000] {dagbag.py:541} INFO - Filling up the DagBag from /home/vscode/.local/lib/python3.10/site-packages/airflow/example_dags/tutorial_taskflow_api_virtualenv.py
[2024-12-16T10:56:22.981+0000] {processor.py:836} INFO - DAG(s) dict_keys(['tutorial_taskflow_api_virtualenv']) retrieved from /home/vscode/.local/lib/python3.10/site-packages/airflow/example_dags/tutorial_taskflow_api_virtualenv.py
[2024-12-16T10:56:22.992+0000] {logging_mixin.py:150} INFO - [2024-12-16T10:56:22.992+0000] {dag.py:2742} INFO - Sync 1 DAGs
[2024-12-16T10:56:23.005+0000] {logging_mixin.py:150} INFO - [2024-12-16T10:56:23.005+0000] {dag.py:3504} INFO - Setting next_dagrun for tutorial_taskflow_api_virtualenv to None, run_after=None
[2024-12-16T10:56:23.019+0000] {processor.py:179} INFO - Processing /home/vscode/.local/lib/python3.10/site-packages/airflow/example_dags/tutorial_taskflow_api_virtualenv.py took 0.046 seconds
