[2024-12-13T08:30:55.181+0000] {processor.py:157} INFO - Started process (PID=10092) to work on /home/vscode/.local/lib/python3.10/site-packages/airflow/example_dags/example_complex.py
[2024-12-13T08:30:55.182+0000] {processor.py:826} INFO - Processing file /home/vscode/.local/lib/python3.10/site-packages/airflow/example_dags/example_complex.py for tasks to queue
[2024-12-13T08:30:55.183+0000] {logging_mixin.py:150} INFO - [2024-12-13T08:30:55.182+0000] {dagbag.py:541} INFO - Filling up the DagBag from /home/vscode/.local/lib/python3.10/site-packages/airflow/example_dags/example_complex.py
[2024-12-13T08:30:55.190+0000] {processor.py:836} INFO - DAG(s) dict_keys(['example_complex']) retrieved from /home/vscode/.local/lib/python3.10/site-packages/airflow/example_dags/example_complex.py
[2024-12-13T08:30:55.207+0000] {logging_mixin.py:150} INFO - [2024-12-13T08:30:55.207+0000] {dag.py:2742} INFO - Sync 1 DAGs
[2024-12-13T08:30:55.220+0000] {logging_mixin.py:150} INFO - [2024-12-13T08:30:55.220+0000] {dag.py:3504} INFO - Setting next_dagrun for example_complex to None, run_after=None
[2024-12-13T08:30:55.235+0000] {processor.py:179} INFO - Processing /home/vscode/.local/lib/python3.10/site-packages/airflow/example_dags/example_complex.py took 0.055 seconds
[2024-12-13T08:31:56.792+0000] {processor.py:157} INFO - Started process (PID=10807) to work on /home/vscode/.local/lib/python3.10/site-packages/airflow/example_dags/example_complex.py
[2024-12-13T08:31:56.793+0000] {processor.py:826} INFO - Processing file /home/vscode/.local/lib/python3.10/site-packages/airflow/example_dags/example_complex.py for tasks to queue
[2024-12-13T08:31:56.794+0000] {logging_mixin.py:150} INFO - [2024-12-13T08:31:56.793+0000] {dagbag.py:541} INFO - Filling up the DagBag from /home/vscode/.local/lib/python3.10/site-packages/airflow/example_dags/example_complex.py
[2024-12-13T08:31:56.801+0000] {processor.py:836} INFO - DAG(s) dict_keys(['example_complex']) retrieved from /home/vscode/.local/lib/python3.10/site-packages/airflow/example_dags/example_complex.py
[2024-12-13T08:31:56.821+0000] {logging_mixin.py:150} INFO - [2024-12-13T08:31:56.820+0000] {dag.py:2742} INFO - Sync 1 DAGs
[2024-12-13T08:31:56.835+0000] {logging_mixin.py:150} INFO - [2024-12-13T08:31:56.835+0000] {dag.py:3504} INFO - Setting next_dagrun for example_complex to None, run_after=None
[2024-12-13T08:31:56.850+0000] {processor.py:179} INFO - Processing /home/vscode/.local/lib/python3.10/site-packages/airflow/example_dags/example_complex.py took 0.060 seconds
[2024-12-13T08:32:54.066+0000] {processor.py:157} INFO - Started process (PID=11264) to work on /home/vscode/.local/lib/python3.10/site-packages/airflow/example_dags/example_complex.py
[2024-12-13T08:32:54.067+0000] {processor.py:826} INFO - Processing file /home/vscode/.local/lib/python3.10/site-packages/airflow/example_dags/example_complex.py for tasks to queue
[2024-12-13T08:32:54.068+0000] {logging_mixin.py:150} INFO - [2024-12-13T08:32:54.067+0000] {dagbag.py:541} INFO - Filling up the DagBag from /home/vscode/.local/lib/python3.10/site-packages/airflow/example_dags/example_complex.py
[2024-12-13T08:32:54.075+0000] {processor.py:836} INFO - DAG(s) dict_keys(['example_complex']) retrieved from /home/vscode/.local/lib/python3.10/site-packages/airflow/example_dags/example_complex.py
[2024-12-13T08:32:54.094+0000] {logging_mixin.py:150} INFO - [2024-12-13T08:32:54.094+0000] {dag.py:2742} INFO - Sync 1 DAGs
[2024-12-13T08:32:54.109+0000] {logging_mixin.py:150} INFO - [2024-12-13T08:32:54.109+0000] {dag.py:3504} INFO - Setting next_dagrun for example_complex to None, run_after=None
[2024-12-13T08:32:54.123+0000] {processor.py:179} INFO - Processing /home/vscode/.local/lib/python3.10/site-packages/airflow/example_dags/example_complex.py took 0.059 seconds
[2024-12-13T08:33:50.599+0000] {processor.py:157} INFO - Started process (PID=11647) to work on /home/vscode/.local/lib/python3.10/site-packages/airflow/example_dags/example_complex.py
[2024-12-13T08:33:50.599+0000] {processor.py:826} INFO - Processing file /home/vscode/.local/lib/python3.10/site-packages/airflow/example_dags/example_complex.py for tasks to queue
[2024-12-13T08:33:50.600+0000] {logging_mixin.py:150} INFO - [2024-12-13T08:33:50.600+0000] {dagbag.py:541} INFO - Filling up the DagBag from /home/vscode/.local/lib/python3.10/site-packages/airflow/example_dags/example_complex.py
[2024-12-13T08:33:50.607+0000] {processor.py:836} INFO - DAG(s) dict_keys(['example_complex']) retrieved from /home/vscode/.local/lib/python3.10/site-packages/airflow/example_dags/example_complex.py
[2024-12-13T08:33:50.626+0000] {logging_mixin.py:150} INFO - [2024-12-13T08:33:50.625+0000] {dag.py:2742} INFO - Sync 1 DAGs
[2024-12-13T08:33:50.639+0000] {logging_mixin.py:150} INFO - [2024-12-13T08:33:50.639+0000] {dag.py:3504} INFO - Setting next_dagrun for example_complex to None, run_after=None
[2024-12-13T08:33:50.653+0000] {processor.py:179} INFO - Processing /home/vscode/.local/lib/python3.10/site-packages/airflow/example_dags/example_complex.py took 0.057 seconds
[2024-12-13T08:34:43.272+0000] {processor.py:157} INFO - Started process (PID=12003) to work on /home/vscode/.local/lib/python3.10/site-packages/airflow/example_dags/example_complex.py
[2024-12-13T08:34:43.273+0000] {processor.py:826} INFO - Processing file /home/vscode/.local/lib/python3.10/site-packages/airflow/example_dags/example_complex.py for tasks to queue
[2024-12-13T08:34:43.273+0000] {logging_mixin.py:150} INFO - [2024-12-13T08:34:43.273+0000] {dagbag.py:541} INFO - Filling up the DagBag from /home/vscode/.local/lib/python3.10/site-packages/airflow/example_dags/example_complex.py
[2024-12-13T08:34:43.286+0000] {processor.py:836} INFO - DAG(s) dict_keys(['example_complex']) retrieved from /home/vscode/.local/lib/python3.10/site-packages/airflow/example_dags/example_complex.py
[2024-12-13T08:34:43.312+0000] {logging_mixin.py:150} INFO - [2024-12-13T08:34:43.312+0000] {dag.py:2742} INFO - Sync 1 DAGs
[2024-12-13T08:34:43.325+0000] {logging_mixin.py:150} INFO - [2024-12-13T08:34:43.325+0000] {dag.py:3504} INFO - Setting next_dagrun for example_complex to None, run_after=None
[2024-12-13T08:34:43.339+0000] {processor.py:179} INFO - Processing /home/vscode/.local/lib/python3.10/site-packages/airflow/example_dags/example_complex.py took 0.070 seconds
[2024-12-13T08:35:38.580+0000] {processor.py:157} INFO - Started process (PID=12410) to work on /home/vscode/.local/lib/python3.10/site-packages/airflow/example_dags/example_complex.py
[2024-12-13T08:35:38.581+0000] {processor.py:826} INFO - Processing file /home/vscode/.local/lib/python3.10/site-packages/airflow/example_dags/example_complex.py for tasks to queue
[2024-12-13T08:35:38.582+0000] {logging_mixin.py:150} INFO - [2024-12-13T08:35:38.582+0000] {dagbag.py:541} INFO - Filling up the DagBag from /home/vscode/.local/lib/python3.10/site-packages/airflow/example_dags/example_complex.py
[2024-12-13T08:35:38.594+0000] {processor.py:836} INFO - DAG(s) dict_keys(['example_complex']) retrieved from /home/vscode/.local/lib/python3.10/site-packages/airflow/example_dags/example_complex.py
[2024-12-13T08:35:38.615+0000] {logging_mixin.py:150} INFO - [2024-12-13T08:35:38.615+0000] {dag.py:2742} INFO - Sync 1 DAGs
[2024-12-13T08:35:38.629+0000] {logging_mixin.py:150} INFO - [2024-12-13T08:35:38.629+0000] {dag.py:3504} INFO - Setting next_dagrun for example_complex to None, run_after=None
[2024-12-13T08:35:38.643+0000] {processor.py:179} INFO - Processing /home/vscode/.local/lib/python3.10/site-packages/airflow/example_dags/example_complex.py took 0.065 seconds
[2024-12-13T08:36:33.971+0000] {processor.py:157} INFO - Started process (PID=12784) to work on /home/vscode/.local/lib/python3.10/site-packages/airflow/example_dags/example_complex.py
[2024-12-13T08:36:33.972+0000] {processor.py:826} INFO - Processing file /home/vscode/.local/lib/python3.10/site-packages/airflow/example_dags/example_complex.py for tasks to queue
[2024-12-13T08:36:33.973+0000] {logging_mixin.py:150} INFO - [2024-12-13T08:36:33.972+0000] {dagbag.py:541} INFO - Filling up the DagBag from /home/vscode/.local/lib/python3.10/site-packages/airflow/example_dags/example_complex.py
[2024-12-13T08:36:33.980+0000] {processor.py:836} INFO - DAG(s) dict_keys(['example_complex']) retrieved from /home/vscode/.local/lib/python3.10/site-packages/airflow/example_dags/example_complex.py
[2024-12-13T08:36:33.998+0000] {logging_mixin.py:150} INFO - [2024-12-13T08:36:33.998+0000] {dag.py:2742} INFO - Sync 1 DAGs
[2024-12-13T08:36:34.012+0000] {logging_mixin.py:150} INFO - [2024-12-13T08:36:34.011+0000] {dag.py:3504} INFO - Setting next_dagrun for example_complex to None, run_after=None
[2024-12-13T08:36:34.026+0000] {processor.py:179} INFO - Processing /home/vscode/.local/lib/python3.10/site-packages/airflow/example_dags/example_complex.py took 0.057 seconds
[2024-12-13T08:37:32.452+0000] {processor.py:157} INFO - Started process (PID=13249) to work on /home/vscode/.local/lib/python3.10/site-packages/airflow/example_dags/example_complex.py
[2024-12-13T08:37:32.452+0000] {processor.py:826} INFO - Processing file /home/vscode/.local/lib/python3.10/site-packages/airflow/example_dags/example_complex.py for tasks to queue
[2024-12-13T08:37:32.453+0000] {logging_mixin.py:150} INFO - [2024-12-13T08:37:32.453+0000] {dagbag.py:541} INFO - Filling up the DagBag from /home/vscode/.local/lib/python3.10/site-packages/airflow/example_dags/example_complex.py
[2024-12-13T08:37:32.460+0000] {processor.py:836} INFO - DAG(s) dict_keys(['example_complex']) retrieved from /home/vscode/.local/lib/python3.10/site-packages/airflow/example_dags/example_complex.py
[2024-12-13T08:37:32.479+0000] {logging_mixin.py:150} INFO - [2024-12-13T08:37:32.479+0000] {dag.py:2742} INFO - Sync 1 DAGs
[2024-12-13T08:37:32.493+0000] {logging_mixin.py:150} INFO - [2024-12-13T08:37:32.493+0000] {dag.py:3504} INFO - Setting next_dagrun for example_complex to None, run_after=None
[2024-12-13T08:37:32.508+0000] {processor.py:179} INFO - Processing /home/vscode/.local/lib/python3.10/site-packages/airflow/example_dags/example_complex.py took 0.058 seconds
[2024-12-13T08:38:24.344+0000] {processor.py:157} INFO - Started process (PID=13605) to work on /home/vscode/.local/lib/python3.10/site-packages/airflow/example_dags/example_complex.py
[2024-12-13T08:38:24.344+0000] {processor.py:826} INFO - Processing file /home/vscode/.local/lib/python3.10/site-packages/airflow/example_dags/example_complex.py for tasks to queue
[2024-12-13T08:38:24.345+0000] {logging_mixin.py:150} INFO - [2024-12-13T08:38:24.345+0000] {dagbag.py:541} INFO - Filling up the DagBag from /home/vscode/.local/lib/python3.10/site-packages/airflow/example_dags/example_complex.py
[2024-12-13T08:38:24.353+0000] {processor.py:836} INFO - DAG(s) dict_keys(['example_complex']) retrieved from /home/vscode/.local/lib/python3.10/site-packages/airflow/example_dags/example_complex.py
[2024-12-13T08:38:24.370+0000] {logging_mixin.py:150} INFO - [2024-12-13T08:38:24.370+0000] {dag.py:2742} INFO - Sync 1 DAGs
[2024-12-13T08:38:24.384+0000] {logging_mixin.py:150} INFO - [2024-12-13T08:38:24.384+0000] {dag.py:3504} INFO - Setting next_dagrun for example_complex to None, run_after=None
[2024-12-13T08:38:24.397+0000] {processor.py:179} INFO - Processing /home/vscode/.local/lib/python3.10/site-packages/airflow/example_dags/example_complex.py took 0.056 seconds
[2024-12-13T08:39:17.097+0000] {processor.py:157} INFO - Started process (PID=13964) to work on /home/vscode/.local/lib/python3.10/site-packages/airflow/example_dags/example_complex.py
[2024-12-13T08:39:17.098+0000] {processor.py:826} INFO - Processing file /home/vscode/.local/lib/python3.10/site-packages/airflow/example_dags/example_complex.py for tasks to queue
[2024-12-13T08:39:17.098+0000] {logging_mixin.py:150} INFO - [2024-12-13T08:39:17.098+0000] {dagbag.py:541} INFO - Filling up the DagBag from /home/vscode/.local/lib/python3.10/site-packages/airflow/example_dags/example_complex.py
[2024-12-13T08:39:17.106+0000] {processor.py:836} INFO - DAG(s) dict_keys(['example_complex']) retrieved from /home/vscode/.local/lib/python3.10/site-packages/airflow/example_dags/example_complex.py
[2024-12-13T08:39:17.123+0000] {logging_mixin.py:150} INFO - [2024-12-13T08:39:17.123+0000] {dag.py:2742} INFO - Sync 1 DAGs
[2024-12-13T08:39:17.137+0000] {logging_mixin.py:150} INFO - [2024-12-13T08:39:17.137+0000] {dag.py:3504} INFO - Setting next_dagrun for example_complex to None, run_after=None
[2024-12-13T08:39:17.151+0000] {processor.py:179} INFO - Processing /home/vscode/.local/lib/python3.10/site-packages/airflow/example_dags/example_complex.py took 0.056 seconds
[2024-12-13T08:40:10.350+0000] {processor.py:157} INFO - Started process (PID=14353) to work on /home/vscode/.local/lib/python3.10/site-packages/airflow/example_dags/example_complex.py
[2024-12-13T08:40:10.351+0000] {processor.py:826} INFO - Processing file /home/vscode/.local/lib/python3.10/site-packages/airflow/example_dags/example_complex.py for tasks to queue
[2024-12-13T08:40:10.352+0000] {logging_mixin.py:150} INFO - [2024-12-13T08:40:10.351+0000] {dagbag.py:541} INFO - Filling up the DagBag from /home/vscode/.local/lib/python3.10/site-packages/airflow/example_dags/example_complex.py
[2024-12-13T08:40:10.359+0000] {processor.py:836} INFO - DAG(s) dict_keys(['example_complex']) retrieved from /home/vscode/.local/lib/python3.10/site-packages/airflow/example_dags/example_complex.py
[2024-12-13T08:40:10.382+0000] {logging_mixin.py:150} INFO - [2024-12-13T08:40:10.381+0000] {dag.py:2742} INFO - Sync 1 DAGs
[2024-12-13T08:40:10.401+0000] {logging_mixin.py:150} INFO - [2024-12-13T08:40:10.400+0000] {dag.py:3504} INFO - Setting next_dagrun for example_complex to None, run_after=None
[2024-12-13T08:40:10.415+0000] {processor.py:179} INFO - Processing /home/vscode/.local/lib/python3.10/site-packages/airflow/example_dags/example_complex.py took 0.067 seconds
[2024-12-13T08:41:06.271+0000] {processor.py:157} INFO - Started process (PID=14745) to work on /home/vscode/.local/lib/python3.10/site-packages/airflow/example_dags/example_complex.py
[2024-12-13T08:41:06.271+0000] {processor.py:826} INFO - Processing file /home/vscode/.local/lib/python3.10/site-packages/airflow/example_dags/example_complex.py for tasks to queue
[2024-12-13T08:41:06.272+0000] {logging_mixin.py:150} INFO - [2024-12-13T08:41:06.272+0000] {dagbag.py:541} INFO - Filling up the DagBag from /home/vscode/.local/lib/python3.10/site-packages/airflow/example_dags/example_complex.py
[2024-12-13T08:41:06.285+0000] {processor.py:836} INFO - DAG(s) dict_keys(['example_complex']) retrieved from /home/vscode/.local/lib/python3.10/site-packages/airflow/example_dags/example_complex.py
[2024-12-13T08:41:06.308+0000] {logging_mixin.py:150} INFO - [2024-12-13T08:41:06.308+0000] {dag.py:2742} INFO - Sync 1 DAGs
[2024-12-13T08:41:06.322+0000] {logging_mixin.py:150} INFO - [2024-12-13T08:41:06.322+0000] {dag.py:3504} INFO - Setting next_dagrun for example_complex to None, run_after=None
[2024-12-13T08:41:06.337+0000] {processor.py:179} INFO - Processing /home/vscode/.local/lib/python3.10/site-packages/airflow/example_dags/example_complex.py took 0.068 seconds
[2024-12-13T08:41:57.609+0000] {processor.py:157} INFO - Started process (PID=15150) to work on /home/vscode/.local/lib/python3.10/site-packages/airflow/example_dags/example_complex.py
[2024-12-13T08:41:57.610+0000] {processor.py:826} INFO - Processing file /home/vscode/.local/lib/python3.10/site-packages/airflow/example_dags/example_complex.py for tasks to queue
[2024-12-13T08:41:57.611+0000] {logging_mixin.py:150} INFO - [2024-12-13T08:41:57.611+0000] {dagbag.py:541} INFO - Filling up the DagBag from /home/vscode/.local/lib/python3.10/site-packages/airflow/example_dags/example_complex.py
[2024-12-13T08:41:57.618+0000] {processor.py:836} INFO - DAG(s) dict_keys(['example_complex']) retrieved from /home/vscode/.local/lib/python3.10/site-packages/airflow/example_dags/example_complex.py
[2024-12-13T08:41:57.636+0000] {logging_mixin.py:150} INFO - [2024-12-13T08:41:57.635+0000] {dag.py:2742} INFO - Sync 1 DAGs
[2024-12-13T08:41:57.648+0000] {logging_mixin.py:150} INFO - [2024-12-13T08:41:57.648+0000] {dag.py:3504} INFO - Setting next_dagrun for example_complex to None, run_after=None
[2024-12-13T08:41:57.662+0000] {processor.py:179} INFO - Processing /home/vscode/.local/lib/python3.10/site-packages/airflow/example_dags/example_complex.py took 0.054 seconds
[2024-12-13T08:42:53.365+0000] {processor.py:157} INFO - Started process (PID=15537) to work on /home/vscode/.local/lib/python3.10/site-packages/airflow/example_dags/example_complex.py
[2024-12-13T08:42:53.366+0000] {processor.py:826} INFO - Processing file /home/vscode/.local/lib/python3.10/site-packages/airflow/example_dags/example_complex.py for tasks to queue
[2024-12-13T08:42:53.366+0000] {logging_mixin.py:150} INFO - [2024-12-13T08:42:53.366+0000] {dagbag.py:541} INFO - Filling up the DagBag from /home/vscode/.local/lib/python3.10/site-packages/airflow/example_dags/example_complex.py
[2024-12-13T08:42:53.374+0000] {processor.py:836} INFO - DAG(s) dict_keys(['example_complex']) retrieved from /home/vscode/.local/lib/python3.10/site-packages/airflow/example_dags/example_complex.py
[2024-12-13T08:42:53.391+0000] {logging_mixin.py:150} INFO - [2024-12-13T08:42:53.391+0000] {dag.py:2742} INFO - Sync 1 DAGs
[2024-12-13T08:42:53.404+0000] {logging_mixin.py:150} INFO - [2024-12-13T08:42:53.404+0000] {dag.py:3504} INFO - Setting next_dagrun for example_complex to None, run_after=None
[2024-12-13T08:42:53.418+0000] {processor.py:179} INFO - Processing /home/vscode/.local/lib/python3.10/site-packages/airflow/example_dags/example_complex.py took 0.055 seconds
[2024-12-13T08:43:51.146+0000] {processor.py:157} INFO - Started process (PID=15925) to work on /home/vscode/.local/lib/python3.10/site-packages/airflow/example_dags/example_complex.py
[2024-12-13T08:43:51.147+0000] {processor.py:826} INFO - Processing file /home/vscode/.local/lib/python3.10/site-packages/airflow/example_dags/example_complex.py for tasks to queue
[2024-12-13T08:43:51.147+0000] {logging_mixin.py:150} INFO - [2024-12-13T08:43:51.147+0000] {dagbag.py:541} INFO - Filling up the DagBag from /home/vscode/.local/lib/python3.10/site-packages/airflow/example_dags/example_complex.py
[2024-12-13T08:43:51.155+0000] {processor.py:836} INFO - DAG(s) dict_keys(['example_complex']) retrieved from /home/vscode/.local/lib/python3.10/site-packages/airflow/example_dags/example_complex.py
[2024-12-13T08:43:51.173+0000] {logging_mixin.py:150} INFO - [2024-12-13T08:43:51.172+0000] {dag.py:2742} INFO - Sync 1 DAGs
[2024-12-13T08:43:51.185+0000] {logging_mixin.py:150} INFO - [2024-12-13T08:43:51.185+0000] {dag.py:3504} INFO - Setting next_dagrun for example_complex to None, run_after=None
[2024-12-13T08:43:51.199+0000] {processor.py:179} INFO - Processing /home/vscode/.local/lib/python3.10/site-packages/airflow/example_dags/example_complex.py took 0.055 seconds
[2024-12-13T08:44:42.612+0000] {processor.py:157} INFO - Started process (PID=16287) to work on /home/vscode/.local/lib/python3.10/site-packages/airflow/example_dags/example_complex.py
[2024-12-13T08:44:42.612+0000] {processor.py:826} INFO - Processing file /home/vscode/.local/lib/python3.10/site-packages/airflow/example_dags/example_complex.py for tasks to queue
[2024-12-13T08:44:42.613+0000] {logging_mixin.py:150} INFO - [2024-12-13T08:44:42.613+0000] {dagbag.py:541} INFO - Filling up the DagBag from /home/vscode/.local/lib/python3.10/site-packages/airflow/example_dags/example_complex.py
[2024-12-13T08:44:42.620+0000] {processor.py:836} INFO - DAG(s) dict_keys(['example_complex']) retrieved from /home/vscode/.local/lib/python3.10/site-packages/airflow/example_dags/example_complex.py
[2024-12-13T08:44:42.638+0000] {logging_mixin.py:150} INFO - [2024-12-13T08:44:42.638+0000] {dag.py:2742} INFO - Sync 1 DAGs
[2024-12-13T08:44:42.651+0000] {logging_mixin.py:150} INFO - [2024-12-13T08:44:42.651+0000] {dag.py:3504} INFO - Setting next_dagrun for example_complex to None, run_after=None
[2024-12-13T08:44:42.664+0000] {processor.py:179} INFO - Processing /home/vscode/.local/lib/python3.10/site-packages/airflow/example_dags/example_complex.py took 0.055 seconds
[2024-12-13T08:45:38.077+0000] {processor.py:157} INFO - Started process (PID=16695) to work on /home/vscode/.local/lib/python3.10/site-packages/airflow/example_dags/example_complex.py
[2024-12-13T08:45:38.078+0000] {processor.py:826} INFO - Processing file /home/vscode/.local/lib/python3.10/site-packages/airflow/example_dags/example_complex.py for tasks to queue
[2024-12-13T08:45:38.079+0000] {logging_mixin.py:150} INFO - [2024-12-13T08:45:38.079+0000] {dagbag.py:541} INFO - Filling up the DagBag from /home/vscode/.local/lib/python3.10/site-packages/airflow/example_dags/example_complex.py
[2024-12-13T08:45:38.086+0000] {processor.py:836} INFO - DAG(s) dict_keys(['example_complex']) retrieved from /home/vscode/.local/lib/python3.10/site-packages/airflow/example_dags/example_complex.py
[2024-12-13T08:45:38.104+0000] {logging_mixin.py:150} INFO - [2024-12-13T08:45:38.104+0000] {dag.py:2742} INFO - Sync 1 DAGs
[2024-12-13T08:45:38.118+0000] {logging_mixin.py:150} INFO - [2024-12-13T08:45:38.118+0000] {dag.py:3504} INFO - Setting next_dagrun for example_complex to None, run_after=None
[2024-12-13T08:45:38.132+0000] {processor.py:179} INFO - Processing /home/vscode/.local/lib/python3.10/site-packages/airflow/example_dags/example_complex.py took 0.056 seconds
[2024-12-13T08:46:32.526+0000] {processor.py:157} INFO - Started process (PID=17065) to work on /home/vscode/.local/lib/python3.10/site-packages/airflow/example_dags/example_complex.py
[2024-12-13T08:46:32.527+0000] {processor.py:826} INFO - Processing file /home/vscode/.local/lib/python3.10/site-packages/airflow/example_dags/example_complex.py for tasks to queue
[2024-12-13T08:46:32.528+0000] {logging_mixin.py:150} INFO - [2024-12-13T08:46:32.527+0000] {dagbag.py:541} INFO - Filling up the DagBag from /home/vscode/.local/lib/python3.10/site-packages/airflow/example_dags/example_complex.py
[2024-12-13T08:46:32.535+0000] {processor.py:836} INFO - DAG(s) dict_keys(['example_complex']) retrieved from /home/vscode/.local/lib/python3.10/site-packages/airflow/example_dags/example_complex.py
[2024-12-13T08:46:32.553+0000] {logging_mixin.py:150} INFO - [2024-12-13T08:46:32.553+0000] {dag.py:2742} INFO - Sync 1 DAGs
[2024-12-13T08:46:32.567+0000] {logging_mixin.py:150} INFO - [2024-12-13T08:46:32.566+0000] {dag.py:3504} INFO - Setting next_dagrun for example_complex to None, run_after=None
[2024-12-13T08:46:32.580+0000] {processor.py:179} INFO - Processing /home/vscode/.local/lib/python3.10/site-packages/airflow/example_dags/example_complex.py took 0.056 seconds
[2024-12-13T08:47:28.619+0000] {processor.py:157} INFO - Started process (PID=17508) to work on /home/vscode/.local/lib/python3.10/site-packages/airflow/example_dags/example_complex.py
[2024-12-13T08:47:28.619+0000] {processor.py:826} INFO - Processing file /home/vscode/.local/lib/python3.10/site-packages/airflow/example_dags/example_complex.py for tasks to queue
[2024-12-13T08:47:28.620+0000] {logging_mixin.py:150} INFO - [2024-12-13T08:47:28.620+0000] {dagbag.py:541} INFO - Filling up the DagBag from /home/vscode/.local/lib/python3.10/site-packages/airflow/example_dags/example_complex.py
[2024-12-13T08:47:28.628+0000] {processor.py:836} INFO - DAG(s) dict_keys(['example_complex']) retrieved from /home/vscode/.local/lib/python3.10/site-packages/airflow/example_dags/example_complex.py
[2024-12-13T08:47:28.645+0000] {logging_mixin.py:150} INFO - [2024-12-13T08:47:28.645+0000] {dag.py:2742} INFO - Sync 1 DAGs
[2024-12-13T08:47:28.658+0000] {logging_mixin.py:150} INFO - [2024-12-13T08:47:28.658+0000] {dag.py:3504} INFO - Setting next_dagrun for example_complex to None, run_after=None
[2024-12-13T08:47:28.673+0000] {processor.py:179} INFO - Processing /home/vscode/.local/lib/python3.10/site-packages/airflow/example_dags/example_complex.py took 0.056 seconds
[2024-12-13T08:48:23.732+0000] {processor.py:157} INFO - Started process (PID=17882) to work on /home/vscode/.local/lib/python3.10/site-packages/airflow/example_dags/example_complex.py
[2024-12-13T08:48:23.732+0000] {processor.py:826} INFO - Processing file /home/vscode/.local/lib/python3.10/site-packages/airflow/example_dags/example_complex.py for tasks to queue
[2024-12-13T08:48:23.733+0000] {logging_mixin.py:150} INFO - [2024-12-13T08:48:23.733+0000] {dagbag.py:541} INFO - Filling up the DagBag from /home/vscode/.local/lib/python3.10/site-packages/airflow/example_dags/example_complex.py
[2024-12-13T08:48:23.740+0000] {processor.py:836} INFO - DAG(s) dict_keys(['example_complex']) retrieved from /home/vscode/.local/lib/python3.10/site-packages/airflow/example_dags/example_complex.py
[2024-12-13T08:48:23.758+0000] {logging_mixin.py:150} INFO - [2024-12-13T08:48:23.758+0000] {dag.py:2742} INFO - Sync 1 DAGs
[2024-12-13T08:48:23.771+0000] {logging_mixin.py:150} INFO - [2024-12-13T08:48:23.771+0000] {dag.py:3504} INFO - Setting next_dagrun for example_complex to None, run_after=None
[2024-12-13T08:48:23.785+0000] {processor.py:179} INFO - Processing /home/vscode/.local/lib/python3.10/site-packages/airflow/example_dags/example_complex.py took 0.055 seconds
[2024-12-13T08:49:15.209+0000] {processor.py:157} INFO - Started process (PID=18249) to work on /home/vscode/.local/lib/python3.10/site-packages/airflow/example_dags/example_complex.py
[2024-12-13T08:49:15.209+0000] {processor.py:826} INFO - Processing file /home/vscode/.local/lib/python3.10/site-packages/airflow/example_dags/example_complex.py for tasks to queue
[2024-12-13T08:49:15.210+0000] {logging_mixin.py:150} INFO - [2024-12-13T08:49:15.210+0000] {dagbag.py:541} INFO - Filling up the DagBag from /home/vscode/.local/lib/python3.10/site-packages/airflow/example_dags/example_complex.py
[2024-12-13T08:49:15.218+0000] {processor.py:836} INFO - DAG(s) dict_keys(['example_complex']) retrieved from /home/vscode/.local/lib/python3.10/site-packages/airflow/example_dags/example_complex.py
[2024-12-13T08:49:15.236+0000] {logging_mixin.py:150} INFO - [2024-12-13T08:49:15.236+0000] {dag.py:2742} INFO - Sync 1 DAGs
[2024-12-13T08:49:15.249+0000] {logging_mixin.py:150} INFO - [2024-12-13T08:49:15.249+0000] {dag.py:3504} INFO - Setting next_dagrun for example_complex to None, run_after=None
[2024-12-13T08:49:15.262+0000] {processor.py:179} INFO - Processing /home/vscode/.local/lib/python3.10/site-packages/airflow/example_dags/example_complex.py took 0.056 seconds
[2024-12-13T08:50:03.664+0000] {processor.py:157} INFO - Started process (PID=18579) to work on /home/vscode/.local/lib/python3.10/site-packages/airflow/example_dags/example_complex.py
[2024-12-13T08:50:03.664+0000] {processor.py:826} INFO - Processing file /home/vscode/.local/lib/python3.10/site-packages/airflow/example_dags/example_complex.py for tasks to queue
[2024-12-13T08:50:03.665+0000] {logging_mixin.py:150} INFO - [2024-12-13T08:50:03.665+0000] {dagbag.py:541} INFO - Filling up the DagBag from /home/vscode/.local/lib/python3.10/site-packages/airflow/example_dags/example_complex.py
[2024-12-13T08:50:03.672+0000] {processor.py:836} INFO - DAG(s) dict_keys(['example_complex']) retrieved from /home/vscode/.local/lib/python3.10/site-packages/airflow/example_dags/example_complex.py
[2024-12-13T08:50:03.690+0000] {logging_mixin.py:150} INFO - [2024-12-13T08:50:03.689+0000] {dag.py:2742} INFO - Sync 1 DAGs
[2024-12-13T08:50:03.702+0000] {logging_mixin.py:150} INFO - [2024-12-13T08:50:03.702+0000] {dag.py:3504} INFO - Setting next_dagrun for example_complex to None, run_after=None
[2024-12-13T08:50:03.716+0000] {processor.py:179} INFO - Processing /home/vscode/.local/lib/python3.10/site-packages/airflow/example_dags/example_complex.py took 0.055 seconds
[2024-12-13T08:50:52.845+0000] {processor.py:157} INFO - Started process (PID=18936) to work on /home/vscode/.local/lib/python3.10/site-packages/airflow/example_dags/example_complex.py
[2024-12-13T08:50:52.846+0000] {processor.py:826} INFO - Processing file /home/vscode/.local/lib/python3.10/site-packages/airflow/example_dags/example_complex.py for tasks to queue
[2024-12-13T08:50:52.847+0000] {logging_mixin.py:150} INFO - [2024-12-13T08:50:52.846+0000] {dagbag.py:541} INFO - Filling up the DagBag from /home/vscode/.local/lib/python3.10/site-packages/airflow/example_dags/example_complex.py
[2024-12-13T08:50:52.854+0000] {processor.py:836} INFO - DAG(s) dict_keys(['example_complex']) retrieved from /home/vscode/.local/lib/python3.10/site-packages/airflow/example_dags/example_complex.py
[2024-12-13T08:50:52.871+0000] {logging_mixin.py:150} INFO - [2024-12-13T08:50:52.871+0000] {dag.py:2742} INFO - Sync 1 DAGs
[2024-12-13T08:50:52.884+0000] {logging_mixin.py:150} INFO - [2024-12-13T08:50:52.884+0000] {dag.py:3504} INFO - Setting next_dagrun for example_complex to None, run_after=None
[2024-12-13T08:50:52.898+0000] {processor.py:179} INFO - Processing /home/vscode/.local/lib/python3.10/site-packages/airflow/example_dags/example_complex.py took 0.055 seconds
[2024-12-13T08:51:46.165+0000] {processor.py:157} INFO - Started process (PID=19303) to work on /home/vscode/.local/lib/python3.10/site-packages/airflow/example_dags/example_complex.py
[2024-12-13T08:51:46.165+0000] {processor.py:826} INFO - Processing file /home/vscode/.local/lib/python3.10/site-packages/airflow/example_dags/example_complex.py for tasks to queue
[2024-12-13T08:51:46.166+0000] {logging_mixin.py:150} INFO - [2024-12-13T08:51:46.166+0000] {dagbag.py:541} INFO - Filling up the DagBag from /home/vscode/.local/lib/python3.10/site-packages/airflow/example_dags/example_complex.py
[2024-12-13T08:51:46.174+0000] {processor.py:836} INFO - DAG(s) dict_keys(['example_complex']) retrieved from /home/vscode/.local/lib/python3.10/site-packages/airflow/example_dags/example_complex.py
[2024-12-13T08:51:46.192+0000] {logging_mixin.py:150} INFO - [2024-12-13T08:51:46.191+0000] {dag.py:2742} INFO - Sync 1 DAGs
[2024-12-13T08:51:46.206+0000] {logging_mixin.py:150} INFO - [2024-12-13T08:51:46.205+0000] {dag.py:3504} INFO - Setting next_dagrun for example_complex to None, run_after=None
[2024-12-13T08:51:46.219+0000] {processor.py:179} INFO - Processing /home/vscode/.local/lib/python3.10/site-packages/airflow/example_dags/example_complex.py took 0.057 seconds
[2024-12-13T08:52:39.088+0000] {processor.py:157} INFO - Started process (PID=19661) to work on /home/vscode/.local/lib/python3.10/site-packages/airflow/example_dags/example_complex.py
[2024-12-13T08:52:39.088+0000] {processor.py:826} INFO - Processing file /home/vscode/.local/lib/python3.10/site-packages/airflow/example_dags/example_complex.py for tasks to queue
[2024-12-13T08:52:39.089+0000] {logging_mixin.py:150} INFO - [2024-12-13T08:52:39.089+0000] {dagbag.py:541} INFO - Filling up the DagBag from /home/vscode/.local/lib/python3.10/site-packages/airflow/example_dags/example_complex.py
[2024-12-13T08:52:39.096+0000] {processor.py:836} INFO - DAG(s) dict_keys(['example_complex']) retrieved from /home/vscode/.local/lib/python3.10/site-packages/airflow/example_dags/example_complex.py
[2024-12-13T08:52:39.114+0000] {logging_mixin.py:150} INFO - [2024-12-13T08:52:39.114+0000] {dag.py:2742} INFO - Sync 1 DAGs
[2024-12-13T08:52:39.127+0000] {logging_mixin.py:150} INFO - [2024-12-13T08:52:39.127+0000] {dag.py:3504} INFO - Setting next_dagrun for example_complex to None, run_after=None
[2024-12-13T08:52:39.141+0000] {processor.py:179} INFO - Processing /home/vscode/.local/lib/python3.10/site-packages/airflow/example_dags/example_complex.py took 0.055 seconds
[2024-12-13T08:53:25.547+0000] {processor.py:157} INFO - Started process (PID=19984) to work on /home/vscode/.local/lib/python3.10/site-packages/airflow/example_dags/example_complex.py
[2024-12-13T08:53:25.548+0000] {processor.py:826} INFO - Processing file /home/vscode/.local/lib/python3.10/site-packages/airflow/example_dags/example_complex.py for tasks to queue
[2024-12-13T08:53:25.548+0000] {logging_mixin.py:150} INFO - [2024-12-13T08:53:25.548+0000] {dagbag.py:541} INFO - Filling up the DagBag from /home/vscode/.local/lib/python3.10/site-packages/airflow/example_dags/example_complex.py
[2024-12-13T08:53:25.556+0000] {processor.py:836} INFO - DAG(s) dict_keys(['example_complex']) retrieved from /home/vscode/.local/lib/python3.10/site-packages/airflow/example_dags/example_complex.py
[2024-12-13T08:53:25.574+0000] {logging_mixin.py:150} INFO - [2024-12-13T08:53:25.574+0000] {dag.py:2742} INFO - Sync 1 DAGs
[2024-12-13T08:53:25.589+0000] {logging_mixin.py:150} INFO - [2024-12-13T08:53:25.589+0000] {dag.py:3504} INFO - Setting next_dagrun for example_complex to None, run_after=None
[2024-12-13T08:53:25.602+0000] {processor.py:179} INFO - Processing /home/vscode/.local/lib/python3.10/site-packages/airflow/example_dags/example_complex.py took 0.058 seconds
[2024-12-13T08:54:15.860+0000] {processor.py:157} INFO - Started process (PID=20329) to work on /home/vscode/.local/lib/python3.10/site-packages/airflow/example_dags/example_complex.py
[2024-12-13T08:54:15.860+0000] {processor.py:826} INFO - Processing file /home/vscode/.local/lib/python3.10/site-packages/airflow/example_dags/example_complex.py for tasks to queue
[2024-12-13T08:54:15.861+0000] {logging_mixin.py:150} INFO - [2024-12-13T08:54:15.861+0000] {dagbag.py:541} INFO - Filling up the DagBag from /home/vscode/.local/lib/python3.10/site-packages/airflow/example_dags/example_complex.py
[2024-12-13T08:54:15.868+0000] {processor.py:836} INFO - DAG(s) dict_keys(['example_complex']) retrieved from /home/vscode/.local/lib/python3.10/site-packages/airflow/example_dags/example_complex.py
[2024-12-13T08:54:15.886+0000] {logging_mixin.py:150} INFO - [2024-12-13T08:54:15.886+0000] {dag.py:2742} INFO - Sync 1 DAGs
[2024-12-13T08:54:15.900+0000] {logging_mixin.py:150} INFO - [2024-12-13T08:54:15.899+0000] {dag.py:3504} INFO - Setting next_dagrun for example_complex to None, run_after=None
[2024-12-13T08:54:15.913+0000] {processor.py:179} INFO - Processing /home/vscode/.local/lib/python3.10/site-packages/airflow/example_dags/example_complex.py took 0.055 seconds
[2024-12-13T08:55:06.524+0000] {processor.py:157} INFO - Started process (PID=20682) to work on /home/vscode/.local/lib/python3.10/site-packages/airflow/example_dags/example_complex.py
[2024-12-13T08:55:06.525+0000] {processor.py:826} INFO - Processing file /home/vscode/.local/lib/python3.10/site-packages/airflow/example_dags/example_complex.py for tasks to queue
[2024-12-13T08:55:06.526+0000] {logging_mixin.py:150} INFO - [2024-12-13T08:55:06.525+0000] {dagbag.py:541} INFO - Filling up the DagBag from /home/vscode/.local/lib/python3.10/site-packages/airflow/example_dags/example_complex.py
[2024-12-13T08:55:06.537+0000] {processor.py:836} INFO - DAG(s) dict_keys(['example_complex']) retrieved from /home/vscode/.local/lib/python3.10/site-packages/airflow/example_dags/example_complex.py
[2024-12-13T08:55:06.558+0000] {logging_mixin.py:150} INFO - [2024-12-13T08:55:06.558+0000] {dag.py:2742} INFO - Sync 1 DAGs
[2024-12-13T08:55:06.572+0000] {logging_mixin.py:150} INFO - [2024-12-13T08:55:06.571+0000] {dag.py:3504} INFO - Setting next_dagrun for example_complex to None, run_after=None
[2024-12-13T08:55:06.585+0000] {processor.py:179} INFO - Processing /home/vscode/.local/lib/python3.10/site-packages/airflow/example_dags/example_complex.py took 0.064 seconds
[2024-12-13T08:56:00.686+0000] {processor.py:157} INFO - Started process (PID=21076) to work on /home/vscode/.local/lib/python3.10/site-packages/airflow/example_dags/example_complex.py
[2024-12-13T08:56:00.687+0000] {processor.py:826} INFO - Processing file /home/vscode/.local/lib/python3.10/site-packages/airflow/example_dags/example_complex.py for tasks to queue
[2024-12-13T08:56:00.687+0000] {logging_mixin.py:150} INFO - [2024-12-13T08:56:00.687+0000] {dagbag.py:541} INFO - Filling up the DagBag from /home/vscode/.local/lib/python3.10/site-packages/airflow/example_dags/example_complex.py
[2024-12-13T08:56:00.695+0000] {processor.py:836} INFO - DAG(s) dict_keys(['example_complex']) retrieved from /home/vscode/.local/lib/python3.10/site-packages/airflow/example_dags/example_complex.py
[2024-12-13T08:56:00.712+0000] {logging_mixin.py:150} INFO - [2024-12-13T08:56:00.712+0000] {dag.py:2742} INFO - Sync 1 DAGs
[2024-12-13T08:56:00.725+0000] {logging_mixin.py:150} INFO - [2024-12-13T08:56:00.725+0000] {dag.py:3504} INFO - Setting next_dagrun for example_complex to None, run_after=None
[2024-12-13T08:56:00.738+0000] {processor.py:179} INFO - Processing /home/vscode/.local/lib/python3.10/site-packages/airflow/example_dags/example_complex.py took 0.054 seconds
[2024-12-13T08:56:53.241+0000] {processor.py:157} INFO - Started process (PID=21428) to work on /home/vscode/.local/lib/python3.10/site-packages/airflow/example_dags/example_complex.py
[2024-12-13T08:56:53.242+0000] {processor.py:826} INFO - Processing file /home/vscode/.local/lib/python3.10/site-packages/airflow/example_dags/example_complex.py for tasks to queue
[2024-12-13T08:56:53.242+0000] {logging_mixin.py:150} INFO - [2024-12-13T08:56:53.242+0000] {dagbag.py:541} INFO - Filling up the DagBag from /home/vscode/.local/lib/python3.10/site-packages/airflow/example_dags/example_complex.py
[2024-12-13T08:56:53.250+0000] {processor.py:836} INFO - DAG(s) dict_keys(['example_complex']) retrieved from /home/vscode/.local/lib/python3.10/site-packages/airflow/example_dags/example_complex.py
[2024-12-13T08:56:53.267+0000] {logging_mixin.py:150} INFO - [2024-12-13T08:56:53.267+0000] {dag.py:2742} INFO - Sync 1 DAGs
[2024-12-13T08:56:53.281+0000] {logging_mixin.py:150} INFO - [2024-12-13T08:56:53.281+0000] {dag.py:3504} INFO - Setting next_dagrun for example_complex to None, run_after=None
[2024-12-13T08:56:53.294+0000] {processor.py:179} INFO - Processing /home/vscode/.local/lib/python3.10/site-packages/airflow/example_dags/example_complex.py took 0.055 seconds
[2024-12-13T08:57:43.488+0000] {processor.py:157} INFO - Started process (PID=21781) to work on /home/vscode/.local/lib/python3.10/site-packages/airflow/example_dags/example_complex.py
[2024-12-13T08:57:43.488+0000] {processor.py:826} INFO - Processing file /home/vscode/.local/lib/python3.10/site-packages/airflow/example_dags/example_complex.py for tasks to queue
[2024-12-13T08:57:43.489+0000] {logging_mixin.py:150} INFO - [2024-12-13T08:57:43.489+0000] {dagbag.py:541} INFO - Filling up the DagBag from /home/vscode/.local/lib/python3.10/site-packages/airflow/example_dags/example_complex.py
[2024-12-13T08:57:43.496+0000] {processor.py:836} INFO - DAG(s) dict_keys(['example_complex']) retrieved from /home/vscode/.local/lib/python3.10/site-packages/airflow/example_dags/example_complex.py
[2024-12-13T08:57:43.513+0000] {logging_mixin.py:150} INFO - [2024-12-13T08:57:43.513+0000] {dag.py:2742} INFO - Sync 1 DAGs
[2024-12-13T08:57:43.526+0000] {logging_mixin.py:150} INFO - [2024-12-13T08:57:43.526+0000] {dag.py:3504} INFO - Setting next_dagrun for example_complex to None, run_after=None
[2024-12-13T08:57:43.539+0000] {processor.py:179} INFO - Processing /home/vscode/.local/lib/python3.10/site-packages/airflow/example_dags/example_complex.py took 0.053 seconds
[2024-12-13T08:58:35.065+0000] {processor.py:157} INFO - Started process (PID=22127) to work on /home/vscode/.local/lib/python3.10/site-packages/airflow/example_dags/example_complex.py
[2024-12-13T08:58:35.066+0000] {processor.py:826} INFO - Processing file /home/vscode/.local/lib/python3.10/site-packages/airflow/example_dags/example_complex.py for tasks to queue
[2024-12-13T08:58:35.066+0000] {logging_mixin.py:150} INFO - [2024-12-13T08:58:35.066+0000] {dagbag.py:541} INFO - Filling up the DagBag from /home/vscode/.local/lib/python3.10/site-packages/airflow/example_dags/example_complex.py
[2024-12-13T08:58:35.074+0000] {processor.py:836} INFO - DAG(s) dict_keys(['example_complex']) retrieved from /home/vscode/.local/lib/python3.10/site-packages/airflow/example_dags/example_complex.py
[2024-12-13T08:58:35.092+0000] {logging_mixin.py:150} INFO - [2024-12-13T08:58:35.092+0000] {dag.py:2742} INFO - Sync 1 DAGs
[2024-12-13T08:58:35.105+0000] {logging_mixin.py:150} INFO - [2024-12-13T08:58:35.105+0000] {dag.py:3504} INFO - Setting next_dagrun for example_complex to None, run_after=None
[2024-12-13T08:58:35.118+0000] {processor.py:179} INFO - Processing /home/vscode/.local/lib/python3.10/site-packages/airflow/example_dags/example_complex.py took 0.055 seconds
[2024-12-13T08:59:27.171+0000] {processor.py:157} INFO - Started process (PID=22488) to work on /home/vscode/.local/lib/python3.10/site-packages/airflow/example_dags/example_complex.py
[2024-12-13T08:59:27.171+0000] {processor.py:826} INFO - Processing file /home/vscode/.local/lib/python3.10/site-packages/airflow/example_dags/example_complex.py for tasks to queue
[2024-12-13T08:59:27.172+0000] {logging_mixin.py:150} INFO - [2024-12-13T08:59:27.172+0000] {dagbag.py:541} INFO - Filling up the DagBag from /home/vscode/.local/lib/python3.10/site-packages/airflow/example_dags/example_complex.py
[2024-12-13T08:59:27.179+0000] {processor.py:836} INFO - DAG(s) dict_keys(['example_complex']) retrieved from /home/vscode/.local/lib/python3.10/site-packages/airflow/example_dags/example_complex.py
[2024-12-13T08:59:27.197+0000] {logging_mixin.py:150} INFO - [2024-12-13T08:59:27.197+0000] {dag.py:2742} INFO - Sync 1 DAGs
[2024-12-13T08:59:27.209+0000] {logging_mixin.py:150} INFO - [2024-12-13T08:59:27.209+0000] {dag.py:3504} INFO - Setting next_dagrun for example_complex to None, run_after=None
[2024-12-13T08:59:27.223+0000] {processor.py:179} INFO - Processing /home/vscode/.local/lib/python3.10/site-packages/airflow/example_dags/example_complex.py took 0.054 seconds
[2024-12-13T09:00:18.519+0000] {processor.py:157} INFO - Started process (PID=22857) to work on /home/vscode/.local/lib/python3.10/site-packages/airflow/example_dags/example_complex.py
[2024-12-13T09:00:18.519+0000] {processor.py:826} INFO - Processing file /home/vscode/.local/lib/python3.10/site-packages/airflow/example_dags/example_complex.py for tasks to queue
[2024-12-13T09:00:18.520+0000] {logging_mixin.py:150} INFO - [2024-12-13T09:00:18.520+0000] {dagbag.py:541} INFO - Filling up the DagBag from /home/vscode/.local/lib/python3.10/site-packages/airflow/example_dags/example_complex.py
[2024-12-13T09:00:18.527+0000] {processor.py:836} INFO - DAG(s) dict_keys(['example_complex']) retrieved from /home/vscode/.local/lib/python3.10/site-packages/airflow/example_dags/example_complex.py
[2024-12-13T09:00:18.545+0000] {logging_mixin.py:150} INFO - [2024-12-13T09:00:18.545+0000] {dag.py:2742} INFO - Sync 1 DAGs
[2024-12-13T09:00:18.559+0000] {logging_mixin.py:150} INFO - [2024-12-13T09:00:18.559+0000] {dag.py:3504} INFO - Setting next_dagrun for example_complex to None, run_after=None
[2024-12-13T09:00:18.573+0000] {processor.py:179} INFO - Processing /home/vscode/.local/lib/python3.10/site-packages/airflow/example_dags/example_complex.py took 0.057 seconds
[2024-12-13T09:01:12.310+0000] {processor.py:157} INFO - Started process (PID=23235) to work on /home/vscode/.local/lib/python3.10/site-packages/airflow/example_dags/example_complex.py
[2024-12-13T09:01:12.311+0000] {processor.py:826} INFO - Processing file /home/vscode/.local/lib/python3.10/site-packages/airflow/example_dags/example_complex.py for tasks to queue
[2024-12-13T09:01:12.312+0000] {logging_mixin.py:150} INFO - [2024-12-13T09:01:12.311+0000] {dagbag.py:541} INFO - Filling up the DagBag from /home/vscode/.local/lib/python3.10/site-packages/airflow/example_dags/example_complex.py
[2024-12-13T09:01:12.319+0000] {processor.py:836} INFO - DAG(s) dict_keys(['example_complex']) retrieved from /home/vscode/.local/lib/python3.10/site-packages/airflow/example_dags/example_complex.py
[2024-12-13T09:01:12.337+0000] {logging_mixin.py:150} INFO - [2024-12-13T09:01:12.337+0000] {dag.py:2742} INFO - Sync 1 DAGs
[2024-12-13T09:01:12.350+0000] {logging_mixin.py:150} INFO - [2024-12-13T09:01:12.350+0000] {dag.py:3504} INFO - Setting next_dagrun for example_complex to None, run_after=None
[2024-12-13T09:01:12.364+0000] {processor.py:179} INFO - Processing /home/vscode/.local/lib/python3.10/site-packages/airflow/example_dags/example_complex.py took 0.056 seconds
[2024-12-13T09:02:01.832+0000] {processor.py:157} INFO - Started process (PID=23572) to work on /home/vscode/.local/lib/python3.10/site-packages/airflow/example_dags/example_complex.py
[2024-12-13T09:02:01.833+0000] {processor.py:826} INFO - Processing file /home/vscode/.local/lib/python3.10/site-packages/airflow/example_dags/example_complex.py for tasks to queue
[2024-12-13T09:02:01.833+0000] {logging_mixin.py:150} INFO - [2024-12-13T09:02:01.833+0000] {dagbag.py:541} INFO - Filling up the DagBag from /home/vscode/.local/lib/python3.10/site-packages/airflow/example_dags/example_complex.py
[2024-12-13T09:02:01.841+0000] {processor.py:836} INFO - DAG(s) dict_keys(['example_complex']) retrieved from /home/vscode/.local/lib/python3.10/site-packages/airflow/example_dags/example_complex.py
[2024-12-13T09:02:01.859+0000] {logging_mixin.py:150} INFO - [2024-12-13T09:02:01.859+0000] {dag.py:2742} INFO - Sync 1 DAGs
[2024-12-13T09:02:01.872+0000] {logging_mixin.py:150} INFO - [2024-12-13T09:02:01.871+0000] {dag.py:3504} INFO - Setting next_dagrun for example_complex to None, run_after=None
[2024-12-13T09:02:01.884+0000] {processor.py:179} INFO - Processing /home/vscode/.local/lib/python3.10/site-packages/airflow/example_dags/example_complex.py took 0.055 seconds
[2024-12-13T09:02:52.492+0000] {processor.py:157} INFO - Started process (PID=23926) to work on /home/vscode/.local/lib/python3.10/site-packages/airflow/example_dags/example_complex.py
[2024-12-13T09:02:52.493+0000] {processor.py:826} INFO - Processing file /home/vscode/.local/lib/python3.10/site-packages/airflow/example_dags/example_complex.py for tasks to queue
[2024-12-13T09:02:52.494+0000] {logging_mixin.py:150} INFO - [2024-12-13T09:02:52.493+0000] {dagbag.py:541} INFO - Filling up the DagBag from /home/vscode/.local/lib/python3.10/site-packages/airflow/example_dags/example_complex.py
[2024-12-13T09:02:52.501+0000] {processor.py:836} INFO - DAG(s) dict_keys(['example_complex']) retrieved from /home/vscode/.local/lib/python3.10/site-packages/airflow/example_dags/example_complex.py
[2024-12-13T09:02:52.519+0000] {logging_mixin.py:150} INFO - [2024-12-13T09:02:52.519+0000] {dag.py:2742} INFO - Sync 1 DAGs
[2024-12-13T09:02:52.532+0000] {logging_mixin.py:150} INFO - [2024-12-13T09:02:52.532+0000] {dag.py:3504} INFO - Setting next_dagrun for example_complex to None, run_after=None
[2024-12-13T09:02:52.546+0000] {processor.py:179} INFO - Processing /home/vscode/.local/lib/python3.10/site-packages/airflow/example_dags/example_complex.py took 0.056 seconds
[2024-12-13T09:03:43.155+0000] {processor.py:157} INFO - Started process (PID=24272) to work on /home/vscode/.local/lib/python3.10/site-packages/airflow/example_dags/example_complex.py
[2024-12-13T09:03:43.155+0000] {processor.py:826} INFO - Processing file /home/vscode/.local/lib/python3.10/site-packages/airflow/example_dags/example_complex.py for tasks to queue
[2024-12-13T09:03:43.156+0000] {logging_mixin.py:150} INFO - [2024-12-13T09:03:43.156+0000] {dagbag.py:541} INFO - Filling up the DagBag from /home/vscode/.local/lib/python3.10/site-packages/airflow/example_dags/example_complex.py
[2024-12-13T09:03:43.163+0000] {processor.py:836} INFO - DAG(s) dict_keys(['example_complex']) retrieved from /home/vscode/.local/lib/python3.10/site-packages/airflow/example_dags/example_complex.py
[2024-12-13T09:03:43.181+0000] {logging_mixin.py:150} INFO - [2024-12-13T09:03:43.181+0000] {dag.py:2742} INFO - Sync 1 DAGs
[2024-12-13T09:03:43.194+0000] {logging_mixin.py:150} INFO - [2024-12-13T09:03:43.194+0000] {dag.py:3504} INFO - Setting next_dagrun for example_complex to None, run_after=None
[2024-12-13T09:03:43.208+0000] {processor.py:179} INFO - Processing /home/vscode/.local/lib/python3.10/site-packages/airflow/example_dags/example_complex.py took 0.055 seconds
[2024-12-13T09:04:33.775+0000] {processor.py:157} INFO - Started process (PID=24620) to work on /home/vscode/.local/lib/python3.10/site-packages/airflow/example_dags/example_complex.py
[2024-12-13T09:04:33.776+0000] {processor.py:826} INFO - Processing file /home/vscode/.local/lib/python3.10/site-packages/airflow/example_dags/example_complex.py for tasks to queue
[2024-12-13T09:04:33.777+0000] {logging_mixin.py:150} INFO - [2024-12-13T09:04:33.777+0000] {dagbag.py:541} INFO - Filling up the DagBag from /home/vscode/.local/lib/python3.10/site-packages/airflow/example_dags/example_complex.py
[2024-12-13T09:04:33.784+0000] {processor.py:836} INFO - DAG(s) dict_keys(['example_complex']) retrieved from /home/vscode/.local/lib/python3.10/site-packages/airflow/example_dags/example_complex.py
[2024-12-13T09:04:33.802+0000] {logging_mixin.py:150} INFO - [2024-12-13T09:04:33.802+0000] {dag.py:2742} INFO - Sync 1 DAGs
[2024-12-13T09:04:33.816+0000] {logging_mixin.py:150} INFO - [2024-12-13T09:04:33.816+0000] {dag.py:3504} INFO - Setting next_dagrun for example_complex to None, run_after=None
[2024-12-13T09:04:33.829+0000] {processor.py:179} INFO - Processing /home/vscode/.local/lib/python3.10/site-packages/airflow/example_dags/example_complex.py took 0.056 seconds
[2024-12-13T09:05:24.437+0000] {processor.py:157} INFO - Started process (PID=25005) to work on /home/vscode/.local/lib/python3.10/site-packages/airflow/example_dags/example_complex.py
[2024-12-13T09:05:24.438+0000] {processor.py:826} INFO - Processing file /home/vscode/.local/lib/python3.10/site-packages/airflow/example_dags/example_complex.py for tasks to queue
[2024-12-13T09:05:24.438+0000] {logging_mixin.py:150} INFO - [2024-12-13T09:05:24.438+0000] {dagbag.py:541} INFO - Filling up the DagBag from /home/vscode/.local/lib/python3.10/site-packages/airflow/example_dags/example_complex.py
[2024-12-13T09:05:24.446+0000] {processor.py:836} INFO - DAG(s) dict_keys(['example_complex']) retrieved from /home/vscode/.local/lib/python3.10/site-packages/airflow/example_dags/example_complex.py
[2024-12-13T09:05:24.464+0000] {logging_mixin.py:150} INFO - [2024-12-13T09:05:24.463+0000] {dag.py:2742} INFO - Sync 1 DAGs
[2024-12-13T09:05:24.476+0000] {logging_mixin.py:150} INFO - [2024-12-13T09:05:24.476+0000] {dag.py:3504} INFO - Setting next_dagrun for example_complex to None, run_after=None
[2024-12-13T09:05:24.489+0000] {processor.py:179} INFO - Processing /home/vscode/.local/lib/python3.10/site-packages/airflow/example_dags/example_complex.py took 0.054 seconds
[2024-12-13T09:06:16.747+0000] {processor.py:157} INFO - Started process (PID=25351) to work on /home/vscode/.local/lib/python3.10/site-packages/airflow/example_dags/example_complex.py
[2024-12-13T09:06:16.748+0000] {processor.py:826} INFO - Processing file /home/vscode/.local/lib/python3.10/site-packages/airflow/example_dags/example_complex.py for tasks to queue
[2024-12-13T09:06:16.748+0000] {logging_mixin.py:150} INFO - [2024-12-13T09:06:16.748+0000] {dagbag.py:541} INFO - Filling up the DagBag from /home/vscode/.local/lib/python3.10/site-packages/airflow/example_dags/example_complex.py
[2024-12-13T09:06:16.756+0000] {processor.py:836} INFO - DAG(s) dict_keys(['example_complex']) retrieved from /home/vscode/.local/lib/python3.10/site-packages/airflow/example_dags/example_complex.py
[2024-12-13T09:06:16.783+0000] {logging_mixin.py:150} INFO - [2024-12-13T09:06:16.783+0000] {dag.py:2742} INFO - Sync 1 DAGs
[2024-12-13T09:06:16.802+0000] {logging_mixin.py:150} INFO - [2024-12-13T09:06:16.801+0000] {dag.py:3504} INFO - Setting next_dagrun for example_complex to None, run_after=None
[2024-12-13T09:06:16.815+0000] {processor.py:179} INFO - Processing /home/vscode/.local/lib/python3.10/site-packages/airflow/example_dags/example_complex.py took 0.070 seconds
[2024-12-13T09:07:10.678+0000] {processor.py:157} INFO - Started process (PID=25720) to work on /home/vscode/.local/lib/python3.10/site-packages/airflow/example_dags/example_complex.py
[2024-12-13T09:07:10.679+0000] {processor.py:826} INFO - Processing file /home/vscode/.local/lib/python3.10/site-packages/airflow/example_dags/example_complex.py for tasks to queue
[2024-12-13T09:07:10.679+0000] {logging_mixin.py:150} INFO - [2024-12-13T09:07:10.679+0000] {dagbag.py:541} INFO - Filling up the DagBag from /home/vscode/.local/lib/python3.10/site-packages/airflow/example_dags/example_complex.py
[2024-12-13T09:07:10.687+0000] {processor.py:836} INFO - DAG(s) dict_keys(['example_complex']) retrieved from /home/vscode/.local/lib/python3.10/site-packages/airflow/example_dags/example_complex.py
[2024-12-13T09:07:10.704+0000] {logging_mixin.py:150} INFO - [2024-12-13T09:07:10.704+0000] {dag.py:2742} INFO - Sync 1 DAGs
[2024-12-13T09:07:10.717+0000] {logging_mixin.py:150} INFO - [2024-12-13T09:07:10.717+0000] {dag.py:3504} INFO - Setting next_dagrun for example_complex to None, run_after=None
[2024-12-13T09:07:10.731+0000] {processor.py:179} INFO - Processing /home/vscode/.local/lib/python3.10/site-packages/airflow/example_dags/example_complex.py took 0.055 seconds
[2024-12-13T09:07:59.582+0000] {processor.py:157} INFO - Started process (PID=26054) to work on /home/vscode/.local/lib/python3.10/site-packages/airflow/example_dags/example_complex.py
[2024-12-13T09:07:59.583+0000] {processor.py:826} INFO - Processing file /home/vscode/.local/lib/python3.10/site-packages/airflow/example_dags/example_complex.py for tasks to queue
[2024-12-13T09:07:59.584+0000] {logging_mixin.py:150} INFO - [2024-12-13T09:07:59.583+0000] {dagbag.py:541} INFO - Filling up the DagBag from /home/vscode/.local/lib/python3.10/site-packages/airflow/example_dags/example_complex.py
[2024-12-13T09:07:59.591+0000] {processor.py:836} INFO - DAG(s) dict_keys(['example_complex']) retrieved from /home/vscode/.local/lib/python3.10/site-packages/airflow/example_dags/example_complex.py
[2024-12-13T09:07:59.609+0000] {logging_mixin.py:150} INFO - [2024-12-13T09:07:59.609+0000] {dag.py:2742} INFO - Sync 1 DAGs
[2024-12-13T09:07:59.622+0000] {logging_mixin.py:150} INFO - [2024-12-13T09:07:59.622+0000] {dag.py:3504} INFO - Setting next_dagrun for example_complex to None, run_after=None
[2024-12-13T09:07:59.637+0000] {processor.py:179} INFO - Processing /home/vscode/.local/lib/python3.10/site-packages/airflow/example_dags/example_complex.py took 0.056 seconds
[2024-12-13T09:08:51.929+0000] {processor.py:157} INFO - Started process (PID=26415) to work on /home/vscode/.local/lib/python3.10/site-packages/airflow/example_dags/example_complex.py
[2024-12-13T09:08:51.930+0000] {processor.py:826} INFO - Processing file /home/vscode/.local/lib/python3.10/site-packages/airflow/example_dags/example_complex.py for tasks to queue
[2024-12-13T09:08:51.930+0000] {logging_mixin.py:150} INFO - [2024-12-13T09:08:51.930+0000] {dagbag.py:541} INFO - Filling up the DagBag from /home/vscode/.local/lib/python3.10/site-packages/airflow/example_dags/example_complex.py
[2024-12-13T09:08:51.938+0000] {processor.py:836} INFO - DAG(s) dict_keys(['example_complex']) retrieved from /home/vscode/.local/lib/python3.10/site-packages/airflow/example_dags/example_complex.py
[2024-12-13T09:08:51.956+0000] {logging_mixin.py:150} INFO - [2024-12-13T09:08:51.956+0000] {dag.py:2742} INFO - Sync 1 DAGs
[2024-12-13T09:08:51.969+0000] {logging_mixin.py:150} INFO - [2024-12-13T09:08:51.969+0000] {dag.py:3504} INFO - Setting next_dagrun for example_complex to None, run_after=None
[2024-12-13T09:08:51.982+0000] {processor.py:179} INFO - Processing /home/vscode/.local/lib/python3.10/site-packages/airflow/example_dags/example_complex.py took 0.055 seconds
[2024-12-13T09:09:40.811+0000] {processor.py:157} INFO - Started process (PID=26754) to work on /home/vscode/.local/lib/python3.10/site-packages/airflow/example_dags/example_complex.py
[2024-12-13T09:09:40.811+0000] {processor.py:826} INFO - Processing file /home/vscode/.local/lib/python3.10/site-packages/airflow/example_dags/example_complex.py for tasks to queue
[2024-12-13T09:09:40.812+0000] {logging_mixin.py:150} INFO - [2024-12-13T09:09:40.812+0000] {dagbag.py:541} INFO - Filling up the DagBag from /home/vscode/.local/lib/python3.10/site-packages/airflow/example_dags/example_complex.py
[2024-12-13T09:09:40.820+0000] {processor.py:836} INFO - DAG(s) dict_keys(['example_complex']) retrieved from /home/vscode/.local/lib/python3.10/site-packages/airflow/example_dags/example_complex.py
[2024-12-13T09:09:40.838+0000] {logging_mixin.py:150} INFO - [2024-12-13T09:09:40.838+0000] {dag.py:2742} INFO - Sync 1 DAGs
[2024-12-13T09:09:40.851+0000] {logging_mixin.py:150} INFO - [2024-12-13T09:09:40.851+0000] {dag.py:3504} INFO - Setting next_dagrun for example_complex to None, run_after=None
[2024-12-13T09:09:40.865+0000] {processor.py:179} INFO - Processing /home/vscode/.local/lib/python3.10/site-packages/airflow/example_dags/example_complex.py took 0.057 seconds
[2024-12-13T09:10:34.501+0000] {processor.py:157} INFO - Started process (PID=27152) to work on /home/vscode/.local/lib/python3.10/site-packages/airflow/example_dags/example_complex.py
[2024-12-13T09:10:34.502+0000] {processor.py:826} INFO - Processing file /home/vscode/.local/lib/python3.10/site-packages/airflow/example_dags/example_complex.py for tasks to queue
[2024-12-13T09:10:34.502+0000] {logging_mixin.py:150} INFO - [2024-12-13T09:10:34.502+0000] {dagbag.py:541} INFO - Filling up the DagBag from /home/vscode/.local/lib/python3.10/site-packages/airflow/example_dags/example_complex.py
[2024-12-13T09:10:34.511+0000] {processor.py:836} INFO - DAG(s) dict_keys(['example_complex']) retrieved from /home/vscode/.local/lib/python3.10/site-packages/airflow/example_dags/example_complex.py
[2024-12-13T09:10:34.530+0000] {logging_mixin.py:150} INFO - [2024-12-13T09:10:34.530+0000] {dag.py:2742} INFO - Sync 1 DAGs
[2024-12-13T09:10:34.544+0000] {logging_mixin.py:150} INFO - [2024-12-13T09:10:34.543+0000] {dag.py:3504} INFO - Setting next_dagrun for example_complex to None, run_after=None
[2024-12-13T09:10:34.557+0000] {processor.py:179} INFO - Processing /home/vscode/.local/lib/python3.10/site-packages/airflow/example_dags/example_complex.py took 0.059 seconds
[2024-12-13T09:11:26.753+0000] {processor.py:157} INFO - Started process (PID=27506) to work on /home/vscode/.local/lib/python3.10/site-packages/airflow/example_dags/example_complex.py
[2024-12-13T09:11:26.753+0000] {processor.py:826} INFO - Processing file /home/vscode/.local/lib/python3.10/site-packages/airflow/example_dags/example_complex.py for tasks to queue
[2024-12-13T09:11:26.754+0000] {logging_mixin.py:150} INFO - [2024-12-13T09:11:26.754+0000] {dagbag.py:541} INFO - Filling up the DagBag from /home/vscode/.local/lib/python3.10/site-packages/airflow/example_dags/example_complex.py
[2024-12-13T09:11:26.761+0000] {processor.py:836} INFO - DAG(s) dict_keys(['example_complex']) retrieved from /home/vscode/.local/lib/python3.10/site-packages/airflow/example_dags/example_complex.py
[2024-12-13T09:11:26.779+0000] {logging_mixin.py:150} INFO - [2024-12-13T09:11:26.779+0000] {dag.py:2742} INFO - Sync 1 DAGs
[2024-12-13T09:11:26.793+0000] {logging_mixin.py:150} INFO - [2024-12-13T09:11:26.793+0000] {dag.py:3504} INFO - Setting next_dagrun for example_complex to None, run_after=None
[2024-12-13T09:11:26.812+0000] {processor.py:179} INFO - Processing /home/vscode/.local/lib/python3.10/site-packages/airflow/example_dags/example_complex.py took 0.062 seconds
[2024-12-13T09:12:15.945+0000] {processor.py:157} INFO - Started process (PID=27847) to work on /home/vscode/.local/lib/python3.10/site-packages/airflow/example_dags/example_complex.py
[2024-12-13T09:12:15.946+0000] {processor.py:826} INFO - Processing file /home/vscode/.local/lib/python3.10/site-packages/airflow/example_dags/example_complex.py for tasks to queue
[2024-12-13T09:12:15.947+0000] {logging_mixin.py:150} INFO - [2024-12-13T09:12:15.947+0000] {dagbag.py:541} INFO - Filling up the DagBag from /home/vscode/.local/lib/python3.10/site-packages/airflow/example_dags/example_complex.py
[2024-12-13T09:12:15.954+0000] {processor.py:836} INFO - DAG(s) dict_keys(['example_complex']) retrieved from /home/vscode/.local/lib/python3.10/site-packages/airflow/example_dags/example_complex.py
[2024-12-13T09:12:15.982+0000] {logging_mixin.py:150} INFO - [2024-12-13T09:12:15.982+0000] {dag.py:2742} INFO - Sync 1 DAGs
[2024-12-13T09:12:16.002+0000] {logging_mixin.py:150} INFO - [2024-12-13T09:12:16.002+0000] {dag.py:3504} INFO - Setting next_dagrun for example_complex to None, run_after=None
[2024-12-13T09:12:16.031+0000] {processor.py:179} INFO - Processing /home/vscode/.local/lib/python3.10/site-packages/airflow/example_dags/example_complex.py took 0.088 seconds
[2024-12-13T09:13:08.554+0000] {processor.py:157} INFO - Started process (PID=28204) to work on /home/vscode/.local/lib/python3.10/site-packages/airflow/example_dags/example_complex.py
[2024-12-13T09:13:08.555+0000] {processor.py:826} INFO - Processing file /home/vscode/.local/lib/python3.10/site-packages/airflow/example_dags/example_complex.py for tasks to queue
[2024-12-13T09:13:08.556+0000] {logging_mixin.py:150} INFO - [2024-12-13T09:13:08.555+0000] {dagbag.py:541} INFO - Filling up the DagBag from /home/vscode/.local/lib/python3.10/site-packages/airflow/example_dags/example_complex.py
[2024-12-13T09:13:08.563+0000] {processor.py:836} INFO - DAG(s) dict_keys(['example_complex']) retrieved from /home/vscode/.local/lib/python3.10/site-packages/airflow/example_dags/example_complex.py
[2024-12-13T09:13:08.582+0000] {logging_mixin.py:150} INFO - [2024-12-13T09:13:08.582+0000] {dag.py:2742} INFO - Sync 1 DAGs
[2024-12-13T09:13:08.597+0000] {logging_mixin.py:150} INFO - [2024-12-13T09:13:08.597+0000] {dag.py:3504} INFO - Setting next_dagrun for example_complex to None, run_after=None
[2024-12-13T09:13:08.615+0000] {processor.py:179} INFO - Processing /home/vscode/.local/lib/python3.10/site-packages/airflow/example_dags/example_complex.py took 0.063 seconds
[2024-12-13T09:14:02.516+0000] {processor.py:157} INFO - Started process (PID=28578) to work on /home/vscode/.local/lib/python3.10/site-packages/airflow/example_dags/example_complex.py
[2024-12-13T09:14:02.517+0000] {processor.py:826} INFO - Processing file /home/vscode/.local/lib/python3.10/site-packages/airflow/example_dags/example_complex.py for tasks to queue
[2024-12-13T09:14:02.518+0000] {logging_mixin.py:150} INFO - [2024-12-13T09:14:02.517+0000] {dagbag.py:541} INFO - Filling up the DagBag from /home/vscode/.local/lib/python3.10/site-packages/airflow/example_dags/example_complex.py
[2024-12-13T09:14:02.525+0000] {processor.py:836} INFO - DAG(s) dict_keys(['example_complex']) retrieved from /home/vscode/.local/lib/python3.10/site-packages/airflow/example_dags/example_complex.py
[2024-12-13T09:14:02.545+0000] {logging_mixin.py:150} INFO - [2024-12-13T09:14:02.545+0000] {dag.py:2742} INFO - Sync 1 DAGs
[2024-12-13T09:14:02.559+0000] {logging_mixin.py:150} INFO - [2024-12-13T09:14:02.559+0000] {dag.py:3504} INFO - Setting next_dagrun for example_complex to None, run_after=None
[2024-12-13T09:14:02.574+0000] {processor.py:179} INFO - Processing /home/vscode/.local/lib/python3.10/site-packages/airflow/example_dags/example_complex.py took 0.060 seconds
[2024-12-13T09:14:48.634+0000] {processor.py:157} INFO - Started process (PID=28900) to work on /home/vscode/.local/lib/python3.10/site-packages/airflow/example_dags/example_complex.py
[2024-12-13T09:14:48.635+0000] {processor.py:826} INFO - Processing file /home/vscode/.local/lib/python3.10/site-packages/airflow/example_dags/example_complex.py for tasks to queue
[2024-12-13T09:14:48.635+0000] {logging_mixin.py:150} INFO - [2024-12-13T09:14:48.635+0000] {dagbag.py:541} INFO - Filling up the DagBag from /home/vscode/.local/lib/python3.10/site-packages/airflow/example_dags/example_complex.py
[2024-12-13T09:14:48.643+0000] {processor.py:836} INFO - DAG(s) dict_keys(['example_complex']) retrieved from /home/vscode/.local/lib/python3.10/site-packages/airflow/example_dags/example_complex.py
[2024-12-13T09:14:48.661+0000] {logging_mixin.py:150} INFO - [2024-12-13T09:14:48.661+0000] {dag.py:2742} INFO - Sync 1 DAGs
[2024-12-13T09:14:48.675+0000] {logging_mixin.py:150} INFO - [2024-12-13T09:14:48.674+0000] {dag.py:3504} INFO - Setting next_dagrun for example_complex to None, run_after=None
[2024-12-13T09:14:48.688+0000] {processor.py:179} INFO - Processing /home/vscode/.local/lib/python3.10/site-packages/airflow/example_dags/example_complex.py took 0.056 seconds
[2024-12-13T09:15:39.492+0000] {processor.py:157} INFO - Started process (PID=29273) to work on /home/vscode/.local/lib/python3.10/site-packages/airflow/example_dags/example_complex.py
[2024-12-13T09:15:39.493+0000] {processor.py:826} INFO - Processing file /home/vscode/.local/lib/python3.10/site-packages/airflow/example_dags/example_complex.py for tasks to queue
[2024-12-13T09:15:39.494+0000] {logging_mixin.py:150} INFO - [2024-12-13T09:15:39.493+0000] {dagbag.py:541} INFO - Filling up the DagBag from /home/vscode/.local/lib/python3.10/site-packages/airflow/example_dags/example_complex.py
[2024-12-13T09:15:39.506+0000] {processor.py:836} INFO - DAG(s) dict_keys(['example_complex']) retrieved from /home/vscode/.local/lib/python3.10/site-packages/airflow/example_dags/example_complex.py
[2024-12-13T09:15:39.535+0000] {logging_mixin.py:150} INFO - [2024-12-13T09:15:39.534+0000] {dag.py:2742} INFO - Sync 1 DAGs
[2024-12-13T09:15:39.556+0000] {logging_mixin.py:150} INFO - [2024-12-13T09:15:39.555+0000] {dag.py:3504} INFO - Setting next_dagrun for example_complex to None, run_after=None
[2024-12-13T09:15:39.572+0000] {processor.py:179} INFO - Processing /home/vscode/.local/lib/python3.10/site-packages/airflow/example_dags/example_complex.py took 0.083 seconds
[2024-12-13T09:16:32.475+0000] {processor.py:157} INFO - Started process (PID=29641) to work on /home/vscode/.local/lib/python3.10/site-packages/airflow/example_dags/example_complex.py
[2024-12-13T09:16:32.475+0000] {processor.py:826} INFO - Processing file /home/vscode/.local/lib/python3.10/site-packages/airflow/example_dags/example_complex.py for tasks to queue
[2024-12-13T09:16:32.476+0000] {logging_mixin.py:150} INFO - [2024-12-13T09:16:32.476+0000] {dagbag.py:541} INFO - Filling up the DagBag from /home/vscode/.local/lib/python3.10/site-packages/airflow/example_dags/example_complex.py
[2024-12-13T09:16:32.483+0000] {processor.py:836} INFO - DAG(s) dict_keys(['example_complex']) retrieved from /home/vscode/.local/lib/python3.10/site-packages/airflow/example_dags/example_complex.py
[2024-12-13T09:16:32.501+0000] {logging_mixin.py:150} INFO - [2024-12-13T09:16:32.501+0000] {dag.py:2742} INFO - Sync 1 DAGs
[2024-12-13T09:16:32.515+0000] {logging_mixin.py:150} INFO - [2024-12-13T09:16:32.515+0000] {dag.py:3504} INFO - Setting next_dagrun for example_complex to None, run_after=None
[2024-12-13T09:16:32.528+0000] {processor.py:179} INFO - Processing /home/vscode/.local/lib/python3.10/site-packages/airflow/example_dags/example_complex.py took 0.056 seconds
[2024-12-13T09:17:22.520+0000] {processor.py:157} INFO - Started process (PID=29984) to work on /home/vscode/.local/lib/python3.10/site-packages/airflow/example_dags/example_complex.py
[2024-12-13T09:17:22.521+0000] {processor.py:826} INFO - Processing file /home/vscode/.local/lib/python3.10/site-packages/airflow/example_dags/example_complex.py for tasks to queue
[2024-12-13T09:17:22.521+0000] {logging_mixin.py:150} INFO - [2024-12-13T09:17:22.521+0000] {dagbag.py:541} INFO - Filling up the DagBag from /home/vscode/.local/lib/python3.10/site-packages/airflow/example_dags/example_complex.py
[2024-12-13T09:17:22.529+0000] {processor.py:836} INFO - DAG(s) dict_keys(['example_complex']) retrieved from /home/vscode/.local/lib/python3.10/site-packages/airflow/example_dags/example_complex.py
[2024-12-13T09:17:22.547+0000] {logging_mixin.py:150} INFO - [2024-12-13T09:17:22.547+0000] {dag.py:2742} INFO - Sync 1 DAGs
[2024-12-13T09:17:22.560+0000] {logging_mixin.py:150} INFO - [2024-12-13T09:17:22.560+0000] {dag.py:3504} INFO - Setting next_dagrun for example_complex to None, run_after=None
[2024-12-13T09:17:22.574+0000] {processor.py:179} INFO - Processing /home/vscode/.local/lib/python3.10/site-packages/airflow/example_dags/example_complex.py took 0.056 seconds
[2024-12-13T09:18:16.555+0000] {processor.py:157} INFO - Started process (PID=30359) to work on /home/vscode/.local/lib/python3.10/site-packages/airflow/example_dags/example_complex.py
[2024-12-13T09:18:16.556+0000] {processor.py:826} INFO - Processing file /home/vscode/.local/lib/python3.10/site-packages/airflow/example_dags/example_complex.py for tasks to queue
[2024-12-13T09:18:16.557+0000] {logging_mixin.py:150} INFO - [2024-12-13T09:18:16.556+0000] {dagbag.py:541} INFO - Filling up the DagBag from /home/vscode/.local/lib/python3.10/site-packages/airflow/example_dags/example_complex.py
[2024-12-13T09:18:16.564+0000] {processor.py:836} INFO - DAG(s) dict_keys(['example_complex']) retrieved from /home/vscode/.local/lib/python3.10/site-packages/airflow/example_dags/example_complex.py
[2024-12-13T09:18:16.581+0000] {logging_mixin.py:150} INFO - [2024-12-13T09:18:16.581+0000] {dag.py:2742} INFO - Sync 1 DAGs
[2024-12-13T09:18:16.595+0000] {logging_mixin.py:150} INFO - [2024-12-13T09:18:16.595+0000] {dag.py:3504} INFO - Setting next_dagrun for example_complex to None, run_after=None
[2024-12-13T09:18:16.608+0000] {processor.py:179} INFO - Processing /home/vscode/.local/lib/python3.10/site-packages/airflow/example_dags/example_complex.py took 0.055 seconds
[2024-12-13T09:19:04.954+0000] {processor.py:157} INFO - Started process (PID=30686) to work on /home/vscode/.local/lib/python3.10/site-packages/airflow/example_dags/example_complex.py
[2024-12-13T09:19:04.955+0000] {processor.py:826} INFO - Processing file /home/vscode/.local/lib/python3.10/site-packages/airflow/example_dags/example_complex.py for tasks to queue
[2024-12-13T09:19:04.955+0000] {logging_mixin.py:150} INFO - [2024-12-13T09:19:04.955+0000] {dagbag.py:541} INFO - Filling up the DagBag from /home/vscode/.local/lib/python3.10/site-packages/airflow/example_dags/example_complex.py
[2024-12-13T09:19:04.963+0000] {processor.py:836} INFO - DAG(s) dict_keys(['example_complex']) retrieved from /home/vscode/.local/lib/python3.10/site-packages/airflow/example_dags/example_complex.py
[2024-12-13T09:19:04.981+0000] {logging_mixin.py:150} INFO - [2024-12-13T09:19:04.981+0000] {dag.py:2742} INFO - Sync 1 DAGs
[2024-12-13T09:19:04.994+0000] {logging_mixin.py:150} INFO - [2024-12-13T09:19:04.993+0000] {dag.py:3504} INFO - Setting next_dagrun for example_complex to None, run_after=None
[2024-12-13T09:19:05.007+0000] {processor.py:179} INFO - Processing /home/vscode/.local/lib/python3.10/site-packages/airflow/example_dags/example_complex.py took 0.055 seconds
[2024-12-13T09:19:53.721+0000] {processor.py:157} INFO - Started process (PID=31021) to work on /home/vscode/.local/lib/python3.10/site-packages/airflow/example_dags/example_complex.py
[2024-12-13T09:19:53.722+0000] {processor.py:826} INFO - Processing file /home/vscode/.local/lib/python3.10/site-packages/airflow/example_dags/example_complex.py for tasks to queue
[2024-12-13T09:19:53.722+0000] {logging_mixin.py:150} INFO - [2024-12-13T09:19:53.722+0000] {dagbag.py:541} INFO - Filling up the DagBag from /home/vscode/.local/lib/python3.10/site-packages/airflow/example_dags/example_complex.py
[2024-12-13T09:19:53.730+0000] {processor.py:836} INFO - DAG(s) dict_keys(['example_complex']) retrieved from /home/vscode/.local/lib/python3.10/site-packages/airflow/example_dags/example_complex.py
[2024-12-13T09:19:53.748+0000] {logging_mixin.py:150} INFO - [2024-12-13T09:19:53.748+0000] {dag.py:2742} INFO - Sync 1 DAGs
[2024-12-13T09:19:53.762+0000] {logging_mixin.py:150} INFO - [2024-12-13T09:19:53.762+0000] {dag.py:3504} INFO - Setting next_dagrun for example_complex to None, run_after=None
[2024-12-13T09:19:53.776+0000] {processor.py:179} INFO - Processing /home/vscode/.local/lib/python3.10/site-packages/airflow/example_dags/example_complex.py took 0.057 seconds
[2024-12-13T09:20:42.735+0000] {processor.py:157} INFO - Started process (PID=31384) to work on /home/vscode/.local/lib/python3.10/site-packages/airflow/example_dags/example_complex.py
[2024-12-13T09:20:42.736+0000] {processor.py:826} INFO - Processing file /home/vscode/.local/lib/python3.10/site-packages/airflow/example_dags/example_complex.py for tasks to queue
[2024-12-13T09:20:42.736+0000] {logging_mixin.py:150} INFO - [2024-12-13T09:20:42.736+0000] {dagbag.py:541} INFO - Filling up the DagBag from /home/vscode/.local/lib/python3.10/site-packages/airflow/example_dags/example_complex.py
[2024-12-13T09:20:42.744+0000] {processor.py:836} INFO - DAG(s) dict_keys(['example_complex']) retrieved from /home/vscode/.local/lib/python3.10/site-packages/airflow/example_dags/example_complex.py
[2024-12-13T09:20:42.763+0000] {logging_mixin.py:150} INFO - [2024-12-13T09:20:42.762+0000] {dag.py:2742} INFO - Sync 1 DAGs
[2024-12-13T09:20:42.777+0000] {logging_mixin.py:150} INFO - [2024-12-13T09:20:42.777+0000] {dag.py:3504} INFO - Setting next_dagrun for example_complex to None, run_after=None
[2024-12-13T09:20:42.791+0000] {processor.py:179} INFO - Processing /home/vscode/.local/lib/python3.10/site-packages/airflow/example_dags/example_complex.py took 0.058 seconds
[2024-12-13T09:21:36.438+0000] {processor.py:157} INFO - Started process (PID=31746) to work on /home/vscode/.local/lib/python3.10/site-packages/airflow/example_dags/example_complex.py
[2024-12-13T09:21:36.438+0000] {processor.py:826} INFO - Processing file /home/vscode/.local/lib/python3.10/site-packages/airflow/example_dags/example_complex.py for tasks to queue
[2024-12-13T09:21:36.439+0000] {logging_mixin.py:150} INFO - [2024-12-13T09:21:36.439+0000] {dagbag.py:541} INFO - Filling up the DagBag from /home/vscode/.local/lib/python3.10/site-packages/airflow/example_dags/example_complex.py
[2024-12-13T09:21:36.446+0000] {processor.py:836} INFO - DAG(s) dict_keys(['example_complex']) retrieved from /home/vscode/.local/lib/python3.10/site-packages/airflow/example_dags/example_complex.py
[2024-12-13T09:21:36.464+0000] {logging_mixin.py:150} INFO - [2024-12-13T09:21:36.464+0000] {dag.py:2742} INFO - Sync 1 DAGs
[2024-12-13T09:21:36.477+0000] {logging_mixin.py:150} INFO - [2024-12-13T09:21:36.477+0000] {dag.py:3504} INFO - Setting next_dagrun for example_complex to None, run_after=None
[2024-12-13T09:21:36.490+0000] {processor.py:179} INFO - Processing /home/vscode/.local/lib/python3.10/site-packages/airflow/example_dags/example_complex.py took 0.055 seconds
[2024-12-13T09:22:27.471+0000] {processor.py:157} INFO - Started process (PID=32092) to work on /home/vscode/.local/lib/python3.10/site-packages/airflow/example_dags/example_complex.py
[2024-12-13T09:22:27.472+0000] {processor.py:826} INFO - Processing file /home/vscode/.local/lib/python3.10/site-packages/airflow/example_dags/example_complex.py for tasks to queue
[2024-12-13T09:22:27.472+0000] {logging_mixin.py:150} INFO - [2024-12-13T09:22:27.472+0000] {dagbag.py:541} INFO - Filling up the DagBag from /home/vscode/.local/lib/python3.10/site-packages/airflow/example_dags/example_complex.py
[2024-12-13T09:22:27.480+0000] {processor.py:836} INFO - DAG(s) dict_keys(['example_complex']) retrieved from /home/vscode/.local/lib/python3.10/site-packages/airflow/example_dags/example_complex.py
[2024-12-13T09:22:27.498+0000] {logging_mixin.py:150} INFO - [2024-12-13T09:22:27.497+0000] {dag.py:2742} INFO - Sync 1 DAGs
[2024-12-13T09:22:27.511+0000] {logging_mixin.py:150} INFO - [2024-12-13T09:22:27.510+0000] {dag.py:3504} INFO - Setting next_dagrun for example_complex to None, run_after=None
[2024-12-13T09:22:27.524+0000] {processor.py:179} INFO - Processing /home/vscode/.local/lib/python3.10/site-packages/airflow/example_dags/example_complex.py took 0.055 seconds
[2024-12-13T09:23:21.499+0000] {processor.py:157} INFO - Started process (PID=32468) to work on /home/vscode/.local/lib/python3.10/site-packages/airflow/example_dags/example_complex.py
[2024-12-13T09:23:21.500+0000] {processor.py:826} INFO - Processing file /home/vscode/.local/lib/python3.10/site-packages/airflow/example_dags/example_complex.py for tasks to queue
[2024-12-13T09:23:21.501+0000] {logging_mixin.py:150} INFO - [2024-12-13T09:23:21.500+0000] {dagbag.py:541} INFO - Filling up the DagBag from /home/vscode/.local/lib/python3.10/site-packages/airflow/example_dags/example_complex.py
[2024-12-13T09:23:21.508+0000] {processor.py:836} INFO - DAG(s) dict_keys(['example_complex']) retrieved from /home/vscode/.local/lib/python3.10/site-packages/airflow/example_dags/example_complex.py
[2024-12-13T09:23:21.527+0000] {logging_mixin.py:150} INFO - [2024-12-13T09:23:21.527+0000] {dag.py:2742} INFO - Sync 1 DAGs
[2024-12-13T09:23:21.542+0000] {logging_mixin.py:150} INFO - [2024-12-13T09:23:21.542+0000] {dag.py:3504} INFO - Setting next_dagrun for example_complex to None, run_after=None
[2024-12-13T09:23:21.560+0000] {processor.py:179} INFO - Processing /home/vscode/.local/lib/python3.10/site-packages/airflow/example_dags/example_complex.py took 0.062 seconds
[2024-12-13T09:24:16.383+0000] {processor.py:157} INFO - Started process (PID=32846) to work on /home/vscode/.local/lib/python3.10/site-packages/airflow/example_dags/example_complex.py
[2024-12-13T09:24:16.384+0000] {processor.py:826} INFO - Processing file /home/vscode/.local/lib/python3.10/site-packages/airflow/example_dags/example_complex.py for tasks to queue
[2024-12-13T09:24:16.384+0000] {logging_mixin.py:150} INFO - [2024-12-13T09:24:16.384+0000] {dagbag.py:541} INFO - Filling up the DagBag from /home/vscode/.local/lib/python3.10/site-packages/airflow/example_dags/example_complex.py
[2024-12-13T09:24:16.392+0000] {processor.py:836} INFO - DAG(s) dict_keys(['example_complex']) retrieved from /home/vscode/.local/lib/python3.10/site-packages/airflow/example_dags/example_complex.py
[2024-12-13T09:24:16.409+0000] {logging_mixin.py:150} INFO - [2024-12-13T09:24:16.409+0000] {dag.py:2742} INFO - Sync 1 DAGs
[2024-12-13T09:24:16.423+0000] {logging_mixin.py:150} INFO - [2024-12-13T09:24:16.422+0000] {dag.py:3504} INFO - Setting next_dagrun for example_complex to None, run_after=None
[2024-12-13T09:24:16.436+0000] {processor.py:179} INFO - Processing /home/vscode/.local/lib/python3.10/site-packages/airflow/example_dags/example_complex.py took 0.055 seconds
[2024-12-13T09:25:06.315+0000] {processor.py:157} INFO - Started process (PID=33192) to work on /home/vscode/.local/lib/python3.10/site-packages/airflow/example_dags/example_complex.py
[2024-12-13T09:25:06.315+0000] {processor.py:826} INFO - Processing file /home/vscode/.local/lib/python3.10/site-packages/airflow/example_dags/example_complex.py for tasks to queue
[2024-12-13T09:25:06.316+0000] {logging_mixin.py:150} INFO - [2024-12-13T09:25:06.316+0000] {dagbag.py:541} INFO - Filling up the DagBag from /home/vscode/.local/lib/python3.10/site-packages/airflow/example_dags/example_complex.py
[2024-12-13T09:25:06.323+0000] {processor.py:836} INFO - DAG(s) dict_keys(['example_complex']) retrieved from /home/vscode/.local/lib/python3.10/site-packages/airflow/example_dags/example_complex.py
[2024-12-13T09:25:06.342+0000] {logging_mixin.py:150} INFO - [2024-12-13T09:25:06.342+0000] {dag.py:2742} INFO - Sync 1 DAGs
[2024-12-13T09:25:06.357+0000] {logging_mixin.py:150} INFO - [2024-12-13T09:25:06.357+0000] {dag.py:3504} INFO - Setting next_dagrun for example_complex to None, run_after=None
[2024-12-13T09:25:06.371+0000] {processor.py:179} INFO - Processing /home/vscode/.local/lib/python3.10/site-packages/airflow/example_dags/example_complex.py took 0.058 seconds
[2024-12-13T09:25:53.831+0000] {processor.py:157} INFO - Started process (PID=33540) to work on /home/vscode/.local/lib/python3.10/site-packages/airflow/example_dags/example_complex.py
[2024-12-13T09:25:53.831+0000] {processor.py:826} INFO - Processing file /home/vscode/.local/lib/python3.10/site-packages/airflow/example_dags/example_complex.py for tasks to queue
[2024-12-13T09:25:53.832+0000] {logging_mixin.py:150} INFO - [2024-12-13T09:25:53.832+0000] {dagbag.py:541} INFO - Filling up the DagBag from /home/vscode/.local/lib/python3.10/site-packages/airflow/example_dags/example_complex.py
[2024-12-13T09:25:53.840+0000] {processor.py:836} INFO - DAG(s) dict_keys(['example_complex']) retrieved from /home/vscode/.local/lib/python3.10/site-packages/airflow/example_dags/example_complex.py
[2024-12-13T09:25:53.857+0000] {logging_mixin.py:150} INFO - [2024-12-13T09:25:53.857+0000] {dag.py:2742} INFO - Sync 1 DAGs
[2024-12-13T09:25:53.871+0000] {logging_mixin.py:150} INFO - [2024-12-13T09:25:53.871+0000] {dag.py:3504} INFO - Setting next_dagrun for example_complex to None, run_after=None
[2024-12-13T09:25:53.884+0000] {processor.py:179} INFO - Processing /home/vscode/.local/lib/python3.10/site-packages/airflow/example_dags/example_complex.py took 0.055 seconds
[2024-12-13T09:26:44.071+0000] {processor.py:157} INFO - Started process (PID=33889) to work on /home/vscode/.local/lib/python3.10/site-packages/airflow/example_dags/example_complex.py
[2024-12-13T09:26:44.072+0000] {processor.py:826} INFO - Processing file /home/vscode/.local/lib/python3.10/site-packages/airflow/example_dags/example_complex.py for tasks to queue
[2024-12-13T09:26:44.073+0000] {logging_mixin.py:150} INFO - [2024-12-13T09:26:44.072+0000] {dagbag.py:541} INFO - Filling up the DagBag from /home/vscode/.local/lib/python3.10/site-packages/airflow/example_dags/example_complex.py
[2024-12-13T09:26:44.080+0000] {processor.py:836} INFO - DAG(s) dict_keys(['example_complex']) retrieved from /home/vscode/.local/lib/python3.10/site-packages/airflow/example_dags/example_complex.py
[2024-12-13T09:26:44.099+0000] {logging_mixin.py:150} INFO - [2024-12-13T09:26:44.098+0000] {dag.py:2742} INFO - Sync 1 DAGs
[2024-12-13T09:26:44.112+0000] {logging_mixin.py:150} INFO - [2024-12-13T09:26:44.112+0000] {dag.py:3504} INFO - Setting next_dagrun for example_complex to None, run_after=None
[2024-12-13T09:26:44.126+0000] {processor.py:179} INFO - Processing /home/vscode/.local/lib/python3.10/site-packages/airflow/example_dags/example_complex.py took 0.057 seconds
[2024-12-13T09:27:34.291+0000] {processor.py:157} INFO - Started process (PID=34229) to work on /home/vscode/.local/lib/python3.10/site-packages/airflow/example_dags/example_complex.py
[2024-12-13T09:27:34.292+0000] {processor.py:826} INFO - Processing file /home/vscode/.local/lib/python3.10/site-packages/airflow/example_dags/example_complex.py for tasks to queue
[2024-12-13T09:27:34.293+0000] {logging_mixin.py:150} INFO - [2024-12-13T09:27:34.292+0000] {dagbag.py:541} INFO - Filling up the DagBag from /home/vscode/.local/lib/python3.10/site-packages/airflow/example_dags/example_complex.py
[2024-12-13T09:27:34.300+0000] {processor.py:836} INFO - DAG(s) dict_keys(['example_complex']) retrieved from /home/vscode/.local/lib/python3.10/site-packages/airflow/example_dags/example_complex.py
[2024-12-13T09:27:34.318+0000] {logging_mixin.py:150} INFO - [2024-12-13T09:27:34.318+0000] {dag.py:2742} INFO - Sync 1 DAGs
[2024-12-13T09:27:34.331+0000] {logging_mixin.py:150} INFO - [2024-12-13T09:27:34.331+0000] {dag.py:3504} INFO - Setting next_dagrun for example_complex to None, run_after=None
[2024-12-13T09:27:34.344+0000] {processor.py:179} INFO - Processing /home/vscode/.local/lib/python3.10/site-packages/airflow/example_dags/example_complex.py took 0.055 seconds
[2024-12-13T09:28:26.768+0000] {processor.py:157} INFO - Started process (PID=34587) to work on /home/vscode/.local/lib/python3.10/site-packages/airflow/example_dags/example_complex.py
[2024-12-13T09:28:26.769+0000] {processor.py:826} INFO - Processing file /home/vscode/.local/lib/python3.10/site-packages/airflow/example_dags/example_complex.py for tasks to queue
[2024-12-13T09:28:26.770+0000] {logging_mixin.py:150} INFO - [2024-12-13T09:28:26.769+0000] {dagbag.py:541} INFO - Filling up the DagBag from /home/vscode/.local/lib/python3.10/site-packages/airflow/example_dags/example_complex.py
[2024-12-13T09:28:26.777+0000] {processor.py:836} INFO - DAG(s) dict_keys(['example_complex']) retrieved from /home/vscode/.local/lib/python3.10/site-packages/airflow/example_dags/example_complex.py
[2024-12-13T09:28:26.795+0000] {logging_mixin.py:150} INFO - [2024-12-13T09:28:26.795+0000] {dag.py:2742} INFO - Sync 1 DAGs
[2024-12-13T09:28:26.808+0000] {logging_mixin.py:150} INFO - [2024-12-13T09:28:26.808+0000] {dag.py:3504} INFO - Setting next_dagrun for example_complex to None, run_after=None
[2024-12-13T09:28:26.822+0000] {processor.py:179} INFO - Processing /home/vscode/.local/lib/python3.10/site-packages/airflow/example_dags/example_complex.py took 0.056 seconds
[2024-12-13T09:29:23.513+0000] {processor.py:157} INFO - Started process (PID=34972) to work on /home/vscode/.local/lib/python3.10/site-packages/airflow/example_dags/example_complex.py
[2024-12-13T09:29:23.514+0000] {processor.py:826} INFO - Processing file /home/vscode/.local/lib/python3.10/site-packages/airflow/example_dags/example_complex.py for tasks to queue
[2024-12-13T09:29:23.514+0000] {logging_mixin.py:150} INFO - [2024-12-13T09:29:23.514+0000] {dagbag.py:541} INFO - Filling up the DagBag from /home/vscode/.local/lib/python3.10/site-packages/airflow/example_dags/example_complex.py
[2024-12-13T09:29:23.522+0000] {processor.py:836} INFO - DAG(s) dict_keys(['example_complex']) retrieved from /home/vscode/.local/lib/python3.10/site-packages/airflow/example_dags/example_complex.py
[2024-12-13T09:29:23.540+0000] {logging_mixin.py:150} INFO - [2024-12-13T09:29:23.540+0000] {dag.py:2742} INFO - Sync 1 DAGs
[2024-12-13T09:29:23.553+0000] {logging_mixin.py:150} INFO - [2024-12-13T09:29:23.553+0000] {dag.py:3504} INFO - Setting next_dagrun for example_complex to None, run_after=None
[2024-12-13T09:29:23.567+0000] {processor.py:179} INFO - Processing /home/vscode/.local/lib/python3.10/site-packages/airflow/example_dags/example_complex.py took 0.056 seconds
[2024-12-13T09:30:14.276+0000] {processor.py:157} INFO - Started process (PID=35354) to work on /home/vscode/.local/lib/python3.10/site-packages/airflow/example_dags/example_complex.py
[2024-12-13T09:30:14.277+0000] {processor.py:826} INFO - Processing file /home/vscode/.local/lib/python3.10/site-packages/airflow/example_dags/example_complex.py for tasks to queue
[2024-12-13T09:30:14.277+0000] {logging_mixin.py:150} INFO - [2024-12-13T09:30:14.277+0000] {dagbag.py:541} INFO - Filling up the DagBag from /home/vscode/.local/lib/python3.10/site-packages/airflow/example_dags/example_complex.py
[2024-12-13T09:30:14.285+0000] {processor.py:836} INFO - DAG(s) dict_keys(['example_complex']) retrieved from /home/vscode/.local/lib/python3.10/site-packages/airflow/example_dags/example_complex.py
[2024-12-13T09:30:14.302+0000] {logging_mixin.py:150} INFO - [2024-12-13T09:30:14.302+0000] {dag.py:2742} INFO - Sync 1 DAGs
[2024-12-13T09:30:14.316+0000] {logging_mixin.py:150} INFO - [2024-12-13T09:30:14.316+0000] {dag.py:3504} INFO - Setting next_dagrun for example_complex to None, run_after=None
[2024-12-13T09:30:14.329+0000] {processor.py:179} INFO - Processing /home/vscode/.local/lib/python3.10/site-packages/airflow/example_dags/example_complex.py took 0.056 seconds
[2024-12-13T09:31:06.172+0000] {processor.py:157} INFO - Started process (PID=35699) to work on /home/vscode/.local/lib/python3.10/site-packages/airflow/example_dags/example_complex.py
[2024-12-13T09:31:06.172+0000] {processor.py:826} INFO - Processing file /home/vscode/.local/lib/python3.10/site-packages/airflow/example_dags/example_complex.py for tasks to queue
[2024-12-13T09:31:06.173+0000] {logging_mixin.py:150} INFO - [2024-12-13T09:31:06.173+0000] {dagbag.py:541} INFO - Filling up the DagBag from /home/vscode/.local/lib/python3.10/site-packages/airflow/example_dags/example_complex.py
[2024-12-13T09:31:06.184+0000] {processor.py:836} INFO - DAG(s) dict_keys(['example_complex']) retrieved from /home/vscode/.local/lib/python3.10/site-packages/airflow/example_dags/example_complex.py
[2024-12-13T09:31:06.203+0000] {logging_mixin.py:150} INFO - [2024-12-13T09:31:06.203+0000] {dag.py:2742} INFO - Sync 1 DAGs
[2024-12-13T09:31:06.216+0000] {logging_mixin.py:150} INFO - [2024-12-13T09:31:06.216+0000] {dag.py:3504} INFO - Setting next_dagrun for example_complex to None, run_after=None
[2024-12-13T09:31:06.230+0000] {processor.py:179} INFO - Processing /home/vscode/.local/lib/python3.10/site-packages/airflow/example_dags/example_complex.py took 0.061 seconds
[2024-12-13T09:31:59.262+0000] {processor.py:157} INFO - Started process (PID=36067) to work on /home/vscode/.local/lib/python3.10/site-packages/airflow/example_dags/example_complex.py
[2024-12-13T09:31:59.263+0000] {processor.py:826} INFO - Processing file /home/vscode/.local/lib/python3.10/site-packages/airflow/example_dags/example_complex.py for tasks to queue
[2024-12-13T09:31:59.263+0000] {logging_mixin.py:150} INFO - [2024-12-13T09:31:59.263+0000] {dagbag.py:541} INFO - Filling up the DagBag from /home/vscode/.local/lib/python3.10/site-packages/airflow/example_dags/example_complex.py
[2024-12-13T09:31:59.271+0000] {processor.py:836} INFO - DAG(s) dict_keys(['example_complex']) retrieved from /home/vscode/.local/lib/python3.10/site-packages/airflow/example_dags/example_complex.py
[2024-12-13T09:31:59.291+0000] {logging_mixin.py:150} INFO - [2024-12-13T09:31:59.290+0000] {dag.py:2742} INFO - Sync 1 DAGs
[2024-12-13T09:31:59.307+0000] {logging_mixin.py:150} INFO - [2024-12-13T09:31:59.307+0000] {dag.py:3504} INFO - Setting next_dagrun for example_complex to None, run_after=None
[2024-12-13T09:31:59.320+0000] {processor.py:179} INFO - Processing /home/vscode/.local/lib/python3.10/site-packages/airflow/example_dags/example_complex.py took 0.061 seconds
[2024-12-13T09:32:45.991+0000] {processor.py:157} INFO - Started process (PID=36394) to work on /home/vscode/.local/lib/python3.10/site-packages/airflow/example_dags/example_complex.py
[2024-12-13T09:32:45.992+0000] {processor.py:826} INFO - Processing file /home/vscode/.local/lib/python3.10/site-packages/airflow/example_dags/example_complex.py for tasks to queue
[2024-12-13T09:32:45.993+0000] {logging_mixin.py:150} INFO - [2024-12-13T09:32:45.993+0000] {dagbag.py:541} INFO - Filling up the DagBag from /home/vscode/.local/lib/python3.10/site-packages/airflow/example_dags/example_complex.py
[2024-12-13T09:32:46.000+0000] {processor.py:836} INFO - DAG(s) dict_keys(['example_complex']) retrieved from /home/vscode/.local/lib/python3.10/site-packages/airflow/example_dags/example_complex.py
[2024-12-13T09:32:46.017+0000] {logging_mixin.py:150} INFO - [2024-12-13T09:32:46.017+0000] {dag.py:2742} INFO - Sync 1 DAGs
[2024-12-13T09:32:46.037+0000] {logging_mixin.py:150} INFO - [2024-12-13T09:32:46.036+0000] {dag.py:3504} INFO - Setting next_dagrun for example_complex to None, run_after=None
[2024-12-13T09:32:46.052+0000] {processor.py:179} INFO - Processing /home/vscode/.local/lib/python3.10/site-packages/airflow/example_dags/example_complex.py took 0.063 seconds
[2024-12-13T09:33:42.330+0000] {processor.py:157} INFO - Started process (PID=36770) to work on /home/vscode/.local/lib/python3.10/site-packages/airflow/example_dags/example_complex.py
[2024-12-13T09:33:42.331+0000] {processor.py:826} INFO - Processing file /home/vscode/.local/lib/python3.10/site-packages/airflow/example_dags/example_complex.py for tasks to queue
[2024-12-13T09:33:42.331+0000] {logging_mixin.py:150} INFO - [2024-12-13T09:33:42.331+0000] {dagbag.py:541} INFO - Filling up the DagBag from /home/vscode/.local/lib/python3.10/site-packages/airflow/example_dags/example_complex.py
[2024-12-13T09:33:42.339+0000] {processor.py:836} INFO - DAG(s) dict_keys(['example_complex']) retrieved from /home/vscode/.local/lib/python3.10/site-packages/airflow/example_dags/example_complex.py
[2024-12-13T09:33:42.356+0000] {logging_mixin.py:150} INFO - [2024-12-13T09:33:42.356+0000] {dag.py:2742} INFO - Sync 1 DAGs
[2024-12-13T09:33:42.369+0000] {logging_mixin.py:150} INFO - [2024-12-13T09:33:42.368+0000] {dag.py:3504} INFO - Setting next_dagrun for example_complex to None, run_after=None
[2024-12-13T09:33:42.382+0000] {processor.py:179} INFO - Processing /home/vscode/.local/lib/python3.10/site-packages/airflow/example_dags/example_complex.py took 0.053 seconds
[2024-12-13T09:34:34.829+0000] {processor.py:157} INFO - Started process (PID=37137) to work on /home/vscode/.local/lib/python3.10/site-packages/airflow/example_dags/example_complex.py
[2024-12-13T09:34:34.829+0000] {processor.py:826} INFO - Processing file /home/vscode/.local/lib/python3.10/site-packages/airflow/example_dags/example_complex.py for tasks to queue
[2024-12-13T09:34:34.830+0000] {logging_mixin.py:150} INFO - [2024-12-13T09:34:34.830+0000] {dagbag.py:541} INFO - Filling up the DagBag from /home/vscode/.local/lib/python3.10/site-packages/airflow/example_dags/example_complex.py
[2024-12-13T09:34:34.837+0000] {processor.py:836} INFO - DAG(s) dict_keys(['example_complex']) retrieved from /home/vscode/.local/lib/python3.10/site-packages/airflow/example_dags/example_complex.py
[2024-12-13T09:34:34.855+0000] {logging_mixin.py:150} INFO - [2024-12-13T09:34:34.855+0000] {dag.py:2742} INFO - Sync 1 DAGs
[2024-12-13T09:34:34.868+0000] {logging_mixin.py:150} INFO - [2024-12-13T09:34:34.868+0000] {dag.py:3504} INFO - Setting next_dagrun for example_complex to None, run_after=None
[2024-12-13T09:34:34.881+0000] {processor.py:179} INFO - Processing /home/vscode/.local/lib/python3.10/site-packages/airflow/example_dags/example_complex.py took 0.055 seconds
[2024-12-13T09:35:26.746+0000] {processor.py:157} INFO - Started process (PID=37518) to work on /home/vscode/.local/lib/python3.10/site-packages/airflow/example_dags/example_complex.py
[2024-12-13T09:35:26.747+0000] {processor.py:826} INFO - Processing file /home/vscode/.local/lib/python3.10/site-packages/airflow/example_dags/example_complex.py for tasks to queue
[2024-12-13T09:35:26.748+0000] {logging_mixin.py:150} INFO - [2024-12-13T09:35:26.748+0000] {dagbag.py:541} INFO - Filling up the DagBag from /home/vscode/.local/lib/python3.10/site-packages/airflow/example_dags/example_complex.py
[2024-12-13T09:35:26.755+0000] {processor.py:836} INFO - DAG(s) dict_keys(['example_complex']) retrieved from /home/vscode/.local/lib/python3.10/site-packages/airflow/example_dags/example_complex.py
[2024-12-13T09:35:26.774+0000] {logging_mixin.py:150} INFO - [2024-12-13T09:35:26.774+0000] {dag.py:2742} INFO - Sync 1 DAGs
[2024-12-13T09:35:26.787+0000] {logging_mixin.py:150} INFO - [2024-12-13T09:35:26.787+0000] {dag.py:3504} INFO - Setting next_dagrun for example_complex to None, run_after=None
[2024-12-13T09:35:26.800+0000] {processor.py:179} INFO - Processing /home/vscode/.local/lib/python3.10/site-packages/airflow/example_dags/example_complex.py took 0.055 seconds
