[2024-12-13T08:30:54.409+0000] {processor.py:157} INFO - Started process (PID=10090) to work on /home/vscode/.local/lib/python3.10/site-packages/airflow/example_dags/example_dag_decorator.py
[2024-12-13T08:30:54.410+0000] {processor.py:826} INFO - Processing file /home/vscode/.local/lib/python3.10/site-packages/airflow/example_dags/example_dag_decorator.py for tasks to queue
[2024-12-13T08:30:54.410+0000] {logging_mixin.py:150} INFO - [2024-12-13T08:30:54.410+0000] {dagbag.py:541} INFO - Filling up the DagBag from /home/vscode/.local/lib/python3.10/site-packages/airflow/example_dags/example_dag_decorator.py
[2024-12-13T08:30:54.502+0000] {processor.py:836} INFO - DAG(s) dict_keys(['example_dag_decorator']) retrieved from /home/vscode/.local/lib/python3.10/site-packages/airflow/example_dags/example_dag_decorator.py
[2024-12-13T08:30:54.566+0000] {logging_mixin.py:150} INFO - [2024-12-13T08:30:54.565+0000] {dag.py:2742} INFO - Sync 1 DAGs
[2024-12-13T08:30:54.577+0000] {logging_mixin.py:150} INFO - [2024-12-13T08:30:54.576+0000] {dag.py:3504} INFO - Setting next_dagrun for example_dag_decorator to None, run_after=None
[2024-12-13T08:30:54.591+0000] {processor.py:179} INFO - Processing /home/vscode/.local/lib/python3.10/site-packages/airflow/example_dags/example_dag_decorator.py took 0.185 seconds
[2024-12-13T08:31:55.732+0000] {processor.py:157} INFO - Started process (PID=10795) to work on /home/vscode/.local/lib/python3.10/site-packages/airflow/example_dags/example_dag_decorator.py
[2024-12-13T08:31:55.732+0000] {processor.py:826} INFO - Processing file /home/vscode/.local/lib/python3.10/site-packages/airflow/example_dags/example_dag_decorator.py for tasks to queue
[2024-12-13T08:31:55.733+0000] {logging_mixin.py:150} INFO - [2024-12-13T08:31:55.733+0000] {dagbag.py:541} INFO - Filling up the DagBag from /home/vscode/.local/lib/python3.10/site-packages/airflow/example_dags/example_dag_decorator.py
[2024-12-13T08:31:55.742+0000] {processor.py:836} INFO - DAG(s) dict_keys(['example_dag_decorator']) retrieved from /home/vscode/.local/lib/python3.10/site-packages/airflow/example_dags/example_dag_decorator.py
[2024-12-13T08:31:55.819+0000] {logging_mixin.py:150} INFO - [2024-12-13T08:31:55.819+0000] {dag.py:2742} INFO - Sync 1 DAGs
[2024-12-13T08:31:55.832+0000] {logging_mixin.py:150} INFO - [2024-12-13T08:31:55.832+0000] {dag.py:3504} INFO - Setting next_dagrun for example_dag_decorator to None, run_after=None
[2024-12-13T08:31:55.848+0000] {processor.py:179} INFO - Processing /home/vscode/.local/lib/python3.10/site-packages/airflow/example_dags/example_dag_decorator.py took 0.119 seconds
[2024-12-13T08:32:53.455+0000] {processor.py:157} INFO - Started process (PID=11256) to work on /home/vscode/.local/lib/python3.10/site-packages/airflow/example_dags/example_dag_decorator.py
[2024-12-13T08:32:53.455+0000] {processor.py:826} INFO - Processing file /home/vscode/.local/lib/python3.10/site-packages/airflow/example_dags/example_dag_decorator.py for tasks to queue
[2024-12-13T08:32:53.456+0000] {logging_mixin.py:150} INFO - [2024-12-13T08:32:53.456+0000] {dagbag.py:541} INFO - Filling up the DagBag from /home/vscode/.local/lib/python3.10/site-packages/airflow/example_dags/example_dag_decorator.py
[2024-12-13T08:32:53.465+0000] {processor.py:836} INFO - DAG(s) dict_keys(['example_dag_decorator']) retrieved from /home/vscode/.local/lib/python3.10/site-packages/airflow/example_dags/example_dag_decorator.py
[2024-12-13T08:32:53.574+0000] {logging_mixin.py:150} INFO - [2024-12-13T08:32:53.574+0000] {dag.py:2742} INFO - Sync 1 DAGs
[2024-12-13T08:32:53.594+0000] {logging_mixin.py:150} INFO - [2024-12-13T08:32:53.594+0000] {dag.py:3504} INFO - Setting next_dagrun for example_dag_decorator to None, run_after=None
[2024-12-13T08:32:53.609+0000] {processor.py:179} INFO - Processing /home/vscode/.local/lib/python3.10/site-packages/airflow/example_dags/example_dag_decorator.py took 0.156 seconds
[2024-12-13T08:33:49.404+0000] {processor.py:157} INFO - Started process (PID=11639) to work on /home/vscode/.local/lib/python3.10/site-packages/airflow/example_dags/example_dag_decorator.py
[2024-12-13T08:33:49.405+0000] {processor.py:826} INFO - Processing file /home/vscode/.local/lib/python3.10/site-packages/airflow/example_dags/example_dag_decorator.py for tasks to queue
[2024-12-13T08:33:49.406+0000] {logging_mixin.py:150} INFO - [2024-12-13T08:33:49.406+0000] {dagbag.py:541} INFO - Filling up the DagBag from /home/vscode/.local/lib/python3.10/site-packages/airflow/example_dags/example_dag_decorator.py
[2024-12-13T08:33:49.414+0000] {processor.py:836} INFO - DAG(s) dict_keys(['example_dag_decorator']) retrieved from /home/vscode/.local/lib/python3.10/site-packages/airflow/example_dags/example_dag_decorator.py
[2024-12-13T08:33:49.484+0000] {logging_mixin.py:150} INFO - [2024-12-13T08:33:49.484+0000] {dag.py:2742} INFO - Sync 1 DAGs
[2024-12-13T08:33:49.496+0000] {logging_mixin.py:150} INFO - [2024-12-13T08:33:49.496+0000] {dag.py:3504} INFO - Setting next_dagrun for example_dag_decorator to None, run_after=None
[2024-12-13T08:33:49.512+0000] {processor.py:179} INFO - Processing /home/vscode/.local/lib/python3.10/site-packages/airflow/example_dags/example_dag_decorator.py took 0.109 seconds
[2024-12-13T08:34:42.023+0000] {processor.py:157} INFO - Started process (PID=12001) to work on /home/vscode/.local/lib/python3.10/site-packages/airflow/example_dags/example_dag_decorator.py
[2024-12-13T08:34:42.023+0000] {processor.py:826} INFO - Processing file /home/vscode/.local/lib/python3.10/site-packages/airflow/example_dags/example_dag_decorator.py for tasks to queue
[2024-12-13T08:34:42.024+0000] {logging_mixin.py:150} INFO - [2024-12-13T08:34:42.024+0000] {dagbag.py:541} INFO - Filling up the DagBag from /home/vscode/.local/lib/python3.10/site-packages/airflow/example_dags/example_dag_decorator.py
[2024-12-13T08:34:42.032+0000] {processor.py:836} INFO - DAG(s) dict_keys(['example_dag_decorator']) retrieved from /home/vscode/.local/lib/python3.10/site-packages/airflow/example_dags/example_dag_decorator.py
[2024-12-13T08:34:42.099+0000] {logging_mixin.py:150} INFO - [2024-12-13T08:34:42.099+0000] {dag.py:2742} INFO - Sync 1 DAGs
[2024-12-13T08:34:42.111+0000] {logging_mixin.py:150} INFO - [2024-12-13T08:34:42.111+0000] {dag.py:3504} INFO - Setting next_dagrun for example_dag_decorator to None, run_after=None
[2024-12-13T08:34:42.125+0000] {processor.py:179} INFO - Processing /home/vscode/.local/lib/python3.10/site-packages/airflow/example_dags/example_dag_decorator.py took 0.105 seconds
[2024-12-13T08:35:37.735+0000] {processor.py:157} INFO - Started process (PID=12396) to work on /home/vscode/.local/lib/python3.10/site-packages/airflow/example_dags/example_dag_decorator.py
[2024-12-13T08:35:37.736+0000] {processor.py:826} INFO - Processing file /home/vscode/.local/lib/python3.10/site-packages/airflow/example_dags/example_dag_decorator.py for tasks to queue
[2024-12-13T08:35:37.737+0000] {logging_mixin.py:150} INFO - [2024-12-13T08:35:37.737+0000] {dagbag.py:541} INFO - Filling up the DagBag from /home/vscode/.local/lib/python3.10/site-packages/airflow/example_dags/example_dag_decorator.py
[2024-12-13T08:35:37.745+0000] {processor.py:836} INFO - DAG(s) dict_keys(['example_dag_decorator']) retrieved from /home/vscode/.local/lib/python3.10/site-packages/airflow/example_dags/example_dag_decorator.py
[2024-12-13T08:35:37.813+0000] {logging_mixin.py:150} INFO - [2024-12-13T08:35:37.812+0000] {dag.py:2742} INFO - Sync 1 DAGs
[2024-12-13T08:35:37.825+0000] {logging_mixin.py:150} INFO - [2024-12-13T08:35:37.825+0000] {dag.py:3504} INFO - Setting next_dagrun for example_dag_decorator to None, run_after=None
[2024-12-13T08:35:37.839+0000] {processor.py:179} INFO - Processing /home/vscode/.local/lib/python3.10/site-packages/airflow/example_dags/example_dag_decorator.py took 0.106 seconds
[2024-12-13T08:36:32.729+0000] {processor.py:157} INFO - Started process (PID=12776) to work on /home/vscode/.local/lib/python3.10/site-packages/airflow/example_dags/example_dag_decorator.py
[2024-12-13T08:36:32.730+0000] {processor.py:826} INFO - Processing file /home/vscode/.local/lib/python3.10/site-packages/airflow/example_dags/example_dag_decorator.py for tasks to queue
[2024-12-13T08:36:32.731+0000] {logging_mixin.py:150} INFO - [2024-12-13T08:36:32.730+0000] {dagbag.py:541} INFO - Filling up the DagBag from /home/vscode/.local/lib/python3.10/site-packages/airflow/example_dags/example_dag_decorator.py
[2024-12-13T08:36:32.739+0000] {processor.py:836} INFO - DAG(s) dict_keys(['example_dag_decorator']) retrieved from /home/vscode/.local/lib/python3.10/site-packages/airflow/example_dags/example_dag_decorator.py
[2024-12-13T08:36:32.805+0000] {logging_mixin.py:150} INFO - [2024-12-13T08:36:32.805+0000] {dag.py:2742} INFO - Sync 1 DAGs
[2024-12-13T08:36:32.818+0000] {logging_mixin.py:150} INFO - [2024-12-13T08:36:32.818+0000] {dag.py:3504} INFO - Setting next_dagrun for example_dag_decorator to None, run_after=None
[2024-12-13T08:36:32.832+0000] {processor.py:179} INFO - Processing /home/vscode/.local/lib/python3.10/site-packages/airflow/example_dags/example_dag_decorator.py took 0.105 seconds
[2024-12-13T08:37:31.207+0000] {processor.py:157} INFO - Started process (PID=13241) to work on /home/vscode/.local/lib/python3.10/site-packages/airflow/example_dags/example_dag_decorator.py
[2024-12-13T08:37:31.208+0000] {processor.py:826} INFO - Processing file /home/vscode/.local/lib/python3.10/site-packages/airflow/example_dags/example_dag_decorator.py for tasks to queue
[2024-12-13T08:37:31.208+0000] {logging_mixin.py:150} INFO - [2024-12-13T08:37:31.208+0000] {dagbag.py:541} INFO - Filling up the DagBag from /home/vscode/.local/lib/python3.10/site-packages/airflow/example_dags/example_dag_decorator.py
[2024-12-13T08:37:31.219+0000] {processor.py:836} INFO - DAG(s) dict_keys(['example_dag_decorator']) retrieved from /home/vscode/.local/lib/python3.10/site-packages/airflow/example_dags/example_dag_decorator.py
[2024-12-13T08:37:31.291+0000] {logging_mixin.py:150} INFO - [2024-12-13T08:37:31.291+0000] {dag.py:2742} INFO - Sync 1 DAGs
[2024-12-13T08:37:31.303+0000] {logging_mixin.py:150} INFO - [2024-12-13T08:37:31.303+0000] {dag.py:3504} INFO - Setting next_dagrun for example_dag_decorator to None, run_after=None
[2024-12-13T08:37:31.316+0000] {processor.py:179} INFO - Processing /home/vscode/.local/lib/python3.10/site-packages/airflow/example_dags/example_dag_decorator.py took 0.112 seconds
[2024-12-13T08:38:23.163+0000] {processor.py:157} INFO - Started process (PID=13596) to work on /home/vscode/.local/lib/python3.10/site-packages/airflow/example_dags/example_dag_decorator.py
[2024-12-13T08:38:23.164+0000] {processor.py:826} INFO - Processing file /home/vscode/.local/lib/python3.10/site-packages/airflow/example_dags/example_dag_decorator.py for tasks to queue
[2024-12-13T08:38:23.165+0000] {logging_mixin.py:150} INFO - [2024-12-13T08:38:23.165+0000] {dagbag.py:541} INFO - Filling up the DagBag from /home/vscode/.local/lib/python3.10/site-packages/airflow/example_dags/example_dag_decorator.py
[2024-12-13T08:38:23.173+0000] {processor.py:836} INFO - DAG(s) dict_keys(['example_dag_decorator']) retrieved from /home/vscode/.local/lib/python3.10/site-packages/airflow/example_dags/example_dag_decorator.py
[2024-12-13T08:38:23.243+0000] {logging_mixin.py:150} INFO - [2024-12-13T08:38:23.243+0000] {dag.py:2742} INFO - Sync 1 DAGs
[2024-12-13T08:38:23.255+0000] {logging_mixin.py:150} INFO - [2024-12-13T08:38:23.255+0000] {dag.py:3504} INFO - Setting next_dagrun for example_dag_decorator to None, run_after=None
[2024-12-13T08:38:23.269+0000] {processor.py:179} INFO - Processing /home/vscode/.local/lib/python3.10/site-packages/airflow/example_dags/example_dag_decorator.py took 0.107 seconds
[2024-12-13T08:39:15.848+0000] {processor.py:157} INFO - Started process (PID=13962) to work on /home/vscode/.local/lib/python3.10/site-packages/airflow/example_dags/example_dag_decorator.py
[2024-12-13T08:39:15.849+0000] {processor.py:826} INFO - Processing file /home/vscode/.local/lib/python3.10/site-packages/airflow/example_dags/example_dag_decorator.py for tasks to queue
[2024-12-13T08:39:15.850+0000] {logging_mixin.py:150} INFO - [2024-12-13T08:39:15.849+0000] {dagbag.py:541} INFO - Filling up the DagBag from /home/vscode/.local/lib/python3.10/site-packages/airflow/example_dags/example_dag_decorator.py
[2024-12-13T08:39:15.858+0000] {processor.py:836} INFO - DAG(s) dict_keys(['example_dag_decorator']) retrieved from /home/vscode/.local/lib/python3.10/site-packages/airflow/example_dags/example_dag_decorator.py
[2024-12-13T08:39:15.924+0000] {logging_mixin.py:150} INFO - [2024-12-13T08:39:15.923+0000] {dag.py:2742} INFO - Sync 1 DAGs
[2024-12-13T08:39:15.936+0000] {logging_mixin.py:150} INFO - [2024-12-13T08:39:15.935+0000] {dag.py:3504} INFO - Setting next_dagrun for example_dag_decorator to None, run_after=None
[2024-12-13T08:39:15.949+0000] {processor.py:179} INFO - Processing /home/vscode/.local/lib/python3.10/site-packages/airflow/example_dags/example_dag_decorator.py took 0.103 seconds
[2024-12-13T08:40:09.563+0000] {processor.py:157} INFO - Started process (PID=14351) to work on /home/vscode/.local/lib/python3.10/site-packages/airflow/example_dags/example_dag_decorator.py
[2024-12-13T08:40:09.563+0000] {processor.py:826} INFO - Processing file /home/vscode/.local/lib/python3.10/site-packages/airflow/example_dags/example_dag_decorator.py for tasks to queue
[2024-12-13T08:40:09.564+0000] {logging_mixin.py:150} INFO - [2024-12-13T08:40:09.564+0000] {dagbag.py:541} INFO - Filling up the DagBag from /home/vscode/.local/lib/python3.10/site-packages/airflow/example_dags/example_dag_decorator.py
[2024-12-13T08:40:09.572+0000] {processor.py:836} INFO - DAG(s) dict_keys(['example_dag_decorator']) retrieved from /home/vscode/.local/lib/python3.10/site-packages/airflow/example_dags/example_dag_decorator.py
[2024-12-13T08:40:09.638+0000] {logging_mixin.py:150} INFO - [2024-12-13T08:40:09.638+0000] {dag.py:2742} INFO - Sync 1 DAGs
[2024-12-13T08:40:09.650+0000] {logging_mixin.py:150} INFO - [2024-12-13T08:40:09.650+0000] {dag.py:3504} INFO - Setting next_dagrun for example_dag_decorator to None, run_after=None
[2024-12-13T08:40:09.663+0000] {processor.py:179} INFO - Processing /home/vscode/.local/lib/python3.10/site-packages/airflow/example_dags/example_dag_decorator.py took 0.103 seconds
[2024-12-13T08:41:05.425+0000] {processor.py:157} INFO - Started process (PID=14737) to work on /home/vscode/.local/lib/python3.10/site-packages/airflow/example_dags/example_dag_decorator.py
[2024-12-13T08:41:05.425+0000] {processor.py:826} INFO - Processing file /home/vscode/.local/lib/python3.10/site-packages/airflow/example_dags/example_dag_decorator.py for tasks to queue
[2024-12-13T08:41:05.426+0000] {logging_mixin.py:150} INFO - [2024-12-13T08:41:05.426+0000] {dagbag.py:541} INFO - Filling up the DagBag from /home/vscode/.local/lib/python3.10/site-packages/airflow/example_dags/example_dag_decorator.py
[2024-12-13T08:41:05.434+0000] {processor.py:836} INFO - DAG(s) dict_keys(['example_dag_decorator']) retrieved from /home/vscode/.local/lib/python3.10/site-packages/airflow/example_dags/example_dag_decorator.py
[2024-12-13T08:41:05.503+0000] {logging_mixin.py:150} INFO - [2024-12-13T08:41:05.502+0000] {dag.py:2742} INFO - Sync 1 DAGs
[2024-12-13T08:41:05.514+0000] {logging_mixin.py:150} INFO - [2024-12-13T08:41:05.514+0000] {dag.py:3504} INFO - Setting next_dagrun for example_dag_decorator to None, run_after=None
[2024-12-13T08:41:05.529+0000] {processor.py:179} INFO - Processing /home/vscode/.local/lib/python3.10/site-packages/airflow/example_dags/example_dag_decorator.py took 0.106 seconds
[2024-12-13T08:41:56.365+0000] {processor.py:157} INFO - Started process (PID=15147) to work on /home/vscode/.local/lib/python3.10/site-packages/airflow/example_dags/example_dag_decorator.py
[2024-12-13T08:41:56.366+0000] {processor.py:826} INFO - Processing file /home/vscode/.local/lib/python3.10/site-packages/airflow/example_dags/example_dag_decorator.py for tasks to queue
[2024-12-13T08:41:56.367+0000] {logging_mixin.py:150} INFO - [2024-12-13T08:41:56.366+0000] {dagbag.py:541} INFO - Filling up the DagBag from /home/vscode/.local/lib/python3.10/site-packages/airflow/example_dags/example_dag_decorator.py
[2024-12-13T08:41:56.375+0000] {processor.py:836} INFO - DAG(s) dict_keys(['example_dag_decorator']) retrieved from /home/vscode/.local/lib/python3.10/site-packages/airflow/example_dags/example_dag_decorator.py
[2024-12-13T08:41:56.442+0000] {logging_mixin.py:150} INFO - [2024-12-13T08:41:56.442+0000] {dag.py:2742} INFO - Sync 1 DAGs
[2024-12-13T08:41:56.454+0000] {logging_mixin.py:150} INFO - [2024-12-13T08:41:56.454+0000] {dag.py:3504} INFO - Setting next_dagrun for example_dag_decorator to None, run_after=None
[2024-12-13T08:41:56.467+0000] {processor.py:179} INFO - Processing /home/vscode/.local/lib/python3.10/site-packages/airflow/example_dags/example_dag_decorator.py took 0.104 seconds
[2024-12-13T08:42:52.117+0000] {processor.py:157} INFO - Started process (PID=15529) to work on /home/vscode/.local/lib/python3.10/site-packages/airflow/example_dags/example_dag_decorator.py
[2024-12-13T08:42:52.117+0000] {processor.py:826} INFO - Processing file /home/vscode/.local/lib/python3.10/site-packages/airflow/example_dags/example_dag_decorator.py for tasks to queue
[2024-12-13T08:42:52.118+0000] {logging_mixin.py:150} INFO - [2024-12-13T08:42:52.118+0000] {dagbag.py:541} INFO - Filling up the DagBag from /home/vscode/.local/lib/python3.10/site-packages/airflow/example_dags/example_dag_decorator.py
[2024-12-13T08:42:52.126+0000] {processor.py:836} INFO - DAG(s) dict_keys(['example_dag_decorator']) retrieved from /home/vscode/.local/lib/python3.10/site-packages/airflow/example_dags/example_dag_decorator.py
[2024-12-13T08:42:52.193+0000] {logging_mixin.py:150} INFO - [2024-12-13T08:42:52.193+0000] {dag.py:2742} INFO - Sync 1 DAGs
[2024-12-13T08:42:52.205+0000] {logging_mixin.py:150} INFO - [2024-12-13T08:42:52.205+0000] {dag.py:3504} INFO - Setting next_dagrun for example_dag_decorator to None, run_after=None
[2024-12-13T08:42:52.219+0000] {processor.py:179} INFO - Processing /home/vscode/.local/lib/python3.10/site-packages/airflow/example_dags/example_dag_decorator.py took 0.104 seconds
[2024-12-13T08:43:49.904+0000] {processor.py:157} INFO - Started process (PID=15923) to work on /home/vscode/.local/lib/python3.10/site-packages/airflow/example_dags/example_dag_decorator.py
[2024-12-13T08:43:49.904+0000] {processor.py:826} INFO - Processing file /home/vscode/.local/lib/python3.10/site-packages/airflow/example_dags/example_dag_decorator.py for tasks to queue
[2024-12-13T08:43:49.905+0000] {logging_mixin.py:150} INFO - [2024-12-13T08:43:49.905+0000] {dagbag.py:541} INFO - Filling up the DagBag from /home/vscode/.local/lib/python3.10/site-packages/airflow/example_dags/example_dag_decorator.py
[2024-12-13T08:43:49.913+0000] {processor.py:836} INFO - DAG(s) dict_keys(['example_dag_decorator']) retrieved from /home/vscode/.local/lib/python3.10/site-packages/airflow/example_dags/example_dag_decorator.py
[2024-12-13T08:43:49.986+0000] {logging_mixin.py:150} INFO - [2024-12-13T08:43:49.986+0000] {dag.py:2742} INFO - Sync 1 DAGs
[2024-12-13T08:43:50.004+0000] {logging_mixin.py:150} INFO - [2024-12-13T08:43:50.004+0000] {dag.py:3504} INFO - Setting next_dagrun for example_dag_decorator to None, run_after=None
[2024-12-13T08:43:50.024+0000] {processor.py:179} INFO - Processing /home/vscode/.local/lib/python3.10/site-packages/airflow/example_dags/example_dag_decorator.py took 0.123 seconds
[2024-12-13T08:44:41.369+0000] {processor.py:157} INFO - Started process (PID=16272) to work on /home/vscode/.local/lib/python3.10/site-packages/airflow/example_dags/example_dag_decorator.py
[2024-12-13T08:44:41.370+0000] {processor.py:826} INFO - Processing file /home/vscode/.local/lib/python3.10/site-packages/airflow/example_dags/example_dag_decorator.py for tasks to queue
[2024-12-13T08:44:41.371+0000] {logging_mixin.py:150} INFO - [2024-12-13T08:44:41.370+0000] {dagbag.py:541} INFO - Filling up the DagBag from /home/vscode/.local/lib/python3.10/site-packages/airflow/example_dags/example_dag_decorator.py
[2024-12-13T08:44:41.379+0000] {processor.py:836} INFO - DAG(s) dict_keys(['example_dag_decorator']) retrieved from /home/vscode/.local/lib/python3.10/site-packages/airflow/example_dags/example_dag_decorator.py
[2024-12-13T08:44:41.447+0000] {logging_mixin.py:150} INFO - [2024-12-13T08:44:41.446+0000] {dag.py:2742} INFO - Sync 1 DAGs
[2024-12-13T08:44:41.458+0000] {logging_mixin.py:150} INFO - [2024-12-13T08:44:41.458+0000] {dag.py:3504} INFO - Setting next_dagrun for example_dag_decorator to None, run_after=None
[2024-12-13T08:44:41.472+0000] {processor.py:179} INFO - Processing /home/vscode/.local/lib/python3.10/site-packages/airflow/example_dags/example_dag_decorator.py took 0.104 seconds
[2024-12-13T08:45:37.816+0000] {processor.py:157} INFO - Started process (PID=16694) to work on /home/vscode/.local/lib/python3.10/site-packages/airflow/example_dags/example_dag_decorator.py
[2024-12-13T08:45:37.817+0000] {processor.py:826} INFO - Processing file /home/vscode/.local/lib/python3.10/site-packages/airflow/example_dags/example_dag_decorator.py for tasks to queue
[2024-12-13T08:45:37.817+0000] {logging_mixin.py:150} INFO - [2024-12-13T08:45:37.817+0000] {dagbag.py:541} INFO - Filling up the DagBag from /home/vscode/.local/lib/python3.10/site-packages/airflow/example_dags/example_dag_decorator.py
[2024-12-13T08:45:37.826+0000] {processor.py:836} INFO - DAG(s) dict_keys(['example_dag_decorator']) retrieved from /home/vscode/.local/lib/python3.10/site-packages/airflow/example_dags/example_dag_decorator.py
[2024-12-13T08:45:37.896+0000] {logging_mixin.py:150} INFO - [2024-12-13T08:45:37.896+0000] {dag.py:2742} INFO - Sync 1 DAGs
[2024-12-13T08:45:37.909+0000] {logging_mixin.py:150} INFO - [2024-12-13T08:45:37.909+0000] {dag.py:3504} INFO - Setting next_dagrun for example_dag_decorator to None, run_after=None
[2024-12-13T08:45:37.923+0000] {processor.py:179} INFO - Processing /home/vscode/.local/lib/python3.10/site-packages/airflow/example_dags/example_dag_decorator.py took 0.109 seconds
[2024-12-13T08:46:31.284+0000] {processor.py:157} INFO - Started process (PID=17051) to work on /home/vscode/.local/lib/python3.10/site-packages/airflow/example_dags/example_dag_decorator.py
[2024-12-13T08:46:31.285+0000] {processor.py:826} INFO - Processing file /home/vscode/.local/lib/python3.10/site-packages/airflow/example_dags/example_dag_decorator.py for tasks to queue
[2024-12-13T08:46:31.286+0000] {logging_mixin.py:150} INFO - [2024-12-13T08:46:31.285+0000] {dagbag.py:541} INFO - Filling up the DagBag from /home/vscode/.local/lib/python3.10/site-packages/airflow/example_dags/example_dag_decorator.py
[2024-12-13T08:46:31.294+0000] {processor.py:836} INFO - DAG(s) dict_keys(['example_dag_decorator']) retrieved from /home/vscode/.local/lib/python3.10/site-packages/airflow/example_dags/example_dag_decorator.py
[2024-12-13T08:46:31.386+0000] {logging_mixin.py:150} INFO - [2024-12-13T08:46:31.386+0000] {dag.py:2742} INFO - Sync 1 DAGs
[2024-12-13T08:46:31.406+0000] {logging_mixin.py:150} INFO - [2024-12-13T08:46:31.406+0000] {dag.py:3504} INFO - Setting next_dagrun for example_dag_decorator to None, run_after=None
[2024-12-13T08:46:31.420+0000] {processor.py:179} INFO - Processing /home/vscode/.local/lib/python3.10/site-packages/airflow/example_dags/example_dag_decorator.py took 0.138 seconds
[2024-12-13T08:47:27.386+0000] {processor.py:157} INFO - Started process (PID=17506) to work on /home/vscode/.local/lib/python3.10/site-packages/airflow/example_dags/example_dag_decorator.py
[2024-12-13T08:47:27.387+0000] {processor.py:826} INFO - Processing file /home/vscode/.local/lib/python3.10/site-packages/airflow/example_dags/example_dag_decorator.py for tasks to queue
[2024-12-13T08:47:27.388+0000] {logging_mixin.py:150} INFO - [2024-12-13T08:47:27.387+0000] {dagbag.py:541} INFO - Filling up the DagBag from /home/vscode/.local/lib/python3.10/site-packages/airflow/example_dags/example_dag_decorator.py
[2024-12-13T08:47:27.396+0000] {processor.py:836} INFO - DAG(s) dict_keys(['example_dag_decorator']) retrieved from /home/vscode/.local/lib/python3.10/site-packages/airflow/example_dags/example_dag_decorator.py
[2024-12-13T08:47:27.464+0000] {logging_mixin.py:150} INFO - [2024-12-13T08:47:27.463+0000] {dag.py:2742} INFO - Sync 1 DAGs
[2024-12-13T08:47:27.475+0000] {logging_mixin.py:150} INFO - [2024-12-13T08:47:27.475+0000] {dag.py:3504} INFO - Setting next_dagrun for example_dag_decorator to None, run_after=None
[2024-12-13T08:47:27.489+0000] {processor.py:179} INFO - Processing /home/vscode/.local/lib/python3.10/site-packages/airflow/example_dags/example_dag_decorator.py took 0.105 seconds
[2024-12-13T08:48:22.493+0000] {processor.py:157} INFO - Started process (PID=17880) to work on /home/vscode/.local/lib/python3.10/site-packages/airflow/example_dags/example_dag_decorator.py
[2024-12-13T08:48:22.494+0000] {processor.py:826} INFO - Processing file /home/vscode/.local/lib/python3.10/site-packages/airflow/example_dags/example_dag_decorator.py for tasks to queue
[2024-12-13T08:48:22.495+0000] {logging_mixin.py:150} INFO - [2024-12-13T08:48:22.494+0000] {dagbag.py:541} INFO - Filling up the DagBag from /home/vscode/.local/lib/python3.10/site-packages/airflow/example_dags/example_dag_decorator.py
[2024-12-13T08:48:22.503+0000] {processor.py:836} INFO - DAG(s) dict_keys(['example_dag_decorator']) retrieved from /home/vscode/.local/lib/python3.10/site-packages/airflow/example_dags/example_dag_decorator.py
[2024-12-13T08:48:22.570+0000] {logging_mixin.py:150} INFO - [2024-12-13T08:48:22.570+0000] {dag.py:2742} INFO - Sync 1 DAGs
[2024-12-13T08:48:22.581+0000] {logging_mixin.py:150} INFO - [2024-12-13T08:48:22.581+0000] {dag.py:3504} INFO - Setting next_dagrun for example_dag_decorator to None, run_after=None
[2024-12-13T08:48:22.596+0000] {processor.py:179} INFO - Processing /home/vscode/.local/lib/python3.10/site-packages/airflow/example_dags/example_dag_decorator.py took 0.105 seconds
[2024-12-13T08:49:13.963+0000] {processor.py:157} INFO - Started process (PID=18234) to work on /home/vscode/.local/lib/python3.10/site-packages/airflow/example_dags/example_dag_decorator.py
[2024-12-13T08:49:13.964+0000] {processor.py:826} INFO - Processing file /home/vscode/.local/lib/python3.10/site-packages/airflow/example_dags/example_dag_decorator.py for tasks to queue
[2024-12-13T08:49:13.964+0000] {logging_mixin.py:150} INFO - [2024-12-13T08:49:13.964+0000] {dagbag.py:541} INFO - Filling up the DagBag from /home/vscode/.local/lib/python3.10/site-packages/airflow/example_dags/example_dag_decorator.py
[2024-12-13T08:49:13.972+0000] {processor.py:836} INFO - DAG(s) dict_keys(['example_dag_decorator']) retrieved from /home/vscode/.local/lib/python3.10/site-packages/airflow/example_dags/example_dag_decorator.py
[2024-12-13T08:49:14.039+0000] {logging_mixin.py:150} INFO - [2024-12-13T08:49:14.039+0000] {dag.py:2742} INFO - Sync 1 DAGs
[2024-12-13T08:49:14.051+0000] {logging_mixin.py:150} INFO - [2024-12-13T08:49:14.051+0000] {dag.py:3504} INFO - Setting next_dagrun for example_dag_decorator to None, run_after=None
[2024-12-13T08:49:14.064+0000] {processor.py:179} INFO - Processing /home/vscode/.local/lib/python3.10/site-packages/airflow/example_dags/example_dag_decorator.py took 0.104 seconds
[2024-12-13T08:50:02.430+0000] {processor.py:157} INFO - Started process (PID=18564) to work on /home/vscode/.local/lib/python3.10/site-packages/airflow/example_dags/example_dag_decorator.py
[2024-12-13T08:50:02.431+0000] {processor.py:826} INFO - Processing file /home/vscode/.local/lib/python3.10/site-packages/airflow/example_dags/example_dag_decorator.py for tasks to queue
[2024-12-13T08:50:02.432+0000] {logging_mixin.py:150} INFO - [2024-12-13T08:50:02.432+0000] {dagbag.py:541} INFO - Filling up the DagBag from /home/vscode/.local/lib/python3.10/site-packages/airflow/example_dags/example_dag_decorator.py
[2024-12-13T08:50:02.440+0000] {processor.py:836} INFO - DAG(s) dict_keys(['example_dag_decorator']) retrieved from /home/vscode/.local/lib/python3.10/site-packages/airflow/example_dags/example_dag_decorator.py
[2024-12-13T08:50:02.507+0000] {logging_mixin.py:150} INFO - [2024-12-13T08:50:02.506+0000] {dag.py:2742} INFO - Sync 1 DAGs
[2024-12-13T08:50:02.518+0000] {logging_mixin.py:150} INFO - [2024-12-13T08:50:02.518+0000] {dag.py:3504} INFO - Setting next_dagrun for example_dag_decorator to None, run_after=None
[2024-12-13T08:50:02.534+0000] {processor.py:179} INFO - Processing /home/vscode/.local/lib/python3.10/site-packages/airflow/example_dags/example_dag_decorator.py took 0.106 seconds
[2024-12-13T08:50:51.609+0000] {processor.py:157} INFO - Started process (PID=18928) to work on /home/vscode/.local/lib/python3.10/site-packages/airflow/example_dags/example_dag_decorator.py
[2024-12-13T08:50:51.609+0000] {processor.py:826} INFO - Processing file /home/vscode/.local/lib/python3.10/site-packages/airflow/example_dags/example_dag_decorator.py for tasks to queue
[2024-12-13T08:50:51.610+0000] {logging_mixin.py:150} INFO - [2024-12-13T08:50:51.610+0000] {dagbag.py:541} INFO - Filling up the DagBag from /home/vscode/.local/lib/python3.10/site-packages/airflow/example_dags/example_dag_decorator.py
[2024-12-13T08:50:51.618+0000] {processor.py:836} INFO - DAG(s) dict_keys(['example_dag_decorator']) retrieved from /home/vscode/.local/lib/python3.10/site-packages/airflow/example_dags/example_dag_decorator.py
[2024-12-13T08:50:51.695+0000] {logging_mixin.py:150} INFO - [2024-12-13T08:50:51.695+0000] {dag.py:2742} INFO - Sync 1 DAGs
[2024-12-13T08:50:51.706+0000] {logging_mixin.py:150} INFO - [2024-12-13T08:50:51.706+0000] {dag.py:3504} INFO - Setting next_dagrun for example_dag_decorator to None, run_after=None
[2024-12-13T08:50:51.720+0000] {processor.py:179} INFO - Processing /home/vscode/.local/lib/python3.10/site-packages/airflow/example_dags/example_dag_decorator.py took 0.114 seconds
[2024-12-13T08:51:44.933+0000] {processor.py:157} INFO - Started process (PID=19282) to work on /home/vscode/.local/lib/python3.10/site-packages/airflow/example_dags/example_dag_decorator.py
[2024-12-13T08:51:44.934+0000] {processor.py:826} INFO - Processing file /home/vscode/.local/lib/python3.10/site-packages/airflow/example_dags/example_dag_decorator.py for tasks to queue
[2024-12-13T08:51:44.934+0000] {logging_mixin.py:150} INFO - [2024-12-13T08:51:44.934+0000] {dagbag.py:541} INFO - Filling up the DagBag from /home/vscode/.local/lib/python3.10/site-packages/airflow/example_dags/example_dag_decorator.py
[2024-12-13T08:51:44.943+0000] {processor.py:836} INFO - DAG(s) dict_keys(['example_dag_decorator']) retrieved from /home/vscode/.local/lib/python3.10/site-packages/airflow/example_dags/example_dag_decorator.py
[2024-12-13T08:51:45.010+0000] {logging_mixin.py:150} INFO - [2024-12-13T08:51:45.010+0000] {dag.py:2742} INFO - Sync 1 DAGs
[2024-12-13T08:51:45.023+0000] {logging_mixin.py:150} INFO - [2024-12-13T08:51:45.023+0000] {dag.py:3504} INFO - Setting next_dagrun for example_dag_decorator to None, run_after=None
[2024-12-13T08:51:45.036+0000] {processor.py:179} INFO - Processing /home/vscode/.local/lib/python3.10/site-packages/airflow/example_dags/example_dag_decorator.py took 0.105 seconds
[2024-12-13T08:52:37.857+0000] {processor.py:157} INFO - Started process (PID=19653) to work on /home/vscode/.local/lib/python3.10/site-packages/airflow/example_dags/example_dag_decorator.py
[2024-12-13T08:52:37.857+0000] {processor.py:826} INFO - Processing file /home/vscode/.local/lib/python3.10/site-packages/airflow/example_dags/example_dag_decorator.py for tasks to queue
[2024-12-13T08:52:37.858+0000] {logging_mixin.py:150} INFO - [2024-12-13T08:52:37.858+0000] {dagbag.py:541} INFO - Filling up the DagBag from /home/vscode/.local/lib/python3.10/site-packages/airflow/example_dags/example_dag_decorator.py
[2024-12-13T08:52:37.867+0000] {processor.py:836} INFO - DAG(s) dict_keys(['example_dag_decorator']) retrieved from /home/vscode/.local/lib/python3.10/site-packages/airflow/example_dags/example_dag_decorator.py
[2024-12-13T08:52:37.953+0000] {logging_mixin.py:150} INFO - [2024-12-13T08:52:37.953+0000] {dag.py:2742} INFO - Sync 1 DAGs
[2024-12-13T08:52:37.965+0000] {logging_mixin.py:150} INFO - [2024-12-13T08:52:37.965+0000] {dag.py:3504} INFO - Setting next_dagrun for example_dag_decorator to None, run_after=None
[2024-12-13T08:52:37.979+0000] {processor.py:179} INFO - Processing /home/vscode/.local/lib/python3.10/site-packages/airflow/example_dags/example_dag_decorator.py took 0.124 seconds
[2024-12-13T08:53:25.097+0000] {processor.py:157} INFO - Started process (PID=19982) to work on /home/vscode/.local/lib/python3.10/site-packages/airflow/example_dags/example_dag_decorator.py
[2024-12-13T08:53:25.098+0000] {processor.py:826} INFO - Processing file /home/vscode/.local/lib/python3.10/site-packages/airflow/example_dags/example_dag_decorator.py for tasks to queue
[2024-12-13T08:53:25.099+0000] {logging_mixin.py:150} INFO - [2024-12-13T08:53:25.098+0000] {dagbag.py:541} INFO - Filling up the DagBag from /home/vscode/.local/lib/python3.10/site-packages/airflow/example_dags/example_dag_decorator.py
[2024-12-13T08:53:25.107+0000] {processor.py:836} INFO - DAG(s) dict_keys(['example_dag_decorator']) retrieved from /home/vscode/.local/lib/python3.10/site-packages/airflow/example_dags/example_dag_decorator.py
[2024-12-13T08:53:25.174+0000] {logging_mixin.py:150} INFO - [2024-12-13T08:53:25.174+0000] {dag.py:2742} INFO - Sync 1 DAGs
[2024-12-13T08:53:25.187+0000] {logging_mixin.py:150} INFO - [2024-12-13T08:53:25.187+0000] {dag.py:3504} INFO - Setting next_dagrun for example_dag_decorator to None, run_after=None
[2024-12-13T08:53:25.201+0000] {processor.py:179} INFO - Processing /home/vscode/.local/lib/python3.10/site-packages/airflow/example_dags/example_dag_decorator.py took 0.106 seconds
[2024-12-13T08:54:15.179+0000] {processor.py:157} INFO - Started process (PID=20321) to work on /home/vscode/.local/lib/python3.10/site-packages/airflow/example_dags/example_dag_decorator.py
[2024-12-13T08:54:15.180+0000] {processor.py:826} INFO - Processing file /home/vscode/.local/lib/python3.10/site-packages/airflow/example_dags/example_dag_decorator.py for tasks to queue
[2024-12-13T08:54:15.181+0000] {logging_mixin.py:150} INFO - [2024-12-13T08:54:15.180+0000] {dagbag.py:541} INFO - Filling up the DagBag from /home/vscode/.local/lib/python3.10/site-packages/airflow/example_dags/example_dag_decorator.py
[2024-12-13T08:54:15.189+0000] {processor.py:836} INFO - DAG(s) dict_keys(['example_dag_decorator']) retrieved from /home/vscode/.local/lib/python3.10/site-packages/airflow/example_dags/example_dag_decorator.py
[2024-12-13T08:54:15.257+0000] {logging_mixin.py:150} INFO - [2024-12-13T08:54:15.257+0000] {dag.py:2742} INFO - Sync 1 DAGs
[2024-12-13T08:54:15.269+0000] {logging_mixin.py:150} INFO - [2024-12-13T08:54:15.268+0000] {dag.py:3504} INFO - Setting next_dagrun for example_dag_decorator to None, run_after=None
[2024-12-13T08:54:15.282+0000] {processor.py:179} INFO - Processing /home/vscode/.local/lib/python3.10/site-packages/airflow/example_dags/example_dag_decorator.py took 0.105 seconds
[2024-12-13T08:55:05.300+0000] {processor.py:157} INFO - Started process (PID=20667) to work on /home/vscode/.local/lib/python3.10/site-packages/airflow/example_dags/example_dag_decorator.py
[2024-12-13T08:55:05.301+0000] {processor.py:826} INFO - Processing file /home/vscode/.local/lib/python3.10/site-packages/airflow/example_dags/example_dag_decorator.py for tasks to queue
[2024-12-13T08:55:05.301+0000] {logging_mixin.py:150} INFO - [2024-12-13T08:55:05.301+0000] {dagbag.py:541} INFO - Filling up the DagBag from /home/vscode/.local/lib/python3.10/site-packages/airflow/example_dags/example_dag_decorator.py
[2024-12-13T08:55:05.310+0000] {processor.py:836} INFO - DAG(s) dict_keys(['example_dag_decorator']) retrieved from /home/vscode/.local/lib/python3.10/site-packages/airflow/example_dags/example_dag_decorator.py
[2024-12-13T08:55:05.377+0000] {logging_mixin.py:150} INFO - [2024-12-13T08:55:05.376+0000] {dag.py:2742} INFO - Sync 1 DAGs
[2024-12-13T08:55:05.389+0000] {logging_mixin.py:150} INFO - [2024-12-13T08:55:05.389+0000] {dag.py:3504} INFO - Setting next_dagrun for example_dag_decorator to None, run_after=None
[2024-12-13T08:55:05.402+0000] {processor.py:179} INFO - Processing /home/vscode/.local/lib/python3.10/site-packages/airflow/example_dags/example_dag_decorator.py took 0.104 seconds
[2024-12-13T08:55:59.448+0000] {processor.py:157} INFO - Started process (PID=21067) to work on /home/vscode/.local/lib/python3.10/site-packages/airflow/example_dags/example_dag_decorator.py
[2024-12-13T08:55:59.449+0000] {processor.py:826} INFO - Processing file /home/vscode/.local/lib/python3.10/site-packages/airflow/example_dags/example_dag_decorator.py for tasks to queue
[2024-12-13T08:55:59.450+0000] {logging_mixin.py:150} INFO - [2024-12-13T08:55:59.449+0000] {dagbag.py:541} INFO - Filling up the DagBag from /home/vscode/.local/lib/python3.10/site-packages/airflow/example_dags/example_dag_decorator.py
[2024-12-13T08:55:59.458+0000] {processor.py:836} INFO - DAG(s) dict_keys(['example_dag_decorator']) retrieved from /home/vscode/.local/lib/python3.10/site-packages/airflow/example_dags/example_dag_decorator.py
[2024-12-13T08:55:59.524+0000] {logging_mixin.py:150} INFO - [2024-12-13T08:55:59.524+0000] {dag.py:2742} INFO - Sync 1 DAGs
[2024-12-13T08:55:59.536+0000] {logging_mixin.py:150} INFO - [2024-12-13T08:55:59.536+0000] {dag.py:3504} INFO - Setting next_dagrun for example_dag_decorator to None, run_after=None
[2024-12-13T08:55:59.551+0000] {processor.py:179} INFO - Processing /home/vscode/.local/lib/python3.10/site-packages/airflow/example_dags/example_dag_decorator.py took 0.105 seconds
[2024-12-13T08:56:52.010+0000] {processor.py:157} INFO - Started process (PID=21426) to work on /home/vscode/.local/lib/python3.10/site-packages/airflow/example_dags/example_dag_decorator.py
[2024-12-13T08:56:52.010+0000] {processor.py:826} INFO - Processing file /home/vscode/.local/lib/python3.10/site-packages/airflow/example_dags/example_dag_decorator.py for tasks to queue
[2024-12-13T08:56:52.011+0000] {logging_mixin.py:150} INFO - [2024-12-13T08:56:52.011+0000] {dagbag.py:541} INFO - Filling up the DagBag from /home/vscode/.local/lib/python3.10/site-packages/airflow/example_dags/example_dag_decorator.py
[2024-12-13T08:56:52.019+0000] {processor.py:836} INFO - DAG(s) dict_keys(['example_dag_decorator']) retrieved from /home/vscode/.local/lib/python3.10/site-packages/airflow/example_dags/example_dag_decorator.py
[2024-12-13T08:56:52.086+0000] {logging_mixin.py:150} INFO - [2024-12-13T08:56:52.086+0000] {dag.py:2742} INFO - Sync 1 DAGs
[2024-12-13T08:56:52.099+0000] {logging_mixin.py:150} INFO - [2024-12-13T08:56:52.099+0000] {dag.py:3504} INFO - Setting next_dagrun for example_dag_decorator to None, run_after=None
[2024-12-13T08:56:52.112+0000] {processor.py:179} INFO - Processing /home/vscode/.local/lib/python3.10/site-packages/airflow/example_dags/example_dag_decorator.py took 0.105 seconds
[2024-12-13T08:57:42.252+0000] {processor.py:157} INFO - Started process (PID=21766) to work on /home/vscode/.local/lib/python3.10/site-packages/airflow/example_dags/example_dag_decorator.py
[2024-12-13T08:57:42.252+0000] {processor.py:826} INFO - Processing file /home/vscode/.local/lib/python3.10/site-packages/airflow/example_dags/example_dag_decorator.py for tasks to queue
[2024-12-13T08:57:42.253+0000] {logging_mixin.py:150} INFO - [2024-12-13T08:57:42.253+0000] {dagbag.py:541} INFO - Filling up the DagBag from /home/vscode/.local/lib/python3.10/site-packages/airflow/example_dags/example_dag_decorator.py
[2024-12-13T08:57:42.261+0000] {processor.py:836} INFO - DAG(s) dict_keys(['example_dag_decorator']) retrieved from /home/vscode/.local/lib/python3.10/site-packages/airflow/example_dags/example_dag_decorator.py
[2024-12-13T08:57:42.329+0000] {logging_mixin.py:150} INFO - [2024-12-13T08:57:42.329+0000] {dag.py:2742} INFO - Sync 1 DAGs
[2024-12-13T08:57:42.341+0000] {logging_mixin.py:150} INFO - [2024-12-13T08:57:42.340+0000] {dag.py:3504} INFO - Setting next_dagrun for example_dag_decorator to None, run_after=None
[2024-12-13T08:57:42.355+0000] {processor.py:179} INFO - Processing /home/vscode/.local/lib/python3.10/site-packages/airflow/example_dags/example_dag_decorator.py took 0.105 seconds
[2024-12-13T08:58:34.719+0000] {processor.py:157} INFO - Started process (PID=22126) to work on /home/vscode/.local/lib/python3.10/site-packages/airflow/example_dags/example_dag_decorator.py
[2024-12-13T08:58:34.719+0000] {processor.py:826} INFO - Processing file /home/vscode/.local/lib/python3.10/site-packages/airflow/example_dags/example_dag_decorator.py for tasks to queue
[2024-12-13T08:58:34.720+0000] {logging_mixin.py:150} INFO - [2024-12-13T08:58:34.720+0000] {dagbag.py:541} INFO - Filling up the DagBag from /home/vscode/.local/lib/python3.10/site-packages/airflow/example_dags/example_dag_decorator.py
[2024-12-13T08:58:34.728+0000] {processor.py:836} INFO - DAG(s) dict_keys(['example_dag_decorator']) retrieved from /home/vscode/.local/lib/python3.10/site-packages/airflow/example_dags/example_dag_decorator.py
[2024-12-13T08:58:34.795+0000] {logging_mixin.py:150} INFO - [2024-12-13T08:58:34.795+0000] {dag.py:2742} INFO - Sync 1 DAGs
[2024-12-13T08:58:34.808+0000] {logging_mixin.py:150} INFO - [2024-12-13T08:58:34.808+0000] {dag.py:3504} INFO - Setting next_dagrun for example_dag_decorator to None, run_after=None
[2024-12-13T08:58:34.822+0000] {processor.py:179} INFO - Processing /home/vscode/.local/lib/python3.10/site-packages/airflow/example_dags/example_dag_decorator.py took 0.105 seconds
[2024-12-13T08:59:25.940+0000] {processor.py:157} INFO - Started process (PID=22473) to work on /home/vscode/.local/lib/python3.10/site-packages/airflow/example_dags/example_dag_decorator.py
[2024-12-13T08:59:25.940+0000] {processor.py:826} INFO - Processing file /home/vscode/.local/lib/python3.10/site-packages/airflow/example_dags/example_dag_decorator.py for tasks to queue
[2024-12-13T08:59:25.941+0000] {logging_mixin.py:150} INFO - [2024-12-13T08:59:25.941+0000] {dagbag.py:541} INFO - Filling up the DagBag from /home/vscode/.local/lib/python3.10/site-packages/airflow/example_dags/example_dag_decorator.py
[2024-12-13T08:59:25.949+0000] {processor.py:836} INFO - DAG(s) dict_keys(['example_dag_decorator']) retrieved from /home/vscode/.local/lib/python3.10/site-packages/airflow/example_dags/example_dag_decorator.py
[2024-12-13T08:59:26.017+0000] {logging_mixin.py:150} INFO - [2024-12-13T08:59:26.016+0000] {dag.py:2742} INFO - Sync 1 DAGs
[2024-12-13T08:59:26.028+0000] {logging_mixin.py:150} INFO - [2024-12-13T08:59:26.028+0000] {dag.py:3504} INFO - Setting next_dagrun for example_dag_decorator to None, run_after=None
[2024-12-13T08:59:26.042+0000] {processor.py:179} INFO - Processing /home/vscode/.local/lib/python3.10/site-packages/airflow/example_dags/example_dag_decorator.py took 0.104 seconds
[2024-12-13T09:00:17.287+0000] {processor.py:157} INFO - Started process (PID=22855) to work on /home/vscode/.local/lib/python3.10/site-packages/airflow/example_dags/example_dag_decorator.py
[2024-12-13T09:00:17.288+0000] {processor.py:826} INFO - Processing file /home/vscode/.local/lib/python3.10/site-packages/airflow/example_dags/example_dag_decorator.py for tasks to queue
[2024-12-13T09:00:17.289+0000] {logging_mixin.py:150} INFO - [2024-12-13T09:00:17.289+0000] {dagbag.py:541} INFO - Filling up the DagBag from /home/vscode/.local/lib/python3.10/site-packages/airflow/example_dags/example_dag_decorator.py
[2024-12-13T09:00:17.297+0000] {processor.py:836} INFO - DAG(s) dict_keys(['example_dag_decorator']) retrieved from /home/vscode/.local/lib/python3.10/site-packages/airflow/example_dags/example_dag_decorator.py
[2024-12-13T09:00:17.364+0000] {logging_mixin.py:150} INFO - [2024-12-13T09:00:17.364+0000] {dag.py:2742} INFO - Sync 1 DAGs
[2024-12-13T09:00:17.376+0000] {logging_mixin.py:150} INFO - [2024-12-13T09:00:17.376+0000] {dag.py:3504} INFO - Setting next_dagrun for example_dag_decorator to None, run_after=None
[2024-12-13T09:00:17.390+0000] {processor.py:179} INFO - Processing /home/vscode/.local/lib/python3.10/site-packages/airflow/example_dags/example_dag_decorator.py took 0.104 seconds
[2024-12-13T09:01:11.077+0000] {processor.py:157} INFO - Started process (PID=23227) to work on /home/vscode/.local/lib/python3.10/site-packages/airflow/example_dags/example_dag_decorator.py
[2024-12-13T09:01:11.078+0000] {processor.py:826} INFO - Processing file /home/vscode/.local/lib/python3.10/site-packages/airflow/example_dags/example_dag_decorator.py for tasks to queue
[2024-12-13T09:01:11.079+0000] {logging_mixin.py:150} INFO - [2024-12-13T09:01:11.079+0000] {dagbag.py:541} INFO - Filling up the DagBag from /home/vscode/.local/lib/python3.10/site-packages/airflow/example_dags/example_dag_decorator.py
[2024-12-13T09:01:11.087+0000] {processor.py:836} INFO - DAG(s) dict_keys(['example_dag_decorator']) retrieved from /home/vscode/.local/lib/python3.10/site-packages/airflow/example_dags/example_dag_decorator.py
[2024-12-13T09:01:11.157+0000] {logging_mixin.py:150} INFO - [2024-12-13T09:01:11.156+0000] {dag.py:2742} INFO - Sync 1 DAGs
[2024-12-13T09:01:11.168+0000] {logging_mixin.py:150} INFO - [2024-12-13T09:01:11.168+0000] {dag.py:3504} INFO - Setting next_dagrun for example_dag_decorator to None, run_after=None
[2024-12-13T09:01:11.184+0000] {processor.py:179} INFO - Processing /home/vscode/.local/lib/python3.10/site-packages/airflow/example_dags/example_dag_decorator.py took 0.108 seconds
[2024-12-13T09:02:01.129+0000] {processor.py:157} INFO - Started process (PID=23571) to work on /home/vscode/.local/lib/python3.10/site-packages/airflow/example_dags/example_dag_decorator.py
[2024-12-13T09:02:01.130+0000] {processor.py:826} INFO - Processing file /home/vscode/.local/lib/python3.10/site-packages/airflow/example_dags/example_dag_decorator.py for tasks to queue
[2024-12-13T09:02:01.130+0000] {logging_mixin.py:150} INFO - [2024-12-13T09:02:01.130+0000] {dagbag.py:541} INFO - Filling up the DagBag from /home/vscode/.local/lib/python3.10/site-packages/airflow/example_dags/example_dag_decorator.py
[2024-12-13T09:02:01.139+0000] {processor.py:836} INFO - DAG(s) dict_keys(['example_dag_decorator']) retrieved from /home/vscode/.local/lib/python3.10/site-packages/airflow/example_dags/example_dag_decorator.py
[2024-12-13T09:02:01.208+0000] {logging_mixin.py:150} INFO - [2024-12-13T09:02:01.208+0000] {dag.py:2742} INFO - Sync 1 DAGs
[2024-12-13T09:02:01.220+0000] {logging_mixin.py:150} INFO - [2024-12-13T09:02:01.219+0000] {dag.py:3504} INFO - Setting next_dagrun for example_dag_decorator to None, run_after=None
[2024-12-13T09:02:01.233+0000] {processor.py:179} INFO - Processing /home/vscode/.local/lib/python3.10/site-packages/airflow/example_dags/example_dag_decorator.py took 0.106 seconds
[2024-12-13T09:02:52.110+0000] {processor.py:157} INFO - Started process (PID=23925) to work on /home/vscode/.local/lib/python3.10/site-packages/airflow/example_dags/example_dag_decorator.py
[2024-12-13T09:02:52.111+0000] {processor.py:826} INFO - Processing file /home/vscode/.local/lib/python3.10/site-packages/airflow/example_dags/example_dag_decorator.py for tasks to queue
[2024-12-13T09:02:52.112+0000] {logging_mixin.py:150} INFO - [2024-12-13T09:02:52.111+0000] {dagbag.py:541} INFO - Filling up the DagBag from /home/vscode/.local/lib/python3.10/site-packages/airflow/example_dags/example_dag_decorator.py
[2024-12-13T09:02:52.126+0000] {processor.py:836} INFO - DAG(s) dict_keys(['example_dag_decorator']) retrieved from /home/vscode/.local/lib/python3.10/site-packages/airflow/example_dags/example_dag_decorator.py
[2024-12-13T09:02:52.209+0000] {logging_mixin.py:150} INFO - [2024-12-13T09:02:52.209+0000] {dag.py:2742} INFO - Sync 1 DAGs
[2024-12-13T09:02:52.221+0000] {logging_mixin.py:150} INFO - [2024-12-13T09:02:52.221+0000] {dag.py:3504} INFO - Setting next_dagrun for example_dag_decorator to None, run_after=None
[2024-12-13T09:02:52.235+0000] {processor.py:179} INFO - Processing /home/vscode/.local/lib/python3.10/site-packages/airflow/example_dags/example_dag_decorator.py took 0.127 seconds
[2024-12-13T09:03:42.689+0000] {processor.py:157} INFO - Started process (PID=24270) to work on /home/vscode/.local/lib/python3.10/site-packages/airflow/example_dags/example_dag_decorator.py
[2024-12-13T09:03:42.690+0000] {processor.py:826} INFO - Processing file /home/vscode/.local/lib/python3.10/site-packages/airflow/example_dags/example_dag_decorator.py for tasks to queue
[2024-12-13T09:03:42.690+0000] {logging_mixin.py:150} INFO - [2024-12-13T09:03:42.690+0000] {dagbag.py:541} INFO - Filling up the DagBag from /home/vscode/.local/lib/python3.10/site-packages/airflow/example_dags/example_dag_decorator.py
[2024-12-13T09:03:42.698+0000] {processor.py:836} INFO - DAG(s) dict_keys(['example_dag_decorator']) retrieved from /home/vscode/.local/lib/python3.10/site-packages/airflow/example_dags/example_dag_decorator.py
[2024-12-13T09:03:42.767+0000] {logging_mixin.py:150} INFO - [2024-12-13T09:03:42.767+0000] {dag.py:2742} INFO - Sync 1 DAGs
[2024-12-13T09:03:42.779+0000] {logging_mixin.py:150} INFO - [2024-12-13T09:03:42.778+0000] {dag.py:3504} INFO - Setting next_dagrun for example_dag_decorator to None, run_after=None
[2024-12-13T09:03:42.792+0000] {processor.py:179} INFO - Processing /home/vscode/.local/lib/python3.10/site-packages/airflow/example_dags/example_dag_decorator.py took 0.105 seconds
[2024-12-13T09:04:32.932+0000] {processor.py:157} INFO - Started process (PID=24612) to work on /home/vscode/.local/lib/python3.10/site-packages/airflow/example_dags/example_dag_decorator.py
[2024-12-13T09:04:32.933+0000] {processor.py:826} INFO - Processing file /home/vscode/.local/lib/python3.10/site-packages/airflow/example_dags/example_dag_decorator.py for tasks to queue
[2024-12-13T09:04:32.933+0000] {logging_mixin.py:150} INFO - [2024-12-13T09:04:32.933+0000] {dagbag.py:541} INFO - Filling up the DagBag from /home/vscode/.local/lib/python3.10/site-packages/airflow/example_dags/example_dag_decorator.py
[2024-12-13T09:04:32.943+0000] {processor.py:836} INFO - DAG(s) dict_keys(['example_dag_decorator']) retrieved from /home/vscode/.local/lib/python3.10/site-packages/airflow/example_dags/example_dag_decorator.py
[2024-12-13T09:04:33.011+0000] {logging_mixin.py:150} INFO - [2024-12-13T09:04:33.011+0000] {dag.py:2742} INFO - Sync 1 DAGs
[2024-12-13T09:04:33.023+0000] {logging_mixin.py:150} INFO - [2024-12-13T09:04:33.023+0000] {dag.py:3504} INFO - Setting next_dagrun for example_dag_decorator to None, run_after=None
[2024-12-13T09:04:33.038+0000] {processor.py:179} INFO - Processing /home/vscode/.local/lib/python3.10/site-packages/airflow/example_dags/example_dag_decorator.py took 0.107 seconds
[2024-12-13T09:05:24.179+0000] {processor.py:157} INFO - Started process (PID=25003) to work on /home/vscode/.local/lib/python3.10/site-packages/airflow/example_dags/example_dag_decorator.py
[2024-12-13T09:05:24.180+0000] {processor.py:826} INFO - Processing file /home/vscode/.local/lib/python3.10/site-packages/airflow/example_dags/example_dag_decorator.py for tasks to queue
[2024-12-13T09:05:24.181+0000] {logging_mixin.py:150} INFO - [2024-12-13T09:05:24.181+0000] {dagbag.py:541} INFO - Filling up the DagBag from /home/vscode/.local/lib/python3.10/site-packages/airflow/example_dags/example_dag_decorator.py
[2024-12-13T09:05:24.192+0000] {processor.py:836} INFO - DAG(s) dict_keys(['example_dag_decorator']) retrieved from /home/vscode/.local/lib/python3.10/site-packages/airflow/example_dags/example_dag_decorator.py
[2024-12-13T09:05:24.276+0000] {logging_mixin.py:150} INFO - [2024-12-13T09:05:24.276+0000] {dag.py:2742} INFO - Sync 1 DAGs
[2024-12-13T09:05:24.288+0000] {logging_mixin.py:150} INFO - [2024-12-13T09:05:24.288+0000] {dag.py:3504} INFO - Setting next_dagrun for example_dag_decorator to None, run_after=None
[2024-12-13T09:05:24.301+0000] {processor.py:179} INFO - Processing /home/vscode/.local/lib/python3.10/site-packages/airflow/example_dags/example_dag_decorator.py took 0.125 seconds
[2024-12-13T09:06:15.510+0000] {processor.py:157} INFO - Started process (PID=25349) to work on /home/vscode/.local/lib/python3.10/site-packages/airflow/example_dags/example_dag_decorator.py
[2024-12-13T09:06:15.511+0000] {processor.py:826} INFO - Processing file /home/vscode/.local/lib/python3.10/site-packages/airflow/example_dags/example_dag_decorator.py for tasks to queue
[2024-12-13T09:06:15.512+0000] {logging_mixin.py:150} INFO - [2024-12-13T09:06:15.511+0000] {dagbag.py:541} INFO - Filling up the DagBag from /home/vscode/.local/lib/python3.10/site-packages/airflow/example_dags/example_dag_decorator.py
[2024-12-13T09:06:15.520+0000] {processor.py:836} INFO - DAG(s) dict_keys(['example_dag_decorator']) retrieved from /home/vscode/.local/lib/python3.10/site-packages/airflow/example_dags/example_dag_decorator.py
[2024-12-13T09:06:15.586+0000] {logging_mixin.py:150} INFO - [2024-12-13T09:06:15.585+0000] {dag.py:2742} INFO - Sync 1 DAGs
[2024-12-13T09:06:15.597+0000] {logging_mixin.py:150} INFO - [2024-12-13T09:06:15.597+0000] {dag.py:3504} INFO - Setting next_dagrun for example_dag_decorator to None, run_after=None
[2024-12-13T09:06:15.611+0000] {processor.py:179} INFO - Processing /home/vscode/.local/lib/python3.10/site-packages/airflow/example_dags/example_dag_decorator.py took 0.103 seconds
[2024-12-13T09:07:09.442+0000] {processor.py:157} INFO - Started process (PID=25712) to work on /home/vscode/.local/lib/python3.10/site-packages/airflow/example_dags/example_dag_decorator.py
[2024-12-13T09:07:09.442+0000] {processor.py:826} INFO - Processing file /home/vscode/.local/lib/python3.10/site-packages/airflow/example_dags/example_dag_decorator.py for tasks to queue
[2024-12-13T09:07:09.443+0000] {logging_mixin.py:150} INFO - [2024-12-13T09:07:09.443+0000] {dagbag.py:541} INFO - Filling up the DagBag from /home/vscode/.local/lib/python3.10/site-packages/airflow/example_dags/example_dag_decorator.py
[2024-12-13T09:07:09.452+0000] {processor.py:836} INFO - DAG(s) dict_keys(['example_dag_decorator']) retrieved from /home/vscode/.local/lib/python3.10/site-packages/airflow/example_dags/example_dag_decorator.py
[2024-12-13T09:07:09.519+0000] {logging_mixin.py:150} INFO - [2024-12-13T09:07:09.519+0000] {dag.py:2742} INFO - Sync 1 DAGs
[2024-12-13T09:07:09.530+0000] {logging_mixin.py:150} INFO - [2024-12-13T09:07:09.530+0000] {dag.py:3504} INFO - Setting next_dagrun for example_dag_decorator to None, run_after=None
[2024-12-13T09:07:09.544+0000] {processor.py:179} INFO - Processing /home/vscode/.local/lib/python3.10/site-packages/airflow/example_dags/example_dag_decorator.py took 0.104 seconds
[2024-12-13T09:07:58.345+0000] {processor.py:157} INFO - Started process (PID=26045) to work on /home/vscode/.local/lib/python3.10/site-packages/airflow/example_dags/example_dag_decorator.py
[2024-12-13T09:07:58.346+0000] {processor.py:826} INFO - Processing file /home/vscode/.local/lib/python3.10/site-packages/airflow/example_dags/example_dag_decorator.py for tasks to queue
[2024-12-13T09:07:58.347+0000] {logging_mixin.py:150} INFO - [2024-12-13T09:07:58.346+0000] {dagbag.py:541} INFO - Filling up the DagBag from /home/vscode/.local/lib/python3.10/site-packages/airflow/example_dags/example_dag_decorator.py
[2024-12-13T09:07:58.356+0000] {processor.py:836} INFO - DAG(s) dict_keys(['example_dag_decorator']) retrieved from /home/vscode/.local/lib/python3.10/site-packages/airflow/example_dags/example_dag_decorator.py
[2024-12-13T09:07:58.437+0000] {logging_mixin.py:150} INFO - [2024-12-13T09:07:58.437+0000] {dag.py:2742} INFO - Sync 1 DAGs
[2024-12-13T09:07:58.449+0000] {logging_mixin.py:150} INFO - [2024-12-13T09:07:58.449+0000] {dag.py:3504} INFO - Setting next_dagrun for example_dag_decorator to None, run_after=None
[2024-12-13T09:07:58.465+0000] {processor.py:179} INFO - Processing /home/vscode/.local/lib/python3.10/site-packages/airflow/example_dags/example_dag_decorator.py took 0.122 seconds
[2024-12-13T09:08:50.698+0000] {processor.py:157} INFO - Started process (PID=26407) to work on /home/vscode/.local/lib/python3.10/site-packages/airflow/example_dags/example_dag_decorator.py
[2024-12-13T09:08:50.698+0000] {processor.py:826} INFO - Processing file /home/vscode/.local/lib/python3.10/site-packages/airflow/example_dags/example_dag_decorator.py for tasks to queue
[2024-12-13T09:08:50.699+0000] {logging_mixin.py:150} INFO - [2024-12-13T09:08:50.699+0000] {dagbag.py:541} INFO - Filling up the DagBag from /home/vscode/.local/lib/python3.10/site-packages/airflow/example_dags/example_dag_decorator.py
[2024-12-13T09:08:50.707+0000] {processor.py:836} INFO - DAG(s) dict_keys(['example_dag_decorator']) retrieved from /home/vscode/.local/lib/python3.10/site-packages/airflow/example_dags/example_dag_decorator.py
[2024-12-13T09:08:50.773+0000] {logging_mixin.py:150} INFO - [2024-12-13T09:08:50.773+0000] {dag.py:2742} INFO - Sync 1 DAGs
[2024-12-13T09:08:50.789+0000] {logging_mixin.py:150} INFO - [2024-12-13T09:08:50.789+0000] {dag.py:3504} INFO - Setting next_dagrun for example_dag_decorator to None, run_after=None
[2024-12-13T09:08:50.804+0000] {processor.py:179} INFO - Processing /home/vscode/.local/lib/python3.10/site-packages/airflow/example_dags/example_dag_decorator.py took 0.108 seconds
[2024-12-13T09:09:39.912+0000] {processor.py:157} INFO - Started process (PID=26746) to work on /home/vscode/.local/lib/python3.10/site-packages/airflow/example_dags/example_dag_decorator.py
[2024-12-13T09:09:39.913+0000] {processor.py:826} INFO - Processing file /home/vscode/.local/lib/python3.10/site-packages/airflow/example_dags/example_dag_decorator.py for tasks to queue
[2024-12-13T09:09:39.914+0000] {logging_mixin.py:150} INFO - [2024-12-13T09:09:39.914+0000] {dagbag.py:541} INFO - Filling up the DagBag from /home/vscode/.local/lib/python3.10/site-packages/airflow/example_dags/example_dag_decorator.py
[2024-12-13T09:09:39.922+0000] {processor.py:836} INFO - DAG(s) dict_keys(['example_dag_decorator']) retrieved from /home/vscode/.local/lib/python3.10/site-packages/airflow/example_dags/example_dag_decorator.py
[2024-12-13T09:09:40.016+0000] {logging_mixin.py:150} INFO - [2024-12-13T09:09:40.015+0000] {dag.py:2742} INFO - Sync 1 DAGs
[2024-12-13T09:09:40.029+0000] {logging_mixin.py:150} INFO - [2024-12-13T09:09:40.029+0000] {dag.py:3504} INFO - Setting next_dagrun for example_dag_decorator to None, run_after=None
[2024-12-13T09:09:40.044+0000] {processor.py:179} INFO - Processing /home/vscode/.local/lib/python3.10/site-packages/airflow/example_dags/example_dag_decorator.py took 0.134 seconds
[2024-12-13T09:10:33.269+0000] {processor.py:157} INFO - Started process (PID=27150) to work on /home/vscode/.local/lib/python3.10/site-packages/airflow/example_dags/example_dag_decorator.py
[2024-12-13T09:10:33.270+0000] {processor.py:826} INFO - Processing file /home/vscode/.local/lib/python3.10/site-packages/airflow/example_dags/example_dag_decorator.py for tasks to queue
[2024-12-13T09:10:33.270+0000] {logging_mixin.py:150} INFO - [2024-12-13T09:10:33.270+0000] {dagbag.py:541} INFO - Filling up the DagBag from /home/vscode/.local/lib/python3.10/site-packages/airflow/example_dags/example_dag_decorator.py
[2024-12-13T09:10:33.278+0000] {processor.py:836} INFO - DAG(s) dict_keys(['example_dag_decorator']) retrieved from /home/vscode/.local/lib/python3.10/site-packages/airflow/example_dags/example_dag_decorator.py
[2024-12-13T09:10:33.346+0000] {logging_mixin.py:150} INFO - [2024-12-13T09:10:33.346+0000] {dag.py:2742} INFO - Sync 1 DAGs
[2024-12-13T09:10:33.358+0000] {logging_mixin.py:150} INFO - [2024-12-13T09:10:33.358+0000] {dag.py:3504} INFO - Setting next_dagrun for example_dag_decorator to None, run_after=None
[2024-12-13T09:10:33.372+0000] {processor.py:179} INFO - Processing /home/vscode/.local/lib/python3.10/site-packages/airflow/example_dags/example_dag_decorator.py took 0.105 seconds
[2024-12-13T09:11:25.741+0000] {processor.py:157} INFO - Started process (PID=27504) to work on /home/vscode/.local/lib/python3.10/site-packages/airflow/example_dags/example_dag_decorator.py
[2024-12-13T09:11:25.741+0000] {processor.py:826} INFO - Processing file /home/vscode/.local/lib/python3.10/site-packages/airflow/example_dags/example_dag_decorator.py for tasks to queue
[2024-12-13T09:11:25.742+0000] {logging_mixin.py:150} INFO - [2024-12-13T09:11:25.742+0000] {dagbag.py:541} INFO - Filling up the DagBag from /home/vscode/.local/lib/python3.10/site-packages/airflow/example_dags/example_dag_decorator.py
[2024-12-13T09:11:25.750+0000] {processor.py:836} INFO - DAG(s) dict_keys(['example_dag_decorator']) retrieved from /home/vscode/.local/lib/python3.10/site-packages/airflow/example_dags/example_dag_decorator.py
[2024-12-13T09:11:25.816+0000] {logging_mixin.py:150} INFO - [2024-12-13T09:11:25.816+0000] {dag.py:2742} INFO - Sync 1 DAGs
[2024-12-13T09:11:25.828+0000] {logging_mixin.py:150} INFO - [2024-12-13T09:11:25.828+0000] {dag.py:3504} INFO - Setting next_dagrun for example_dag_decorator to None, run_after=None
[2024-12-13T09:11:25.843+0000] {processor.py:179} INFO - Processing /home/vscode/.local/lib/python3.10/site-packages/airflow/example_dags/example_dag_decorator.py took 0.105 seconds
[2024-12-13T09:12:14.708+0000] {processor.py:157} INFO - Started process (PID=27839) to work on /home/vscode/.local/lib/python3.10/site-packages/airflow/example_dags/example_dag_decorator.py
[2024-12-13T09:12:14.709+0000] {processor.py:826} INFO - Processing file /home/vscode/.local/lib/python3.10/site-packages/airflow/example_dags/example_dag_decorator.py for tasks to queue
[2024-12-13T09:12:14.709+0000] {logging_mixin.py:150} INFO - [2024-12-13T09:12:14.709+0000] {dagbag.py:541} INFO - Filling up the DagBag from /home/vscode/.local/lib/python3.10/site-packages/airflow/example_dags/example_dag_decorator.py
[2024-12-13T09:12:14.717+0000] {processor.py:836} INFO - DAG(s) dict_keys(['example_dag_decorator']) retrieved from /home/vscode/.local/lib/python3.10/site-packages/airflow/example_dags/example_dag_decorator.py
[2024-12-13T09:12:14.785+0000] {logging_mixin.py:150} INFO - [2024-12-13T09:12:14.785+0000] {dag.py:2742} INFO - Sync 1 DAGs
[2024-12-13T09:12:14.797+0000] {logging_mixin.py:150} INFO - [2024-12-13T09:12:14.797+0000] {dag.py:3504} INFO - Setting next_dagrun for example_dag_decorator to None, run_after=None
[2024-12-13T09:12:14.811+0000] {processor.py:179} INFO - Processing /home/vscode/.local/lib/python3.10/site-packages/airflow/example_dags/example_dag_decorator.py took 0.105 seconds
[2024-12-13T09:13:07.323+0000] {processor.py:157} INFO - Started process (PID=28202) to work on /home/vscode/.local/lib/python3.10/site-packages/airflow/example_dags/example_dag_decorator.py
[2024-12-13T09:13:07.324+0000] {processor.py:826} INFO - Processing file /home/vscode/.local/lib/python3.10/site-packages/airflow/example_dags/example_dag_decorator.py for tasks to queue
[2024-12-13T09:13:07.325+0000] {logging_mixin.py:150} INFO - [2024-12-13T09:13:07.324+0000] {dagbag.py:541} INFO - Filling up the DagBag from /home/vscode/.local/lib/python3.10/site-packages/airflow/example_dags/example_dag_decorator.py
[2024-12-13T09:13:07.334+0000] {processor.py:836} INFO - DAG(s) dict_keys(['example_dag_decorator']) retrieved from /home/vscode/.local/lib/python3.10/site-packages/airflow/example_dags/example_dag_decorator.py
[2024-12-13T09:13:07.409+0000] {logging_mixin.py:150} INFO - [2024-12-13T09:13:07.409+0000] {dag.py:2742} INFO - Sync 1 DAGs
[2024-12-13T09:13:07.422+0000] {logging_mixin.py:150} INFO - [2024-12-13T09:13:07.422+0000] {dag.py:3504} INFO - Setting next_dagrun for example_dag_decorator to None, run_after=None
[2024-12-13T09:13:07.436+0000] {processor.py:179} INFO - Processing /home/vscode/.local/lib/python3.10/site-packages/airflow/example_dags/example_dag_decorator.py took 0.115 seconds
[2024-12-13T09:14:02.083+0000] {processor.py:157} INFO - Started process (PID=28571) to work on /home/vscode/.local/lib/python3.10/site-packages/airflow/example_dags/example_dag_decorator.py
[2024-12-13T09:14:02.083+0000] {processor.py:826} INFO - Processing file /home/vscode/.local/lib/python3.10/site-packages/airflow/example_dags/example_dag_decorator.py for tasks to queue
[2024-12-13T09:14:02.084+0000] {logging_mixin.py:150} INFO - [2024-12-13T09:14:02.084+0000] {dagbag.py:541} INFO - Filling up the DagBag from /home/vscode/.local/lib/python3.10/site-packages/airflow/example_dags/example_dag_decorator.py
[2024-12-13T09:14:02.092+0000] {processor.py:836} INFO - DAG(s) dict_keys(['example_dag_decorator']) retrieved from /home/vscode/.local/lib/python3.10/site-packages/airflow/example_dags/example_dag_decorator.py
[2024-12-13T09:14:02.176+0000] {logging_mixin.py:150} INFO - [2024-12-13T09:14:02.176+0000] {dag.py:2742} INFO - Sync 1 DAGs
[2024-12-13T09:14:02.188+0000] {logging_mixin.py:150} INFO - [2024-12-13T09:14:02.188+0000] {dag.py:3504} INFO - Setting next_dagrun for example_dag_decorator to None, run_after=None
[2024-12-13T09:14:02.202+0000] {processor.py:179} INFO - Processing /home/vscode/.local/lib/python3.10/site-packages/airflow/example_dags/example_dag_decorator.py took 0.121 seconds
[2024-12-13T09:14:48.028+0000] {processor.py:157} INFO - Started process (PID=28899) to work on /home/vscode/.local/lib/python3.10/site-packages/airflow/example_dags/example_dag_decorator.py
[2024-12-13T09:14:48.028+0000] {processor.py:826} INFO - Processing file /home/vscode/.local/lib/python3.10/site-packages/airflow/example_dags/example_dag_decorator.py for tasks to queue
[2024-12-13T09:14:48.029+0000] {logging_mixin.py:150} INFO - [2024-12-13T09:14:48.029+0000] {dagbag.py:541} INFO - Filling up the DagBag from /home/vscode/.local/lib/python3.10/site-packages/airflow/example_dags/example_dag_decorator.py
[2024-12-13T09:14:48.037+0000] {processor.py:836} INFO - DAG(s) dict_keys(['example_dag_decorator']) retrieved from /home/vscode/.local/lib/python3.10/site-packages/airflow/example_dags/example_dag_decorator.py
[2024-12-13T09:14:48.106+0000] {logging_mixin.py:150} INFO - [2024-12-13T09:14:48.105+0000] {dag.py:2742} INFO - Sync 1 DAGs
[2024-12-13T09:14:48.119+0000] {logging_mixin.py:150} INFO - [2024-12-13T09:14:48.119+0000] {dag.py:3504} INFO - Setting next_dagrun for example_dag_decorator to None, run_after=None
[2024-12-13T09:14:48.134+0000] {processor.py:179} INFO - Processing /home/vscode/.local/lib/python3.10/site-packages/airflow/example_dags/example_dag_decorator.py took 0.108 seconds
[2024-12-13T09:15:38.255+0000] {processor.py:157} INFO - Started process (PID=29271) to work on /home/vscode/.local/lib/python3.10/site-packages/airflow/example_dags/example_dag_decorator.py
[2024-12-13T09:15:38.256+0000] {processor.py:826} INFO - Processing file /home/vscode/.local/lib/python3.10/site-packages/airflow/example_dags/example_dag_decorator.py for tasks to queue
[2024-12-13T09:15:38.256+0000] {logging_mixin.py:150} INFO - [2024-12-13T09:15:38.256+0000] {dagbag.py:541} INFO - Filling up the DagBag from /home/vscode/.local/lib/python3.10/site-packages/airflow/example_dags/example_dag_decorator.py
[2024-12-13T09:15:38.265+0000] {processor.py:836} INFO - DAG(s) dict_keys(['example_dag_decorator']) retrieved from /home/vscode/.local/lib/python3.10/site-packages/airflow/example_dags/example_dag_decorator.py
[2024-12-13T09:15:38.337+0000] {logging_mixin.py:150} INFO - [2024-12-13T09:15:38.337+0000] {dag.py:2742} INFO - Sync 1 DAGs
[2024-12-13T09:15:38.349+0000] {logging_mixin.py:150} INFO - [2024-12-13T09:15:38.348+0000] {dag.py:3504} INFO - Setting next_dagrun for example_dag_decorator to None, run_after=None
[2024-12-13T09:15:38.363+0000] {processor.py:179} INFO - Processing /home/vscode/.local/lib/python3.10/site-packages/airflow/example_dags/example_dag_decorator.py took 0.110 seconds
[2024-12-13T09:16:31.237+0000] {processor.py:157} INFO - Started process (PID=29633) to work on /home/vscode/.local/lib/python3.10/site-packages/airflow/example_dags/example_dag_decorator.py
[2024-12-13T09:16:31.238+0000] {processor.py:826} INFO - Processing file /home/vscode/.local/lib/python3.10/site-packages/airflow/example_dags/example_dag_decorator.py for tasks to queue
[2024-12-13T09:16:31.238+0000] {logging_mixin.py:150} INFO - [2024-12-13T09:16:31.238+0000] {dagbag.py:541} INFO - Filling up the DagBag from /home/vscode/.local/lib/python3.10/site-packages/airflow/example_dags/example_dag_decorator.py
[2024-12-13T09:16:31.247+0000] {processor.py:836} INFO - DAG(s) dict_keys(['example_dag_decorator']) retrieved from /home/vscode/.local/lib/python3.10/site-packages/airflow/example_dags/example_dag_decorator.py
[2024-12-13T09:16:31.320+0000] {logging_mixin.py:150} INFO - [2024-12-13T09:16:31.320+0000] {dag.py:2742} INFO - Sync 1 DAGs
[2024-12-13T09:16:31.333+0000] {logging_mixin.py:150} INFO - [2024-12-13T09:16:31.332+0000] {dag.py:3504} INFO - Setting next_dagrun for example_dag_decorator to None, run_after=None
[2024-12-13T09:16:31.346+0000] {processor.py:179} INFO - Processing /home/vscode/.local/lib/python3.10/site-packages/airflow/example_dags/example_dag_decorator.py took 0.112 seconds
[2024-12-13T09:17:21.915+0000] {processor.py:157} INFO - Started process (PID=29982) to work on /home/vscode/.local/lib/python3.10/site-packages/airflow/example_dags/example_dag_decorator.py
[2024-12-13T09:17:21.916+0000] {processor.py:826} INFO - Processing file /home/vscode/.local/lib/python3.10/site-packages/airflow/example_dags/example_dag_decorator.py for tasks to queue
[2024-12-13T09:17:21.916+0000] {logging_mixin.py:150} INFO - [2024-12-13T09:17:21.916+0000] {dagbag.py:541} INFO - Filling up the DagBag from /home/vscode/.local/lib/python3.10/site-packages/airflow/example_dags/example_dag_decorator.py
[2024-12-13T09:17:21.927+0000] {processor.py:836} INFO - DAG(s) dict_keys(['example_dag_decorator']) retrieved from /home/vscode/.local/lib/python3.10/site-packages/airflow/example_dags/example_dag_decorator.py
[2024-12-13T09:17:21.995+0000] {logging_mixin.py:150} INFO - [2024-12-13T09:17:21.995+0000] {dag.py:2742} INFO - Sync 1 DAGs
[2024-12-13T09:17:22.007+0000] {logging_mixin.py:150} INFO - [2024-12-13T09:17:22.006+0000] {dag.py:3504} INFO - Setting next_dagrun for example_dag_decorator to None, run_after=None
[2024-12-13T09:17:22.020+0000] {processor.py:179} INFO - Processing /home/vscode/.local/lib/python3.10/site-packages/airflow/example_dags/example_dag_decorator.py took 0.108 seconds
[2024-12-13T09:18:15.322+0000] {processor.py:157} INFO - Started process (PID=30345) to work on /home/vscode/.local/lib/python3.10/site-packages/airflow/example_dags/example_dag_decorator.py
[2024-12-13T09:18:15.323+0000] {processor.py:826} INFO - Processing file /home/vscode/.local/lib/python3.10/site-packages/airflow/example_dags/example_dag_decorator.py for tasks to queue
[2024-12-13T09:18:15.324+0000] {logging_mixin.py:150} INFO - [2024-12-13T09:18:15.323+0000] {dagbag.py:541} INFO - Filling up the DagBag from /home/vscode/.local/lib/python3.10/site-packages/airflow/example_dags/example_dag_decorator.py
[2024-12-13T09:18:15.332+0000] {processor.py:836} INFO - DAG(s) dict_keys(['example_dag_decorator']) retrieved from /home/vscode/.local/lib/python3.10/site-packages/airflow/example_dags/example_dag_decorator.py
[2024-12-13T09:18:15.398+0000] {logging_mixin.py:150} INFO - [2024-12-13T09:18:15.398+0000] {dag.py:2742} INFO - Sync 1 DAGs
[2024-12-13T09:18:15.410+0000] {logging_mixin.py:150} INFO - [2024-12-13T09:18:15.410+0000] {dag.py:3504} INFO - Setting next_dagrun for example_dag_decorator to None, run_after=None
[2024-12-13T09:18:15.424+0000] {processor.py:179} INFO - Processing /home/vscode/.local/lib/python3.10/site-packages/airflow/example_dags/example_dag_decorator.py took 0.104 seconds
[2024-12-13T09:19:04.225+0000] {processor.py:157} INFO - Started process (PID=30678) to work on /home/vscode/.local/lib/python3.10/site-packages/airflow/example_dags/example_dag_decorator.py
[2024-12-13T09:19:04.226+0000] {processor.py:826} INFO - Processing file /home/vscode/.local/lib/python3.10/site-packages/airflow/example_dags/example_dag_decorator.py for tasks to queue
[2024-12-13T09:19:04.227+0000] {logging_mixin.py:150} INFO - [2024-12-13T09:19:04.226+0000] {dagbag.py:541} INFO - Filling up the DagBag from /home/vscode/.local/lib/python3.10/site-packages/airflow/example_dags/example_dag_decorator.py
[2024-12-13T09:19:04.235+0000] {processor.py:836} INFO - DAG(s) dict_keys(['example_dag_decorator']) retrieved from /home/vscode/.local/lib/python3.10/site-packages/airflow/example_dags/example_dag_decorator.py
[2024-12-13T09:19:04.303+0000] {logging_mixin.py:150} INFO - [2024-12-13T09:19:04.302+0000] {dag.py:2742} INFO - Sync 1 DAGs
[2024-12-13T09:19:04.315+0000] {logging_mixin.py:150} INFO - [2024-12-13T09:19:04.315+0000] {dag.py:3504} INFO - Setting next_dagrun for example_dag_decorator to None, run_after=None
[2024-12-13T09:19:04.328+0000] {processor.py:179} INFO - Processing /home/vscode/.local/lib/python3.10/site-packages/airflow/example_dags/example_dag_decorator.py took 0.105 seconds
[2024-12-13T09:19:52.490+0000] {processor.py:157} INFO - Started process (PID=31013) to work on /home/vscode/.local/lib/python3.10/site-packages/airflow/example_dags/example_dag_decorator.py
[2024-12-13T09:19:52.490+0000] {processor.py:826} INFO - Processing file /home/vscode/.local/lib/python3.10/site-packages/airflow/example_dags/example_dag_decorator.py for tasks to queue
[2024-12-13T09:19:52.491+0000] {logging_mixin.py:150} INFO - [2024-12-13T09:19:52.491+0000] {dagbag.py:541} INFO - Filling up the DagBag from /home/vscode/.local/lib/python3.10/site-packages/airflow/example_dags/example_dag_decorator.py
[2024-12-13T09:19:52.499+0000] {processor.py:836} INFO - DAG(s) dict_keys(['example_dag_decorator']) retrieved from /home/vscode/.local/lib/python3.10/site-packages/airflow/example_dags/example_dag_decorator.py
[2024-12-13T09:19:52.567+0000] {logging_mixin.py:150} INFO - [2024-12-13T09:19:52.567+0000] {dag.py:2742} INFO - Sync 1 DAGs
[2024-12-13T09:19:52.580+0000] {logging_mixin.py:150} INFO - [2024-12-13T09:19:52.579+0000] {dag.py:3504} INFO - Setting next_dagrun for example_dag_decorator to None, run_after=None
[2024-12-13T09:19:52.594+0000] {processor.py:179} INFO - Processing /home/vscode/.local/lib/python3.10/site-packages/airflow/example_dags/example_dag_decorator.py took 0.106 seconds
[2024-12-13T09:20:42.132+0000] {processor.py:157} INFO - Started process (PID=31377) to work on /home/vscode/.local/lib/python3.10/site-packages/airflow/example_dags/example_dag_decorator.py
[2024-12-13T09:20:42.133+0000] {processor.py:826} INFO - Processing file /home/vscode/.local/lib/python3.10/site-packages/airflow/example_dags/example_dag_decorator.py for tasks to queue
[2024-12-13T09:20:42.134+0000] {logging_mixin.py:150} INFO - [2024-12-13T09:20:42.134+0000] {dagbag.py:541} INFO - Filling up the DagBag from /home/vscode/.local/lib/python3.10/site-packages/airflow/example_dags/example_dag_decorator.py
[2024-12-13T09:20:42.146+0000] {processor.py:836} INFO - DAG(s) dict_keys(['example_dag_decorator']) retrieved from /home/vscode/.local/lib/python3.10/site-packages/airflow/example_dags/example_dag_decorator.py
[2024-12-13T09:20:42.221+0000] {logging_mixin.py:150} INFO - [2024-12-13T09:20:42.221+0000] {dag.py:2742} INFO - Sync 1 DAGs
[2024-12-13T09:20:42.233+0000] {logging_mixin.py:150} INFO - [2024-12-13T09:20:42.232+0000] {dag.py:3504} INFO - Setting next_dagrun for example_dag_decorator to None, run_after=None
[2024-12-13T09:20:42.247+0000] {processor.py:179} INFO - Processing /home/vscode/.local/lib/python3.10/site-packages/airflow/example_dags/example_dag_decorator.py took 0.117 seconds
[2024-12-13T09:21:35.207+0000] {processor.py:157} INFO - Started process (PID=31744) to work on /home/vscode/.local/lib/python3.10/site-packages/airflow/example_dags/example_dag_decorator.py
[2024-12-13T09:21:35.207+0000] {processor.py:826} INFO - Processing file /home/vscode/.local/lib/python3.10/site-packages/airflow/example_dags/example_dag_decorator.py for tasks to queue
[2024-12-13T09:21:35.208+0000] {logging_mixin.py:150} INFO - [2024-12-13T09:21:35.208+0000] {dagbag.py:541} INFO - Filling up the DagBag from /home/vscode/.local/lib/python3.10/site-packages/airflow/example_dags/example_dag_decorator.py
[2024-12-13T09:21:35.216+0000] {processor.py:836} INFO - DAG(s) dict_keys(['example_dag_decorator']) retrieved from /home/vscode/.local/lib/python3.10/site-packages/airflow/example_dags/example_dag_decorator.py
[2024-12-13T09:21:35.281+0000] {logging_mixin.py:150} INFO - [2024-12-13T09:21:35.281+0000] {dag.py:2742} INFO - Sync 1 DAGs
[2024-12-13T09:21:35.295+0000] {logging_mixin.py:150} INFO - [2024-12-13T09:21:35.295+0000] {dag.py:3504} INFO - Setting next_dagrun for example_dag_decorator to None, run_after=None
[2024-12-13T09:21:35.308+0000] {processor.py:179} INFO - Processing /home/vscode/.local/lib/python3.10/site-packages/airflow/example_dags/example_dag_decorator.py took 0.104 seconds
[2024-12-13T09:22:26.288+0000] {processor.py:157} INFO - Started process (PID=32090) to work on /home/vscode/.local/lib/python3.10/site-packages/airflow/example_dags/example_dag_decorator.py
[2024-12-13T09:22:26.289+0000] {processor.py:826} INFO - Processing file /home/vscode/.local/lib/python3.10/site-packages/airflow/example_dags/example_dag_decorator.py for tasks to queue
[2024-12-13T09:22:26.289+0000] {logging_mixin.py:150} INFO - [2024-12-13T09:22:26.289+0000] {dagbag.py:541} INFO - Filling up the DagBag from /home/vscode/.local/lib/python3.10/site-packages/airflow/example_dags/example_dag_decorator.py
[2024-12-13T09:22:26.297+0000] {processor.py:836} INFO - DAG(s) dict_keys(['example_dag_decorator']) retrieved from /home/vscode/.local/lib/python3.10/site-packages/airflow/example_dags/example_dag_decorator.py
[2024-12-13T09:22:26.364+0000] {logging_mixin.py:150} INFO - [2024-12-13T09:22:26.364+0000] {dag.py:2742} INFO - Sync 1 DAGs
[2024-12-13T09:22:26.376+0000] {logging_mixin.py:150} INFO - [2024-12-13T09:22:26.375+0000] {dag.py:3504} INFO - Setting next_dagrun for example_dag_decorator to None, run_after=None
[2024-12-13T09:22:26.389+0000] {processor.py:179} INFO - Processing /home/vscode/.local/lib/python3.10/site-packages/airflow/example_dags/example_dag_decorator.py took 0.103 seconds
[2024-12-13T09:23:20.268+0000] {processor.py:157} INFO - Started process (PID=32460) to work on /home/vscode/.local/lib/python3.10/site-packages/airflow/example_dags/example_dag_decorator.py
[2024-12-13T09:23:20.268+0000] {processor.py:826} INFO - Processing file /home/vscode/.local/lib/python3.10/site-packages/airflow/example_dags/example_dag_decorator.py for tasks to queue
[2024-12-13T09:23:20.269+0000] {logging_mixin.py:150} INFO - [2024-12-13T09:23:20.269+0000] {dagbag.py:541} INFO - Filling up the DagBag from /home/vscode/.local/lib/python3.10/site-packages/airflow/example_dags/example_dag_decorator.py
[2024-12-13T09:23:20.278+0000] {processor.py:836} INFO - DAG(s) dict_keys(['example_dag_decorator']) retrieved from /home/vscode/.local/lib/python3.10/site-packages/airflow/example_dags/example_dag_decorator.py
[2024-12-13T09:23:20.347+0000] {logging_mixin.py:150} INFO - [2024-12-13T09:23:20.347+0000] {dag.py:2742} INFO - Sync 1 DAGs
[2024-12-13T09:23:20.360+0000] {logging_mixin.py:150} INFO - [2024-12-13T09:23:20.360+0000] {dag.py:3504} INFO - Setting next_dagrun for example_dag_decorator to None, run_after=None
[2024-12-13T09:23:20.374+0000] {processor.py:179} INFO - Processing /home/vscode/.local/lib/python3.10/site-packages/airflow/example_dags/example_dag_decorator.py took 0.108 seconds
[2024-12-13T09:24:15.152+0000] {processor.py:157} INFO - Started process (PID=32831) to work on /home/vscode/.local/lib/python3.10/site-packages/airflow/example_dags/example_dag_decorator.py
[2024-12-13T09:24:15.153+0000] {processor.py:826} INFO - Processing file /home/vscode/.local/lib/python3.10/site-packages/airflow/example_dags/example_dag_decorator.py for tasks to queue
[2024-12-13T09:24:15.153+0000] {logging_mixin.py:150} INFO - [2024-12-13T09:24:15.153+0000] {dagbag.py:541} INFO - Filling up the DagBag from /home/vscode/.local/lib/python3.10/site-packages/airflow/example_dags/example_dag_decorator.py
[2024-12-13T09:24:15.161+0000] {processor.py:836} INFO - DAG(s) dict_keys(['example_dag_decorator']) retrieved from /home/vscode/.local/lib/python3.10/site-packages/airflow/example_dags/example_dag_decorator.py
[2024-12-13T09:24:15.229+0000] {logging_mixin.py:150} INFO - [2024-12-13T09:24:15.229+0000] {dag.py:2742} INFO - Sync 1 DAGs
[2024-12-13T09:24:15.242+0000] {logging_mixin.py:150} INFO - [2024-12-13T09:24:15.242+0000] {dag.py:3504} INFO - Setting next_dagrun for example_dag_decorator to None, run_after=None
[2024-12-13T09:24:15.256+0000] {processor.py:179} INFO - Processing /home/vscode/.local/lib/python3.10/site-packages/airflow/example_dags/example_dag_decorator.py took 0.106 seconds
[2024-12-13T09:25:05.240+0000] {processor.py:157} INFO - Started process (PID=33184) to work on /home/vscode/.local/lib/python3.10/site-packages/airflow/example_dags/example_dag_decorator.py
[2024-12-13T09:25:05.241+0000] {processor.py:826} INFO - Processing file /home/vscode/.local/lib/python3.10/site-packages/airflow/example_dags/example_dag_decorator.py for tasks to queue
[2024-12-13T09:25:05.241+0000] {logging_mixin.py:150} INFO - [2024-12-13T09:25:05.241+0000] {dagbag.py:541} INFO - Filling up the DagBag from /home/vscode/.local/lib/python3.10/site-packages/airflow/example_dags/example_dag_decorator.py
[2024-12-13T09:25:05.250+0000] {processor.py:836} INFO - DAG(s) dict_keys(['example_dag_decorator']) retrieved from /home/vscode/.local/lib/python3.10/site-packages/airflow/example_dags/example_dag_decorator.py
[2024-12-13T09:25:05.323+0000] {logging_mixin.py:150} INFO - [2024-12-13T09:25:05.323+0000] {dag.py:2742} INFO - Sync 1 DAGs
[2024-12-13T09:25:05.342+0000] {logging_mixin.py:150} INFO - [2024-12-13T09:25:05.342+0000] {dag.py:3504} INFO - Setting next_dagrun for example_dag_decorator to None, run_after=None
[2024-12-13T09:25:05.357+0000] {processor.py:179} INFO - Processing /home/vscode/.local/lib/python3.10/site-packages/airflow/example_dags/example_dag_decorator.py took 0.118 seconds
[2024-12-13T09:25:52.599+0000] {processor.py:157} INFO - Started process (PID=33531) to work on /home/vscode/.local/lib/python3.10/site-packages/airflow/example_dags/example_dag_decorator.py
[2024-12-13T09:25:52.600+0000] {processor.py:826} INFO - Processing file /home/vscode/.local/lib/python3.10/site-packages/airflow/example_dags/example_dag_decorator.py for tasks to queue
[2024-12-13T09:25:52.601+0000] {logging_mixin.py:150} INFO - [2024-12-13T09:25:52.600+0000] {dagbag.py:541} INFO - Filling up the DagBag from /home/vscode/.local/lib/python3.10/site-packages/airflow/example_dags/example_dag_decorator.py
[2024-12-13T09:25:52.609+0000] {processor.py:836} INFO - DAG(s) dict_keys(['example_dag_decorator']) retrieved from /home/vscode/.local/lib/python3.10/site-packages/airflow/example_dags/example_dag_decorator.py
[2024-12-13T09:25:52.677+0000] {logging_mixin.py:150} INFO - [2024-12-13T09:25:52.677+0000] {dag.py:2742} INFO - Sync 1 DAGs
[2024-12-13T09:25:52.689+0000] {logging_mixin.py:150} INFO - [2024-12-13T09:25:52.689+0000] {dag.py:3504} INFO - Setting next_dagrun for example_dag_decorator to None, run_after=None
[2024-12-13T09:25:52.703+0000] {processor.py:179} INFO - Processing /home/vscode/.local/lib/python3.10/site-packages/airflow/example_dags/example_dag_decorator.py took 0.106 seconds
[2024-12-13T09:26:42.838+0000] {processor.py:157} INFO - Started process (PID=33874) to work on /home/vscode/.local/lib/python3.10/site-packages/airflow/example_dags/example_dag_decorator.py
[2024-12-13T09:26:42.838+0000] {processor.py:826} INFO - Processing file /home/vscode/.local/lib/python3.10/site-packages/airflow/example_dags/example_dag_decorator.py for tasks to queue
[2024-12-13T09:26:42.839+0000] {logging_mixin.py:150} INFO - [2024-12-13T09:26:42.839+0000] {dagbag.py:541} INFO - Filling up the DagBag from /home/vscode/.local/lib/python3.10/site-packages/airflow/example_dags/example_dag_decorator.py
[2024-12-13T09:26:42.847+0000] {processor.py:836} INFO - DAG(s) dict_keys(['example_dag_decorator']) retrieved from /home/vscode/.local/lib/python3.10/site-packages/airflow/example_dags/example_dag_decorator.py
[2024-12-13T09:26:42.926+0000] {logging_mixin.py:150} INFO - [2024-12-13T09:26:42.926+0000] {dag.py:2742} INFO - Sync 1 DAGs
[2024-12-13T09:26:42.938+0000] {logging_mixin.py:150} INFO - [2024-12-13T09:26:42.938+0000] {dag.py:3504} INFO - Setting next_dagrun for example_dag_decorator to None, run_after=None
[2024-12-13T09:26:42.953+0000] {processor.py:179} INFO - Processing /home/vscode/.local/lib/python3.10/site-packages/airflow/example_dags/example_dag_decorator.py took 0.118 seconds
[2024-12-13T09:27:33.055+0000] {processor.py:157} INFO - Started process (PID=34227) to work on /home/vscode/.local/lib/python3.10/site-packages/airflow/example_dags/example_dag_decorator.py
[2024-12-13T09:27:33.055+0000] {processor.py:826} INFO - Processing file /home/vscode/.local/lib/python3.10/site-packages/airflow/example_dags/example_dag_decorator.py for tasks to queue
[2024-12-13T09:27:33.056+0000] {logging_mixin.py:150} INFO - [2024-12-13T09:27:33.056+0000] {dagbag.py:541} INFO - Filling up the DagBag from /home/vscode/.local/lib/python3.10/site-packages/airflow/example_dags/example_dag_decorator.py
[2024-12-13T09:27:33.064+0000] {processor.py:836} INFO - DAG(s) dict_keys(['example_dag_decorator']) retrieved from /home/vscode/.local/lib/python3.10/site-packages/airflow/example_dags/example_dag_decorator.py
[2024-12-13T09:27:33.131+0000] {logging_mixin.py:150} INFO - [2024-12-13T09:27:33.131+0000] {dag.py:2742} INFO - Sync 1 DAGs
[2024-12-13T09:27:33.143+0000] {logging_mixin.py:150} INFO - [2024-12-13T09:27:33.143+0000] {dag.py:3504} INFO - Setting next_dagrun for example_dag_decorator to None, run_after=None
[2024-12-13T09:27:33.156+0000] {processor.py:179} INFO - Processing /home/vscode/.local/lib/python3.10/site-packages/airflow/example_dags/example_dag_decorator.py took 0.104 seconds
[2024-12-13T09:28:25.537+0000] {processor.py:157} INFO - Started process (PID=34572) to work on /home/vscode/.local/lib/python3.10/site-packages/airflow/example_dags/example_dag_decorator.py
[2024-12-13T09:28:25.538+0000] {processor.py:826} INFO - Processing file /home/vscode/.local/lib/python3.10/site-packages/airflow/example_dags/example_dag_decorator.py for tasks to queue
[2024-12-13T09:28:25.538+0000] {logging_mixin.py:150} INFO - [2024-12-13T09:28:25.538+0000] {dagbag.py:541} INFO - Filling up the DagBag from /home/vscode/.local/lib/python3.10/site-packages/airflow/example_dags/example_dag_decorator.py
[2024-12-13T09:28:25.549+0000] {processor.py:836} INFO - DAG(s) dict_keys(['example_dag_decorator']) retrieved from /home/vscode/.local/lib/python3.10/site-packages/airflow/example_dags/example_dag_decorator.py
[2024-12-13T09:28:25.628+0000] {logging_mixin.py:150} INFO - [2024-12-13T09:28:25.628+0000] {dag.py:2742} INFO - Sync 1 DAGs
[2024-12-13T09:28:25.639+0000] {logging_mixin.py:150} INFO - [2024-12-13T09:28:25.639+0000] {dag.py:3504} INFO - Setting next_dagrun for example_dag_decorator to None, run_after=None
[2024-12-13T09:28:25.654+0000] {processor.py:179} INFO - Processing /home/vscode/.local/lib/python3.10/site-packages/airflow/example_dags/example_dag_decorator.py took 0.119 seconds
[2024-12-13T09:29:22.279+0000] {processor.py:157} INFO - Started process (PID=34964) to work on /home/vscode/.local/lib/python3.10/site-packages/airflow/example_dags/example_dag_decorator.py
[2024-12-13T09:29:22.280+0000] {processor.py:826} INFO - Processing file /home/vscode/.local/lib/python3.10/site-packages/airflow/example_dags/example_dag_decorator.py for tasks to queue
[2024-12-13T09:29:22.280+0000] {logging_mixin.py:150} INFO - [2024-12-13T09:29:22.280+0000] {dagbag.py:541} INFO - Filling up the DagBag from /home/vscode/.local/lib/python3.10/site-packages/airflow/example_dags/example_dag_decorator.py
[2024-12-13T09:29:22.289+0000] {processor.py:836} INFO - DAG(s) dict_keys(['example_dag_decorator']) retrieved from /home/vscode/.local/lib/python3.10/site-packages/airflow/example_dags/example_dag_decorator.py
[2024-12-13T09:29:22.361+0000] {logging_mixin.py:150} INFO - [2024-12-13T09:29:22.360+0000] {dag.py:2742} INFO - Sync 1 DAGs
[2024-12-13T09:29:22.372+0000] {logging_mixin.py:150} INFO - [2024-12-13T09:29:22.372+0000] {dag.py:3504} INFO - Setting next_dagrun for example_dag_decorator to None, run_after=None
[2024-12-13T09:29:22.386+0000] {processor.py:179} INFO - Processing /home/vscode/.local/lib/python3.10/site-packages/airflow/example_dags/example_dag_decorator.py took 0.109 seconds
[2024-12-13T09:30:13.041+0000] {processor.py:157} INFO - Started process (PID=35338) to work on /home/vscode/.local/lib/python3.10/site-packages/airflow/example_dags/example_dag_decorator.py
[2024-12-13T09:30:13.042+0000] {processor.py:826} INFO - Processing file /home/vscode/.local/lib/python3.10/site-packages/airflow/example_dags/example_dag_decorator.py for tasks to queue
[2024-12-13T09:30:13.043+0000] {logging_mixin.py:150} INFO - [2024-12-13T09:30:13.042+0000] {dagbag.py:541} INFO - Filling up the DagBag from /home/vscode/.local/lib/python3.10/site-packages/airflow/example_dags/example_dag_decorator.py
[2024-12-13T09:30:13.051+0000] {processor.py:836} INFO - DAG(s) dict_keys(['example_dag_decorator']) retrieved from /home/vscode/.local/lib/python3.10/site-packages/airflow/example_dags/example_dag_decorator.py
[2024-12-13T09:30:13.119+0000] {logging_mixin.py:150} INFO - [2024-12-13T09:30:13.119+0000] {dag.py:2742} INFO - Sync 1 DAGs
[2024-12-13T09:30:13.132+0000] {logging_mixin.py:150} INFO - [2024-12-13T09:30:13.132+0000] {dag.py:3504} INFO - Setting next_dagrun for example_dag_decorator to None, run_after=None
[2024-12-13T09:30:13.147+0000] {processor.py:179} INFO - Processing /home/vscode/.local/lib/python3.10/site-packages/airflow/example_dags/example_dag_decorator.py took 0.108 seconds
[2024-12-13T09:31:04.936+0000] {processor.py:157} INFO - Started process (PID=35694) to work on /home/vscode/.local/lib/python3.10/site-packages/airflow/example_dags/example_dag_decorator.py
[2024-12-13T09:31:04.937+0000] {processor.py:826} INFO - Processing file /home/vscode/.local/lib/python3.10/site-packages/airflow/example_dags/example_dag_decorator.py for tasks to queue
[2024-12-13T09:31:04.937+0000] {logging_mixin.py:150} INFO - [2024-12-13T09:31:04.937+0000] {dagbag.py:541} INFO - Filling up the DagBag from /home/vscode/.local/lib/python3.10/site-packages/airflow/example_dags/example_dag_decorator.py
[2024-12-13T09:31:04.948+0000] {processor.py:836} INFO - DAG(s) dict_keys(['example_dag_decorator']) retrieved from /home/vscode/.local/lib/python3.10/site-packages/airflow/example_dags/example_dag_decorator.py
[2024-12-13T09:31:05.017+0000] {logging_mixin.py:150} INFO - [2024-12-13T09:31:05.017+0000] {dag.py:2742} INFO - Sync 1 DAGs
[2024-12-13T09:31:05.028+0000] {logging_mixin.py:150} INFO - [2024-12-13T09:31:05.028+0000] {dag.py:3504} INFO - Setting next_dagrun for example_dag_decorator to None, run_after=None
[2024-12-13T09:31:05.043+0000] {processor.py:179} INFO - Processing /home/vscode/.local/lib/python3.10/site-packages/airflow/example_dags/example_dag_decorator.py took 0.109 seconds
[2024-12-13T09:31:58.030+0000] {processor.py:157} INFO - Started process (PID=36059) to work on /home/vscode/.local/lib/python3.10/site-packages/airflow/example_dags/example_dag_decorator.py
[2024-12-13T09:31:58.031+0000] {processor.py:826} INFO - Processing file /home/vscode/.local/lib/python3.10/site-packages/airflow/example_dags/example_dag_decorator.py for tasks to queue
[2024-12-13T09:31:58.032+0000] {logging_mixin.py:150} INFO - [2024-12-13T09:31:58.031+0000] {dagbag.py:541} INFO - Filling up the DagBag from /home/vscode/.local/lib/python3.10/site-packages/airflow/example_dags/example_dag_decorator.py
[2024-12-13T09:31:58.040+0000] {processor.py:836} INFO - DAG(s) dict_keys(['example_dag_decorator']) retrieved from /home/vscode/.local/lib/python3.10/site-packages/airflow/example_dags/example_dag_decorator.py
[2024-12-13T09:31:58.107+0000] {logging_mixin.py:150} INFO - [2024-12-13T09:31:58.107+0000] {dag.py:2742} INFO - Sync 1 DAGs
[2024-12-13T09:31:58.120+0000] {logging_mixin.py:150} INFO - [2024-12-13T09:31:58.120+0000] {dag.py:3504} INFO - Setting next_dagrun for example_dag_decorator to None, run_after=None
[2024-12-13T09:31:58.134+0000] {processor.py:179} INFO - Processing /home/vscode/.local/lib/python3.10/site-packages/airflow/example_dags/example_dag_decorator.py took 0.106 seconds
[2024-12-13T09:32:45.026+0000] {processor.py:157} INFO - Started process (PID=36380) to work on /home/vscode/.local/lib/python3.10/site-packages/airflow/example_dags/example_dag_decorator.py
[2024-12-13T09:32:45.027+0000] {processor.py:826} INFO - Processing file /home/vscode/.local/lib/python3.10/site-packages/airflow/example_dags/example_dag_decorator.py for tasks to queue
[2024-12-13T09:32:45.028+0000] {logging_mixin.py:150} INFO - [2024-12-13T09:32:45.027+0000] {dagbag.py:541} INFO - Filling up the DagBag from /home/vscode/.local/lib/python3.10/site-packages/airflow/example_dags/example_dag_decorator.py
[2024-12-13T09:32:45.036+0000] {processor.py:836} INFO - DAG(s) dict_keys(['example_dag_decorator']) retrieved from /home/vscode/.local/lib/python3.10/site-packages/airflow/example_dags/example_dag_decorator.py
[2024-12-13T09:32:45.103+0000] {logging_mixin.py:150} INFO - [2024-12-13T09:32:45.103+0000] {dag.py:2742} INFO - Sync 1 DAGs
[2024-12-13T09:32:45.114+0000] {logging_mixin.py:150} INFO - [2024-12-13T09:32:45.114+0000] {dag.py:3504} INFO - Setting next_dagrun for example_dag_decorator to None, run_after=None
[2024-12-13T09:32:45.128+0000] {processor.py:179} INFO - Processing /home/vscode/.local/lib/python3.10/site-packages/airflow/example_dags/example_dag_decorator.py took 0.104 seconds
[2024-12-13T09:33:41.890+0000] {processor.py:157} INFO - Started process (PID=36769) to work on /home/vscode/.local/lib/python3.10/site-packages/airflow/example_dags/example_dag_decorator.py
[2024-12-13T09:33:41.890+0000] {processor.py:826} INFO - Processing file /home/vscode/.local/lib/python3.10/site-packages/airflow/example_dags/example_dag_decorator.py for tasks to queue
[2024-12-13T09:33:41.891+0000] {logging_mixin.py:150} INFO - [2024-12-13T09:33:41.891+0000] {dagbag.py:541} INFO - Filling up the DagBag from /home/vscode/.local/lib/python3.10/site-packages/airflow/example_dags/example_dag_decorator.py
[2024-12-13T09:33:41.899+0000] {processor.py:836} INFO - DAG(s) dict_keys(['example_dag_decorator']) retrieved from /home/vscode/.local/lib/python3.10/site-packages/airflow/example_dags/example_dag_decorator.py
[2024-12-13T09:33:41.970+0000] {logging_mixin.py:150} INFO - [2024-12-13T09:33:41.970+0000] {dag.py:2742} INFO - Sync 1 DAGs
[2024-12-13T09:33:41.982+0000] {logging_mixin.py:150} INFO - [2024-12-13T09:33:41.981+0000] {dag.py:3504} INFO - Setting next_dagrun for example_dag_decorator to None, run_after=None
[2024-12-13T09:33:41.995+0000] {processor.py:179} INFO - Processing /home/vscode/.local/lib/python3.10/site-packages/airflow/example_dags/example_dag_decorator.py took 0.108 seconds
[2024-12-13T09:34:33.592+0000] {processor.py:157} INFO - Started process (PID=37129) to work on /home/vscode/.local/lib/python3.10/site-packages/airflow/example_dags/example_dag_decorator.py
[2024-12-13T09:34:33.593+0000] {processor.py:826} INFO - Processing file /home/vscode/.local/lib/python3.10/site-packages/airflow/example_dags/example_dag_decorator.py for tasks to queue
[2024-12-13T09:34:33.593+0000] {logging_mixin.py:150} INFO - [2024-12-13T09:34:33.593+0000] {dagbag.py:541} INFO - Filling up the DagBag from /home/vscode/.local/lib/python3.10/site-packages/airflow/example_dags/example_dag_decorator.py
[2024-12-13T09:34:33.601+0000] {processor.py:836} INFO - DAG(s) dict_keys(['example_dag_decorator']) retrieved from /home/vscode/.local/lib/python3.10/site-packages/airflow/example_dags/example_dag_decorator.py
[2024-12-13T09:34:33.667+0000] {logging_mixin.py:150} INFO - [2024-12-13T09:34:33.667+0000] {dag.py:2742} INFO - Sync 1 DAGs
[2024-12-13T09:34:33.680+0000] {logging_mixin.py:150} INFO - [2024-12-13T09:34:33.680+0000] {dag.py:3504} INFO - Setting next_dagrun for example_dag_decorator to None, run_after=None
[2024-12-13T09:34:33.703+0000] {processor.py:179} INFO - Processing /home/vscode/.local/lib/python3.10/site-packages/airflow/example_dags/example_dag_decorator.py took 0.114 seconds
[2024-12-13T09:35:26.163+0000] {processor.py:157} INFO - Started process (PID=37510) to work on /home/vscode/.local/lib/python3.10/site-packages/airflow/example_dags/example_dag_decorator.py
[2024-12-13T09:35:26.163+0000] {processor.py:826} INFO - Processing file /home/vscode/.local/lib/python3.10/site-packages/airflow/example_dags/example_dag_decorator.py for tasks to queue
[2024-12-13T09:35:26.164+0000] {logging_mixin.py:150} INFO - [2024-12-13T09:35:26.164+0000] {dagbag.py:541} INFO - Filling up the DagBag from /home/vscode/.local/lib/python3.10/site-packages/airflow/example_dags/example_dag_decorator.py
[2024-12-13T09:35:26.172+0000] {processor.py:836} INFO - DAG(s) dict_keys(['example_dag_decorator']) retrieved from /home/vscode/.local/lib/python3.10/site-packages/airflow/example_dags/example_dag_decorator.py
[2024-12-13T09:35:26.244+0000] {logging_mixin.py:150} INFO - [2024-12-13T09:35:26.243+0000] {dag.py:2742} INFO - Sync 1 DAGs
[2024-12-13T09:35:26.261+0000] {logging_mixin.py:150} INFO - [2024-12-13T09:35:26.261+0000] {dag.py:3504} INFO - Setting next_dagrun for example_dag_decorator to None, run_after=None
[2024-12-13T09:35:26.279+0000] {processor.py:179} INFO - Processing /home/vscode/.local/lib/python3.10/site-packages/airflow/example_dags/example_dag_decorator.py took 0.118 seconds
