[2024-12-13T08:30:37.563+0000] {processor.py:157} INFO - Started process (PID=9923) to work on /home/vscode/.local/lib/python3.10/site-packages/airflow/example_dags/example_sla_dag.py
[2024-12-13T08:30:37.563+0000] {processor.py:826} INFO - Processing file /home/vscode/.local/lib/python3.10/site-packages/airflow/example_dags/example_sla_dag.py for tasks to queue
[2024-12-13T08:30:37.564+0000] {logging_mixin.py:150} INFO - [2024-12-13T08:30:37.564+0000] {dagbag.py:541} INFO - Filling up the DagBag from /home/vscode/.local/lib/python3.10/site-packages/airflow/example_dags/example_sla_dag.py
[2024-12-13T08:30:37.570+0000] {processor.py:836} INFO - DAG(s) dict_keys(['example_sla_dag']) retrieved from /home/vscode/.local/lib/python3.10/site-packages/airflow/example_dags/example_sla_dag.py
[2024-12-13T08:30:37.676+0000] {logging_mixin.py:150} INFO - [2024-12-13T08:30:37.676+0000] {dag.py:2742} INFO - Sync 1 DAGs
[2024-12-13T08:30:37.691+0000] {logging_mixin.py:150} INFO - [2024-12-13T08:30:37.691+0000] {dag.py:3504} INFO - Setting next_dagrun for example_sla_dag to 2024-12-13T08:28:00+00:00, run_after=2024-12-13T08:30:00+00:00
[2024-12-13T08:30:37.704+0000] {processor.py:179} INFO - Processing /home/vscode/.local/lib/python3.10/site-packages/airflow/example_dags/example_sla_dag.py took 0.144 seconds
[2024-12-13T08:31:27.872+0000] {processor.py:157} INFO - Started process (PID=10461) to work on /home/vscode/.local/lib/python3.10/site-packages/airflow/example_dags/example_sla_dag.py
[2024-12-13T08:31:27.873+0000] {processor.py:826} INFO - Processing file /home/vscode/.local/lib/python3.10/site-packages/airflow/example_dags/example_sla_dag.py for tasks to queue
[2024-12-13T08:31:27.874+0000] {logging_mixin.py:150} INFO - [2024-12-13T08:31:27.873+0000] {dagbag.py:541} INFO - Filling up the DagBag from /home/vscode/.local/lib/python3.10/site-packages/airflow/example_dags/example_sla_dag.py
[2024-12-13T08:31:27.881+0000] {processor.py:836} INFO - DAG(s) dict_keys(['example_sla_dag']) retrieved from /home/vscode/.local/lib/python3.10/site-packages/airflow/example_dags/example_sla_dag.py
[2024-12-13T08:31:27.894+0000] {logging_mixin.py:150} INFO - [2024-12-13T08:31:27.894+0000] {dag.py:2742} INFO - Sync 1 DAGs
[2024-12-13T08:31:27.911+0000] {logging_mixin.py:150} INFO - [2024-12-13T08:31:27.910+0000] {dag.py:3504} INFO - Setting next_dagrun for example_sla_dag to 2024-12-13T08:28:00+00:00, run_after=2024-12-13T08:30:00+00:00
[2024-12-13T08:31:27.925+0000] {processor.py:179} INFO - Processing /home/vscode/.local/lib/python3.10/site-packages/airflow/example_dags/example_sla_dag.py took 0.055 seconds
[2024-12-13T08:32:18.044+0000] {processor.py:157} INFO - Started process (PID=10973) to work on /home/vscode/.local/lib/python3.10/site-packages/airflow/example_dags/example_sla_dag.py
[2024-12-13T08:32:18.045+0000] {processor.py:826} INFO - Processing file /home/vscode/.local/lib/python3.10/site-packages/airflow/example_dags/example_sla_dag.py for tasks to queue
[2024-12-13T08:32:18.046+0000] {logging_mixin.py:150} INFO - [2024-12-13T08:32:18.045+0000] {dagbag.py:541} INFO - Filling up the DagBag from /home/vscode/.local/lib/python3.10/site-packages/airflow/example_dags/example_sla_dag.py
[2024-12-13T08:32:18.052+0000] {processor.py:836} INFO - DAG(s) dict_keys(['example_sla_dag']) retrieved from /home/vscode/.local/lib/python3.10/site-packages/airflow/example_dags/example_sla_dag.py
[2024-12-13T08:32:18.064+0000] {logging_mixin.py:150} INFO - [2024-12-13T08:32:18.063+0000] {dag.py:2742} INFO - Sync 1 DAGs
[2024-12-13T08:32:18.080+0000] {logging_mixin.py:150} INFO - [2024-12-13T08:32:18.080+0000] {dag.py:3504} INFO - Setting next_dagrun for example_sla_dag to 2024-12-13T08:30:00+00:00, run_after=2024-12-13T08:32:00+00:00
[2024-12-13T08:32:18.094+0000] {processor.py:179} INFO - Processing /home/vscode/.local/lib/python3.10/site-packages/airflow/example_dags/example_sla_dag.py took 0.052 seconds
[2024-12-13T08:33:14.104+0000] {processor.py:157} INFO - Started process (PID=11398) to work on /home/vscode/.local/lib/python3.10/site-packages/airflow/example_dags/example_sla_dag.py
[2024-12-13T08:33:14.105+0000] {processor.py:826} INFO - Processing file /home/vscode/.local/lib/python3.10/site-packages/airflow/example_dags/example_sla_dag.py for tasks to queue
[2024-12-13T08:33:14.105+0000] {logging_mixin.py:150} INFO - [2024-12-13T08:33:14.105+0000] {dagbag.py:541} INFO - Filling up the DagBag from /home/vscode/.local/lib/python3.10/site-packages/airflow/example_dags/example_sla_dag.py
[2024-12-13T08:33:14.112+0000] {processor.py:836} INFO - DAG(s) dict_keys(['example_sla_dag']) retrieved from /home/vscode/.local/lib/python3.10/site-packages/airflow/example_dags/example_sla_dag.py
[2024-12-13T08:33:14.123+0000] {logging_mixin.py:150} INFO - [2024-12-13T08:33:14.123+0000] {dag.py:2742} INFO - Sync 1 DAGs
[2024-12-13T08:33:14.140+0000] {logging_mixin.py:150} INFO - [2024-12-13T08:33:14.140+0000] {dag.py:3504} INFO - Setting next_dagrun for example_sla_dag to 2024-12-13T08:30:00+00:00, run_after=2024-12-13T08:32:00+00:00
[2024-12-13T08:33:14.155+0000] {processor.py:179} INFO - Processing /home/vscode/.local/lib/python3.10/site-packages/airflow/example_dags/example_sla_dag.py took 0.053 seconds
[2024-12-13T08:34:09.695+0000] {processor.py:157} INFO - Started process (PID=11780) to work on /home/vscode/.local/lib/python3.10/site-packages/airflow/example_dags/example_sla_dag.py
[2024-12-13T08:34:09.695+0000] {processor.py:826} INFO - Processing file /home/vscode/.local/lib/python3.10/site-packages/airflow/example_dags/example_sla_dag.py for tasks to queue
[2024-12-13T08:34:09.696+0000] {logging_mixin.py:150} INFO - [2024-12-13T08:34:09.696+0000] {dagbag.py:541} INFO - Filling up the DagBag from /home/vscode/.local/lib/python3.10/site-packages/airflow/example_dags/example_sla_dag.py
[2024-12-13T08:34:09.702+0000] {processor.py:836} INFO - DAG(s) dict_keys(['example_sla_dag']) retrieved from /home/vscode/.local/lib/python3.10/site-packages/airflow/example_dags/example_sla_dag.py
[2024-12-13T08:34:09.714+0000] {logging_mixin.py:150} INFO - [2024-12-13T08:34:09.714+0000] {dag.py:2742} INFO - Sync 1 DAGs
[2024-12-13T08:34:09.729+0000] {logging_mixin.py:150} INFO - [2024-12-13T08:34:09.729+0000] {dag.py:3504} INFO - Setting next_dagrun for example_sla_dag to 2024-12-13T08:32:00+00:00, run_after=2024-12-13T08:34:00+00:00
[2024-12-13T08:34:09.744+0000] {processor.py:179} INFO - Processing /home/vscode/.local/lib/python3.10/site-packages/airflow/example_dags/example_sla_dag.py took 0.052 seconds
[2024-12-13T08:35:04.648+0000] {processor.py:157} INFO - Started process (PID=12148) to work on /home/vscode/.local/lib/python3.10/site-packages/airflow/example_dags/example_sla_dag.py
[2024-12-13T08:35:04.649+0000] {processor.py:826} INFO - Processing file /home/vscode/.local/lib/python3.10/site-packages/airflow/example_dags/example_sla_dag.py for tasks to queue
[2024-12-13T08:35:04.650+0000] {logging_mixin.py:150} INFO - [2024-12-13T08:35:04.649+0000] {dagbag.py:541} INFO - Filling up the DagBag from /home/vscode/.local/lib/python3.10/site-packages/airflow/example_dags/example_sla_dag.py
[2024-12-13T08:35:04.655+0000] {processor.py:836} INFO - DAG(s) dict_keys(['example_sla_dag']) retrieved from /home/vscode/.local/lib/python3.10/site-packages/airflow/example_dags/example_sla_dag.py
[2024-12-13T08:35:04.666+0000] {logging_mixin.py:150} INFO - [2024-12-13T08:35:04.666+0000] {dag.py:2742} INFO - Sync 1 DAGs
[2024-12-13T08:35:04.682+0000] {logging_mixin.py:150} INFO - [2024-12-13T08:35:04.681+0000] {dag.py:3504} INFO - Setting next_dagrun for example_sla_dag to 2024-12-13T08:32:00+00:00, run_after=2024-12-13T08:34:00+00:00
[2024-12-13T08:35:04.695+0000] {processor.py:179} INFO - Processing /home/vscode/.local/lib/python3.10/site-packages/airflow/example_dags/example_sla_dag.py took 0.049 seconds
[2024-12-13T08:35:59.171+0000] {processor.py:157} INFO - Started process (PID=12550) to work on /home/vscode/.local/lib/python3.10/site-packages/airflow/example_dags/example_sla_dag.py
[2024-12-13T08:35:59.172+0000] {processor.py:826} INFO - Processing file /home/vscode/.local/lib/python3.10/site-packages/airflow/example_dags/example_sla_dag.py for tasks to queue
[2024-12-13T08:35:59.173+0000] {logging_mixin.py:150} INFO - [2024-12-13T08:35:59.172+0000] {dagbag.py:541} INFO - Filling up the DagBag from /home/vscode/.local/lib/python3.10/site-packages/airflow/example_dags/example_sla_dag.py
[2024-12-13T08:35:59.179+0000] {processor.py:836} INFO - DAG(s) dict_keys(['example_sla_dag']) retrieved from /home/vscode/.local/lib/python3.10/site-packages/airflow/example_dags/example_sla_dag.py
[2024-12-13T08:35:59.190+0000] {logging_mixin.py:150} INFO - [2024-12-13T08:35:59.190+0000] {dag.py:2742} INFO - Sync 1 DAGs
[2024-12-13T08:35:59.205+0000] {logging_mixin.py:150} INFO - [2024-12-13T08:35:59.205+0000] {dag.py:3504} INFO - Setting next_dagrun for example_sla_dag to 2024-12-13T08:32:00+00:00, run_after=2024-12-13T08:34:00+00:00
[2024-12-13T08:35:59.219+0000] {processor.py:179} INFO - Processing /home/vscode/.local/lib/python3.10/site-packages/airflow/example_dags/example_sla_dag.py took 0.049 seconds
[2024-12-13T08:36:54.708+0000] {processor.py:157} INFO - Started process (PID=12987) to work on /home/vscode/.local/lib/python3.10/site-packages/airflow/example_dags/example_sla_dag.py
[2024-12-13T08:36:54.709+0000] {processor.py:826} INFO - Processing file /home/vscode/.local/lib/python3.10/site-packages/airflow/example_dags/example_sla_dag.py for tasks to queue
[2024-12-13T08:36:54.710+0000] {logging_mixin.py:150} INFO - [2024-12-13T08:36:54.710+0000] {dagbag.py:541} INFO - Filling up the DagBag from /home/vscode/.local/lib/python3.10/site-packages/airflow/example_dags/example_sla_dag.py
[2024-12-13T08:36:54.716+0000] {processor.py:836} INFO - DAG(s) dict_keys(['example_sla_dag']) retrieved from /home/vscode/.local/lib/python3.10/site-packages/airflow/example_dags/example_sla_dag.py
[2024-12-13T08:36:54.727+0000] {logging_mixin.py:150} INFO - [2024-12-13T08:36:54.727+0000] {dag.py:2742} INFO - Sync 1 DAGs
[2024-12-13T08:36:54.743+0000] {logging_mixin.py:150} INFO - [2024-12-13T08:36:54.743+0000] {dag.py:3504} INFO - Setting next_dagrun for example_sla_dag to 2024-12-13T08:34:00+00:00, run_after=2024-12-13T08:36:00+00:00
[2024-12-13T08:36:54.757+0000] {processor.py:179} INFO - Processing /home/vscode/.local/lib/python3.10/site-packages/airflow/example_dags/example_sla_dag.py took 0.050 seconds
[2024-12-13T08:37:49.512+0000] {processor.py:157} INFO - Started process (PID=13367) to work on /home/vscode/.local/lib/python3.10/site-packages/airflow/example_dags/example_sla_dag.py
[2024-12-13T08:37:49.512+0000] {processor.py:826} INFO - Processing file /home/vscode/.local/lib/python3.10/site-packages/airflow/example_dags/example_sla_dag.py for tasks to queue
[2024-12-13T08:37:49.513+0000] {logging_mixin.py:150} INFO - [2024-12-13T08:37:49.513+0000] {dagbag.py:541} INFO - Filling up the DagBag from /home/vscode/.local/lib/python3.10/site-packages/airflow/example_dags/example_sla_dag.py
[2024-12-13T08:37:49.519+0000] {processor.py:836} INFO - DAG(s) dict_keys(['example_sla_dag']) retrieved from /home/vscode/.local/lib/python3.10/site-packages/airflow/example_dags/example_sla_dag.py
[2024-12-13T08:37:49.530+0000] {logging_mixin.py:150} INFO - [2024-12-13T08:37:49.530+0000] {dag.py:2742} INFO - Sync 1 DAGs
[2024-12-13T08:37:49.552+0000] {logging_mixin.py:150} INFO - [2024-12-13T08:37:49.552+0000] {dag.py:3504} INFO - Setting next_dagrun for example_sla_dag to 2024-12-13T08:34:00+00:00, run_after=2024-12-13T08:36:00+00:00
[2024-12-13T08:37:49.570+0000] {processor.py:179} INFO - Processing /home/vscode/.local/lib/python3.10/site-packages/airflow/example_dags/example_sla_dag.py took 0.060 seconds
[2024-12-13T08:38:42.306+0000] {processor.py:157} INFO - Started process (PID=13732) to work on /home/vscode/.local/lib/python3.10/site-packages/airflow/example_dags/example_sla_dag.py
[2024-12-13T08:38:42.306+0000] {processor.py:826} INFO - Processing file /home/vscode/.local/lib/python3.10/site-packages/airflow/example_dags/example_sla_dag.py for tasks to queue
[2024-12-13T08:38:42.307+0000] {logging_mixin.py:150} INFO - [2024-12-13T08:38:42.307+0000] {dagbag.py:541} INFO - Filling up the DagBag from /home/vscode/.local/lib/python3.10/site-packages/airflow/example_dags/example_sla_dag.py
[2024-12-13T08:38:42.313+0000] {processor.py:836} INFO - DAG(s) dict_keys(['example_sla_dag']) retrieved from /home/vscode/.local/lib/python3.10/site-packages/airflow/example_dags/example_sla_dag.py
[2024-12-13T08:38:42.324+0000] {logging_mixin.py:150} INFO - [2024-12-13T08:38:42.324+0000] {dag.py:2742} INFO - Sync 1 DAGs
[2024-12-13T08:38:42.340+0000] {logging_mixin.py:150} INFO - [2024-12-13T08:38:42.340+0000] {dag.py:3504} INFO - Setting next_dagrun for example_sla_dag to 2024-12-13T08:36:00+00:00, run_after=2024-12-13T08:38:00+00:00
[2024-12-13T08:38:42.355+0000] {processor.py:179} INFO - Processing /home/vscode/.local/lib/python3.10/site-packages/airflow/example_dags/example_sla_dag.py took 0.051 seconds
[2024-12-13T08:39:37.550+0000] {processor.py:157} INFO - Started process (PID=14104) to work on /home/vscode/.local/lib/python3.10/site-packages/airflow/example_dags/example_sla_dag.py
[2024-12-13T08:39:37.550+0000] {processor.py:826} INFO - Processing file /home/vscode/.local/lib/python3.10/site-packages/airflow/example_dags/example_sla_dag.py for tasks to queue
[2024-12-13T08:39:37.551+0000] {logging_mixin.py:150} INFO - [2024-12-13T08:39:37.551+0000] {dagbag.py:541} INFO - Filling up the DagBag from /home/vscode/.local/lib/python3.10/site-packages/airflow/example_dags/example_sla_dag.py
[2024-12-13T08:39:37.557+0000] {processor.py:836} INFO - DAG(s) dict_keys(['example_sla_dag']) retrieved from /home/vscode/.local/lib/python3.10/site-packages/airflow/example_dags/example_sla_dag.py
[2024-12-13T08:39:37.569+0000] {logging_mixin.py:150} INFO - [2024-12-13T08:39:37.568+0000] {dag.py:2742} INFO - Sync 1 DAGs
[2024-12-13T08:39:37.584+0000] {logging_mixin.py:150} INFO - [2024-12-13T08:39:37.584+0000] {dag.py:3504} INFO - Setting next_dagrun for example_sla_dag to 2024-12-13T08:36:00+00:00, run_after=2024-12-13T08:38:00+00:00
[2024-12-13T08:39:37.598+0000] {processor.py:179} INFO - Processing /home/vscode/.local/lib/python3.10/site-packages/airflow/example_dags/example_sla_dag.py took 0.050 seconds
[2024-12-13T08:40:30.069+0000] {processor.py:157} INFO - Started process (PID=14492) to work on /home/vscode/.local/lib/python3.10/site-packages/airflow/example_dags/example_sla_dag.py
[2024-12-13T08:40:30.070+0000] {processor.py:826} INFO - Processing file /home/vscode/.local/lib/python3.10/site-packages/airflow/example_dags/example_sla_dag.py for tasks to queue
[2024-12-13T08:40:30.071+0000] {logging_mixin.py:150} INFO - [2024-12-13T08:40:30.070+0000] {dagbag.py:541} INFO - Filling up the DagBag from /home/vscode/.local/lib/python3.10/site-packages/airflow/example_dags/example_sla_dag.py
[2024-12-13T08:40:30.077+0000] {processor.py:836} INFO - DAG(s) dict_keys(['example_sla_dag']) retrieved from /home/vscode/.local/lib/python3.10/site-packages/airflow/example_dags/example_sla_dag.py
[2024-12-13T08:40:30.088+0000] {logging_mixin.py:150} INFO - [2024-12-13T08:40:30.088+0000] {dag.py:2742} INFO - Sync 1 DAGs
[2024-12-13T08:40:30.103+0000] {logging_mixin.py:150} INFO - [2024-12-13T08:40:30.103+0000] {dag.py:3504} INFO - Setting next_dagrun for example_sla_dag to 2024-12-13T08:38:00+00:00, run_after=2024-12-13T08:40:00+00:00
[2024-12-13T08:40:30.116+0000] {processor.py:179} INFO - Processing /home/vscode/.local/lib/python3.10/site-packages/airflow/example_dags/example_sla_dag.py took 0.049 seconds
[2024-12-13T08:41:23.841+0000] {processor.py:157} INFO - Started process (PID=14868) to work on /home/vscode/.local/lib/python3.10/site-packages/airflow/example_dags/example_sla_dag.py
[2024-12-13T08:41:23.841+0000] {processor.py:826} INFO - Processing file /home/vscode/.local/lib/python3.10/site-packages/airflow/example_dags/example_sla_dag.py for tasks to queue
[2024-12-13T08:41:23.842+0000] {logging_mixin.py:150} INFO - [2024-12-13T08:41:23.842+0000] {dagbag.py:541} INFO - Filling up the DagBag from /home/vscode/.local/lib/python3.10/site-packages/airflow/example_dags/example_sla_dag.py
[2024-12-13T08:41:23.848+0000] {processor.py:836} INFO - DAG(s) dict_keys(['example_sla_dag']) retrieved from /home/vscode/.local/lib/python3.10/site-packages/airflow/example_dags/example_sla_dag.py
[2024-12-13T08:41:23.859+0000] {logging_mixin.py:150} INFO - [2024-12-13T08:41:23.859+0000] {dag.py:2742} INFO - Sync 1 DAGs
[2024-12-13T08:41:23.875+0000] {logging_mixin.py:150} INFO - [2024-12-13T08:41:23.875+0000] {dag.py:3504} INFO - Setting next_dagrun for example_sla_dag to 2024-12-13T08:38:00+00:00, run_after=2024-12-13T08:40:00+00:00
[2024-12-13T08:41:23.888+0000] {processor.py:179} INFO - Processing /home/vscode/.local/lib/python3.10/site-packages/airflow/example_dags/example_sla_dag.py took 0.049 seconds
[2024-12-13T08:42:17.284+0000] {processor.py:157} INFO - Started process (PID=15288) to work on /home/vscode/.local/lib/python3.10/site-packages/airflow/example_dags/example_sla_dag.py
[2024-12-13T08:42:17.284+0000] {processor.py:826} INFO - Processing file /home/vscode/.local/lib/python3.10/site-packages/airflow/example_dags/example_sla_dag.py for tasks to queue
[2024-12-13T08:42:17.285+0000] {logging_mixin.py:150} INFO - [2024-12-13T08:42:17.285+0000] {dagbag.py:541} INFO - Filling up the DagBag from /home/vscode/.local/lib/python3.10/site-packages/airflow/example_dags/example_sla_dag.py
[2024-12-13T08:42:17.291+0000] {processor.py:836} INFO - DAG(s) dict_keys(['example_sla_dag']) retrieved from /home/vscode/.local/lib/python3.10/site-packages/airflow/example_dags/example_sla_dag.py
[2024-12-13T08:42:17.302+0000] {logging_mixin.py:150} INFO - [2024-12-13T08:42:17.302+0000] {dag.py:2742} INFO - Sync 1 DAGs
[2024-12-13T08:42:17.318+0000] {logging_mixin.py:150} INFO - [2024-12-13T08:42:17.318+0000] {dag.py:3504} INFO - Setting next_dagrun for example_sla_dag to 2024-12-13T08:40:00+00:00, run_after=2024-12-13T08:42:00+00:00
[2024-12-13T08:42:17.332+0000] {processor.py:179} INFO - Processing /home/vscode/.local/lib/python3.10/site-packages/airflow/example_dags/example_sla_dag.py took 0.050 seconds
[2024-12-13T08:43:12.166+0000] {processor.py:157} INFO - Started process (PID=15668) to work on /home/vscode/.local/lib/python3.10/site-packages/airflow/example_dags/example_sla_dag.py
[2024-12-13T08:43:12.166+0000] {processor.py:826} INFO - Processing file /home/vscode/.local/lib/python3.10/site-packages/airflow/example_dags/example_sla_dag.py for tasks to queue
[2024-12-13T08:43:12.167+0000] {logging_mixin.py:150} INFO - [2024-12-13T08:43:12.167+0000] {dagbag.py:541} INFO - Filling up the DagBag from /home/vscode/.local/lib/python3.10/site-packages/airflow/example_dags/example_sla_dag.py
[2024-12-13T08:43:12.173+0000] {processor.py:836} INFO - DAG(s) dict_keys(['example_sla_dag']) retrieved from /home/vscode/.local/lib/python3.10/site-packages/airflow/example_dags/example_sla_dag.py
[2024-12-13T08:43:12.184+0000] {logging_mixin.py:150} INFO - [2024-12-13T08:43:12.183+0000] {dag.py:2742} INFO - Sync 1 DAGs
[2024-12-13T08:43:12.199+0000] {logging_mixin.py:150} INFO - [2024-12-13T08:43:12.199+0000] {dag.py:3504} INFO - Setting next_dagrun for example_sla_dag to 2024-12-13T08:40:00+00:00, run_after=2024-12-13T08:42:00+00:00
[2024-12-13T08:43:12.212+0000] {processor.py:179} INFO - Processing /home/vscode/.local/lib/python3.10/site-packages/airflow/example_dags/example_sla_dag.py took 0.048 seconds
[2024-12-13T08:44:09.089+0000] {processor.py:157} INFO - Started process (PID=16051) to work on /home/vscode/.local/lib/python3.10/site-packages/airflow/example_dags/example_sla_dag.py
[2024-12-13T08:44:09.090+0000] {processor.py:826} INFO - Processing file /home/vscode/.local/lib/python3.10/site-packages/airflow/example_dags/example_sla_dag.py for tasks to queue
[2024-12-13T08:44:09.091+0000] {logging_mixin.py:150} INFO - [2024-12-13T08:44:09.090+0000] {dagbag.py:541} INFO - Filling up the DagBag from /home/vscode/.local/lib/python3.10/site-packages/airflow/example_dags/example_sla_dag.py
[2024-12-13T08:44:09.097+0000] {processor.py:836} INFO - DAG(s) dict_keys(['example_sla_dag']) retrieved from /home/vscode/.local/lib/python3.10/site-packages/airflow/example_dags/example_sla_dag.py
[2024-12-13T08:44:09.108+0000] {logging_mixin.py:150} INFO - [2024-12-13T08:44:09.108+0000] {dag.py:2742} INFO - Sync 1 DAGs
[2024-12-13T08:44:09.123+0000] {logging_mixin.py:150} INFO - [2024-12-13T08:44:09.123+0000] {dag.py:3504} INFO - Setting next_dagrun for example_sla_dag to 2024-12-13T08:42:00+00:00, run_after=2024-12-13T08:44:00+00:00
[2024-12-13T08:44:09.137+0000] {processor.py:179} INFO - Processing /home/vscode/.local/lib/python3.10/site-packages/airflow/example_dags/example_sla_dag.py took 0.050 seconds
[2024-12-13T08:45:00.760+0000] {processor.py:157} INFO - Started process (PID=16407) to work on /home/vscode/.local/lib/python3.10/site-packages/airflow/example_dags/example_sla_dag.py
[2024-12-13T08:45:00.760+0000] {processor.py:826} INFO - Processing file /home/vscode/.local/lib/python3.10/site-packages/airflow/example_dags/example_sla_dag.py for tasks to queue
[2024-12-13T08:45:00.761+0000] {logging_mixin.py:150} INFO - [2024-12-13T08:45:00.761+0000] {dagbag.py:541} INFO - Filling up the DagBag from /home/vscode/.local/lib/python3.10/site-packages/airflow/example_dags/example_sla_dag.py
[2024-12-13T08:45:00.767+0000] {processor.py:836} INFO - DAG(s) dict_keys(['example_sla_dag']) retrieved from /home/vscode/.local/lib/python3.10/site-packages/airflow/example_dags/example_sla_dag.py
[2024-12-13T08:45:00.778+0000] {logging_mixin.py:150} INFO - [2024-12-13T08:45:00.778+0000] {dag.py:2742} INFO - Sync 1 DAGs
[2024-12-13T08:45:00.793+0000] {logging_mixin.py:150} INFO - [2024-12-13T08:45:00.793+0000] {dag.py:3504} INFO - Setting next_dagrun for example_sla_dag to 2024-12-13T08:42:00+00:00, run_after=2024-12-13T08:44:00+00:00
[2024-12-13T08:45:00.808+0000] {processor.py:179} INFO - Processing /home/vscode/.local/lib/python3.10/site-packages/airflow/example_dags/example_sla_dag.py took 0.051 seconds
[2024-12-13T08:45:57.257+0000] {processor.py:157} INFO - Started process (PID=16820) to work on /home/vscode/.local/lib/python3.10/site-packages/airflow/example_dags/example_sla_dag.py
[2024-12-13T08:45:57.258+0000] {processor.py:826} INFO - Processing file /home/vscode/.local/lib/python3.10/site-packages/airflow/example_dags/example_sla_dag.py for tasks to queue
[2024-12-13T08:45:57.259+0000] {logging_mixin.py:150} INFO - [2024-12-13T08:45:57.258+0000] {dagbag.py:541} INFO - Filling up the DagBag from /home/vscode/.local/lib/python3.10/site-packages/airflow/example_dags/example_sla_dag.py
[2024-12-13T08:45:57.265+0000] {processor.py:836} INFO - DAG(s) dict_keys(['example_sla_dag']) retrieved from /home/vscode/.local/lib/python3.10/site-packages/airflow/example_dags/example_sla_dag.py
[2024-12-13T08:45:57.276+0000] {logging_mixin.py:150} INFO - [2024-12-13T08:45:57.276+0000] {dag.py:2742} INFO - Sync 1 DAGs
[2024-12-13T08:45:57.293+0000] {logging_mixin.py:150} INFO - [2024-12-13T08:45:57.293+0000] {dag.py:3504} INFO - Setting next_dagrun for example_sla_dag to 2024-12-13T08:42:00+00:00, run_after=2024-12-13T08:44:00+00:00
[2024-12-13T08:45:57.306+0000] {processor.py:179} INFO - Processing /home/vscode/.local/lib/python3.10/site-packages/airflow/example_dags/example_sla_dag.py took 0.050 seconds
[2024-12-13T08:46:50.425+0000] {processor.py:157} INFO - Started process (PID=17201) to work on /home/vscode/.local/lib/python3.10/site-packages/airflow/example_dags/example_sla_dag.py
[2024-12-13T08:46:50.426+0000] {processor.py:826} INFO - Processing file /home/vscode/.local/lib/python3.10/site-packages/airflow/example_dags/example_sla_dag.py for tasks to queue
[2024-12-13T08:46:50.426+0000] {logging_mixin.py:150} INFO - [2024-12-13T08:46:50.426+0000] {dagbag.py:541} INFO - Filling up the DagBag from /home/vscode/.local/lib/python3.10/site-packages/airflow/example_dags/example_sla_dag.py
[2024-12-13T08:46:50.432+0000] {processor.py:836} INFO - DAG(s) dict_keys(['example_sla_dag']) retrieved from /home/vscode/.local/lib/python3.10/site-packages/airflow/example_dags/example_sla_dag.py
[2024-12-13T08:46:50.443+0000] {logging_mixin.py:150} INFO - [2024-12-13T08:46:50.443+0000] {dag.py:2742} INFO - Sync 1 DAGs
[2024-12-13T08:46:50.459+0000] {logging_mixin.py:150} INFO - [2024-12-13T08:46:50.459+0000] {dag.py:3504} INFO - Setting next_dagrun for example_sla_dag to 2024-12-13T08:44:00+00:00, run_after=2024-12-13T08:46:00+00:00
[2024-12-13T08:46:50.473+0000] {processor.py:179} INFO - Processing /home/vscode/.local/lib/python3.10/site-packages/airflow/example_dags/example_sla_dag.py took 0.050 seconds
[2024-12-13T08:47:46.797+0000] {processor.py:157} INFO - Started process (PID=17633) to work on /home/vscode/.local/lib/python3.10/site-packages/airflow/example_dags/example_sla_dag.py
[2024-12-13T08:47:46.798+0000] {processor.py:826} INFO - Processing file /home/vscode/.local/lib/python3.10/site-packages/airflow/example_dags/example_sla_dag.py for tasks to queue
[2024-12-13T08:47:46.799+0000] {logging_mixin.py:150} INFO - [2024-12-13T08:47:46.799+0000] {dagbag.py:541} INFO - Filling up the DagBag from /home/vscode/.local/lib/python3.10/site-packages/airflow/example_dags/example_sla_dag.py
[2024-12-13T08:47:46.805+0000] {processor.py:836} INFO - DAG(s) dict_keys(['example_sla_dag']) retrieved from /home/vscode/.local/lib/python3.10/site-packages/airflow/example_dags/example_sla_dag.py
[2024-12-13T08:47:46.817+0000] {logging_mixin.py:150} INFO - [2024-12-13T08:47:46.817+0000] {dag.py:2742} INFO - Sync 1 DAGs
[2024-12-13T08:47:46.833+0000] {logging_mixin.py:150} INFO - [2024-12-13T08:47:46.832+0000] {dag.py:3504} INFO - Setting next_dagrun for example_sla_dag to 2024-12-13T08:44:00+00:00, run_after=2024-12-13T08:46:00+00:00
[2024-12-13T08:47:46.846+0000] {processor.py:179} INFO - Processing /home/vscode/.local/lib/python3.10/site-packages/airflow/example_dags/example_sla_dag.py took 0.051 seconds
[2024-12-13T08:48:40.275+0000] {processor.py:157} INFO - Started process (PID=18003) to work on /home/vscode/.local/lib/python3.10/site-packages/airflow/example_dags/example_sla_dag.py
[2024-12-13T08:48:40.276+0000] {processor.py:826} INFO - Processing file /home/vscode/.local/lib/python3.10/site-packages/airflow/example_dags/example_sla_dag.py for tasks to queue
[2024-12-13T08:48:40.277+0000] {logging_mixin.py:150} INFO - [2024-12-13T08:48:40.276+0000] {dagbag.py:541} INFO - Filling up the DagBag from /home/vscode/.local/lib/python3.10/site-packages/airflow/example_dags/example_sla_dag.py
[2024-12-13T08:48:40.283+0000] {processor.py:836} INFO - DAG(s) dict_keys(['example_sla_dag']) retrieved from /home/vscode/.local/lib/python3.10/site-packages/airflow/example_dags/example_sla_dag.py
[2024-12-13T08:48:40.293+0000] {logging_mixin.py:150} INFO - [2024-12-13T08:48:40.293+0000] {dag.py:2742} INFO - Sync 1 DAGs
[2024-12-13T08:48:40.309+0000] {logging_mixin.py:150} INFO - [2024-12-13T08:48:40.309+0000] {dag.py:3504} INFO - Setting next_dagrun for example_sla_dag to 2024-12-13T08:46:00+00:00, run_after=2024-12-13T08:48:00+00:00
[2024-12-13T08:48:40.322+0000] {processor.py:179} INFO - Processing /home/vscode/.local/lib/python3.10/site-packages/airflow/example_dags/example_sla_dag.py took 0.049 seconds
[2024-12-13T08:49:31.664+0000] {processor.py:157} INFO - Started process (PID=18359) to work on /home/vscode/.local/lib/python3.10/site-packages/airflow/example_dags/example_sla_dag.py
[2024-12-13T08:49:31.664+0000] {processor.py:826} INFO - Processing file /home/vscode/.local/lib/python3.10/site-packages/airflow/example_dags/example_sla_dag.py for tasks to queue
[2024-12-13T08:49:31.665+0000] {logging_mixin.py:150} INFO - [2024-12-13T08:49:31.665+0000] {dagbag.py:541} INFO - Filling up the DagBag from /home/vscode/.local/lib/python3.10/site-packages/airflow/example_dags/example_sla_dag.py
[2024-12-13T08:49:31.671+0000] {processor.py:836} INFO - DAG(s) dict_keys(['example_sla_dag']) retrieved from /home/vscode/.local/lib/python3.10/site-packages/airflow/example_dags/example_sla_dag.py
[2024-12-13T08:49:31.682+0000] {logging_mixin.py:150} INFO - [2024-12-13T08:49:31.682+0000] {dag.py:2742} INFO - Sync 1 DAGs
[2024-12-13T08:49:31.700+0000] {logging_mixin.py:150} INFO - [2024-12-13T08:49:31.700+0000] {dag.py:3504} INFO - Setting next_dagrun for example_sla_dag to 2024-12-13T08:46:00+00:00, run_after=2024-12-13T08:48:00+00:00
[2024-12-13T08:49:31.714+0000] {processor.py:179} INFO - Processing /home/vscode/.local/lib/python3.10/site-packages/airflow/example_dags/example_sla_dag.py took 0.052 seconds
[2024-12-13T08:50:18.195+0000] {processor.py:157} INFO - Started process (PID=18704) to work on /home/vscode/.local/lib/python3.10/site-packages/airflow/example_dags/example_sla_dag.py
[2024-12-13T08:50:18.196+0000] {processor.py:826} INFO - Processing file /home/vscode/.local/lib/python3.10/site-packages/airflow/example_dags/example_sla_dag.py for tasks to queue
[2024-12-13T08:50:18.196+0000] {logging_mixin.py:150} INFO - [2024-12-13T08:50:18.196+0000] {dagbag.py:541} INFO - Filling up the DagBag from /home/vscode/.local/lib/python3.10/site-packages/airflow/example_dags/example_sla_dag.py
[2024-12-13T08:50:18.202+0000] {processor.py:836} INFO - DAG(s) dict_keys(['example_sla_dag']) retrieved from /home/vscode/.local/lib/python3.10/site-packages/airflow/example_dags/example_sla_dag.py
[2024-12-13T08:50:18.213+0000] {logging_mixin.py:150} INFO - [2024-12-13T08:50:18.213+0000] {dag.py:2742} INFO - Sync 1 DAGs
[2024-12-13T08:50:18.229+0000] {logging_mixin.py:150} INFO - [2024-12-13T08:50:18.229+0000] {dag.py:3504} INFO - Setting next_dagrun for example_sla_dag to 2024-12-13T08:48:00+00:00, run_after=2024-12-13T08:50:00+00:00
[2024-12-13T08:50:18.242+0000] {processor.py:179} INFO - Processing /home/vscode/.local/lib/python3.10/site-packages/airflow/example_dags/example_sla_dag.py took 0.049 seconds
[2024-12-13T08:51:09.869+0000] {processor.py:157} INFO - Started process (PID=19053) to work on /home/vscode/.local/lib/python3.10/site-packages/airflow/example_dags/example_sla_dag.py
[2024-12-13T08:51:09.870+0000] {processor.py:826} INFO - Processing file /home/vscode/.local/lib/python3.10/site-packages/airflow/example_dags/example_sla_dag.py for tasks to queue
[2024-12-13T08:51:09.870+0000] {logging_mixin.py:150} INFO - [2024-12-13T08:51:09.870+0000] {dagbag.py:541} INFO - Filling up the DagBag from /home/vscode/.local/lib/python3.10/site-packages/airflow/example_dags/example_sla_dag.py
[2024-12-13T08:51:09.876+0000] {processor.py:836} INFO - DAG(s) dict_keys(['example_sla_dag']) retrieved from /home/vscode/.local/lib/python3.10/site-packages/airflow/example_dags/example_sla_dag.py
[2024-12-13T08:51:09.887+0000] {logging_mixin.py:150} INFO - [2024-12-13T08:51:09.887+0000] {dag.py:2742} INFO - Sync 1 DAGs
[2024-12-13T08:51:09.902+0000] {logging_mixin.py:150} INFO - [2024-12-13T08:51:09.902+0000] {dag.py:3504} INFO - Setting next_dagrun for example_sla_dag to 2024-12-13T08:48:00+00:00, run_after=2024-12-13T08:50:00+00:00
[2024-12-13T08:51:09.916+0000] {processor.py:179} INFO - Processing /home/vscode/.local/lib/python3.10/site-packages/airflow/example_dags/example_sla_dag.py took 0.049 seconds
[2024-12-13T08:52:04.065+0000] {processor.py:157} INFO - Started process (PID=19421) to work on /home/vscode/.local/lib/python3.10/site-packages/airflow/example_dags/example_sla_dag.py
[2024-12-13T08:52:04.066+0000] {processor.py:826} INFO - Processing file /home/vscode/.local/lib/python3.10/site-packages/airflow/example_dags/example_sla_dag.py for tasks to queue
[2024-12-13T08:52:04.066+0000] {logging_mixin.py:150} INFO - [2024-12-13T08:52:04.066+0000] {dagbag.py:541} INFO - Filling up the DagBag from /home/vscode/.local/lib/python3.10/site-packages/airflow/example_dags/example_sla_dag.py
[2024-12-13T08:52:04.072+0000] {processor.py:836} INFO - DAG(s) dict_keys(['example_sla_dag']) retrieved from /home/vscode/.local/lib/python3.10/site-packages/airflow/example_dags/example_sla_dag.py
[2024-12-13T08:52:04.083+0000] {logging_mixin.py:150} INFO - [2024-12-13T08:52:04.083+0000] {dag.py:2742} INFO - Sync 1 DAGs
[2024-12-13T08:52:04.099+0000] {logging_mixin.py:150} INFO - [2024-12-13T08:52:04.099+0000] {dag.py:3504} INFO - Setting next_dagrun for example_sla_dag to 2024-12-13T08:50:00+00:00, run_after=2024-12-13T08:52:00+00:00
[2024-12-13T08:52:04.112+0000] {processor.py:179} INFO - Processing /home/vscode/.local/lib/python3.10/site-packages/airflow/example_dags/example_sla_dag.py took 0.049 seconds
[2024-12-13T08:52:54.701+0000] {processor.py:157} INFO - Started process (PID=19769) to work on /home/vscode/.local/lib/python3.10/site-packages/airflow/example_dags/example_sla_dag.py
[2024-12-13T08:52:54.701+0000] {processor.py:826} INFO - Processing file /home/vscode/.local/lib/python3.10/site-packages/airflow/example_dags/example_sla_dag.py for tasks to queue
[2024-12-13T08:52:54.702+0000] {logging_mixin.py:150} INFO - [2024-12-13T08:52:54.702+0000] {dagbag.py:541} INFO - Filling up the DagBag from /home/vscode/.local/lib/python3.10/site-packages/airflow/example_dags/example_sla_dag.py
[2024-12-13T08:52:54.708+0000] {processor.py:836} INFO - DAG(s) dict_keys(['example_sla_dag']) retrieved from /home/vscode/.local/lib/python3.10/site-packages/airflow/example_dags/example_sla_dag.py
[2024-12-13T08:52:54.719+0000] {logging_mixin.py:150} INFO - [2024-12-13T08:52:54.718+0000] {dag.py:2742} INFO - Sync 1 DAGs
[2024-12-13T08:52:54.734+0000] {logging_mixin.py:150} INFO - [2024-12-13T08:52:54.734+0000] {dag.py:3504} INFO - Setting next_dagrun for example_sla_dag to 2024-12-13T08:50:00+00:00, run_after=2024-12-13T08:52:00+00:00
[2024-12-13T08:52:54.748+0000] {processor.py:179} INFO - Processing /home/vscode/.local/lib/python3.10/site-packages/airflow/example_dags/example_sla_dag.py took 0.049 seconds
[2024-12-13T08:53:42.091+0000] {processor.py:157} INFO - Started process (PID=20100) to work on /home/vscode/.local/lib/python3.10/site-packages/airflow/example_dags/example_sla_dag.py
[2024-12-13T08:53:42.091+0000] {processor.py:826} INFO - Processing file /home/vscode/.local/lib/python3.10/site-packages/airflow/example_dags/example_sla_dag.py for tasks to queue
[2024-12-13T08:53:42.092+0000] {logging_mixin.py:150} INFO - [2024-12-13T08:53:42.092+0000] {dagbag.py:541} INFO - Filling up the DagBag from /home/vscode/.local/lib/python3.10/site-packages/airflow/example_dags/example_sla_dag.py
[2024-12-13T08:53:42.098+0000] {processor.py:836} INFO - DAG(s) dict_keys(['example_sla_dag']) retrieved from /home/vscode/.local/lib/python3.10/site-packages/airflow/example_dags/example_sla_dag.py
[2024-12-13T08:53:42.109+0000] {logging_mixin.py:150} INFO - [2024-12-13T08:53:42.109+0000] {dag.py:2742} INFO - Sync 1 DAGs
[2024-12-13T08:53:42.124+0000] {logging_mixin.py:150} INFO - [2024-12-13T08:53:42.124+0000] {dag.py:3504} INFO - Setting next_dagrun for example_sla_dag to 2024-12-13T08:50:00+00:00, run_after=2024-12-13T08:52:00+00:00
[2024-12-13T08:53:42.138+0000] {processor.py:179} INFO - Processing /home/vscode/.local/lib/python3.10/site-packages/airflow/example_dags/example_sla_dag.py took 0.049 seconds
[2024-12-13T08:54:33.043+0000] {processor.py:157} INFO - Started process (PID=20442) to work on /home/vscode/.local/lib/python3.10/site-packages/airflow/example_dags/example_sla_dag.py
[2024-12-13T08:54:33.044+0000] {processor.py:826} INFO - Processing file /home/vscode/.local/lib/python3.10/site-packages/airflow/example_dags/example_sla_dag.py for tasks to queue
[2024-12-13T08:54:33.045+0000] {logging_mixin.py:150} INFO - [2024-12-13T08:54:33.044+0000] {dagbag.py:541} INFO - Filling up the DagBag from /home/vscode/.local/lib/python3.10/site-packages/airflow/example_dags/example_sla_dag.py
[2024-12-13T08:54:33.051+0000] {processor.py:836} INFO - DAG(s) dict_keys(['example_sla_dag']) retrieved from /home/vscode/.local/lib/python3.10/site-packages/airflow/example_dags/example_sla_dag.py
[2024-12-13T08:54:33.062+0000] {logging_mixin.py:150} INFO - [2024-12-13T08:54:33.061+0000] {dag.py:2742} INFO - Sync 1 DAGs
[2024-12-13T08:54:33.077+0000] {logging_mixin.py:150} INFO - [2024-12-13T08:54:33.077+0000] {dag.py:3504} INFO - Setting next_dagrun for example_sla_dag to 2024-12-13T08:52:00+00:00, run_after=2024-12-13T08:54:00+00:00
[2024-12-13T08:54:33.090+0000] {processor.py:179} INFO - Processing /home/vscode/.local/lib/python3.10/site-packages/airflow/example_dags/example_sla_dag.py took 0.049 seconds
[2024-12-13T08:55:23.521+0000] {processor.py:157} INFO - Started process (PID=20826) to work on /home/vscode/.local/lib/python3.10/site-packages/airflow/example_dags/example_sla_dag.py
[2024-12-13T08:55:23.521+0000] {processor.py:826} INFO - Processing file /home/vscode/.local/lib/python3.10/site-packages/airflow/example_dags/example_sla_dag.py for tasks to queue
[2024-12-13T08:55:23.522+0000] {logging_mixin.py:150} INFO - [2024-12-13T08:55:23.522+0000] {dagbag.py:541} INFO - Filling up the DagBag from /home/vscode/.local/lib/python3.10/site-packages/airflow/example_dags/example_sla_dag.py
[2024-12-13T08:55:23.528+0000] {processor.py:836} INFO - DAG(s) dict_keys(['example_sla_dag']) retrieved from /home/vscode/.local/lib/python3.10/site-packages/airflow/example_dags/example_sla_dag.py
[2024-12-13T08:55:23.539+0000] {logging_mixin.py:150} INFO - [2024-12-13T08:55:23.539+0000] {dag.py:2742} INFO - Sync 1 DAGs
[2024-12-13T08:55:23.554+0000] {logging_mixin.py:150} INFO - [2024-12-13T08:55:23.554+0000] {dag.py:3504} INFO - Setting next_dagrun for example_sla_dag to 2024-12-13T08:52:00+00:00, run_after=2024-12-13T08:54:00+00:00
[2024-12-13T08:55:23.568+0000] {processor.py:179} INFO - Processing /home/vscode/.local/lib/python3.10/site-packages/airflow/example_dags/example_sla_dag.py took 0.049 seconds
[2024-12-13T08:56:18.583+0000] {processor.py:157} INFO - Started process (PID=21199) to work on /home/vscode/.local/lib/python3.10/site-packages/airflow/example_dags/example_sla_dag.py
[2024-12-13T08:56:18.584+0000] {processor.py:826} INFO - Processing file /home/vscode/.local/lib/python3.10/site-packages/airflow/example_dags/example_sla_dag.py for tasks to queue
[2024-12-13T08:56:18.584+0000] {logging_mixin.py:150} INFO - [2024-12-13T08:56:18.584+0000] {dagbag.py:541} INFO - Filling up the DagBag from /home/vscode/.local/lib/python3.10/site-packages/airflow/example_dags/example_sla_dag.py
[2024-12-13T08:56:18.590+0000] {processor.py:836} INFO - DAG(s) dict_keys(['example_sla_dag']) retrieved from /home/vscode/.local/lib/python3.10/site-packages/airflow/example_dags/example_sla_dag.py
[2024-12-13T08:56:18.601+0000] {logging_mixin.py:150} INFO - [2024-12-13T08:56:18.601+0000] {dag.py:2742} INFO - Sync 1 DAGs
[2024-12-13T08:56:18.616+0000] {logging_mixin.py:150} INFO - [2024-12-13T08:56:18.616+0000] {dag.py:3504} INFO - Setting next_dagrun for example_sla_dag to 2024-12-13T08:54:00+00:00, run_after=2024-12-13T08:56:00+00:00
[2024-12-13T08:56:18.630+0000] {processor.py:179} INFO - Processing /home/vscode/.local/lib/python3.10/site-packages/airflow/example_dags/example_sla_dag.py took 0.049 seconds
[2024-12-13T08:57:10.645+0000] {processor.py:157} INFO - Started process (PID=21550) to work on /home/vscode/.local/lib/python3.10/site-packages/airflow/example_dags/example_sla_dag.py
[2024-12-13T08:57:10.646+0000] {processor.py:826} INFO - Processing file /home/vscode/.local/lib/python3.10/site-packages/airflow/example_dags/example_sla_dag.py for tasks to queue
[2024-12-13T08:57:10.647+0000] {logging_mixin.py:150} INFO - [2024-12-13T08:57:10.647+0000] {dagbag.py:541} INFO - Filling up the DagBag from /home/vscode/.local/lib/python3.10/site-packages/airflow/example_dags/example_sla_dag.py
[2024-12-13T08:57:10.655+0000] {processor.py:836} INFO - DAG(s) dict_keys(['example_sla_dag']) retrieved from /home/vscode/.local/lib/python3.10/site-packages/airflow/example_dags/example_sla_dag.py
[2024-12-13T08:57:10.673+0000] {logging_mixin.py:150} INFO - [2024-12-13T08:57:10.673+0000] {dag.py:2742} INFO - Sync 1 DAGs
[2024-12-13T08:57:10.697+0000] {logging_mixin.py:150} INFO - [2024-12-13T08:57:10.697+0000] {dag.py:3504} INFO - Setting next_dagrun for example_sla_dag to 2024-12-13T08:54:00+00:00, run_after=2024-12-13T08:56:00+00:00
[2024-12-13T08:57:10.713+0000] {processor.py:179} INFO - Processing /home/vscode/.local/lib/python3.10/site-packages/airflow/example_dags/example_sla_dag.py took 0.071 seconds
[2024-12-13T08:58:00.922+0000] {processor.py:157} INFO - Started process (PID=21897) to work on /home/vscode/.local/lib/python3.10/site-packages/airflow/example_dags/example_sla_dag.py
[2024-12-13T08:58:00.923+0000] {processor.py:826} INFO - Processing file /home/vscode/.local/lib/python3.10/site-packages/airflow/example_dags/example_sla_dag.py for tasks to queue
[2024-12-13T08:58:00.924+0000] {logging_mixin.py:150} INFO - [2024-12-13T08:58:00.923+0000] {dagbag.py:541} INFO - Filling up the DagBag from /home/vscode/.local/lib/python3.10/site-packages/airflow/example_dags/example_sla_dag.py
[2024-12-13T08:58:00.929+0000] {processor.py:836} INFO - DAG(s) dict_keys(['example_sla_dag']) retrieved from /home/vscode/.local/lib/python3.10/site-packages/airflow/example_dags/example_sla_dag.py
[2024-12-13T08:58:00.940+0000] {logging_mixin.py:150} INFO - [2024-12-13T08:58:00.940+0000] {dag.py:2742} INFO - Sync 1 DAGs
[2024-12-13T08:58:00.955+0000] {logging_mixin.py:150} INFO - [2024-12-13T08:58:00.955+0000] {dag.py:3504} INFO - Setting next_dagrun for example_sla_dag to 2024-12-13T08:56:00+00:00, run_after=2024-12-13T08:58:00+00:00
[2024-12-13T08:58:00.970+0000] {processor.py:179} INFO - Processing /home/vscode/.local/lib/python3.10/site-packages/airflow/example_dags/example_sla_dag.py took 0.050 seconds
[2024-12-13T08:58:52.462+0000] {processor.py:157} INFO - Started process (PID=22249) to work on /home/vscode/.local/lib/python3.10/site-packages/airflow/example_dags/example_sla_dag.py
[2024-12-13T08:58:52.463+0000] {processor.py:826} INFO - Processing file /home/vscode/.local/lib/python3.10/site-packages/airflow/example_dags/example_sla_dag.py for tasks to queue
[2024-12-13T08:58:52.463+0000] {logging_mixin.py:150} INFO - [2024-12-13T08:58:52.463+0000] {dagbag.py:541} INFO - Filling up the DagBag from /home/vscode/.local/lib/python3.10/site-packages/airflow/example_dags/example_sla_dag.py
[2024-12-13T08:58:52.469+0000] {processor.py:836} INFO - DAG(s) dict_keys(['example_sla_dag']) retrieved from /home/vscode/.local/lib/python3.10/site-packages/airflow/example_dags/example_sla_dag.py
[2024-12-13T08:58:52.480+0000] {logging_mixin.py:150} INFO - [2024-12-13T08:58:52.480+0000] {dag.py:2742} INFO - Sync 1 DAGs
[2024-12-13T08:58:52.496+0000] {logging_mixin.py:150} INFO - [2024-12-13T08:58:52.495+0000] {dag.py:3504} INFO - Setting next_dagrun for example_sla_dag to 2024-12-13T08:56:00+00:00, run_after=2024-12-13T08:58:00+00:00
[2024-12-13T08:58:52.508+0000] {processor.py:179} INFO - Processing /home/vscode/.local/lib/python3.10/site-packages/airflow/example_dags/example_sla_dag.py took 0.048 seconds
[2024-12-13T08:59:45.345+0000] {processor.py:157} INFO - Started process (PID=22610) to work on /home/vscode/.local/lib/python3.10/site-packages/airflow/example_dags/example_sla_dag.py
[2024-12-13T08:59:45.345+0000] {processor.py:826} INFO - Processing file /home/vscode/.local/lib/python3.10/site-packages/airflow/example_dags/example_sla_dag.py for tasks to queue
[2024-12-13T08:59:45.346+0000] {logging_mixin.py:150} INFO - [2024-12-13T08:59:45.346+0000] {dagbag.py:541} INFO - Filling up the DagBag from /home/vscode/.local/lib/python3.10/site-packages/airflow/example_dags/example_sla_dag.py
[2024-12-13T08:59:45.352+0000] {processor.py:836} INFO - DAG(s) dict_keys(['example_sla_dag']) retrieved from /home/vscode/.local/lib/python3.10/site-packages/airflow/example_dags/example_sla_dag.py
[2024-12-13T08:59:45.363+0000] {logging_mixin.py:150} INFO - [2024-12-13T08:59:45.363+0000] {dag.py:2742} INFO - Sync 1 DAGs
[2024-12-13T08:59:45.379+0000] {logging_mixin.py:150} INFO - [2024-12-13T08:59:45.378+0000] {dag.py:3504} INFO - Setting next_dagrun for example_sla_dag to 2024-12-13T08:56:00+00:00, run_after=2024-12-13T08:58:00+00:00
[2024-12-13T08:59:45.393+0000] {processor.py:179} INFO - Processing /home/vscode/.local/lib/python3.10/site-packages/airflow/example_dags/example_sla_dag.py took 0.050 seconds
[2024-12-13T09:00:36.084+0000] {processor.py:157} INFO - Started process (PID=22981) to work on /home/vscode/.local/lib/python3.10/site-packages/airflow/example_dags/example_sla_dag.py
[2024-12-13T09:00:36.085+0000] {processor.py:826} INFO - Processing file /home/vscode/.local/lib/python3.10/site-packages/airflow/example_dags/example_sla_dag.py for tasks to queue
[2024-12-13T09:00:36.086+0000] {logging_mixin.py:150} INFO - [2024-12-13T09:00:36.085+0000] {dagbag.py:541} INFO - Filling up the DagBag from /home/vscode/.local/lib/python3.10/site-packages/airflow/example_dags/example_sla_dag.py
[2024-12-13T09:00:36.091+0000] {processor.py:836} INFO - DAG(s) dict_keys(['example_sla_dag']) retrieved from /home/vscode/.local/lib/python3.10/site-packages/airflow/example_dags/example_sla_dag.py
[2024-12-13T09:00:36.102+0000] {logging_mixin.py:150} INFO - [2024-12-13T09:00:36.102+0000] {dag.py:2742} INFO - Sync 1 DAGs
[2024-12-13T09:00:36.117+0000] {logging_mixin.py:150} INFO - [2024-12-13T09:00:36.117+0000] {dag.py:3504} INFO - Setting next_dagrun for example_sla_dag to 2024-12-13T08:58:00+00:00, run_after=2024-12-13T09:00:00+00:00
[2024-12-13T09:00:36.130+0000] {processor.py:179} INFO - Processing /home/vscode/.local/lib/python3.10/site-packages/airflow/example_dags/example_sla_dag.py took 0.048 seconds
[2024-12-13T09:01:27.428+0000] {processor.py:157} INFO - Started process (PID=23336) to work on /home/vscode/.local/lib/python3.10/site-packages/airflow/example_dags/example_sla_dag.py
[2024-12-13T09:01:27.429+0000] {processor.py:826} INFO - Processing file /home/vscode/.local/lib/python3.10/site-packages/airflow/example_dags/example_sla_dag.py for tasks to queue
[2024-12-13T09:01:27.430+0000] {logging_mixin.py:150} INFO - [2024-12-13T09:01:27.430+0000] {dagbag.py:541} INFO - Filling up the DagBag from /home/vscode/.local/lib/python3.10/site-packages/airflow/example_dags/example_sla_dag.py
[2024-12-13T09:01:27.436+0000] {processor.py:836} INFO - DAG(s) dict_keys(['example_sla_dag']) retrieved from /home/vscode/.local/lib/python3.10/site-packages/airflow/example_dags/example_sla_dag.py
[2024-12-13T09:01:27.447+0000] {logging_mixin.py:150} INFO - [2024-12-13T09:01:27.447+0000] {dag.py:2742} INFO - Sync 1 DAGs
[2024-12-13T09:01:27.463+0000] {logging_mixin.py:150} INFO - [2024-12-13T09:01:27.462+0000] {dag.py:3504} INFO - Setting next_dagrun for example_sla_dag to 2024-12-13T08:58:00+00:00, run_after=2024-12-13T09:00:00+00:00
[2024-12-13T09:01:27.477+0000] {processor.py:179} INFO - Processing /home/vscode/.local/lib/python3.10/site-packages/airflow/example_dags/example_sla_dag.py took 0.051 seconds
[2024-12-13T09:02:21.642+0000] {processor.py:157} INFO - Started process (PID=23711) to work on /home/vscode/.local/lib/python3.10/site-packages/airflow/example_dags/example_sla_dag.py
[2024-12-13T09:02:21.642+0000] {processor.py:826} INFO - Processing file /home/vscode/.local/lib/python3.10/site-packages/airflow/example_dags/example_sla_dag.py for tasks to queue
[2024-12-13T09:02:21.643+0000] {logging_mixin.py:150} INFO - [2024-12-13T09:02:21.643+0000] {dagbag.py:541} INFO - Filling up the DagBag from /home/vscode/.local/lib/python3.10/site-packages/airflow/example_dags/example_sla_dag.py
[2024-12-13T09:02:21.649+0000] {processor.py:836} INFO - DAG(s) dict_keys(['example_sla_dag']) retrieved from /home/vscode/.local/lib/python3.10/site-packages/airflow/example_dags/example_sla_dag.py
[2024-12-13T09:02:21.659+0000] {logging_mixin.py:150} INFO - [2024-12-13T09:02:21.659+0000] {dag.py:2742} INFO - Sync 1 DAGs
[2024-12-13T09:02:21.674+0000] {logging_mixin.py:150} INFO - [2024-12-13T09:02:21.674+0000] {dag.py:3504} INFO - Setting next_dagrun for example_sla_dag to 2024-12-13T09:00:00+00:00, run_after=2024-12-13T09:02:00+00:00
[2024-12-13T09:02:21.687+0000] {processor.py:179} INFO - Processing /home/vscode/.local/lib/python3.10/site-packages/airflow/example_dags/example_sla_dag.py took 0.047 seconds
[2024-12-13T09:03:09.115+0000] {processor.py:157} INFO - Started process (PID=24034) to work on /home/vscode/.local/lib/python3.10/site-packages/airflow/example_dags/example_sla_dag.py
[2024-12-13T09:03:09.116+0000] {processor.py:826} INFO - Processing file /home/vscode/.local/lib/python3.10/site-packages/airflow/example_dags/example_sla_dag.py for tasks to queue
[2024-12-13T09:03:09.117+0000] {logging_mixin.py:150} INFO - [2024-12-13T09:03:09.116+0000] {dagbag.py:541} INFO - Filling up the DagBag from /home/vscode/.local/lib/python3.10/site-packages/airflow/example_dags/example_sla_dag.py
[2024-12-13T09:03:09.122+0000] {processor.py:836} INFO - DAG(s) dict_keys(['example_sla_dag']) retrieved from /home/vscode/.local/lib/python3.10/site-packages/airflow/example_dags/example_sla_dag.py
[2024-12-13T09:03:09.133+0000] {logging_mixin.py:150} INFO - [2024-12-13T09:03:09.133+0000] {dag.py:2742} INFO - Sync 1 DAGs
[2024-12-13T09:03:09.148+0000] {logging_mixin.py:150} INFO - [2024-12-13T09:03:09.148+0000] {dag.py:3504} INFO - Setting next_dagrun for example_sla_dag to 2024-12-13T09:00:00+00:00, run_after=2024-12-13T09:02:00+00:00
[2024-12-13T09:03:09.161+0000] {processor.py:179} INFO - Processing /home/vscode/.local/lib/python3.10/site-packages/airflow/example_dags/example_sla_dag.py took 0.048 seconds
[2024-12-13T09:04:01.494+0000] {processor.py:157} INFO - Started process (PID=24396) to work on /home/vscode/.local/lib/python3.10/site-packages/airflow/example_dags/example_sla_dag.py
[2024-12-13T09:04:01.495+0000] {processor.py:826} INFO - Processing file /home/vscode/.local/lib/python3.10/site-packages/airflow/example_dags/example_sla_dag.py for tasks to queue
[2024-12-13T09:04:01.496+0000] {logging_mixin.py:150} INFO - [2024-12-13T09:04:01.496+0000] {dagbag.py:541} INFO - Filling up the DagBag from /home/vscode/.local/lib/python3.10/site-packages/airflow/example_dags/example_sla_dag.py
[2024-12-13T09:04:01.502+0000] {processor.py:836} INFO - DAG(s) dict_keys(['example_sla_dag']) retrieved from /home/vscode/.local/lib/python3.10/site-packages/airflow/example_dags/example_sla_dag.py
[2024-12-13T09:04:01.513+0000] {logging_mixin.py:150} INFO - [2024-12-13T09:04:01.513+0000] {dag.py:2742} INFO - Sync 1 DAGs
[2024-12-13T09:04:01.528+0000] {logging_mixin.py:150} INFO - [2024-12-13T09:04:01.528+0000] {dag.py:3504} INFO - Setting next_dagrun for example_sla_dag to 2024-12-13T09:02:00+00:00, run_after=2024-12-13T09:04:00+00:00
[2024-12-13T09:04:01.541+0000] {processor.py:179} INFO - Processing /home/vscode/.local/lib/python3.10/site-packages/airflow/example_dags/example_sla_dag.py took 0.049 seconds
[2024-12-13T09:04:52.913+0000] {processor.py:157} INFO - Started process (PID=24752) to work on /home/vscode/.local/lib/python3.10/site-packages/airflow/example_dags/example_sla_dag.py
[2024-12-13T09:04:52.914+0000] {processor.py:826} INFO - Processing file /home/vscode/.local/lib/python3.10/site-packages/airflow/example_dags/example_sla_dag.py for tasks to queue
[2024-12-13T09:04:52.914+0000] {logging_mixin.py:150} INFO - [2024-12-13T09:04:52.914+0000] {dagbag.py:541} INFO - Filling up the DagBag from /home/vscode/.local/lib/python3.10/site-packages/airflow/example_dags/example_sla_dag.py
[2024-12-13T09:04:52.920+0000] {processor.py:836} INFO - DAG(s) dict_keys(['example_sla_dag']) retrieved from /home/vscode/.local/lib/python3.10/site-packages/airflow/example_dags/example_sla_dag.py
[2024-12-13T09:04:52.931+0000] {logging_mixin.py:150} INFO - [2024-12-13T09:04:52.931+0000] {dag.py:2742} INFO - Sync 1 DAGs
[2024-12-13T09:04:52.946+0000] {logging_mixin.py:150} INFO - [2024-12-13T09:04:52.946+0000] {dag.py:3504} INFO - Setting next_dagrun for example_sla_dag to 2024-12-13T09:02:00+00:00, run_after=2024-12-13T09:04:00+00:00
[2024-12-13T09:04:52.960+0000] {processor.py:179} INFO - Processing /home/vscode/.local/lib/python3.10/site-packages/airflow/example_dags/example_sla_dag.py took 0.050 seconds
[2024-12-13T09:05:41.957+0000] {processor.py:157} INFO - Started process (PID=25119) to work on /home/vscode/.local/lib/python3.10/site-packages/airflow/example_dags/example_sla_dag.py
[2024-12-13T09:05:41.958+0000] {processor.py:826} INFO - Processing file /home/vscode/.local/lib/python3.10/site-packages/airflow/example_dags/example_sla_dag.py for tasks to queue
[2024-12-13T09:05:41.959+0000] {logging_mixin.py:150} INFO - [2024-12-13T09:05:41.958+0000] {dagbag.py:541} INFO - Filling up the DagBag from /home/vscode/.local/lib/python3.10/site-packages/airflow/example_dags/example_sla_dag.py
[2024-12-13T09:05:41.965+0000] {processor.py:836} INFO - DAG(s) dict_keys(['example_sla_dag']) retrieved from /home/vscode/.local/lib/python3.10/site-packages/airflow/example_dags/example_sla_dag.py
[2024-12-13T09:05:41.975+0000] {logging_mixin.py:150} INFO - [2024-12-13T09:05:41.975+0000] {dag.py:2742} INFO - Sync 1 DAGs
[2024-12-13T09:05:41.990+0000] {logging_mixin.py:150} INFO - [2024-12-13T09:05:41.990+0000] {dag.py:3504} INFO - Setting next_dagrun for example_sla_dag to 2024-12-13T09:02:00+00:00, run_after=2024-12-13T09:04:00+00:00
[2024-12-13T09:05:42.003+0000] {processor.py:179} INFO - Processing /home/vscode/.local/lib/python3.10/site-packages/airflow/example_dags/example_sla_dag.py took 0.048 seconds
[2024-12-13T09:06:34.422+0000] {processor.py:157} INFO - Started process (PID=25480) to work on /home/vscode/.local/lib/python3.10/site-packages/airflow/example_dags/example_sla_dag.py
[2024-12-13T09:06:34.422+0000] {processor.py:826} INFO - Processing file /home/vscode/.local/lib/python3.10/site-packages/airflow/example_dags/example_sla_dag.py for tasks to queue
[2024-12-13T09:06:34.423+0000] {logging_mixin.py:150} INFO - [2024-12-13T09:06:34.423+0000] {dagbag.py:541} INFO - Filling up the DagBag from /home/vscode/.local/lib/python3.10/site-packages/airflow/example_dags/example_sla_dag.py
[2024-12-13T09:06:34.429+0000] {processor.py:836} INFO - DAG(s) dict_keys(['example_sla_dag']) retrieved from /home/vscode/.local/lib/python3.10/site-packages/airflow/example_dags/example_sla_dag.py
[2024-12-13T09:06:34.440+0000] {logging_mixin.py:150} INFO - [2024-12-13T09:06:34.440+0000] {dag.py:2742} INFO - Sync 1 DAGs
[2024-12-13T09:06:34.455+0000] {logging_mixin.py:150} INFO - [2024-12-13T09:06:34.455+0000] {dag.py:3504} INFO - Setting next_dagrun for example_sla_dag to 2024-12-13T09:04:00+00:00, run_after=2024-12-13T09:06:00+00:00
[2024-12-13T09:06:34.469+0000] {processor.py:179} INFO - Processing /home/vscode/.local/lib/python3.10/site-packages/airflow/example_dags/example_sla_dag.py took 0.049 seconds
[2024-12-13T09:07:25.966+0000] {processor.py:157} INFO - Started process (PID=25832) to work on /home/vscode/.local/lib/python3.10/site-packages/airflow/example_dags/example_sla_dag.py
[2024-12-13T09:07:25.966+0000] {processor.py:826} INFO - Processing file /home/vscode/.local/lib/python3.10/site-packages/airflow/example_dags/example_sla_dag.py for tasks to queue
[2024-12-13T09:07:25.967+0000] {logging_mixin.py:150} INFO - [2024-12-13T09:07:25.967+0000] {dagbag.py:541} INFO - Filling up the DagBag from /home/vscode/.local/lib/python3.10/site-packages/airflow/example_dags/example_sla_dag.py
[2024-12-13T09:07:25.974+0000] {processor.py:836} INFO - DAG(s) dict_keys(['example_sla_dag']) retrieved from /home/vscode/.local/lib/python3.10/site-packages/airflow/example_dags/example_sla_dag.py
[2024-12-13T09:07:25.985+0000] {logging_mixin.py:150} INFO - [2024-12-13T09:07:25.985+0000] {dag.py:2742} INFO - Sync 1 DAGs
[2024-12-13T09:07:26.000+0000] {logging_mixin.py:150} INFO - [2024-12-13T09:07:26.000+0000] {dag.py:3504} INFO - Setting next_dagrun for example_sla_dag to 2024-12-13T09:04:00+00:00, run_after=2024-12-13T09:06:00+00:00
[2024-12-13T09:07:26.012+0000] {processor.py:179} INFO - Processing /home/vscode/.local/lib/python3.10/site-packages/airflow/example_dags/example_sla_dag.py took 0.049 seconds
[2024-12-13T09:08:17.744+0000] {processor.py:157} INFO - Started process (PID=26186) to work on /home/vscode/.local/lib/python3.10/site-packages/airflow/example_dags/example_sla_dag.py
[2024-12-13T09:08:17.745+0000] {processor.py:826} INFO - Processing file /home/vscode/.local/lib/python3.10/site-packages/airflow/example_dags/example_sla_dag.py for tasks to queue
[2024-12-13T09:08:17.746+0000] {logging_mixin.py:150} INFO - [2024-12-13T09:08:17.746+0000] {dagbag.py:541} INFO - Filling up the DagBag from /home/vscode/.local/lib/python3.10/site-packages/airflow/example_dags/example_sla_dag.py
[2024-12-13T09:08:17.755+0000] {processor.py:836} INFO - DAG(s) dict_keys(['example_sla_dag']) retrieved from /home/vscode/.local/lib/python3.10/site-packages/airflow/example_dags/example_sla_dag.py
[2024-12-13T09:08:17.769+0000] {logging_mixin.py:150} INFO - [2024-12-13T09:08:17.769+0000] {dag.py:2742} INFO - Sync 1 DAGs
[2024-12-13T09:08:17.793+0000] {logging_mixin.py:150} INFO - [2024-12-13T09:08:17.793+0000] {dag.py:3504} INFO - Setting next_dagrun for example_sla_dag to 2024-12-13T09:06:00+00:00, run_after=2024-12-13T09:08:00+00:00
[2024-12-13T09:08:17.809+0000] {processor.py:179} INFO - Processing /home/vscode/.local/lib/python3.10/site-packages/airflow/example_dags/example_sla_dag.py took 0.068 seconds
[2024-12-13T09:09:09.517+0000] {processor.py:157} INFO - Started process (PID=26538) to work on /home/vscode/.local/lib/python3.10/site-packages/airflow/example_dags/example_sla_dag.py
[2024-12-13T09:09:09.518+0000] {processor.py:826} INFO - Processing file /home/vscode/.local/lib/python3.10/site-packages/airflow/example_dags/example_sla_dag.py for tasks to queue
[2024-12-13T09:09:09.519+0000] {logging_mixin.py:150} INFO - [2024-12-13T09:09:09.518+0000] {dagbag.py:541} INFO - Filling up the DagBag from /home/vscode/.local/lib/python3.10/site-packages/airflow/example_dags/example_sla_dag.py
[2024-12-13T09:09:09.525+0000] {processor.py:836} INFO - DAG(s) dict_keys(['example_sla_dag']) retrieved from /home/vscode/.local/lib/python3.10/site-packages/airflow/example_dags/example_sla_dag.py
[2024-12-13T09:09:09.537+0000] {logging_mixin.py:150} INFO - [2024-12-13T09:09:09.536+0000] {dag.py:2742} INFO - Sync 1 DAGs
[2024-12-13T09:09:09.552+0000] {logging_mixin.py:150} INFO - [2024-12-13T09:09:09.552+0000] {dag.py:3504} INFO - Setting next_dagrun for example_sla_dag to 2024-12-13T09:06:00+00:00, run_after=2024-12-13T09:08:00+00:00
[2024-12-13T09:09:09.565+0000] {processor.py:179} INFO - Processing /home/vscode/.local/lib/python3.10/site-packages/airflow/example_dags/example_sla_dag.py took 0.050 seconds
[2024-12-13T09:09:59.044+0000] {processor.py:157} INFO - Started process (PID=26878) to work on /home/vscode/.local/lib/python3.10/site-packages/airflow/example_dags/example_sla_dag.py
[2024-12-13T09:09:59.045+0000] {processor.py:826} INFO - Processing file /home/vscode/.local/lib/python3.10/site-packages/airflow/example_dags/example_sla_dag.py for tasks to queue
[2024-12-13T09:09:59.046+0000] {logging_mixin.py:150} INFO - [2024-12-13T09:09:59.045+0000] {dagbag.py:541} INFO - Filling up the DagBag from /home/vscode/.local/lib/python3.10/site-packages/airflow/example_dags/example_sla_dag.py
[2024-12-13T09:09:59.051+0000] {processor.py:836} INFO - DAG(s) dict_keys(['example_sla_dag']) retrieved from /home/vscode/.local/lib/python3.10/site-packages/airflow/example_dags/example_sla_dag.py
[2024-12-13T09:09:59.062+0000] {logging_mixin.py:150} INFO - [2024-12-13T09:09:59.062+0000] {dag.py:2742} INFO - Sync 1 DAGs
[2024-12-13T09:09:59.078+0000] {logging_mixin.py:150} INFO - [2024-12-13T09:09:59.078+0000] {dag.py:3504} INFO - Setting next_dagrun for example_sla_dag to 2024-12-13T09:06:00+00:00, run_after=2024-12-13T09:08:00+00:00
[2024-12-13T09:09:59.091+0000] {processor.py:179} INFO - Processing /home/vscode/.local/lib/python3.10/site-packages/airflow/example_dags/example_sla_dag.py took 0.049 seconds
[2024-12-13T09:10:51.933+0000] {processor.py:157} INFO - Started process (PID=27267) to work on /home/vscode/.local/lib/python3.10/site-packages/airflow/example_dags/example_sla_dag.py
[2024-12-13T09:10:51.934+0000] {processor.py:826} INFO - Processing file /home/vscode/.local/lib/python3.10/site-packages/airflow/example_dags/example_sla_dag.py for tasks to queue
[2024-12-13T09:10:51.935+0000] {logging_mixin.py:150} INFO - [2024-12-13T09:10:51.934+0000] {dagbag.py:541} INFO - Filling up the DagBag from /home/vscode/.local/lib/python3.10/site-packages/airflow/example_dags/example_sla_dag.py
[2024-12-13T09:10:51.941+0000] {processor.py:836} INFO - DAG(s) dict_keys(['example_sla_dag']) retrieved from /home/vscode/.local/lib/python3.10/site-packages/airflow/example_dags/example_sla_dag.py
[2024-12-13T09:10:51.952+0000] {logging_mixin.py:150} INFO - [2024-12-13T09:10:51.952+0000] {dag.py:2742} INFO - Sync 1 DAGs
[2024-12-13T09:10:51.968+0000] {logging_mixin.py:150} INFO - [2024-12-13T09:10:51.968+0000] {dag.py:3504} INFO - Setting next_dagrun for example_sla_dag to 2024-12-13T09:08:00+00:00, run_after=2024-12-13T09:10:00+00:00
[2024-12-13T09:10:51.982+0000] {processor.py:179} INFO - Processing /home/vscode/.local/lib/python3.10/site-packages/airflow/example_dags/example_sla_dag.py took 0.051 seconds
[2024-12-13T09:11:43.023+0000] {processor.py:157} INFO - Started process (PID=27615) to work on /home/vscode/.local/lib/python3.10/site-packages/airflow/example_dags/example_sla_dag.py
[2024-12-13T09:11:43.024+0000] {processor.py:826} INFO - Processing file /home/vscode/.local/lib/python3.10/site-packages/airflow/example_dags/example_sla_dag.py for tasks to queue
[2024-12-13T09:11:43.025+0000] {logging_mixin.py:150} INFO - [2024-12-13T09:11:43.025+0000] {dagbag.py:541} INFO - Filling up the DagBag from /home/vscode/.local/lib/python3.10/site-packages/airflow/example_dags/example_sla_dag.py
[2024-12-13T09:11:43.031+0000] {processor.py:836} INFO - DAG(s) dict_keys(['example_sla_dag']) retrieved from /home/vscode/.local/lib/python3.10/site-packages/airflow/example_dags/example_sla_dag.py
[2024-12-13T09:11:43.042+0000] {logging_mixin.py:150} INFO - [2024-12-13T09:11:43.042+0000] {dag.py:2742} INFO - Sync 1 DAGs
[2024-12-13T09:11:43.064+0000] {logging_mixin.py:150} INFO - [2024-12-13T09:11:43.064+0000] {dag.py:3504} INFO - Setting next_dagrun for example_sla_dag to 2024-12-13T09:08:00+00:00, run_after=2024-12-13T09:10:00+00:00
[2024-12-13T09:11:43.085+0000] {processor.py:179} INFO - Processing /home/vscode/.local/lib/python3.10/site-packages/airflow/example_dags/example_sla_dag.py took 0.064 seconds
[2024-12-13T09:12:32.482+0000] {processor.py:157} INFO - Started process (PID=27957) to work on /home/vscode/.local/lib/python3.10/site-packages/airflow/example_dags/example_sla_dag.py
[2024-12-13T09:12:32.483+0000] {processor.py:826} INFO - Processing file /home/vscode/.local/lib/python3.10/site-packages/airflow/example_dags/example_sla_dag.py for tasks to queue
[2024-12-13T09:12:32.483+0000] {logging_mixin.py:150} INFO - [2024-12-13T09:12:32.483+0000] {dagbag.py:541} INFO - Filling up the DagBag from /home/vscode/.local/lib/python3.10/site-packages/airflow/example_dags/example_sla_dag.py
[2024-12-13T09:12:32.489+0000] {processor.py:836} INFO - DAG(s) dict_keys(['example_sla_dag']) retrieved from /home/vscode/.local/lib/python3.10/site-packages/airflow/example_dags/example_sla_dag.py
[2024-12-13T09:12:32.501+0000] {logging_mixin.py:150} INFO - [2024-12-13T09:12:32.501+0000] {dag.py:2742} INFO - Sync 1 DAGs
[2024-12-13T09:12:32.517+0000] {logging_mixin.py:150} INFO - [2024-12-13T09:12:32.517+0000] {dag.py:3504} INFO - Setting next_dagrun for example_sla_dag to 2024-12-13T09:10:00+00:00, run_after=2024-12-13T09:12:00+00:00
[2024-12-13T09:12:32.531+0000] {processor.py:179} INFO - Processing /home/vscode/.local/lib/python3.10/site-packages/airflow/example_dags/example_sla_dag.py took 0.051 seconds
[2024-12-13T09:13:26.688+0000] {processor.py:157} INFO - Started process (PID=28335) to work on /home/vscode/.local/lib/python3.10/site-packages/airflow/example_dags/example_sla_dag.py
[2024-12-13T09:13:26.689+0000] {processor.py:826} INFO - Processing file /home/vscode/.local/lib/python3.10/site-packages/airflow/example_dags/example_sla_dag.py for tasks to queue
[2024-12-13T09:13:26.689+0000] {logging_mixin.py:150} INFO - [2024-12-13T09:13:26.689+0000] {dagbag.py:541} INFO - Filling up the DagBag from /home/vscode/.local/lib/python3.10/site-packages/airflow/example_dags/example_sla_dag.py
[2024-12-13T09:13:26.696+0000] {processor.py:836} INFO - DAG(s) dict_keys(['example_sla_dag']) retrieved from /home/vscode/.local/lib/python3.10/site-packages/airflow/example_dags/example_sla_dag.py
[2024-12-13T09:13:26.710+0000] {logging_mixin.py:150} INFO - [2024-12-13T09:13:26.709+0000] {dag.py:2742} INFO - Sync 1 DAGs
[2024-12-13T09:13:26.726+0000] {logging_mixin.py:150} INFO - [2024-12-13T09:13:26.726+0000] {dag.py:3504} INFO - Setting next_dagrun for example_sla_dag to 2024-12-13T09:10:00+00:00, run_after=2024-12-13T09:12:00+00:00
[2024-12-13T09:13:26.740+0000] {processor.py:179} INFO - Processing /home/vscode/.local/lib/python3.10/site-packages/airflow/example_dags/example_sla_dag.py took 0.054 seconds
[2024-12-13T09:14:17.756+0000] {processor.py:157} INFO - Started process (PID=28686) to work on /home/vscode/.local/lib/python3.10/site-packages/airflow/example_dags/example_sla_dag.py
[2024-12-13T09:14:17.757+0000] {processor.py:826} INFO - Processing file /home/vscode/.local/lib/python3.10/site-packages/airflow/example_dags/example_sla_dag.py for tasks to queue
[2024-12-13T09:14:17.757+0000] {logging_mixin.py:150} INFO - [2024-12-13T09:14:17.757+0000] {dagbag.py:541} INFO - Filling up the DagBag from /home/vscode/.local/lib/python3.10/site-packages/airflow/example_dags/example_sla_dag.py
[2024-12-13T09:14:17.764+0000] {processor.py:836} INFO - DAG(s) dict_keys(['example_sla_dag']) retrieved from /home/vscode/.local/lib/python3.10/site-packages/airflow/example_dags/example_sla_dag.py
[2024-12-13T09:14:17.775+0000] {logging_mixin.py:150} INFO - [2024-12-13T09:14:17.775+0000] {dag.py:2742} INFO - Sync 1 DAGs
[2024-12-13T09:14:17.791+0000] {logging_mixin.py:150} INFO - [2024-12-13T09:14:17.791+0000] {dag.py:3504} INFO - Setting next_dagrun for example_sla_dag to 2024-12-13T09:12:00+00:00, run_after=2024-12-13T09:14:00+00:00
[2024-12-13T09:14:17.806+0000] {processor.py:179} INFO - Processing /home/vscode/.local/lib/python3.10/site-packages/airflow/example_dags/example_sla_dag.py took 0.052 seconds
[2024-12-13T09:15:05.166+0000] {processor.py:157} INFO - Started process (PID=29021) to work on /home/vscode/.local/lib/python3.10/site-packages/airflow/example_dags/example_sla_dag.py
[2024-12-13T09:15:05.167+0000] {processor.py:826} INFO - Processing file /home/vscode/.local/lib/python3.10/site-packages/airflow/example_dags/example_sla_dag.py for tasks to queue
[2024-12-13T09:15:05.168+0000] {logging_mixin.py:150} INFO - [2024-12-13T09:15:05.167+0000] {dagbag.py:541} INFO - Filling up the DagBag from /home/vscode/.local/lib/python3.10/site-packages/airflow/example_dags/example_sla_dag.py
[2024-12-13T09:15:05.174+0000] {processor.py:836} INFO - DAG(s) dict_keys(['example_sla_dag']) retrieved from /home/vscode/.local/lib/python3.10/site-packages/airflow/example_dags/example_sla_dag.py
[2024-12-13T09:15:05.185+0000] {logging_mixin.py:150} INFO - [2024-12-13T09:15:05.185+0000] {dag.py:2742} INFO - Sync 1 DAGs
[2024-12-13T09:15:05.200+0000] {logging_mixin.py:150} INFO - [2024-12-13T09:15:05.200+0000] {dag.py:3504} INFO - Setting next_dagrun for example_sla_dag to 2024-12-13T09:12:00+00:00, run_after=2024-12-13T09:14:00+00:00
[2024-12-13T09:15:05.213+0000] {processor.py:179} INFO - Processing /home/vscode/.local/lib/python3.10/site-packages/airflow/example_dags/example_sla_dag.py took 0.049 seconds
[2024-12-13T09:15:54.653+0000] {processor.py:157} INFO - Started process (PID=29378) to work on /home/vscode/.local/lib/python3.10/site-packages/airflow/example_dags/example_sla_dag.py
[2024-12-13T09:15:54.654+0000] {processor.py:826} INFO - Processing file /home/vscode/.local/lib/python3.10/site-packages/airflow/example_dags/example_sla_dag.py for tasks to queue
[2024-12-13T09:15:54.654+0000] {logging_mixin.py:150} INFO - [2024-12-13T09:15:54.654+0000] {dagbag.py:541} INFO - Filling up the DagBag from /home/vscode/.local/lib/python3.10/site-packages/airflow/example_dags/example_sla_dag.py
[2024-12-13T09:15:54.660+0000] {processor.py:836} INFO - DAG(s) dict_keys(['example_sla_dag']) retrieved from /home/vscode/.local/lib/python3.10/site-packages/airflow/example_dags/example_sla_dag.py
[2024-12-13T09:15:54.672+0000] {logging_mixin.py:150} INFO - [2024-12-13T09:15:54.672+0000] {dag.py:2742} INFO - Sync 1 DAGs
[2024-12-13T09:15:54.688+0000] {logging_mixin.py:150} INFO - [2024-12-13T09:15:54.688+0000] {dag.py:3504} INFO - Setting next_dagrun for example_sla_dag to 2024-12-13T09:12:00+00:00, run_after=2024-12-13T09:14:00+00:00
[2024-12-13T09:15:54.702+0000] {processor.py:179} INFO - Processing /home/vscode/.local/lib/python3.10/site-packages/airflow/example_dags/example_sla_dag.py took 0.051 seconds
[2024-12-13T09:16:48.962+0000] {processor.py:157} INFO - Started process (PID=29757) to work on /home/vscode/.local/lib/python3.10/site-packages/airflow/example_dags/example_sla_dag.py
[2024-12-13T09:16:48.962+0000] {processor.py:826} INFO - Processing file /home/vscode/.local/lib/python3.10/site-packages/airflow/example_dags/example_sla_dag.py for tasks to queue
[2024-12-13T09:16:48.963+0000] {logging_mixin.py:150} INFO - [2024-12-13T09:16:48.963+0000] {dagbag.py:541} INFO - Filling up the DagBag from /home/vscode/.local/lib/python3.10/site-packages/airflow/example_dags/example_sla_dag.py
[2024-12-13T09:16:48.969+0000] {processor.py:836} INFO - DAG(s) dict_keys(['example_sla_dag']) retrieved from /home/vscode/.local/lib/python3.10/site-packages/airflow/example_dags/example_sla_dag.py
[2024-12-13T09:16:48.981+0000] {logging_mixin.py:150} INFO - [2024-12-13T09:16:48.981+0000] {dag.py:2742} INFO - Sync 1 DAGs
[2024-12-13T09:16:49.001+0000] {logging_mixin.py:150} INFO - [2024-12-13T09:16:49.000+0000] {dag.py:3504} INFO - Setting next_dagrun for example_sla_dag to 2024-12-13T09:14:00+00:00, run_after=2024-12-13T09:16:00+00:00
[2024-12-13T09:16:49.016+0000] {processor.py:179} INFO - Processing /home/vscode/.local/lib/python3.10/site-packages/airflow/example_dags/example_sla_dag.py took 0.057 seconds
[2024-12-13T09:17:37.181+0000] {processor.py:157} INFO - Started process (PID=30088) to work on /home/vscode/.local/lib/python3.10/site-packages/airflow/example_dags/example_sla_dag.py
[2024-12-13T09:17:37.182+0000] {processor.py:826} INFO - Processing file /home/vscode/.local/lib/python3.10/site-packages/airflow/example_dags/example_sla_dag.py for tasks to queue
[2024-12-13T09:17:37.182+0000] {logging_mixin.py:150} INFO - [2024-12-13T09:17:37.182+0000] {dagbag.py:541} INFO - Filling up the DagBag from /home/vscode/.local/lib/python3.10/site-packages/airflow/example_dags/example_sla_dag.py
[2024-12-13T09:17:37.188+0000] {processor.py:836} INFO - DAG(s) dict_keys(['example_sla_dag']) retrieved from /home/vscode/.local/lib/python3.10/site-packages/airflow/example_dags/example_sla_dag.py
[2024-12-13T09:17:37.199+0000] {logging_mixin.py:150} INFO - [2024-12-13T09:17:37.199+0000] {dag.py:2742} INFO - Sync 1 DAGs
[2024-12-13T09:17:37.214+0000] {logging_mixin.py:150} INFO - [2024-12-13T09:17:37.214+0000] {dag.py:3504} INFO - Setting next_dagrun for example_sla_dag to 2024-12-13T09:14:00+00:00, run_after=2024-12-13T09:16:00+00:00
[2024-12-13T09:17:37.227+0000] {processor.py:179} INFO - Processing /home/vscode/.local/lib/python3.10/site-packages/airflow/example_dags/example_sla_dag.py took 0.048 seconds
[2024-12-13T09:18:31.686+0000] {processor.py:157} INFO - Started process (PID=30457) to work on /home/vscode/.local/lib/python3.10/site-packages/airflow/example_dags/example_sla_dag.py
[2024-12-13T09:18:31.687+0000] {processor.py:826} INFO - Processing file /home/vscode/.local/lib/python3.10/site-packages/airflow/example_dags/example_sla_dag.py for tasks to queue
[2024-12-13T09:18:31.687+0000] {logging_mixin.py:150} INFO - [2024-12-13T09:18:31.687+0000] {dagbag.py:541} INFO - Filling up the DagBag from /home/vscode/.local/lib/python3.10/site-packages/airflow/example_dags/example_sla_dag.py
[2024-12-13T09:18:31.694+0000] {processor.py:836} INFO - DAG(s) dict_keys(['example_sla_dag']) retrieved from /home/vscode/.local/lib/python3.10/site-packages/airflow/example_dags/example_sla_dag.py
[2024-12-13T09:18:31.705+0000] {logging_mixin.py:150} INFO - [2024-12-13T09:18:31.705+0000] {dag.py:2742} INFO - Sync 1 DAGs
[2024-12-13T09:18:31.720+0000] {logging_mixin.py:150} INFO - [2024-12-13T09:18:31.720+0000] {dag.py:3504} INFO - Setting next_dagrun for example_sla_dag to 2024-12-13T09:16:00+00:00, run_after=2024-12-13T09:18:00+00:00
[2024-12-13T09:18:31.735+0000] {processor.py:179} INFO - Processing /home/vscode/.local/lib/python3.10/site-packages/airflow/example_dags/example_sla_dag.py took 0.051 seconds
[2024-12-13T09:19:19.352+0000] {processor.py:157} INFO - Started process (PID=30790) to work on /home/vscode/.local/lib/python3.10/site-packages/airflow/example_dags/example_sla_dag.py
[2024-12-13T09:19:19.353+0000] {processor.py:826} INFO - Processing file /home/vscode/.local/lib/python3.10/site-packages/airflow/example_dags/example_sla_dag.py for tasks to queue
[2024-12-13T09:19:19.354+0000] {logging_mixin.py:150} INFO - [2024-12-13T09:19:19.353+0000] {dagbag.py:541} INFO - Filling up the DagBag from /home/vscode/.local/lib/python3.10/site-packages/airflow/example_dags/example_sla_dag.py
[2024-12-13T09:19:19.360+0000] {processor.py:836} INFO - DAG(s) dict_keys(['example_sla_dag']) retrieved from /home/vscode/.local/lib/python3.10/site-packages/airflow/example_dags/example_sla_dag.py
[2024-12-13T09:19:19.370+0000] {logging_mixin.py:150} INFO - [2024-12-13T09:19:19.370+0000] {dag.py:2742} INFO - Sync 1 DAGs
[2024-12-13T09:19:19.386+0000] {logging_mixin.py:150} INFO - [2024-12-13T09:19:19.386+0000] {dag.py:3504} INFO - Setting next_dagrun for example_sla_dag to 2024-12-13T09:16:00+00:00, run_after=2024-12-13T09:18:00+00:00
[2024-12-13T09:19:19.399+0000] {processor.py:179} INFO - Processing /home/vscode/.local/lib/python3.10/site-packages/airflow/example_dags/example_sla_dag.py took 0.049 seconds
[2024-12-13T09:20:09.010+0000] {processor.py:157} INFO - Started process (PID=31154) to work on /home/vscode/.local/lib/python3.10/site-packages/airflow/example_dags/example_sla_dag.py
[2024-12-13T09:20:09.011+0000] {processor.py:826} INFO - Processing file /home/vscode/.local/lib/python3.10/site-packages/airflow/example_dags/example_sla_dag.py for tasks to queue
[2024-12-13T09:20:09.011+0000] {logging_mixin.py:150} INFO - [2024-12-13T09:20:09.011+0000] {dagbag.py:541} INFO - Filling up the DagBag from /home/vscode/.local/lib/python3.10/site-packages/airflow/example_dags/example_sla_dag.py
[2024-12-13T09:20:09.017+0000] {processor.py:836} INFO - DAG(s) dict_keys(['example_sla_dag']) retrieved from /home/vscode/.local/lib/python3.10/site-packages/airflow/example_dags/example_sla_dag.py
[2024-12-13T09:20:09.028+0000] {logging_mixin.py:150} INFO - [2024-12-13T09:20:09.027+0000] {dag.py:2742} INFO - Sync 1 DAGs
[2024-12-13T09:20:09.043+0000] {logging_mixin.py:150} INFO - [2024-12-13T09:20:09.043+0000] {dag.py:3504} INFO - Setting next_dagrun for example_sla_dag to 2024-12-13T09:18:00+00:00, run_after=2024-12-13T09:20:00+00:00
[2024-12-13T09:20:09.057+0000] {processor.py:179} INFO - Processing /home/vscode/.local/lib/python3.10/site-packages/airflow/example_dags/example_sla_dag.py took 0.049 seconds
[2024-12-13T09:20:58.143+0000] {processor.py:157} INFO - Started process (PID=31488) to work on /home/vscode/.local/lib/python3.10/site-packages/airflow/example_dags/example_sla_dag.py
[2024-12-13T09:20:58.143+0000] {processor.py:826} INFO - Processing file /home/vscode/.local/lib/python3.10/site-packages/airflow/example_dags/example_sla_dag.py for tasks to queue
[2024-12-13T09:20:58.144+0000] {logging_mixin.py:150} INFO - [2024-12-13T09:20:58.144+0000] {dagbag.py:541} INFO - Filling up the DagBag from /home/vscode/.local/lib/python3.10/site-packages/airflow/example_dags/example_sla_dag.py
[2024-12-13T09:20:58.150+0000] {processor.py:836} INFO - DAG(s) dict_keys(['example_sla_dag']) retrieved from /home/vscode/.local/lib/python3.10/site-packages/airflow/example_dags/example_sla_dag.py
[2024-12-13T09:20:58.161+0000] {logging_mixin.py:150} INFO - [2024-12-13T09:20:58.161+0000] {dag.py:2742} INFO - Sync 1 DAGs
[2024-12-13T09:20:58.176+0000] {logging_mixin.py:150} INFO - [2024-12-13T09:20:58.176+0000] {dag.py:3504} INFO - Setting next_dagrun for example_sla_dag to 2024-12-13T09:18:00+00:00, run_after=2024-12-13T09:20:00+00:00
[2024-12-13T09:20:58.189+0000] {processor.py:179} INFO - Processing /home/vscode/.local/lib/python3.10/site-packages/airflow/example_dags/example_sla_dag.py took 0.049 seconds
[2024-12-13T09:21:52.745+0000] {processor.py:157} INFO - Started process (PID=31859) to work on /home/vscode/.local/lib/python3.10/site-packages/airflow/example_dags/example_sla_dag.py
[2024-12-13T09:21:52.746+0000] {processor.py:826} INFO - Processing file /home/vscode/.local/lib/python3.10/site-packages/airflow/example_dags/example_sla_dag.py for tasks to queue
[2024-12-13T09:21:52.746+0000] {logging_mixin.py:150} INFO - [2024-12-13T09:21:52.746+0000] {dagbag.py:541} INFO - Filling up the DagBag from /home/vscode/.local/lib/python3.10/site-packages/airflow/example_dags/example_sla_dag.py
[2024-12-13T09:21:52.752+0000] {processor.py:836} INFO - DAG(s) dict_keys(['example_sla_dag']) retrieved from /home/vscode/.local/lib/python3.10/site-packages/airflow/example_dags/example_sla_dag.py
[2024-12-13T09:21:52.763+0000] {logging_mixin.py:150} INFO - [2024-12-13T09:21:52.763+0000] {dag.py:2742} INFO - Sync 1 DAGs
[2024-12-13T09:21:52.779+0000] {logging_mixin.py:150} INFO - [2024-12-13T09:21:52.779+0000] {dag.py:3504} INFO - Setting next_dagrun for example_sla_dag to 2024-12-13T09:18:00+00:00, run_after=2024-12-13T09:20:00+00:00
[2024-12-13T09:21:52.792+0000] {processor.py:179} INFO - Processing /home/vscode/.local/lib/python3.10/site-packages/airflow/example_dags/example_sla_dag.py took 0.049 seconds
[2024-12-13T09:22:42.825+0000] {processor.py:157} INFO - Started process (PID=32205) to work on /home/vscode/.local/lib/python3.10/site-packages/airflow/example_dags/example_sla_dag.py
[2024-12-13T09:22:42.825+0000] {processor.py:826} INFO - Processing file /home/vscode/.local/lib/python3.10/site-packages/airflow/example_dags/example_sla_dag.py for tasks to queue
[2024-12-13T09:22:42.826+0000] {logging_mixin.py:150} INFO - [2024-12-13T09:22:42.826+0000] {dagbag.py:541} INFO - Filling up the DagBag from /home/vscode/.local/lib/python3.10/site-packages/airflow/example_dags/example_sla_dag.py
[2024-12-13T09:22:42.832+0000] {processor.py:836} INFO - DAG(s) dict_keys(['example_sla_dag']) retrieved from /home/vscode/.local/lib/python3.10/site-packages/airflow/example_dags/example_sla_dag.py
[2024-12-13T09:22:42.842+0000] {logging_mixin.py:150} INFO - [2024-12-13T09:22:42.842+0000] {dag.py:2742} INFO - Sync 1 DAGs
[2024-12-13T09:22:42.857+0000] {logging_mixin.py:150} INFO - [2024-12-13T09:22:42.857+0000] {dag.py:3504} INFO - Setting next_dagrun for example_sla_dag to 2024-12-13T09:20:00+00:00, run_after=2024-12-13T09:22:00+00:00
[2024-12-13T09:22:42.871+0000] {processor.py:179} INFO - Processing /home/vscode/.local/lib/python3.10/site-packages/airflow/example_dags/example_sla_dag.py took 0.049 seconds
[2024-12-13T09:23:36.464+0000] {processor.py:157} INFO - Started process (PID=32566) to work on /home/vscode/.local/lib/python3.10/site-packages/airflow/example_dags/example_sla_dag.py
[2024-12-13T09:23:36.465+0000] {processor.py:826} INFO - Processing file /home/vscode/.local/lib/python3.10/site-packages/airflow/example_dags/example_sla_dag.py for tasks to queue
[2024-12-13T09:23:36.465+0000] {logging_mixin.py:150} INFO - [2024-12-13T09:23:36.465+0000] {dagbag.py:541} INFO - Filling up the DagBag from /home/vscode/.local/lib/python3.10/site-packages/airflow/example_dags/example_sla_dag.py
[2024-12-13T09:23:36.471+0000] {processor.py:836} INFO - DAG(s) dict_keys(['example_sla_dag']) retrieved from /home/vscode/.local/lib/python3.10/site-packages/airflow/example_dags/example_sla_dag.py
[2024-12-13T09:23:36.482+0000] {logging_mixin.py:150} INFO - [2024-12-13T09:23:36.482+0000] {dag.py:2742} INFO - Sync 1 DAGs
[2024-12-13T09:23:36.497+0000] {logging_mixin.py:150} INFO - [2024-12-13T09:23:36.497+0000] {dag.py:3504} INFO - Setting next_dagrun for example_sla_dag to 2024-12-13T09:20:00+00:00, run_after=2024-12-13T09:22:00+00:00
[2024-12-13T09:23:36.510+0000] {processor.py:179} INFO - Processing /home/vscode/.local/lib/python3.10/site-packages/airflow/example_dags/example_sla_dag.py took 0.048 seconds
[2024-12-13T09:24:32.144+0000] {processor.py:157} INFO - Started process (PID=32952) to work on /home/vscode/.local/lib/python3.10/site-packages/airflow/example_dags/example_sla_dag.py
[2024-12-13T09:24:32.144+0000] {processor.py:826} INFO - Processing file /home/vscode/.local/lib/python3.10/site-packages/airflow/example_dags/example_sla_dag.py for tasks to queue
[2024-12-13T09:24:32.145+0000] {logging_mixin.py:150} INFO - [2024-12-13T09:24:32.145+0000] {dagbag.py:541} INFO - Filling up the DagBag from /home/vscode/.local/lib/python3.10/site-packages/airflow/example_dags/example_sla_dag.py
[2024-12-13T09:24:32.151+0000] {processor.py:836} INFO - DAG(s) dict_keys(['example_sla_dag']) retrieved from /home/vscode/.local/lib/python3.10/site-packages/airflow/example_dags/example_sla_dag.py
[2024-12-13T09:24:32.161+0000] {logging_mixin.py:150} INFO - [2024-12-13T09:24:32.161+0000] {dag.py:2742} INFO - Sync 1 DAGs
[2024-12-13T09:24:32.176+0000] {logging_mixin.py:150} INFO - [2024-12-13T09:24:32.176+0000] {dag.py:3504} INFO - Setting next_dagrun for example_sla_dag to 2024-12-13T09:22:00+00:00, run_after=2024-12-13T09:24:00+00:00
[2024-12-13T09:24:32.190+0000] {processor.py:179} INFO - Processing /home/vscode/.local/lib/python3.10/site-packages/airflow/example_dags/example_sla_dag.py took 0.049 seconds
[2024-12-13T09:25:19.509+0000] {processor.py:157} INFO - Started process (PID=33308) to work on /home/vscode/.local/lib/python3.10/site-packages/airflow/example_dags/example_sla_dag.py
[2024-12-13T09:25:19.510+0000] {processor.py:826} INFO - Processing file /home/vscode/.local/lib/python3.10/site-packages/airflow/example_dags/example_sla_dag.py for tasks to queue
[2024-12-13T09:25:19.510+0000] {logging_mixin.py:150} INFO - [2024-12-13T09:25:19.510+0000] {dagbag.py:541} INFO - Filling up the DagBag from /home/vscode/.local/lib/python3.10/site-packages/airflow/example_dags/example_sla_dag.py
[2024-12-13T09:25:19.516+0000] {processor.py:836} INFO - DAG(s) dict_keys(['example_sla_dag']) retrieved from /home/vscode/.local/lib/python3.10/site-packages/airflow/example_dags/example_sla_dag.py
[2024-12-13T09:25:19.527+0000] {logging_mixin.py:150} INFO - [2024-12-13T09:25:19.527+0000] {dag.py:2742} INFO - Sync 1 DAGs
[2024-12-13T09:25:19.543+0000] {logging_mixin.py:150} INFO - [2024-12-13T09:25:19.543+0000] {dag.py:3504} INFO - Setting next_dagrun for example_sla_dag to 2024-12-13T09:22:00+00:00, run_after=2024-12-13T09:24:00+00:00
[2024-12-13T09:25:19.557+0000] {processor.py:179} INFO - Processing /home/vscode/.local/lib/python3.10/site-packages/airflow/example_dags/example_sla_dag.py took 0.050 seconds
[2024-12-13T09:26:08.007+0000] {processor.py:157} INFO - Started process (PID=33638) to work on /home/vscode/.local/lib/python3.10/site-packages/airflow/example_dags/example_sla_dag.py
[2024-12-13T09:26:08.007+0000] {processor.py:826} INFO - Processing file /home/vscode/.local/lib/python3.10/site-packages/airflow/example_dags/example_sla_dag.py for tasks to queue
[2024-12-13T09:26:08.008+0000] {logging_mixin.py:150} INFO - [2024-12-13T09:26:08.008+0000] {dagbag.py:541} INFO - Filling up the DagBag from /home/vscode/.local/lib/python3.10/site-packages/airflow/example_dags/example_sla_dag.py
[2024-12-13T09:26:08.014+0000] {processor.py:836} INFO - DAG(s) dict_keys(['example_sla_dag']) retrieved from /home/vscode/.local/lib/python3.10/site-packages/airflow/example_dags/example_sla_dag.py
[2024-12-13T09:26:08.024+0000] {logging_mixin.py:150} INFO - [2024-12-13T09:26:08.024+0000] {dag.py:2742} INFO - Sync 1 DAGs
[2024-12-13T09:26:08.039+0000] {logging_mixin.py:150} INFO - [2024-12-13T09:26:08.039+0000] {dag.py:3504} INFO - Setting next_dagrun for example_sla_dag to 2024-12-13T09:24:00+00:00, run_after=2024-12-13T09:26:00+00:00
[2024-12-13T09:26:08.052+0000] {processor.py:179} INFO - Processing /home/vscode/.local/lib/python3.10/site-packages/airflow/example_dags/example_sla_dag.py took 0.048 seconds
[2024-12-13T09:27:00.695+0000] {processor.py:157} INFO - Started process (PID=34004) to work on /home/vscode/.local/lib/python3.10/site-packages/airflow/example_dags/example_sla_dag.py
[2024-12-13T09:27:00.695+0000] {processor.py:826} INFO - Processing file /home/vscode/.local/lib/python3.10/site-packages/airflow/example_dags/example_sla_dag.py for tasks to queue
[2024-12-13T09:27:00.696+0000] {logging_mixin.py:150} INFO - [2024-12-13T09:27:00.696+0000] {dagbag.py:541} INFO - Filling up the DagBag from /home/vscode/.local/lib/python3.10/site-packages/airflow/example_dags/example_sla_dag.py
[2024-12-13T09:27:00.702+0000] {processor.py:836} INFO - DAG(s) dict_keys(['example_sla_dag']) retrieved from /home/vscode/.local/lib/python3.10/site-packages/airflow/example_dags/example_sla_dag.py
[2024-12-13T09:27:00.713+0000] {logging_mixin.py:150} INFO - [2024-12-13T09:27:00.713+0000] {dag.py:2742} INFO - Sync 1 DAGs
[2024-12-13T09:27:00.729+0000] {logging_mixin.py:150} INFO - [2024-12-13T09:27:00.729+0000] {dag.py:3504} INFO - Setting next_dagrun for example_sla_dag to 2024-12-13T09:24:00+00:00, run_after=2024-12-13T09:26:00+00:00
[2024-12-13T09:27:00.742+0000] {processor.py:179} INFO - Processing /home/vscode/.local/lib/python3.10/site-packages/airflow/example_dags/example_sla_dag.py took 0.049 seconds
[2024-12-13T09:27:50.342+0000] {processor.py:157} INFO - Started process (PID=34341) to work on /home/vscode/.local/lib/python3.10/site-packages/airflow/example_dags/example_sla_dag.py
[2024-12-13T09:27:50.342+0000] {processor.py:826} INFO - Processing file /home/vscode/.local/lib/python3.10/site-packages/airflow/example_dags/example_sla_dag.py for tasks to queue
[2024-12-13T09:27:50.343+0000] {logging_mixin.py:150} INFO - [2024-12-13T09:27:50.343+0000] {dagbag.py:541} INFO - Filling up the DagBag from /home/vscode/.local/lib/python3.10/site-packages/airflow/example_dags/example_sla_dag.py
[2024-12-13T09:27:50.349+0000] {processor.py:836} INFO - DAG(s) dict_keys(['example_sla_dag']) retrieved from /home/vscode/.local/lib/python3.10/site-packages/airflow/example_dags/example_sla_dag.py
[2024-12-13T09:27:50.361+0000] {logging_mixin.py:150} INFO - [2024-12-13T09:27:50.360+0000] {dag.py:2742} INFO - Sync 1 DAGs
[2024-12-13T09:27:50.376+0000] {logging_mixin.py:150} INFO - [2024-12-13T09:27:50.376+0000] {dag.py:3504} INFO - Setting next_dagrun for example_sla_dag to 2024-12-13T09:24:00+00:00, run_after=2024-12-13T09:26:00+00:00
[2024-12-13T09:27:50.390+0000] {processor.py:179} INFO - Processing /home/vscode/.local/lib/python3.10/site-packages/airflow/example_dags/example_sla_dag.py took 0.050 seconds
[2024-12-13T09:28:41.939+0000] {processor.py:157} INFO - Started process (PID=34690) to work on /home/vscode/.local/lib/python3.10/site-packages/airflow/example_dags/example_sla_dag.py
[2024-12-13T09:28:41.940+0000] {processor.py:826} INFO - Processing file /home/vscode/.local/lib/python3.10/site-packages/airflow/example_dags/example_sla_dag.py for tasks to queue
[2024-12-13T09:28:41.941+0000] {logging_mixin.py:150} INFO - [2024-12-13T09:28:41.940+0000] {dagbag.py:541} INFO - Filling up the DagBag from /home/vscode/.local/lib/python3.10/site-packages/airflow/example_dags/example_sla_dag.py
[2024-12-13T09:28:41.947+0000] {processor.py:836} INFO - DAG(s) dict_keys(['example_sla_dag']) retrieved from /home/vscode/.local/lib/python3.10/site-packages/airflow/example_dags/example_sla_dag.py
[2024-12-13T09:28:41.958+0000] {logging_mixin.py:150} INFO - [2024-12-13T09:28:41.958+0000] {dag.py:2742} INFO - Sync 1 DAGs
[2024-12-13T09:28:41.973+0000] {logging_mixin.py:150} INFO - [2024-12-13T09:28:41.973+0000] {dag.py:3504} INFO - Setting next_dagrun for example_sla_dag to 2024-12-13T09:26:00+00:00, run_after=2024-12-13T09:28:00+00:00
[2024-12-13T09:28:41.987+0000] {processor.py:179} INFO - Processing /home/vscode/.local/lib/python3.10/site-packages/airflow/example_dags/example_sla_dag.py took 0.050 seconds
[2024-12-13T09:29:40.771+0000] {processor.py:157} INFO - Started process (PID=35081) to work on /home/vscode/.local/lib/python3.10/site-packages/airflow/example_dags/example_sla_dag.py
[2024-12-13T09:29:40.771+0000] {processor.py:826} INFO - Processing file /home/vscode/.local/lib/python3.10/site-packages/airflow/example_dags/example_sla_dag.py for tasks to queue
[2024-12-13T09:29:40.772+0000] {logging_mixin.py:150} INFO - [2024-12-13T09:29:40.772+0000] {dagbag.py:541} INFO - Filling up the DagBag from /home/vscode/.local/lib/python3.10/site-packages/airflow/example_dags/example_sla_dag.py
[2024-12-13T09:29:40.778+0000] {processor.py:836} INFO - DAG(s) dict_keys(['example_sla_dag']) retrieved from /home/vscode/.local/lib/python3.10/site-packages/airflow/example_dags/example_sla_dag.py
[2024-12-13T09:29:40.793+0000] {logging_mixin.py:150} INFO - [2024-12-13T09:29:40.792+0000] {dag.py:2742} INFO - Sync 1 DAGs
[2024-12-13T09:29:40.816+0000] {logging_mixin.py:150} INFO - [2024-12-13T09:29:40.815+0000] {dag.py:3504} INFO - Setting next_dagrun for example_sla_dag to 2024-12-13T09:26:00+00:00, run_after=2024-12-13T09:28:00+00:00
[2024-12-13T09:29:40.831+0000] {processor.py:179} INFO - Processing /home/vscode/.local/lib/python3.10/site-packages/airflow/example_dags/example_sla_dag.py took 0.062 seconds
[2024-12-13T09:30:28.743+0000] {processor.py:157} INFO - Started process (PID=35443) to work on /home/vscode/.local/lib/python3.10/site-packages/airflow/example_dags/example_sla_dag.py
[2024-12-13T09:30:28.744+0000] {processor.py:826} INFO - Processing file /home/vscode/.local/lib/python3.10/site-packages/airflow/example_dags/example_sla_dag.py for tasks to queue
[2024-12-13T09:30:28.744+0000] {logging_mixin.py:150} INFO - [2024-12-13T09:30:28.744+0000] {dagbag.py:541} INFO - Filling up the DagBag from /home/vscode/.local/lib/python3.10/site-packages/airflow/example_dags/example_sla_dag.py
[2024-12-13T09:30:28.750+0000] {processor.py:836} INFO - DAG(s) dict_keys(['example_sla_dag']) retrieved from /home/vscode/.local/lib/python3.10/site-packages/airflow/example_dags/example_sla_dag.py
[2024-12-13T09:30:28.761+0000] {logging_mixin.py:150} INFO - [2024-12-13T09:30:28.761+0000] {dag.py:2742} INFO - Sync 1 DAGs
[2024-12-13T09:30:28.777+0000] {logging_mixin.py:150} INFO - [2024-12-13T09:30:28.777+0000] {dag.py:3504} INFO - Setting next_dagrun for example_sla_dag to 2024-12-13T09:28:00+00:00, run_after=2024-12-13T09:30:00+00:00
[2024-12-13T09:30:28.791+0000] {processor.py:179} INFO - Processing /home/vscode/.local/lib/python3.10/site-packages/airflow/example_dags/example_sla_dag.py took 0.050 seconds
[2024-12-13T09:31:21.083+0000] {processor.py:157} INFO - Started process (PID=35801) to work on /home/vscode/.local/lib/python3.10/site-packages/airflow/example_dags/example_sla_dag.py
[2024-12-13T09:31:21.084+0000] {processor.py:826} INFO - Processing file /home/vscode/.local/lib/python3.10/site-packages/airflow/example_dags/example_sla_dag.py for tasks to queue
[2024-12-13T09:31:21.085+0000] {logging_mixin.py:150} INFO - [2024-12-13T09:31:21.084+0000] {dagbag.py:541} INFO - Filling up the DagBag from /home/vscode/.local/lib/python3.10/site-packages/airflow/example_dags/example_sla_dag.py
[2024-12-13T09:31:21.091+0000] {processor.py:836} INFO - DAG(s) dict_keys(['example_sla_dag']) retrieved from /home/vscode/.local/lib/python3.10/site-packages/airflow/example_dags/example_sla_dag.py
[2024-12-13T09:31:21.102+0000] {logging_mixin.py:150} INFO - [2024-12-13T09:31:21.102+0000] {dag.py:2742} INFO - Sync 1 DAGs
[2024-12-13T09:31:21.117+0000] {logging_mixin.py:150} INFO - [2024-12-13T09:31:21.117+0000] {dag.py:3504} INFO - Setting next_dagrun for example_sla_dag to 2024-12-13T09:28:00+00:00, run_after=2024-12-13T09:30:00+00:00
[2024-12-13T09:31:21.130+0000] {processor.py:179} INFO - Processing /home/vscode/.local/lib/python3.10/site-packages/airflow/example_dags/example_sla_dag.py took 0.049 seconds
[2024-12-13T09:32:12.679+0000] {processor.py:157} INFO - Started process (PID=36160) to work on /home/vscode/.local/lib/python3.10/site-packages/airflow/example_dags/example_sla_dag.py
[2024-12-13T09:32:12.679+0000] {processor.py:826} INFO - Processing file /home/vscode/.local/lib/python3.10/site-packages/airflow/example_dags/example_sla_dag.py for tasks to queue
[2024-12-13T09:32:12.680+0000] {logging_mixin.py:150} INFO - [2024-12-13T09:32:12.680+0000] {dagbag.py:541} INFO - Filling up the DagBag from /home/vscode/.local/lib/python3.10/site-packages/airflow/example_dags/example_sla_dag.py
[2024-12-13T09:32:12.686+0000] {processor.py:836} INFO - DAG(s) dict_keys(['example_sla_dag']) retrieved from /home/vscode/.local/lib/python3.10/site-packages/airflow/example_dags/example_sla_dag.py
[2024-12-13T09:32:12.697+0000] {logging_mixin.py:150} INFO - [2024-12-13T09:32:12.697+0000] {dag.py:2742} INFO - Sync 1 DAGs
[2024-12-13T09:32:12.712+0000] {logging_mixin.py:150} INFO - [2024-12-13T09:32:12.712+0000] {dag.py:3504} INFO - Setting next_dagrun for example_sla_dag to 2024-12-13T09:30:00+00:00, run_after=2024-12-13T09:32:00+00:00
[2024-12-13T09:32:12.727+0000] {processor.py:179} INFO - Processing /home/vscode/.local/lib/python3.10/site-packages/airflow/example_dags/example_sla_dag.py took 0.051 seconds
[2024-12-13T09:33:03.672+0000] {processor.py:157} INFO - Started process (PID=36510) to work on /home/vscode/.local/lib/python3.10/site-packages/airflow/example_dags/example_sla_dag.py
[2024-12-13T09:33:03.673+0000] {processor.py:826} INFO - Processing file /home/vscode/.local/lib/python3.10/site-packages/airflow/example_dags/example_sla_dag.py for tasks to queue
[2024-12-13T09:33:03.673+0000] {logging_mixin.py:150} INFO - [2024-12-13T09:33:03.673+0000] {dagbag.py:541} INFO - Filling up the DagBag from /home/vscode/.local/lib/python3.10/site-packages/airflow/example_dags/example_sla_dag.py
[2024-12-13T09:33:03.681+0000] {processor.py:836} INFO - DAG(s) dict_keys(['example_sla_dag']) retrieved from /home/vscode/.local/lib/python3.10/site-packages/airflow/example_dags/example_sla_dag.py
[2024-12-13T09:33:03.692+0000] {logging_mixin.py:150} INFO - [2024-12-13T09:33:03.692+0000] {dag.py:2742} INFO - Sync 1 DAGs
[2024-12-13T09:33:03.707+0000] {logging_mixin.py:150} INFO - [2024-12-13T09:33:03.707+0000] {dag.py:3504} INFO - Setting next_dagrun for example_sla_dag to 2024-12-13T09:30:00+00:00, run_after=2024-12-13T09:32:00+00:00
[2024-12-13T09:33:03.720+0000] {processor.py:179} INFO - Processing /home/vscode/.local/lib/python3.10/site-packages/airflow/example_dags/example_sla_dag.py took 0.050 seconds
[2024-12-13T09:33:57.038+0000] {processor.py:157} INFO - Started process (PID=36880) to work on /home/vscode/.local/lib/python3.10/site-packages/airflow/example_dags/example_sla_dag.py
[2024-12-13T09:33:57.039+0000] {processor.py:826} INFO - Processing file /home/vscode/.local/lib/python3.10/site-packages/airflow/example_dags/example_sla_dag.py for tasks to queue
[2024-12-13T09:33:57.040+0000] {logging_mixin.py:150} INFO - [2024-12-13T09:33:57.040+0000] {dagbag.py:541} INFO - Filling up the DagBag from /home/vscode/.local/lib/python3.10/site-packages/airflow/example_dags/example_sla_dag.py
[2024-12-13T09:33:57.046+0000] {processor.py:836} INFO - DAG(s) dict_keys(['example_sla_dag']) retrieved from /home/vscode/.local/lib/python3.10/site-packages/airflow/example_dags/example_sla_dag.py
[2024-12-13T09:33:57.057+0000] {logging_mixin.py:150} INFO - [2024-12-13T09:33:57.057+0000] {dag.py:2742} INFO - Sync 1 DAGs
[2024-12-13T09:33:57.072+0000] {logging_mixin.py:150} INFO - [2024-12-13T09:33:57.072+0000] {dag.py:3504} INFO - Setting next_dagrun for example_sla_dag to 2024-12-13T09:30:00+00:00, run_after=2024-12-13T09:32:00+00:00
[2024-12-13T09:33:57.085+0000] {processor.py:179} INFO - Processing /home/vscode/.local/lib/python3.10/site-packages/airflow/example_dags/example_sla_dag.py took 0.049 seconds
[2024-12-13T09:34:49.100+0000] {processor.py:157} INFO - Started process (PID=37229) to work on /home/vscode/.local/lib/python3.10/site-packages/airflow/example_dags/example_sla_dag.py
[2024-12-13T09:34:49.101+0000] {processor.py:826} INFO - Processing file /home/vscode/.local/lib/python3.10/site-packages/airflow/example_dags/example_sla_dag.py for tasks to queue
[2024-12-13T09:34:49.102+0000] {logging_mixin.py:150} INFO - [2024-12-13T09:34:49.102+0000] {dagbag.py:541} INFO - Filling up the DagBag from /home/vscode/.local/lib/python3.10/site-packages/airflow/example_dags/example_sla_dag.py
[2024-12-13T09:34:49.108+0000] {processor.py:836} INFO - DAG(s) dict_keys(['example_sla_dag']) retrieved from /home/vscode/.local/lib/python3.10/site-packages/airflow/example_dags/example_sla_dag.py
[2024-12-13T09:34:49.121+0000] {logging_mixin.py:150} INFO - [2024-12-13T09:34:49.121+0000] {dag.py:2742} INFO - Sync 1 DAGs
[2024-12-13T09:34:49.138+0000] {logging_mixin.py:150} INFO - [2024-12-13T09:34:49.138+0000] {dag.py:3504} INFO - Setting next_dagrun for example_sla_dag to 2024-12-13T09:32:00+00:00, run_after=2024-12-13T09:34:00+00:00
[2024-12-13T09:34:49.152+0000] {processor.py:179} INFO - Processing /home/vscode/.local/lib/python3.10/site-packages/airflow/example_dags/example_sla_dag.py took 0.054 seconds
