[2024-12-13T08:30:34.678+0000] {processor.py:157} INFO - Started process (PID=9892) to work on /home/vscode/.local/lib/python3.10/site-packages/airflow/example_dags/tutorial_taskflow_api.py
[2024-12-13T08:30:34.679+0000] {processor.py:826} INFO - Processing file /home/vscode/.local/lib/python3.10/site-packages/airflow/example_dags/tutorial_taskflow_api.py for tasks to queue
[2024-12-13T08:30:34.679+0000] {logging_mixin.py:150} INFO - [2024-12-13T08:30:34.679+0000] {dagbag.py:541} INFO - Filling up the DagBag from /home/vscode/.local/lib/python3.10/site-packages/airflow/example_dags/tutorial_taskflow_api.py
[2024-12-13T08:30:34.684+0000] {processor.py:836} INFO - DAG(s) dict_keys(['tutorial_taskflow_api']) retrieved from /home/vscode/.local/lib/python3.10/site-packages/airflow/example_dags/tutorial_taskflow_api.py
[2024-12-13T08:30:34.702+0000] {logging_mixin.py:150} INFO - [2024-12-13T08:30:34.702+0000] {dag.py:2742} INFO - Sync 1 DAGs
[2024-12-13T08:30:34.798+0000] {logging_mixin.py:150} INFO - [2024-12-13T08:30:34.798+0000] {dag.py:3504} INFO - Setting next_dagrun for tutorial_taskflow_api to None, run_after=None
[2024-12-13T08:30:34.813+0000] {processor.py:179} INFO - Processing /home/vscode/.local/lib/python3.10/site-packages/airflow/example_dags/tutorial_taskflow_api.py took 0.137 seconds
[2024-12-13T08:31:23.857+0000] {processor.py:157} INFO - Started process (PID=10429) to work on /home/vscode/.local/lib/python3.10/site-packages/airflow/example_dags/tutorial_taskflow_api.py
[2024-12-13T08:31:23.858+0000] {processor.py:826} INFO - Processing file /home/vscode/.local/lib/python3.10/site-packages/airflow/example_dags/tutorial_taskflow_api.py for tasks to queue
[2024-12-13T08:31:23.859+0000] {logging_mixin.py:150} INFO - [2024-12-13T08:31:23.859+0000] {dagbag.py:541} INFO - Filling up the DagBag from /home/vscode/.local/lib/python3.10/site-packages/airflow/example_dags/tutorial_taskflow_api.py
[2024-12-13T08:31:23.865+0000] {processor.py:836} INFO - DAG(s) dict_keys(['tutorial_taskflow_api']) retrieved from /home/vscode/.local/lib/python3.10/site-packages/airflow/example_dags/tutorial_taskflow_api.py
[2024-12-13T08:31:23.878+0000] {logging_mixin.py:150} INFO - [2024-12-13T08:31:23.878+0000] {dag.py:2742} INFO - Sync 1 DAGs
[2024-12-13T08:31:23.892+0000] {logging_mixin.py:150} INFO - [2024-12-13T08:31:23.892+0000] {dag.py:3504} INFO - Setting next_dagrun for tutorial_taskflow_api to None, run_after=None
[2024-12-13T08:31:23.907+0000] {processor.py:179} INFO - Processing /home/vscode/.local/lib/python3.10/site-packages/airflow/example_dags/tutorial_taskflow_api.py took 0.052 seconds
[2024-12-13T08:32:14.044+0000] {processor.py:157} INFO - Started process (PID=10936) to work on /home/vscode/.local/lib/python3.10/site-packages/airflow/example_dags/tutorial_taskflow_api.py
[2024-12-13T08:32:14.045+0000] {processor.py:826} INFO - Processing file /home/vscode/.local/lib/python3.10/site-packages/airflow/example_dags/tutorial_taskflow_api.py for tasks to queue
[2024-12-13T08:32:14.045+0000] {logging_mixin.py:150} INFO - [2024-12-13T08:32:14.045+0000] {dagbag.py:541} INFO - Filling up the DagBag from /home/vscode/.local/lib/python3.10/site-packages/airflow/example_dags/tutorial_taskflow_api.py
[2024-12-13T08:32:14.050+0000] {processor.py:836} INFO - DAG(s) dict_keys(['tutorial_taskflow_api']) retrieved from /home/vscode/.local/lib/python3.10/site-packages/airflow/example_dags/tutorial_taskflow_api.py
[2024-12-13T08:32:14.061+0000] {logging_mixin.py:150} INFO - [2024-12-13T08:32:14.061+0000] {dag.py:2742} INFO - Sync 1 DAGs
[2024-12-13T08:32:14.074+0000] {logging_mixin.py:150} INFO - [2024-12-13T08:32:14.074+0000] {dag.py:3504} INFO - Setting next_dagrun for tutorial_taskflow_api to None, run_after=None
[2024-12-13T08:32:14.089+0000] {processor.py:179} INFO - Processing /home/vscode/.local/lib/python3.10/site-packages/airflow/example_dags/tutorial_taskflow_api.py took 0.047 seconds
[2024-12-13T08:33:09.510+0000] {processor.py:157} INFO - Started process (PID=11371) to work on /home/vscode/.local/lib/python3.10/site-packages/airflow/example_dags/tutorial_taskflow_api.py
[2024-12-13T08:33:09.511+0000] {processor.py:826} INFO - Processing file /home/vscode/.local/lib/python3.10/site-packages/airflow/example_dags/tutorial_taskflow_api.py for tasks to queue
[2024-12-13T08:33:09.511+0000] {logging_mixin.py:150} INFO - [2024-12-13T08:33:09.511+0000] {dagbag.py:541} INFO - Filling up the DagBag from /home/vscode/.local/lib/python3.10/site-packages/airflow/example_dags/tutorial_taskflow_api.py
[2024-12-13T08:33:09.516+0000] {processor.py:836} INFO - DAG(s) dict_keys(['tutorial_taskflow_api']) retrieved from /home/vscode/.local/lib/python3.10/site-packages/airflow/example_dags/tutorial_taskflow_api.py
[2024-12-13T08:33:09.528+0000] {logging_mixin.py:150} INFO - [2024-12-13T08:33:09.528+0000] {dag.py:2742} INFO - Sync 1 DAGs
[2024-12-13T08:33:09.542+0000] {logging_mixin.py:150} INFO - [2024-12-13T08:33:09.541+0000] {dag.py:3504} INFO - Setting next_dagrun for tutorial_taskflow_api to None, run_after=None
[2024-12-13T08:33:09.556+0000] {processor.py:179} INFO - Processing /home/vscode/.local/lib/python3.10/site-packages/airflow/example_dags/tutorial_taskflow_api.py took 0.048 seconds
[2024-12-13T08:34:06.043+0000] {processor.py:157} INFO - Started process (PID=11748) to work on /home/vscode/.local/lib/python3.10/site-packages/airflow/example_dags/tutorial_taskflow_api.py
[2024-12-13T08:34:06.043+0000] {processor.py:826} INFO - Processing file /home/vscode/.local/lib/python3.10/site-packages/airflow/example_dags/tutorial_taskflow_api.py for tasks to queue
[2024-12-13T08:34:06.044+0000] {logging_mixin.py:150} INFO - [2024-12-13T08:34:06.044+0000] {dagbag.py:541} INFO - Filling up the DagBag from /home/vscode/.local/lib/python3.10/site-packages/airflow/example_dags/tutorial_taskflow_api.py
[2024-12-13T08:34:06.049+0000] {processor.py:836} INFO - DAG(s) dict_keys(['tutorial_taskflow_api']) retrieved from /home/vscode/.local/lib/python3.10/site-packages/airflow/example_dags/tutorial_taskflow_api.py
[2024-12-13T08:34:06.060+0000] {logging_mixin.py:150} INFO - [2024-12-13T08:34:06.060+0000] {dag.py:2742} INFO - Sync 1 DAGs
[2024-12-13T08:34:06.074+0000] {logging_mixin.py:150} INFO - [2024-12-13T08:34:06.074+0000] {dag.py:3504} INFO - Setting next_dagrun for tutorial_taskflow_api to None, run_after=None
[2024-12-13T08:34:06.089+0000] {processor.py:179} INFO - Processing /home/vscode/.local/lib/python3.10/site-packages/airflow/example_dags/tutorial_taskflow_api.py took 0.049 seconds
[2024-12-13T08:35:00.362+0000] {processor.py:157} INFO - Started process (PID=12122) to work on /home/vscode/.local/lib/python3.10/site-packages/airflow/example_dags/tutorial_taskflow_api.py
[2024-12-13T08:35:00.363+0000] {processor.py:826} INFO - Processing file /home/vscode/.local/lib/python3.10/site-packages/airflow/example_dags/tutorial_taskflow_api.py for tasks to queue
[2024-12-13T08:35:00.363+0000] {logging_mixin.py:150} INFO - [2024-12-13T08:35:00.363+0000] {dagbag.py:541} INFO - Filling up the DagBag from /home/vscode/.local/lib/python3.10/site-packages/airflow/example_dags/tutorial_taskflow_api.py
[2024-12-13T08:35:00.368+0000] {processor.py:836} INFO - DAG(s) dict_keys(['tutorial_taskflow_api']) retrieved from /home/vscode/.local/lib/python3.10/site-packages/airflow/example_dags/tutorial_taskflow_api.py
[2024-12-13T08:35:00.382+0000] {logging_mixin.py:150} INFO - [2024-12-13T08:35:00.381+0000] {dag.py:2742} INFO - Sync 1 DAGs
[2024-12-13T08:35:00.396+0000] {logging_mixin.py:150} INFO - [2024-12-13T08:35:00.396+0000] {dag.py:3504} INFO - Setting next_dagrun for tutorial_taskflow_api to None, run_after=None
[2024-12-13T08:35:00.410+0000] {processor.py:179} INFO - Processing /home/vscode/.local/lib/python3.10/site-packages/airflow/example_dags/tutorial_taskflow_api.py took 0.051 seconds
[2024-12-13T08:35:55.172+0000] {processor.py:157} INFO - Started process (PID=12518) to work on /home/vscode/.local/lib/python3.10/site-packages/airflow/example_dags/tutorial_taskflow_api.py
[2024-12-13T08:35:55.173+0000] {processor.py:826} INFO - Processing file /home/vscode/.local/lib/python3.10/site-packages/airflow/example_dags/tutorial_taskflow_api.py for tasks to queue
[2024-12-13T08:35:55.173+0000] {logging_mixin.py:150} INFO - [2024-12-13T08:35:55.173+0000] {dagbag.py:541} INFO - Filling up the DagBag from /home/vscode/.local/lib/python3.10/site-packages/airflow/example_dags/tutorial_taskflow_api.py
[2024-12-13T08:35:55.178+0000] {processor.py:836} INFO - DAG(s) dict_keys(['tutorial_taskflow_api']) retrieved from /home/vscode/.local/lib/python3.10/site-packages/airflow/example_dags/tutorial_taskflow_api.py
[2024-12-13T08:35:55.189+0000] {logging_mixin.py:150} INFO - [2024-12-13T08:35:55.189+0000] {dag.py:2742} INFO - Sync 1 DAGs
[2024-12-13T08:35:55.202+0000] {logging_mixin.py:150} INFO - [2024-12-13T08:35:55.202+0000] {dag.py:3504} INFO - Setting next_dagrun for tutorial_taskflow_api to None, run_after=None
[2024-12-13T08:35:55.216+0000] {processor.py:179} INFO - Processing /home/vscode/.local/lib/python3.10/site-packages/airflow/example_dags/tutorial_taskflow_api.py took 0.046 seconds
[2024-12-13T08:36:50.731+0000] {processor.py:157} INFO - Started process (PID=12933) to work on /home/vscode/.local/lib/python3.10/site-packages/airflow/example_dags/tutorial_taskflow_api.py
[2024-12-13T08:36:50.732+0000] {processor.py:826} INFO - Processing file /home/vscode/.local/lib/python3.10/site-packages/airflow/example_dags/tutorial_taskflow_api.py for tasks to queue
[2024-12-13T08:36:50.733+0000] {logging_mixin.py:150} INFO - [2024-12-13T08:36:50.732+0000] {dagbag.py:541} INFO - Filling up the DagBag from /home/vscode/.local/lib/python3.10/site-packages/airflow/example_dags/tutorial_taskflow_api.py
[2024-12-13T08:36:50.737+0000] {processor.py:836} INFO - DAG(s) dict_keys(['tutorial_taskflow_api']) retrieved from /home/vscode/.local/lib/python3.10/site-packages/airflow/example_dags/tutorial_taskflow_api.py
[2024-12-13T08:36:50.748+0000] {logging_mixin.py:150} INFO - [2024-12-13T08:36:50.748+0000] {dag.py:2742} INFO - Sync 1 DAGs
[2024-12-13T08:36:50.761+0000] {logging_mixin.py:150} INFO - [2024-12-13T08:36:50.761+0000] {dag.py:3504} INFO - Setting next_dagrun for tutorial_taskflow_api to None, run_after=None
[2024-12-13T08:36:50.775+0000] {processor.py:179} INFO - Processing /home/vscode/.local/lib/python3.10/site-packages/airflow/example_dags/tutorial_taskflow_api.py took 0.045 seconds
[2024-12-13T08:37:45.508+0000] {processor.py:157} INFO - Started process (PID=13333) to work on /home/vscode/.local/lib/python3.10/site-packages/airflow/example_dags/tutorial_taskflow_api.py
[2024-12-13T08:37:45.508+0000] {processor.py:826} INFO - Processing file /home/vscode/.local/lib/python3.10/site-packages/airflow/example_dags/tutorial_taskflow_api.py for tasks to queue
[2024-12-13T08:37:45.509+0000] {logging_mixin.py:150} INFO - [2024-12-13T08:37:45.509+0000] {dagbag.py:541} INFO - Filling up the DagBag from /home/vscode/.local/lib/python3.10/site-packages/airflow/example_dags/tutorial_taskflow_api.py
[2024-12-13T08:37:45.514+0000] {processor.py:836} INFO - DAG(s) dict_keys(['tutorial_taskflow_api']) retrieved from /home/vscode/.local/lib/python3.10/site-packages/airflow/example_dags/tutorial_taskflow_api.py
[2024-12-13T08:37:45.525+0000] {logging_mixin.py:150} INFO - [2024-12-13T08:37:45.525+0000] {dag.py:2742} INFO - Sync 1 DAGs
[2024-12-13T08:37:45.538+0000] {logging_mixin.py:150} INFO - [2024-12-13T08:37:45.538+0000] {dag.py:3504} INFO - Setting next_dagrun for tutorial_taskflow_api to None, run_after=None
[2024-12-13T08:37:45.552+0000] {processor.py:179} INFO - Processing /home/vscode/.local/lib/python3.10/site-packages/airflow/example_dags/tutorial_taskflow_api.py took 0.047 seconds
[2024-12-13T08:38:39.491+0000] {processor.py:157} INFO - Started process (PID=13705) to work on /home/vscode/.local/lib/python3.10/site-packages/airflow/example_dags/tutorial_taskflow_api.py
[2024-12-13T08:38:39.491+0000] {processor.py:826} INFO - Processing file /home/vscode/.local/lib/python3.10/site-packages/airflow/example_dags/tutorial_taskflow_api.py for tasks to queue
[2024-12-13T08:38:39.492+0000] {logging_mixin.py:150} INFO - [2024-12-13T08:38:39.492+0000] {dagbag.py:541} INFO - Filling up the DagBag from /home/vscode/.local/lib/python3.10/site-packages/airflow/example_dags/tutorial_taskflow_api.py
[2024-12-13T08:38:39.496+0000] {processor.py:836} INFO - DAG(s) dict_keys(['tutorial_taskflow_api']) retrieved from /home/vscode/.local/lib/python3.10/site-packages/airflow/example_dags/tutorial_taskflow_api.py
[2024-12-13T08:38:39.507+0000] {logging_mixin.py:150} INFO - [2024-12-13T08:38:39.507+0000] {dag.py:2742} INFO - Sync 1 DAGs
[2024-12-13T08:38:39.520+0000] {logging_mixin.py:150} INFO - [2024-12-13T08:38:39.520+0000] {dag.py:3504} INFO - Setting next_dagrun for tutorial_taskflow_api to None, run_after=None
[2024-12-13T08:38:39.533+0000] {processor.py:179} INFO - Processing /home/vscode/.local/lib/python3.10/site-packages/airflow/example_dags/tutorial_taskflow_api.py took 0.045 seconds
[2024-12-13T08:39:32.973+0000] {processor.py:157} INFO - Started process (PID=14076) to work on /home/vscode/.local/lib/python3.10/site-packages/airflow/example_dags/tutorial_taskflow_api.py
[2024-12-13T08:39:32.974+0000] {processor.py:826} INFO - Processing file /home/vscode/.local/lib/python3.10/site-packages/airflow/example_dags/tutorial_taskflow_api.py for tasks to queue
[2024-12-13T08:39:32.974+0000] {logging_mixin.py:150} INFO - [2024-12-13T08:39:32.974+0000] {dagbag.py:541} INFO - Filling up the DagBag from /home/vscode/.local/lib/python3.10/site-packages/airflow/example_dags/tutorial_taskflow_api.py
[2024-12-13T08:39:32.979+0000] {processor.py:836} INFO - DAG(s) dict_keys(['tutorial_taskflow_api']) retrieved from /home/vscode/.local/lib/python3.10/site-packages/airflow/example_dags/tutorial_taskflow_api.py
[2024-12-13T08:39:32.990+0000] {logging_mixin.py:150} INFO - [2024-12-13T08:39:32.990+0000] {dag.py:2742} INFO - Sync 1 DAGs
[2024-12-13T08:39:33.003+0000] {logging_mixin.py:150} INFO - [2024-12-13T08:39:33.003+0000] {dag.py:3504} INFO - Setting next_dagrun for tutorial_taskflow_api to None, run_after=None
[2024-12-13T08:39:33.019+0000] {processor.py:179} INFO - Processing /home/vscode/.local/lib/python3.10/site-packages/airflow/example_dags/tutorial_taskflow_api.py took 0.048 seconds
[2024-12-13T08:40:25.495+0000] {processor.py:157} INFO - Started process (PID=14465) to work on /home/vscode/.local/lib/python3.10/site-packages/airflow/example_dags/tutorial_taskflow_api.py
[2024-12-13T08:40:25.496+0000] {processor.py:826} INFO - Processing file /home/vscode/.local/lib/python3.10/site-packages/airflow/example_dags/tutorial_taskflow_api.py for tasks to queue
[2024-12-13T08:40:25.497+0000] {logging_mixin.py:150} INFO - [2024-12-13T08:40:25.496+0000] {dagbag.py:541} INFO - Filling up the DagBag from /home/vscode/.local/lib/python3.10/site-packages/airflow/example_dags/tutorial_taskflow_api.py
[2024-12-13T08:40:25.501+0000] {processor.py:836} INFO - DAG(s) dict_keys(['tutorial_taskflow_api']) retrieved from /home/vscode/.local/lib/python3.10/site-packages/airflow/example_dags/tutorial_taskflow_api.py
[2024-12-13T08:40:25.512+0000] {logging_mixin.py:150} INFO - [2024-12-13T08:40:25.512+0000] {dag.py:2742} INFO - Sync 1 DAGs
[2024-12-13T08:40:25.525+0000] {logging_mixin.py:150} INFO - [2024-12-13T08:40:25.525+0000] {dag.py:3504} INFO - Setting next_dagrun for tutorial_taskflow_api to None, run_after=None
[2024-12-13T08:40:25.539+0000] {processor.py:179} INFO - Processing /home/vscode/.local/lib/python3.10/site-packages/airflow/example_dags/tutorial_taskflow_api.py took 0.046 seconds
[2024-12-13T08:41:19.243+0000] {processor.py:157} INFO - Started process (PID=14827) to work on /home/vscode/.local/lib/python3.10/site-packages/airflow/example_dags/tutorial_taskflow_api.py
[2024-12-13T08:41:19.244+0000] {processor.py:826} INFO - Processing file /home/vscode/.local/lib/python3.10/site-packages/airflow/example_dags/tutorial_taskflow_api.py for tasks to queue
[2024-12-13T08:41:19.244+0000] {logging_mixin.py:150} INFO - [2024-12-13T08:41:19.244+0000] {dagbag.py:541} INFO - Filling up the DagBag from /home/vscode/.local/lib/python3.10/site-packages/airflow/example_dags/tutorial_taskflow_api.py
[2024-12-13T08:41:19.249+0000] {processor.py:836} INFO - DAG(s) dict_keys(['tutorial_taskflow_api']) retrieved from /home/vscode/.local/lib/python3.10/site-packages/airflow/example_dags/tutorial_taskflow_api.py
[2024-12-13T08:41:19.260+0000] {logging_mixin.py:150} INFO - [2024-12-13T08:41:19.260+0000] {dag.py:2742} INFO - Sync 1 DAGs
[2024-12-13T08:41:19.273+0000] {logging_mixin.py:150} INFO - [2024-12-13T08:41:19.273+0000] {dag.py:3504} INFO - Setting next_dagrun for tutorial_taskflow_api to None, run_after=None
[2024-12-13T08:41:19.287+0000] {processor.py:179} INFO - Processing /home/vscode/.local/lib/python3.10/site-packages/airflow/example_dags/tutorial_taskflow_api.py took 0.046 seconds
[2024-12-13T08:42:13.903+0000] {processor.py:157} INFO - Started process (PID=15262) to work on /home/vscode/.local/lib/python3.10/site-packages/airflow/example_dags/tutorial_taskflow_api.py
[2024-12-13T08:42:13.903+0000] {processor.py:826} INFO - Processing file /home/vscode/.local/lib/python3.10/site-packages/airflow/example_dags/tutorial_taskflow_api.py for tasks to queue
[2024-12-13T08:42:13.904+0000] {logging_mixin.py:150} INFO - [2024-12-13T08:42:13.904+0000] {dagbag.py:541} INFO - Filling up the DagBag from /home/vscode/.local/lib/python3.10/site-packages/airflow/example_dags/tutorial_taskflow_api.py
[2024-12-13T08:42:13.909+0000] {processor.py:836} INFO - DAG(s) dict_keys(['tutorial_taskflow_api']) retrieved from /home/vscode/.local/lib/python3.10/site-packages/airflow/example_dags/tutorial_taskflow_api.py
[2024-12-13T08:42:13.920+0000] {logging_mixin.py:150} INFO - [2024-12-13T08:42:13.920+0000] {dag.py:2742} INFO - Sync 1 DAGs
[2024-12-13T08:42:13.933+0000] {logging_mixin.py:150} INFO - [2024-12-13T08:42:13.933+0000] {dag.py:3504} INFO - Setting next_dagrun for tutorial_taskflow_api to None, run_after=None
[2024-12-13T08:42:13.946+0000] {processor.py:179} INFO - Processing /home/vscode/.local/lib/python3.10/site-packages/airflow/example_dags/tutorial_taskflow_api.py took 0.046 seconds
[2024-12-13T08:43:07.658+0000] {processor.py:157} INFO - Started process (PID=15634) to work on /home/vscode/.local/lib/python3.10/site-packages/airflow/example_dags/tutorial_taskflow_api.py
[2024-12-13T08:43:07.659+0000] {processor.py:826} INFO - Processing file /home/vscode/.local/lib/python3.10/site-packages/airflow/example_dags/tutorial_taskflow_api.py for tasks to queue
[2024-12-13T08:43:07.660+0000] {logging_mixin.py:150} INFO - [2024-12-13T08:43:07.660+0000] {dagbag.py:541} INFO - Filling up the DagBag from /home/vscode/.local/lib/python3.10/site-packages/airflow/example_dags/tutorial_taskflow_api.py
[2024-12-13T08:43:07.664+0000] {processor.py:836} INFO - DAG(s) dict_keys(['tutorial_taskflow_api']) retrieved from /home/vscode/.local/lib/python3.10/site-packages/airflow/example_dags/tutorial_taskflow_api.py
[2024-12-13T08:43:07.675+0000] {logging_mixin.py:150} INFO - [2024-12-13T08:43:07.675+0000] {dag.py:2742} INFO - Sync 1 DAGs
[2024-12-13T08:43:07.688+0000] {logging_mixin.py:150} INFO - [2024-12-13T08:43:07.688+0000] {dag.py:3504} INFO - Setting next_dagrun for tutorial_taskflow_api to None, run_after=None
[2024-12-13T08:43:07.702+0000] {processor.py:179} INFO - Processing /home/vscode/.local/lib/python3.10/site-packages/airflow/example_dags/tutorial_taskflow_api.py took 0.045 seconds
[2024-12-13T08:44:05.491+0000] {processor.py:157} INFO - Started process (PID=16031) to work on /home/vscode/.local/lib/python3.10/site-packages/airflow/example_dags/tutorial_taskflow_api.py
[2024-12-13T08:44:05.492+0000] {processor.py:826} INFO - Processing file /home/vscode/.local/lib/python3.10/site-packages/airflow/example_dags/tutorial_taskflow_api.py for tasks to queue
[2024-12-13T08:44:05.493+0000] {logging_mixin.py:150} INFO - [2024-12-13T08:44:05.492+0000] {dagbag.py:541} INFO - Filling up the DagBag from /home/vscode/.local/lib/python3.10/site-packages/airflow/example_dags/tutorial_taskflow_api.py
[2024-12-13T08:44:05.497+0000] {processor.py:836} INFO - DAG(s) dict_keys(['tutorial_taskflow_api']) retrieved from /home/vscode/.local/lib/python3.10/site-packages/airflow/example_dags/tutorial_taskflow_api.py
[2024-12-13T08:44:05.508+0000] {logging_mixin.py:150} INFO - [2024-12-13T08:44:05.508+0000] {dag.py:2742} INFO - Sync 1 DAGs
[2024-12-13T08:44:05.521+0000] {logging_mixin.py:150} INFO - [2024-12-13T08:44:05.521+0000] {dag.py:3504} INFO - Setting next_dagrun for tutorial_taskflow_api to None, run_after=None
[2024-12-13T08:44:05.535+0000] {processor.py:179} INFO - Processing /home/vscode/.local/lib/python3.10/site-packages/airflow/example_dags/tutorial_taskflow_api.py took 0.045 seconds
[2024-12-13T08:44:57.506+0000] {processor.py:157} INFO - Started process (PID=16387) to work on /home/vscode/.local/lib/python3.10/site-packages/airflow/example_dags/tutorial_taskflow_api.py
[2024-12-13T08:44:57.507+0000] {processor.py:826} INFO - Processing file /home/vscode/.local/lib/python3.10/site-packages/airflow/example_dags/tutorial_taskflow_api.py for tasks to queue
[2024-12-13T08:44:57.508+0000] {logging_mixin.py:150} INFO - [2024-12-13T08:44:57.507+0000] {dagbag.py:541} INFO - Filling up the DagBag from /home/vscode/.local/lib/python3.10/site-packages/airflow/example_dags/tutorial_taskflow_api.py
[2024-12-13T08:44:57.512+0000] {processor.py:836} INFO - DAG(s) dict_keys(['tutorial_taskflow_api']) retrieved from /home/vscode/.local/lib/python3.10/site-packages/airflow/example_dags/tutorial_taskflow_api.py
[2024-12-13T08:44:57.524+0000] {logging_mixin.py:150} INFO - [2024-12-13T08:44:57.523+0000] {dag.py:2742} INFO - Sync 1 DAGs
[2024-12-13T08:44:57.537+0000] {logging_mixin.py:150} INFO - [2024-12-13T08:44:57.536+0000] {dag.py:3504} INFO - Setting next_dagrun for tutorial_taskflow_api to None, run_after=None
[2024-12-13T08:44:57.550+0000] {processor.py:179} INFO - Processing /home/vscode/.local/lib/python3.10/site-packages/airflow/example_dags/tutorial_taskflow_api.py took 0.046 seconds
[2024-12-13T08:45:53.258+0000] {processor.py:157} INFO - Started process (PID=16794) to work on /home/vscode/.local/lib/python3.10/site-packages/airflow/example_dags/tutorial_taskflow_api.py
[2024-12-13T08:45:53.258+0000] {processor.py:826} INFO - Processing file /home/vscode/.local/lib/python3.10/site-packages/airflow/example_dags/tutorial_taskflow_api.py for tasks to queue
[2024-12-13T08:45:53.259+0000] {logging_mixin.py:150} INFO - [2024-12-13T08:45:53.259+0000] {dagbag.py:541} INFO - Filling up the DagBag from /home/vscode/.local/lib/python3.10/site-packages/airflow/example_dags/tutorial_taskflow_api.py
[2024-12-13T08:45:53.263+0000] {processor.py:836} INFO - DAG(s) dict_keys(['tutorial_taskflow_api']) retrieved from /home/vscode/.local/lib/python3.10/site-packages/airflow/example_dags/tutorial_taskflow_api.py
[2024-12-13T08:45:53.275+0000] {logging_mixin.py:150} INFO - [2024-12-13T08:45:53.274+0000] {dag.py:2742} INFO - Sync 1 DAGs
[2024-12-13T08:45:53.289+0000] {logging_mixin.py:150} INFO - [2024-12-13T08:45:53.289+0000] {dag.py:3504} INFO - Setting next_dagrun for tutorial_taskflow_api to None, run_after=None
[2024-12-13T08:45:53.303+0000] {processor.py:179} INFO - Processing /home/vscode/.local/lib/python3.10/site-packages/airflow/example_dags/tutorial_taskflow_api.py took 0.047 seconds
[2024-12-13T08:46:45.288+0000] {processor.py:157} INFO - Started process (PID=17156) to work on /home/vscode/.local/lib/python3.10/site-packages/airflow/example_dags/tutorial_taskflow_api.py
[2024-12-13T08:46:45.289+0000] {processor.py:826} INFO - Processing file /home/vscode/.local/lib/python3.10/site-packages/airflow/example_dags/tutorial_taskflow_api.py for tasks to queue
[2024-12-13T08:46:45.289+0000] {logging_mixin.py:150} INFO - [2024-12-13T08:46:45.289+0000] {dagbag.py:541} INFO - Filling up the DagBag from /home/vscode/.local/lib/python3.10/site-packages/airflow/example_dags/tutorial_taskflow_api.py
[2024-12-13T08:46:45.294+0000] {processor.py:836} INFO - DAG(s) dict_keys(['tutorial_taskflow_api']) retrieved from /home/vscode/.local/lib/python3.10/site-packages/airflow/example_dags/tutorial_taskflow_api.py
[2024-12-13T08:46:45.306+0000] {logging_mixin.py:150} INFO - [2024-12-13T08:46:45.306+0000] {dag.py:2742} INFO - Sync 1 DAGs
[2024-12-13T08:46:45.319+0000] {logging_mixin.py:150} INFO - [2024-12-13T08:46:45.319+0000] {dag.py:3504} INFO - Setting next_dagrun for tutorial_taskflow_api to None, run_after=None
[2024-12-13T08:46:45.333+0000] {processor.py:179} INFO - Processing /home/vscode/.local/lib/python3.10/site-packages/airflow/example_dags/tutorial_taskflow_api.py took 0.047 seconds
[2024-12-13T08:47:42.798+0000] {processor.py:157} INFO - Started process (PID=17606) to work on /home/vscode/.local/lib/python3.10/site-packages/airflow/example_dags/tutorial_taskflow_api.py
[2024-12-13T08:47:42.798+0000] {processor.py:826} INFO - Processing file /home/vscode/.local/lib/python3.10/site-packages/airflow/example_dags/tutorial_taskflow_api.py for tasks to queue
[2024-12-13T08:47:42.799+0000] {logging_mixin.py:150} INFO - [2024-12-13T08:47:42.799+0000] {dagbag.py:541} INFO - Filling up the DagBag from /home/vscode/.local/lib/python3.10/site-packages/airflow/example_dags/tutorial_taskflow_api.py
[2024-12-13T08:47:42.803+0000] {processor.py:836} INFO - DAG(s) dict_keys(['tutorial_taskflow_api']) retrieved from /home/vscode/.local/lib/python3.10/site-packages/airflow/example_dags/tutorial_taskflow_api.py
[2024-12-13T08:47:42.815+0000] {logging_mixin.py:150} INFO - [2024-12-13T08:47:42.814+0000] {dag.py:2742} INFO - Sync 1 DAGs
[2024-12-13T08:47:42.827+0000] {logging_mixin.py:150} INFO - [2024-12-13T08:47:42.827+0000] {dag.py:3504} INFO - Setting next_dagrun for tutorial_taskflow_api to None, run_after=None
[2024-12-13T08:47:42.841+0000] {processor.py:179} INFO - Processing /home/vscode/.local/lib/python3.10/site-packages/airflow/example_dags/tutorial_taskflow_api.py took 0.045 seconds
[2024-12-13T08:48:36.265+0000] {processor.py:157} INFO - Started process (PID=17983) to work on /home/vscode/.local/lib/python3.10/site-packages/airflow/example_dags/tutorial_taskflow_api.py
[2024-12-13T08:48:36.266+0000] {processor.py:826} INFO - Processing file /home/vscode/.local/lib/python3.10/site-packages/airflow/example_dags/tutorial_taskflow_api.py for tasks to queue
[2024-12-13T08:48:36.266+0000] {logging_mixin.py:150} INFO - [2024-12-13T08:48:36.266+0000] {dagbag.py:541} INFO - Filling up the DagBag from /home/vscode/.local/lib/python3.10/site-packages/airflow/example_dags/tutorial_taskflow_api.py
[2024-12-13T08:48:36.271+0000] {processor.py:836} INFO - DAG(s) dict_keys(['tutorial_taskflow_api']) retrieved from /home/vscode/.local/lib/python3.10/site-packages/airflow/example_dags/tutorial_taskflow_api.py
[2024-12-13T08:48:36.283+0000] {logging_mixin.py:150} INFO - [2024-12-13T08:48:36.283+0000] {dag.py:2742} INFO - Sync 1 DAGs
[2024-12-13T08:48:36.296+0000] {logging_mixin.py:150} INFO - [2024-12-13T08:48:36.296+0000] {dag.py:3504} INFO - Setting next_dagrun for tutorial_taskflow_api to None, run_after=None
[2024-12-13T08:48:36.309+0000] {processor.py:179} INFO - Processing /home/vscode/.local/lib/python3.10/site-packages/airflow/example_dags/tutorial_taskflow_api.py took 0.046 seconds
[2024-12-13T08:49:27.747+0000] {processor.py:157} INFO - Started process (PID=18332) to work on /home/vscode/.local/lib/python3.10/site-packages/airflow/example_dags/tutorial_taskflow_api.py
[2024-12-13T08:49:27.748+0000] {processor.py:826} INFO - Processing file /home/vscode/.local/lib/python3.10/site-packages/airflow/example_dags/tutorial_taskflow_api.py for tasks to queue
[2024-12-13T08:49:27.748+0000] {logging_mixin.py:150} INFO - [2024-12-13T08:49:27.748+0000] {dagbag.py:541} INFO - Filling up the DagBag from /home/vscode/.local/lib/python3.10/site-packages/airflow/example_dags/tutorial_taskflow_api.py
[2024-12-13T08:49:27.753+0000] {processor.py:836} INFO - DAG(s) dict_keys(['tutorial_taskflow_api']) retrieved from /home/vscode/.local/lib/python3.10/site-packages/airflow/example_dags/tutorial_taskflow_api.py
[2024-12-13T08:49:27.764+0000] {logging_mixin.py:150} INFO - [2024-12-13T08:49:27.764+0000] {dag.py:2742} INFO - Sync 1 DAGs
[2024-12-13T08:49:27.777+0000] {logging_mixin.py:150} INFO - [2024-12-13T08:49:27.776+0000] {dag.py:3504} INFO - Setting next_dagrun for tutorial_taskflow_api to None, run_after=None
[2024-12-13T08:49:27.790+0000] {processor.py:179} INFO - Processing /home/vscode/.local/lib/python3.10/site-packages/airflow/example_dags/tutorial_taskflow_api.py took 0.045 seconds
[2024-12-13T08:50:14.929+0000] {processor.py:157} INFO - Started process (PID=18684) to work on /home/vscode/.local/lib/python3.10/site-packages/airflow/example_dags/tutorial_taskflow_api.py
[2024-12-13T08:50:14.929+0000] {processor.py:826} INFO - Processing file /home/vscode/.local/lib/python3.10/site-packages/airflow/example_dags/tutorial_taskflow_api.py for tasks to queue
[2024-12-13T08:50:14.930+0000] {logging_mixin.py:150} INFO - [2024-12-13T08:50:14.930+0000] {dagbag.py:541} INFO - Filling up the DagBag from /home/vscode/.local/lib/python3.10/site-packages/airflow/example_dags/tutorial_taskflow_api.py
[2024-12-13T08:50:14.936+0000] {processor.py:836} INFO - DAG(s) dict_keys(['tutorial_taskflow_api']) retrieved from /home/vscode/.local/lib/python3.10/site-packages/airflow/example_dags/tutorial_taskflow_api.py
[2024-12-13T08:50:14.949+0000] {logging_mixin.py:150} INFO - [2024-12-13T08:50:14.949+0000] {dag.py:2742} INFO - Sync 1 DAGs
[2024-12-13T08:50:14.962+0000] {logging_mixin.py:150} INFO - [2024-12-13T08:50:14.962+0000] {dag.py:3504} INFO - Setting next_dagrun for tutorial_taskflow_api to None, run_after=None
[2024-12-13T08:50:14.976+0000] {processor.py:179} INFO - Processing /home/vscode/.local/lib/python3.10/site-packages/airflow/example_dags/tutorial_taskflow_api.py took 0.050 seconds
[2024-12-13T08:51:06.717+0000] {processor.py:157} INFO - Started process (PID=19034) to work on /home/vscode/.local/lib/python3.10/site-packages/airflow/example_dags/tutorial_taskflow_api.py
[2024-12-13T08:51:06.718+0000] {processor.py:826} INFO - Processing file /home/vscode/.local/lib/python3.10/site-packages/airflow/example_dags/tutorial_taskflow_api.py for tasks to queue
[2024-12-13T08:51:06.718+0000] {logging_mixin.py:150} INFO - [2024-12-13T08:51:06.718+0000] {dagbag.py:541} INFO - Filling up the DagBag from /home/vscode/.local/lib/python3.10/site-packages/airflow/example_dags/tutorial_taskflow_api.py
[2024-12-13T08:51:06.723+0000] {processor.py:836} INFO - DAG(s) dict_keys(['tutorial_taskflow_api']) retrieved from /home/vscode/.local/lib/python3.10/site-packages/airflow/example_dags/tutorial_taskflow_api.py
[2024-12-13T08:51:06.734+0000] {logging_mixin.py:150} INFO - [2024-12-13T08:51:06.734+0000] {dag.py:2742} INFO - Sync 1 DAGs
[2024-12-13T08:51:06.746+0000] {logging_mixin.py:150} INFO - [2024-12-13T08:51:06.746+0000] {dag.py:3504} INFO - Setting next_dagrun for tutorial_taskflow_api to None, run_after=None
[2024-12-13T08:51:06.760+0000] {processor.py:179} INFO - Processing /home/vscode/.local/lib/python3.10/site-packages/airflow/example_dags/tutorial_taskflow_api.py took 0.045 seconds
[2024-12-13T08:52:00.629+0000] {processor.py:157} INFO - Started process (PID=19395) to work on /home/vscode/.local/lib/python3.10/site-packages/airflow/example_dags/tutorial_taskflow_api.py
[2024-12-13T08:52:00.630+0000] {processor.py:826} INFO - Processing file /home/vscode/.local/lib/python3.10/site-packages/airflow/example_dags/tutorial_taskflow_api.py for tasks to queue
[2024-12-13T08:52:00.630+0000] {logging_mixin.py:150} INFO - [2024-12-13T08:52:00.630+0000] {dagbag.py:541} INFO - Filling up the DagBag from /home/vscode/.local/lib/python3.10/site-packages/airflow/example_dags/tutorial_taskflow_api.py
[2024-12-13T08:52:00.635+0000] {processor.py:836} INFO - DAG(s) dict_keys(['tutorial_taskflow_api']) retrieved from /home/vscode/.local/lib/python3.10/site-packages/airflow/example_dags/tutorial_taskflow_api.py
[2024-12-13T08:52:00.646+0000] {logging_mixin.py:150} INFO - [2024-12-13T08:52:00.646+0000] {dag.py:2742} INFO - Sync 1 DAGs
[2024-12-13T08:52:00.659+0000] {logging_mixin.py:150} INFO - [2024-12-13T08:52:00.659+0000] {dag.py:3504} INFO - Setting next_dagrun for tutorial_taskflow_api to None, run_after=None
[2024-12-13T08:52:00.672+0000] {processor.py:179} INFO - Processing /home/vscode/.local/lib/python3.10/site-packages/airflow/example_dags/tutorial_taskflow_api.py took 0.045 seconds
[2024-12-13T08:52:50.838+0000] {processor.py:157} INFO - Started process (PID=19749) to work on /home/vscode/.local/lib/python3.10/site-packages/airflow/example_dags/tutorial_taskflow_api.py
[2024-12-13T08:52:50.838+0000] {processor.py:826} INFO - Processing file /home/vscode/.local/lib/python3.10/site-packages/airflow/example_dags/tutorial_taskflow_api.py for tasks to queue
[2024-12-13T08:52:50.839+0000] {logging_mixin.py:150} INFO - [2024-12-13T08:52:50.839+0000] {dagbag.py:541} INFO - Filling up the DagBag from /home/vscode/.local/lib/python3.10/site-packages/airflow/example_dags/tutorial_taskflow_api.py
[2024-12-13T08:52:50.844+0000] {processor.py:836} INFO - DAG(s) dict_keys(['tutorial_taskflow_api']) retrieved from /home/vscode/.local/lib/python3.10/site-packages/airflow/example_dags/tutorial_taskflow_api.py
[2024-12-13T08:52:50.855+0000] {logging_mixin.py:150} INFO - [2024-12-13T08:52:50.855+0000] {dag.py:2742} INFO - Sync 1 DAGs
[2024-12-13T08:52:50.869+0000] {logging_mixin.py:150} INFO - [2024-12-13T08:52:50.868+0000] {dag.py:3504} INFO - Setting next_dagrun for tutorial_taskflow_api to None, run_after=None
[2024-12-13T08:52:50.886+0000] {processor.py:179} INFO - Processing /home/vscode/.local/lib/python3.10/site-packages/airflow/example_dags/tutorial_taskflow_api.py took 0.050 seconds
[2024-12-13T08:53:38.086+0000] {processor.py:157} INFO - Started process (PID=20073) to work on /home/vscode/.local/lib/python3.10/site-packages/airflow/example_dags/tutorial_taskflow_api.py
[2024-12-13T08:53:38.087+0000] {processor.py:826} INFO - Processing file /home/vscode/.local/lib/python3.10/site-packages/airflow/example_dags/tutorial_taskflow_api.py for tasks to queue
[2024-12-13T08:53:38.088+0000] {logging_mixin.py:150} INFO - [2024-12-13T08:53:38.087+0000] {dagbag.py:541} INFO - Filling up the DagBag from /home/vscode/.local/lib/python3.10/site-packages/airflow/example_dags/tutorial_taskflow_api.py
[2024-12-13T08:53:38.092+0000] {processor.py:836} INFO - DAG(s) dict_keys(['tutorial_taskflow_api']) retrieved from /home/vscode/.local/lib/python3.10/site-packages/airflow/example_dags/tutorial_taskflow_api.py
[2024-12-13T08:53:38.103+0000] {logging_mixin.py:150} INFO - [2024-12-13T08:53:38.103+0000] {dag.py:2742} INFO - Sync 1 DAGs
[2024-12-13T08:53:38.116+0000] {logging_mixin.py:150} INFO - [2024-12-13T08:53:38.116+0000] {dag.py:3504} INFO - Setting next_dagrun for tutorial_taskflow_api to None, run_after=None
[2024-12-13T08:53:38.130+0000] {processor.py:179} INFO - Processing /home/vscode/.local/lib/python3.10/site-packages/airflow/example_dags/tutorial_taskflow_api.py took 0.046 seconds
[2024-12-13T08:54:29.392+0000] {processor.py:157} INFO - Started process (PID=20422) to work on /home/vscode/.local/lib/python3.10/site-packages/airflow/example_dags/tutorial_taskflow_api.py
[2024-12-13T08:54:29.392+0000] {processor.py:826} INFO - Processing file /home/vscode/.local/lib/python3.10/site-packages/airflow/example_dags/tutorial_taskflow_api.py for tasks to queue
[2024-12-13T08:54:29.393+0000] {logging_mixin.py:150} INFO - [2024-12-13T08:54:29.393+0000] {dagbag.py:541} INFO - Filling up the DagBag from /home/vscode/.local/lib/python3.10/site-packages/airflow/example_dags/tutorial_taskflow_api.py
[2024-12-13T08:54:29.398+0000] {processor.py:836} INFO - DAG(s) dict_keys(['tutorial_taskflow_api']) retrieved from /home/vscode/.local/lib/python3.10/site-packages/airflow/example_dags/tutorial_taskflow_api.py
[2024-12-13T08:54:29.415+0000] {logging_mixin.py:150} INFO - [2024-12-13T08:54:29.415+0000] {dag.py:2742} INFO - Sync 1 DAGs
[2024-12-13T08:54:29.435+0000] {logging_mixin.py:150} INFO - [2024-12-13T08:54:29.435+0000] {dag.py:3504} INFO - Setting next_dagrun for tutorial_taskflow_api to None, run_after=None
[2024-12-13T08:54:29.456+0000] {processor.py:179} INFO - Processing /home/vscode/.local/lib/python3.10/site-packages/airflow/example_dags/tutorial_taskflow_api.py took 0.067 seconds
[2024-12-13T08:55:19.523+0000] {processor.py:157} INFO - Started process (PID=20799) to work on /home/vscode/.local/lib/python3.10/site-packages/airflow/example_dags/tutorial_taskflow_api.py
[2024-12-13T08:55:19.523+0000] {processor.py:826} INFO - Processing file /home/vscode/.local/lib/python3.10/site-packages/airflow/example_dags/tutorial_taskflow_api.py for tasks to queue
[2024-12-13T08:55:19.524+0000] {logging_mixin.py:150} INFO - [2024-12-13T08:55:19.524+0000] {dagbag.py:541} INFO - Filling up the DagBag from /home/vscode/.local/lib/python3.10/site-packages/airflow/example_dags/tutorial_taskflow_api.py
[2024-12-13T08:55:19.529+0000] {processor.py:836} INFO - DAG(s) dict_keys(['tutorial_taskflow_api']) retrieved from /home/vscode/.local/lib/python3.10/site-packages/airflow/example_dags/tutorial_taskflow_api.py
[2024-12-13T08:55:19.540+0000] {logging_mixin.py:150} INFO - [2024-12-13T08:55:19.540+0000] {dag.py:2742} INFO - Sync 1 DAGs
[2024-12-13T08:55:19.553+0000] {logging_mixin.py:150} INFO - [2024-12-13T08:55:19.553+0000] {dag.py:3504} INFO - Setting next_dagrun for tutorial_taskflow_api to None, run_after=None
[2024-12-13T08:55:19.567+0000] {processor.py:179} INFO - Processing /home/vscode/.local/lib/python3.10/site-packages/airflow/example_dags/tutorial_taskflow_api.py took 0.046 seconds
[2024-12-13T08:56:14.956+0000] {processor.py:157} INFO - Started process (PID=21165) to work on /home/vscode/.local/lib/python3.10/site-packages/airflow/example_dags/tutorial_taskflow_api.py
[2024-12-13T08:56:14.957+0000] {processor.py:826} INFO - Processing file /home/vscode/.local/lib/python3.10/site-packages/airflow/example_dags/tutorial_taskflow_api.py for tasks to queue
[2024-12-13T08:56:14.958+0000] {logging_mixin.py:150} INFO - [2024-12-13T08:56:14.957+0000] {dagbag.py:541} INFO - Filling up the DagBag from /home/vscode/.local/lib/python3.10/site-packages/airflow/example_dags/tutorial_taskflow_api.py
[2024-12-13T08:56:14.962+0000] {processor.py:836} INFO - DAG(s) dict_keys(['tutorial_taskflow_api']) retrieved from /home/vscode/.local/lib/python3.10/site-packages/airflow/example_dags/tutorial_taskflow_api.py
[2024-12-13T08:56:14.973+0000] {logging_mixin.py:150} INFO - [2024-12-13T08:56:14.973+0000] {dag.py:2742} INFO - Sync 1 DAGs
[2024-12-13T08:56:14.986+0000] {logging_mixin.py:150} INFO - [2024-12-13T08:56:14.986+0000] {dag.py:3504} INFO - Setting next_dagrun for tutorial_taskflow_api to None, run_after=None
[2024-12-13T08:56:15.000+0000] {processor.py:179} INFO - Processing /home/vscode/.local/lib/python3.10/site-packages/airflow/example_dags/tutorial_taskflow_api.py took 0.046 seconds
[2024-12-13T08:57:07.423+0000] {processor.py:157} INFO - Started process (PID=21523) to work on /home/vscode/.local/lib/python3.10/site-packages/airflow/example_dags/tutorial_taskflow_api.py
[2024-12-13T08:57:07.424+0000] {processor.py:826} INFO - Processing file /home/vscode/.local/lib/python3.10/site-packages/airflow/example_dags/tutorial_taskflow_api.py for tasks to queue
[2024-12-13T08:57:07.425+0000] {logging_mixin.py:150} INFO - [2024-12-13T08:57:07.424+0000] {dagbag.py:541} INFO - Filling up the DagBag from /home/vscode/.local/lib/python3.10/site-packages/airflow/example_dags/tutorial_taskflow_api.py
[2024-12-13T08:57:07.429+0000] {processor.py:836} INFO - DAG(s) dict_keys(['tutorial_taskflow_api']) retrieved from /home/vscode/.local/lib/python3.10/site-packages/airflow/example_dags/tutorial_taskflow_api.py
[2024-12-13T08:57:07.440+0000] {logging_mixin.py:150} INFO - [2024-12-13T08:57:07.440+0000] {dag.py:2742} INFO - Sync 1 DAGs
[2024-12-13T08:57:07.453+0000] {logging_mixin.py:150} INFO - [2024-12-13T08:57:07.453+0000] {dag.py:3504} INFO - Setting next_dagrun for tutorial_taskflow_api to None, run_after=None
[2024-12-13T08:57:07.466+0000] {processor.py:179} INFO - Processing /home/vscode/.local/lib/python3.10/site-packages/airflow/example_dags/tutorial_taskflow_api.py took 0.045 seconds
[2024-12-13T08:57:57.152+0000] {processor.py:157} INFO - Started process (PID=21870) to work on /home/vscode/.local/lib/python3.10/site-packages/airflow/example_dags/tutorial_taskflow_api.py
[2024-12-13T08:57:57.153+0000] {processor.py:826} INFO - Processing file /home/vscode/.local/lib/python3.10/site-packages/airflow/example_dags/tutorial_taskflow_api.py for tasks to queue
[2024-12-13T08:57:57.153+0000] {logging_mixin.py:150} INFO - [2024-12-13T08:57:57.153+0000] {dagbag.py:541} INFO - Filling up the DagBag from /home/vscode/.local/lib/python3.10/site-packages/airflow/example_dags/tutorial_taskflow_api.py
[2024-12-13T08:57:57.158+0000] {processor.py:836} INFO - DAG(s) dict_keys(['tutorial_taskflow_api']) retrieved from /home/vscode/.local/lib/python3.10/site-packages/airflow/example_dags/tutorial_taskflow_api.py
[2024-12-13T08:57:57.169+0000] {logging_mixin.py:150} INFO - [2024-12-13T08:57:57.169+0000] {dag.py:2742} INFO - Sync 1 DAGs
[2024-12-13T08:57:57.182+0000] {logging_mixin.py:150} INFO - [2024-12-13T08:57:57.182+0000] {dag.py:3504} INFO - Setting next_dagrun for tutorial_taskflow_api to None, run_after=None
[2024-12-13T08:57:57.197+0000] {processor.py:179} INFO - Processing /home/vscode/.local/lib/python3.10/site-packages/airflow/example_dags/tutorial_taskflow_api.py took 0.047 seconds
[2024-12-13T08:58:48.987+0000] {processor.py:157} INFO - Started process (PID=22230) to work on /home/vscode/.local/lib/python3.10/site-packages/airflow/example_dags/tutorial_taskflow_api.py
[2024-12-13T08:58:48.988+0000] {processor.py:826} INFO - Processing file /home/vscode/.local/lib/python3.10/site-packages/airflow/example_dags/tutorial_taskflow_api.py for tasks to queue
[2024-12-13T08:58:48.988+0000] {logging_mixin.py:150} INFO - [2024-12-13T08:58:48.988+0000] {dagbag.py:541} INFO - Filling up the DagBag from /home/vscode/.local/lib/python3.10/site-packages/airflow/example_dags/tutorial_taskflow_api.py
[2024-12-13T08:58:48.993+0000] {processor.py:836} INFO - DAG(s) dict_keys(['tutorial_taskflow_api']) retrieved from /home/vscode/.local/lib/python3.10/site-packages/airflow/example_dags/tutorial_taskflow_api.py
[2024-12-13T08:58:49.004+0000] {logging_mixin.py:150} INFO - [2024-12-13T08:58:49.004+0000] {dag.py:2742} INFO - Sync 1 DAGs
[2024-12-13T08:58:49.017+0000] {logging_mixin.py:150} INFO - [2024-12-13T08:58:49.017+0000] {dag.py:3504} INFO - Setting next_dagrun for tutorial_taskflow_api to None, run_after=None
[2024-12-13T08:58:49.031+0000] {processor.py:179} INFO - Processing /home/vscode/.local/lib/python3.10/site-packages/airflow/example_dags/tutorial_taskflow_api.py took 0.046 seconds
[2024-12-13T08:59:41.346+0000] {processor.py:157} INFO - Started process (PID=22584) to work on /home/vscode/.local/lib/python3.10/site-packages/airflow/example_dags/tutorial_taskflow_api.py
[2024-12-13T08:59:41.346+0000] {processor.py:826} INFO - Processing file /home/vscode/.local/lib/python3.10/site-packages/airflow/example_dags/tutorial_taskflow_api.py for tasks to queue
[2024-12-13T08:59:41.347+0000] {logging_mixin.py:150} INFO - [2024-12-13T08:59:41.347+0000] {dagbag.py:541} INFO - Filling up the DagBag from /home/vscode/.local/lib/python3.10/site-packages/airflow/example_dags/tutorial_taskflow_api.py
[2024-12-13T08:59:41.351+0000] {processor.py:836} INFO - DAG(s) dict_keys(['tutorial_taskflow_api']) retrieved from /home/vscode/.local/lib/python3.10/site-packages/airflow/example_dags/tutorial_taskflow_api.py
[2024-12-13T08:59:41.362+0000] {logging_mixin.py:150} INFO - [2024-12-13T08:59:41.362+0000] {dag.py:2742} INFO - Sync 1 DAGs
[2024-12-13T08:59:41.375+0000] {logging_mixin.py:150} INFO - [2024-12-13T08:59:41.375+0000] {dag.py:3504} INFO - Setting next_dagrun for tutorial_taskflow_api to None, run_after=None
[2024-12-13T08:59:41.388+0000] {processor.py:179} INFO - Processing /home/vscode/.local/lib/python3.10/site-packages/airflow/example_dags/tutorial_taskflow_api.py took 0.045 seconds
[2024-12-13T09:00:31.557+0000] {processor.py:157} INFO - Started process (PID=22960) to work on /home/vscode/.local/lib/python3.10/site-packages/airflow/example_dags/tutorial_taskflow_api.py
[2024-12-13T09:00:31.558+0000] {processor.py:826} INFO - Processing file /home/vscode/.local/lib/python3.10/site-packages/airflow/example_dags/tutorial_taskflow_api.py for tasks to queue
[2024-12-13T09:00:31.558+0000] {logging_mixin.py:150} INFO - [2024-12-13T09:00:31.558+0000] {dagbag.py:541} INFO - Filling up the DagBag from /home/vscode/.local/lib/python3.10/site-packages/airflow/example_dags/tutorial_taskflow_api.py
[2024-12-13T09:00:31.563+0000] {processor.py:836} INFO - DAG(s) dict_keys(['tutorial_taskflow_api']) retrieved from /home/vscode/.local/lib/python3.10/site-packages/airflow/example_dags/tutorial_taskflow_api.py
[2024-12-13T09:00:31.574+0000] {logging_mixin.py:150} INFO - [2024-12-13T09:00:31.574+0000] {dag.py:2742} INFO - Sync 1 DAGs
[2024-12-13T09:00:31.587+0000] {logging_mixin.py:150} INFO - [2024-12-13T09:00:31.587+0000] {dag.py:3504} INFO - Setting next_dagrun for tutorial_taskflow_api to None, run_after=None
[2024-12-13T09:00:31.601+0000] {processor.py:179} INFO - Processing /home/vscode/.local/lib/python3.10/site-packages/airflow/example_dags/tutorial_taskflow_api.py took 0.046 seconds
[2024-12-13T09:01:22.895+0000] {processor.py:157} INFO - Started process (PID=23309) to work on /home/vscode/.local/lib/python3.10/site-packages/airflow/example_dags/tutorial_taskflow_api.py
[2024-12-13T09:01:22.895+0000] {processor.py:826} INFO - Processing file /home/vscode/.local/lib/python3.10/site-packages/airflow/example_dags/tutorial_taskflow_api.py for tasks to queue
[2024-12-13T09:01:22.896+0000] {logging_mixin.py:150} INFO - [2024-12-13T09:01:22.896+0000] {dagbag.py:541} INFO - Filling up the DagBag from /home/vscode/.local/lib/python3.10/site-packages/airflow/example_dags/tutorial_taskflow_api.py
[2024-12-13T09:01:22.900+0000] {processor.py:836} INFO - DAG(s) dict_keys(['tutorial_taskflow_api']) retrieved from /home/vscode/.local/lib/python3.10/site-packages/airflow/example_dags/tutorial_taskflow_api.py
[2024-12-13T09:01:22.911+0000] {logging_mixin.py:150} INFO - [2024-12-13T09:01:22.911+0000] {dag.py:2742} INFO - Sync 1 DAGs
[2024-12-13T09:01:22.925+0000] {logging_mixin.py:150} INFO - [2024-12-13T09:01:22.925+0000] {dag.py:3504} INFO - Setting next_dagrun for tutorial_taskflow_api to None, run_after=None
[2024-12-13T09:01:22.940+0000] {processor.py:179} INFO - Processing /home/vscode/.local/lib/python3.10/site-packages/airflow/example_dags/tutorial_taskflow_api.py took 0.047 seconds
[2024-12-13T09:02:17.633+0000] {processor.py:157} INFO - Started process (PID=23678) to work on /home/vscode/.local/lib/python3.10/site-packages/airflow/example_dags/tutorial_taskflow_api.py
[2024-12-13T09:02:17.633+0000] {processor.py:826} INFO - Processing file /home/vscode/.local/lib/python3.10/site-packages/airflow/example_dags/tutorial_taskflow_api.py for tasks to queue
[2024-12-13T09:02:17.634+0000] {logging_mixin.py:150} INFO - [2024-12-13T09:02:17.634+0000] {dagbag.py:541} INFO - Filling up the DagBag from /home/vscode/.local/lib/python3.10/site-packages/airflow/example_dags/tutorial_taskflow_api.py
[2024-12-13T09:02:17.639+0000] {processor.py:836} INFO - DAG(s) dict_keys(['tutorial_taskflow_api']) retrieved from /home/vscode/.local/lib/python3.10/site-packages/airflow/example_dags/tutorial_taskflow_api.py
[2024-12-13T09:02:17.650+0000] {logging_mixin.py:150} INFO - [2024-12-13T09:02:17.650+0000] {dag.py:2742} INFO - Sync 1 DAGs
[2024-12-13T09:02:17.663+0000] {logging_mixin.py:150} INFO - [2024-12-13T09:02:17.663+0000] {dag.py:3504} INFO - Setting next_dagrun for tutorial_taskflow_api to None, run_after=None
[2024-12-13T09:02:17.676+0000] {processor.py:179} INFO - Processing /home/vscode/.local/lib/python3.10/site-packages/airflow/example_dags/tutorial_taskflow_api.py took 0.045 seconds
[2024-12-13T09:03:05.602+0000] {processor.py:157} INFO - Started process (PID=24007) to work on /home/vscode/.local/lib/python3.10/site-packages/airflow/example_dags/tutorial_taskflow_api.py
[2024-12-13T09:03:05.603+0000] {processor.py:826} INFO - Processing file /home/vscode/.local/lib/python3.10/site-packages/airflow/example_dags/tutorial_taskflow_api.py for tasks to queue
[2024-12-13T09:03:05.604+0000] {logging_mixin.py:150} INFO - [2024-12-13T09:03:05.603+0000] {dagbag.py:541} INFO - Filling up the DagBag from /home/vscode/.local/lib/python3.10/site-packages/airflow/example_dags/tutorial_taskflow_api.py
[2024-12-13T09:03:05.608+0000] {processor.py:836} INFO - DAG(s) dict_keys(['tutorial_taskflow_api']) retrieved from /home/vscode/.local/lib/python3.10/site-packages/airflow/example_dags/tutorial_taskflow_api.py
[2024-12-13T09:03:05.620+0000] {logging_mixin.py:150} INFO - [2024-12-13T09:03:05.619+0000] {dag.py:2742} INFO - Sync 1 DAGs
[2024-12-13T09:03:05.633+0000] {logging_mixin.py:150} INFO - [2024-12-13T09:03:05.633+0000] {dag.py:3504} INFO - Setting next_dagrun for tutorial_taskflow_api to None, run_after=None
[2024-12-13T09:03:05.647+0000] {processor.py:179} INFO - Processing /home/vscode/.local/lib/python3.10/site-packages/airflow/example_dags/tutorial_taskflow_api.py took 0.046 seconds
[2024-12-13T09:03:56.959+0000] {processor.py:157} INFO - Started process (PID=24362) to work on /home/vscode/.local/lib/python3.10/site-packages/airflow/example_dags/tutorial_taskflow_api.py
[2024-12-13T09:03:56.959+0000] {processor.py:826} INFO - Processing file /home/vscode/.local/lib/python3.10/site-packages/airflow/example_dags/tutorial_taskflow_api.py for tasks to queue
[2024-12-13T09:03:56.960+0000] {logging_mixin.py:150} INFO - [2024-12-13T09:03:56.960+0000] {dagbag.py:541} INFO - Filling up the DagBag from /home/vscode/.local/lib/python3.10/site-packages/airflow/example_dags/tutorial_taskflow_api.py
[2024-12-13T09:03:56.965+0000] {processor.py:836} INFO - DAG(s) dict_keys(['tutorial_taskflow_api']) retrieved from /home/vscode/.local/lib/python3.10/site-packages/airflow/example_dags/tutorial_taskflow_api.py
[2024-12-13T09:03:56.977+0000] {logging_mixin.py:150} INFO - [2024-12-13T09:03:56.977+0000] {dag.py:2742} INFO - Sync 1 DAGs
[2024-12-13T09:03:56.995+0000] {logging_mixin.py:150} INFO - [2024-12-13T09:03:56.995+0000] {dag.py:3504} INFO - Setting next_dagrun for tutorial_taskflow_api to None, run_after=None
[2024-12-13T09:03:57.010+0000] {processor.py:179} INFO - Processing /home/vscode/.local/lib/python3.10/site-packages/airflow/example_dags/tutorial_taskflow_api.py took 0.054 seconds
[2024-12-13T09:04:48.376+0000] {processor.py:157} INFO - Started process (PID=24718) to work on /home/vscode/.local/lib/python3.10/site-packages/airflow/example_dags/tutorial_taskflow_api.py
[2024-12-13T09:04:48.376+0000] {processor.py:826} INFO - Processing file /home/vscode/.local/lib/python3.10/site-packages/airflow/example_dags/tutorial_taskflow_api.py for tasks to queue
[2024-12-13T09:04:48.377+0000] {logging_mixin.py:150} INFO - [2024-12-13T09:04:48.377+0000] {dagbag.py:541} INFO - Filling up the DagBag from /home/vscode/.local/lib/python3.10/site-packages/airflow/example_dags/tutorial_taskflow_api.py
[2024-12-13T09:04:48.381+0000] {processor.py:836} INFO - DAG(s) dict_keys(['tutorial_taskflow_api']) retrieved from /home/vscode/.local/lib/python3.10/site-packages/airflow/example_dags/tutorial_taskflow_api.py
[2024-12-13T09:04:48.392+0000] {logging_mixin.py:150} INFO - [2024-12-13T09:04:48.392+0000] {dag.py:2742} INFO - Sync 1 DAGs
[2024-12-13T09:04:48.406+0000] {logging_mixin.py:150} INFO - [2024-12-13T09:04:48.406+0000] {dag.py:3504} INFO - Setting next_dagrun for tutorial_taskflow_api to None, run_after=None
[2024-12-13T09:04:48.420+0000] {processor.py:179} INFO - Processing /home/vscode/.local/lib/python3.10/site-packages/airflow/example_dags/tutorial_taskflow_api.py took 0.047 seconds
[2024-12-13T09:05:37.954+0000] {processor.py:157} INFO - Started process (PID=25087) to work on /home/vscode/.local/lib/python3.10/site-packages/airflow/example_dags/tutorial_taskflow_api.py
[2024-12-13T09:05:37.955+0000] {processor.py:826} INFO - Processing file /home/vscode/.local/lib/python3.10/site-packages/airflow/example_dags/tutorial_taskflow_api.py for tasks to queue
[2024-12-13T09:05:37.955+0000] {logging_mixin.py:150} INFO - [2024-12-13T09:05:37.955+0000] {dagbag.py:541} INFO - Filling up the DagBag from /home/vscode/.local/lib/python3.10/site-packages/airflow/example_dags/tutorial_taskflow_api.py
[2024-12-13T09:05:37.960+0000] {processor.py:836} INFO - DAG(s) dict_keys(['tutorial_taskflow_api']) retrieved from /home/vscode/.local/lib/python3.10/site-packages/airflow/example_dags/tutorial_taskflow_api.py
[2024-12-13T09:05:37.971+0000] {logging_mixin.py:150} INFO - [2024-12-13T09:05:37.971+0000] {dag.py:2742} INFO - Sync 1 DAGs
[2024-12-13T09:05:37.983+0000] {logging_mixin.py:150} INFO - [2024-12-13T09:05:37.983+0000] {dag.py:3504} INFO - Setting next_dagrun for tutorial_taskflow_api to None, run_after=None
[2024-12-13T09:05:37.997+0000] {processor.py:179} INFO - Processing /home/vscode/.local/lib/python3.10/site-packages/airflow/example_dags/tutorial_taskflow_api.py took 0.044 seconds
[2024-12-13T09:06:30.416+0000] {processor.py:157} INFO - Started process (PID=25447) to work on /home/vscode/.local/lib/python3.10/site-packages/airflow/example_dags/tutorial_taskflow_api.py
[2024-12-13T09:06:30.417+0000] {processor.py:826} INFO - Processing file /home/vscode/.local/lib/python3.10/site-packages/airflow/example_dags/tutorial_taskflow_api.py for tasks to queue
[2024-12-13T09:06:30.417+0000] {logging_mixin.py:150} INFO - [2024-12-13T09:06:30.417+0000] {dagbag.py:541} INFO - Filling up the DagBag from /home/vscode/.local/lib/python3.10/site-packages/airflow/example_dags/tutorial_taskflow_api.py
[2024-12-13T09:06:30.422+0000] {processor.py:836} INFO - DAG(s) dict_keys(['tutorial_taskflow_api']) retrieved from /home/vscode/.local/lib/python3.10/site-packages/airflow/example_dags/tutorial_taskflow_api.py
[2024-12-13T09:06:30.433+0000] {logging_mixin.py:150} INFO - [2024-12-13T09:06:30.432+0000] {dag.py:2742} INFO - Sync 1 DAGs
[2024-12-13T09:06:30.446+0000] {logging_mixin.py:150} INFO - [2024-12-13T09:06:30.445+0000] {dag.py:3504} INFO - Setting next_dagrun for tutorial_taskflow_api to None, run_after=None
[2024-12-13T09:06:30.460+0000] {processor.py:179} INFO - Processing /home/vscode/.local/lib/python3.10/site-packages/airflow/example_dags/tutorial_taskflow_api.py took 0.046 seconds
[2024-12-13T09:07:22.393+0000] {processor.py:157} INFO - Started process (PID=25805) to work on /home/vscode/.local/lib/python3.10/site-packages/airflow/example_dags/tutorial_taskflow_api.py
[2024-12-13T09:07:22.394+0000] {processor.py:826} INFO - Processing file /home/vscode/.local/lib/python3.10/site-packages/airflow/example_dags/tutorial_taskflow_api.py for tasks to queue
[2024-12-13T09:07:22.395+0000] {logging_mixin.py:150} INFO - [2024-12-13T09:07:22.394+0000] {dagbag.py:541} INFO - Filling up the DagBag from /home/vscode/.local/lib/python3.10/site-packages/airflow/example_dags/tutorial_taskflow_api.py
[2024-12-13T09:07:22.399+0000] {processor.py:836} INFO - DAG(s) dict_keys(['tutorial_taskflow_api']) retrieved from /home/vscode/.local/lib/python3.10/site-packages/airflow/example_dags/tutorial_taskflow_api.py
[2024-12-13T09:07:22.411+0000] {logging_mixin.py:150} INFO - [2024-12-13T09:07:22.411+0000] {dag.py:2742} INFO - Sync 1 DAGs
[2024-12-13T09:07:22.424+0000] {logging_mixin.py:150} INFO - [2024-12-13T09:07:22.424+0000] {dag.py:3504} INFO - Setting next_dagrun for tutorial_taskflow_api to None, run_after=None
[2024-12-13T09:07:22.437+0000] {processor.py:179} INFO - Processing /home/vscode/.local/lib/python3.10/site-packages/airflow/example_dags/tutorial_taskflow_api.py took 0.047 seconds
[2024-12-13T09:08:13.851+0000] {processor.py:157} INFO - Started process (PID=26159) to work on /home/vscode/.local/lib/python3.10/site-packages/airflow/example_dags/tutorial_taskflow_api.py
[2024-12-13T09:08:13.852+0000] {processor.py:826} INFO - Processing file /home/vscode/.local/lib/python3.10/site-packages/airflow/example_dags/tutorial_taskflow_api.py for tasks to queue
[2024-12-13T09:08:13.853+0000] {logging_mixin.py:150} INFO - [2024-12-13T09:08:13.853+0000] {dagbag.py:541} INFO - Filling up the DagBag from /home/vscode/.local/lib/python3.10/site-packages/airflow/example_dags/tutorial_taskflow_api.py
[2024-12-13T09:08:13.857+0000] {processor.py:836} INFO - DAG(s) dict_keys(['tutorial_taskflow_api']) retrieved from /home/vscode/.local/lib/python3.10/site-packages/airflow/example_dags/tutorial_taskflow_api.py
[2024-12-13T09:08:13.869+0000] {logging_mixin.py:150} INFO - [2024-12-13T09:08:13.868+0000] {dag.py:2742} INFO - Sync 1 DAGs
[2024-12-13T09:08:13.882+0000] {logging_mixin.py:150} INFO - [2024-12-13T09:08:13.882+0000] {dag.py:3504} INFO - Setting next_dagrun for tutorial_taskflow_api to None, run_after=None
[2024-12-13T09:08:13.896+0000] {processor.py:179} INFO - Processing /home/vscode/.local/lib/python3.10/site-packages/airflow/example_dags/tutorial_taskflow_api.py took 0.047 seconds
[2024-12-13T09:09:04.971+0000] {processor.py:157} INFO - Started process (PID=26505) to work on /home/vscode/.local/lib/python3.10/site-packages/airflow/example_dags/tutorial_taskflow_api.py
[2024-12-13T09:09:04.972+0000] {processor.py:826} INFO - Processing file /home/vscode/.local/lib/python3.10/site-packages/airflow/example_dags/tutorial_taskflow_api.py for tasks to queue
[2024-12-13T09:09:04.973+0000] {logging_mixin.py:150} INFO - [2024-12-13T09:09:04.972+0000] {dagbag.py:541} INFO - Filling up the DagBag from /home/vscode/.local/lib/python3.10/site-packages/airflow/example_dags/tutorial_taskflow_api.py
[2024-12-13T09:09:04.977+0000] {processor.py:836} INFO - DAG(s) dict_keys(['tutorial_taskflow_api']) retrieved from /home/vscode/.local/lib/python3.10/site-packages/airflow/example_dags/tutorial_taskflow_api.py
[2024-12-13T09:09:04.991+0000] {logging_mixin.py:150} INFO - [2024-12-13T09:09:04.991+0000] {dag.py:2742} INFO - Sync 1 DAGs
[2024-12-13T09:09:05.004+0000] {logging_mixin.py:150} INFO - [2024-12-13T09:09:05.004+0000] {dag.py:3504} INFO - Setting next_dagrun for tutorial_taskflow_api to None, run_after=None
[2024-12-13T09:09:05.019+0000] {processor.py:179} INFO - Processing /home/vscode/.local/lib/python3.10/site-packages/airflow/example_dags/tutorial_taskflow_api.py took 0.050 seconds
[2024-12-13T09:09:55.947+0000] {processor.py:157} INFO - Started process (PID=26859) to work on /home/vscode/.local/lib/python3.10/site-packages/airflow/example_dags/tutorial_taskflow_api.py
[2024-12-13T09:09:55.947+0000] {processor.py:826} INFO - Processing file /home/vscode/.local/lib/python3.10/site-packages/airflow/example_dags/tutorial_taskflow_api.py for tasks to queue
[2024-12-13T09:09:55.948+0000] {logging_mixin.py:150} INFO - [2024-12-13T09:09:55.948+0000] {dagbag.py:541} INFO - Filling up the DagBag from /home/vscode/.local/lib/python3.10/site-packages/airflow/example_dags/tutorial_taskflow_api.py
[2024-12-13T09:09:55.952+0000] {processor.py:836} INFO - DAG(s) dict_keys(['tutorial_taskflow_api']) retrieved from /home/vscode/.local/lib/python3.10/site-packages/airflow/example_dags/tutorial_taskflow_api.py
[2024-12-13T09:09:55.963+0000] {logging_mixin.py:150} INFO - [2024-12-13T09:09:55.963+0000] {dag.py:2742} INFO - Sync 1 DAGs
[2024-12-13T09:09:55.976+0000] {logging_mixin.py:150} INFO - [2024-12-13T09:09:55.976+0000] {dag.py:3504} INFO - Setting next_dagrun for tutorial_taskflow_api to None, run_after=None
[2024-12-13T09:09:55.990+0000] {processor.py:179} INFO - Processing /home/vscode/.local/lib/python3.10/site-packages/airflow/example_dags/tutorial_taskflow_api.py took 0.045 seconds
[2024-12-13T09:10:47.540+0000] {processor.py:157} INFO - Started process (PID=27240) to work on /home/vscode/.local/lib/python3.10/site-packages/airflow/example_dags/tutorial_taskflow_api.py
[2024-12-13T09:10:47.541+0000] {processor.py:826} INFO - Processing file /home/vscode/.local/lib/python3.10/site-packages/airflow/example_dags/tutorial_taskflow_api.py for tasks to queue
[2024-12-13T09:10:47.542+0000] {logging_mixin.py:150} INFO - [2024-12-13T09:10:47.541+0000] {dagbag.py:541} INFO - Filling up the DagBag from /home/vscode/.local/lib/python3.10/site-packages/airflow/example_dags/tutorial_taskflow_api.py
[2024-12-13T09:10:47.547+0000] {processor.py:836} INFO - DAG(s) dict_keys(['tutorial_taskflow_api']) retrieved from /home/vscode/.local/lib/python3.10/site-packages/airflow/example_dags/tutorial_taskflow_api.py
[2024-12-13T09:10:47.558+0000] {logging_mixin.py:150} INFO - [2024-12-13T09:10:47.558+0000] {dag.py:2742} INFO - Sync 1 DAGs
[2024-12-13T09:10:47.572+0000] {logging_mixin.py:150} INFO - [2024-12-13T09:10:47.571+0000] {dag.py:3504} INFO - Setting next_dagrun for tutorial_taskflow_api to None, run_after=None
[2024-12-13T09:10:47.585+0000] {processor.py:179} INFO - Processing /home/vscode/.local/lib/python3.10/site-packages/airflow/example_dags/tutorial_taskflow_api.py took 0.047 seconds
[2024-12-13T09:11:39.201+0000] {processor.py:157} INFO - Started process (PID=27595) to work on /home/vscode/.local/lib/python3.10/site-packages/airflow/example_dags/tutorial_taskflow_api.py
[2024-12-13T09:11:39.202+0000] {processor.py:826} INFO - Processing file /home/vscode/.local/lib/python3.10/site-packages/airflow/example_dags/tutorial_taskflow_api.py for tasks to queue
[2024-12-13T09:11:39.202+0000] {logging_mixin.py:150} INFO - [2024-12-13T09:11:39.202+0000] {dagbag.py:541} INFO - Filling up the DagBag from /home/vscode/.local/lib/python3.10/site-packages/airflow/example_dags/tutorial_taskflow_api.py
[2024-12-13T09:11:39.207+0000] {processor.py:836} INFO - DAG(s) dict_keys(['tutorial_taskflow_api']) retrieved from /home/vscode/.local/lib/python3.10/site-packages/airflow/example_dags/tutorial_taskflow_api.py
[2024-12-13T09:11:39.219+0000] {logging_mixin.py:150} INFO - [2024-12-13T09:11:39.218+0000] {dag.py:2742} INFO - Sync 1 DAGs
[2024-12-13T09:11:39.232+0000] {logging_mixin.py:150} INFO - [2024-12-13T09:11:39.232+0000] {dag.py:3504} INFO - Setting next_dagrun for tutorial_taskflow_api to None, run_after=None
[2024-12-13T09:11:39.246+0000] {processor.py:179} INFO - Processing /home/vscode/.local/lib/python3.10/site-packages/airflow/example_dags/tutorial_taskflow_api.py took 0.047 seconds
[2024-12-13T09:12:29.558+0000] {processor.py:157} INFO - Started process (PID=27937) to work on /home/vscode/.local/lib/python3.10/site-packages/airflow/example_dags/tutorial_taskflow_api.py
[2024-12-13T09:12:29.559+0000] {processor.py:826} INFO - Processing file /home/vscode/.local/lib/python3.10/site-packages/airflow/example_dags/tutorial_taskflow_api.py for tasks to queue
[2024-12-13T09:12:29.560+0000] {logging_mixin.py:150} INFO - [2024-12-13T09:12:29.559+0000] {dagbag.py:541} INFO - Filling up the DagBag from /home/vscode/.local/lib/python3.10/site-packages/airflow/example_dags/tutorial_taskflow_api.py
[2024-12-13T09:12:29.564+0000] {processor.py:836} INFO - DAG(s) dict_keys(['tutorial_taskflow_api']) retrieved from /home/vscode/.local/lib/python3.10/site-packages/airflow/example_dags/tutorial_taskflow_api.py
[2024-12-13T09:12:29.576+0000] {logging_mixin.py:150} INFO - [2024-12-13T09:12:29.576+0000] {dag.py:2742} INFO - Sync 1 DAGs
[2024-12-13T09:12:29.590+0000] {logging_mixin.py:150} INFO - [2024-12-13T09:12:29.590+0000] {dag.py:3504} INFO - Setting next_dagrun for tutorial_taskflow_api to None, run_after=None
[2024-12-13T09:12:29.604+0000] {processor.py:179} INFO - Processing /home/vscode/.local/lib/python3.10/site-packages/airflow/example_dags/tutorial_taskflow_api.py took 0.048 seconds
[2024-12-13T09:13:22.688+0000] {processor.py:157} INFO - Started process (PID=28302) to work on /home/vscode/.local/lib/python3.10/site-packages/airflow/example_dags/tutorial_taskflow_api.py
[2024-12-13T09:13:22.689+0000] {processor.py:826} INFO - Processing file /home/vscode/.local/lib/python3.10/site-packages/airflow/example_dags/tutorial_taskflow_api.py for tasks to queue
[2024-12-13T09:13:22.689+0000] {logging_mixin.py:150} INFO - [2024-12-13T09:13:22.689+0000] {dagbag.py:541} INFO - Filling up the DagBag from /home/vscode/.local/lib/python3.10/site-packages/airflow/example_dags/tutorial_taskflow_api.py
[2024-12-13T09:13:22.694+0000] {processor.py:836} INFO - DAG(s) dict_keys(['tutorial_taskflow_api']) retrieved from /home/vscode/.local/lib/python3.10/site-packages/airflow/example_dags/tutorial_taskflow_api.py
[2024-12-13T09:13:22.707+0000] {logging_mixin.py:150} INFO - [2024-12-13T09:13:22.706+0000] {dag.py:2742} INFO - Sync 1 DAGs
[2024-12-13T09:13:22.721+0000] {logging_mixin.py:150} INFO - [2024-12-13T09:13:22.721+0000] {dag.py:3504} INFO - Setting next_dagrun for tutorial_taskflow_api to None, run_after=None
[2024-12-13T09:13:22.735+0000] {processor.py:179} INFO - Processing /home/vscode/.local/lib/python3.10/site-packages/airflow/example_dags/tutorial_taskflow_api.py took 0.049 seconds
[2024-12-13T09:14:13.229+0000] {processor.py:157} INFO - Started process (PID=28653) to work on /home/vscode/.local/lib/python3.10/site-packages/airflow/example_dags/tutorial_taskflow_api.py
[2024-12-13T09:14:13.230+0000] {processor.py:826} INFO - Processing file /home/vscode/.local/lib/python3.10/site-packages/airflow/example_dags/tutorial_taskflow_api.py for tasks to queue
[2024-12-13T09:14:13.230+0000] {logging_mixin.py:150} INFO - [2024-12-13T09:14:13.230+0000] {dagbag.py:541} INFO - Filling up the DagBag from /home/vscode/.local/lib/python3.10/site-packages/airflow/example_dags/tutorial_taskflow_api.py
[2024-12-13T09:14:13.235+0000] {processor.py:836} INFO - DAG(s) dict_keys(['tutorial_taskflow_api']) retrieved from /home/vscode/.local/lib/python3.10/site-packages/airflow/example_dags/tutorial_taskflow_api.py
[2024-12-13T09:14:13.246+0000] {logging_mixin.py:150} INFO - [2024-12-13T09:14:13.246+0000] {dag.py:2742} INFO - Sync 1 DAGs
[2024-12-13T09:14:13.259+0000] {logging_mixin.py:150} INFO - [2024-12-13T09:14:13.259+0000] {dag.py:3504} INFO - Setting next_dagrun for tutorial_taskflow_api to None, run_after=None
[2024-12-13T09:14:13.274+0000] {processor.py:179} INFO - Processing /home/vscode/.local/lib/python3.10/site-packages/airflow/example_dags/tutorial_taskflow_api.py took 0.047 seconds
[2024-12-13T09:15:01.177+0000] {processor.py:157} INFO - Started process (PID=28987) to work on /home/vscode/.local/lib/python3.10/site-packages/airflow/example_dags/tutorial_taskflow_api.py
[2024-12-13T09:15:01.177+0000] {processor.py:826} INFO - Processing file /home/vscode/.local/lib/python3.10/site-packages/airflow/example_dags/tutorial_taskflow_api.py for tasks to queue
[2024-12-13T09:15:01.178+0000] {logging_mixin.py:150} INFO - [2024-12-13T09:15:01.178+0000] {dagbag.py:541} INFO - Filling up the DagBag from /home/vscode/.local/lib/python3.10/site-packages/airflow/example_dags/tutorial_taskflow_api.py
[2024-12-13T09:15:01.182+0000] {processor.py:836} INFO - DAG(s) dict_keys(['tutorial_taskflow_api']) retrieved from /home/vscode/.local/lib/python3.10/site-packages/airflow/example_dags/tutorial_taskflow_api.py
[2024-12-13T09:15:01.194+0000] {logging_mixin.py:150} INFO - [2024-12-13T09:15:01.194+0000] {dag.py:2742} INFO - Sync 1 DAGs
[2024-12-13T09:15:01.208+0000] {logging_mixin.py:150} INFO - [2024-12-13T09:15:01.208+0000] {dag.py:3504} INFO - Setting next_dagrun for tutorial_taskflow_api to None, run_after=None
[2024-12-13T09:15:01.222+0000] {processor.py:179} INFO - Processing /home/vscode/.local/lib/python3.10/site-packages/airflow/example_dags/tutorial_taskflow_api.py took 0.048 seconds
[2024-12-13T09:15:50.266+0000] {processor.py:157} INFO - Started process (PID=29351) to work on /home/vscode/.local/lib/python3.10/site-packages/airflow/example_dags/tutorial_taskflow_api.py
[2024-12-13T09:15:50.267+0000] {processor.py:826} INFO - Processing file /home/vscode/.local/lib/python3.10/site-packages/airflow/example_dags/tutorial_taskflow_api.py for tasks to queue
[2024-12-13T09:15:50.267+0000] {logging_mixin.py:150} INFO - [2024-12-13T09:15:50.267+0000] {dagbag.py:541} INFO - Filling up the DagBag from /home/vscode/.local/lib/python3.10/site-packages/airflow/example_dags/tutorial_taskflow_api.py
[2024-12-13T09:15:50.272+0000] {processor.py:836} INFO - DAG(s) dict_keys(['tutorial_taskflow_api']) retrieved from /home/vscode/.local/lib/python3.10/site-packages/airflow/example_dags/tutorial_taskflow_api.py
[2024-12-13T09:15:50.283+0000] {logging_mixin.py:150} INFO - [2024-12-13T09:15:50.283+0000] {dag.py:2742} INFO - Sync 1 DAGs
[2024-12-13T09:15:50.296+0000] {logging_mixin.py:150} INFO - [2024-12-13T09:15:50.296+0000] {dag.py:3504} INFO - Setting next_dagrun for tutorial_taskflow_api to None, run_after=None
[2024-12-13T09:15:50.310+0000] {processor.py:179} INFO - Processing /home/vscode/.local/lib/python3.10/site-packages/airflow/example_dags/tutorial_taskflow_api.py took 0.046 seconds
[2024-12-13T09:16:44.573+0000] {processor.py:157} INFO - Started process (PID=29723) to work on /home/vscode/.local/lib/python3.10/site-packages/airflow/example_dags/tutorial_taskflow_api.py
[2024-12-13T09:16:44.574+0000] {processor.py:826} INFO - Processing file /home/vscode/.local/lib/python3.10/site-packages/airflow/example_dags/tutorial_taskflow_api.py for tasks to queue
[2024-12-13T09:16:44.575+0000] {logging_mixin.py:150} INFO - [2024-12-13T09:16:44.574+0000] {dagbag.py:541} INFO - Filling up the DagBag from /home/vscode/.local/lib/python3.10/site-packages/airflow/example_dags/tutorial_taskflow_api.py
[2024-12-13T09:16:44.579+0000] {processor.py:836} INFO - DAG(s) dict_keys(['tutorial_taskflow_api']) retrieved from /home/vscode/.local/lib/python3.10/site-packages/airflow/example_dags/tutorial_taskflow_api.py
[2024-12-13T09:16:44.590+0000] {logging_mixin.py:150} INFO - [2024-12-13T09:16:44.590+0000] {dag.py:2742} INFO - Sync 1 DAGs
[2024-12-13T09:16:44.603+0000] {logging_mixin.py:150} INFO - [2024-12-13T09:16:44.603+0000] {dag.py:3504} INFO - Setting next_dagrun for tutorial_taskflow_api to None, run_after=None
[2024-12-13T09:16:44.616+0000] {processor.py:179} INFO - Processing /home/vscode/.local/lib/python3.10/site-packages/airflow/example_dags/tutorial_taskflow_api.py took 0.045 seconds
[2024-12-13T09:17:32.790+0000] {processor.py:157} INFO - Started process (PID=30055) to work on /home/vscode/.local/lib/python3.10/site-packages/airflow/example_dags/tutorial_taskflow_api.py
[2024-12-13T09:17:32.791+0000] {processor.py:826} INFO - Processing file /home/vscode/.local/lib/python3.10/site-packages/airflow/example_dags/tutorial_taskflow_api.py for tasks to queue
[2024-12-13T09:17:32.791+0000] {logging_mixin.py:150} INFO - [2024-12-13T09:17:32.791+0000] {dagbag.py:541} INFO - Filling up the DagBag from /home/vscode/.local/lib/python3.10/site-packages/airflow/example_dags/tutorial_taskflow_api.py
[2024-12-13T09:17:32.796+0000] {processor.py:836} INFO - DAG(s) dict_keys(['tutorial_taskflow_api']) retrieved from /home/vscode/.local/lib/python3.10/site-packages/airflow/example_dags/tutorial_taskflow_api.py
[2024-12-13T09:17:32.807+0000] {logging_mixin.py:150} INFO - [2024-12-13T09:17:32.807+0000] {dag.py:2742} INFO - Sync 1 DAGs
[2024-12-13T09:17:32.820+0000] {logging_mixin.py:150} INFO - [2024-12-13T09:17:32.820+0000] {dag.py:3504} INFO - Setting next_dagrun for tutorial_taskflow_api to None, run_after=None
[2024-12-13T09:17:32.833+0000] {processor.py:179} INFO - Processing /home/vscode/.local/lib/python3.10/site-packages/airflow/example_dags/tutorial_taskflow_api.py took 0.045 seconds
[2024-12-13T09:18:28.977+0000] {processor.py:157} INFO - Started process (PID=30438) to work on /home/vscode/.local/lib/python3.10/site-packages/airflow/example_dags/tutorial_taskflow_api.py
[2024-12-13T09:18:28.978+0000] {processor.py:826} INFO - Processing file /home/vscode/.local/lib/python3.10/site-packages/airflow/example_dags/tutorial_taskflow_api.py for tasks to queue
[2024-12-13T09:18:28.978+0000] {logging_mixin.py:150} INFO - [2024-12-13T09:18:28.978+0000] {dagbag.py:541} INFO - Filling up the DagBag from /home/vscode/.local/lib/python3.10/site-packages/airflow/example_dags/tutorial_taskflow_api.py
[2024-12-13T09:18:28.983+0000] {processor.py:836} INFO - DAG(s) dict_keys(['tutorial_taskflow_api']) retrieved from /home/vscode/.local/lib/python3.10/site-packages/airflow/example_dags/tutorial_taskflow_api.py
[2024-12-13T09:18:28.994+0000] {logging_mixin.py:150} INFO - [2024-12-13T09:18:28.993+0000] {dag.py:2742} INFO - Sync 1 DAGs
[2024-12-13T09:18:29.007+0000] {logging_mixin.py:150} INFO - [2024-12-13T09:18:29.006+0000] {dag.py:3504} INFO - Setting next_dagrun for tutorial_taskflow_api to None, run_after=None
[2024-12-13T09:18:29.020+0000] {processor.py:179} INFO - Processing /home/vscode/.local/lib/python3.10/site-packages/airflow/example_dags/tutorial_taskflow_api.py took 0.045 seconds
[2024-12-13T09:19:15.496+0000] {processor.py:157} INFO - Started process (PID=30758) to work on /home/vscode/.local/lib/python3.10/site-packages/airflow/example_dags/tutorial_taskflow_api.py
[2024-12-13T09:19:15.497+0000] {processor.py:826} INFO - Processing file /home/vscode/.local/lib/python3.10/site-packages/airflow/example_dags/tutorial_taskflow_api.py for tasks to queue
[2024-12-13T09:19:15.497+0000] {logging_mixin.py:150} INFO - [2024-12-13T09:19:15.497+0000] {dagbag.py:541} INFO - Filling up the DagBag from /home/vscode/.local/lib/python3.10/site-packages/airflow/example_dags/tutorial_taskflow_api.py
[2024-12-13T09:19:15.502+0000] {processor.py:836} INFO - DAG(s) dict_keys(['tutorial_taskflow_api']) retrieved from /home/vscode/.local/lib/python3.10/site-packages/airflow/example_dags/tutorial_taskflow_api.py
[2024-12-13T09:19:15.513+0000] {logging_mixin.py:150} INFO - [2024-12-13T09:19:15.513+0000] {dag.py:2742} INFO - Sync 1 DAGs
[2024-12-13T09:19:15.526+0000] {logging_mixin.py:150} INFO - [2024-12-13T09:19:15.526+0000] {dag.py:3504} INFO - Setting next_dagrun for tutorial_taskflow_api to None, run_after=None
[2024-12-13T09:19:15.539+0000] {processor.py:179} INFO - Processing /home/vscode/.local/lib/python3.10/site-packages/airflow/example_dags/tutorial_taskflow_api.py took 0.046 seconds
[2024-12-13T09:20:05.685+0000] {processor.py:157} INFO - Started process (PID=31101) to work on /home/vscode/.local/lib/python3.10/site-packages/airflow/example_dags/tutorial_taskflow_api.py
[2024-12-13T09:20:05.686+0000] {processor.py:826} INFO - Processing file /home/vscode/.local/lib/python3.10/site-packages/airflow/example_dags/tutorial_taskflow_api.py for tasks to queue
[2024-12-13T09:20:05.686+0000] {logging_mixin.py:150} INFO - [2024-12-13T09:20:05.686+0000] {dagbag.py:541} INFO - Filling up the DagBag from /home/vscode/.local/lib/python3.10/site-packages/airflow/example_dags/tutorial_taskflow_api.py
[2024-12-13T09:20:05.691+0000] {processor.py:836} INFO - DAG(s) dict_keys(['tutorial_taskflow_api']) retrieved from /home/vscode/.local/lib/python3.10/site-packages/airflow/example_dags/tutorial_taskflow_api.py
[2024-12-13T09:20:05.702+0000] {logging_mixin.py:150} INFO - [2024-12-13T09:20:05.702+0000] {dag.py:2742} INFO - Sync 1 DAGs
[2024-12-13T09:20:05.716+0000] {logging_mixin.py:150} INFO - [2024-12-13T09:20:05.715+0000] {dag.py:3504} INFO - Setting next_dagrun for tutorial_taskflow_api to None, run_after=None
[2024-12-13T09:20:05.729+0000] {processor.py:179} INFO - Processing /home/vscode/.local/lib/python3.10/site-packages/airflow/example_dags/tutorial_taskflow_api.py took 0.046 seconds
[2024-12-13T09:20:54.143+0000] {processor.py:157} INFO - Started process (PID=31456) to work on /home/vscode/.local/lib/python3.10/site-packages/airflow/example_dags/tutorial_taskflow_api.py
[2024-12-13T09:20:54.144+0000] {processor.py:826} INFO - Processing file /home/vscode/.local/lib/python3.10/site-packages/airflow/example_dags/tutorial_taskflow_api.py for tasks to queue
[2024-12-13T09:20:54.144+0000] {logging_mixin.py:150} INFO - [2024-12-13T09:20:54.144+0000] {dagbag.py:541} INFO - Filling up the DagBag from /home/vscode/.local/lib/python3.10/site-packages/airflow/example_dags/tutorial_taskflow_api.py
[2024-12-13T09:20:54.149+0000] {processor.py:836} INFO - DAG(s) dict_keys(['tutorial_taskflow_api']) retrieved from /home/vscode/.local/lib/python3.10/site-packages/airflow/example_dags/tutorial_taskflow_api.py
[2024-12-13T09:20:54.160+0000] {logging_mixin.py:150} INFO - [2024-12-13T09:20:54.160+0000] {dag.py:2742} INFO - Sync 1 DAGs
[2024-12-13T09:20:54.173+0000] {logging_mixin.py:150} INFO - [2024-12-13T09:20:54.172+0000] {dag.py:3504} INFO - Setting next_dagrun for tutorial_taskflow_api to None, run_after=None
[2024-12-13T09:20:54.186+0000] {processor.py:179} INFO - Processing /home/vscode/.local/lib/python3.10/site-packages/airflow/example_dags/tutorial_taskflow_api.py took 0.045 seconds
[2024-12-13T09:21:48.423+0000] {processor.py:157} INFO - Started process (PID=31832) to work on /home/vscode/.local/lib/python3.10/site-packages/airflow/example_dags/tutorial_taskflow_api.py
[2024-12-13T09:21:48.423+0000] {processor.py:826} INFO - Processing file /home/vscode/.local/lib/python3.10/site-packages/airflow/example_dags/tutorial_taskflow_api.py for tasks to queue
[2024-12-13T09:21:48.424+0000] {logging_mixin.py:150} INFO - [2024-12-13T09:21:48.424+0000] {dagbag.py:541} INFO - Filling up the DagBag from /home/vscode/.local/lib/python3.10/site-packages/airflow/example_dags/tutorial_taskflow_api.py
[2024-12-13T09:21:48.428+0000] {processor.py:836} INFO - DAG(s) dict_keys(['tutorial_taskflow_api']) retrieved from /home/vscode/.local/lib/python3.10/site-packages/airflow/example_dags/tutorial_taskflow_api.py
[2024-12-13T09:21:48.440+0000] {logging_mixin.py:150} INFO - [2024-12-13T09:21:48.439+0000] {dag.py:2742} INFO - Sync 1 DAGs
[2024-12-13T09:21:48.453+0000] {logging_mixin.py:150} INFO - [2024-12-13T09:21:48.453+0000] {dag.py:3504} INFO - Setting next_dagrun for tutorial_taskflow_api to None, run_after=None
[2024-12-13T09:21:48.466+0000] {processor.py:179} INFO - Processing /home/vscode/.local/lib/python3.10/site-packages/airflow/example_dags/tutorial_taskflow_api.py took 0.046 seconds
[2024-12-13T09:22:38.740+0000] {processor.py:157} INFO - Started process (PID=32179) to work on /home/vscode/.local/lib/python3.10/site-packages/airflow/example_dags/tutorial_taskflow_api.py
[2024-12-13T09:22:38.741+0000] {processor.py:826} INFO - Processing file /home/vscode/.local/lib/python3.10/site-packages/airflow/example_dags/tutorial_taskflow_api.py for tasks to queue
[2024-12-13T09:22:38.741+0000] {logging_mixin.py:150} INFO - [2024-12-13T09:22:38.741+0000] {dagbag.py:541} INFO - Filling up the DagBag from /home/vscode/.local/lib/python3.10/site-packages/airflow/example_dags/tutorial_taskflow_api.py
[2024-12-13T09:22:38.748+0000] {processor.py:836} INFO - DAG(s) dict_keys(['tutorial_taskflow_api']) retrieved from /home/vscode/.local/lib/python3.10/site-packages/airflow/example_dags/tutorial_taskflow_api.py
[2024-12-13T09:22:38.765+0000] {logging_mixin.py:150} INFO - [2024-12-13T09:22:38.765+0000] {dag.py:2742} INFO - Sync 1 DAGs
[2024-12-13T09:22:38.783+0000] {logging_mixin.py:150} INFO - [2024-12-13T09:22:38.783+0000] {dag.py:3504} INFO - Setting next_dagrun for tutorial_taskflow_api to None, run_after=None
[2024-12-13T09:22:38.798+0000] {processor.py:179} INFO - Processing /home/vscode/.local/lib/python3.10/site-packages/airflow/example_dags/tutorial_taskflow_api.py took 0.061 seconds
[2024-12-13T09:23:31.931+0000] {processor.py:157} INFO - Started process (PID=32540) to work on /home/vscode/.local/lib/python3.10/site-packages/airflow/example_dags/tutorial_taskflow_api.py
[2024-12-13T09:23:31.931+0000] {processor.py:826} INFO - Processing file /home/vscode/.local/lib/python3.10/site-packages/airflow/example_dags/tutorial_taskflow_api.py for tasks to queue
[2024-12-13T09:23:31.932+0000] {logging_mixin.py:150} INFO - [2024-12-13T09:23:31.932+0000] {dagbag.py:541} INFO - Filling up the DagBag from /home/vscode/.local/lib/python3.10/site-packages/airflow/example_dags/tutorial_taskflow_api.py
[2024-12-13T09:23:31.938+0000] {processor.py:836} INFO - DAG(s) dict_keys(['tutorial_taskflow_api']) retrieved from /home/vscode/.local/lib/python3.10/site-packages/airflow/example_dags/tutorial_taskflow_api.py
[2024-12-13T09:23:31.951+0000] {logging_mixin.py:150} INFO - [2024-12-13T09:23:31.951+0000] {dag.py:2742} INFO - Sync 1 DAGs
[2024-12-13T09:23:31.965+0000] {logging_mixin.py:150} INFO - [2024-12-13T09:23:31.964+0000] {dag.py:3504} INFO - Setting next_dagrun for tutorial_taskflow_api to None, run_after=None
[2024-12-13T09:23:31.978+0000] {processor.py:179} INFO - Processing /home/vscode/.local/lib/python3.10/site-packages/airflow/example_dags/tutorial_taskflow_api.py took 0.049 seconds
[2024-12-13T09:24:28.270+0000] {processor.py:157} INFO - Started process (PID=32925) to work on /home/vscode/.local/lib/python3.10/site-packages/airflow/example_dags/tutorial_taskflow_api.py
[2024-12-13T09:24:28.271+0000] {processor.py:826} INFO - Processing file /home/vscode/.local/lib/python3.10/site-packages/airflow/example_dags/tutorial_taskflow_api.py for tasks to queue
[2024-12-13T09:24:28.271+0000] {logging_mixin.py:150} INFO - [2024-12-13T09:24:28.271+0000] {dagbag.py:541} INFO - Filling up the DagBag from /home/vscode/.local/lib/python3.10/site-packages/airflow/example_dags/tutorial_taskflow_api.py
[2024-12-13T09:24:28.276+0000] {processor.py:836} INFO - DAG(s) dict_keys(['tutorial_taskflow_api']) retrieved from /home/vscode/.local/lib/python3.10/site-packages/airflow/example_dags/tutorial_taskflow_api.py
[2024-12-13T09:24:28.287+0000] {logging_mixin.py:150} INFO - [2024-12-13T09:24:28.287+0000] {dag.py:2742} INFO - Sync 1 DAGs
[2024-12-13T09:24:28.300+0000] {logging_mixin.py:150} INFO - [2024-12-13T09:24:28.300+0000] {dag.py:3504} INFO - Setting next_dagrun for tutorial_taskflow_api to None, run_after=None
[2024-12-13T09:24:28.313+0000] {processor.py:179} INFO - Processing /home/vscode/.local/lib/python3.10/site-packages/airflow/example_dags/tutorial_taskflow_api.py took 0.046 seconds
[2024-12-13T09:25:16.644+0000] {processor.py:157} INFO - Started process (PID=33288) to work on /home/vscode/.local/lib/python3.10/site-packages/airflow/example_dags/tutorial_taskflow_api.py
[2024-12-13T09:25:16.645+0000] {processor.py:826} INFO - Processing file /home/vscode/.local/lib/python3.10/site-packages/airflow/example_dags/tutorial_taskflow_api.py for tasks to queue
[2024-12-13T09:25:16.645+0000] {logging_mixin.py:150} INFO - [2024-12-13T09:25:16.645+0000] {dagbag.py:541} INFO - Filling up the DagBag from /home/vscode/.local/lib/python3.10/site-packages/airflow/example_dags/tutorial_taskflow_api.py
[2024-12-13T09:25:16.650+0000] {processor.py:836} INFO - DAG(s) dict_keys(['tutorial_taskflow_api']) retrieved from /home/vscode/.local/lib/python3.10/site-packages/airflow/example_dags/tutorial_taskflow_api.py
[2024-12-13T09:25:16.662+0000] {logging_mixin.py:150} INFO - [2024-12-13T09:25:16.662+0000] {dag.py:2742} INFO - Sync 1 DAGs
[2024-12-13T09:25:16.676+0000] {logging_mixin.py:150} INFO - [2024-12-13T09:25:16.675+0000] {dag.py:3504} INFO - Setting next_dagrun for tutorial_taskflow_api to None, run_after=None
[2024-12-13T09:25:16.690+0000] {processor.py:179} INFO - Processing /home/vscode/.local/lib/python3.10/site-packages/airflow/example_dags/tutorial_taskflow_api.py took 0.048 seconds
[2024-12-13T09:26:04.310+0000] {processor.py:157} INFO - Started process (PID=33611) to work on /home/vscode/.local/lib/python3.10/site-packages/airflow/example_dags/tutorial_taskflow_api.py
[2024-12-13T09:26:04.311+0000] {processor.py:826} INFO - Processing file /home/vscode/.local/lib/python3.10/site-packages/airflow/example_dags/tutorial_taskflow_api.py for tasks to queue
[2024-12-13T09:26:04.311+0000] {logging_mixin.py:150} INFO - [2024-12-13T09:26:04.311+0000] {dagbag.py:541} INFO - Filling up the DagBag from /home/vscode/.local/lib/python3.10/site-packages/airflow/example_dags/tutorial_taskflow_api.py
[2024-12-13T09:26:04.316+0000] {processor.py:836} INFO - DAG(s) dict_keys(['tutorial_taskflow_api']) retrieved from /home/vscode/.local/lib/python3.10/site-packages/airflow/example_dags/tutorial_taskflow_api.py
[2024-12-13T09:26:04.327+0000] {logging_mixin.py:150} INFO - [2024-12-13T09:26:04.327+0000] {dag.py:2742} INFO - Sync 1 DAGs
[2024-12-13T09:26:04.340+0000] {logging_mixin.py:150} INFO - [2024-12-13T09:26:04.340+0000] {dag.py:3504} INFO - Setting next_dagrun for tutorial_taskflow_api to None, run_after=None
[2024-12-13T09:26:04.353+0000] {processor.py:179} INFO - Processing /home/vscode/.local/lib/python3.10/site-packages/airflow/example_dags/tutorial_taskflow_api.py took 0.045 seconds
[2024-12-13T09:26:57.105+0000] {processor.py:157} INFO - Started process (PID=33971) to work on /home/vscode/.local/lib/python3.10/site-packages/airflow/example_dags/tutorial_taskflow_api.py
[2024-12-13T09:26:57.106+0000] {processor.py:826} INFO - Processing file /home/vscode/.local/lib/python3.10/site-packages/airflow/example_dags/tutorial_taskflow_api.py for tasks to queue
[2024-12-13T09:26:57.106+0000] {logging_mixin.py:150} INFO - [2024-12-13T09:26:57.106+0000] {dagbag.py:541} INFO - Filling up the DagBag from /home/vscode/.local/lib/python3.10/site-packages/airflow/example_dags/tutorial_taskflow_api.py
[2024-12-13T09:26:57.111+0000] {processor.py:836} INFO - DAG(s) dict_keys(['tutorial_taskflow_api']) retrieved from /home/vscode/.local/lib/python3.10/site-packages/airflow/example_dags/tutorial_taskflow_api.py
[2024-12-13T09:26:57.122+0000] {logging_mixin.py:150} INFO - [2024-12-13T09:26:57.122+0000] {dag.py:2742} INFO - Sync 1 DAGs
[2024-12-13T09:26:57.136+0000] {logging_mixin.py:150} INFO - [2024-12-13T09:26:57.136+0000] {dag.py:3504} INFO - Setting next_dagrun for tutorial_taskflow_api to None, run_after=None
[2024-12-13T09:26:57.149+0000] {processor.py:179} INFO - Processing /home/vscode/.local/lib/python3.10/site-packages/airflow/example_dags/tutorial_taskflow_api.py took 0.046 seconds
[2024-12-13T09:27:46.824+0000] {processor.py:157} INFO - Started process (PID=34307) to work on /home/vscode/.local/lib/python3.10/site-packages/airflow/example_dags/tutorial_taskflow_api.py
[2024-12-13T09:27:46.825+0000] {processor.py:826} INFO - Processing file /home/vscode/.local/lib/python3.10/site-packages/airflow/example_dags/tutorial_taskflow_api.py for tasks to queue
[2024-12-13T09:27:46.826+0000] {logging_mixin.py:150} INFO - [2024-12-13T09:27:46.826+0000] {dagbag.py:541} INFO - Filling up the DagBag from /home/vscode/.local/lib/python3.10/site-packages/airflow/example_dags/tutorial_taskflow_api.py
[2024-12-13T09:27:46.830+0000] {processor.py:836} INFO - DAG(s) dict_keys(['tutorial_taskflow_api']) retrieved from /home/vscode/.local/lib/python3.10/site-packages/airflow/example_dags/tutorial_taskflow_api.py
[2024-12-13T09:27:46.842+0000] {logging_mixin.py:150} INFO - [2024-12-13T09:27:46.842+0000] {dag.py:2742} INFO - Sync 1 DAGs
[2024-12-13T09:27:46.855+0000] {logging_mixin.py:150} INFO - [2024-12-13T09:27:46.855+0000] {dag.py:3504} INFO - Setting next_dagrun for tutorial_taskflow_api to None, run_after=None
[2024-12-13T09:27:46.868+0000] {processor.py:179} INFO - Processing /home/vscode/.local/lib/python3.10/site-packages/airflow/example_dags/tutorial_taskflow_api.py took 0.046 seconds
[2024-12-13T09:28:38.011+0000] {processor.py:157} INFO - Started process (PID=34664) to work on /home/vscode/.local/lib/python3.10/site-packages/airflow/example_dags/tutorial_taskflow_api.py
[2024-12-13T09:28:38.012+0000] {processor.py:826} INFO - Processing file /home/vscode/.local/lib/python3.10/site-packages/airflow/example_dags/tutorial_taskflow_api.py for tasks to queue
[2024-12-13T09:28:38.013+0000] {logging_mixin.py:150} INFO - [2024-12-13T09:28:38.012+0000] {dagbag.py:541} INFO - Filling up the DagBag from /home/vscode/.local/lib/python3.10/site-packages/airflow/example_dags/tutorial_taskflow_api.py
[2024-12-13T09:28:38.017+0000] {processor.py:836} INFO - DAG(s) dict_keys(['tutorial_taskflow_api']) retrieved from /home/vscode/.local/lib/python3.10/site-packages/airflow/example_dags/tutorial_taskflow_api.py
[2024-12-13T09:28:38.028+0000] {logging_mixin.py:150} INFO - [2024-12-13T09:28:38.028+0000] {dag.py:2742} INFO - Sync 1 DAGs
[2024-12-13T09:28:38.041+0000] {logging_mixin.py:150} INFO - [2024-12-13T09:28:38.041+0000] {dag.py:3504} INFO - Setting next_dagrun for tutorial_taskflow_api to None, run_after=None
[2024-12-13T09:28:38.060+0000] {processor.py:179} INFO - Processing /home/vscode/.local/lib/python3.10/site-packages/airflow/example_dags/tutorial_taskflow_api.py took 0.051 seconds
[2024-12-13T09:29:36.228+0000] {processor.py:157} INFO - Started process (PID=35055) to work on /home/vscode/.local/lib/python3.10/site-packages/airflow/example_dags/tutorial_taskflow_api.py
[2024-12-13T09:29:36.228+0000] {processor.py:826} INFO - Processing file /home/vscode/.local/lib/python3.10/site-packages/airflow/example_dags/tutorial_taskflow_api.py for tasks to queue
[2024-12-13T09:29:36.229+0000] {logging_mixin.py:150} INFO - [2024-12-13T09:29:36.229+0000] {dagbag.py:541} INFO - Filling up the DagBag from /home/vscode/.local/lib/python3.10/site-packages/airflow/example_dags/tutorial_taskflow_api.py
[2024-12-13T09:29:36.234+0000] {processor.py:836} INFO - DAG(s) dict_keys(['tutorial_taskflow_api']) retrieved from /home/vscode/.local/lib/python3.10/site-packages/airflow/example_dags/tutorial_taskflow_api.py
[2024-12-13T09:29:36.245+0000] {logging_mixin.py:150} INFO - [2024-12-13T09:29:36.245+0000] {dag.py:2742} INFO - Sync 1 DAGs
[2024-12-13T09:29:36.259+0000] {logging_mixin.py:150} INFO - [2024-12-13T09:29:36.259+0000] {dag.py:3504} INFO - Setting next_dagrun for tutorial_taskflow_api to None, run_after=None
[2024-12-13T09:29:36.274+0000] {processor.py:179} INFO - Processing /home/vscode/.local/lib/python3.10/site-packages/airflow/example_dags/tutorial_taskflow_api.py took 0.048 seconds
[2024-12-13T09:30:24.406+0000] {processor.py:157} INFO - Started process (PID=35416) to work on /home/vscode/.local/lib/python3.10/site-packages/airflow/example_dags/tutorial_taskflow_api.py
[2024-12-13T09:30:24.407+0000] {processor.py:826} INFO - Processing file /home/vscode/.local/lib/python3.10/site-packages/airflow/example_dags/tutorial_taskflow_api.py for tasks to queue
[2024-12-13T09:30:24.408+0000] {logging_mixin.py:150} INFO - [2024-12-13T09:30:24.407+0000] {dagbag.py:541} INFO - Filling up the DagBag from /home/vscode/.local/lib/python3.10/site-packages/airflow/example_dags/tutorial_taskflow_api.py
[2024-12-13T09:30:24.412+0000] {processor.py:836} INFO - DAG(s) dict_keys(['tutorial_taskflow_api']) retrieved from /home/vscode/.local/lib/python3.10/site-packages/airflow/example_dags/tutorial_taskflow_api.py
[2024-12-13T09:30:24.423+0000] {logging_mixin.py:150} INFO - [2024-12-13T09:30:24.423+0000] {dag.py:2742} INFO - Sync 1 DAGs
[2024-12-13T09:30:24.436+0000] {logging_mixin.py:150} INFO - [2024-12-13T09:30:24.436+0000] {dag.py:3504} INFO - Setting next_dagrun for tutorial_taskflow_api to None, run_after=None
[2024-12-13T09:30:24.449+0000] {processor.py:179} INFO - Processing /home/vscode/.local/lib/python3.10/site-packages/airflow/example_dags/tutorial_taskflow_api.py took 0.045 seconds
[2024-12-13T09:31:17.337+0000] {processor.py:157} INFO - Started process (PID=35776) to work on /home/vscode/.local/lib/python3.10/site-packages/airflow/example_dags/tutorial_taskflow_api.py
[2024-12-13T09:31:17.338+0000] {processor.py:826} INFO - Processing file /home/vscode/.local/lib/python3.10/site-packages/airflow/example_dags/tutorial_taskflow_api.py for tasks to queue
[2024-12-13T09:31:17.339+0000] {logging_mixin.py:150} INFO - [2024-12-13T09:31:17.339+0000] {dagbag.py:541} INFO - Filling up the DagBag from /home/vscode/.local/lib/python3.10/site-packages/airflow/example_dags/tutorial_taskflow_api.py
[2024-12-13T09:31:17.346+0000] {processor.py:836} INFO - DAG(s) dict_keys(['tutorial_taskflow_api']) retrieved from /home/vscode/.local/lib/python3.10/site-packages/airflow/example_dags/tutorial_taskflow_api.py
[2024-12-13T09:31:17.362+0000] {logging_mixin.py:150} INFO - [2024-12-13T09:31:17.362+0000] {dag.py:2742} INFO - Sync 1 DAGs
[2024-12-13T09:31:17.385+0000] {logging_mixin.py:150} INFO - [2024-12-13T09:31:17.385+0000] {dag.py:3504} INFO - Setting next_dagrun for tutorial_taskflow_api to None, run_after=None
[2024-12-13T09:31:17.404+0000] {processor.py:179} INFO - Processing /home/vscode/.local/lib/python3.10/site-packages/airflow/example_dags/tutorial_taskflow_api.py took 0.070 seconds
[2024-12-13T09:32:09.800+0000] {processor.py:157} INFO - Started process (PID=36140) to work on /home/vscode/.local/lib/python3.10/site-packages/airflow/example_dags/tutorial_taskflow_api.py
[2024-12-13T09:32:09.801+0000] {processor.py:826} INFO - Processing file /home/vscode/.local/lib/python3.10/site-packages/airflow/example_dags/tutorial_taskflow_api.py for tasks to queue
[2024-12-13T09:32:09.801+0000] {logging_mixin.py:150} INFO - [2024-12-13T09:32:09.801+0000] {dagbag.py:541} INFO - Filling up the DagBag from /home/vscode/.local/lib/python3.10/site-packages/airflow/example_dags/tutorial_taskflow_api.py
[2024-12-13T09:32:09.806+0000] {processor.py:836} INFO - DAG(s) dict_keys(['tutorial_taskflow_api']) retrieved from /home/vscode/.local/lib/python3.10/site-packages/airflow/example_dags/tutorial_taskflow_api.py
[2024-12-13T09:32:09.817+0000] {logging_mixin.py:150} INFO - [2024-12-13T09:32:09.817+0000] {dag.py:2742} INFO - Sync 1 DAGs
[2024-12-13T09:32:09.830+0000] {logging_mixin.py:150} INFO - [2024-12-13T09:32:09.830+0000] {dag.py:3504} INFO - Setting next_dagrun for tutorial_taskflow_api to None, run_after=None
[2024-12-13T09:32:09.844+0000] {processor.py:179} INFO - Processing /home/vscode/.local/lib/python3.10/site-packages/airflow/example_dags/tutorial_taskflow_api.py took 0.046 seconds
[2024-12-13T09:32:59.668+0000] {processor.py:157} INFO - Started process (PID=36476) to work on /home/vscode/.local/lib/python3.10/site-packages/airflow/example_dags/tutorial_taskflow_api.py
[2024-12-13T09:32:59.669+0000] {processor.py:826} INFO - Processing file /home/vscode/.local/lib/python3.10/site-packages/airflow/example_dags/tutorial_taskflow_api.py for tasks to queue
[2024-12-13T09:32:59.670+0000] {logging_mixin.py:150} INFO - [2024-12-13T09:32:59.670+0000] {dagbag.py:541} INFO - Filling up the DagBag from /home/vscode/.local/lib/python3.10/site-packages/airflow/example_dags/tutorial_taskflow_api.py
[2024-12-13T09:32:59.674+0000] {processor.py:836} INFO - DAG(s) dict_keys(['tutorial_taskflow_api']) retrieved from /home/vscode/.local/lib/python3.10/site-packages/airflow/example_dags/tutorial_taskflow_api.py
[2024-12-13T09:32:59.685+0000] {logging_mixin.py:150} INFO - [2024-12-13T09:32:59.685+0000] {dag.py:2742} INFO - Sync 1 DAGs
[2024-12-13T09:32:59.698+0000] {logging_mixin.py:150} INFO - [2024-12-13T09:32:59.697+0000] {dag.py:3504} INFO - Setting next_dagrun for tutorial_taskflow_api to None, run_after=None
[2024-12-13T09:32:59.711+0000] {processor.py:179} INFO - Processing /home/vscode/.local/lib/python3.10/site-packages/airflow/example_dags/tutorial_taskflow_api.py took 0.044 seconds
[2024-12-13T09:33:52.602+0000] {processor.py:157} INFO - Started process (PID=36842) to work on /home/vscode/.local/lib/python3.10/site-packages/airflow/example_dags/tutorial_taskflow_api.py
[2024-12-13T09:33:52.603+0000] {processor.py:826} INFO - Processing file /home/vscode/.local/lib/python3.10/site-packages/airflow/example_dags/tutorial_taskflow_api.py for tasks to queue
[2024-12-13T09:33:52.604+0000] {logging_mixin.py:150} INFO - [2024-12-13T09:33:52.603+0000] {dagbag.py:541} INFO - Filling up the DagBag from /home/vscode/.local/lib/python3.10/site-packages/airflow/example_dags/tutorial_taskflow_api.py
[2024-12-13T09:33:52.608+0000] {processor.py:836} INFO - DAG(s) dict_keys(['tutorial_taskflow_api']) retrieved from /home/vscode/.local/lib/python3.10/site-packages/airflow/example_dags/tutorial_taskflow_api.py
[2024-12-13T09:33:52.619+0000] {logging_mixin.py:150} INFO - [2024-12-13T09:33:52.619+0000] {dag.py:2742} INFO - Sync 1 DAGs
[2024-12-13T09:33:52.632+0000] {logging_mixin.py:150} INFO - [2024-12-13T09:33:52.632+0000] {dag.py:3504} INFO - Setting next_dagrun for tutorial_taskflow_api to None, run_after=None
[2024-12-13T09:33:52.648+0000] {processor.py:179} INFO - Processing /home/vscode/.local/lib/python3.10/site-packages/airflow/example_dags/tutorial_taskflow_api.py took 0.048 seconds
[2024-12-13T09:34:46.231+0000] {processor.py:157} INFO - Started process (PID=37216) to work on /home/vscode/.local/lib/python3.10/site-packages/airflow/example_dags/tutorial_taskflow_api.py
[2024-12-13T09:34:46.232+0000] {processor.py:826} INFO - Processing file /home/vscode/.local/lib/python3.10/site-packages/airflow/example_dags/tutorial_taskflow_api.py for tasks to queue
[2024-12-13T09:34:46.233+0000] {logging_mixin.py:150} INFO - [2024-12-13T09:34:46.232+0000] {dagbag.py:541} INFO - Filling up the DagBag from /home/vscode/.local/lib/python3.10/site-packages/airflow/example_dags/tutorial_taskflow_api.py
[2024-12-13T09:34:46.237+0000] {processor.py:836} INFO - DAG(s) dict_keys(['tutorial_taskflow_api']) retrieved from /home/vscode/.local/lib/python3.10/site-packages/airflow/example_dags/tutorial_taskflow_api.py
[2024-12-13T09:34:46.249+0000] {logging_mixin.py:150} INFO - [2024-12-13T09:34:46.248+0000] {dag.py:2742} INFO - Sync 1 DAGs
[2024-12-13T09:34:46.262+0000] {logging_mixin.py:150} INFO - [2024-12-13T09:34:46.262+0000] {dag.py:3504} INFO - Setting next_dagrun for tutorial_taskflow_api to None, run_after=None
[2024-12-13T09:34:46.276+0000] {processor.py:179} INFO - Processing /home/vscode/.local/lib/python3.10/site-packages/airflow/example_dags/tutorial_taskflow_api.py took 0.047 seconds
