[2024-12-13T17:16:41.437+0000] {processor.py:157} INFO - Started process (PID=6513) to work on /workspaces/hands-on-introduction-data-engineering-4395021/airflow/dags/load_dag.py
[2024-12-13T17:16:41.437+0000] {processor.py:826} INFO - Processing file /workspaces/hands-on-introduction-data-engineering-4395021/airflow/dags/load_dag.py for tasks to queue
[2024-12-13T17:16:41.438+0000] {logging_mixin.py:150} INFO - [2024-12-13T17:16:41.438+0000] {dagbag.py:541} INFO - Filling up the DagBag from /workspaces/hands-on-introduction-data-engineering-4395021/airflow/dags/load_dag.py
[2024-12-13T17:16:41.445+0000] {processor.py:836} INFO - DAG(s) dict_keys(['load_dag']) retrieved from /workspaces/hands-on-introduction-data-engineering-4395021/airflow/dags/load_dag.py
[2024-12-13T17:16:41.578+0000] {logging_mixin.py:150} INFO - [2024-12-13T17:16:41.578+0000] {manager.py:504} INFO - Created Permission View: can read on DAG:load_dag
[2024-12-13T17:16:41.587+0000] {logging_mixin.py:150} INFO - [2024-12-13T17:16:41.587+0000] {manager.py:504} INFO - Created Permission View: can delete on DAG:load_dag
[2024-12-13T17:16:41.593+0000] {logging_mixin.py:150} INFO - [2024-12-13T17:16:41.593+0000] {manager.py:504} INFO - Created Permission View: can edit on DAG:load_dag
[2024-12-13T17:16:41.603+0000] {logging_mixin.py:150} INFO - [2024-12-13T17:16:41.603+0000] {dag.py:2742} INFO - Sync 1 DAGs
[2024-12-13T17:16:41.612+0000] {logging_mixin.py:150} INFO - [2024-12-13T17:16:41.612+0000] {dag.py:2763} INFO - Creating ORM DAG for load_dag
[2024-12-13T17:16:41.623+0000] {logging_mixin.py:150} INFO - [2024-12-13T17:16:41.623+0000] {dag.py:3504} INFO - Setting next_dagrun for load_dag to None, run_after=None
[2024-12-13T17:16:41.642+0000] {processor.py:179} INFO - Processing /workspaces/hands-on-introduction-data-engineering-4395021/airflow/dags/load_dag.py took 0.207 seconds
[2024-12-13T17:17:35.685+0000] {processor.py:157} INFO - Started process (PID=7228) to work on /workspaces/hands-on-introduction-data-engineering-4395021/airflow/dags/load_dag.py
[2024-12-13T17:17:35.686+0000] {processor.py:826} INFO - Processing file /workspaces/hands-on-introduction-data-engineering-4395021/airflow/dags/load_dag.py for tasks to queue
[2024-12-13T17:17:35.687+0000] {logging_mixin.py:150} INFO - [2024-12-13T17:17:35.686+0000] {dagbag.py:541} INFO - Filling up the DagBag from /workspaces/hands-on-introduction-data-engineering-4395021/airflow/dags/load_dag.py
[2024-12-13T17:17:35.691+0000] {processor.py:836} INFO - DAG(s) dict_keys(['load_dag']) retrieved from /workspaces/hands-on-introduction-data-engineering-4395021/airflow/dags/load_dag.py
[2024-12-13T17:17:35.700+0000] {logging_mixin.py:150} INFO - [2024-12-13T17:17:35.700+0000] {dag.py:2742} INFO - Sync 1 DAGs
[2024-12-13T17:17:35.713+0000] {logging_mixin.py:150} INFO - [2024-12-13T17:17:35.713+0000] {dag.py:3504} INFO - Setting next_dagrun for load_dag to None, run_after=None
[2024-12-13T17:17:35.727+0000] {processor.py:179} INFO - Processing /workspaces/hands-on-introduction-data-engineering-4395021/airflow/dags/load_dag.py took 0.044 seconds
[2024-12-13T17:18:16.116+0000] {processor.py:157} INFO - Started process (PID=7690) to work on /workspaces/hands-on-introduction-data-engineering-4395021/airflow/dags/load_dag.py
[2024-12-13T17:18:16.116+0000] {processor.py:826} INFO - Processing file /workspaces/hands-on-introduction-data-engineering-4395021/airflow/dags/load_dag.py for tasks to queue
[2024-12-13T17:18:16.117+0000] {logging_mixin.py:150} INFO - [2024-12-13T17:18:16.117+0000] {dagbag.py:541} INFO - Filling up the DagBag from /workspaces/hands-on-introduction-data-engineering-4395021/airflow/dags/load_dag.py
[2024-12-13T17:18:16.121+0000] {processor.py:836} INFO - DAG(s) dict_keys(['load_dag']) retrieved from /workspaces/hands-on-introduction-data-engineering-4395021/airflow/dags/load_dag.py
[2024-12-13T17:18:16.131+0000] {logging_mixin.py:150} INFO - [2024-12-13T17:18:16.131+0000] {dag.py:2742} INFO - Sync 1 DAGs
[2024-12-13T17:18:16.144+0000] {logging_mixin.py:150} INFO - [2024-12-13T17:18:16.143+0000] {dag.py:3504} INFO - Setting next_dagrun for load_dag to None, run_after=None
[2024-12-13T17:18:16.160+0000] {processor.py:179} INFO - Processing /workspaces/hands-on-introduction-data-engineering-4395021/airflow/dags/load_dag.py took 0.047 seconds
[2024-12-13T17:19:02.279+0000] {processor.py:157} INFO - Started process (PID=8250) to work on /workspaces/hands-on-introduction-data-engineering-4395021/airflow/dags/load_dag.py
[2024-12-13T17:19:02.279+0000] {processor.py:826} INFO - Processing file /workspaces/hands-on-introduction-data-engineering-4395021/airflow/dags/load_dag.py for tasks to queue
[2024-12-13T17:19:02.280+0000] {logging_mixin.py:150} INFO - [2024-12-13T17:19:02.280+0000] {dagbag.py:541} INFO - Filling up the DagBag from /workspaces/hands-on-introduction-data-engineering-4395021/airflow/dags/load_dag.py
[2024-12-13T17:19:02.284+0000] {processor.py:836} INFO - DAG(s) dict_keys(['load_dag']) retrieved from /workspaces/hands-on-introduction-data-engineering-4395021/airflow/dags/load_dag.py
[2024-12-13T17:19:02.294+0000] {logging_mixin.py:150} INFO - [2024-12-13T17:19:02.293+0000] {dag.py:2742} INFO - Sync 1 DAGs
[2024-12-13T17:19:02.306+0000] {logging_mixin.py:150} INFO - [2024-12-13T17:19:02.306+0000] {dag.py:3504} INFO - Setting next_dagrun for load_dag to None, run_after=None
[2024-12-13T17:19:02.319+0000] {processor.py:179} INFO - Processing /workspaces/hands-on-introduction-data-engineering-4395021/airflow/dags/load_dag.py took 0.042 seconds
[2024-12-13T17:19:42.308+0000] {processor.py:157} INFO - Started process (PID=8757) to work on /workspaces/hands-on-introduction-data-engineering-4395021/airflow/dags/load_dag.py
[2024-12-13T17:19:42.308+0000] {processor.py:826} INFO - Processing file /workspaces/hands-on-introduction-data-engineering-4395021/airflow/dags/load_dag.py for tasks to queue
[2024-12-13T17:19:42.309+0000] {logging_mixin.py:150} INFO - [2024-12-13T17:19:42.309+0000] {dagbag.py:541} INFO - Filling up the DagBag from /workspaces/hands-on-introduction-data-engineering-4395021/airflow/dags/load_dag.py
[2024-12-13T17:19:42.314+0000] {processor.py:836} INFO - DAG(s) dict_keys(['load_dag']) retrieved from /workspaces/hands-on-introduction-data-engineering-4395021/airflow/dags/load_dag.py
[2024-12-13T17:19:42.324+0000] {logging_mixin.py:150} INFO - [2024-12-13T17:19:42.324+0000] {dag.py:2742} INFO - Sync 1 DAGs
[2024-12-13T17:19:42.337+0000] {logging_mixin.py:150} INFO - [2024-12-13T17:19:42.337+0000] {dag.py:3504} INFO - Setting next_dagrun for load_dag to None, run_after=None
[2024-12-13T17:19:42.350+0000] {processor.py:179} INFO - Processing /workspaces/hands-on-introduction-data-engineering-4395021/airflow/dags/load_dag.py took 0.044 seconds
[2024-12-13T17:20:25.852+0000] {processor.py:157} INFO - Started process (PID=9143) to work on /workspaces/hands-on-introduction-data-engineering-4395021/airflow/dags/load_dag.py
[2024-12-13T17:20:25.853+0000] {processor.py:826} INFO - Processing file /workspaces/hands-on-introduction-data-engineering-4395021/airflow/dags/load_dag.py for tasks to queue
[2024-12-13T17:20:25.853+0000] {logging_mixin.py:150} INFO - [2024-12-13T17:20:25.853+0000] {dagbag.py:541} INFO - Filling up the DagBag from /workspaces/hands-on-introduction-data-engineering-4395021/airflow/dags/load_dag.py
[2024-12-13T17:20:25.857+0000] {processor.py:836} INFO - DAG(s) dict_keys(['load_dag']) retrieved from /workspaces/hands-on-introduction-data-engineering-4395021/airflow/dags/load_dag.py
[2024-12-13T17:20:25.867+0000] {logging_mixin.py:150} INFO - [2024-12-13T17:20:25.867+0000] {dag.py:2742} INFO - Sync 1 DAGs
[2024-12-13T17:20:25.880+0000] {logging_mixin.py:150} INFO - [2024-12-13T17:20:25.880+0000] {dag.py:3504} INFO - Setting next_dagrun for load_dag to None, run_after=None
[2024-12-13T17:20:25.892+0000] {processor.py:179} INFO - Processing /workspaces/hands-on-introduction-data-engineering-4395021/airflow/dags/load_dag.py took 0.042 seconds
[2024-12-13T17:21:05.304+0000] {processor.py:157} INFO - Started process (PID=9597) to work on /workspaces/hands-on-introduction-data-engineering-4395021/airflow/dags/load_dag.py
[2024-12-13T17:21:05.305+0000] {processor.py:826} INFO - Processing file /workspaces/hands-on-introduction-data-engineering-4395021/airflow/dags/load_dag.py for tasks to queue
[2024-12-13T17:21:05.306+0000] {logging_mixin.py:150} INFO - [2024-12-13T17:21:05.305+0000] {dagbag.py:541} INFO - Filling up the DagBag from /workspaces/hands-on-introduction-data-engineering-4395021/airflow/dags/load_dag.py
[2024-12-13T17:21:05.310+0000] {processor.py:836} INFO - DAG(s) dict_keys(['load_dag']) retrieved from /workspaces/hands-on-introduction-data-engineering-4395021/airflow/dags/load_dag.py
[2024-12-13T17:21:05.319+0000] {logging_mixin.py:150} INFO - [2024-12-13T17:21:05.319+0000] {dag.py:2742} INFO - Sync 1 DAGs
[2024-12-13T17:21:05.332+0000] {logging_mixin.py:150} INFO - [2024-12-13T17:21:05.332+0000] {dag.py:3504} INFO - Setting next_dagrun for load_dag to None, run_after=None
[2024-12-13T17:21:05.345+0000] {processor.py:179} INFO - Processing /workspaces/hands-on-introduction-data-engineering-4395021/airflow/dags/load_dag.py took 0.043 seconds
[2024-12-13T17:21:47.408+0000] {processor.py:157} INFO - Started process (PID=9916) to work on /workspaces/hands-on-introduction-data-engineering-4395021/airflow/dags/load_dag.py
[2024-12-13T17:21:47.408+0000] {processor.py:826} INFO - Processing file /workspaces/hands-on-introduction-data-engineering-4395021/airflow/dags/load_dag.py for tasks to queue
[2024-12-13T17:21:47.409+0000] {logging_mixin.py:150} INFO - [2024-12-13T17:21:47.409+0000] {dagbag.py:541} INFO - Filling up the DagBag from /workspaces/hands-on-introduction-data-engineering-4395021/airflow/dags/load_dag.py
[2024-12-13T17:21:47.413+0000] {processor.py:836} INFO - DAG(s) dict_keys(['load_dag']) retrieved from /workspaces/hands-on-introduction-data-engineering-4395021/airflow/dags/load_dag.py
[2024-12-13T17:21:47.423+0000] {logging_mixin.py:150} INFO - [2024-12-13T17:21:47.423+0000] {dag.py:2742} INFO - Sync 1 DAGs
[2024-12-13T17:21:47.435+0000] {logging_mixin.py:150} INFO - [2024-12-13T17:21:47.435+0000] {dag.py:3504} INFO - Setting next_dagrun for load_dag to None, run_after=None
[2024-12-13T17:21:47.448+0000] {processor.py:179} INFO - Processing /workspaces/hands-on-introduction-data-engineering-4395021/airflow/dags/load_dag.py took 0.043 seconds
[2024-12-13T17:22:26.896+0000] {processor.py:157} INFO - Started process (PID=10253) to work on /workspaces/hands-on-introduction-data-engineering-4395021/airflow/dags/load_dag.py
[2024-12-13T17:22:26.896+0000] {processor.py:826} INFO - Processing file /workspaces/hands-on-introduction-data-engineering-4395021/airflow/dags/load_dag.py for tasks to queue
[2024-12-13T17:22:26.897+0000] {logging_mixin.py:150} INFO - [2024-12-13T17:22:26.897+0000] {dagbag.py:541} INFO - Filling up the DagBag from /workspaces/hands-on-introduction-data-engineering-4395021/airflow/dags/load_dag.py
[2024-12-13T17:22:26.901+0000] {processor.py:836} INFO - DAG(s) dict_keys(['load_dag']) retrieved from /workspaces/hands-on-introduction-data-engineering-4395021/airflow/dags/load_dag.py
[2024-12-13T17:22:26.911+0000] {logging_mixin.py:150} INFO - [2024-12-13T17:22:26.911+0000] {dag.py:2742} INFO - Sync 1 DAGs
[2024-12-13T17:22:26.924+0000] {logging_mixin.py:150} INFO - [2024-12-13T17:22:26.924+0000] {dag.py:3504} INFO - Setting next_dagrun for load_dag to None, run_after=None
[2024-12-13T17:22:26.936+0000] {processor.py:179} INFO - Processing /workspaces/hands-on-introduction-data-engineering-4395021/airflow/dags/load_dag.py took 0.043 seconds
[2024-12-13T17:23:04.260+0000] {processor.py:157} INFO - Started process (PID=10535) to work on /workspaces/hands-on-introduction-data-engineering-4395021/airflow/dags/load_dag.py
[2024-12-13T17:23:04.261+0000] {processor.py:826} INFO - Processing file /workspaces/hands-on-introduction-data-engineering-4395021/airflow/dags/load_dag.py for tasks to queue
[2024-12-13T17:23:04.261+0000] {logging_mixin.py:150} INFO - [2024-12-13T17:23:04.261+0000] {dagbag.py:541} INFO - Filling up the DagBag from /workspaces/hands-on-introduction-data-engineering-4395021/airflow/dags/load_dag.py
[2024-12-13T17:23:04.266+0000] {processor.py:836} INFO - DAG(s) dict_keys(['load_dag']) retrieved from /workspaces/hands-on-introduction-data-engineering-4395021/airflow/dags/load_dag.py
[2024-12-13T17:23:04.275+0000] {logging_mixin.py:150} INFO - [2024-12-13T17:23:04.275+0000] {dag.py:2742} INFO - Sync 1 DAGs
[2024-12-13T17:23:04.288+0000] {logging_mixin.py:150} INFO - [2024-12-13T17:23:04.287+0000] {dag.py:3504} INFO - Setting next_dagrun for load_dag to None, run_after=None
[2024-12-13T17:23:04.301+0000] {processor.py:179} INFO - Processing /workspaces/hands-on-introduction-data-engineering-4395021/airflow/dags/load_dag.py took 0.042 seconds
[2024-12-13T17:23:48.110+0000] {processor.py:157} INFO - Started process (PID=10907) to work on /workspaces/hands-on-introduction-data-engineering-4395021/airflow/dags/load_dag.py
[2024-12-13T17:23:48.110+0000] {processor.py:826} INFO - Processing file /workspaces/hands-on-introduction-data-engineering-4395021/airflow/dags/load_dag.py for tasks to queue
[2024-12-13T17:23:48.111+0000] {logging_mixin.py:150} INFO - [2024-12-13T17:23:48.111+0000] {dagbag.py:541} INFO - Filling up the DagBag from /workspaces/hands-on-introduction-data-engineering-4395021/airflow/dags/load_dag.py
[2024-12-13T17:23:48.115+0000] {processor.py:836} INFO - DAG(s) dict_keys(['load_dag']) retrieved from /workspaces/hands-on-introduction-data-engineering-4395021/airflow/dags/load_dag.py
[2024-12-13T17:23:48.125+0000] {logging_mixin.py:150} INFO - [2024-12-13T17:23:48.125+0000] {dag.py:2742} INFO - Sync 1 DAGs
[2024-12-13T17:23:48.137+0000] {logging_mixin.py:150} INFO - [2024-12-13T17:23:48.137+0000] {dag.py:3504} INFO - Setting next_dagrun for load_dag to None, run_after=None
[2024-12-13T17:23:48.151+0000] {processor.py:179} INFO - Processing /workspaces/hands-on-introduction-data-engineering-4395021/airflow/dags/load_dag.py took 0.043 seconds
[2024-12-13T17:24:29.974+0000] {processor.py:157} INFO - Started process (PID=11228) to work on /workspaces/hands-on-introduction-data-engineering-4395021/airflow/dags/load_dag.py
[2024-12-13T17:24:29.975+0000] {processor.py:826} INFO - Processing file /workspaces/hands-on-introduction-data-engineering-4395021/airflow/dags/load_dag.py for tasks to queue
[2024-12-13T17:24:29.975+0000] {logging_mixin.py:150} INFO - [2024-12-13T17:24:29.975+0000] {dagbag.py:541} INFO - Filling up the DagBag from /workspaces/hands-on-introduction-data-engineering-4395021/airflow/dags/load_dag.py
[2024-12-13T17:24:29.980+0000] {processor.py:836} INFO - DAG(s) dict_keys(['load_dag']) retrieved from /workspaces/hands-on-introduction-data-engineering-4395021/airflow/dags/load_dag.py
[2024-12-13T17:24:29.993+0000] {logging_mixin.py:150} INFO - [2024-12-13T17:24:29.993+0000] {dag.py:2742} INFO - Sync 1 DAGs
[2024-12-13T17:24:30.006+0000] {logging_mixin.py:150} INFO - [2024-12-13T17:24:30.006+0000] {dag.py:3504} INFO - Setting next_dagrun for load_dag to None, run_after=None
[2024-12-13T17:24:30.019+0000] {processor.py:179} INFO - Processing /workspaces/hands-on-introduction-data-engineering-4395021/airflow/dags/load_dag.py took 0.047 seconds
[2024-12-13T17:25:10.531+0000] {processor.py:157} INFO - Started process (PID=11547) to work on /workspaces/hands-on-introduction-data-engineering-4395021/airflow/dags/load_dag.py
[2024-12-13T17:25:10.532+0000] {processor.py:826} INFO - Processing file /workspaces/hands-on-introduction-data-engineering-4395021/airflow/dags/load_dag.py for tasks to queue
[2024-12-13T17:25:10.533+0000] {logging_mixin.py:150} INFO - [2024-12-13T17:25:10.532+0000] {dagbag.py:541} INFO - Filling up the DagBag from /workspaces/hands-on-introduction-data-engineering-4395021/airflow/dags/load_dag.py
[2024-12-13T17:25:10.537+0000] {processor.py:836} INFO - DAG(s) dict_keys(['load_dag']) retrieved from /workspaces/hands-on-introduction-data-engineering-4395021/airflow/dags/load_dag.py
[2024-12-13T17:25:10.547+0000] {logging_mixin.py:150} INFO - [2024-12-13T17:25:10.547+0000] {dag.py:2742} INFO - Sync 1 DAGs
[2024-12-13T17:25:10.559+0000] {logging_mixin.py:150} INFO - [2024-12-13T17:25:10.559+0000] {dag.py:3504} INFO - Setting next_dagrun for load_dag to None, run_after=None
[2024-12-13T17:25:10.573+0000] {processor.py:179} INFO - Processing /workspaces/hands-on-introduction-data-engineering-4395021/airflow/dags/load_dag.py took 0.044 seconds
[2024-12-13T17:25:49.193+0000] {processor.py:157} INFO - Started process (PID=11844) to work on /workspaces/hands-on-introduction-data-engineering-4395021/airflow/dags/load_dag.py
[2024-12-13T17:25:49.194+0000] {processor.py:826} INFO - Processing file /workspaces/hands-on-introduction-data-engineering-4395021/airflow/dags/load_dag.py for tasks to queue
[2024-12-13T17:25:49.194+0000] {logging_mixin.py:150} INFO - [2024-12-13T17:25:49.194+0000] {dagbag.py:541} INFO - Filling up the DagBag from /workspaces/hands-on-introduction-data-engineering-4395021/airflow/dags/load_dag.py
[2024-12-13T17:25:49.198+0000] {processor.py:836} INFO - DAG(s) dict_keys(['load_dag']) retrieved from /workspaces/hands-on-introduction-data-engineering-4395021/airflow/dags/load_dag.py
[2024-12-13T17:25:49.208+0000] {logging_mixin.py:150} INFO - [2024-12-13T17:25:49.208+0000] {dag.py:2742} INFO - Sync 1 DAGs
[2024-12-13T17:25:49.221+0000] {logging_mixin.py:150} INFO - [2024-12-13T17:25:49.221+0000] {dag.py:3504} INFO - Setting next_dagrun for load_dag to None, run_after=None
[2024-12-13T17:25:49.234+0000] {processor.py:179} INFO - Processing /workspaces/hands-on-introduction-data-engineering-4395021/airflow/dags/load_dag.py took 0.043 seconds
[2024-12-13T17:26:28.849+0000] {processor.py:157} INFO - Started process (PID=12144) to work on /workspaces/hands-on-introduction-data-engineering-4395021/airflow/dags/load_dag.py
[2024-12-13T17:26:28.849+0000] {processor.py:826} INFO - Processing file /workspaces/hands-on-introduction-data-engineering-4395021/airflow/dags/load_dag.py for tasks to queue
[2024-12-13T17:26:28.850+0000] {logging_mixin.py:150} INFO - [2024-12-13T17:26:28.850+0000] {dagbag.py:541} INFO - Filling up the DagBag from /workspaces/hands-on-introduction-data-engineering-4395021/airflow/dags/load_dag.py
[2024-12-13T17:26:28.854+0000] {processor.py:836} INFO - DAG(s) dict_keys(['load_dag']) retrieved from /workspaces/hands-on-introduction-data-engineering-4395021/airflow/dags/load_dag.py
[2024-12-13T17:26:28.864+0000] {logging_mixin.py:150} INFO - [2024-12-13T17:26:28.864+0000] {dag.py:2742} INFO - Sync 1 DAGs
[2024-12-13T17:26:28.876+0000] {logging_mixin.py:150} INFO - [2024-12-13T17:26:28.876+0000] {dag.py:3504} INFO - Setting next_dagrun for load_dag to None, run_after=None
[2024-12-13T17:26:28.889+0000] {processor.py:179} INFO - Processing /workspaces/hands-on-introduction-data-engineering-4395021/airflow/dags/load_dag.py took 0.042 seconds
[2024-12-13T17:27:10.940+0000] {processor.py:157} INFO - Started process (PID=12572) to work on /workspaces/hands-on-introduction-data-engineering-4395021/airflow/dags/load_dag.py
[2024-12-13T17:27:10.941+0000] {processor.py:826} INFO - Processing file /workspaces/hands-on-introduction-data-engineering-4395021/airflow/dags/load_dag.py for tasks to queue
[2024-12-13T17:27:10.942+0000] {logging_mixin.py:150} INFO - [2024-12-13T17:27:10.941+0000] {dagbag.py:541} INFO - Filling up the DagBag from /workspaces/hands-on-introduction-data-engineering-4395021/airflow/dags/load_dag.py
[2024-12-13T17:27:10.946+0000] {processor.py:836} INFO - DAG(s) dict_keys(['load_dag']) retrieved from /workspaces/hands-on-introduction-data-engineering-4395021/airflow/dags/load_dag.py
[2024-12-13T17:27:10.956+0000] {logging_mixin.py:150} INFO - [2024-12-13T17:27:10.956+0000] {dag.py:2742} INFO - Sync 1 DAGs
[2024-12-13T17:27:10.969+0000] {logging_mixin.py:150} INFO - [2024-12-13T17:27:10.969+0000] {dag.py:3504} INFO - Setting next_dagrun for load_dag to None, run_after=None
[2024-12-13T17:27:10.983+0000] {processor.py:179} INFO - Processing /workspaces/hands-on-introduction-data-engineering-4395021/airflow/dags/load_dag.py took 0.045 seconds
[2024-12-13T17:27:55.939+0000] {processor.py:157} INFO - Started process (PID=12995) to work on /workspaces/hands-on-introduction-data-engineering-4395021/airflow/dags/load_dag.py
[2024-12-13T17:27:55.940+0000] {processor.py:826} INFO - Processing file /workspaces/hands-on-introduction-data-engineering-4395021/airflow/dags/load_dag.py for tasks to queue
[2024-12-13T17:27:55.941+0000] {logging_mixin.py:150} INFO - [2024-12-13T17:27:55.940+0000] {dagbag.py:541} INFO - Filling up the DagBag from /workspaces/hands-on-introduction-data-engineering-4395021/airflow/dags/load_dag.py
[2024-12-13T17:27:55.945+0000] {processor.py:836} INFO - DAG(s) dict_keys(['load_dag']) retrieved from /workspaces/hands-on-introduction-data-engineering-4395021/airflow/dags/load_dag.py
[2024-12-13T17:27:55.955+0000] {logging_mixin.py:150} INFO - [2024-12-13T17:27:55.954+0000] {dag.py:2742} INFO - Sync 1 DAGs
[2024-12-13T17:27:55.967+0000] {logging_mixin.py:150} INFO - [2024-12-13T17:27:55.967+0000] {dag.py:3504} INFO - Setting next_dagrun for load_dag to None, run_after=None
[2024-12-13T17:27:55.981+0000] {processor.py:179} INFO - Processing /workspaces/hands-on-introduction-data-engineering-4395021/airflow/dags/load_dag.py took 0.044 seconds
[2024-12-13T17:28:33.866+0000] {processor.py:157} INFO - Started process (PID=13256) to work on /workspaces/hands-on-introduction-data-engineering-4395021/airflow/dags/load_dag.py
[2024-12-13T17:28:33.866+0000] {processor.py:826} INFO - Processing file /workspaces/hands-on-introduction-data-engineering-4395021/airflow/dags/load_dag.py for tasks to queue
[2024-12-13T17:28:33.867+0000] {logging_mixin.py:150} INFO - [2024-12-13T17:28:33.867+0000] {dagbag.py:541} INFO - Filling up the DagBag from /workspaces/hands-on-introduction-data-engineering-4395021/airflow/dags/load_dag.py
[2024-12-13T17:28:33.871+0000] {processor.py:836} INFO - DAG(s) dict_keys(['load_dag']) retrieved from /workspaces/hands-on-introduction-data-engineering-4395021/airflow/dags/load_dag.py
[2024-12-13T17:28:33.881+0000] {logging_mixin.py:150} INFO - [2024-12-13T17:28:33.881+0000] {dag.py:2742} INFO - Sync 1 DAGs
[2024-12-13T17:28:33.893+0000] {logging_mixin.py:150} INFO - [2024-12-13T17:28:33.893+0000] {dag.py:3504} INFO - Setting next_dagrun for load_dag to None, run_after=None
[2024-12-13T17:28:33.907+0000] {processor.py:179} INFO - Processing /workspaces/hands-on-introduction-data-engineering-4395021/airflow/dags/load_dag.py took 0.043 seconds
[2024-12-13T17:29:13.644+0000] {processor.py:157} INFO - Started process (PID=13656) to work on /workspaces/hands-on-introduction-data-engineering-4395021/airflow/dags/load_dag.py
[2024-12-13T17:29:13.644+0000] {processor.py:826} INFO - Processing file /workspaces/hands-on-introduction-data-engineering-4395021/airflow/dags/load_dag.py for tasks to queue
[2024-12-13T17:29:13.645+0000] {logging_mixin.py:150} INFO - [2024-12-13T17:29:13.645+0000] {dagbag.py:541} INFO - Filling up the DagBag from /workspaces/hands-on-introduction-data-engineering-4395021/airflow/dags/load_dag.py
[2024-12-13T17:29:13.649+0000] {processor.py:836} INFO - DAG(s) dict_keys(['load_dag']) retrieved from /workspaces/hands-on-introduction-data-engineering-4395021/airflow/dags/load_dag.py
[2024-12-13T17:29:13.659+0000] {logging_mixin.py:150} INFO - [2024-12-13T17:29:13.659+0000] {dag.py:2742} INFO - Sync 1 DAGs
[2024-12-13T17:29:13.671+0000] {logging_mixin.py:150} INFO - [2024-12-13T17:29:13.671+0000] {dag.py:3504} INFO - Setting next_dagrun for load_dag to None, run_after=None
[2024-12-13T17:29:13.685+0000] {processor.py:179} INFO - Processing /workspaces/hands-on-introduction-data-engineering-4395021/airflow/dags/load_dag.py took 0.043 seconds
[2024-12-13T17:29:51.202+0000] {processor.py:157} INFO - Started process (PID=13996) to work on /workspaces/hands-on-introduction-data-engineering-4395021/airflow/dags/load_dag.py
[2024-12-13T17:29:51.203+0000] {processor.py:826} INFO - Processing file /workspaces/hands-on-introduction-data-engineering-4395021/airflow/dags/load_dag.py for tasks to queue
[2024-12-13T17:29:51.204+0000] {logging_mixin.py:150} INFO - [2024-12-13T17:29:51.203+0000] {dagbag.py:541} INFO - Filling up the DagBag from /workspaces/hands-on-introduction-data-engineering-4395021/airflow/dags/load_dag.py
[2024-12-13T17:29:51.208+0000] {processor.py:836} INFO - DAG(s) dict_keys(['load_dag']) retrieved from /workspaces/hands-on-introduction-data-engineering-4395021/airflow/dags/load_dag.py
[2024-12-13T17:29:51.218+0000] {logging_mixin.py:150} INFO - [2024-12-13T17:29:51.218+0000] {dag.py:2742} INFO - Sync 1 DAGs
[2024-12-13T17:29:51.230+0000] {logging_mixin.py:150} INFO - [2024-12-13T17:29:51.230+0000] {dag.py:3504} INFO - Setting next_dagrun for load_dag to None, run_after=None
[2024-12-13T17:29:51.243+0000] {processor.py:179} INFO - Processing /workspaces/hands-on-introduction-data-engineering-4395021/airflow/dags/load_dag.py took 0.043 seconds
[2024-12-13T17:30:30.899+0000] {processor.py:157} INFO - Started process (PID=14326) to work on /workspaces/hands-on-introduction-data-engineering-4395021/airflow/dags/load_dag.py
[2024-12-13T17:30:30.899+0000] {processor.py:826} INFO - Processing file /workspaces/hands-on-introduction-data-engineering-4395021/airflow/dags/load_dag.py for tasks to queue
[2024-12-13T17:30:30.900+0000] {logging_mixin.py:150} INFO - [2024-12-13T17:30:30.900+0000] {dagbag.py:541} INFO - Filling up the DagBag from /workspaces/hands-on-introduction-data-engineering-4395021/airflow/dags/load_dag.py
[2024-12-13T17:30:30.904+0000] {processor.py:836} INFO - DAG(s) dict_keys(['load_dag']) retrieved from /workspaces/hands-on-introduction-data-engineering-4395021/airflow/dags/load_dag.py
[2024-12-13T17:30:30.914+0000] {logging_mixin.py:150} INFO - [2024-12-13T17:30:30.914+0000] {dag.py:2742} INFO - Sync 1 DAGs
[2024-12-13T17:30:30.926+0000] {logging_mixin.py:150} INFO - [2024-12-13T17:30:30.926+0000] {dag.py:3504} INFO - Setting next_dagrun for load_dag to None, run_after=None
[2024-12-13T17:30:30.940+0000] {processor.py:179} INFO - Processing /workspaces/hands-on-introduction-data-engineering-4395021/airflow/dags/load_dag.py took 0.043 seconds
[2024-12-13T17:31:14.329+0000] {processor.py:157} INFO - Started process (PID=14654) to work on /workspaces/hands-on-introduction-data-engineering-4395021/airflow/dags/load_dag.py
[2024-12-13T17:31:14.330+0000] {processor.py:826} INFO - Processing file /workspaces/hands-on-introduction-data-engineering-4395021/airflow/dags/load_dag.py for tasks to queue
[2024-12-13T17:31:14.331+0000] {logging_mixin.py:150} INFO - [2024-12-13T17:31:14.330+0000] {dagbag.py:541} INFO - Filling up the DagBag from /workspaces/hands-on-introduction-data-engineering-4395021/airflow/dags/load_dag.py
[2024-12-13T17:31:14.335+0000] {processor.py:836} INFO - DAG(s) dict_keys(['load_dag']) retrieved from /workspaces/hands-on-introduction-data-engineering-4395021/airflow/dags/load_dag.py
[2024-12-13T17:31:14.344+0000] {logging_mixin.py:150} INFO - [2024-12-13T17:31:14.344+0000] {dag.py:2742} INFO - Sync 1 DAGs
[2024-12-13T17:31:14.357+0000] {logging_mixin.py:150} INFO - [2024-12-13T17:31:14.357+0000] {dag.py:3504} INFO - Setting next_dagrun for load_dag to None, run_after=None
[2024-12-13T17:31:14.370+0000] {processor.py:179} INFO - Processing /workspaces/hands-on-introduction-data-engineering-4395021/airflow/dags/load_dag.py took 0.043 seconds
[2024-12-13T17:31:54.895+0000] {processor.py:157} INFO - Started process (PID=14991) to work on /workspaces/hands-on-introduction-data-engineering-4395021/airflow/dags/load_dag.py
[2024-12-13T17:31:54.895+0000] {processor.py:826} INFO - Processing file /workspaces/hands-on-introduction-data-engineering-4395021/airflow/dags/load_dag.py for tasks to queue
[2024-12-13T17:31:54.896+0000] {logging_mixin.py:150} INFO - [2024-12-13T17:31:54.896+0000] {dagbag.py:541} INFO - Filling up the DagBag from /workspaces/hands-on-introduction-data-engineering-4395021/airflow/dags/load_dag.py
[2024-12-13T17:31:54.900+0000] {processor.py:836} INFO - DAG(s) dict_keys(['load_dag']) retrieved from /workspaces/hands-on-introduction-data-engineering-4395021/airflow/dags/load_dag.py
[2024-12-13T17:31:54.910+0000] {logging_mixin.py:150} INFO - [2024-12-13T17:31:54.910+0000] {dag.py:2742} INFO - Sync 1 DAGs
[2024-12-13T17:31:54.923+0000] {logging_mixin.py:150} INFO - [2024-12-13T17:31:54.923+0000] {dag.py:3504} INFO - Setting next_dagrun for load_dag to None, run_after=None
[2024-12-13T17:31:54.936+0000] {processor.py:179} INFO - Processing /workspaces/hands-on-introduction-data-engineering-4395021/airflow/dags/load_dag.py took 0.044 seconds
[2024-12-13T17:32:34.607+0000] {processor.py:157} INFO - Started process (PID=15336) to work on /workspaces/hands-on-introduction-data-engineering-4395021/airflow/dags/load_dag.py
[2024-12-13T17:32:34.608+0000] {processor.py:826} INFO - Processing file /workspaces/hands-on-introduction-data-engineering-4395021/airflow/dags/load_dag.py for tasks to queue
[2024-12-13T17:32:34.608+0000] {logging_mixin.py:150} INFO - [2024-12-13T17:32:34.608+0000] {dagbag.py:541} INFO - Filling up the DagBag from /workspaces/hands-on-introduction-data-engineering-4395021/airflow/dags/load_dag.py
[2024-12-13T17:32:34.613+0000] {processor.py:836} INFO - DAG(s) dict_keys(['load_dag']) retrieved from /workspaces/hands-on-introduction-data-engineering-4395021/airflow/dags/load_dag.py
[2024-12-13T17:32:34.622+0000] {logging_mixin.py:150} INFO - [2024-12-13T17:32:34.622+0000] {dag.py:2742} INFO - Sync 1 DAGs
[2024-12-13T17:32:34.635+0000] {logging_mixin.py:150} INFO - [2024-12-13T17:32:34.635+0000] {dag.py:3504} INFO - Setting next_dagrun for load_dag to None, run_after=None
[2024-12-13T17:32:34.648+0000] {processor.py:179} INFO - Processing /workspaces/hands-on-introduction-data-engineering-4395021/airflow/dags/load_dag.py took 0.043 seconds
[2024-12-13T17:33:14.851+0000] {processor.py:157} INFO - Started process (PID=15606) to work on /workspaces/hands-on-introduction-data-engineering-4395021/airflow/dags/load_dag.py
[2024-12-13T17:33:14.852+0000] {processor.py:826} INFO - Processing file /workspaces/hands-on-introduction-data-engineering-4395021/airflow/dags/load_dag.py for tasks to queue
[2024-12-13T17:33:14.853+0000] {logging_mixin.py:150} INFO - [2024-12-13T17:33:14.852+0000] {dagbag.py:541} INFO - Filling up the DagBag from /workspaces/hands-on-introduction-data-engineering-4395021/airflow/dags/load_dag.py
[2024-12-13T17:33:14.857+0000] {processor.py:836} INFO - DAG(s) dict_keys(['load_dag']) retrieved from /workspaces/hands-on-introduction-data-engineering-4395021/airflow/dags/load_dag.py
[2024-12-13T17:33:14.867+0000] {logging_mixin.py:150} INFO - [2024-12-13T17:33:14.866+0000] {dag.py:2742} INFO - Sync 1 DAGs
[2024-12-13T17:33:14.880+0000] {logging_mixin.py:150} INFO - [2024-12-13T17:33:14.880+0000] {dag.py:3504} INFO - Setting next_dagrun for load_dag to None, run_after=None
[2024-12-13T17:33:14.893+0000] {processor.py:179} INFO - Processing /workspaces/hands-on-introduction-data-engineering-4395021/airflow/dags/load_dag.py took 0.043 seconds
[2024-12-13T17:33:57.933+0000] {processor.py:157} INFO - Started process (PID=15992) to work on /workspaces/hands-on-introduction-data-engineering-4395021/airflow/dags/load_dag.py
[2024-12-13T17:33:57.933+0000] {processor.py:826} INFO - Processing file /workspaces/hands-on-introduction-data-engineering-4395021/airflow/dags/load_dag.py for tasks to queue
[2024-12-13T17:33:57.934+0000] {logging_mixin.py:150} INFO - [2024-12-13T17:33:57.934+0000] {dagbag.py:541} INFO - Filling up the DagBag from /workspaces/hands-on-introduction-data-engineering-4395021/airflow/dags/load_dag.py
[2024-12-13T17:33:57.938+0000] {processor.py:836} INFO - DAG(s) dict_keys(['load_dag']) retrieved from /workspaces/hands-on-introduction-data-engineering-4395021/airflow/dags/load_dag.py
[2024-12-13T17:33:57.948+0000] {logging_mixin.py:150} INFO - [2024-12-13T17:33:57.948+0000] {dag.py:2742} INFO - Sync 1 DAGs
[2024-12-13T17:33:57.961+0000] {logging_mixin.py:150} INFO - [2024-12-13T17:33:57.961+0000] {dag.py:3504} INFO - Setting next_dagrun for load_dag to None, run_after=None
[2024-12-13T17:33:57.974+0000] {processor.py:179} INFO - Processing /workspaces/hands-on-introduction-data-engineering-4395021/airflow/dags/load_dag.py took 0.043 seconds
[2024-12-13T17:34:38.354+0000] {processor.py:157} INFO - Started process (PID=16277) to work on /workspaces/hands-on-introduction-data-engineering-4395021/airflow/dags/load_dag.py
[2024-12-13T17:34:38.355+0000] {processor.py:826} INFO - Processing file /workspaces/hands-on-introduction-data-engineering-4395021/airflow/dags/load_dag.py for tasks to queue
[2024-12-13T17:34:38.355+0000] {logging_mixin.py:150} INFO - [2024-12-13T17:34:38.355+0000] {dagbag.py:541} INFO - Filling up the DagBag from /workspaces/hands-on-introduction-data-engineering-4395021/airflow/dags/load_dag.py
[2024-12-13T17:34:38.360+0000] {processor.py:836} INFO - DAG(s) dict_keys(['load_dag']) retrieved from /workspaces/hands-on-introduction-data-engineering-4395021/airflow/dags/load_dag.py
[2024-12-13T17:34:38.369+0000] {logging_mixin.py:150} INFO - [2024-12-13T17:34:38.369+0000] {dag.py:2742} INFO - Sync 1 DAGs
[2024-12-13T17:34:38.382+0000] {logging_mixin.py:150} INFO - [2024-12-13T17:34:38.382+0000] {dag.py:3504} INFO - Setting next_dagrun for load_dag to None, run_after=None
[2024-12-13T17:34:38.395+0000] {processor.py:179} INFO - Processing /workspaces/hands-on-introduction-data-engineering-4395021/airflow/dags/load_dag.py took 0.043 seconds
[2024-12-13T17:35:17.756+0000] {processor.py:157} INFO - Started process (PID=16554) to work on /workspaces/hands-on-introduction-data-engineering-4395021/airflow/dags/load_dag.py
[2024-12-13T17:35:17.757+0000] {processor.py:826} INFO - Processing file /workspaces/hands-on-introduction-data-engineering-4395021/airflow/dags/load_dag.py for tasks to queue
[2024-12-13T17:35:17.758+0000] {logging_mixin.py:150} INFO - [2024-12-13T17:35:17.757+0000] {dagbag.py:541} INFO - Filling up the DagBag from /workspaces/hands-on-introduction-data-engineering-4395021/airflow/dags/load_dag.py
[2024-12-13T17:35:17.762+0000] {processor.py:836} INFO - DAG(s) dict_keys(['load_dag']) retrieved from /workspaces/hands-on-introduction-data-engineering-4395021/airflow/dags/load_dag.py
[2024-12-13T17:35:17.772+0000] {logging_mixin.py:150} INFO - [2024-12-13T17:35:17.772+0000] {dag.py:2742} INFO - Sync 1 DAGs
[2024-12-13T17:35:17.784+0000] {logging_mixin.py:150} INFO - [2024-12-13T17:35:17.784+0000] {dag.py:3504} INFO - Setting next_dagrun for load_dag to None, run_after=None
[2024-12-13T17:35:17.798+0000] {processor.py:179} INFO - Processing /workspaces/hands-on-introduction-data-engineering-4395021/airflow/dags/load_dag.py took 0.044 seconds
[2024-12-13T17:35:58.174+0000] {processor.py:157} INFO - Started process (PID=16887) to work on /workspaces/hands-on-introduction-data-engineering-4395021/airflow/dags/load_dag.py
[2024-12-13T17:35:58.175+0000] {processor.py:826} INFO - Processing file /workspaces/hands-on-introduction-data-engineering-4395021/airflow/dags/load_dag.py for tasks to queue
[2024-12-13T17:35:58.175+0000] {logging_mixin.py:150} INFO - [2024-12-13T17:35:58.175+0000] {dagbag.py:541} INFO - Filling up the DagBag from /workspaces/hands-on-introduction-data-engineering-4395021/airflow/dags/load_dag.py
[2024-12-13T17:35:58.180+0000] {processor.py:836} INFO - DAG(s) dict_keys(['load_dag']) retrieved from /workspaces/hands-on-introduction-data-engineering-4395021/airflow/dags/load_dag.py
[2024-12-13T17:35:58.189+0000] {logging_mixin.py:150} INFO - [2024-12-13T17:35:58.189+0000] {dag.py:2742} INFO - Sync 1 DAGs
[2024-12-13T17:35:58.202+0000] {logging_mixin.py:150} INFO - [2024-12-13T17:35:58.202+0000] {dag.py:3504} INFO - Setting next_dagrun for load_dag to None, run_after=None
[2024-12-13T17:35:58.216+0000] {processor.py:179} INFO - Processing /workspaces/hands-on-introduction-data-engineering-4395021/airflow/dags/load_dag.py took 0.044 seconds
[2024-12-13T17:36:41.733+0000] {processor.py:157} INFO - Started process (PID=17203) to work on /workspaces/hands-on-introduction-data-engineering-4395021/airflow/dags/load_dag.py
[2024-12-13T17:36:41.734+0000] {processor.py:826} INFO - Processing file /workspaces/hands-on-introduction-data-engineering-4395021/airflow/dags/load_dag.py for tasks to queue
[2024-12-13T17:36:41.735+0000] {logging_mixin.py:150} INFO - [2024-12-13T17:36:41.735+0000] {dagbag.py:541} INFO - Filling up the DagBag from /workspaces/hands-on-introduction-data-engineering-4395021/airflow/dags/load_dag.py
[2024-12-13T17:36:41.741+0000] {processor.py:836} INFO - DAG(s) dict_keys(['load_dag']) retrieved from /workspaces/hands-on-introduction-data-engineering-4395021/airflow/dags/load_dag.py
[2024-12-13T17:36:41.753+0000] {logging_mixin.py:150} INFO - [2024-12-13T17:36:41.753+0000] {dag.py:2742} INFO - Sync 1 DAGs
[2024-12-13T17:36:41.766+0000] {logging_mixin.py:150} INFO - [2024-12-13T17:36:41.766+0000] {dag.py:3504} INFO - Setting next_dagrun for load_dag to None, run_after=None
[2024-12-13T17:36:41.784+0000] {processor.py:179} INFO - Processing /workspaces/hands-on-introduction-data-engineering-4395021/airflow/dags/load_dag.py took 0.054 seconds
[2024-12-13T17:37:21.668+0000] {processor.py:157} INFO - Started process (PID=17514) to work on /workspaces/hands-on-introduction-data-engineering-4395021/airflow/dags/load_dag.py
[2024-12-13T17:37:21.668+0000] {processor.py:826} INFO - Processing file /workspaces/hands-on-introduction-data-engineering-4395021/airflow/dags/load_dag.py for tasks to queue
[2024-12-13T17:37:21.669+0000] {logging_mixin.py:150} INFO - [2024-12-13T17:37:21.669+0000] {dagbag.py:541} INFO - Filling up the DagBag from /workspaces/hands-on-introduction-data-engineering-4395021/airflow/dags/load_dag.py
[2024-12-13T17:37:21.673+0000] {processor.py:836} INFO - DAG(s) dict_keys(['load_dag']) retrieved from /workspaces/hands-on-introduction-data-engineering-4395021/airflow/dags/load_dag.py
[2024-12-13T17:37:21.683+0000] {logging_mixin.py:150} INFO - [2024-12-13T17:37:21.683+0000] {dag.py:2742} INFO - Sync 1 DAGs
[2024-12-13T17:37:21.696+0000] {logging_mixin.py:150} INFO - [2024-12-13T17:37:21.696+0000] {dag.py:3504} INFO - Setting next_dagrun for load_dag to None, run_after=None
[2024-12-13T17:37:21.710+0000] {processor.py:179} INFO - Processing /workspaces/hands-on-introduction-data-engineering-4395021/airflow/dags/load_dag.py took 0.044 seconds
[2024-12-13T17:38:01.821+0000] {processor.py:157} INFO - Started process (PID=17789) to work on /workspaces/hands-on-introduction-data-engineering-4395021/airflow/dags/load_dag.py
[2024-12-13T17:38:01.822+0000] {processor.py:826} INFO - Processing file /workspaces/hands-on-introduction-data-engineering-4395021/airflow/dags/load_dag.py for tasks to queue
[2024-12-13T17:38:01.823+0000] {logging_mixin.py:150} INFO - [2024-12-13T17:38:01.822+0000] {dagbag.py:541} INFO - Filling up the DagBag from /workspaces/hands-on-introduction-data-engineering-4395021/airflow/dags/load_dag.py
[2024-12-13T17:38:01.827+0000] {processor.py:836} INFO - DAG(s) dict_keys(['load_dag']) retrieved from /workspaces/hands-on-introduction-data-engineering-4395021/airflow/dags/load_dag.py
[2024-12-13T17:38:01.836+0000] {logging_mixin.py:150} INFO - [2024-12-13T17:38:01.836+0000] {dag.py:2742} INFO - Sync 1 DAGs
[2024-12-13T17:38:01.849+0000] {logging_mixin.py:150} INFO - [2024-12-13T17:38:01.849+0000] {dag.py:3504} INFO - Setting next_dagrun for load_dag to None, run_after=None
[2024-12-13T17:38:01.863+0000] {processor.py:179} INFO - Processing /workspaces/hands-on-introduction-data-engineering-4395021/airflow/dags/load_dag.py took 0.043 seconds
[2024-12-13T17:38:40.684+0000] {processor.py:157} INFO - Started process (PID=18079) to work on /workspaces/hands-on-introduction-data-engineering-4395021/airflow/dags/load_dag.py
[2024-12-13T17:38:40.685+0000] {processor.py:826} INFO - Processing file /workspaces/hands-on-introduction-data-engineering-4395021/airflow/dags/load_dag.py for tasks to queue
[2024-12-13T17:38:40.685+0000] {logging_mixin.py:150} INFO - [2024-12-13T17:38:40.685+0000] {dagbag.py:541} INFO - Filling up the DagBag from /workspaces/hands-on-introduction-data-engineering-4395021/airflow/dags/load_dag.py
[2024-12-13T17:38:40.690+0000] {processor.py:836} INFO - DAG(s) dict_keys(['load_dag']) retrieved from /workspaces/hands-on-introduction-data-engineering-4395021/airflow/dags/load_dag.py
[2024-12-13T17:38:40.699+0000] {logging_mixin.py:150} INFO - [2024-12-13T17:38:40.699+0000] {dag.py:2742} INFO - Sync 1 DAGs
[2024-12-13T17:38:40.713+0000] {logging_mixin.py:150} INFO - [2024-12-13T17:38:40.713+0000] {dag.py:3504} INFO - Setting next_dagrun for load_dag to None, run_after=None
[2024-12-13T17:38:40.726+0000] {processor.py:179} INFO - Processing /workspaces/hands-on-introduction-data-engineering-4395021/airflow/dags/load_dag.py took 0.044 seconds
[2024-12-13T17:39:17.599+0000] {processor.py:157} INFO - Started process (PID=18333) to work on /workspaces/hands-on-introduction-data-engineering-4395021/airflow/dags/load_dag.py
[2024-12-13T17:39:17.600+0000] {processor.py:826} INFO - Processing file /workspaces/hands-on-introduction-data-engineering-4395021/airflow/dags/load_dag.py for tasks to queue
[2024-12-13T17:39:17.601+0000] {logging_mixin.py:150} INFO - [2024-12-13T17:39:17.600+0000] {dagbag.py:541} INFO - Filling up the DagBag from /workspaces/hands-on-introduction-data-engineering-4395021/airflow/dags/load_dag.py
[2024-12-13T17:39:17.605+0000] {processor.py:836} INFO - DAG(s) dict_keys(['load_dag']) retrieved from /workspaces/hands-on-introduction-data-engineering-4395021/airflow/dags/load_dag.py
[2024-12-13T17:39:17.615+0000] {logging_mixin.py:150} INFO - [2024-12-13T17:39:17.615+0000] {dag.py:2742} INFO - Sync 1 DAGs
[2024-12-13T17:39:17.627+0000] {logging_mixin.py:150} INFO - [2024-12-13T17:39:17.627+0000] {dag.py:3504} INFO - Setting next_dagrun for load_dag to None, run_after=None
[2024-12-13T17:39:17.640+0000] {processor.py:179} INFO - Processing /workspaces/hands-on-introduction-data-engineering-4395021/airflow/dags/load_dag.py took 0.043 seconds
[2024-12-13T17:39:36.417+0000] {processor.py:157} INFO - Started process (PID=18477) to work on /workspaces/hands-on-introduction-data-engineering-4395021/airflow/dags/load_dag.py
[2024-12-13T17:39:36.417+0000] {processor.py:826} INFO - Processing file /workspaces/hands-on-introduction-data-engineering-4395021/airflow/dags/load_dag.py for tasks to queue
[2024-12-13T17:39:36.418+0000] {logging_mixin.py:150} INFO - [2024-12-13T17:39:36.418+0000] {dagbag.py:541} INFO - Filling up the DagBag from /workspaces/hands-on-introduction-data-engineering-4395021/airflow/dags/load_dag.py
[2024-12-13T17:39:36.423+0000] {processor.py:836} INFO - DAG(s) dict_keys(['load_dag']) retrieved from /workspaces/hands-on-introduction-data-engineering-4395021/airflow/dags/load_dag.py
[2024-12-13T17:39:36.485+0000] {logging_mixin.py:150} INFO - [2024-12-13T17:39:36.485+0000] {dag.py:2742} INFO - Sync 1 DAGs
[2024-12-13T17:39:36.497+0000] {logging_mixin.py:150} INFO - [2024-12-13T17:39:36.497+0000] {dag.py:3504} INFO - Setting next_dagrun for load_dag to None, run_after=None
[2024-12-13T17:39:36.511+0000] {processor.py:179} INFO - Processing /workspaces/hands-on-introduction-data-engineering-4395021/airflow/dags/load_dag.py took 0.096 seconds
[2024-12-13T17:40:16.697+0000] {processor.py:157} INFO - Started process (PID=18759) to work on /workspaces/hands-on-introduction-data-engineering-4395021/airflow/dags/load_dag.py
[2024-12-13T17:40:16.698+0000] {processor.py:826} INFO - Processing file /workspaces/hands-on-introduction-data-engineering-4395021/airflow/dags/load_dag.py for tasks to queue
[2024-12-13T17:40:16.698+0000] {logging_mixin.py:150} INFO - [2024-12-13T17:40:16.698+0000] {dagbag.py:541} INFO - Filling up the DagBag from /workspaces/hands-on-introduction-data-engineering-4395021/airflow/dags/load_dag.py
[2024-12-13T17:40:16.703+0000] {processor.py:836} INFO - DAG(s) dict_keys(['load_dag']) retrieved from /workspaces/hands-on-introduction-data-engineering-4395021/airflow/dags/load_dag.py
[2024-12-13T17:40:16.712+0000] {logging_mixin.py:150} INFO - [2024-12-13T17:40:16.712+0000] {dag.py:2742} INFO - Sync 1 DAGs
[2024-12-13T17:40:16.725+0000] {logging_mixin.py:150} INFO - [2024-12-13T17:40:16.725+0000] {dag.py:3504} INFO - Setting next_dagrun for load_dag to None, run_after=None
[2024-12-13T17:40:16.739+0000] {processor.py:179} INFO - Processing /workspaces/hands-on-introduction-data-engineering-4395021/airflow/dags/load_dag.py took 0.044 seconds
[2024-12-13T17:40:55.522+0000] {processor.py:157} INFO - Started process (PID=19085) to work on /workspaces/hands-on-introduction-data-engineering-4395021/airflow/dags/load_dag.py
[2024-12-13T17:40:55.522+0000] {processor.py:826} INFO - Processing file /workspaces/hands-on-introduction-data-engineering-4395021/airflow/dags/load_dag.py for tasks to queue
[2024-12-13T17:40:55.523+0000] {logging_mixin.py:150} INFO - [2024-12-13T17:40:55.523+0000] {dagbag.py:541} INFO - Filling up the DagBag from /workspaces/hands-on-introduction-data-engineering-4395021/airflow/dags/load_dag.py
[2024-12-13T17:40:55.528+0000] {processor.py:836} INFO - DAG(s) dict_keys(['load_dag']) retrieved from /workspaces/hands-on-introduction-data-engineering-4395021/airflow/dags/load_dag.py
[2024-12-13T17:40:55.538+0000] {logging_mixin.py:150} INFO - [2024-12-13T17:40:55.538+0000] {dag.py:2742} INFO - Sync 1 DAGs
[2024-12-13T17:40:55.551+0000] {logging_mixin.py:150} INFO - [2024-12-13T17:40:55.550+0000] {dag.py:3504} INFO - Setting next_dagrun for load_dag to None, run_after=None
[2024-12-13T17:40:55.564+0000] {processor.py:179} INFO - Processing /workspaces/hands-on-introduction-data-engineering-4395021/airflow/dags/load_dag.py took 0.045 seconds
[2024-12-13T17:41:36.356+0000] {processor.py:157} INFO - Started process (PID=19377) to work on /workspaces/hands-on-introduction-data-engineering-4395021/airflow/dags/load_dag.py
[2024-12-13T17:41:36.357+0000] {processor.py:826} INFO - Processing file /workspaces/hands-on-introduction-data-engineering-4395021/airflow/dags/load_dag.py for tasks to queue
[2024-12-13T17:41:36.357+0000] {logging_mixin.py:150} INFO - [2024-12-13T17:41:36.357+0000] {dagbag.py:541} INFO - Filling up the DagBag from /workspaces/hands-on-introduction-data-engineering-4395021/airflow/dags/load_dag.py
[2024-12-13T17:41:36.361+0000] {processor.py:836} INFO - DAG(s) dict_keys(['load_dag']) retrieved from /workspaces/hands-on-introduction-data-engineering-4395021/airflow/dags/load_dag.py
[2024-12-13T17:41:36.374+0000] {logging_mixin.py:150} INFO - [2024-12-13T17:41:36.374+0000] {dag.py:2742} INFO - Sync 1 DAGs
[2024-12-13T17:41:36.386+0000] {logging_mixin.py:150} INFO - [2024-12-13T17:41:36.386+0000] {dag.py:3504} INFO - Setting next_dagrun for load_dag to None, run_after=None
[2024-12-13T17:41:36.400+0000] {processor.py:179} INFO - Processing /workspaces/hands-on-introduction-data-engineering-4395021/airflow/dags/load_dag.py took 0.046 seconds
[2024-12-13T17:42:15.864+0000] {processor.py:157} INFO - Started process (PID=19754) to work on /workspaces/hands-on-introduction-data-engineering-4395021/airflow/dags/load_dag.py
[2024-12-13T17:42:15.865+0000] {processor.py:826} INFO - Processing file /workspaces/hands-on-introduction-data-engineering-4395021/airflow/dags/load_dag.py for tasks to queue
[2024-12-13T17:42:15.866+0000] {logging_mixin.py:150} INFO - [2024-12-13T17:42:15.865+0000] {dagbag.py:541} INFO - Filling up the DagBag from /workspaces/hands-on-introduction-data-engineering-4395021/airflow/dags/load_dag.py
[2024-12-13T17:42:15.870+0000] {processor.py:836} INFO - DAG(s) dict_keys(['load_dag']) retrieved from /workspaces/hands-on-introduction-data-engineering-4395021/airflow/dags/load_dag.py
[2024-12-13T17:42:15.880+0000] {logging_mixin.py:150} INFO - [2024-12-13T17:42:15.879+0000] {dag.py:2742} INFO - Sync 1 DAGs
[2024-12-13T17:42:15.892+0000] {logging_mixin.py:150} INFO - [2024-12-13T17:42:15.892+0000] {dag.py:3504} INFO - Setting next_dagrun for load_dag to None, run_after=None
[2024-12-13T17:42:15.906+0000] {processor.py:179} INFO - Processing /workspaces/hands-on-introduction-data-engineering-4395021/airflow/dags/load_dag.py took 0.044 seconds
[2024-12-13T17:42:56.393+0000] {processor.py:157} INFO - Started process (PID=20040) to work on /workspaces/hands-on-introduction-data-engineering-4395021/airflow/dags/load_dag.py
[2024-12-13T17:42:56.393+0000] {processor.py:826} INFO - Processing file /workspaces/hands-on-introduction-data-engineering-4395021/airflow/dags/load_dag.py for tasks to queue
[2024-12-13T17:42:56.394+0000] {logging_mixin.py:150} INFO - [2024-12-13T17:42:56.394+0000] {dagbag.py:541} INFO - Filling up the DagBag from /workspaces/hands-on-introduction-data-engineering-4395021/airflow/dags/load_dag.py
[2024-12-13T17:42:56.398+0000] {processor.py:836} INFO - DAG(s) dict_keys(['load_dag']) retrieved from /workspaces/hands-on-introduction-data-engineering-4395021/airflow/dags/load_dag.py
[2024-12-13T17:42:56.408+0000] {logging_mixin.py:150} INFO - [2024-12-13T17:42:56.408+0000] {dag.py:2742} INFO - Sync 1 DAGs
[2024-12-13T17:42:56.420+0000] {logging_mixin.py:150} INFO - [2024-12-13T17:42:56.420+0000] {dag.py:3504} INFO - Setting next_dagrun for load_dag to None, run_after=None
[2024-12-13T17:42:56.434+0000] {processor.py:179} INFO - Processing /workspaces/hands-on-introduction-data-engineering-4395021/airflow/dags/load_dag.py took 0.043 seconds
[2024-12-13T17:43:34.626+0000] {processor.py:157} INFO - Started process (PID=20515) to work on /workspaces/hands-on-introduction-data-engineering-4395021/airflow/dags/load_dag.py
[2024-12-13T17:43:34.626+0000] {processor.py:826} INFO - Processing file /workspaces/hands-on-introduction-data-engineering-4395021/airflow/dags/load_dag.py for tasks to queue
[2024-12-13T17:43:34.627+0000] {logging_mixin.py:150} INFO - [2024-12-13T17:43:34.627+0000] {dagbag.py:541} INFO - Filling up the DagBag from /workspaces/hands-on-introduction-data-engineering-4395021/airflow/dags/load_dag.py
[2024-12-13T17:43:34.632+0000] {processor.py:836} INFO - DAG(s) dict_keys(['load_dag']) retrieved from /workspaces/hands-on-introduction-data-engineering-4395021/airflow/dags/load_dag.py
[2024-12-13T17:43:34.642+0000] {logging_mixin.py:150} INFO - [2024-12-13T17:43:34.641+0000] {dag.py:2742} INFO - Sync 1 DAGs
[2024-12-13T17:43:34.654+0000] {logging_mixin.py:150} INFO - [2024-12-13T17:43:34.654+0000] {dag.py:3504} INFO - Setting next_dagrun for load_dag to None, run_after=None
[2024-12-13T17:43:34.668+0000] {processor.py:179} INFO - Processing /workspaces/hands-on-introduction-data-engineering-4395021/airflow/dags/load_dag.py took 0.044 seconds
[2024-12-13T17:44:15.016+0000] {processor.py:157} INFO - Started process (PID=20791) to work on /workspaces/hands-on-introduction-data-engineering-4395021/airflow/dags/load_dag.py
[2024-12-13T17:44:15.016+0000] {processor.py:826} INFO - Processing file /workspaces/hands-on-introduction-data-engineering-4395021/airflow/dags/load_dag.py for tasks to queue
[2024-12-13T17:44:15.017+0000] {logging_mixin.py:150} INFO - [2024-12-13T17:44:15.017+0000] {dagbag.py:541} INFO - Filling up the DagBag from /workspaces/hands-on-introduction-data-engineering-4395021/airflow/dags/load_dag.py
[2024-12-13T17:44:15.021+0000] {processor.py:836} INFO - DAG(s) dict_keys(['load_dag']) retrieved from /workspaces/hands-on-introduction-data-engineering-4395021/airflow/dags/load_dag.py
[2024-12-13T17:44:15.031+0000] {logging_mixin.py:150} INFO - [2024-12-13T17:44:15.031+0000] {dag.py:2742} INFO - Sync 1 DAGs
[2024-12-13T17:44:15.044+0000] {logging_mixin.py:150} INFO - [2024-12-13T17:44:15.044+0000] {dag.py:3504} INFO - Setting next_dagrun for load_dag to None, run_after=None
[2024-12-13T17:44:15.057+0000] {processor.py:179} INFO - Processing /workspaces/hands-on-introduction-data-engineering-4395021/airflow/dags/load_dag.py took 0.043 seconds
[2024-12-13T17:44:54.008+0000] {processor.py:157} INFO - Started process (PID=21174) to work on /workspaces/hands-on-introduction-data-engineering-4395021/airflow/dags/load_dag.py
[2024-12-13T17:44:54.008+0000] {processor.py:826} INFO - Processing file /workspaces/hands-on-introduction-data-engineering-4395021/airflow/dags/load_dag.py for tasks to queue
[2024-12-13T17:44:54.009+0000] {logging_mixin.py:150} INFO - [2024-12-13T17:44:54.009+0000] {dagbag.py:541} INFO - Filling up the DagBag from /workspaces/hands-on-introduction-data-engineering-4395021/airflow/dags/load_dag.py
[2024-12-13T17:44:54.013+0000] {processor.py:836} INFO - DAG(s) dict_keys(['load_dag']) retrieved from /workspaces/hands-on-introduction-data-engineering-4395021/airflow/dags/load_dag.py
[2024-12-13T17:44:54.023+0000] {logging_mixin.py:150} INFO - [2024-12-13T17:44:54.023+0000] {dag.py:2742} INFO - Sync 1 DAGs
[2024-12-13T17:44:54.036+0000] {logging_mixin.py:150} INFO - [2024-12-13T17:44:54.036+0000] {dag.py:3504} INFO - Setting next_dagrun for load_dag to None, run_after=None
[2024-12-13T17:44:54.049+0000] {processor.py:179} INFO - Processing /workspaces/hands-on-introduction-data-engineering-4395021/airflow/dags/load_dag.py took 0.043 seconds
[2024-12-13T17:45:39.160+0000] {processor.py:157} INFO - Started process (PID=21755) to work on /workspaces/hands-on-introduction-data-engineering-4395021/airflow/dags/load_dag.py
[2024-12-13T17:45:39.160+0000] {processor.py:826} INFO - Processing file /workspaces/hands-on-introduction-data-engineering-4395021/airflow/dags/load_dag.py for tasks to queue
[2024-12-13T17:45:39.161+0000] {logging_mixin.py:150} INFO - [2024-12-13T17:45:39.161+0000] {dagbag.py:541} INFO - Filling up the DagBag from /workspaces/hands-on-introduction-data-engineering-4395021/airflow/dags/load_dag.py
[2024-12-13T17:45:39.168+0000] {processor.py:836} INFO - DAG(s) dict_keys(['load_dag']) retrieved from /workspaces/hands-on-introduction-data-engineering-4395021/airflow/dags/load_dag.py
[2024-12-13T17:45:39.182+0000] {logging_mixin.py:150} INFO - [2024-12-13T17:45:39.182+0000] {dag.py:2742} INFO - Sync 1 DAGs
[2024-12-13T17:45:39.194+0000] {logging_mixin.py:150} INFO - [2024-12-13T17:45:39.194+0000] {dag.py:3504} INFO - Setting next_dagrun for load_dag to None, run_after=None
[2024-12-13T17:45:39.208+0000] {processor.py:179} INFO - Processing /workspaces/hands-on-introduction-data-engineering-4395021/airflow/dags/load_dag.py took 0.050 seconds
[2024-12-13T17:46:33.096+0000] {processor.py:157} INFO - Started process (PID=22285) to work on /workspaces/hands-on-introduction-data-engineering-4395021/airflow/dags/load_dag.py
[2024-12-13T17:46:33.097+0000] {processor.py:826} INFO - Processing file /workspaces/hands-on-introduction-data-engineering-4395021/airflow/dags/load_dag.py for tasks to queue
[2024-12-13T17:46:33.097+0000] {logging_mixin.py:150} INFO - [2024-12-13T17:46:33.097+0000] {dagbag.py:541} INFO - Filling up the DagBag from /workspaces/hands-on-introduction-data-engineering-4395021/airflow/dags/load_dag.py
[2024-12-13T17:46:33.101+0000] {processor.py:836} INFO - DAG(s) dict_keys(['load_dag']) retrieved from /workspaces/hands-on-introduction-data-engineering-4395021/airflow/dags/load_dag.py
[2024-12-13T17:46:33.111+0000] {logging_mixin.py:150} INFO - [2024-12-13T17:46:33.111+0000] {dag.py:2742} INFO - Sync 1 DAGs
[2024-12-13T17:46:33.123+0000] {logging_mixin.py:150} INFO - [2024-12-13T17:46:33.123+0000] {dag.py:3504} INFO - Setting next_dagrun for load_dag to None, run_after=None
[2024-12-13T17:46:33.137+0000] {processor.py:179} INFO - Processing /workspaces/hands-on-introduction-data-engineering-4395021/airflow/dags/load_dag.py took 0.043 seconds
[2024-12-13T17:47:11.382+0000] {processor.py:157} INFO - Started process (PID=22574) to work on /workspaces/hands-on-introduction-data-engineering-4395021/airflow/dags/load_dag.py
[2024-12-13T17:47:11.383+0000] {processor.py:826} INFO - Processing file /workspaces/hands-on-introduction-data-engineering-4395021/airflow/dags/load_dag.py for tasks to queue
[2024-12-13T17:47:11.384+0000] {logging_mixin.py:150} INFO - [2024-12-13T17:47:11.383+0000] {dagbag.py:541} INFO - Filling up the DagBag from /workspaces/hands-on-introduction-data-engineering-4395021/airflow/dags/load_dag.py
[2024-12-13T17:47:11.388+0000] {processor.py:836} INFO - DAG(s) dict_keys(['load_dag']) retrieved from /workspaces/hands-on-introduction-data-engineering-4395021/airflow/dags/load_dag.py
[2024-12-13T17:47:11.397+0000] {logging_mixin.py:150} INFO - [2024-12-13T17:47:11.397+0000] {dag.py:2742} INFO - Sync 1 DAGs
[2024-12-13T17:47:11.410+0000] {logging_mixin.py:150} INFO - [2024-12-13T17:47:11.410+0000] {dag.py:3504} INFO - Setting next_dagrun for load_dag to None, run_after=None
[2024-12-13T17:47:11.423+0000] {processor.py:179} INFO - Processing /workspaces/hands-on-introduction-data-engineering-4395021/airflow/dags/load_dag.py took 0.043 seconds
[2024-12-13T17:47:50.442+0000] {processor.py:157} INFO - Started process (PID=22870) to work on /workspaces/hands-on-introduction-data-engineering-4395021/airflow/dags/load_dag.py
[2024-12-13T17:47:50.443+0000] {processor.py:826} INFO - Processing file /workspaces/hands-on-introduction-data-engineering-4395021/airflow/dags/load_dag.py for tasks to queue
[2024-12-13T17:47:50.443+0000] {logging_mixin.py:150} INFO - [2024-12-13T17:47:50.443+0000] {dagbag.py:541} INFO - Filling up the DagBag from /workspaces/hands-on-introduction-data-engineering-4395021/airflow/dags/load_dag.py
[2024-12-13T17:47:50.448+0000] {processor.py:836} INFO - DAG(s) dict_keys(['load_dag']) retrieved from /workspaces/hands-on-introduction-data-engineering-4395021/airflow/dags/load_dag.py
[2024-12-13T17:47:50.457+0000] {logging_mixin.py:150} INFO - [2024-12-13T17:47:50.457+0000] {dag.py:2742} INFO - Sync 1 DAGs
[2024-12-13T17:47:50.470+0000] {logging_mixin.py:150} INFO - [2024-12-13T17:47:50.470+0000] {dag.py:3504} INFO - Setting next_dagrun for load_dag to None, run_after=None
[2024-12-13T17:47:50.483+0000] {processor.py:179} INFO - Processing /workspaces/hands-on-introduction-data-engineering-4395021/airflow/dags/load_dag.py took 0.042 seconds
[2024-12-13T17:48:29.314+0000] {processor.py:157} INFO - Started process (PID=23172) to work on /workspaces/hands-on-introduction-data-engineering-4395021/airflow/dags/load_dag.py
[2024-12-13T17:48:29.315+0000] {processor.py:826} INFO - Processing file /workspaces/hands-on-introduction-data-engineering-4395021/airflow/dags/load_dag.py for tasks to queue
[2024-12-13T17:48:29.316+0000] {logging_mixin.py:150} INFO - [2024-12-13T17:48:29.315+0000] {dagbag.py:541} INFO - Filling up the DagBag from /workspaces/hands-on-introduction-data-engineering-4395021/airflow/dags/load_dag.py
[2024-12-13T17:48:29.320+0000] {processor.py:836} INFO - DAG(s) dict_keys(['load_dag']) retrieved from /workspaces/hands-on-introduction-data-engineering-4395021/airflow/dags/load_dag.py
[2024-12-13T17:48:29.329+0000] {logging_mixin.py:150} INFO - [2024-12-13T17:48:29.329+0000] {dag.py:2742} INFO - Sync 1 DAGs
[2024-12-13T17:48:29.342+0000] {logging_mixin.py:150} INFO - [2024-12-13T17:48:29.342+0000] {dag.py:3504} INFO - Setting next_dagrun for load_dag to None, run_after=None
[2024-12-13T17:48:29.356+0000] {processor.py:179} INFO - Processing /workspaces/hands-on-introduction-data-engineering-4395021/airflow/dags/load_dag.py took 0.043 seconds
[2024-12-13T17:49:06.353+0000] {processor.py:157} INFO - Started process (PID=23557) to work on /workspaces/hands-on-introduction-data-engineering-4395021/airflow/dags/load_dag.py
[2024-12-13T17:49:06.354+0000] {processor.py:826} INFO - Processing file /workspaces/hands-on-introduction-data-engineering-4395021/airflow/dags/load_dag.py for tasks to queue
[2024-12-13T17:49:06.354+0000] {logging_mixin.py:150} INFO - [2024-12-13T17:49:06.354+0000] {dagbag.py:541} INFO - Filling up the DagBag from /workspaces/hands-on-introduction-data-engineering-4395021/airflow/dags/load_dag.py
[2024-12-13T17:49:06.359+0000] {processor.py:836} INFO - DAG(s) dict_keys(['load_dag']) retrieved from /workspaces/hands-on-introduction-data-engineering-4395021/airflow/dags/load_dag.py
[2024-12-13T17:49:06.368+0000] {logging_mixin.py:150} INFO - [2024-12-13T17:49:06.368+0000] {dag.py:2742} INFO - Sync 1 DAGs
[2024-12-13T17:49:06.381+0000] {logging_mixin.py:150} INFO - [2024-12-13T17:49:06.381+0000] {dag.py:3504} INFO - Setting next_dagrun for load_dag to None, run_after=None
[2024-12-13T17:49:06.394+0000] {processor.py:179} INFO - Processing /workspaces/hands-on-introduction-data-engineering-4395021/airflow/dags/load_dag.py took 0.043 seconds
[2024-12-13T17:49:43.488+0000] {processor.py:157} INFO - Started process (PID=23820) to work on /workspaces/hands-on-introduction-data-engineering-4395021/airflow/dags/load_dag.py
[2024-12-13T17:49:43.489+0000] {processor.py:826} INFO - Processing file /workspaces/hands-on-introduction-data-engineering-4395021/airflow/dags/load_dag.py for tasks to queue
[2024-12-13T17:49:43.490+0000] {logging_mixin.py:150} INFO - [2024-12-13T17:49:43.489+0000] {dagbag.py:541} INFO - Filling up the DagBag from /workspaces/hands-on-introduction-data-engineering-4395021/airflow/dags/load_dag.py
[2024-12-13T17:49:43.494+0000] {processor.py:836} INFO - DAG(s) dict_keys(['load_dag']) retrieved from /workspaces/hands-on-introduction-data-engineering-4395021/airflow/dags/load_dag.py
[2024-12-13T17:49:43.503+0000] {logging_mixin.py:150} INFO - [2024-12-13T17:49:43.503+0000] {dag.py:2742} INFO - Sync 1 DAGs
[2024-12-13T17:49:43.516+0000] {logging_mixin.py:150} INFO - [2024-12-13T17:49:43.516+0000] {dag.py:3504} INFO - Setting next_dagrun for load_dag to None, run_after=None
[2024-12-13T17:49:43.530+0000] {processor.py:179} INFO - Processing /workspaces/hands-on-introduction-data-engineering-4395021/airflow/dags/load_dag.py took 0.043 seconds
