[2024-12-12T15:30:55.797+0000] {processor.py:157} INFO - Started process (PID=31038) to work on /home/vscode/.local/lib/python3.10/site-packages/airflow/example_dags/example_branch_operator_decorator.py
[2024-12-12T15:30:55.798+0000] {processor.py:826} INFO - Processing file /home/vscode/.local/lib/python3.10/site-packages/airflow/example_dags/example_branch_operator_decorator.py for tasks to queue
[2024-12-12T15:30:55.798+0000] {logging_mixin.py:150} INFO - [2024-12-12T15:30:55.798+0000] {dagbag.py:541} INFO - Filling up the DagBag from /home/vscode/.local/lib/python3.10/site-packages/airflow/example_dags/example_branch_operator_decorator.py
[2024-12-12T15:30:55.806+0000] {processor.py:836} INFO - DAG(s) dict_keys(['example_branch_python_operator_decorator']) retrieved from /home/vscode/.local/lib/python3.10/site-packages/airflow/example_dags/example_branch_operator_decorator.py
[2024-12-12T15:30:55.952+0000] {logging_mixin.py:150} INFO - [2024-12-12T15:30:55.952+0000] {manager.py:504} INFO - Created Permission View: can delete on DAG:example_branch_python_operator_decorator
[2024-12-12T15:30:55.959+0000] {logging_mixin.py:150} INFO - [2024-12-12T15:30:55.959+0000] {manager.py:504} INFO - Created Permission View: can read on DAG:example_branch_python_operator_decorator
[2024-12-12T15:30:55.964+0000] {logging_mixin.py:150} INFO - [2024-12-12T15:30:55.964+0000] {manager.py:504} INFO - Created Permission View: can edit on DAG:example_branch_python_operator_decorator
[2024-12-12T15:30:55.971+0000] {logging_mixin.py:150} INFO - [2024-12-12T15:30:55.971+0000] {dag.py:2742} INFO - Sync 1 DAGs
[2024-12-12T15:30:55.977+0000] {logging_mixin.py:150} INFO - [2024-12-12T15:30:55.977+0000] {dag.py:2763} INFO - Creating ORM DAG for example_branch_python_operator_decorator
[2024-12-12T15:30:55.983+0000] {logging_mixin.py:150} INFO - [2024-12-12T15:30:55.983+0000] {dag.py:3504} INFO - Setting next_dagrun for example_branch_python_operator_decorator to 2024-12-11T00:00:00+00:00, run_after=2024-12-12T00:00:00+00:00
[2024-12-12T15:30:55.999+0000] {processor.py:179} INFO - Processing /home/vscode/.local/lib/python3.10/site-packages/airflow/example_dags/example_branch_operator_decorator.py took 0.204 seconds
[2024-12-12T15:31:46.874+0000] {processor.py:157} INFO - Started process (PID=31457) to work on /home/vscode/.local/lib/python3.10/site-packages/airflow/example_dags/example_branch_operator_decorator.py
[2024-12-12T15:31:46.875+0000] {processor.py:826} INFO - Processing file /home/vscode/.local/lib/python3.10/site-packages/airflow/example_dags/example_branch_operator_decorator.py for tasks to queue
[2024-12-12T15:31:46.876+0000] {logging_mixin.py:150} INFO - [2024-12-12T15:31:46.875+0000] {dagbag.py:541} INFO - Filling up the DagBag from /home/vscode/.local/lib/python3.10/site-packages/airflow/example_dags/example_branch_operator_decorator.py
[2024-12-12T15:31:46.883+0000] {processor.py:836} INFO - DAG(s) dict_keys(['example_branch_python_operator_decorator']) retrieved from /home/vscode/.local/lib/python3.10/site-packages/airflow/example_dags/example_branch_operator_decorator.py
[2024-12-12T15:31:46.895+0000] {logging_mixin.py:150} INFO - [2024-12-12T15:31:46.895+0000] {dag.py:2742} INFO - Sync 1 DAGs
[2024-12-12T15:31:46.910+0000] {logging_mixin.py:150} INFO - [2024-12-12T15:31:46.910+0000] {dag.py:3504} INFO - Setting next_dagrun for example_branch_python_operator_decorator to 2024-12-11T00:00:00+00:00, run_after=2024-12-12T00:00:00+00:00
[2024-12-12T15:31:46.925+0000] {processor.py:179} INFO - Processing /home/vscode/.local/lib/python3.10/site-packages/airflow/example_dags/example_branch_operator_decorator.py took 0.052 seconds
[2024-12-12T15:32:29.012+0000] {processor.py:157} INFO - Started process (PID=31765) to work on /home/vscode/.local/lib/python3.10/site-packages/airflow/example_dags/example_branch_operator_decorator.py
[2024-12-12T15:32:29.013+0000] {processor.py:826} INFO - Processing file /home/vscode/.local/lib/python3.10/site-packages/airflow/example_dags/example_branch_operator_decorator.py for tasks to queue
[2024-12-12T15:32:29.014+0000] {logging_mixin.py:150} INFO - [2024-12-12T15:32:29.013+0000] {dagbag.py:541} INFO - Filling up the DagBag from /home/vscode/.local/lib/python3.10/site-packages/airflow/example_dags/example_branch_operator_decorator.py
[2024-12-12T15:32:29.024+0000] {processor.py:836} INFO - DAG(s) dict_keys(['example_branch_python_operator_decorator']) retrieved from /home/vscode/.local/lib/python3.10/site-packages/airflow/example_dags/example_branch_operator_decorator.py
[2024-12-12T15:32:29.042+0000] {logging_mixin.py:150} INFO - [2024-12-12T15:32:29.042+0000] {dag.py:2742} INFO - Sync 1 DAGs
[2024-12-12T15:32:29.063+0000] {logging_mixin.py:150} INFO - [2024-12-12T15:32:29.063+0000] {dag.py:3504} INFO - Setting next_dagrun for example_branch_python_operator_decorator to 2024-12-11T00:00:00+00:00, run_after=2024-12-12T00:00:00+00:00
[2024-12-12T15:32:29.081+0000] {processor.py:179} INFO - Processing /home/vscode/.local/lib/python3.10/site-packages/airflow/example_dags/example_branch_operator_decorator.py took 0.071 seconds
[2024-12-12T15:33:16.343+0000] {processor.py:157} INFO - Started process (PID=32124) to work on /home/vscode/.local/lib/python3.10/site-packages/airflow/example_dags/example_branch_operator_decorator.py
[2024-12-12T15:33:16.343+0000] {processor.py:826} INFO - Processing file /home/vscode/.local/lib/python3.10/site-packages/airflow/example_dags/example_branch_operator_decorator.py for tasks to queue
[2024-12-12T15:33:16.344+0000] {logging_mixin.py:150} INFO - [2024-12-12T15:33:16.344+0000] {dagbag.py:541} INFO - Filling up the DagBag from /home/vscode/.local/lib/python3.10/site-packages/airflow/example_dags/example_branch_operator_decorator.py
[2024-12-12T15:33:16.354+0000] {processor.py:836} INFO - DAG(s) dict_keys(['example_branch_python_operator_decorator']) retrieved from /home/vscode/.local/lib/python3.10/site-packages/airflow/example_dags/example_branch_operator_decorator.py
[2024-12-12T15:33:16.372+0000] {logging_mixin.py:150} INFO - [2024-12-12T15:33:16.372+0000] {dag.py:2742} INFO - Sync 1 DAGs
[2024-12-12T15:33:16.390+0000] {logging_mixin.py:150} INFO - [2024-12-12T15:33:16.390+0000] {dag.py:3504} INFO - Setting next_dagrun for example_branch_python_operator_decorator to 2024-12-11T00:00:00+00:00, run_after=2024-12-12T00:00:00+00:00
[2024-12-12T15:33:16.404+0000] {processor.py:179} INFO - Processing /home/vscode/.local/lib/python3.10/site-packages/airflow/example_dags/example_branch_operator_decorator.py took 0.063 seconds
[2024-12-12T15:33:58.025+0000] {processor.py:157} INFO - Started process (PID=32422) to work on /home/vscode/.local/lib/python3.10/site-packages/airflow/example_dags/example_branch_operator_decorator.py
[2024-12-12T15:33:58.026+0000] {processor.py:826} INFO - Processing file /home/vscode/.local/lib/python3.10/site-packages/airflow/example_dags/example_branch_operator_decorator.py for tasks to queue
[2024-12-12T15:33:58.026+0000] {logging_mixin.py:150} INFO - [2024-12-12T15:33:58.026+0000] {dagbag.py:541} INFO - Filling up the DagBag from /home/vscode/.local/lib/python3.10/site-packages/airflow/example_dags/example_branch_operator_decorator.py
[2024-12-12T15:33:58.033+0000] {processor.py:836} INFO - DAG(s) dict_keys(['example_branch_python_operator_decorator']) retrieved from /home/vscode/.local/lib/python3.10/site-packages/airflow/example_dags/example_branch_operator_decorator.py
[2024-12-12T15:33:58.046+0000] {logging_mixin.py:150} INFO - [2024-12-12T15:33:58.046+0000] {dag.py:2742} INFO - Sync 1 DAGs
[2024-12-12T15:33:58.060+0000] {logging_mixin.py:150} INFO - [2024-12-12T15:33:58.060+0000] {dag.py:3504} INFO - Setting next_dagrun for example_branch_python_operator_decorator to 2024-12-11T00:00:00+00:00, run_after=2024-12-12T00:00:00+00:00
[2024-12-12T15:33:58.075+0000] {processor.py:179} INFO - Processing /home/vscode/.local/lib/python3.10/site-packages/airflow/example_dags/example_branch_operator_decorator.py took 0.052 seconds
[2024-12-12T15:34:41.840+0000] {processor.py:157} INFO - Started process (PID=32722) to work on /home/vscode/.local/lib/python3.10/site-packages/airflow/example_dags/example_branch_operator_decorator.py
[2024-12-12T15:34:41.840+0000] {processor.py:826} INFO - Processing file /home/vscode/.local/lib/python3.10/site-packages/airflow/example_dags/example_branch_operator_decorator.py for tasks to queue
[2024-12-12T15:34:41.841+0000] {logging_mixin.py:150} INFO - [2024-12-12T15:34:41.841+0000] {dagbag.py:541} INFO - Filling up the DagBag from /home/vscode/.local/lib/python3.10/site-packages/airflow/example_dags/example_branch_operator_decorator.py
[2024-12-12T15:34:41.848+0000] {processor.py:836} INFO - DAG(s) dict_keys(['example_branch_python_operator_decorator']) retrieved from /home/vscode/.local/lib/python3.10/site-packages/airflow/example_dags/example_branch_operator_decorator.py
[2024-12-12T15:34:41.862+0000] {logging_mixin.py:150} INFO - [2024-12-12T15:34:41.861+0000] {dag.py:2742} INFO - Sync 1 DAGs
[2024-12-12T15:34:41.875+0000] {logging_mixin.py:150} INFO - [2024-12-12T15:34:41.875+0000] {dag.py:3504} INFO - Setting next_dagrun for example_branch_python_operator_decorator to 2024-12-11T00:00:00+00:00, run_after=2024-12-12T00:00:00+00:00
[2024-12-12T15:34:41.890+0000] {processor.py:179} INFO - Processing /home/vscode/.local/lib/python3.10/site-packages/airflow/example_dags/example_branch_operator_decorator.py took 0.052 seconds
[2024-12-12T15:35:32.395+0000] {processor.py:157} INFO - Started process (PID=33102) to work on /home/vscode/.local/lib/python3.10/site-packages/airflow/example_dags/example_branch_operator_decorator.py
[2024-12-12T15:35:32.396+0000] {processor.py:826} INFO - Processing file /home/vscode/.local/lib/python3.10/site-packages/airflow/example_dags/example_branch_operator_decorator.py for tasks to queue
[2024-12-12T15:35:32.397+0000] {logging_mixin.py:150} INFO - [2024-12-12T15:35:32.396+0000] {dagbag.py:541} INFO - Filling up the DagBag from /home/vscode/.local/lib/python3.10/site-packages/airflow/example_dags/example_branch_operator_decorator.py
[2024-12-12T15:35:32.404+0000] {processor.py:836} INFO - DAG(s) dict_keys(['example_branch_python_operator_decorator']) retrieved from /home/vscode/.local/lib/python3.10/site-packages/airflow/example_dags/example_branch_operator_decorator.py
[2024-12-12T15:35:32.417+0000] {logging_mixin.py:150} INFO - [2024-12-12T15:35:32.416+0000] {dag.py:2742} INFO - Sync 1 DAGs
[2024-12-12T15:35:32.431+0000] {logging_mixin.py:150} INFO - [2024-12-12T15:35:32.431+0000] {dag.py:3504} INFO - Setting next_dagrun for example_branch_python_operator_decorator to 2024-12-11T00:00:00+00:00, run_after=2024-12-12T00:00:00+00:00
[2024-12-12T15:35:32.445+0000] {processor.py:179} INFO - Processing /home/vscode/.local/lib/python3.10/site-packages/airflow/example_dags/example_branch_operator_decorator.py took 0.052 seconds
[2024-12-12T15:36:16.321+0000] {processor.py:157} INFO - Started process (PID=33502) to work on /home/vscode/.local/lib/python3.10/site-packages/airflow/example_dags/example_branch_operator_decorator.py
[2024-12-12T15:36:16.321+0000] {processor.py:826} INFO - Processing file /home/vscode/.local/lib/python3.10/site-packages/airflow/example_dags/example_branch_operator_decorator.py for tasks to queue
[2024-12-12T15:36:16.322+0000] {logging_mixin.py:150} INFO - [2024-12-12T15:36:16.322+0000] {dagbag.py:541} INFO - Filling up the DagBag from /home/vscode/.local/lib/python3.10/site-packages/airflow/example_dags/example_branch_operator_decorator.py
[2024-12-12T15:36:16.331+0000] {processor.py:836} INFO - DAG(s) dict_keys(['example_branch_python_operator_decorator']) retrieved from /home/vscode/.local/lib/python3.10/site-packages/airflow/example_dags/example_branch_operator_decorator.py
[2024-12-12T15:36:16.349+0000] {logging_mixin.py:150} INFO - [2024-12-12T15:36:16.349+0000] {dag.py:2742} INFO - Sync 1 DAGs
[2024-12-12T15:36:16.371+0000] {logging_mixin.py:150} INFO - [2024-12-12T15:36:16.370+0000] {dag.py:3504} INFO - Setting next_dagrun for example_branch_python_operator_decorator to 2024-12-11T00:00:00+00:00, run_after=2024-12-12T00:00:00+00:00
[2024-12-12T15:36:16.393+0000] {processor.py:179} INFO - Processing /home/vscode/.local/lib/python3.10/site-packages/airflow/example_dags/example_branch_operator_decorator.py took 0.074 seconds
[2024-12-12T15:37:06.735+0000] {processor.py:157} INFO - Started process (PID=34057) to work on /home/vscode/.local/lib/python3.10/site-packages/airflow/example_dags/example_branch_operator_decorator.py
[2024-12-12T15:37:06.736+0000] {processor.py:826} INFO - Processing file /home/vscode/.local/lib/python3.10/site-packages/airflow/example_dags/example_branch_operator_decorator.py for tasks to queue
[2024-12-12T15:37:06.736+0000] {logging_mixin.py:150} INFO - [2024-12-12T15:37:06.736+0000] {dagbag.py:541} INFO - Filling up the DagBag from /home/vscode/.local/lib/python3.10/site-packages/airflow/example_dags/example_branch_operator_decorator.py
[2024-12-12T15:37:06.743+0000] {processor.py:836} INFO - DAG(s) dict_keys(['example_branch_python_operator_decorator']) retrieved from /home/vscode/.local/lib/python3.10/site-packages/airflow/example_dags/example_branch_operator_decorator.py
[2024-12-12T15:37:06.755+0000] {logging_mixin.py:150} INFO - [2024-12-12T15:37:06.755+0000] {dag.py:2742} INFO - Sync 1 DAGs
[2024-12-12T15:37:06.769+0000] {logging_mixin.py:150} INFO - [2024-12-12T15:37:06.769+0000] {dag.py:3504} INFO - Setting next_dagrun for example_branch_python_operator_decorator to 2024-12-11T00:00:00+00:00, run_after=2024-12-12T00:00:00+00:00
[2024-12-12T15:37:06.783+0000] {processor.py:179} INFO - Processing /home/vscode/.local/lib/python3.10/site-packages/airflow/example_dags/example_branch_operator_decorator.py took 0.050 seconds
[2024-12-12T15:37:52.090+0000] {processor.py:157} INFO - Started process (PID=34385) to work on /home/vscode/.local/lib/python3.10/site-packages/airflow/example_dags/example_branch_operator_decorator.py
[2024-12-12T15:37:52.090+0000] {processor.py:826} INFO - Processing file /home/vscode/.local/lib/python3.10/site-packages/airflow/example_dags/example_branch_operator_decorator.py for tasks to queue
[2024-12-12T15:37:52.091+0000] {logging_mixin.py:150} INFO - [2024-12-12T15:37:52.091+0000] {dagbag.py:541} INFO - Filling up the DagBag from /home/vscode/.local/lib/python3.10/site-packages/airflow/example_dags/example_branch_operator_decorator.py
[2024-12-12T15:37:52.098+0000] {processor.py:836} INFO - DAG(s) dict_keys(['example_branch_python_operator_decorator']) retrieved from /home/vscode/.local/lib/python3.10/site-packages/airflow/example_dags/example_branch_operator_decorator.py
[2024-12-12T15:37:52.110+0000] {logging_mixin.py:150} INFO - [2024-12-12T15:37:52.110+0000] {dag.py:2742} INFO - Sync 1 DAGs
[2024-12-12T15:37:52.124+0000] {logging_mixin.py:150} INFO - [2024-12-12T15:37:52.124+0000] {dag.py:3504} INFO - Setting next_dagrun for example_branch_python_operator_decorator to 2024-12-11T00:00:00+00:00, run_after=2024-12-12T00:00:00+00:00
[2024-12-12T15:37:52.138+0000] {processor.py:179} INFO - Processing /home/vscode/.local/lib/python3.10/site-packages/airflow/example_dags/example_branch_operator_decorator.py took 0.050 seconds
[2024-12-12T15:38:35.591+0000] {processor.py:157} INFO - Started process (PID=34691) to work on /home/vscode/.local/lib/python3.10/site-packages/airflow/example_dags/example_branch_operator_decorator.py
[2024-12-12T15:38:35.591+0000] {processor.py:826} INFO - Processing file /home/vscode/.local/lib/python3.10/site-packages/airflow/example_dags/example_branch_operator_decorator.py for tasks to queue
[2024-12-12T15:38:35.592+0000] {logging_mixin.py:150} INFO - [2024-12-12T15:38:35.592+0000] {dagbag.py:541} INFO - Filling up the DagBag from /home/vscode/.local/lib/python3.10/site-packages/airflow/example_dags/example_branch_operator_decorator.py
[2024-12-12T15:38:35.599+0000] {processor.py:836} INFO - DAG(s) dict_keys(['example_branch_python_operator_decorator']) retrieved from /home/vscode/.local/lib/python3.10/site-packages/airflow/example_dags/example_branch_operator_decorator.py
[2024-12-12T15:38:35.611+0000] {logging_mixin.py:150} INFO - [2024-12-12T15:38:35.611+0000] {dag.py:2742} INFO - Sync 1 DAGs
[2024-12-12T15:38:35.625+0000] {logging_mixin.py:150} INFO - [2024-12-12T15:38:35.624+0000] {dag.py:3504} INFO - Setting next_dagrun for example_branch_python_operator_decorator to 2024-12-11T00:00:00+00:00, run_after=2024-12-12T00:00:00+00:00
[2024-12-12T15:38:35.638+0000] {processor.py:179} INFO - Processing /home/vscode/.local/lib/python3.10/site-packages/airflow/example_dags/example_branch_operator_decorator.py took 0.050 seconds
[2024-12-12T15:39:19.729+0000] {processor.py:157} INFO - Started process (PID=35348) to work on /home/vscode/.local/lib/python3.10/site-packages/airflow/example_dags/example_branch_operator_decorator.py
[2024-12-12T15:39:19.729+0000] {processor.py:826} INFO - Processing file /home/vscode/.local/lib/python3.10/site-packages/airflow/example_dags/example_branch_operator_decorator.py for tasks to queue
[2024-12-12T15:39:19.730+0000] {logging_mixin.py:150} INFO - [2024-12-12T15:39:19.730+0000] {dagbag.py:541} INFO - Filling up the DagBag from /home/vscode/.local/lib/python3.10/site-packages/airflow/example_dags/example_branch_operator_decorator.py
[2024-12-12T15:39:19.737+0000] {processor.py:836} INFO - DAG(s) dict_keys(['example_branch_python_operator_decorator']) retrieved from /home/vscode/.local/lib/python3.10/site-packages/airflow/example_dags/example_branch_operator_decorator.py
[2024-12-12T15:39:19.827+0000] {logging_mixin.py:150} INFO - [2024-12-12T15:39:19.827+0000] {dag.py:2742} INFO - Sync 1 DAGs
[2024-12-12T15:39:19.840+0000] {logging_mixin.py:150} INFO - [2024-12-12T15:39:19.840+0000] {dag.py:3504} INFO - Setting next_dagrun for example_branch_python_operator_decorator to 2024-12-11T00:00:00+00:00, run_after=2024-12-12T00:00:00+00:00
[2024-12-12T15:39:19.854+0000] {processor.py:179} INFO - Processing /home/vscode/.local/lib/python3.10/site-packages/airflow/example_dags/example_branch_operator_decorator.py took 0.127 seconds
[2024-12-12T15:40:07.003+0000] {processor.py:157} INFO - Started process (PID=35746) to work on /home/vscode/.local/lib/python3.10/site-packages/airflow/example_dags/example_branch_operator_decorator.py
[2024-12-12T15:40:07.004+0000] {processor.py:826} INFO - Processing file /home/vscode/.local/lib/python3.10/site-packages/airflow/example_dags/example_branch_operator_decorator.py for tasks to queue
[2024-12-12T15:40:07.005+0000] {logging_mixin.py:150} INFO - [2024-12-12T15:40:07.004+0000] {dagbag.py:541} INFO - Filling up the DagBag from /home/vscode/.local/lib/python3.10/site-packages/airflow/example_dags/example_branch_operator_decorator.py
[2024-12-12T15:40:07.012+0000] {processor.py:836} INFO - DAG(s) dict_keys(['example_branch_python_operator_decorator']) retrieved from /home/vscode/.local/lib/python3.10/site-packages/airflow/example_dags/example_branch_operator_decorator.py
[2024-12-12T15:40:07.024+0000] {logging_mixin.py:150} INFO - [2024-12-12T15:40:07.024+0000] {dag.py:2742} INFO - Sync 1 DAGs
[2024-12-12T15:40:07.040+0000] {logging_mixin.py:150} INFO - [2024-12-12T15:40:07.039+0000] {dag.py:3504} INFO - Setting next_dagrun for example_branch_python_operator_decorator to 2024-12-11T00:00:00+00:00, run_after=2024-12-12T00:00:00+00:00
[2024-12-12T15:40:07.054+0000] {processor.py:179} INFO - Processing /home/vscode/.local/lib/python3.10/site-packages/airflow/example_dags/example_branch_operator_decorator.py took 0.052 seconds
[2024-12-12T15:40:49.842+0000] {processor.py:157} INFO - Started process (PID=36177) to work on /home/vscode/.local/lib/python3.10/site-packages/airflow/example_dags/example_branch_operator_decorator.py
[2024-12-12T15:40:49.842+0000] {processor.py:826} INFO - Processing file /home/vscode/.local/lib/python3.10/site-packages/airflow/example_dags/example_branch_operator_decorator.py for tasks to queue
[2024-12-12T15:40:49.843+0000] {logging_mixin.py:150} INFO - [2024-12-12T15:40:49.843+0000] {dagbag.py:541} INFO - Filling up the DagBag from /home/vscode/.local/lib/python3.10/site-packages/airflow/example_dags/example_branch_operator_decorator.py
[2024-12-12T15:40:49.850+0000] {processor.py:836} INFO - DAG(s) dict_keys(['example_branch_python_operator_decorator']) retrieved from /home/vscode/.local/lib/python3.10/site-packages/airflow/example_dags/example_branch_operator_decorator.py
[2024-12-12T15:40:49.863+0000] {logging_mixin.py:150} INFO - [2024-12-12T15:40:49.863+0000] {dag.py:2742} INFO - Sync 1 DAGs
[2024-12-12T15:40:49.877+0000] {logging_mixin.py:150} INFO - [2024-12-12T15:40:49.877+0000] {dag.py:3504} INFO - Setting next_dagrun for example_branch_python_operator_decorator to 2024-12-11T00:00:00+00:00, run_after=2024-12-12T00:00:00+00:00
[2024-12-12T15:40:49.891+0000] {processor.py:179} INFO - Processing /home/vscode/.local/lib/python3.10/site-packages/airflow/example_dags/example_branch_operator_decorator.py took 0.051 seconds
[2024-12-12T15:41:35.760+0000] {processor.py:157} INFO - Started process (PID=36540) to work on /home/vscode/.local/lib/python3.10/site-packages/airflow/example_dags/example_branch_operator_decorator.py
[2024-12-12T15:41:35.761+0000] {processor.py:826} INFO - Processing file /home/vscode/.local/lib/python3.10/site-packages/airflow/example_dags/example_branch_operator_decorator.py for tasks to queue
[2024-12-12T15:41:35.761+0000] {logging_mixin.py:150} INFO - [2024-12-12T15:41:35.761+0000] {dagbag.py:541} INFO - Filling up the DagBag from /home/vscode/.local/lib/python3.10/site-packages/airflow/example_dags/example_branch_operator_decorator.py
[2024-12-12T15:41:35.768+0000] {processor.py:836} INFO - DAG(s) dict_keys(['example_branch_python_operator_decorator']) retrieved from /home/vscode/.local/lib/python3.10/site-packages/airflow/example_dags/example_branch_operator_decorator.py
[2024-12-12T15:41:35.781+0000] {logging_mixin.py:150} INFO - [2024-12-12T15:41:35.781+0000] {dag.py:2742} INFO - Sync 1 DAGs
[2024-12-12T15:41:35.795+0000] {logging_mixin.py:150} INFO - [2024-12-12T15:41:35.795+0000] {dag.py:3504} INFO - Setting next_dagrun for example_branch_python_operator_decorator to 2024-12-11T00:00:00+00:00, run_after=2024-12-12T00:00:00+00:00
[2024-12-12T15:41:35.809+0000] {processor.py:179} INFO - Processing /home/vscode/.local/lib/python3.10/site-packages/airflow/example_dags/example_branch_operator_decorator.py took 0.050 seconds
[2024-12-12T15:42:20.642+0000] {processor.py:157} INFO - Started process (PID=36945) to work on /home/vscode/.local/lib/python3.10/site-packages/airflow/example_dags/example_branch_operator_decorator.py
[2024-12-12T15:42:20.643+0000] {processor.py:826} INFO - Processing file /home/vscode/.local/lib/python3.10/site-packages/airflow/example_dags/example_branch_operator_decorator.py for tasks to queue
[2024-12-12T15:42:20.644+0000] {logging_mixin.py:150} INFO - [2024-12-12T15:42:20.644+0000] {dagbag.py:541} INFO - Filling up the DagBag from /home/vscode/.local/lib/python3.10/site-packages/airflow/example_dags/example_branch_operator_decorator.py
[2024-12-12T15:42:20.655+0000] {processor.py:836} INFO - DAG(s) dict_keys(['example_branch_python_operator_decorator']) retrieved from /home/vscode/.local/lib/python3.10/site-packages/airflow/example_dags/example_branch_operator_decorator.py
[2024-12-12T15:42:20.674+0000] {logging_mixin.py:150} INFO - [2024-12-12T15:42:20.673+0000] {dag.py:2742} INFO - Sync 1 DAGs
[2024-12-12T15:42:20.688+0000] {logging_mixin.py:150} INFO - [2024-12-12T15:42:20.688+0000] {dag.py:3504} INFO - Setting next_dagrun for example_branch_python_operator_decorator to 2024-12-11T00:00:00+00:00, run_after=2024-12-12T00:00:00+00:00
[2024-12-12T15:42:20.707+0000] {processor.py:179} INFO - Processing /home/vscode/.local/lib/python3.10/site-packages/airflow/example_dags/example_branch_operator_decorator.py took 0.068 seconds
[2024-12-12T15:43:07.968+0000] {processor.py:157} INFO - Started process (PID=37322) to work on /home/vscode/.local/lib/python3.10/site-packages/airflow/example_dags/example_branch_operator_decorator.py
[2024-12-12T15:43:07.969+0000] {processor.py:826} INFO - Processing file /home/vscode/.local/lib/python3.10/site-packages/airflow/example_dags/example_branch_operator_decorator.py for tasks to queue
[2024-12-12T15:43:07.969+0000] {logging_mixin.py:150} INFO - [2024-12-12T15:43:07.969+0000] {dagbag.py:541} INFO - Filling up the DagBag from /home/vscode/.local/lib/python3.10/site-packages/airflow/example_dags/example_branch_operator_decorator.py
[2024-12-12T15:43:07.976+0000] {processor.py:836} INFO - DAG(s) dict_keys(['example_branch_python_operator_decorator']) retrieved from /home/vscode/.local/lib/python3.10/site-packages/airflow/example_dags/example_branch_operator_decorator.py
[2024-12-12T15:43:07.989+0000] {logging_mixin.py:150} INFO - [2024-12-12T15:43:07.989+0000] {dag.py:2742} INFO - Sync 1 DAGs
[2024-12-12T15:43:08.003+0000] {logging_mixin.py:150} INFO - [2024-12-12T15:43:08.003+0000] {dag.py:3504} INFO - Setting next_dagrun for example_branch_python_operator_decorator to 2024-12-11T00:00:00+00:00, run_after=2024-12-12T00:00:00+00:00
[2024-12-12T15:43:08.017+0000] {processor.py:179} INFO - Processing /home/vscode/.local/lib/python3.10/site-packages/airflow/example_dags/example_branch_operator_decorator.py took 0.051 seconds
[2024-12-12T15:43:51.899+0000] {processor.py:157} INFO - Started process (PID=37687) to work on /home/vscode/.local/lib/python3.10/site-packages/airflow/example_dags/example_branch_operator_decorator.py
[2024-12-12T15:43:51.900+0000] {processor.py:826} INFO - Processing file /home/vscode/.local/lib/python3.10/site-packages/airflow/example_dags/example_branch_operator_decorator.py for tasks to queue
[2024-12-12T15:43:51.901+0000] {logging_mixin.py:150} INFO - [2024-12-12T15:43:51.900+0000] {dagbag.py:541} INFO - Filling up the DagBag from /home/vscode/.local/lib/python3.10/site-packages/airflow/example_dags/example_branch_operator_decorator.py
[2024-12-12T15:43:51.908+0000] {processor.py:836} INFO - DAG(s) dict_keys(['example_branch_python_operator_decorator']) retrieved from /home/vscode/.local/lib/python3.10/site-packages/airflow/example_dags/example_branch_operator_decorator.py
[2024-12-12T15:43:51.920+0000] {logging_mixin.py:150} INFO - [2024-12-12T15:43:51.920+0000] {dag.py:2742} INFO - Sync 1 DAGs
[2024-12-12T15:43:51.934+0000] {logging_mixin.py:150} INFO - [2024-12-12T15:43:51.934+0000] {dag.py:3504} INFO - Setting next_dagrun for example_branch_python_operator_decorator to 2024-12-11T00:00:00+00:00, run_after=2024-12-12T00:00:00+00:00
[2024-12-12T15:43:51.947+0000] {processor.py:179} INFO - Processing /home/vscode/.local/lib/python3.10/site-packages/airflow/example_dags/example_branch_operator_decorator.py took 0.050 seconds
[2024-12-12T15:44:41.285+0000] {processor.py:157} INFO - Started process (PID=38070) to work on /home/vscode/.local/lib/python3.10/site-packages/airflow/example_dags/example_branch_operator_decorator.py
[2024-12-12T15:44:41.286+0000] {processor.py:826} INFO - Processing file /home/vscode/.local/lib/python3.10/site-packages/airflow/example_dags/example_branch_operator_decorator.py for tasks to queue
[2024-12-12T15:44:41.286+0000] {logging_mixin.py:150} INFO - [2024-12-12T15:44:41.286+0000] {dagbag.py:541} INFO - Filling up the DagBag from /home/vscode/.local/lib/python3.10/site-packages/airflow/example_dags/example_branch_operator_decorator.py
[2024-12-12T15:44:41.293+0000] {processor.py:836} INFO - DAG(s) dict_keys(['example_branch_python_operator_decorator']) retrieved from /home/vscode/.local/lib/python3.10/site-packages/airflow/example_dags/example_branch_operator_decorator.py
[2024-12-12T15:44:41.306+0000] {logging_mixin.py:150} INFO - [2024-12-12T15:44:41.306+0000] {dag.py:2742} INFO - Sync 1 DAGs
[2024-12-12T15:44:41.320+0000] {logging_mixin.py:150} INFO - [2024-12-12T15:44:41.320+0000] {dag.py:3504} INFO - Setting next_dagrun for example_branch_python_operator_decorator to 2024-12-11T00:00:00+00:00, run_after=2024-12-12T00:00:00+00:00
[2024-12-12T15:44:41.339+0000] {processor.py:179} INFO - Processing /home/vscode/.local/lib/python3.10/site-packages/airflow/example_dags/example_branch_operator_decorator.py took 0.056 seconds
[2024-12-12T15:45:24.474+0000] {processor.py:157} INFO - Started process (PID=38417) to work on /home/vscode/.local/lib/python3.10/site-packages/airflow/example_dags/example_branch_operator_decorator.py
[2024-12-12T15:45:24.474+0000] {processor.py:826} INFO - Processing file /home/vscode/.local/lib/python3.10/site-packages/airflow/example_dags/example_branch_operator_decorator.py for tasks to queue
[2024-12-12T15:45:24.475+0000] {logging_mixin.py:150} INFO - [2024-12-12T15:45:24.474+0000] {dagbag.py:541} INFO - Filling up the DagBag from /home/vscode/.local/lib/python3.10/site-packages/airflow/example_dags/example_branch_operator_decorator.py
[2024-12-12T15:45:24.482+0000] {processor.py:836} INFO - DAG(s) dict_keys(['example_branch_python_operator_decorator']) retrieved from /home/vscode/.local/lib/python3.10/site-packages/airflow/example_dags/example_branch_operator_decorator.py
[2024-12-12T15:45:24.494+0000] {logging_mixin.py:150} INFO - [2024-12-12T15:45:24.494+0000] {dag.py:2742} INFO - Sync 1 DAGs
[2024-12-12T15:45:24.509+0000] {logging_mixin.py:150} INFO - [2024-12-12T15:45:24.508+0000] {dag.py:3504} INFO - Setting next_dagrun for example_branch_python_operator_decorator to 2024-12-11T00:00:00+00:00, run_after=2024-12-12T00:00:00+00:00
[2024-12-12T15:45:24.522+0000] {processor.py:179} INFO - Processing /home/vscode/.local/lib/python3.10/site-packages/airflow/example_dags/example_branch_operator_decorator.py took 0.051 seconds
[2024-12-12T15:46:11.681+0000] {processor.py:157} INFO - Started process (PID=38781) to work on /home/vscode/.local/lib/python3.10/site-packages/airflow/example_dags/example_branch_operator_decorator.py
[2024-12-12T15:46:11.681+0000] {processor.py:826} INFO - Processing file /home/vscode/.local/lib/python3.10/site-packages/airflow/example_dags/example_branch_operator_decorator.py for tasks to queue
[2024-12-12T15:46:11.682+0000] {logging_mixin.py:150} INFO - [2024-12-12T15:46:11.682+0000] {dagbag.py:541} INFO - Filling up the DagBag from /home/vscode/.local/lib/python3.10/site-packages/airflow/example_dags/example_branch_operator_decorator.py
[2024-12-12T15:46:11.690+0000] {processor.py:836} INFO - DAG(s) dict_keys(['example_branch_python_operator_decorator']) retrieved from /home/vscode/.local/lib/python3.10/site-packages/airflow/example_dags/example_branch_operator_decorator.py
[2024-12-12T15:46:11.708+0000] {logging_mixin.py:150} INFO - [2024-12-12T15:46:11.708+0000] {dag.py:2742} INFO - Sync 1 DAGs
[2024-12-12T15:46:11.728+0000] {logging_mixin.py:150} INFO - [2024-12-12T15:46:11.728+0000] {dag.py:3504} INFO - Setting next_dagrun for example_branch_python_operator_decorator to 2024-12-11T00:00:00+00:00, run_after=2024-12-12T00:00:00+00:00
[2024-12-12T15:46:11.742+0000] {processor.py:179} INFO - Processing /home/vscode/.local/lib/python3.10/site-packages/airflow/example_dags/example_branch_operator_decorator.py took 0.064 seconds
[2024-12-12T15:46:58.628+0000] {processor.py:157} INFO - Started process (PID=39151) to work on /home/vscode/.local/lib/python3.10/site-packages/airflow/example_dags/example_branch_operator_decorator.py
[2024-12-12T15:46:58.629+0000] {processor.py:826} INFO - Processing file /home/vscode/.local/lib/python3.10/site-packages/airflow/example_dags/example_branch_operator_decorator.py for tasks to queue
[2024-12-12T15:46:58.629+0000] {logging_mixin.py:150} INFO - [2024-12-12T15:46:58.629+0000] {dagbag.py:541} INFO - Filling up the DagBag from /home/vscode/.local/lib/python3.10/site-packages/airflow/example_dags/example_branch_operator_decorator.py
[2024-12-12T15:46:58.637+0000] {processor.py:836} INFO - DAG(s) dict_keys(['example_branch_python_operator_decorator']) retrieved from /home/vscode/.local/lib/python3.10/site-packages/airflow/example_dags/example_branch_operator_decorator.py
[2024-12-12T15:46:58.650+0000] {logging_mixin.py:150} INFO - [2024-12-12T15:46:58.650+0000] {dag.py:2742} INFO - Sync 1 DAGs
[2024-12-12T15:46:58.664+0000] {logging_mixin.py:150} INFO - [2024-12-12T15:46:58.664+0000] {dag.py:3504} INFO - Setting next_dagrun for example_branch_python_operator_decorator to 2024-12-11T00:00:00+00:00, run_after=2024-12-12T00:00:00+00:00
[2024-12-12T15:46:58.678+0000] {processor.py:179} INFO - Processing /home/vscode/.local/lib/python3.10/site-packages/airflow/example_dags/example_branch_operator_decorator.py took 0.052 seconds
[2024-12-12T15:47:46.984+0000] {processor.py:157} INFO - Started process (PID=39526) to work on /home/vscode/.local/lib/python3.10/site-packages/airflow/example_dags/example_branch_operator_decorator.py
[2024-12-12T15:47:46.985+0000] {processor.py:826} INFO - Processing file /home/vscode/.local/lib/python3.10/site-packages/airflow/example_dags/example_branch_operator_decorator.py for tasks to queue
[2024-12-12T15:47:46.986+0000] {logging_mixin.py:150} INFO - [2024-12-12T15:47:46.985+0000] {dagbag.py:541} INFO - Filling up the DagBag from /home/vscode/.local/lib/python3.10/site-packages/airflow/example_dags/example_branch_operator_decorator.py
[2024-12-12T15:47:46.993+0000] {processor.py:836} INFO - DAG(s) dict_keys(['example_branch_python_operator_decorator']) retrieved from /home/vscode/.local/lib/python3.10/site-packages/airflow/example_dags/example_branch_operator_decorator.py
[2024-12-12T15:47:47.009+0000] {logging_mixin.py:150} INFO - [2024-12-12T15:47:47.009+0000] {dag.py:2742} INFO - Sync 1 DAGs
[2024-12-12T15:47:47.031+0000] {logging_mixin.py:150} INFO - [2024-12-12T15:47:47.031+0000] {dag.py:3504} INFO - Setting next_dagrun for example_branch_python_operator_decorator to 2024-12-11T00:00:00+00:00, run_after=2024-12-12T00:00:00+00:00
[2024-12-12T15:47:47.046+0000] {processor.py:179} INFO - Processing /home/vscode/.local/lib/python3.10/site-packages/airflow/example_dags/example_branch_operator_decorator.py took 0.063 seconds
[2024-12-12T15:48:32.044+0000] {processor.py:157} INFO - Started process (PID=39888) to work on /home/vscode/.local/lib/python3.10/site-packages/airflow/example_dags/example_branch_operator_decorator.py
[2024-12-12T15:48:32.045+0000] {processor.py:826} INFO - Processing file /home/vscode/.local/lib/python3.10/site-packages/airflow/example_dags/example_branch_operator_decorator.py for tasks to queue
[2024-12-12T15:48:32.045+0000] {logging_mixin.py:150} INFO - [2024-12-12T15:48:32.045+0000] {dagbag.py:541} INFO - Filling up the DagBag from /home/vscode/.local/lib/python3.10/site-packages/airflow/example_dags/example_branch_operator_decorator.py
[2024-12-12T15:48:32.052+0000] {processor.py:836} INFO - DAG(s) dict_keys(['example_branch_python_operator_decorator']) retrieved from /home/vscode/.local/lib/python3.10/site-packages/airflow/example_dags/example_branch_operator_decorator.py
[2024-12-12T15:48:32.065+0000] {logging_mixin.py:150} INFO - [2024-12-12T15:48:32.065+0000] {dag.py:2742} INFO - Sync 1 DAGs
[2024-12-12T15:48:32.079+0000] {logging_mixin.py:150} INFO - [2024-12-12T15:48:32.079+0000] {dag.py:3504} INFO - Setting next_dagrun for example_branch_python_operator_decorator to 2024-12-11T00:00:00+00:00, run_after=2024-12-12T00:00:00+00:00
[2024-12-12T15:48:32.094+0000] {processor.py:179} INFO - Processing /home/vscode/.local/lib/python3.10/site-packages/airflow/example_dags/example_branch_operator_decorator.py took 0.052 seconds
[2024-12-12T15:49:26.821+0000] {processor.py:157} INFO - Started process (PID=40340) to work on /home/vscode/.local/lib/python3.10/site-packages/airflow/example_dags/example_branch_operator_decorator.py
[2024-12-12T15:49:26.821+0000] {processor.py:826} INFO - Processing file /home/vscode/.local/lib/python3.10/site-packages/airflow/example_dags/example_branch_operator_decorator.py for tasks to queue
[2024-12-12T15:49:26.822+0000] {logging_mixin.py:150} INFO - [2024-12-12T15:49:26.822+0000] {dagbag.py:541} INFO - Filling up the DagBag from /home/vscode/.local/lib/python3.10/site-packages/airflow/example_dags/example_branch_operator_decorator.py
[2024-12-12T15:49:26.829+0000] {processor.py:836} INFO - DAG(s) dict_keys(['example_branch_python_operator_decorator']) retrieved from /home/vscode/.local/lib/python3.10/site-packages/airflow/example_dags/example_branch_operator_decorator.py
[2024-12-12T15:49:26.842+0000] {logging_mixin.py:150} INFO - [2024-12-12T15:49:26.842+0000] {dag.py:2742} INFO - Sync 1 DAGs
[2024-12-12T15:49:26.856+0000] {logging_mixin.py:150} INFO - [2024-12-12T15:49:26.856+0000] {dag.py:3504} INFO - Setting next_dagrun for example_branch_python_operator_decorator to 2024-12-11T00:00:00+00:00, run_after=2024-12-12T00:00:00+00:00
[2024-12-12T15:49:26.870+0000] {processor.py:179} INFO - Processing /home/vscode/.local/lib/python3.10/site-packages/airflow/example_dags/example_branch_operator_decorator.py took 0.051 seconds
[2024-12-12T15:50:09.817+0000] {processor.py:157} INFO - Started process (PID=40675) to work on /home/vscode/.local/lib/python3.10/site-packages/airflow/example_dags/example_branch_operator_decorator.py
[2024-12-12T15:50:09.817+0000] {processor.py:826} INFO - Processing file /home/vscode/.local/lib/python3.10/site-packages/airflow/example_dags/example_branch_operator_decorator.py for tasks to queue
[2024-12-12T15:50:09.818+0000] {logging_mixin.py:150} INFO - [2024-12-12T15:50:09.818+0000] {dagbag.py:541} INFO - Filling up the DagBag from /home/vscode/.local/lib/python3.10/site-packages/airflow/example_dags/example_branch_operator_decorator.py
[2024-12-12T15:50:09.826+0000] {processor.py:836} INFO - DAG(s) dict_keys(['example_branch_python_operator_decorator']) retrieved from /home/vscode/.local/lib/python3.10/site-packages/airflow/example_dags/example_branch_operator_decorator.py
[2024-12-12T15:50:09.838+0000] {logging_mixin.py:150} INFO - [2024-12-12T15:50:09.838+0000] {dag.py:2742} INFO - Sync 1 DAGs
[2024-12-12T15:50:09.853+0000] {logging_mixin.py:150} INFO - [2024-12-12T15:50:09.853+0000] {dag.py:3504} INFO - Setting next_dagrun for example_branch_python_operator_decorator to 2024-12-11T00:00:00+00:00, run_after=2024-12-12T00:00:00+00:00
[2024-12-12T15:50:09.867+0000] {processor.py:179} INFO - Processing /home/vscode/.local/lib/python3.10/site-packages/airflow/example_dags/example_branch_operator_decorator.py took 0.052 seconds
[2024-12-12T15:50:51.880+0000] {processor.py:157} INFO - Started process (PID=41003) to work on /home/vscode/.local/lib/python3.10/site-packages/airflow/example_dags/example_branch_operator_decorator.py
[2024-12-12T15:50:51.880+0000] {processor.py:826} INFO - Processing file /home/vscode/.local/lib/python3.10/site-packages/airflow/example_dags/example_branch_operator_decorator.py for tasks to queue
[2024-12-12T15:50:51.881+0000] {logging_mixin.py:150} INFO - [2024-12-12T15:50:51.881+0000] {dagbag.py:541} INFO - Filling up the DagBag from /home/vscode/.local/lib/python3.10/site-packages/airflow/example_dags/example_branch_operator_decorator.py
[2024-12-12T15:50:51.888+0000] {processor.py:836} INFO - DAG(s) dict_keys(['example_branch_python_operator_decorator']) retrieved from /home/vscode/.local/lib/python3.10/site-packages/airflow/example_dags/example_branch_operator_decorator.py
[2024-12-12T15:50:51.900+0000] {logging_mixin.py:150} INFO - [2024-12-12T15:50:51.900+0000] {dag.py:2742} INFO - Sync 1 DAGs
[2024-12-12T15:50:51.914+0000] {logging_mixin.py:150} INFO - [2024-12-12T15:50:51.914+0000] {dag.py:3504} INFO - Setting next_dagrun for example_branch_python_operator_decorator to 2024-12-11T00:00:00+00:00, run_after=2024-12-12T00:00:00+00:00
[2024-12-12T15:50:51.928+0000] {processor.py:179} INFO - Processing /home/vscode/.local/lib/python3.10/site-packages/airflow/example_dags/example_branch_operator_decorator.py took 0.050 seconds
[2024-12-12T15:51:40.938+0000] {processor.py:157} INFO - Started process (PID=41386) to work on /home/vscode/.local/lib/python3.10/site-packages/airflow/example_dags/example_branch_operator_decorator.py
[2024-12-12T15:51:40.939+0000] {processor.py:826} INFO - Processing file /home/vscode/.local/lib/python3.10/site-packages/airflow/example_dags/example_branch_operator_decorator.py for tasks to queue
[2024-12-12T15:51:40.939+0000] {logging_mixin.py:150} INFO - [2024-12-12T15:51:40.939+0000] {dagbag.py:541} INFO - Filling up the DagBag from /home/vscode/.local/lib/python3.10/site-packages/airflow/example_dags/example_branch_operator_decorator.py
[2024-12-12T15:51:40.946+0000] {processor.py:836} INFO - DAG(s) dict_keys(['example_branch_python_operator_decorator']) retrieved from /home/vscode/.local/lib/python3.10/site-packages/airflow/example_dags/example_branch_operator_decorator.py
[2024-12-12T15:51:40.959+0000] {logging_mixin.py:150} INFO - [2024-12-12T15:51:40.958+0000] {dag.py:2742} INFO - Sync 1 DAGs
[2024-12-12T15:51:40.972+0000] {logging_mixin.py:150} INFO - [2024-12-12T15:51:40.972+0000] {dag.py:3504} INFO - Setting next_dagrun for example_branch_python_operator_decorator to 2024-12-11T00:00:00+00:00, run_after=2024-12-12T00:00:00+00:00
[2024-12-12T15:51:40.986+0000] {processor.py:179} INFO - Processing /home/vscode/.local/lib/python3.10/site-packages/airflow/example_dags/example_branch_operator_decorator.py took 0.050 seconds
[2024-12-12T15:52:28.298+0000] {processor.py:157} INFO - Started process (PID=41743) to work on /home/vscode/.local/lib/python3.10/site-packages/airflow/example_dags/example_branch_operator_decorator.py
[2024-12-12T15:52:28.299+0000] {processor.py:826} INFO - Processing file /home/vscode/.local/lib/python3.10/site-packages/airflow/example_dags/example_branch_operator_decorator.py for tasks to queue
[2024-12-12T15:52:28.300+0000] {logging_mixin.py:150} INFO - [2024-12-12T15:52:28.299+0000] {dagbag.py:541} INFO - Filling up the DagBag from /home/vscode/.local/lib/python3.10/site-packages/airflow/example_dags/example_branch_operator_decorator.py
[2024-12-12T15:52:28.307+0000] {processor.py:836} INFO - DAG(s) dict_keys(['example_branch_python_operator_decorator']) retrieved from /home/vscode/.local/lib/python3.10/site-packages/airflow/example_dags/example_branch_operator_decorator.py
[2024-12-12T15:52:28.319+0000] {logging_mixin.py:150} INFO - [2024-12-12T15:52:28.319+0000] {dag.py:2742} INFO - Sync 1 DAGs
[2024-12-12T15:52:28.333+0000] {logging_mixin.py:150} INFO - [2024-12-12T15:52:28.333+0000] {dag.py:3504} INFO - Setting next_dagrun for example_branch_python_operator_decorator to 2024-12-11T00:00:00+00:00, run_after=2024-12-12T00:00:00+00:00
[2024-12-12T15:52:28.348+0000] {processor.py:179} INFO - Processing /home/vscode/.local/lib/python3.10/site-packages/airflow/example_dags/example_branch_operator_decorator.py took 0.052 seconds
[2024-12-12T15:53:11.947+0000] {processor.py:157} INFO - Started process (PID=42041) to work on /home/vscode/.local/lib/python3.10/site-packages/airflow/example_dags/example_branch_operator_decorator.py
[2024-12-12T15:53:11.948+0000] {processor.py:826} INFO - Processing file /home/vscode/.local/lib/python3.10/site-packages/airflow/example_dags/example_branch_operator_decorator.py for tasks to queue
[2024-12-12T15:53:11.948+0000] {logging_mixin.py:150} INFO - [2024-12-12T15:53:11.948+0000] {dagbag.py:541} INFO - Filling up the DagBag from /home/vscode/.local/lib/python3.10/site-packages/airflow/example_dags/example_branch_operator_decorator.py
[2024-12-12T15:53:11.956+0000] {processor.py:836} INFO - DAG(s) dict_keys(['example_branch_python_operator_decorator']) retrieved from /home/vscode/.local/lib/python3.10/site-packages/airflow/example_dags/example_branch_operator_decorator.py
[2024-12-12T15:53:11.968+0000] {logging_mixin.py:150} INFO - [2024-12-12T15:53:11.968+0000] {dag.py:2742} INFO - Sync 1 DAGs
[2024-12-12T15:53:11.983+0000] {logging_mixin.py:150} INFO - [2024-12-12T15:53:11.983+0000] {dag.py:3504} INFO - Setting next_dagrun for example_branch_python_operator_decorator to 2024-12-11T00:00:00+00:00, run_after=2024-12-12T00:00:00+00:00
[2024-12-12T15:53:11.996+0000] {processor.py:179} INFO - Processing /home/vscode/.local/lib/python3.10/site-packages/airflow/example_dags/example_branch_operator_decorator.py took 0.051 seconds
[2024-12-12T15:54:10.350+0000] {processor.py:157} INFO - Started process (PID=42466) to work on /home/vscode/.local/lib/python3.10/site-packages/airflow/example_dags/example_branch_operator_decorator.py
[2024-12-12T15:54:10.350+0000] {processor.py:826} INFO - Processing file /home/vscode/.local/lib/python3.10/site-packages/airflow/example_dags/example_branch_operator_decorator.py for tasks to queue
[2024-12-12T15:54:10.351+0000] {logging_mixin.py:150} INFO - [2024-12-12T15:54:10.351+0000] {dagbag.py:541} INFO - Filling up the DagBag from /home/vscode/.local/lib/python3.10/site-packages/airflow/example_dags/example_branch_operator_decorator.py
[2024-12-12T15:54:10.358+0000] {processor.py:836} INFO - DAG(s) dict_keys(['example_branch_python_operator_decorator']) retrieved from /home/vscode/.local/lib/python3.10/site-packages/airflow/example_dags/example_branch_operator_decorator.py
[2024-12-12T15:54:10.370+0000] {logging_mixin.py:150} INFO - [2024-12-12T15:54:10.370+0000] {dag.py:2742} INFO - Sync 1 DAGs
[2024-12-12T15:54:10.384+0000] {logging_mixin.py:150} INFO - [2024-12-12T15:54:10.384+0000] {dag.py:3504} INFO - Setting next_dagrun for example_branch_python_operator_decorator to 2024-12-11T00:00:00+00:00, run_after=2024-12-12T00:00:00+00:00
[2024-12-12T15:54:10.398+0000] {processor.py:179} INFO - Processing /home/vscode/.local/lib/python3.10/site-packages/airflow/example_dags/example_branch_operator_decorator.py took 0.051 seconds
[2024-12-12T15:54:55.486+0000] {processor.py:157} INFO - Started process (PID=42771) to work on /home/vscode/.local/lib/python3.10/site-packages/airflow/example_dags/example_branch_operator_decorator.py
[2024-12-12T15:54:55.487+0000] {processor.py:826} INFO - Processing file /home/vscode/.local/lib/python3.10/site-packages/airflow/example_dags/example_branch_operator_decorator.py for tasks to queue
[2024-12-12T15:54:55.487+0000] {logging_mixin.py:150} INFO - [2024-12-12T15:54:55.487+0000] {dagbag.py:541} INFO - Filling up the DagBag from /home/vscode/.local/lib/python3.10/site-packages/airflow/example_dags/example_branch_operator_decorator.py
[2024-12-12T15:54:55.494+0000] {processor.py:836} INFO - DAG(s) dict_keys(['example_branch_python_operator_decorator']) retrieved from /home/vscode/.local/lib/python3.10/site-packages/airflow/example_dags/example_branch_operator_decorator.py
[2024-12-12T15:54:55.507+0000] {logging_mixin.py:150} INFO - [2024-12-12T15:54:55.507+0000] {dag.py:2742} INFO - Sync 1 DAGs
[2024-12-12T15:54:55.521+0000] {logging_mixin.py:150} INFO - [2024-12-12T15:54:55.521+0000] {dag.py:3504} INFO - Setting next_dagrun for example_branch_python_operator_decorator to 2024-12-11T00:00:00+00:00, run_after=2024-12-12T00:00:00+00:00
[2024-12-12T15:54:55.535+0000] {processor.py:179} INFO - Processing /home/vscode/.local/lib/python3.10/site-packages/airflow/example_dags/example_branch_operator_decorator.py took 0.050 seconds
[2024-12-12T15:55:41.433+0000] {processor.py:157} INFO - Started process (PID=43084) to work on /home/vscode/.local/lib/python3.10/site-packages/airflow/example_dags/example_branch_operator_decorator.py
[2024-12-12T15:55:41.434+0000] {processor.py:826} INFO - Processing file /home/vscode/.local/lib/python3.10/site-packages/airflow/example_dags/example_branch_operator_decorator.py for tasks to queue
[2024-12-12T15:55:41.434+0000] {logging_mixin.py:150} INFO - [2024-12-12T15:55:41.434+0000] {dagbag.py:541} INFO - Filling up the DagBag from /home/vscode/.local/lib/python3.10/site-packages/airflow/example_dags/example_branch_operator_decorator.py
[2024-12-12T15:55:41.441+0000] {processor.py:836} INFO - DAG(s) dict_keys(['example_branch_python_operator_decorator']) retrieved from /home/vscode/.local/lib/python3.10/site-packages/airflow/example_dags/example_branch_operator_decorator.py
[2024-12-12T15:55:41.453+0000] {logging_mixin.py:150} INFO - [2024-12-12T15:55:41.453+0000] {dag.py:2742} INFO - Sync 1 DAGs
[2024-12-12T15:55:41.471+0000] {logging_mixin.py:150} INFO - [2024-12-12T15:55:41.471+0000] {dag.py:3504} INFO - Setting next_dagrun for example_branch_python_operator_decorator to 2024-12-11T00:00:00+00:00, run_after=2024-12-12T00:00:00+00:00
[2024-12-12T15:55:41.487+0000] {processor.py:179} INFO - Processing /home/vscode/.local/lib/python3.10/site-packages/airflow/example_dags/example_branch_operator_decorator.py took 0.056 seconds
[2024-12-12T15:56:27.871+0000] {processor.py:157} INFO - Started process (PID=43402) to work on /home/vscode/.local/lib/python3.10/site-packages/airflow/example_dags/example_branch_operator_decorator.py
[2024-12-12T15:56:27.872+0000] {processor.py:826} INFO - Processing file /home/vscode/.local/lib/python3.10/site-packages/airflow/example_dags/example_branch_operator_decorator.py for tasks to queue
[2024-12-12T15:56:27.873+0000] {logging_mixin.py:150} INFO - [2024-12-12T15:56:27.872+0000] {dagbag.py:541} INFO - Filling up the DagBag from /home/vscode/.local/lib/python3.10/site-packages/airflow/example_dags/example_branch_operator_decorator.py
[2024-12-12T15:56:27.879+0000] {processor.py:836} INFO - DAG(s) dict_keys(['example_branch_python_operator_decorator']) retrieved from /home/vscode/.local/lib/python3.10/site-packages/airflow/example_dags/example_branch_operator_decorator.py
[2024-12-12T15:56:27.892+0000] {logging_mixin.py:150} INFO - [2024-12-12T15:56:27.892+0000] {dag.py:2742} INFO - Sync 1 DAGs
[2024-12-12T15:56:27.906+0000] {logging_mixin.py:150} INFO - [2024-12-12T15:56:27.906+0000] {dag.py:3504} INFO - Setting next_dagrun for example_branch_python_operator_decorator to 2024-12-11T00:00:00+00:00, run_after=2024-12-12T00:00:00+00:00
[2024-12-12T15:56:27.920+0000] {processor.py:179} INFO - Processing /home/vscode/.local/lib/python3.10/site-packages/airflow/example_dags/example_branch_operator_decorator.py took 0.050 seconds
[2024-12-12T15:57:17.940+0000] {processor.py:157} INFO - Started process (PID=43753) to work on /home/vscode/.local/lib/python3.10/site-packages/airflow/example_dags/example_branch_operator_decorator.py
[2024-12-12T15:57:17.940+0000] {processor.py:826} INFO - Processing file /home/vscode/.local/lib/python3.10/site-packages/airflow/example_dags/example_branch_operator_decorator.py for tasks to queue
[2024-12-12T15:57:17.941+0000] {logging_mixin.py:150} INFO - [2024-12-12T15:57:17.941+0000] {dagbag.py:541} INFO - Filling up the DagBag from /home/vscode/.local/lib/python3.10/site-packages/airflow/example_dags/example_branch_operator_decorator.py
[2024-12-12T15:57:17.948+0000] {processor.py:836} INFO - DAG(s) dict_keys(['example_branch_python_operator_decorator']) retrieved from /home/vscode/.local/lib/python3.10/site-packages/airflow/example_dags/example_branch_operator_decorator.py
[2024-12-12T15:57:17.960+0000] {logging_mixin.py:150} INFO - [2024-12-12T15:57:17.960+0000] {dag.py:2742} INFO - Sync 1 DAGs
[2024-12-12T15:57:17.974+0000] {logging_mixin.py:150} INFO - [2024-12-12T15:57:17.974+0000] {dag.py:3504} INFO - Setting next_dagrun for example_branch_python_operator_decorator to 2024-12-11T00:00:00+00:00, run_after=2024-12-12T00:00:00+00:00
[2024-12-12T15:57:17.988+0000] {processor.py:179} INFO - Processing /home/vscode/.local/lib/python3.10/site-packages/airflow/example_dags/example_branch_operator_decorator.py took 0.050 seconds
[2024-12-12T15:58:06.954+0000] {processor.py:157} INFO - Started process (PID=44095) to work on /home/vscode/.local/lib/python3.10/site-packages/airflow/example_dags/example_branch_operator_decorator.py
[2024-12-12T15:58:06.954+0000] {processor.py:826} INFO - Processing file /home/vscode/.local/lib/python3.10/site-packages/airflow/example_dags/example_branch_operator_decorator.py for tasks to queue
[2024-12-12T15:58:06.955+0000] {logging_mixin.py:150} INFO - [2024-12-12T15:58:06.955+0000] {dagbag.py:541} INFO - Filling up the DagBag from /home/vscode/.local/lib/python3.10/site-packages/airflow/example_dags/example_branch_operator_decorator.py
[2024-12-12T15:58:06.962+0000] {processor.py:836} INFO - DAG(s) dict_keys(['example_branch_python_operator_decorator']) retrieved from /home/vscode/.local/lib/python3.10/site-packages/airflow/example_dags/example_branch_operator_decorator.py
[2024-12-12T15:58:06.975+0000] {logging_mixin.py:150} INFO - [2024-12-12T15:58:06.974+0000] {dag.py:2742} INFO - Sync 1 DAGs
[2024-12-12T15:58:06.989+0000] {logging_mixin.py:150} INFO - [2024-12-12T15:58:06.989+0000] {dag.py:3504} INFO - Setting next_dagrun for example_branch_python_operator_decorator to 2024-12-11T00:00:00+00:00, run_after=2024-12-12T00:00:00+00:00
[2024-12-12T15:58:07.002+0000] {processor.py:179} INFO - Processing /home/vscode/.local/lib/python3.10/site-packages/airflow/example_dags/example_branch_operator_decorator.py took 0.050 seconds
[2024-12-12T15:58:53.161+0000] {processor.py:157} INFO - Started process (PID=44478) to work on /home/vscode/.local/lib/python3.10/site-packages/airflow/example_dags/example_branch_operator_decorator.py
[2024-12-12T15:58:53.162+0000] {processor.py:826} INFO - Processing file /home/vscode/.local/lib/python3.10/site-packages/airflow/example_dags/example_branch_operator_decorator.py for tasks to queue
[2024-12-12T15:58:53.162+0000] {logging_mixin.py:150} INFO - [2024-12-12T15:58:53.162+0000] {dagbag.py:541} INFO - Filling up the DagBag from /home/vscode/.local/lib/python3.10/site-packages/airflow/example_dags/example_branch_operator_decorator.py
[2024-12-12T15:58:53.169+0000] {processor.py:836} INFO - DAG(s) dict_keys(['example_branch_python_operator_decorator']) retrieved from /home/vscode/.local/lib/python3.10/site-packages/airflow/example_dags/example_branch_operator_decorator.py
[2024-12-12T15:58:53.183+0000] {logging_mixin.py:150} INFO - [2024-12-12T15:58:53.183+0000] {dag.py:2742} INFO - Sync 1 DAGs
[2024-12-12T15:58:53.197+0000] {logging_mixin.py:150} INFO - [2024-12-12T15:58:53.197+0000] {dag.py:3504} INFO - Setting next_dagrun for example_branch_python_operator_decorator to 2024-12-11T00:00:00+00:00, run_after=2024-12-12T00:00:00+00:00
[2024-12-12T15:58:53.210+0000] {processor.py:179} INFO - Processing /home/vscode/.local/lib/python3.10/site-packages/airflow/example_dags/example_branch_operator_decorator.py took 0.051 seconds
[2024-12-12T15:59:34.252+0000] {processor.py:157} INFO - Started process (PID=44790) to work on /home/vscode/.local/lib/python3.10/site-packages/airflow/example_dags/example_branch_operator_decorator.py
[2024-12-12T15:59:34.252+0000] {processor.py:826} INFO - Processing file /home/vscode/.local/lib/python3.10/site-packages/airflow/example_dags/example_branch_operator_decorator.py for tasks to queue
[2024-12-12T15:59:34.253+0000] {logging_mixin.py:150} INFO - [2024-12-12T15:59:34.253+0000] {dagbag.py:541} INFO - Filling up the DagBag from /home/vscode/.local/lib/python3.10/site-packages/airflow/example_dags/example_branch_operator_decorator.py
[2024-12-12T15:59:34.260+0000] {processor.py:836} INFO - DAG(s) dict_keys(['example_branch_python_operator_decorator']) retrieved from /home/vscode/.local/lib/python3.10/site-packages/airflow/example_dags/example_branch_operator_decorator.py
[2024-12-12T15:59:34.272+0000] {logging_mixin.py:150} INFO - [2024-12-12T15:59:34.272+0000] {dag.py:2742} INFO - Sync 1 DAGs
[2024-12-12T15:59:34.286+0000] {logging_mixin.py:150} INFO - [2024-12-12T15:59:34.286+0000] {dag.py:3504} INFO - Setting next_dagrun for example_branch_python_operator_decorator to 2024-12-11T00:00:00+00:00, run_after=2024-12-12T00:00:00+00:00
[2024-12-12T15:59:34.299+0000] {processor.py:179} INFO - Processing /home/vscode/.local/lib/python3.10/site-packages/airflow/example_dags/example_branch_operator_decorator.py took 0.050 seconds
[2024-12-12T16:00:19.358+0000] {processor.py:157} INFO - Started process (PID=45127) to work on /home/vscode/.local/lib/python3.10/site-packages/airflow/example_dags/example_branch_operator_decorator.py
[2024-12-12T16:00:19.359+0000] {processor.py:826} INFO - Processing file /home/vscode/.local/lib/python3.10/site-packages/airflow/example_dags/example_branch_operator_decorator.py for tasks to queue
[2024-12-12T16:00:19.359+0000] {logging_mixin.py:150} INFO - [2024-12-12T16:00:19.359+0000] {dagbag.py:541} INFO - Filling up the DagBag from /home/vscode/.local/lib/python3.10/site-packages/airflow/example_dags/example_branch_operator_decorator.py
[2024-12-12T16:00:19.366+0000] {processor.py:836} INFO - DAG(s) dict_keys(['example_branch_python_operator_decorator']) retrieved from /home/vscode/.local/lib/python3.10/site-packages/airflow/example_dags/example_branch_operator_decorator.py
[2024-12-12T16:00:19.379+0000] {logging_mixin.py:150} INFO - [2024-12-12T16:00:19.379+0000] {dag.py:2742} INFO - Sync 1 DAGs
[2024-12-12T16:00:19.393+0000] {logging_mixin.py:150} INFO - [2024-12-12T16:00:19.393+0000] {dag.py:3504} INFO - Setting next_dagrun for example_branch_python_operator_decorator to 2024-12-11T00:00:00+00:00, run_after=2024-12-12T00:00:00+00:00
[2024-12-12T16:00:19.407+0000] {processor.py:179} INFO - Processing /home/vscode/.local/lib/python3.10/site-packages/airflow/example_dags/example_branch_operator_decorator.py took 0.051 seconds
[2024-12-12T16:01:04.974+0000] {processor.py:157} INFO - Started process (PID=45438) to work on /home/vscode/.local/lib/python3.10/site-packages/airflow/example_dags/example_branch_operator_decorator.py
[2024-12-12T16:01:04.974+0000] {processor.py:826} INFO - Processing file /home/vscode/.local/lib/python3.10/site-packages/airflow/example_dags/example_branch_operator_decorator.py for tasks to queue
[2024-12-12T16:01:04.975+0000] {logging_mixin.py:150} INFO - [2024-12-12T16:01:04.975+0000] {dagbag.py:541} INFO - Filling up the DagBag from /home/vscode/.local/lib/python3.10/site-packages/airflow/example_dags/example_branch_operator_decorator.py
[2024-12-12T16:01:04.982+0000] {processor.py:836} INFO - DAG(s) dict_keys(['example_branch_python_operator_decorator']) retrieved from /home/vscode/.local/lib/python3.10/site-packages/airflow/example_dags/example_branch_operator_decorator.py
[2024-12-12T16:01:04.994+0000] {logging_mixin.py:150} INFO - [2024-12-12T16:01:04.994+0000] {dag.py:2742} INFO - Sync 1 DAGs
[2024-12-12T16:01:05.008+0000] {logging_mixin.py:150} INFO - [2024-12-12T16:01:05.008+0000] {dag.py:3504} INFO - Setting next_dagrun for example_branch_python_operator_decorator to 2024-12-11T00:00:00+00:00, run_after=2024-12-12T00:00:00+00:00
[2024-12-12T16:01:05.021+0000] {processor.py:179} INFO - Processing /home/vscode/.local/lib/python3.10/site-packages/airflow/example_dags/example_branch_operator_decorator.py took 0.050 seconds
[2024-12-12T16:01:49.312+0000] {processor.py:157} INFO - Started process (PID=45761) to work on /home/vscode/.local/lib/python3.10/site-packages/airflow/example_dags/example_branch_operator_decorator.py
[2024-12-12T16:01:49.312+0000] {processor.py:826} INFO - Processing file /home/vscode/.local/lib/python3.10/site-packages/airflow/example_dags/example_branch_operator_decorator.py for tasks to queue
[2024-12-12T16:01:49.313+0000] {logging_mixin.py:150} INFO - [2024-12-12T16:01:49.313+0000] {dagbag.py:541} INFO - Filling up the DagBag from /home/vscode/.local/lib/python3.10/site-packages/airflow/example_dags/example_branch_operator_decorator.py
[2024-12-12T16:01:49.320+0000] {processor.py:836} INFO - DAG(s) dict_keys(['example_branch_python_operator_decorator']) retrieved from /home/vscode/.local/lib/python3.10/site-packages/airflow/example_dags/example_branch_operator_decorator.py
[2024-12-12T16:01:49.332+0000] {logging_mixin.py:150} INFO - [2024-12-12T16:01:49.332+0000] {dag.py:2742} INFO - Sync 1 DAGs
[2024-12-12T16:01:49.346+0000] {logging_mixin.py:150} INFO - [2024-12-12T16:01:49.346+0000] {dag.py:3504} INFO - Setting next_dagrun for example_branch_python_operator_decorator to 2024-12-11T00:00:00+00:00, run_after=2024-12-12T00:00:00+00:00
[2024-12-12T16:01:49.359+0000] {processor.py:179} INFO - Processing /home/vscode/.local/lib/python3.10/site-packages/airflow/example_dags/example_branch_operator_decorator.py took 0.049 seconds
[2024-12-12T16:02:44.028+0000] {processor.py:157} INFO - Started process (PID=46149) to work on /home/vscode/.local/lib/python3.10/site-packages/airflow/example_dags/example_branch_operator_decorator.py
[2024-12-12T16:02:44.029+0000] {processor.py:826} INFO - Processing file /home/vscode/.local/lib/python3.10/site-packages/airflow/example_dags/example_branch_operator_decorator.py for tasks to queue
[2024-12-12T16:02:44.030+0000] {logging_mixin.py:150} INFO - [2024-12-12T16:02:44.029+0000] {dagbag.py:541} INFO - Filling up the DagBag from /home/vscode/.local/lib/python3.10/site-packages/airflow/example_dags/example_branch_operator_decorator.py
[2024-12-12T16:02:44.037+0000] {processor.py:836} INFO - DAG(s) dict_keys(['example_branch_python_operator_decorator']) retrieved from /home/vscode/.local/lib/python3.10/site-packages/airflow/example_dags/example_branch_operator_decorator.py
[2024-12-12T16:02:44.053+0000] {logging_mixin.py:150} INFO - [2024-12-12T16:02:44.053+0000] {dag.py:2742} INFO - Sync 1 DAGs
[2024-12-12T16:02:44.067+0000] {logging_mixin.py:150} INFO - [2024-12-12T16:02:44.067+0000] {dag.py:3504} INFO - Setting next_dagrun for example_branch_python_operator_decorator to 2024-12-11T00:00:00+00:00, run_after=2024-12-12T00:00:00+00:00
[2024-12-12T16:02:44.082+0000] {processor.py:179} INFO - Processing /home/vscode/.local/lib/python3.10/site-packages/airflow/example_dags/example_branch_operator_decorator.py took 0.055 seconds
[2024-12-12T16:03:28.714+0000] {processor.py:157} INFO - Started process (PID=46472) to work on /home/vscode/.local/lib/python3.10/site-packages/airflow/example_dags/example_branch_operator_decorator.py
[2024-12-12T16:03:28.714+0000] {processor.py:826} INFO - Processing file /home/vscode/.local/lib/python3.10/site-packages/airflow/example_dags/example_branch_operator_decorator.py for tasks to queue
[2024-12-12T16:03:28.715+0000] {logging_mixin.py:150} INFO - [2024-12-12T16:03:28.715+0000] {dagbag.py:541} INFO - Filling up the DagBag from /home/vscode/.local/lib/python3.10/site-packages/airflow/example_dags/example_branch_operator_decorator.py
[2024-12-12T16:03:28.722+0000] {processor.py:836} INFO - DAG(s) dict_keys(['example_branch_python_operator_decorator']) retrieved from /home/vscode/.local/lib/python3.10/site-packages/airflow/example_dags/example_branch_operator_decorator.py
[2024-12-12T16:03:28.735+0000] {logging_mixin.py:150} INFO - [2024-12-12T16:03:28.735+0000] {dag.py:2742} INFO - Sync 1 DAGs
[2024-12-12T16:03:28.748+0000] {logging_mixin.py:150} INFO - [2024-12-12T16:03:28.748+0000] {dag.py:3504} INFO - Setting next_dagrun for example_branch_python_operator_decorator to 2024-12-11T00:00:00+00:00, run_after=2024-12-12T00:00:00+00:00
[2024-12-12T16:03:28.762+0000] {processor.py:179} INFO - Processing /home/vscode/.local/lib/python3.10/site-packages/airflow/example_dags/example_branch_operator_decorator.py took 0.050 seconds
