[2024-12-12T15:30:17.017+0000] {processor.py:157} INFO - Started process (PID=30665) to work on /home/vscode/.local/lib/python3.10/site-packages/airflow/example_dags/example_short_circuit_decorator.py
[2024-12-12T15:30:17.017+0000] {processor.py:826} INFO - Processing file /home/vscode/.local/lib/python3.10/site-packages/airflow/example_dags/example_short_circuit_decorator.py for tasks to queue
[2024-12-12T15:30:17.018+0000] {logging_mixin.py:150} INFO - [2024-12-12T15:30:17.018+0000] {dagbag.py:541} INFO - Filling up the DagBag from /home/vscode/.local/lib/python3.10/site-packages/airflow/example_dags/example_short_circuit_decorator.py
[2024-12-12T15:30:17.026+0000] {processor.py:836} INFO - DAG(s) dict_keys(['example_short_circuit_decorator']) retrieved from /home/vscode/.local/lib/python3.10/site-packages/airflow/example_dags/example_short_circuit_decorator.py
[2024-12-12T15:30:17.178+0000] {logging_mixin.py:150} INFO - [2024-12-12T15:30:17.178+0000] {manager.py:504} INFO - Created Permission View: can delete on DAG:example_short_circuit_decorator
[2024-12-12T15:30:17.185+0000] {logging_mixin.py:150} INFO - [2024-12-12T15:30:17.185+0000] {manager.py:504} INFO - Created Permission View: can read on DAG:example_short_circuit_decorator
[2024-12-12T15:30:17.191+0000] {logging_mixin.py:150} INFO - [2024-12-12T15:30:17.191+0000] {manager.py:504} INFO - Created Permission View: can edit on DAG:example_short_circuit_decorator
[2024-12-12T15:30:17.198+0000] {logging_mixin.py:150} INFO - [2024-12-12T15:30:17.198+0000] {dag.py:2742} INFO - Sync 1 DAGs
[2024-12-12T15:30:17.204+0000] {logging_mixin.py:150} INFO - [2024-12-12T15:30:17.204+0000] {dag.py:2763} INFO - Creating ORM DAG for example_short_circuit_decorator
[2024-12-12T15:30:17.212+0000] {logging_mixin.py:150} INFO - [2024-12-12T15:30:17.211+0000] {dag.py:3504} INFO - Setting next_dagrun for example_short_circuit_decorator to 2024-12-11T15:30:17.211776+00:00, run_after=2024-12-12T15:30:17.211776+00:00
[2024-12-12T15:30:17.228+0000] {processor.py:179} INFO - Processing /home/vscode/.local/lib/python3.10/site-packages/airflow/example_dags/example_short_circuit_decorator.py took 0.213 seconds
[2024-12-12T15:31:06.123+0000] {processor.py:157} INFO - Started process (PID=31106) to work on /home/vscode/.local/lib/python3.10/site-packages/airflow/example_dags/example_short_circuit_decorator.py
[2024-12-12T15:31:06.124+0000] {processor.py:826} INFO - Processing file /home/vscode/.local/lib/python3.10/site-packages/airflow/example_dags/example_short_circuit_decorator.py for tasks to queue
[2024-12-12T15:31:06.125+0000] {logging_mixin.py:150} INFO - [2024-12-12T15:31:06.125+0000] {dagbag.py:541} INFO - Filling up the DagBag from /home/vscode/.local/lib/python3.10/site-packages/airflow/example_dags/example_short_circuit_decorator.py
[2024-12-12T15:31:06.131+0000] {processor.py:836} INFO - DAG(s) dict_keys(['example_short_circuit_decorator']) retrieved from /home/vscode/.local/lib/python3.10/site-packages/airflow/example_dags/example_short_circuit_decorator.py
[2024-12-12T15:31:06.150+0000] {logging_mixin.py:150} INFO - [2024-12-12T15:31:06.150+0000] {dag.py:2742} INFO - Sync 1 DAGs
[2024-12-12T15:31:06.167+0000] {logging_mixin.py:150} INFO - [2024-12-12T15:31:06.167+0000] {dag.py:3504} INFO - Setting next_dagrun for example_short_circuit_decorator to 2024-12-11T15:31:06.167088+00:00, run_after=2024-12-12T15:31:06.167088+00:00
[2024-12-12T15:31:06.182+0000] {processor.py:179} INFO - Processing /home/vscode/.local/lib/python3.10/site-packages/airflow/example_dags/example_short_circuit_decorator.py took 0.062 seconds
[2024-12-12T15:31:39.468+0000] {processor.py:157} INFO - Started process (PID=31407) to work on /home/vscode/.local/lib/python3.10/site-packages/airflow/example_dags/example_short_circuit_decorator.py
[2024-12-12T15:31:39.469+0000] {processor.py:826} INFO - Processing file /home/vscode/.local/lib/python3.10/site-packages/airflow/example_dags/example_short_circuit_decorator.py for tasks to queue
[2024-12-12T15:31:39.470+0000] {logging_mixin.py:150} INFO - [2024-12-12T15:31:39.469+0000] {dagbag.py:541} INFO - Filling up the DagBag from /home/vscode/.local/lib/python3.10/site-packages/airflow/example_dags/example_short_circuit_decorator.py
[2024-12-12T15:31:39.476+0000] {processor.py:836} INFO - DAG(s) dict_keys(['example_short_circuit_decorator']) retrieved from /home/vscode/.local/lib/python3.10/site-packages/airflow/example_dags/example_short_circuit_decorator.py
[2024-12-12T15:31:39.488+0000] {logging_mixin.py:150} INFO - [2024-12-12T15:31:39.488+0000] {dag.py:2742} INFO - Sync 1 DAGs
[2024-12-12T15:31:39.502+0000] {logging_mixin.py:150} INFO - [2024-12-12T15:31:39.501+0000] {dag.py:3504} INFO - Setting next_dagrun for example_short_circuit_decorator to 2024-12-11T15:31:39.501823+00:00, run_after=2024-12-12T15:31:39.501823+00:00
[2024-12-12T15:31:39.516+0000] {processor.py:179} INFO - Processing /home/vscode/.local/lib/python3.10/site-packages/airflow/example_dags/example_short_circuit_decorator.py took 0.049 seconds
[2024-12-12T15:32:09.873+0000] {processor.py:157} INFO - Started process (PID=31613) to work on /home/vscode/.local/lib/python3.10/site-packages/airflow/example_dags/example_short_circuit_decorator.py
[2024-12-12T15:32:09.874+0000] {processor.py:826} INFO - Processing file /home/vscode/.local/lib/python3.10/site-packages/airflow/example_dags/example_short_circuit_decorator.py for tasks to queue
[2024-12-12T15:32:09.874+0000] {logging_mixin.py:150} INFO - [2024-12-12T15:32:09.874+0000] {dagbag.py:541} INFO - Filling up the DagBag from /home/vscode/.local/lib/python3.10/site-packages/airflow/example_dags/example_short_circuit_decorator.py
[2024-12-12T15:32:09.881+0000] {processor.py:836} INFO - DAG(s) dict_keys(['example_short_circuit_decorator']) retrieved from /home/vscode/.local/lib/python3.10/site-packages/airflow/example_dags/example_short_circuit_decorator.py
[2024-12-12T15:32:09.893+0000] {logging_mixin.py:150} INFO - [2024-12-12T15:32:09.892+0000] {dag.py:2742} INFO - Sync 1 DAGs
[2024-12-12T15:32:09.905+0000] {logging_mixin.py:150} INFO - [2024-12-12T15:32:09.905+0000] {dag.py:3504} INFO - Setting next_dagrun for example_short_circuit_decorator to 2024-12-11T15:32:09.905554+00:00, run_after=2024-12-12T15:32:09.905554+00:00
[2024-12-12T15:32:09.920+0000] {processor.py:179} INFO - Processing /home/vscode/.local/lib/python3.10/site-packages/airflow/example_dags/example_short_circuit_decorator.py took 0.049 seconds
[2024-12-12T15:32:49.284+0000] {processor.py:157} INFO - Started process (PID=31924) to work on /home/vscode/.local/lib/python3.10/site-packages/airflow/example_dags/example_short_circuit_decorator.py
[2024-12-12T15:32:49.285+0000] {processor.py:826} INFO - Processing file /home/vscode/.local/lib/python3.10/site-packages/airflow/example_dags/example_short_circuit_decorator.py for tasks to queue
[2024-12-12T15:32:49.286+0000] {logging_mixin.py:150} INFO - [2024-12-12T15:32:49.285+0000] {dagbag.py:541} INFO - Filling up the DagBag from /home/vscode/.local/lib/python3.10/site-packages/airflow/example_dags/example_short_circuit_decorator.py
[2024-12-12T15:32:49.300+0000] {processor.py:836} INFO - DAG(s) dict_keys(['example_short_circuit_decorator']) retrieved from /home/vscode/.local/lib/python3.10/site-packages/airflow/example_dags/example_short_circuit_decorator.py
[2024-12-12T15:32:49.317+0000] {logging_mixin.py:150} INFO - [2024-12-12T15:32:49.317+0000] {dag.py:2742} INFO - Sync 1 DAGs
[2024-12-12T15:32:49.331+0000] {logging_mixin.py:150} INFO - [2024-12-12T15:32:49.330+0000] {dag.py:3504} INFO - Setting next_dagrun for example_short_circuit_decorator to 2024-12-11T15:32:49.330801+00:00, run_after=2024-12-12T15:32:49.330801+00:00
[2024-12-12T15:32:49.344+0000] {processor.py:179} INFO - Processing /home/vscode/.local/lib/python3.10/site-packages/airflow/example_dags/example_short_circuit_decorator.py took 0.063 seconds
[2024-12-12T15:33:22.047+0000] {processor.py:157} INFO - Started process (PID=32165) to work on /home/vscode/.local/lib/python3.10/site-packages/airflow/example_dags/example_short_circuit_decorator.py
[2024-12-12T15:33:22.048+0000] {processor.py:826} INFO - Processing file /home/vscode/.local/lib/python3.10/site-packages/airflow/example_dags/example_short_circuit_decorator.py for tasks to queue
[2024-12-12T15:33:22.049+0000] {logging_mixin.py:150} INFO - [2024-12-12T15:33:22.048+0000] {dagbag.py:541} INFO - Filling up the DagBag from /home/vscode/.local/lib/python3.10/site-packages/airflow/example_dags/example_short_circuit_decorator.py
[2024-12-12T15:33:22.055+0000] {processor.py:836} INFO - DAG(s) dict_keys(['example_short_circuit_decorator']) retrieved from /home/vscode/.local/lib/python3.10/site-packages/airflow/example_dags/example_short_circuit_decorator.py
[2024-12-12T15:33:22.067+0000] {logging_mixin.py:150} INFO - [2024-12-12T15:33:22.067+0000] {dag.py:2742} INFO - Sync 1 DAGs
[2024-12-12T15:33:22.080+0000] {logging_mixin.py:150} INFO - [2024-12-12T15:33:22.080+0000] {dag.py:3504} INFO - Setting next_dagrun for example_short_circuit_decorator to 2024-12-11T15:33:22.080608+00:00, run_after=2024-12-12T15:33:22.080608+00:00
[2024-12-12T15:33:22.095+0000] {processor.py:179} INFO - Processing /home/vscode/.local/lib/python3.10/site-packages/airflow/example_dags/example_short_circuit_decorator.py took 0.050 seconds
[2024-12-12T15:34:04.174+0000] {processor.py:157} INFO - Started process (PID=32459) to work on /home/vscode/.local/lib/python3.10/site-packages/airflow/example_dags/example_short_circuit_decorator.py
[2024-12-12T15:34:04.174+0000] {processor.py:826} INFO - Processing file /home/vscode/.local/lib/python3.10/site-packages/airflow/example_dags/example_short_circuit_decorator.py for tasks to queue
[2024-12-12T15:34:04.175+0000] {logging_mixin.py:150} INFO - [2024-12-12T15:34:04.175+0000] {dagbag.py:541} INFO - Filling up the DagBag from /home/vscode/.local/lib/python3.10/site-packages/airflow/example_dags/example_short_circuit_decorator.py
[2024-12-12T15:34:04.181+0000] {processor.py:836} INFO - DAG(s) dict_keys(['example_short_circuit_decorator']) retrieved from /home/vscode/.local/lib/python3.10/site-packages/airflow/example_dags/example_short_circuit_decorator.py
[2024-12-12T15:34:04.193+0000] {logging_mixin.py:150} INFO - [2024-12-12T15:34:04.193+0000] {dag.py:2742} INFO - Sync 1 DAGs
[2024-12-12T15:34:04.206+0000] {logging_mixin.py:150} INFO - [2024-12-12T15:34:04.206+0000] {dag.py:3504} INFO - Setting next_dagrun for example_short_circuit_decorator to 2024-12-11T15:34:04.206104+00:00, run_after=2024-12-12T15:34:04.206104+00:00
[2024-12-12T15:34:04.221+0000] {processor.py:179} INFO - Processing /home/vscode/.local/lib/python3.10/site-packages/airflow/example_dags/example_short_circuit_decorator.py took 0.050 seconds
[2024-12-12T15:34:46.519+0000] {processor.py:157} INFO - Started process (PID=32751) to work on /home/vscode/.local/lib/python3.10/site-packages/airflow/example_dags/example_short_circuit_decorator.py
[2024-12-12T15:34:46.520+0000] {processor.py:826} INFO - Processing file /home/vscode/.local/lib/python3.10/site-packages/airflow/example_dags/example_short_circuit_decorator.py for tasks to queue
[2024-12-12T15:34:46.520+0000] {logging_mixin.py:150} INFO - [2024-12-12T15:34:46.520+0000] {dagbag.py:541} INFO - Filling up the DagBag from /home/vscode/.local/lib/python3.10/site-packages/airflow/example_dags/example_short_circuit_decorator.py
[2024-12-12T15:34:46.527+0000] {processor.py:836} INFO - DAG(s) dict_keys(['example_short_circuit_decorator']) retrieved from /home/vscode/.local/lib/python3.10/site-packages/airflow/example_dags/example_short_circuit_decorator.py
[2024-12-12T15:34:46.539+0000] {logging_mixin.py:150} INFO - [2024-12-12T15:34:46.539+0000] {dag.py:2742} INFO - Sync 1 DAGs
[2024-12-12T15:34:46.552+0000] {logging_mixin.py:150} INFO - [2024-12-12T15:34:46.552+0000] {dag.py:3504} INFO - Setting next_dagrun for example_short_circuit_decorator to 2024-12-11T15:34:46.552282+00:00, run_after=2024-12-12T15:34:46.552282+00:00
[2024-12-12T15:34:46.566+0000] {processor.py:179} INFO - Processing /home/vscode/.local/lib/python3.10/site-packages/airflow/example_dags/example_short_circuit_decorator.py took 0.049 seconds
[2024-12-12T15:35:22.264+0000] {processor.py:157} INFO - Started process (PID=33033) to work on /home/vscode/.local/lib/python3.10/site-packages/airflow/example_dags/example_short_circuit_decorator.py
[2024-12-12T15:35:22.264+0000] {processor.py:826} INFO - Processing file /home/vscode/.local/lib/python3.10/site-packages/airflow/example_dags/example_short_circuit_decorator.py for tasks to queue
[2024-12-12T15:35:22.265+0000] {logging_mixin.py:150} INFO - [2024-12-12T15:35:22.265+0000] {dagbag.py:541} INFO - Filling up the DagBag from /home/vscode/.local/lib/python3.10/site-packages/airflow/example_dags/example_short_circuit_decorator.py
[2024-12-12T15:35:22.272+0000] {processor.py:836} INFO - DAG(s) dict_keys(['example_short_circuit_decorator']) retrieved from /home/vscode/.local/lib/python3.10/site-packages/airflow/example_dags/example_short_circuit_decorator.py
[2024-12-12T15:35:22.284+0000] {logging_mixin.py:150} INFO - [2024-12-12T15:35:22.284+0000] {dag.py:2742} INFO - Sync 1 DAGs
[2024-12-12T15:35:22.297+0000] {logging_mixin.py:150} INFO - [2024-12-12T15:35:22.297+0000] {dag.py:3504} INFO - Setting next_dagrun for example_short_circuit_decorator to 2024-12-11T15:35:22.297383+00:00, run_after=2024-12-12T15:35:22.297383+00:00
[2024-12-12T15:35:22.312+0000] {processor.py:179} INFO - Processing /home/vscode/.local/lib/python3.10/site-packages/airflow/example_dags/example_short_circuit_decorator.py took 0.050 seconds
[2024-12-12T15:36:06.473+0000] {processor.py:157} INFO - Started process (PID=33342) to work on /home/vscode/.local/lib/python3.10/site-packages/airflow/example_dags/example_short_circuit_decorator.py
[2024-12-12T15:36:06.474+0000] {processor.py:826} INFO - Processing file /home/vscode/.local/lib/python3.10/site-packages/airflow/example_dags/example_short_circuit_decorator.py for tasks to queue
[2024-12-12T15:36:06.474+0000] {logging_mixin.py:150} INFO - [2024-12-12T15:36:06.474+0000] {dagbag.py:541} INFO - Filling up the DagBag from /home/vscode/.local/lib/python3.10/site-packages/airflow/example_dags/example_short_circuit_decorator.py
[2024-12-12T15:36:06.481+0000] {processor.py:836} INFO - DAG(s) dict_keys(['example_short_circuit_decorator']) retrieved from /home/vscode/.local/lib/python3.10/site-packages/airflow/example_dags/example_short_circuit_decorator.py
[2024-12-12T15:36:06.493+0000] {logging_mixin.py:150} INFO - [2024-12-12T15:36:06.493+0000] {dag.py:2742} INFO - Sync 1 DAGs
[2024-12-12T15:36:06.506+0000] {logging_mixin.py:150} INFO - [2024-12-12T15:36:06.506+0000] {dag.py:3504} INFO - Setting next_dagrun for example_short_circuit_decorator to 2024-12-11T15:36:06.506671+00:00, run_after=2024-12-12T15:36:06.506671+00:00
[2024-12-12T15:36:06.521+0000] {processor.py:179} INFO - Processing /home/vscode/.local/lib/python3.10/site-packages/airflow/example_dags/example_short_circuit_decorator.py took 0.049 seconds
[2024-12-12T15:36:44.807+0000] {processor.py:157} INFO - Started process (PID=33837) to work on /home/vscode/.local/lib/python3.10/site-packages/airflow/example_dags/example_short_circuit_decorator.py
[2024-12-12T15:36:44.807+0000] {processor.py:826} INFO - Processing file /home/vscode/.local/lib/python3.10/site-packages/airflow/example_dags/example_short_circuit_decorator.py for tasks to queue
[2024-12-12T15:36:44.808+0000] {logging_mixin.py:150} INFO - [2024-12-12T15:36:44.808+0000] {dagbag.py:541} INFO - Filling up the DagBag from /home/vscode/.local/lib/python3.10/site-packages/airflow/example_dags/example_short_circuit_decorator.py
[2024-12-12T15:36:44.815+0000] {processor.py:836} INFO - DAG(s) dict_keys(['example_short_circuit_decorator']) retrieved from /home/vscode/.local/lib/python3.10/site-packages/airflow/example_dags/example_short_circuit_decorator.py
[2024-12-12T15:36:44.827+0000] {logging_mixin.py:150} INFO - [2024-12-12T15:36:44.827+0000] {dag.py:2742} INFO - Sync 1 DAGs
[2024-12-12T15:36:44.840+0000] {logging_mixin.py:150} INFO - [2024-12-12T15:36:44.840+0000] {dag.py:3504} INFO - Setting next_dagrun for example_short_circuit_decorator to 2024-12-11T15:36:44.840516+00:00, run_after=2024-12-12T15:36:44.840516+00:00
[2024-12-12T15:36:44.855+0000] {processor.py:179} INFO - Processing /home/vscode/.local/lib/python3.10/site-packages/airflow/example_dags/example_short_circuit_decorator.py took 0.050 seconds
[2024-12-12T15:37:25.824+0000] {processor.py:157} INFO - Started process (PID=34189) to work on /home/vscode/.local/lib/python3.10/site-packages/airflow/example_dags/example_short_circuit_decorator.py
[2024-12-12T15:37:25.824+0000] {processor.py:826} INFO - Processing file /home/vscode/.local/lib/python3.10/site-packages/airflow/example_dags/example_short_circuit_decorator.py for tasks to queue
[2024-12-12T15:37:25.825+0000] {logging_mixin.py:150} INFO - [2024-12-12T15:37:25.825+0000] {dagbag.py:541} INFO - Filling up the DagBag from /home/vscode/.local/lib/python3.10/site-packages/airflow/example_dags/example_short_circuit_decorator.py
[2024-12-12T15:37:25.832+0000] {processor.py:836} INFO - DAG(s) dict_keys(['example_short_circuit_decorator']) retrieved from /home/vscode/.local/lib/python3.10/site-packages/airflow/example_dags/example_short_circuit_decorator.py
[2024-12-12T15:37:25.852+0000] {logging_mixin.py:150} INFO - [2024-12-12T15:37:25.851+0000] {dag.py:2742} INFO - Sync 1 DAGs
[2024-12-12T15:37:25.869+0000] {logging_mixin.py:150} INFO - [2024-12-12T15:37:25.869+0000] {dag.py:3504} INFO - Setting next_dagrun for example_short_circuit_decorator to 2024-12-11T15:37:25.869418+00:00, run_after=2024-12-12T15:37:25.869418+00:00
[2024-12-12T15:37:25.883+0000] {processor.py:179} INFO - Processing /home/vscode/.local/lib/python3.10/site-packages/airflow/example_dags/example_short_circuit_decorator.py took 0.062 seconds
[2024-12-12T15:37:57.884+0000] {processor.py:157} INFO - Started process (PID=34427) to work on /home/vscode/.local/lib/python3.10/site-packages/airflow/example_dags/example_short_circuit_decorator.py
[2024-12-12T15:37:57.884+0000] {processor.py:826} INFO - Processing file /home/vscode/.local/lib/python3.10/site-packages/airflow/example_dags/example_short_circuit_decorator.py for tasks to queue
[2024-12-12T15:37:57.885+0000] {logging_mixin.py:150} INFO - [2024-12-12T15:37:57.885+0000] {dagbag.py:541} INFO - Filling up the DagBag from /home/vscode/.local/lib/python3.10/site-packages/airflow/example_dags/example_short_circuit_decorator.py
[2024-12-12T15:37:57.895+0000] {processor.py:836} INFO - DAG(s) dict_keys(['example_short_circuit_decorator']) retrieved from /home/vscode/.local/lib/python3.10/site-packages/airflow/example_dags/example_short_circuit_decorator.py
[2024-12-12T15:37:57.912+0000] {logging_mixin.py:150} INFO - [2024-12-12T15:37:57.912+0000] {dag.py:2742} INFO - Sync 1 DAGs
[2024-12-12T15:37:57.926+0000] {logging_mixin.py:150} INFO - [2024-12-12T15:37:57.926+0000] {dag.py:3504} INFO - Setting next_dagrun for example_short_circuit_decorator to 2024-12-11T15:37:57.926305+00:00, run_after=2024-12-12T15:37:57.926305+00:00
[2024-12-12T15:37:57.940+0000] {processor.py:179} INFO - Processing /home/vscode/.local/lib/python3.10/site-packages/airflow/example_dags/example_short_circuit_decorator.py took 0.058 seconds
[2024-12-12T15:38:40.027+0000] {processor.py:157} INFO - Started process (PID=34810) to work on /home/vscode/.local/lib/python3.10/site-packages/airflow/example_dags/example_short_circuit_decorator.py
[2024-12-12T15:38:40.028+0000] {processor.py:826} INFO - Processing file /home/vscode/.local/lib/python3.10/site-packages/airflow/example_dags/example_short_circuit_decorator.py for tasks to queue
[2024-12-12T15:38:40.028+0000] {logging_mixin.py:150} INFO - [2024-12-12T15:38:40.028+0000] {dagbag.py:541} INFO - Filling up the DagBag from /home/vscode/.local/lib/python3.10/site-packages/airflow/example_dags/example_short_circuit_decorator.py
[2024-12-12T15:38:40.039+0000] {processor.py:836} INFO - DAG(s) dict_keys(['example_short_circuit_decorator']) retrieved from /home/vscode/.local/lib/python3.10/site-packages/airflow/example_dags/example_short_circuit_decorator.py
[2024-12-12T15:38:40.058+0000] {logging_mixin.py:150} INFO - [2024-12-12T15:38:40.058+0000] {dag.py:2742} INFO - Sync 1 DAGs
[2024-12-12T15:38:40.079+0000] {logging_mixin.py:150} INFO - [2024-12-12T15:38:40.079+0000] {dag.py:3504} INFO - Setting next_dagrun for example_short_circuit_decorator to 2024-12-11T15:38:40.078813+00:00, run_after=2024-12-12T15:38:40.078813+00:00
[2024-12-12T15:38:40.099+0000] {processor.py:179} INFO - Processing /home/vscode/.local/lib/python3.10/site-packages/airflow/example_dags/example_short_circuit_decorator.py took 0.075 seconds
[2024-12-12T15:38:41.185+0000] {processor.py:157} INFO - Started process (PID=34827) to work on /home/vscode/.local/lib/python3.10/site-packages/airflow/example_dags/example_short_circuit_decorator.py
[2024-12-12T15:38:41.186+0000] {processor.py:826} INFO - Processing file /home/vscode/.local/lib/python3.10/site-packages/airflow/example_dags/example_short_circuit_decorator.py for tasks to queue
[2024-12-12T15:38:41.186+0000] {logging_mixin.py:150} INFO - [2024-12-12T15:38:41.186+0000] {dagbag.py:541} INFO - Filling up the DagBag from /home/vscode/.local/lib/python3.10/site-packages/airflow/example_dags/example_short_circuit_decorator.py
[2024-12-12T15:38:41.194+0000] {processor.py:836} INFO - DAG(s) dict_keys(['example_short_circuit_decorator']) retrieved from /home/vscode/.local/lib/python3.10/site-packages/airflow/example_dags/example_short_circuit_decorator.py
[2024-12-12T15:38:41.212+0000] {logging_mixin.py:150} INFO - [2024-12-12T15:38:41.212+0000] {dag.py:2742} INFO - Sync 1 DAGs
[2024-12-12T15:38:41.232+0000] {logging_mixin.py:150} INFO - [2024-12-12T15:38:41.232+0000] {dag.py:3504} INFO - Setting next_dagrun for example_short_circuit_decorator to 2024-12-11T15:38:41.232238+00:00, run_after=2024-12-12T15:38:41.232238+00:00
[2024-12-12T15:38:41.338+0000] {processor.py:179} INFO - Processing /home/vscode/.local/lib/python3.10/site-packages/airflow/example_dags/example_short_circuit_decorator.py took 0.154 seconds
[2024-12-12T15:39:28.784+0000] {processor.py:157} INFO - Started process (PID=35409) to work on /home/vscode/.local/lib/python3.10/site-packages/airflow/example_dags/example_short_circuit_decorator.py
[2024-12-12T15:39:28.785+0000] {processor.py:826} INFO - Processing file /home/vscode/.local/lib/python3.10/site-packages/airflow/example_dags/example_short_circuit_decorator.py for tasks to queue
[2024-12-12T15:39:28.785+0000] {logging_mixin.py:150} INFO - [2024-12-12T15:39:28.785+0000] {dagbag.py:541} INFO - Filling up the DagBag from /home/vscode/.local/lib/python3.10/site-packages/airflow/example_dags/example_short_circuit_decorator.py
[2024-12-12T15:39:28.792+0000] {processor.py:836} INFO - DAG(s) dict_keys(['example_short_circuit_decorator']) retrieved from /home/vscode/.local/lib/python3.10/site-packages/airflow/example_dags/example_short_circuit_decorator.py
[2024-12-12T15:39:28.804+0000] {logging_mixin.py:150} INFO - [2024-12-12T15:39:28.804+0000] {dag.py:2742} INFO - Sync 1 DAGs
[2024-12-12T15:39:28.817+0000] {logging_mixin.py:150} INFO - [2024-12-12T15:39:28.817+0000] {dag.py:3504} INFO - Setting next_dagrun for example_short_circuit_decorator to 2024-12-11T15:39:28.817130+00:00, run_after=2024-12-12T15:39:28.817130+00:00
[2024-12-12T15:39:28.831+0000] {processor.py:179} INFO - Processing /home/vscode/.local/lib/python3.10/site-packages/airflow/example_dags/example_short_circuit_decorator.py took 0.049 seconds
[2024-12-12T15:40:00.743+0000] {processor.py:157} INFO - Started process (PID=35676) to work on /home/vscode/.local/lib/python3.10/site-packages/airflow/example_dags/example_short_circuit_decorator.py
[2024-12-12T15:40:00.743+0000] {processor.py:826} INFO - Processing file /home/vscode/.local/lib/python3.10/site-packages/airflow/example_dags/example_short_circuit_decorator.py for tasks to queue
[2024-12-12T15:40:00.744+0000] {logging_mixin.py:150} INFO - [2024-12-12T15:40:00.743+0000] {dagbag.py:541} INFO - Filling up the DagBag from /home/vscode/.local/lib/python3.10/site-packages/airflow/example_dags/example_short_circuit_decorator.py
[2024-12-12T15:40:00.750+0000] {processor.py:836} INFO - DAG(s) dict_keys(['example_short_circuit_decorator']) retrieved from /home/vscode/.local/lib/python3.10/site-packages/airflow/example_dags/example_short_circuit_decorator.py
[2024-12-12T15:40:00.763+0000] {logging_mixin.py:150} INFO - [2024-12-12T15:40:00.763+0000] {dag.py:2742} INFO - Sync 1 DAGs
[2024-12-12T15:40:00.777+0000] {logging_mixin.py:150} INFO - [2024-12-12T15:40:00.777+0000] {dag.py:3504} INFO - Setting next_dagrun for example_short_circuit_decorator to 2024-12-11T15:40:00.777338+00:00, run_after=2024-12-12T15:40:00.777338+00:00
[2024-12-12T15:40:00.792+0000] {processor.py:179} INFO - Processing /home/vscode/.local/lib/python3.10/site-packages/airflow/example_dags/example_short_circuit_decorator.py took 0.051 seconds
[2024-12-12T15:40:42.202+0000] {processor.py:157} INFO - Started process (PID=36122) to work on /home/vscode/.local/lib/python3.10/site-packages/airflow/example_dags/example_short_circuit_decorator.py
[2024-12-12T15:40:42.202+0000] {processor.py:826} INFO - Processing file /home/vscode/.local/lib/python3.10/site-packages/airflow/example_dags/example_short_circuit_decorator.py for tasks to queue
[2024-12-12T15:40:42.203+0000] {logging_mixin.py:150} INFO - [2024-12-12T15:40:42.203+0000] {dagbag.py:541} INFO - Filling up the DagBag from /home/vscode/.local/lib/python3.10/site-packages/airflow/example_dags/example_short_circuit_decorator.py
[2024-12-12T15:40:42.209+0000] {processor.py:836} INFO - DAG(s) dict_keys(['example_short_circuit_decorator']) retrieved from /home/vscode/.local/lib/python3.10/site-packages/airflow/example_dags/example_short_circuit_decorator.py
[2024-12-12T15:40:42.222+0000] {logging_mixin.py:150} INFO - [2024-12-12T15:40:42.222+0000] {dag.py:2742} INFO - Sync 1 DAGs
[2024-12-12T15:40:42.235+0000] {logging_mixin.py:150} INFO - [2024-12-12T15:40:42.235+0000] {dag.py:3504} INFO - Setting next_dagrun for example_short_circuit_decorator to 2024-12-11T15:40:42.235406+00:00, run_after=2024-12-12T15:40:42.235406+00:00
[2024-12-12T15:40:42.249+0000] {processor.py:179} INFO - Processing /home/vscode/.local/lib/python3.10/site-packages/airflow/example_dags/example_short_circuit_decorator.py took 0.050 seconds
[2024-12-12T15:41:27.057+0000] {processor.py:157} INFO - Started process (PID=36470) to work on /home/vscode/.local/lib/python3.10/site-packages/airflow/example_dags/example_short_circuit_decorator.py
[2024-12-12T15:41:27.058+0000] {processor.py:826} INFO - Processing file /home/vscode/.local/lib/python3.10/site-packages/airflow/example_dags/example_short_circuit_decorator.py for tasks to queue
[2024-12-12T15:41:27.058+0000] {logging_mixin.py:150} INFO - [2024-12-12T15:41:27.058+0000] {dagbag.py:541} INFO - Filling up the DagBag from /home/vscode/.local/lib/python3.10/site-packages/airflow/example_dags/example_short_circuit_decorator.py
[2024-12-12T15:41:27.065+0000] {processor.py:836} INFO - DAG(s) dict_keys(['example_short_circuit_decorator']) retrieved from /home/vscode/.local/lib/python3.10/site-packages/airflow/example_dags/example_short_circuit_decorator.py
[2024-12-12T15:41:27.077+0000] {logging_mixin.py:150} INFO - [2024-12-12T15:41:27.077+0000] {dag.py:2742} INFO - Sync 1 DAGs
[2024-12-12T15:41:27.090+0000] {logging_mixin.py:150} INFO - [2024-12-12T15:41:27.090+0000] {dag.py:3504} INFO - Setting next_dagrun for example_short_circuit_decorator to 2024-12-11T15:41:27.090194+00:00, run_after=2024-12-12T15:41:27.090194+00:00
[2024-12-12T15:41:27.104+0000] {processor.py:179} INFO - Processing /home/vscode/.local/lib/python3.10/site-packages/airflow/example_dags/example_short_circuit_decorator.py took 0.049 seconds
[2024-12-12T15:42:08.098+0000] {processor.py:157} INFO - Started process (PID=36790) to work on /home/vscode/.local/lib/python3.10/site-packages/airflow/example_dags/example_short_circuit_decorator.py
[2024-12-12T15:42:08.099+0000] {processor.py:826} INFO - Processing file /home/vscode/.local/lib/python3.10/site-packages/airflow/example_dags/example_short_circuit_decorator.py for tasks to queue
[2024-12-12T15:42:08.100+0000] {logging_mixin.py:150} INFO - [2024-12-12T15:42:08.099+0000] {dagbag.py:541} INFO - Filling up the DagBag from /home/vscode/.local/lib/python3.10/site-packages/airflow/example_dags/example_short_circuit_decorator.py
[2024-12-12T15:42:08.107+0000] {processor.py:836} INFO - DAG(s) dict_keys(['example_short_circuit_decorator']) retrieved from /home/vscode/.local/lib/python3.10/site-packages/airflow/example_dags/example_short_circuit_decorator.py
[2024-12-12T15:42:08.120+0000] {logging_mixin.py:150} INFO - [2024-12-12T15:42:08.120+0000] {dag.py:2742} INFO - Sync 1 DAGs
[2024-12-12T15:42:08.133+0000] {logging_mixin.py:150} INFO - [2024-12-12T15:42:08.133+0000] {dag.py:3504} INFO - Setting next_dagrun for example_short_circuit_decorator to 2024-12-11T15:42:08.133359+00:00, run_after=2024-12-12T15:42:08.133359+00:00
[2024-12-12T15:42:08.148+0000] {processor.py:179} INFO - Processing /home/vscode/.local/lib/python3.10/site-packages/airflow/example_dags/example_short_circuit_decorator.py took 0.053 seconds
[2024-12-12T15:42:41.154+0000] {processor.py:157} INFO - Started process (PID=37113) to work on /home/vscode/.local/lib/python3.10/site-packages/airflow/example_dags/example_short_circuit_decorator.py
[2024-12-12T15:42:41.154+0000] {processor.py:826} INFO - Processing file /home/vscode/.local/lib/python3.10/site-packages/airflow/example_dags/example_short_circuit_decorator.py for tasks to queue
[2024-12-12T15:42:41.155+0000] {logging_mixin.py:150} INFO - [2024-12-12T15:42:41.154+0000] {dagbag.py:541} INFO - Filling up the DagBag from /home/vscode/.local/lib/python3.10/site-packages/airflow/example_dags/example_short_circuit_decorator.py
[2024-12-12T15:42:41.161+0000] {processor.py:836} INFO - DAG(s) dict_keys(['example_short_circuit_decorator']) retrieved from /home/vscode/.local/lib/python3.10/site-packages/airflow/example_dags/example_short_circuit_decorator.py
[2024-12-12T15:42:41.173+0000] {logging_mixin.py:150} INFO - [2024-12-12T15:42:41.173+0000] {dag.py:2742} INFO - Sync 1 DAGs
[2024-12-12T15:42:41.187+0000] {logging_mixin.py:150} INFO - [2024-12-12T15:42:41.186+0000] {dag.py:3504} INFO - Setting next_dagrun for example_short_circuit_decorator to 2024-12-11T15:42:41.186822+00:00, run_after=2024-12-12T15:42:41.186822+00:00
[2024-12-12T15:42:41.201+0000] {processor.py:179} INFO - Processing /home/vscode/.local/lib/python3.10/site-packages/airflow/example_dags/example_short_circuit_decorator.py took 0.050 seconds
[2024-12-12T15:43:23.985+0000] {processor.py:157} INFO - Started process (PID=37449) to work on /home/vscode/.local/lib/python3.10/site-packages/airflow/example_dags/example_short_circuit_decorator.py
[2024-12-12T15:43:23.986+0000] {processor.py:826} INFO - Processing file /home/vscode/.local/lib/python3.10/site-packages/airflow/example_dags/example_short_circuit_decorator.py for tasks to queue
[2024-12-12T15:43:23.987+0000] {logging_mixin.py:150} INFO - [2024-12-12T15:43:23.986+0000] {dagbag.py:541} INFO - Filling up the DagBag from /home/vscode/.local/lib/python3.10/site-packages/airflow/example_dags/example_short_circuit_decorator.py
[2024-12-12T15:43:23.993+0000] {processor.py:836} INFO - DAG(s) dict_keys(['example_short_circuit_decorator']) retrieved from /home/vscode/.local/lib/python3.10/site-packages/airflow/example_dags/example_short_circuit_decorator.py
[2024-12-12T15:43:24.006+0000] {logging_mixin.py:150} INFO - [2024-12-12T15:43:24.006+0000] {dag.py:2742} INFO - Sync 1 DAGs
[2024-12-12T15:43:24.020+0000] {logging_mixin.py:150} INFO - [2024-12-12T15:43:24.020+0000] {dag.py:3504} INFO - Setting next_dagrun for example_short_circuit_decorator to 2024-12-11T15:43:24.020036+00:00, run_after=2024-12-12T15:43:24.020036+00:00
[2024-12-12T15:43:24.034+0000] {processor.py:179} INFO - Processing /home/vscode/.local/lib/python3.10/site-packages/airflow/example_dags/example_short_circuit_decorator.py took 0.051 seconds
[2024-12-12T15:44:06.517+0000] {processor.py:157} INFO - Started process (PID=37801) to work on /home/vscode/.local/lib/python3.10/site-packages/airflow/example_dags/example_short_circuit_decorator.py
[2024-12-12T15:44:06.518+0000] {processor.py:826} INFO - Processing file /home/vscode/.local/lib/python3.10/site-packages/airflow/example_dags/example_short_circuit_decorator.py for tasks to queue
[2024-12-12T15:44:06.519+0000] {logging_mixin.py:150} INFO - [2024-12-12T15:44:06.518+0000] {dagbag.py:541} INFO - Filling up the DagBag from /home/vscode/.local/lib/python3.10/site-packages/airflow/example_dags/example_short_circuit_decorator.py
[2024-12-12T15:44:06.527+0000] {processor.py:836} INFO - DAG(s) dict_keys(['example_short_circuit_decorator']) retrieved from /home/vscode/.local/lib/python3.10/site-packages/airflow/example_dags/example_short_circuit_decorator.py
[2024-12-12T15:44:06.540+0000] {logging_mixin.py:150} INFO - [2024-12-12T15:44:06.540+0000] {dag.py:2742} INFO - Sync 1 DAGs
[2024-12-12T15:44:06.560+0000] {logging_mixin.py:150} INFO - [2024-12-12T15:44:06.560+0000] {dag.py:3504} INFO - Setting next_dagrun for example_short_circuit_decorator to 2024-12-11T15:44:06.560032+00:00, run_after=2024-12-12T15:44:06.560032+00:00
[2024-12-12T15:44:06.581+0000] {processor.py:179} INFO - Processing /home/vscode/.local/lib/python3.10/site-packages/airflow/example_dags/example_short_circuit_decorator.py took 0.067 seconds
[2024-12-12T15:44:45.862+0000] {processor.py:157} INFO - Started process (PID=38109) to work on /home/vscode/.local/lib/python3.10/site-packages/airflow/example_dags/example_short_circuit_decorator.py
[2024-12-12T15:44:45.862+0000] {processor.py:826} INFO - Processing file /home/vscode/.local/lib/python3.10/site-packages/airflow/example_dags/example_short_circuit_decorator.py for tasks to queue
[2024-12-12T15:44:45.863+0000] {logging_mixin.py:150} INFO - [2024-12-12T15:44:45.862+0000] {dagbag.py:541} INFO - Filling up the DagBag from /home/vscode/.local/lib/python3.10/site-packages/airflow/example_dags/example_short_circuit_decorator.py
[2024-12-12T15:44:45.869+0000] {processor.py:836} INFO - DAG(s) dict_keys(['example_short_circuit_decorator']) retrieved from /home/vscode/.local/lib/python3.10/site-packages/airflow/example_dags/example_short_circuit_decorator.py
[2024-12-12T15:44:45.882+0000] {logging_mixin.py:150} INFO - [2024-12-12T15:44:45.882+0000] {dag.py:2742} INFO - Sync 1 DAGs
[2024-12-12T15:44:45.895+0000] {logging_mixin.py:150} INFO - [2024-12-12T15:44:45.895+0000] {dag.py:3504} INFO - Setting next_dagrun for example_short_circuit_decorator to 2024-12-11T15:44:45.894892+00:00, run_after=2024-12-12T15:44:45.894892+00:00
[2024-12-12T15:44:45.909+0000] {processor.py:179} INFO - Processing /home/vscode/.local/lib/python3.10/site-packages/airflow/example_dags/example_short_circuit_decorator.py took 0.049 seconds
[2024-12-12T15:45:26.393+0000] {processor.py:157} INFO - Started process (PID=38427) to work on /home/vscode/.local/lib/python3.10/site-packages/airflow/example_dags/example_short_circuit_decorator.py
[2024-12-12T15:45:26.394+0000] {processor.py:826} INFO - Processing file /home/vscode/.local/lib/python3.10/site-packages/airflow/example_dags/example_short_circuit_decorator.py for tasks to queue
[2024-12-12T15:45:26.395+0000] {logging_mixin.py:150} INFO - [2024-12-12T15:45:26.394+0000] {dagbag.py:541} INFO - Filling up the DagBag from /home/vscode/.local/lib/python3.10/site-packages/airflow/example_dags/example_short_circuit_decorator.py
[2024-12-12T15:45:26.401+0000] {processor.py:836} INFO - DAG(s) dict_keys(['example_short_circuit_decorator']) retrieved from /home/vscode/.local/lib/python3.10/site-packages/airflow/example_dags/example_short_circuit_decorator.py
[2024-12-12T15:45:26.414+0000] {logging_mixin.py:150} INFO - [2024-12-12T15:45:26.413+0000] {dag.py:2742} INFO - Sync 1 DAGs
[2024-12-12T15:45:26.427+0000] {logging_mixin.py:150} INFO - [2024-12-12T15:45:26.427+0000] {dag.py:3504} INFO - Setting next_dagrun for example_short_circuit_decorator to 2024-12-11T15:45:26.427080+00:00, run_after=2024-12-12T15:45:26.427080+00:00
[2024-12-12T15:45:26.441+0000] {processor.py:179} INFO - Processing /home/vscode/.local/lib/python3.10/site-packages/airflow/example_dags/example_short_circuit_decorator.py took 0.050 seconds
[2024-12-12T15:45:57.933+0000] {processor.py:157} INFO - Started process (PID=38676) to work on /home/vscode/.local/lib/python3.10/site-packages/airflow/example_dags/example_short_circuit_decorator.py
[2024-12-12T15:45:57.933+0000] {processor.py:826} INFO - Processing file /home/vscode/.local/lib/python3.10/site-packages/airflow/example_dags/example_short_circuit_decorator.py for tasks to queue
[2024-12-12T15:45:57.934+0000] {logging_mixin.py:150} INFO - [2024-12-12T15:45:57.934+0000] {dagbag.py:541} INFO - Filling up the DagBag from /home/vscode/.local/lib/python3.10/site-packages/airflow/example_dags/example_short_circuit_decorator.py
[2024-12-12T15:45:57.944+0000] {processor.py:836} INFO - DAG(s) dict_keys(['example_short_circuit_decorator']) retrieved from /home/vscode/.local/lib/python3.10/site-packages/airflow/example_dags/example_short_circuit_decorator.py
[2024-12-12T15:45:57.957+0000] {logging_mixin.py:150} INFO - [2024-12-12T15:45:57.957+0000] {dag.py:2742} INFO - Sync 1 DAGs
[2024-12-12T15:45:57.971+0000] {logging_mixin.py:150} INFO - [2024-12-12T15:45:57.970+0000] {dag.py:3504} INFO - Setting next_dagrun for example_short_circuit_decorator to 2024-12-11T15:45:57.970711+00:00, run_after=2024-12-12T15:45:57.970711+00:00
[2024-12-12T15:45:57.986+0000] {processor.py:179} INFO - Processing /home/vscode/.local/lib/python3.10/site-packages/airflow/example_dags/example_short_circuit_decorator.py took 0.055 seconds
[2024-12-12T15:46:28.232+0000] {processor.py:157} INFO - Started process (PID=38917) to work on /home/vscode/.local/lib/python3.10/site-packages/airflow/example_dags/example_short_circuit_decorator.py
[2024-12-12T15:46:28.233+0000] {processor.py:826} INFO - Processing file /home/vscode/.local/lib/python3.10/site-packages/airflow/example_dags/example_short_circuit_decorator.py for tasks to queue
[2024-12-12T15:46:28.233+0000] {logging_mixin.py:150} INFO - [2024-12-12T15:46:28.233+0000] {dagbag.py:541} INFO - Filling up the DagBag from /home/vscode/.local/lib/python3.10/site-packages/airflow/example_dags/example_short_circuit_decorator.py
[2024-12-12T15:46:28.240+0000] {processor.py:836} INFO - DAG(s) dict_keys(['example_short_circuit_decorator']) retrieved from /home/vscode/.local/lib/python3.10/site-packages/airflow/example_dags/example_short_circuit_decorator.py
[2024-12-12T15:46:28.253+0000] {logging_mixin.py:150} INFO - [2024-12-12T15:46:28.253+0000] {dag.py:2742} INFO - Sync 1 DAGs
[2024-12-12T15:46:28.267+0000] {logging_mixin.py:150} INFO - [2024-12-12T15:46:28.267+0000] {dag.py:3504} INFO - Setting next_dagrun for example_short_circuit_decorator to 2024-12-11T15:46:28.267323+00:00, run_after=2024-12-12T15:46:28.267323+00:00
[2024-12-12T15:46:28.281+0000] {processor.py:179} INFO - Processing /home/vscode/.local/lib/python3.10/site-packages/airflow/example_dags/example_short_circuit_decorator.py took 0.051 seconds
[2024-12-12T15:47:00.245+0000] {processor.py:157} INFO - Started process (PID=39165) to work on /home/vscode/.local/lib/python3.10/site-packages/airflow/example_dags/example_short_circuit_decorator.py
[2024-12-12T15:47:00.246+0000] {processor.py:826} INFO - Processing file /home/vscode/.local/lib/python3.10/site-packages/airflow/example_dags/example_short_circuit_decorator.py for tasks to queue
[2024-12-12T15:47:00.246+0000] {logging_mixin.py:150} INFO - [2024-12-12T15:47:00.246+0000] {dagbag.py:541} INFO - Filling up the DagBag from /home/vscode/.local/lib/python3.10/site-packages/airflow/example_dags/example_short_circuit_decorator.py
[2024-12-12T15:47:00.253+0000] {processor.py:836} INFO - DAG(s) dict_keys(['example_short_circuit_decorator']) retrieved from /home/vscode/.local/lib/python3.10/site-packages/airflow/example_dags/example_short_circuit_decorator.py
[2024-12-12T15:47:00.267+0000] {logging_mixin.py:150} INFO - [2024-12-12T15:47:00.266+0000] {dag.py:2742} INFO - Sync 1 DAGs
[2024-12-12T15:47:00.281+0000] {logging_mixin.py:150} INFO - [2024-12-12T15:47:00.281+0000] {dag.py:3504} INFO - Setting next_dagrun for example_short_circuit_decorator to 2024-12-11T15:47:00.281161+00:00, run_after=2024-12-12T15:47:00.281161+00:00
[2024-12-12T15:47:00.296+0000] {processor.py:179} INFO - Processing /home/vscode/.local/lib/python3.10/site-packages/airflow/example_dags/example_short_circuit_decorator.py took 0.053 seconds
[2024-12-12T15:47:33.852+0000] {processor.py:157} INFO - Started process (PID=39429) to work on /home/vscode/.local/lib/python3.10/site-packages/airflow/example_dags/example_short_circuit_decorator.py
[2024-12-12T15:47:33.853+0000] {processor.py:826} INFO - Processing file /home/vscode/.local/lib/python3.10/site-packages/airflow/example_dags/example_short_circuit_decorator.py for tasks to queue
[2024-12-12T15:47:33.853+0000] {logging_mixin.py:150} INFO - [2024-12-12T15:47:33.853+0000] {dagbag.py:541} INFO - Filling up the DagBag from /home/vscode/.local/lib/python3.10/site-packages/airflow/example_dags/example_short_circuit_decorator.py
[2024-12-12T15:47:33.860+0000] {processor.py:836} INFO - DAG(s) dict_keys(['example_short_circuit_decorator']) retrieved from /home/vscode/.local/lib/python3.10/site-packages/airflow/example_dags/example_short_circuit_decorator.py
[2024-12-12T15:47:33.879+0000] {logging_mixin.py:150} INFO - [2024-12-12T15:47:33.879+0000] {dag.py:2742} INFO - Sync 1 DAGs
[2024-12-12T15:47:33.898+0000] {logging_mixin.py:150} INFO - [2024-12-12T15:47:33.898+0000] {dag.py:3504} INFO - Setting next_dagrun for example_short_circuit_decorator to 2024-12-11T15:47:33.898202+00:00, run_after=2024-12-12T15:47:33.898202+00:00
[2024-12-12T15:47:33.913+0000] {processor.py:179} INFO - Processing /home/vscode/.local/lib/python3.10/site-packages/airflow/example_dags/example_short_circuit_decorator.py took 0.063 seconds
[2024-12-12T15:48:18.378+0000] {processor.py:157} INFO - Started process (PID=39776) to work on /home/vscode/.local/lib/python3.10/site-packages/airflow/example_dags/example_short_circuit_decorator.py
[2024-12-12T15:48:18.379+0000] {processor.py:826} INFO - Processing file /home/vscode/.local/lib/python3.10/site-packages/airflow/example_dags/example_short_circuit_decorator.py for tasks to queue
[2024-12-12T15:48:18.379+0000] {logging_mixin.py:150} INFO - [2024-12-12T15:48:18.379+0000] {dagbag.py:541} INFO - Filling up the DagBag from /home/vscode/.local/lib/python3.10/site-packages/airflow/example_dags/example_short_circuit_decorator.py
[2024-12-12T15:48:18.386+0000] {processor.py:836} INFO - DAG(s) dict_keys(['example_short_circuit_decorator']) retrieved from /home/vscode/.local/lib/python3.10/site-packages/airflow/example_dags/example_short_circuit_decorator.py
[2024-12-12T15:48:18.398+0000] {logging_mixin.py:150} INFO - [2024-12-12T15:48:18.398+0000] {dag.py:2742} INFO - Sync 1 DAGs
[2024-12-12T15:48:18.411+0000] {logging_mixin.py:150} INFO - [2024-12-12T15:48:18.411+0000] {dag.py:3504} INFO - Setting next_dagrun for example_short_circuit_decorator to 2024-12-11T15:48:18.411239+00:00, run_after=2024-12-12T15:48:18.411239+00:00
[2024-12-12T15:48:18.424+0000] {processor.py:179} INFO - Processing /home/vscode/.local/lib/python3.10/site-packages/airflow/example_dags/example_short_circuit_decorator.py took 0.048 seconds
[2024-12-12T15:49:00.020+0000] {processor.py:157} INFO - Started process (PID=40127) to work on /home/vscode/.local/lib/python3.10/site-packages/airflow/example_dags/example_short_circuit_decorator.py
[2024-12-12T15:49:00.021+0000] {processor.py:826} INFO - Processing file /home/vscode/.local/lib/python3.10/site-packages/airflow/example_dags/example_short_circuit_decorator.py for tasks to queue
[2024-12-12T15:49:00.022+0000] {logging_mixin.py:150} INFO - [2024-12-12T15:49:00.021+0000] {dagbag.py:541} INFO - Filling up the DagBag from /home/vscode/.local/lib/python3.10/site-packages/airflow/example_dags/example_short_circuit_decorator.py
[2024-12-12T15:49:00.031+0000] {processor.py:836} INFO - DAG(s) dict_keys(['example_short_circuit_decorator']) retrieved from /home/vscode/.local/lib/python3.10/site-packages/airflow/example_dags/example_short_circuit_decorator.py
[2024-12-12T15:49:00.049+0000] {logging_mixin.py:150} INFO - [2024-12-12T15:49:00.049+0000] {dag.py:2742} INFO - Sync 1 DAGs
[2024-12-12T15:49:00.063+0000] {logging_mixin.py:150} INFO - [2024-12-12T15:49:00.063+0000] {dag.py:3504} INFO - Setting next_dagrun for example_short_circuit_decorator to 2024-12-11T15:49:00.063294+00:00, run_after=2024-12-12T15:49:00.063294+00:00
[2024-12-12T15:49:00.077+0000] {processor.py:179} INFO - Processing /home/vscode/.local/lib/python3.10/site-packages/airflow/example_dags/example_short_circuit_decorator.py took 0.060 seconds
[2024-12-12T15:49:45.095+0000] {processor.py:157} INFO - Started process (PID=40484) to work on /home/vscode/.local/lib/python3.10/site-packages/airflow/example_dags/example_short_circuit_decorator.py
[2024-12-12T15:49:45.096+0000] {processor.py:826} INFO - Processing file /home/vscode/.local/lib/python3.10/site-packages/airflow/example_dags/example_short_circuit_decorator.py for tasks to queue
[2024-12-12T15:49:45.096+0000] {logging_mixin.py:150} INFO - [2024-12-12T15:49:45.096+0000] {dagbag.py:541} INFO - Filling up the DagBag from /home/vscode/.local/lib/python3.10/site-packages/airflow/example_dags/example_short_circuit_decorator.py
[2024-12-12T15:49:45.103+0000] {processor.py:836} INFO - DAG(s) dict_keys(['example_short_circuit_decorator']) retrieved from /home/vscode/.local/lib/python3.10/site-packages/airflow/example_dags/example_short_circuit_decorator.py
[2024-12-12T15:49:45.115+0000] {logging_mixin.py:150} INFO - [2024-12-12T15:49:45.115+0000] {dag.py:2742} INFO - Sync 1 DAGs
[2024-12-12T15:49:45.128+0000] {logging_mixin.py:150} INFO - [2024-12-12T15:49:45.128+0000] {dag.py:3504} INFO - Setting next_dagrun for example_short_circuit_decorator to 2024-12-11T15:49:45.128235+00:00, run_after=2024-12-12T15:49:45.128235+00:00
[2024-12-12T15:49:45.142+0000] {processor.py:179} INFO - Processing /home/vscode/.local/lib/python3.10/site-packages/airflow/example_dags/example_short_circuit_decorator.py took 0.049 seconds
[2024-12-12T15:50:25.061+0000] {processor.py:157} INFO - Started process (PID=40789) to work on /home/vscode/.local/lib/python3.10/site-packages/airflow/example_dags/example_short_circuit_decorator.py
[2024-12-12T15:50:25.062+0000] {processor.py:826} INFO - Processing file /home/vscode/.local/lib/python3.10/site-packages/airflow/example_dags/example_short_circuit_decorator.py for tasks to queue
[2024-12-12T15:50:25.063+0000] {logging_mixin.py:150} INFO - [2024-12-12T15:50:25.062+0000] {dagbag.py:541} INFO - Filling up the DagBag from /home/vscode/.local/lib/python3.10/site-packages/airflow/example_dags/example_short_circuit_decorator.py
[2024-12-12T15:50:25.069+0000] {processor.py:836} INFO - DAG(s) dict_keys(['example_short_circuit_decorator']) retrieved from /home/vscode/.local/lib/python3.10/site-packages/airflow/example_dags/example_short_circuit_decorator.py
[2024-12-12T15:50:25.081+0000] {logging_mixin.py:150} INFO - [2024-12-12T15:50:25.081+0000] {dag.py:2742} INFO - Sync 1 DAGs
[2024-12-12T15:50:25.094+0000] {logging_mixin.py:150} INFO - [2024-12-12T15:50:25.094+0000] {dag.py:3504} INFO - Setting next_dagrun for example_short_circuit_decorator to 2024-12-11T15:50:25.094432+00:00, run_after=2024-12-12T15:50:25.094432+00:00
[2024-12-12T15:50:25.111+0000] {processor.py:179} INFO - Processing /home/vscode/.local/lib/python3.10/site-packages/airflow/example_dags/example_short_circuit_decorator.py took 0.052 seconds
[2024-12-12T15:50:55.275+0000] {processor.py:157} INFO - Started process (PID=41029) to work on /home/vscode/.local/lib/python3.10/site-packages/airflow/example_dags/example_short_circuit_decorator.py
[2024-12-12T15:50:55.276+0000] {processor.py:826} INFO - Processing file /home/vscode/.local/lib/python3.10/site-packages/airflow/example_dags/example_short_circuit_decorator.py for tasks to queue
[2024-12-12T15:50:55.277+0000] {logging_mixin.py:150} INFO - [2024-12-12T15:50:55.276+0000] {dagbag.py:541} INFO - Filling up the DagBag from /home/vscode/.local/lib/python3.10/site-packages/airflow/example_dags/example_short_circuit_decorator.py
[2024-12-12T15:50:55.286+0000] {processor.py:836} INFO - DAG(s) dict_keys(['example_short_circuit_decorator']) retrieved from /home/vscode/.local/lib/python3.10/site-packages/airflow/example_dags/example_short_circuit_decorator.py
[2024-12-12T15:50:55.305+0000] {logging_mixin.py:150} INFO - [2024-12-12T15:50:55.305+0000] {dag.py:2742} INFO - Sync 1 DAGs
[2024-12-12T15:50:55.325+0000] {logging_mixin.py:150} INFO - [2024-12-12T15:50:55.325+0000] {dag.py:3504} INFO - Setting next_dagrun for example_short_circuit_decorator to 2024-12-11T15:50:55.325536+00:00, run_after=2024-12-12T15:50:55.325536+00:00
[2024-12-12T15:50:55.345+0000] {processor.py:179} INFO - Processing /home/vscode/.local/lib/python3.10/site-packages/airflow/example_dags/example_short_circuit_decorator.py took 0.073 seconds
[2024-12-12T15:51:26.697+0000] {processor.py:157} INFO - Started process (PID=41281) to work on /home/vscode/.local/lib/python3.10/site-packages/airflow/example_dags/example_short_circuit_decorator.py
[2024-12-12T15:51:26.698+0000] {processor.py:826} INFO - Processing file /home/vscode/.local/lib/python3.10/site-packages/airflow/example_dags/example_short_circuit_decorator.py for tasks to queue
[2024-12-12T15:51:26.698+0000] {logging_mixin.py:150} INFO - [2024-12-12T15:51:26.698+0000] {dagbag.py:541} INFO - Filling up the DagBag from /home/vscode/.local/lib/python3.10/site-packages/airflow/example_dags/example_short_circuit_decorator.py
[2024-12-12T15:51:26.705+0000] {processor.py:836} INFO - DAG(s) dict_keys(['example_short_circuit_decorator']) retrieved from /home/vscode/.local/lib/python3.10/site-packages/airflow/example_dags/example_short_circuit_decorator.py
[2024-12-12T15:51:26.717+0000] {logging_mixin.py:150} INFO - [2024-12-12T15:51:26.717+0000] {dag.py:2742} INFO - Sync 1 DAGs
[2024-12-12T15:51:26.730+0000] {logging_mixin.py:150} INFO - [2024-12-12T15:51:26.730+0000] {dag.py:3504} INFO - Setting next_dagrun for example_short_circuit_decorator to 2024-12-11T15:51:26.730221+00:00, run_after=2024-12-12T15:51:26.730221+00:00
[2024-12-12T15:51:26.744+0000] {processor.py:179} INFO - Processing /home/vscode/.local/lib/python3.10/site-packages/airflow/example_dags/example_short_circuit_decorator.py took 0.049 seconds
[2024-12-12T15:52:00.882+0000] {processor.py:157} INFO - Started process (PID=41545) to work on /home/vscode/.local/lib/python3.10/site-packages/airflow/example_dags/example_short_circuit_decorator.py
[2024-12-12T15:52:00.882+0000] {processor.py:826} INFO - Processing file /home/vscode/.local/lib/python3.10/site-packages/airflow/example_dags/example_short_circuit_decorator.py for tasks to queue
[2024-12-12T15:52:00.883+0000] {logging_mixin.py:150} INFO - [2024-12-12T15:52:00.882+0000] {dagbag.py:541} INFO - Filling up the DagBag from /home/vscode/.local/lib/python3.10/site-packages/airflow/example_dags/example_short_circuit_decorator.py
[2024-12-12T15:52:00.889+0000] {processor.py:836} INFO - DAG(s) dict_keys(['example_short_circuit_decorator']) retrieved from /home/vscode/.local/lib/python3.10/site-packages/airflow/example_dags/example_short_circuit_decorator.py
[2024-12-12T15:52:00.902+0000] {logging_mixin.py:150} INFO - [2024-12-12T15:52:00.901+0000] {dag.py:2742} INFO - Sync 1 DAGs
[2024-12-12T15:52:00.915+0000] {logging_mixin.py:150} INFO - [2024-12-12T15:52:00.915+0000] {dag.py:3504} INFO - Setting next_dagrun for example_short_circuit_decorator to 2024-12-11T15:52:00.915513+00:00, run_after=2024-12-12T15:52:00.915513+00:00
[2024-12-12T15:52:00.930+0000] {processor.py:179} INFO - Processing /home/vscode/.local/lib/python3.10/site-packages/airflow/example_dags/example_short_circuit_decorator.py took 0.051 seconds
[2024-12-12T15:52:31.420+0000] {processor.py:157} INFO - Started process (PID=41768) to work on /home/vscode/.local/lib/python3.10/site-packages/airflow/example_dags/example_short_circuit_decorator.py
[2024-12-12T15:52:31.420+0000] {processor.py:826} INFO - Processing file /home/vscode/.local/lib/python3.10/site-packages/airflow/example_dags/example_short_circuit_decorator.py for tasks to queue
[2024-12-12T15:52:31.421+0000] {logging_mixin.py:150} INFO - [2024-12-12T15:52:31.421+0000] {dagbag.py:541} INFO - Filling up the DagBag from /home/vscode/.local/lib/python3.10/site-packages/airflow/example_dags/example_short_circuit_decorator.py
[2024-12-12T15:52:31.428+0000] {processor.py:836} INFO - DAG(s) dict_keys(['example_short_circuit_decorator']) retrieved from /home/vscode/.local/lib/python3.10/site-packages/airflow/example_dags/example_short_circuit_decorator.py
[2024-12-12T15:52:31.440+0000] {logging_mixin.py:150} INFO - [2024-12-12T15:52:31.440+0000] {dag.py:2742} INFO - Sync 1 DAGs
[2024-12-12T15:52:31.453+0000] {logging_mixin.py:150} INFO - [2024-12-12T15:52:31.453+0000] {dag.py:3504} INFO - Setting next_dagrun for example_short_circuit_decorator to 2024-12-11T15:52:31.453267+00:00, run_after=2024-12-12T15:52:31.453267+00:00
[2024-12-12T15:52:31.467+0000] {processor.py:179} INFO - Processing /home/vscode/.local/lib/python3.10/site-packages/airflow/example_dags/example_short_circuit_decorator.py took 0.049 seconds
[2024-12-12T15:53:14.209+0000] {processor.py:157} INFO - Started process (PID=42058) to work on /home/vscode/.local/lib/python3.10/site-packages/airflow/example_dags/example_short_circuit_decorator.py
[2024-12-12T15:53:14.210+0000] {processor.py:826} INFO - Processing file /home/vscode/.local/lib/python3.10/site-packages/airflow/example_dags/example_short_circuit_decorator.py for tasks to queue
[2024-12-12T15:53:14.211+0000] {logging_mixin.py:150} INFO - [2024-12-12T15:53:14.210+0000] {dagbag.py:541} INFO - Filling up the DagBag from /home/vscode/.local/lib/python3.10/site-packages/airflow/example_dags/example_short_circuit_decorator.py
[2024-12-12T15:53:14.217+0000] {processor.py:836} INFO - DAG(s) dict_keys(['example_short_circuit_decorator']) retrieved from /home/vscode/.local/lib/python3.10/site-packages/airflow/example_dags/example_short_circuit_decorator.py
[2024-12-12T15:53:14.229+0000] {logging_mixin.py:150} INFO - [2024-12-12T15:53:14.229+0000] {dag.py:2742} INFO - Sync 1 DAGs
[2024-12-12T15:53:14.242+0000] {logging_mixin.py:150} INFO - [2024-12-12T15:53:14.242+0000] {dag.py:3504} INFO - Setting next_dagrun for example_short_circuit_decorator to 2024-12-11T15:53:14.242576+00:00, run_after=2024-12-12T15:53:14.242576+00:00
[2024-12-12T15:53:14.257+0000] {processor.py:179} INFO - Processing /home/vscode/.local/lib/python3.10/site-packages/airflow/example_dags/example_short_circuit_decorator.py took 0.050 seconds
[2024-12-12T15:53:55.544+0000] {processor.py:157} INFO - Started process (PID=42363) to work on /home/vscode/.local/lib/python3.10/site-packages/airflow/example_dags/example_short_circuit_decorator.py
[2024-12-12T15:53:55.544+0000] {processor.py:826} INFO - Processing file /home/vscode/.local/lib/python3.10/site-packages/airflow/example_dags/example_short_circuit_decorator.py for tasks to queue
[2024-12-12T15:53:55.545+0000] {logging_mixin.py:150} INFO - [2024-12-12T15:53:55.545+0000] {dagbag.py:541} INFO - Filling up the DagBag from /home/vscode/.local/lib/python3.10/site-packages/airflow/example_dags/example_short_circuit_decorator.py
[2024-12-12T15:53:55.552+0000] {processor.py:836} INFO - DAG(s) dict_keys(['example_short_circuit_decorator']) retrieved from /home/vscode/.local/lib/python3.10/site-packages/airflow/example_dags/example_short_circuit_decorator.py
[2024-12-12T15:53:55.564+0000] {logging_mixin.py:150} INFO - [2024-12-12T15:53:55.564+0000] {dag.py:2742} INFO - Sync 1 DAGs
[2024-12-12T15:53:55.577+0000] {logging_mixin.py:150} INFO - [2024-12-12T15:53:55.577+0000] {dag.py:3504} INFO - Setting next_dagrun for example_short_circuit_decorator to 2024-12-11T15:53:55.577439+00:00, run_after=2024-12-12T15:53:55.577439+00:00
[2024-12-12T15:53:55.591+0000] {processor.py:179} INFO - Processing /home/vscode/.local/lib/python3.10/site-packages/airflow/example_dags/example_short_circuit_decorator.py took 0.049 seconds
[2024-12-12T15:54:29.632+0000] {processor.py:157} INFO - Started process (PID=42600) to work on /home/vscode/.local/lib/python3.10/site-packages/airflow/example_dags/example_short_circuit_decorator.py
[2024-12-12T15:54:29.633+0000] {processor.py:826} INFO - Processing file /home/vscode/.local/lib/python3.10/site-packages/airflow/example_dags/example_short_circuit_decorator.py for tasks to queue
[2024-12-12T15:54:29.633+0000] {logging_mixin.py:150} INFO - [2024-12-12T15:54:29.633+0000] {dagbag.py:541} INFO - Filling up the DagBag from /home/vscode/.local/lib/python3.10/site-packages/airflow/example_dags/example_short_circuit_decorator.py
[2024-12-12T15:54:29.640+0000] {processor.py:836} INFO - DAG(s) dict_keys(['example_short_circuit_decorator']) retrieved from /home/vscode/.local/lib/python3.10/site-packages/airflow/example_dags/example_short_circuit_decorator.py
[2024-12-12T15:54:29.653+0000] {logging_mixin.py:150} INFO - [2024-12-12T15:54:29.653+0000] {dag.py:2742} INFO - Sync 1 DAGs
[2024-12-12T15:54:29.667+0000] {logging_mixin.py:150} INFO - [2024-12-12T15:54:29.666+0000] {dag.py:3504} INFO - Setting next_dagrun for example_short_circuit_decorator to 2024-12-11T15:54:29.666753+00:00, run_after=2024-12-12T15:54:29.666753+00:00
[2024-12-12T15:54:29.681+0000] {processor.py:179} INFO - Processing /home/vscode/.local/lib/python3.10/site-packages/airflow/example_dags/example_short_circuit_decorator.py took 0.051 seconds
[2024-12-12T15:55:12.459+0000] {processor.py:157} INFO - Started process (PID=42886) to work on /home/vscode/.local/lib/python3.10/site-packages/airflow/example_dags/example_short_circuit_decorator.py
[2024-12-12T15:55:12.459+0000] {processor.py:826} INFO - Processing file /home/vscode/.local/lib/python3.10/site-packages/airflow/example_dags/example_short_circuit_decorator.py for tasks to queue
[2024-12-12T15:55:12.460+0000] {logging_mixin.py:150} INFO - [2024-12-12T15:55:12.459+0000] {dagbag.py:541} INFO - Filling up the DagBag from /home/vscode/.local/lib/python3.10/site-packages/airflow/example_dags/example_short_circuit_decorator.py
[2024-12-12T15:55:12.466+0000] {processor.py:836} INFO - DAG(s) dict_keys(['example_short_circuit_decorator']) retrieved from /home/vscode/.local/lib/python3.10/site-packages/airflow/example_dags/example_short_circuit_decorator.py
[2024-12-12T15:55:12.478+0000] {logging_mixin.py:150} INFO - [2024-12-12T15:55:12.478+0000] {dag.py:2742} INFO - Sync 1 DAGs
[2024-12-12T15:55:12.491+0000] {logging_mixin.py:150} INFO - [2024-12-12T15:55:12.491+0000] {dag.py:3504} INFO - Setting next_dagrun for example_short_circuit_decorator to 2024-12-11T15:55:12.491481+00:00, run_after=2024-12-12T15:55:12.491481+00:00
[2024-12-12T15:55:12.505+0000] {processor.py:179} INFO - Processing /home/vscode/.local/lib/python3.10/site-packages/airflow/example_dags/example_short_circuit_decorator.py took 0.049 seconds
[2024-12-12T15:55:44.982+0000] {processor.py:157} INFO - Started process (PID=43104) to work on /home/vscode/.local/lib/python3.10/site-packages/airflow/example_dags/example_short_circuit_decorator.py
[2024-12-12T15:55:44.982+0000] {processor.py:826} INFO - Processing file /home/vscode/.local/lib/python3.10/site-packages/airflow/example_dags/example_short_circuit_decorator.py for tasks to queue
[2024-12-12T15:55:44.983+0000] {logging_mixin.py:150} INFO - [2024-12-12T15:55:44.983+0000] {dagbag.py:541} INFO - Filling up the DagBag from /home/vscode/.local/lib/python3.10/site-packages/airflow/example_dags/example_short_circuit_decorator.py
[2024-12-12T15:55:44.990+0000] {processor.py:836} INFO - DAG(s) dict_keys(['example_short_circuit_decorator']) retrieved from /home/vscode/.local/lib/python3.10/site-packages/airflow/example_dags/example_short_circuit_decorator.py
[2024-12-12T15:55:45.002+0000] {logging_mixin.py:150} INFO - [2024-12-12T15:55:45.002+0000] {dag.py:2742} INFO - Sync 1 DAGs
[2024-12-12T15:55:45.015+0000] {logging_mixin.py:150} INFO - [2024-12-12T15:55:45.015+0000] {dag.py:3504} INFO - Setting next_dagrun for example_short_circuit_decorator to 2024-12-11T15:55:45.015555+00:00, run_after=2024-12-12T15:55:45.015555+00:00
[2024-12-12T15:55:45.030+0000] {processor.py:179} INFO - Processing /home/vscode/.local/lib/python3.10/site-packages/airflow/example_dags/example_short_circuit_decorator.py took 0.050 seconds
[2024-12-12T15:56:16.605+0000] {processor.py:157} INFO - Started process (PID=43329) to work on /home/vscode/.local/lib/python3.10/site-packages/airflow/example_dags/example_short_circuit_decorator.py
[2024-12-12T15:56:16.606+0000] {processor.py:826} INFO - Processing file /home/vscode/.local/lib/python3.10/site-packages/airflow/example_dags/example_short_circuit_decorator.py for tasks to queue
[2024-12-12T15:56:16.607+0000] {logging_mixin.py:150} INFO - [2024-12-12T15:56:16.606+0000] {dagbag.py:541} INFO - Filling up the DagBag from /home/vscode/.local/lib/python3.10/site-packages/airflow/example_dags/example_short_circuit_decorator.py
[2024-12-12T15:56:16.613+0000] {processor.py:836} INFO - DAG(s) dict_keys(['example_short_circuit_decorator']) retrieved from /home/vscode/.local/lib/python3.10/site-packages/airflow/example_dags/example_short_circuit_decorator.py
[2024-12-12T15:56:16.625+0000] {logging_mixin.py:150} INFO - [2024-12-12T15:56:16.625+0000] {dag.py:2742} INFO - Sync 1 DAGs
[2024-12-12T15:56:16.638+0000] {logging_mixin.py:150} INFO - [2024-12-12T15:56:16.638+0000] {dag.py:3504} INFO - Setting next_dagrun for example_short_circuit_decorator to 2024-12-11T15:56:16.638337+00:00, run_after=2024-12-12T15:56:16.638337+00:00
[2024-12-12T15:56:16.652+0000] {processor.py:179} INFO - Processing /home/vscode/.local/lib/python3.10/site-packages/airflow/example_dags/example_short_circuit_decorator.py took 0.049 seconds
[2024-12-12T15:56:54.886+0000] {processor.py:157} INFO - Started process (PID=43590) to work on /home/vscode/.local/lib/python3.10/site-packages/airflow/example_dags/example_short_circuit_decorator.py
[2024-12-12T15:56:54.886+0000] {processor.py:826} INFO - Processing file /home/vscode/.local/lib/python3.10/site-packages/airflow/example_dags/example_short_circuit_decorator.py for tasks to queue
[2024-12-12T15:56:54.887+0000] {logging_mixin.py:150} INFO - [2024-12-12T15:56:54.887+0000] {dagbag.py:541} INFO - Filling up the DagBag from /home/vscode/.local/lib/python3.10/site-packages/airflow/example_dags/example_short_circuit_decorator.py
[2024-12-12T15:56:54.894+0000] {processor.py:836} INFO - DAG(s) dict_keys(['example_short_circuit_decorator']) retrieved from /home/vscode/.local/lib/python3.10/site-packages/airflow/example_dags/example_short_circuit_decorator.py
[2024-12-12T15:56:54.909+0000] {logging_mixin.py:150} INFO - [2024-12-12T15:56:54.909+0000] {dag.py:2742} INFO - Sync 1 DAGs
[2024-12-12T15:56:54.922+0000] {logging_mixin.py:150} INFO - [2024-12-12T15:56:54.922+0000] {dag.py:3504} INFO - Setting next_dagrun for example_short_circuit_decorator to 2024-12-11T15:56:54.922101+00:00, run_after=2024-12-12T15:56:54.922101+00:00
[2024-12-12T15:56:54.937+0000] {processor.py:179} INFO - Processing /home/vscode/.local/lib/python3.10/site-packages/airflow/example_dags/example_short_circuit_decorator.py took 0.054 seconds
[2024-12-12T15:57:37.353+0000] {processor.py:157} INFO - Started process (PID=43887) to work on /home/vscode/.local/lib/python3.10/site-packages/airflow/example_dags/example_short_circuit_decorator.py
[2024-12-12T15:57:37.354+0000] {processor.py:826} INFO - Processing file /home/vscode/.local/lib/python3.10/site-packages/airflow/example_dags/example_short_circuit_decorator.py for tasks to queue
[2024-12-12T15:57:37.354+0000] {logging_mixin.py:150} INFO - [2024-12-12T15:57:37.354+0000] {dagbag.py:541} INFO - Filling up the DagBag from /home/vscode/.local/lib/python3.10/site-packages/airflow/example_dags/example_short_circuit_decorator.py
[2024-12-12T15:57:37.361+0000] {processor.py:836} INFO - DAG(s) dict_keys(['example_short_circuit_decorator']) retrieved from /home/vscode/.local/lib/python3.10/site-packages/airflow/example_dags/example_short_circuit_decorator.py
[2024-12-12T15:57:37.373+0000] {logging_mixin.py:150} INFO - [2024-12-12T15:57:37.373+0000] {dag.py:2742} INFO - Sync 1 DAGs
[2024-12-12T15:57:37.385+0000] {logging_mixin.py:150} INFO - [2024-12-12T15:57:37.385+0000] {dag.py:3504} INFO - Setting next_dagrun for example_short_circuit_decorator to 2024-12-11T15:57:37.385417+00:00, run_after=2024-12-12T15:57:37.385417+00:00
[2024-12-12T15:57:37.400+0000] {processor.py:179} INFO - Processing /home/vscode/.local/lib/python3.10/site-packages/airflow/example_dags/example_short_circuit_decorator.py took 0.049 seconds
[2024-12-12T15:58:11.492+0000] {processor.py:157} INFO - Started process (PID=44134) to work on /home/vscode/.local/lib/python3.10/site-packages/airflow/example_dags/example_short_circuit_decorator.py
[2024-12-12T15:58:11.493+0000] {processor.py:826} INFO - Processing file /home/vscode/.local/lib/python3.10/site-packages/airflow/example_dags/example_short_circuit_decorator.py for tasks to queue
[2024-12-12T15:58:11.493+0000] {logging_mixin.py:150} INFO - [2024-12-12T15:58:11.493+0000] {dagbag.py:541} INFO - Filling up the DagBag from /home/vscode/.local/lib/python3.10/site-packages/airflow/example_dags/example_short_circuit_decorator.py
[2024-12-12T15:58:11.500+0000] {processor.py:836} INFO - DAG(s) dict_keys(['example_short_circuit_decorator']) retrieved from /home/vscode/.local/lib/python3.10/site-packages/airflow/example_dags/example_short_circuit_decorator.py
[2024-12-12T15:58:11.518+0000] {logging_mixin.py:150} INFO - [2024-12-12T15:58:11.517+0000] {dag.py:2742} INFO - Sync 1 DAGs
[2024-12-12T15:58:11.542+0000] {logging_mixin.py:150} INFO - [2024-12-12T15:58:11.542+0000] {dag.py:3504} INFO - Setting next_dagrun for example_short_circuit_decorator to 2024-12-11T15:58:11.542326+00:00, run_after=2024-12-12T15:58:11.542326+00:00
[2024-12-12T15:58:11.561+0000] {processor.py:179} INFO - Processing /home/vscode/.local/lib/python3.10/site-packages/airflow/example_dags/example_short_circuit_decorator.py took 0.071 seconds
[2024-12-12T15:58:42.232+0000] {processor.py:157} INFO - Started process (PID=44375) to work on /home/vscode/.local/lib/python3.10/site-packages/airflow/example_dags/example_short_circuit_decorator.py
[2024-12-12T15:58:42.232+0000] {processor.py:826} INFO - Processing file /home/vscode/.local/lib/python3.10/site-packages/airflow/example_dags/example_short_circuit_decorator.py for tasks to queue
[2024-12-12T15:58:42.233+0000] {logging_mixin.py:150} INFO - [2024-12-12T15:58:42.232+0000] {dagbag.py:541} INFO - Filling up the DagBag from /home/vscode/.local/lib/python3.10/site-packages/airflow/example_dags/example_short_circuit_decorator.py
[2024-12-12T15:58:42.239+0000] {processor.py:836} INFO - DAG(s) dict_keys(['example_short_circuit_decorator']) retrieved from /home/vscode/.local/lib/python3.10/site-packages/airflow/example_dags/example_short_circuit_decorator.py
[2024-12-12T15:58:42.251+0000] {logging_mixin.py:150} INFO - [2024-12-12T15:58:42.251+0000] {dag.py:2742} INFO - Sync 1 DAGs
[2024-12-12T15:58:42.264+0000] {logging_mixin.py:150} INFO - [2024-12-12T15:58:42.264+0000] {dag.py:3504} INFO - Setting next_dagrun for example_short_circuit_decorator to 2024-12-11T15:58:42.264147+00:00, run_after=2024-12-12T15:58:42.264147+00:00
[2024-12-12T15:58:42.278+0000] {processor.py:179} INFO - Processing /home/vscode/.local/lib/python3.10/site-packages/airflow/example_dags/example_short_circuit_decorator.py took 0.049 seconds
[2024-12-12T15:59:23.376+0000] {processor.py:157} INFO - Started process (PID=44717) to work on /home/vscode/.local/lib/python3.10/site-packages/airflow/example_dags/example_short_circuit_decorator.py
[2024-12-12T15:59:23.377+0000] {processor.py:826} INFO - Processing file /home/vscode/.local/lib/python3.10/site-packages/airflow/example_dags/example_short_circuit_decorator.py for tasks to queue
[2024-12-12T15:59:23.377+0000] {logging_mixin.py:150} INFO - [2024-12-12T15:59:23.377+0000] {dagbag.py:541} INFO - Filling up the DagBag from /home/vscode/.local/lib/python3.10/site-packages/airflow/example_dags/example_short_circuit_decorator.py
[2024-12-12T15:59:23.384+0000] {processor.py:836} INFO - DAG(s) dict_keys(['example_short_circuit_decorator']) retrieved from /home/vscode/.local/lib/python3.10/site-packages/airflow/example_dags/example_short_circuit_decorator.py
[2024-12-12T15:59:23.396+0000] {logging_mixin.py:150} INFO - [2024-12-12T15:59:23.396+0000] {dag.py:2742} INFO - Sync 1 DAGs
[2024-12-12T15:59:23.409+0000] {logging_mixin.py:150} INFO - [2024-12-12T15:59:23.409+0000] {dag.py:3504} INFO - Setting next_dagrun for example_short_circuit_decorator to 2024-12-11T15:59:23.409451+00:00, run_after=2024-12-12T15:59:23.409451+00:00
[2024-12-12T15:59:23.423+0000] {processor.py:179} INFO - Processing /home/vscode/.local/lib/python3.10/site-packages/airflow/example_dags/example_short_circuit_decorator.py took 0.049 seconds
[2024-12-12T16:00:06.196+0000] {processor.py:157} INFO - Started process (PID=45021) to work on /home/vscode/.local/lib/python3.10/site-packages/airflow/example_dags/example_short_circuit_decorator.py
[2024-12-12T16:00:06.197+0000] {processor.py:826} INFO - Processing file /home/vscode/.local/lib/python3.10/site-packages/airflow/example_dags/example_short_circuit_decorator.py for tasks to queue
[2024-12-12T16:00:06.198+0000] {logging_mixin.py:150} INFO - [2024-12-12T16:00:06.197+0000] {dagbag.py:541} INFO - Filling up the DagBag from /home/vscode/.local/lib/python3.10/site-packages/airflow/example_dags/example_short_circuit_decorator.py
[2024-12-12T16:00:06.204+0000] {processor.py:836} INFO - DAG(s) dict_keys(['example_short_circuit_decorator']) retrieved from /home/vscode/.local/lib/python3.10/site-packages/airflow/example_dags/example_short_circuit_decorator.py
[2024-12-12T16:00:06.216+0000] {logging_mixin.py:150} INFO - [2024-12-12T16:00:06.216+0000] {dag.py:2742} INFO - Sync 1 DAGs
[2024-12-12T16:00:06.230+0000] {logging_mixin.py:150} INFO - [2024-12-12T16:00:06.230+0000] {dag.py:3504} INFO - Setting next_dagrun for example_short_circuit_decorator to 2024-12-11T16:00:06.230329+00:00, run_after=2024-12-12T16:00:06.230329+00:00
[2024-12-12T16:00:06.245+0000] {processor.py:179} INFO - Processing /home/vscode/.local/lib/python3.10/site-packages/airflow/example_dags/example_short_circuit_decorator.py took 0.051 seconds
[2024-12-12T16:00:37.359+0000] {processor.py:157} INFO - Started process (PID=45239) to work on /home/vscode/.local/lib/python3.10/site-packages/airflow/example_dags/example_short_circuit_decorator.py
[2024-12-12T16:00:37.360+0000] {processor.py:826} INFO - Processing file /home/vscode/.local/lib/python3.10/site-packages/airflow/example_dags/example_short_circuit_decorator.py for tasks to queue
[2024-12-12T16:00:37.361+0000] {logging_mixin.py:150} INFO - [2024-12-12T16:00:37.360+0000] {dagbag.py:541} INFO - Filling up the DagBag from /home/vscode/.local/lib/python3.10/site-packages/airflow/example_dags/example_short_circuit_decorator.py
[2024-12-12T16:00:37.367+0000] {processor.py:836} INFO - DAG(s) dict_keys(['example_short_circuit_decorator']) retrieved from /home/vscode/.local/lib/python3.10/site-packages/airflow/example_dags/example_short_circuit_decorator.py
[2024-12-12T16:00:37.380+0000] {logging_mixin.py:150} INFO - [2024-12-12T16:00:37.380+0000] {dag.py:2742} INFO - Sync 1 DAGs
[2024-12-12T16:00:37.393+0000] {logging_mixin.py:150} INFO - [2024-12-12T16:00:37.393+0000] {dag.py:3504} INFO - Setting next_dagrun for example_short_circuit_decorator to 2024-12-11T16:00:37.393684+00:00, run_after=2024-12-12T16:00:37.393684+00:00
[2024-12-12T16:00:37.408+0000] {processor.py:179} INFO - Processing /home/vscode/.local/lib/python3.10/site-packages/airflow/example_dags/example_short_circuit_decorator.py took 0.051 seconds
[2024-12-12T16:01:21.174+0000] {processor.py:157} INFO - Started process (PID=45552) to work on /home/vscode/.local/lib/python3.10/site-packages/airflow/example_dags/example_short_circuit_decorator.py
[2024-12-12T16:01:21.175+0000] {processor.py:826} INFO - Processing file /home/vscode/.local/lib/python3.10/site-packages/airflow/example_dags/example_short_circuit_decorator.py for tasks to queue
[2024-12-12T16:01:21.176+0000] {logging_mixin.py:150} INFO - [2024-12-12T16:01:21.175+0000] {dagbag.py:541} INFO - Filling up the DagBag from /home/vscode/.local/lib/python3.10/site-packages/airflow/example_dags/example_short_circuit_decorator.py
[2024-12-12T16:01:21.182+0000] {processor.py:836} INFO - DAG(s) dict_keys(['example_short_circuit_decorator']) retrieved from /home/vscode/.local/lib/python3.10/site-packages/airflow/example_dags/example_short_circuit_decorator.py
[2024-12-12T16:01:21.194+0000] {logging_mixin.py:150} INFO - [2024-12-12T16:01:21.194+0000] {dag.py:2742} INFO - Sync 1 DAGs
[2024-12-12T16:01:21.207+0000] {logging_mixin.py:150} INFO - [2024-12-12T16:01:21.207+0000] {dag.py:3504} INFO - Setting next_dagrun for example_short_circuit_decorator to 2024-12-11T16:01:21.207374+00:00, run_after=2024-12-12T16:01:21.207374+00:00
[2024-12-12T16:01:21.221+0000] {processor.py:179} INFO - Processing /home/vscode/.local/lib/python3.10/site-packages/airflow/example_dags/example_short_circuit_decorator.py took 0.049 seconds
[2024-12-12T16:01:52.397+0000] {processor.py:157} INFO - Started process (PID=45773) to work on /home/vscode/.local/lib/python3.10/site-packages/airflow/example_dags/example_short_circuit_decorator.py
[2024-12-12T16:01:52.398+0000] {processor.py:826} INFO - Processing file /home/vscode/.local/lib/python3.10/site-packages/airflow/example_dags/example_short_circuit_decorator.py for tasks to queue
[2024-12-12T16:01:52.398+0000] {logging_mixin.py:150} INFO - [2024-12-12T16:01:52.398+0000] {dagbag.py:541} INFO - Filling up the DagBag from /home/vscode/.local/lib/python3.10/site-packages/airflow/example_dags/example_short_circuit_decorator.py
[2024-12-12T16:01:52.405+0000] {processor.py:836} INFO - DAG(s) dict_keys(['example_short_circuit_decorator']) retrieved from /home/vscode/.local/lib/python3.10/site-packages/airflow/example_dags/example_short_circuit_decorator.py
[2024-12-12T16:01:52.418+0000] {logging_mixin.py:150} INFO - [2024-12-12T16:01:52.417+0000] {dag.py:2742} INFO - Sync 1 DAGs
[2024-12-12T16:01:52.432+0000] {logging_mixin.py:150} INFO - [2024-12-12T16:01:52.431+0000] {dag.py:3504} INFO - Setting next_dagrun for example_short_circuit_decorator to 2024-12-11T16:01:52.431754+00:00, run_after=2024-12-12T16:01:52.431754+00:00
[2024-12-12T16:01:52.446+0000] {processor.py:179} INFO - Processing /home/vscode/.local/lib/python3.10/site-packages/airflow/example_dags/example_short_circuit_decorator.py took 0.051 seconds
[2024-12-12T16:02:33.334+0000] {processor.py:157} INFO - Started process (PID=46076) to work on /home/vscode/.local/lib/python3.10/site-packages/airflow/example_dags/example_short_circuit_decorator.py
[2024-12-12T16:02:33.334+0000] {processor.py:826} INFO - Processing file /home/vscode/.local/lib/python3.10/site-packages/airflow/example_dags/example_short_circuit_decorator.py for tasks to queue
[2024-12-12T16:02:33.335+0000] {logging_mixin.py:150} INFO - [2024-12-12T16:02:33.335+0000] {dagbag.py:541} INFO - Filling up the DagBag from /home/vscode/.local/lib/python3.10/site-packages/airflow/example_dags/example_short_circuit_decorator.py
[2024-12-12T16:02:33.342+0000] {processor.py:836} INFO - DAG(s) dict_keys(['example_short_circuit_decorator']) retrieved from /home/vscode/.local/lib/python3.10/site-packages/airflow/example_dags/example_short_circuit_decorator.py
[2024-12-12T16:02:33.354+0000] {logging_mixin.py:150} INFO - [2024-12-12T16:02:33.354+0000] {dag.py:2742} INFO - Sync 1 DAGs
[2024-12-12T16:02:33.368+0000] {logging_mixin.py:150} INFO - [2024-12-12T16:02:33.368+0000] {dag.py:3504} INFO - Setting next_dagrun for example_short_circuit_decorator to 2024-12-11T16:02:33.367951+00:00, run_after=2024-12-12T16:02:33.367951+00:00
[2024-12-12T16:02:33.383+0000] {processor.py:179} INFO - Processing /home/vscode/.local/lib/python3.10/site-packages/airflow/example_dags/example_short_circuit_decorator.py took 0.051 seconds
[2024-12-12T16:03:15.040+0000] {processor.py:157} INFO - Started process (PID=46366) to work on /home/vscode/.local/lib/python3.10/site-packages/airflow/example_dags/example_short_circuit_decorator.py
[2024-12-12T16:03:15.041+0000] {processor.py:826} INFO - Processing file /home/vscode/.local/lib/python3.10/site-packages/airflow/example_dags/example_short_circuit_decorator.py for tasks to queue
[2024-12-12T16:03:15.041+0000] {logging_mixin.py:150} INFO - [2024-12-12T16:03:15.041+0000] {dagbag.py:541} INFO - Filling up the DagBag from /home/vscode/.local/lib/python3.10/site-packages/airflow/example_dags/example_short_circuit_decorator.py
[2024-12-12T16:03:15.048+0000] {processor.py:836} INFO - DAG(s) dict_keys(['example_short_circuit_decorator']) retrieved from /home/vscode/.local/lib/python3.10/site-packages/airflow/example_dags/example_short_circuit_decorator.py
[2024-12-12T16:03:15.060+0000] {logging_mixin.py:150} INFO - [2024-12-12T16:03:15.060+0000] {dag.py:2742} INFO - Sync 1 DAGs
[2024-12-12T16:03:15.073+0000] {logging_mixin.py:150} INFO - [2024-12-12T16:03:15.073+0000] {dag.py:3504} INFO - Setting next_dagrun for example_short_circuit_decorator to 2024-12-11T16:03:15.073464+00:00, run_after=2024-12-12T16:03:15.073464+00:00
[2024-12-12T16:03:15.087+0000] {processor.py:179} INFO - Processing /home/vscode/.local/lib/python3.10/site-packages/airflow/example_dags/example_short_circuit_decorator.py took 0.049 seconds
