[2024-12-12T15:30:59.810+0000] {processor.py:157} INFO - Started process (PID=31058) to work on /home/vscode/.local/lib/python3.10/site-packages/airflow/example_dags/example_external_task_marker_dag.py
[2024-12-12T15:30:59.811+0000] {processor.py:826} INFO - Processing file /home/vscode/.local/lib/python3.10/site-packages/airflow/example_dags/example_external_task_marker_dag.py for tasks to queue
[2024-12-12T15:30:59.812+0000] {logging_mixin.py:150} INFO - [2024-12-12T15:30:59.811+0000] {dagbag.py:541} INFO - Filling up the DagBag from /home/vscode/.local/lib/python3.10/site-packages/airflow/example_dags/example_external_task_marker_dag.py
[2024-12-12T15:30:59.891+0000] {processor.py:836} INFO - DAG(s) dict_keys(['example_external_task_marker_parent', 'example_external_task_marker_child']) retrieved from /home/vscode/.local/lib/python3.10/site-packages/airflow/example_dags/example_external_task_marker_dag.py
[2024-12-12T15:30:59.953+0000] {logging_mixin.py:150} INFO - [2024-12-12T15:30:59.952+0000] {manager.py:504} INFO - Created Permission View: can delete on DAG:example_external_task_marker_parent
[2024-12-12T15:30:59.964+0000] {logging_mixin.py:150} INFO - [2024-12-12T15:30:59.964+0000] {manager.py:504} INFO - Created Permission View: can read on DAG:example_external_task_marker_parent
[2024-12-12T15:30:59.971+0000] {logging_mixin.py:150} INFO - [2024-12-12T15:30:59.971+0000] {manager.py:504} INFO - Created Permission View: can edit on DAG:example_external_task_marker_parent
[2024-12-12T15:30:59.992+0000] {logging_mixin.py:150} INFO - [2024-12-12T15:30:59.992+0000] {manager.py:504} INFO - Created Permission View: can delete on DAG:example_external_task_marker_child
[2024-12-12T15:30:59.997+0000] {logging_mixin.py:150} INFO - [2024-12-12T15:30:59.997+0000] {manager.py:504} INFO - Created Permission View: can read on DAG:example_external_task_marker_child
[2024-12-12T15:31:00.002+0000] {logging_mixin.py:150} INFO - [2024-12-12T15:31:00.002+0000] {manager.py:504} INFO - Created Permission View: can edit on DAG:example_external_task_marker_child
[2024-12-12T15:31:00.005+0000] {logging_mixin.py:150} INFO - [2024-12-12T15:31:00.005+0000] {dag.py:2742} INFO - Sync 2 DAGs
[2024-12-12T15:31:00.011+0000] {logging_mixin.py:150} INFO - [2024-12-12T15:31:00.011+0000] {dag.py:2763} INFO - Creating ORM DAG for example_external_task_marker_child
[2024-12-12T15:31:00.011+0000] {logging_mixin.py:150} INFO - [2024-12-12T15:31:00.011+0000] {dag.py:2763} INFO - Creating ORM DAG for example_external_task_marker_parent
[2024-12-12T15:31:00.017+0000] {logging_mixin.py:150} INFO - [2024-12-12T15:31:00.017+0000] {dag.py:3504} INFO - Setting next_dagrun for example_external_task_marker_child to None, run_after=None
[2024-12-12T15:31:00.017+0000] {logging_mixin.py:150} INFO - [2024-12-12T15:31:00.017+0000] {dag.py:3504} INFO - Setting next_dagrun for example_external_task_marker_parent to None, run_after=None
[2024-12-12T15:31:00.033+0000] {processor.py:179} INFO - Processing /home/vscode/.local/lib/python3.10/site-packages/airflow/example_dags/example_external_task_marker_dag.py took 0.224 seconds
[2024-12-12T15:31:49.742+0000] {processor.py:157} INFO - Started process (PID=31476) to work on /home/vscode/.local/lib/python3.10/site-packages/airflow/example_dags/example_external_task_marker_dag.py
[2024-12-12T15:31:49.743+0000] {processor.py:826} INFO - Processing file /home/vscode/.local/lib/python3.10/site-packages/airflow/example_dags/example_external_task_marker_dag.py for tasks to queue
[2024-12-12T15:31:49.744+0000] {logging_mixin.py:150} INFO - [2024-12-12T15:31:49.743+0000] {dagbag.py:541} INFO - Filling up the DagBag from /home/vscode/.local/lib/python3.10/site-packages/airflow/example_dags/example_external_task_marker_dag.py
[2024-12-12T15:31:49.748+0000] {processor.py:836} INFO - DAG(s) dict_keys(['example_external_task_marker_parent', 'example_external_task_marker_child']) retrieved from /home/vscode/.local/lib/python3.10/site-packages/airflow/example_dags/example_external_task_marker_dag.py
[2024-12-12T15:31:49.762+0000] {logging_mixin.py:150} INFO - [2024-12-12T15:31:49.762+0000] {dag.py:2742} INFO - Sync 2 DAGs
[2024-12-12T15:31:49.776+0000] {logging_mixin.py:150} INFO - [2024-12-12T15:31:49.776+0000] {dag.py:3504} INFO - Setting next_dagrun for example_external_task_marker_child to None, run_after=None
[2024-12-12T15:31:49.778+0000] {logging_mixin.py:150} INFO - [2024-12-12T15:31:49.778+0000] {dag.py:3504} INFO - Setting next_dagrun for example_external_task_marker_parent to None, run_after=None
[2024-12-12T15:31:49.795+0000] {processor.py:179} INFO - Processing /home/vscode/.local/lib/python3.10/site-packages/airflow/example_dags/example_external_task_marker_dag.py took 0.055 seconds
[2024-12-12T15:32:33.116+0000] {processor.py:157} INFO - Started process (PID=31799) to work on /home/vscode/.local/lib/python3.10/site-packages/airflow/example_dags/example_external_task_marker_dag.py
[2024-12-12T15:32:33.117+0000] {processor.py:826} INFO - Processing file /home/vscode/.local/lib/python3.10/site-packages/airflow/example_dags/example_external_task_marker_dag.py for tasks to queue
[2024-12-12T15:32:33.117+0000] {logging_mixin.py:150} INFO - [2024-12-12T15:32:33.117+0000] {dagbag.py:541} INFO - Filling up the DagBag from /home/vscode/.local/lib/python3.10/site-packages/airflow/example_dags/example_external_task_marker_dag.py
[2024-12-12T15:32:33.122+0000] {processor.py:836} INFO - DAG(s) dict_keys(['example_external_task_marker_child', 'example_external_task_marker_parent']) retrieved from /home/vscode/.local/lib/python3.10/site-packages/airflow/example_dags/example_external_task_marker_dag.py
[2024-12-12T15:32:33.140+0000] {logging_mixin.py:150} INFO - [2024-12-12T15:32:33.140+0000] {dag.py:2742} INFO - Sync 2 DAGs
[2024-12-12T15:32:33.160+0000] {logging_mixin.py:150} INFO - [2024-12-12T15:32:33.160+0000] {dag.py:3504} INFO - Setting next_dagrun for example_external_task_marker_child to None, run_after=None
[2024-12-12T15:32:33.163+0000] {logging_mixin.py:150} INFO - [2024-12-12T15:32:33.163+0000] {dag.py:3504} INFO - Setting next_dagrun for example_external_task_marker_parent to None, run_after=None
[2024-12-12T15:32:33.196+0000] {processor.py:179} INFO - Processing /home/vscode/.local/lib/python3.10/site-packages/airflow/example_dags/example_external_task_marker_dag.py took 0.082 seconds
[2024-12-12T15:33:18.766+0000] {processor.py:157} INFO - Started process (PID=32141) to work on /home/vscode/.local/lib/python3.10/site-packages/airflow/example_dags/example_external_task_marker_dag.py
[2024-12-12T15:33:18.767+0000] {processor.py:826} INFO - Processing file /home/vscode/.local/lib/python3.10/site-packages/airflow/example_dags/example_external_task_marker_dag.py for tasks to queue
[2024-12-12T15:33:18.768+0000] {logging_mixin.py:150} INFO - [2024-12-12T15:33:18.767+0000] {dagbag.py:541} INFO - Filling up the DagBag from /home/vscode/.local/lib/python3.10/site-packages/airflow/example_dags/example_external_task_marker_dag.py
[2024-12-12T15:33:18.772+0000] {processor.py:836} INFO - DAG(s) dict_keys(['example_external_task_marker_parent', 'example_external_task_marker_child']) retrieved from /home/vscode/.local/lib/python3.10/site-packages/airflow/example_dags/example_external_task_marker_dag.py
[2024-12-12T15:33:18.785+0000] {logging_mixin.py:150} INFO - [2024-12-12T15:33:18.785+0000] {dag.py:2742} INFO - Sync 2 DAGs
[2024-12-12T15:33:18.798+0000] {logging_mixin.py:150} INFO - [2024-12-12T15:33:18.798+0000] {dag.py:3504} INFO - Setting next_dagrun for example_external_task_marker_child to None, run_after=None
[2024-12-12T15:33:18.800+0000] {logging_mixin.py:150} INFO - [2024-12-12T15:33:18.800+0000] {dag.py:3504} INFO - Setting next_dagrun for example_external_task_marker_parent to None, run_after=None
[2024-12-12T15:33:18.813+0000] {processor.py:179} INFO - Processing /home/vscode/.local/lib/python3.10/site-packages/airflow/example_dags/example_external_task_marker_dag.py took 0.048 seconds
[2024-12-12T15:34:02.561+0000] {processor.py:157} INFO - Started process (PID=32450) to work on /home/vscode/.local/lib/python3.10/site-packages/airflow/example_dags/example_external_task_marker_dag.py
[2024-12-12T15:34:02.562+0000] {processor.py:826} INFO - Processing file /home/vscode/.local/lib/python3.10/site-packages/airflow/example_dags/example_external_task_marker_dag.py for tasks to queue
[2024-12-12T15:34:02.562+0000] {logging_mixin.py:150} INFO - [2024-12-12T15:34:02.562+0000] {dagbag.py:541} INFO - Filling up the DagBag from /home/vscode/.local/lib/python3.10/site-packages/airflow/example_dags/example_external_task_marker_dag.py
[2024-12-12T15:34:02.566+0000] {processor.py:836} INFO - DAG(s) dict_keys(['example_external_task_marker_parent', 'example_external_task_marker_child']) retrieved from /home/vscode/.local/lib/python3.10/site-packages/airflow/example_dags/example_external_task_marker_dag.py
[2024-12-12T15:34:02.579+0000] {logging_mixin.py:150} INFO - [2024-12-12T15:34:02.579+0000] {dag.py:2742} INFO - Sync 2 DAGs
[2024-12-12T15:34:02.592+0000] {logging_mixin.py:150} INFO - [2024-12-12T15:34:02.592+0000] {dag.py:3504} INFO - Setting next_dagrun for example_external_task_marker_child to None, run_after=None
[2024-12-12T15:34:02.594+0000] {logging_mixin.py:150} INFO - [2024-12-12T15:34:02.594+0000] {dag.py:3504} INFO - Setting next_dagrun for example_external_task_marker_parent to None, run_after=None
[2024-12-12T15:34:02.608+0000] {processor.py:179} INFO - Processing /home/vscode/.local/lib/python3.10/site-packages/airflow/example_dags/example_external_task_marker_dag.py took 0.049 seconds
[2024-12-12T15:34:45.381+0000] {processor.py:157} INFO - Started process (PID=32742) to work on /home/vscode/.local/lib/python3.10/site-packages/airflow/example_dags/example_external_task_marker_dag.py
[2024-12-12T15:34:45.381+0000] {processor.py:826} INFO - Processing file /home/vscode/.local/lib/python3.10/site-packages/airflow/example_dags/example_external_task_marker_dag.py for tasks to queue
[2024-12-12T15:34:45.382+0000] {logging_mixin.py:150} INFO - [2024-12-12T15:34:45.382+0000] {dagbag.py:541} INFO - Filling up the DagBag from /home/vscode/.local/lib/python3.10/site-packages/airflow/example_dags/example_external_task_marker_dag.py
[2024-12-12T15:34:45.386+0000] {processor.py:836} INFO - DAG(s) dict_keys(['example_external_task_marker_child', 'example_external_task_marker_parent']) retrieved from /home/vscode/.local/lib/python3.10/site-packages/airflow/example_dags/example_external_task_marker_dag.py
[2024-12-12T15:34:45.400+0000] {logging_mixin.py:150} INFO - [2024-12-12T15:34:45.400+0000] {dag.py:2742} INFO - Sync 2 DAGs
[2024-12-12T15:34:45.415+0000] {logging_mixin.py:150} INFO - [2024-12-12T15:34:45.414+0000] {dag.py:3504} INFO - Setting next_dagrun for example_external_task_marker_child to None, run_after=None
[2024-12-12T15:34:45.417+0000] {logging_mixin.py:150} INFO - [2024-12-12T15:34:45.416+0000] {dag.py:3504} INFO - Setting next_dagrun for example_external_task_marker_parent to None, run_after=None
[2024-12-12T15:34:45.430+0000] {processor.py:179} INFO - Processing /home/vscode/.local/lib/python3.10/site-packages/airflow/example_dags/example_external_task_marker_dag.py took 0.052 seconds
[2024-12-12T15:35:35.543+0000] {processor.py:157} INFO - Started process (PID=33116) to work on /home/vscode/.local/lib/python3.10/site-packages/airflow/example_dags/example_external_task_marker_dag.py
[2024-12-12T15:35:35.544+0000] {processor.py:826} INFO - Processing file /home/vscode/.local/lib/python3.10/site-packages/airflow/example_dags/example_external_task_marker_dag.py for tasks to queue
[2024-12-12T15:35:35.545+0000] {logging_mixin.py:150} INFO - [2024-12-12T15:35:35.544+0000] {dagbag.py:541} INFO - Filling up the DagBag from /home/vscode/.local/lib/python3.10/site-packages/airflow/example_dags/example_external_task_marker_dag.py
[2024-12-12T15:35:35.549+0000] {processor.py:836} INFO - DAG(s) dict_keys(['example_external_task_marker_parent', 'example_external_task_marker_child']) retrieved from /home/vscode/.local/lib/python3.10/site-packages/airflow/example_dags/example_external_task_marker_dag.py
[2024-12-12T15:35:35.562+0000] {logging_mixin.py:150} INFO - [2024-12-12T15:35:35.562+0000] {dag.py:2742} INFO - Sync 2 DAGs
[2024-12-12T15:35:35.576+0000] {logging_mixin.py:150} INFO - [2024-12-12T15:35:35.576+0000] {dag.py:3504} INFO - Setting next_dagrun for example_external_task_marker_child to None, run_after=None
[2024-12-12T15:35:35.578+0000] {logging_mixin.py:150} INFO - [2024-12-12T15:35:35.578+0000] {dag.py:3504} INFO - Setting next_dagrun for example_external_task_marker_parent to None, run_after=None
[2024-12-12T15:35:35.591+0000] {processor.py:179} INFO - Processing /home/vscode/.local/lib/python3.10/site-packages/airflow/example_dags/example_external_task_marker_dag.py took 0.049 seconds
[2024-12-12T15:36:18.785+0000] {processor.py:157} INFO - Started process (PID=33526) to work on /home/vscode/.local/lib/python3.10/site-packages/airflow/example_dags/example_external_task_marker_dag.py
[2024-12-12T15:36:18.786+0000] {processor.py:826} INFO - Processing file /home/vscode/.local/lib/python3.10/site-packages/airflow/example_dags/example_external_task_marker_dag.py for tasks to queue
[2024-12-12T15:36:18.787+0000] {logging_mixin.py:150} INFO - [2024-12-12T15:36:18.786+0000] {dagbag.py:541} INFO - Filling up the DagBag from /home/vscode/.local/lib/python3.10/site-packages/airflow/example_dags/example_external_task_marker_dag.py
[2024-12-12T15:36:18.791+0000] {processor.py:836} INFO - DAG(s) dict_keys(['example_external_task_marker_parent', 'example_external_task_marker_child']) retrieved from /home/vscode/.local/lib/python3.10/site-packages/airflow/example_dags/example_external_task_marker_dag.py
[2024-12-12T15:36:18.804+0000] {logging_mixin.py:150} INFO - [2024-12-12T15:36:18.804+0000] {dag.py:2742} INFO - Sync 2 DAGs
[2024-12-12T15:36:18.818+0000] {logging_mixin.py:150} INFO - [2024-12-12T15:36:18.817+0000] {dag.py:3504} INFO - Setting next_dagrun for example_external_task_marker_child to None, run_after=None
[2024-12-12T15:36:18.819+0000] {logging_mixin.py:150} INFO - [2024-12-12T15:36:18.819+0000] {dag.py:3504} INFO - Setting next_dagrun for example_external_task_marker_parent to None, run_after=None
[2024-12-12T15:36:18.833+0000] {processor.py:179} INFO - Processing /home/vscode/.local/lib/python3.10/site-packages/airflow/example_dags/example_external_task_marker_dag.py took 0.050 seconds
[2024-12-12T15:37:10.400+0000] {processor.py:157} INFO - Started process (PID=34090) to work on /home/vscode/.local/lib/python3.10/site-packages/airflow/example_dags/example_external_task_marker_dag.py
[2024-12-12T15:37:10.400+0000] {processor.py:826} INFO - Processing file /home/vscode/.local/lib/python3.10/site-packages/airflow/example_dags/example_external_task_marker_dag.py for tasks to queue
[2024-12-12T15:37:10.401+0000] {logging_mixin.py:150} INFO - [2024-12-12T15:37:10.401+0000] {dagbag.py:541} INFO - Filling up the DagBag from /home/vscode/.local/lib/python3.10/site-packages/airflow/example_dags/example_external_task_marker_dag.py
[2024-12-12T15:37:10.405+0000] {processor.py:836} INFO - DAG(s) dict_keys(['example_external_task_marker_child', 'example_external_task_marker_parent']) retrieved from /home/vscode/.local/lib/python3.10/site-packages/airflow/example_dags/example_external_task_marker_dag.py
[2024-12-12T15:37:10.418+0000] {logging_mixin.py:150} INFO - [2024-12-12T15:37:10.418+0000] {dag.py:2742} INFO - Sync 2 DAGs
[2024-12-12T15:37:10.431+0000] {logging_mixin.py:150} INFO - [2024-12-12T15:37:10.431+0000] {dag.py:3504} INFO - Setting next_dagrun for example_external_task_marker_child to None, run_after=None
[2024-12-12T15:37:10.433+0000] {logging_mixin.py:150} INFO - [2024-12-12T15:37:10.433+0000] {dag.py:3504} INFO - Setting next_dagrun for example_external_task_marker_parent to None, run_after=None
[2024-12-12T15:37:10.445+0000] {processor.py:179} INFO - Processing /home/vscode/.local/lib/python3.10/site-packages/airflow/example_dags/example_external_task_marker_dag.py took 0.048 seconds
[2024-12-12T15:37:55.622+0000] {processor.py:157} INFO - Started process (PID=34410) to work on /home/vscode/.local/lib/python3.10/site-packages/airflow/example_dags/example_external_task_marker_dag.py
[2024-12-12T15:37:55.623+0000] {processor.py:826} INFO - Processing file /home/vscode/.local/lib/python3.10/site-packages/airflow/example_dags/example_external_task_marker_dag.py for tasks to queue
[2024-12-12T15:37:55.623+0000] {logging_mixin.py:150} INFO - [2024-12-12T15:37:55.623+0000] {dagbag.py:541} INFO - Filling up the DagBag from /home/vscode/.local/lib/python3.10/site-packages/airflow/example_dags/example_external_task_marker_dag.py
[2024-12-12T15:37:55.628+0000] {processor.py:836} INFO - DAG(s) dict_keys(['example_external_task_marker_parent', 'example_external_task_marker_child']) retrieved from /home/vscode/.local/lib/python3.10/site-packages/airflow/example_dags/example_external_task_marker_dag.py
[2024-12-12T15:37:55.641+0000] {logging_mixin.py:150} INFO - [2024-12-12T15:37:55.641+0000] {dag.py:2742} INFO - Sync 2 DAGs
[2024-12-12T15:37:55.655+0000] {logging_mixin.py:150} INFO - [2024-12-12T15:37:55.655+0000] {dag.py:3504} INFO - Setting next_dagrun for example_external_task_marker_child to None, run_after=None
[2024-12-12T15:37:55.657+0000] {logging_mixin.py:150} INFO - [2024-12-12T15:37:55.657+0000] {dag.py:3504} INFO - Setting next_dagrun for example_external_task_marker_parent to None, run_after=None
[2024-12-12T15:37:55.669+0000] {processor.py:179} INFO - Processing /home/vscode/.local/lib/python3.10/site-packages/airflow/example_dags/example_external_task_marker_dag.py took 0.049 seconds
[2024-12-12T15:38:56.046+0000] {processor.py:157} INFO - Started process (PID=35001) to work on /home/vscode/.local/lib/python3.10/site-packages/airflow/example_dags/example_external_task_marker_dag.py
[2024-12-12T15:38:56.047+0000] {processor.py:826} INFO - Processing file /home/vscode/.local/lib/python3.10/site-packages/airflow/example_dags/example_external_task_marker_dag.py for tasks to queue
[2024-12-12T15:38:56.047+0000] {logging_mixin.py:150} INFO - [2024-12-12T15:38:56.047+0000] {dagbag.py:541} INFO - Filling up the DagBag from /home/vscode/.local/lib/python3.10/site-packages/airflow/example_dags/example_external_task_marker_dag.py
[2024-12-12T15:38:56.052+0000] {processor.py:836} INFO - DAG(s) dict_keys(['example_external_task_marker_child', 'example_external_task_marker_parent']) retrieved from /home/vscode/.local/lib/python3.10/site-packages/airflow/example_dags/example_external_task_marker_dag.py
[2024-12-12T15:38:56.065+0000] {logging_mixin.py:150} INFO - [2024-12-12T15:38:56.065+0000] {dag.py:2742} INFO - Sync 2 DAGs
[2024-12-12T15:38:56.078+0000] {logging_mixin.py:150} INFO - [2024-12-12T15:38:56.078+0000] {dag.py:3504} INFO - Setting next_dagrun for example_external_task_marker_child to None, run_after=None
[2024-12-12T15:38:56.080+0000] {logging_mixin.py:150} INFO - [2024-12-12T15:38:56.080+0000] {dag.py:3504} INFO - Setting next_dagrun for example_external_task_marker_parent to None, run_after=None
[2024-12-12T15:38:56.093+0000] {processor.py:179} INFO - Processing /home/vscode/.local/lib/python3.10/site-packages/airflow/example_dags/example_external_task_marker_dag.py took 0.049 seconds
[2024-12-12T15:39:23.737+0000] {processor.py:157} INFO - Started process (PID=35368) to work on /home/vscode/.local/lib/python3.10/site-packages/airflow/example_dags/example_external_task_marker_dag.py
[2024-12-12T15:39:23.738+0000] {processor.py:826} INFO - Processing file /home/vscode/.local/lib/python3.10/site-packages/airflow/example_dags/example_external_task_marker_dag.py for tasks to queue
[2024-12-12T15:39:23.738+0000] {logging_mixin.py:150} INFO - [2024-12-12T15:39:23.738+0000] {dagbag.py:541} INFO - Filling up the DagBag from /home/vscode/.local/lib/python3.10/site-packages/airflow/example_dags/example_external_task_marker_dag.py
[2024-12-12T15:39:23.817+0000] {processor.py:836} INFO - DAG(s) dict_keys(['example_external_task_marker_child', 'example_external_task_marker_parent']) retrieved from /home/vscode/.local/lib/python3.10/site-packages/airflow/example_dags/example_external_task_marker_dag.py
[2024-12-12T15:39:23.827+0000] {logging_mixin.py:150} INFO - [2024-12-12T15:39:23.827+0000] {dag.py:2742} INFO - Sync 2 DAGs
[2024-12-12T15:39:23.838+0000] {logging_mixin.py:150} INFO - [2024-12-12T15:39:23.838+0000] {dag.py:3504} INFO - Setting next_dagrun for example_external_task_marker_child to None, run_after=None
[2024-12-12T15:39:23.840+0000] {logging_mixin.py:150} INFO - [2024-12-12T15:39:23.840+0000] {dag.py:3504} INFO - Setting next_dagrun for example_external_task_marker_parent to None, run_after=None
[2024-12-12T15:39:23.852+0000] {processor.py:179} INFO - Processing /home/vscode/.local/lib/python3.10/site-packages/airflow/example_dags/example_external_task_marker_dag.py took 0.117 seconds
[2024-12-12T15:40:11.012+0000] {processor.py:157} INFO - Started process (PID=35783) to work on /home/vscode/.local/lib/python3.10/site-packages/airflow/example_dags/example_external_task_marker_dag.py
[2024-12-12T15:40:11.012+0000] {processor.py:826} INFO - Processing file /home/vscode/.local/lib/python3.10/site-packages/airflow/example_dags/example_external_task_marker_dag.py for tasks to queue
[2024-12-12T15:40:11.013+0000] {logging_mixin.py:150} INFO - [2024-12-12T15:40:11.013+0000] {dagbag.py:541} INFO - Filling up the DagBag from /home/vscode/.local/lib/python3.10/site-packages/airflow/example_dags/example_external_task_marker_dag.py
[2024-12-12T15:40:11.017+0000] {processor.py:836} INFO - DAG(s) dict_keys(['example_external_task_marker_child', 'example_external_task_marker_parent']) retrieved from /home/vscode/.local/lib/python3.10/site-packages/airflow/example_dags/example_external_task_marker_dag.py
[2024-12-12T15:40:11.031+0000] {logging_mixin.py:150} INFO - [2024-12-12T15:40:11.031+0000] {dag.py:2742} INFO - Sync 2 DAGs
[2024-12-12T15:40:11.044+0000] {logging_mixin.py:150} INFO - [2024-12-12T15:40:11.044+0000] {dag.py:3504} INFO - Setting next_dagrun for example_external_task_marker_child to None, run_after=None
[2024-12-12T15:40:11.046+0000] {logging_mixin.py:150} INFO - [2024-12-12T15:40:11.046+0000] {dag.py:3504} INFO - Setting next_dagrun for example_external_task_marker_parent to None, run_after=None
[2024-12-12T15:40:11.058+0000] {processor.py:179} INFO - Processing /home/vscode/.local/lib/python3.10/site-packages/airflow/example_dags/example_external_task_marker_dag.py took 0.049 seconds
[2024-12-12T15:40:54.092+0000] {processor.py:157} INFO - Started process (PID=36216) to work on /home/vscode/.local/lib/python3.10/site-packages/airflow/example_dags/example_external_task_marker_dag.py
[2024-12-12T15:40:54.093+0000] {processor.py:826} INFO - Processing file /home/vscode/.local/lib/python3.10/site-packages/airflow/example_dags/example_external_task_marker_dag.py for tasks to queue
[2024-12-12T15:40:54.093+0000] {logging_mixin.py:150} INFO - [2024-12-12T15:40:54.093+0000] {dagbag.py:541} INFO - Filling up the DagBag from /home/vscode/.local/lib/python3.10/site-packages/airflow/example_dags/example_external_task_marker_dag.py
[2024-12-12T15:40:54.098+0000] {processor.py:836} INFO - DAG(s) dict_keys(['example_external_task_marker_parent', 'example_external_task_marker_child']) retrieved from /home/vscode/.local/lib/python3.10/site-packages/airflow/example_dags/example_external_task_marker_dag.py
[2024-12-12T15:40:54.111+0000] {logging_mixin.py:150} INFO - [2024-12-12T15:40:54.111+0000] {dag.py:2742} INFO - Sync 2 DAGs
[2024-12-12T15:40:54.124+0000] {logging_mixin.py:150} INFO - [2024-12-12T15:40:54.124+0000] {dag.py:3504} INFO - Setting next_dagrun for example_external_task_marker_child to None, run_after=None
[2024-12-12T15:40:54.126+0000] {logging_mixin.py:150} INFO - [2024-12-12T15:40:54.126+0000] {dag.py:3504} INFO - Setting next_dagrun for example_external_task_marker_parent to None, run_after=None
[2024-12-12T15:40:54.140+0000] {processor.py:179} INFO - Processing /home/vscode/.local/lib/python3.10/site-packages/airflow/example_dags/example_external_task_marker_dag.py took 0.050 seconds
[2024-12-12T15:41:39.536+0000] {processor.py:157} INFO - Started process (PID=36565) to work on /home/vscode/.local/lib/python3.10/site-packages/airflow/example_dags/example_external_task_marker_dag.py
[2024-12-12T15:41:39.537+0000] {processor.py:826} INFO - Processing file /home/vscode/.local/lib/python3.10/site-packages/airflow/example_dags/example_external_task_marker_dag.py for tasks to queue
[2024-12-12T15:41:39.537+0000] {logging_mixin.py:150} INFO - [2024-12-12T15:41:39.537+0000] {dagbag.py:541} INFO - Filling up the DagBag from /home/vscode/.local/lib/python3.10/site-packages/airflow/example_dags/example_external_task_marker_dag.py
[2024-12-12T15:41:39.542+0000] {processor.py:836} INFO - DAG(s) dict_keys(['example_external_task_marker_parent', 'example_external_task_marker_child']) retrieved from /home/vscode/.local/lib/python3.10/site-packages/airflow/example_dags/example_external_task_marker_dag.py
[2024-12-12T15:41:39.556+0000] {logging_mixin.py:150} INFO - [2024-12-12T15:41:39.556+0000] {dag.py:2742} INFO - Sync 2 DAGs
[2024-12-12T15:41:39.569+0000] {logging_mixin.py:150} INFO - [2024-12-12T15:41:39.569+0000] {dag.py:3504} INFO - Setting next_dagrun for example_external_task_marker_child to None, run_after=None
[2024-12-12T15:41:39.571+0000] {logging_mixin.py:150} INFO - [2024-12-12T15:41:39.570+0000] {dag.py:3504} INFO - Setting next_dagrun for example_external_task_marker_parent to None, run_after=None
[2024-12-12T15:41:39.583+0000] {processor.py:179} INFO - Processing /home/vscode/.local/lib/python3.10/site-packages/airflow/example_dags/example_external_task_marker_dag.py took 0.049 seconds
[2024-12-12T15:42:35.429+0000] {processor.py:157} INFO - Started process (PID=37065) to work on /home/vscode/.local/lib/python3.10/site-packages/airflow/example_dags/example_external_task_marker_dag.py
[2024-12-12T15:42:35.430+0000] {processor.py:826} INFO - Processing file /home/vscode/.local/lib/python3.10/site-packages/airflow/example_dags/example_external_task_marker_dag.py for tasks to queue
[2024-12-12T15:42:35.430+0000] {logging_mixin.py:150} INFO - [2024-12-12T15:42:35.430+0000] {dagbag.py:541} INFO - Filling up the DagBag from /home/vscode/.local/lib/python3.10/site-packages/airflow/example_dags/example_external_task_marker_dag.py
[2024-12-12T15:42:35.435+0000] {processor.py:836} INFO - DAG(s) dict_keys(['example_external_task_marker_child', 'example_external_task_marker_parent']) retrieved from /home/vscode/.local/lib/python3.10/site-packages/airflow/example_dags/example_external_task_marker_dag.py
[2024-12-12T15:42:35.448+0000] {logging_mixin.py:150} INFO - [2024-12-12T15:42:35.448+0000] {dag.py:2742} INFO - Sync 2 DAGs
[2024-12-12T15:42:35.461+0000] {logging_mixin.py:150} INFO - [2024-12-12T15:42:35.461+0000] {dag.py:3504} INFO - Setting next_dagrun for example_external_task_marker_child to None, run_after=None
[2024-12-12T15:42:35.463+0000] {logging_mixin.py:150} INFO - [2024-12-12T15:42:35.463+0000] {dag.py:3504} INFO - Setting next_dagrun for example_external_task_marker_parent to None, run_after=None
[2024-12-12T15:42:35.476+0000] {processor.py:179} INFO - Processing /home/vscode/.local/lib/python3.10/site-packages/airflow/example_dags/example_external_task_marker_dag.py took 0.049 seconds
[2024-12-12T15:43:18.847+0000] {processor.py:157} INFO - Started process (PID=37404) to work on /home/vscode/.local/lib/python3.10/site-packages/airflow/example_dags/example_external_task_marker_dag.py
[2024-12-12T15:43:18.848+0000] {processor.py:826} INFO - Processing file /home/vscode/.local/lib/python3.10/site-packages/airflow/example_dags/example_external_task_marker_dag.py for tasks to queue
[2024-12-12T15:43:18.848+0000] {logging_mixin.py:150} INFO - [2024-12-12T15:43:18.848+0000] {dagbag.py:541} INFO - Filling up the DagBag from /home/vscode/.local/lib/python3.10/site-packages/airflow/example_dags/example_external_task_marker_dag.py
[2024-12-12T15:43:18.853+0000] {processor.py:836} INFO - DAG(s) dict_keys(['example_external_task_marker_child', 'example_external_task_marker_parent']) retrieved from /home/vscode/.local/lib/python3.10/site-packages/airflow/example_dags/example_external_task_marker_dag.py
[2024-12-12T15:43:18.866+0000] {logging_mixin.py:150} INFO - [2024-12-12T15:43:18.866+0000] {dag.py:2742} INFO - Sync 2 DAGs
[2024-12-12T15:43:18.879+0000] {logging_mixin.py:150} INFO - [2024-12-12T15:43:18.879+0000] {dag.py:3504} INFO - Setting next_dagrun for example_external_task_marker_child to None, run_after=None
[2024-12-12T15:43:18.881+0000] {logging_mixin.py:150} INFO - [2024-12-12T15:43:18.881+0000] {dag.py:3504} INFO - Setting next_dagrun for example_external_task_marker_parent to None, run_after=None
[2024-12-12T15:43:18.895+0000] {processor.py:179} INFO - Processing /home/vscode/.local/lib/python3.10/site-packages/airflow/example_dags/example_external_task_marker_dag.py took 0.050 seconds
[2024-12-12T15:44:03.314+0000] {processor.py:157} INFO - Started process (PID=37775) to work on /home/vscode/.local/lib/python3.10/site-packages/airflow/example_dags/example_external_task_marker_dag.py
[2024-12-12T15:44:03.315+0000] {processor.py:826} INFO - Processing file /home/vscode/.local/lib/python3.10/site-packages/airflow/example_dags/example_external_task_marker_dag.py for tasks to queue
[2024-12-12T15:44:03.315+0000] {logging_mixin.py:150} INFO - [2024-12-12T15:44:03.315+0000] {dagbag.py:541} INFO - Filling up the DagBag from /home/vscode/.local/lib/python3.10/site-packages/airflow/example_dags/example_external_task_marker_dag.py
[2024-12-12T15:44:03.320+0000] {processor.py:836} INFO - DAG(s) dict_keys(['example_external_task_marker_parent', 'example_external_task_marker_child']) retrieved from /home/vscode/.local/lib/python3.10/site-packages/airflow/example_dags/example_external_task_marker_dag.py
[2024-12-12T15:44:03.333+0000] {logging_mixin.py:150} INFO - [2024-12-12T15:44:03.333+0000] {dag.py:2742} INFO - Sync 2 DAGs
[2024-12-12T15:44:03.346+0000] {logging_mixin.py:150} INFO - [2024-12-12T15:44:03.346+0000] {dag.py:3504} INFO - Setting next_dagrun for example_external_task_marker_child to None, run_after=None
[2024-12-12T15:44:03.348+0000] {logging_mixin.py:150} INFO - [2024-12-12T15:44:03.348+0000] {dag.py:3504} INFO - Setting next_dagrun for example_external_task_marker_parent to None, run_after=None
[2024-12-12T15:44:03.361+0000] {processor.py:179} INFO - Processing /home/vscode/.local/lib/python3.10/site-packages/airflow/example_dags/example_external_task_marker_dag.py took 0.049 seconds
[2024-12-12T15:44:45.214+0000] {processor.py:157} INFO - Started process (PID=38108) to work on /home/vscode/.local/lib/python3.10/site-packages/airflow/example_dags/example_external_task_marker_dag.py
[2024-12-12T15:44:45.214+0000] {processor.py:826} INFO - Processing file /home/vscode/.local/lib/python3.10/site-packages/airflow/example_dags/example_external_task_marker_dag.py for tasks to queue
[2024-12-12T15:44:45.215+0000] {logging_mixin.py:150} INFO - [2024-12-12T15:44:45.215+0000] {dagbag.py:541} INFO - Filling up the DagBag from /home/vscode/.local/lib/python3.10/site-packages/airflow/example_dags/example_external_task_marker_dag.py
[2024-12-12T15:44:45.219+0000] {processor.py:836} INFO - DAG(s) dict_keys(['example_external_task_marker_child', 'example_external_task_marker_parent']) retrieved from /home/vscode/.local/lib/python3.10/site-packages/airflow/example_dags/example_external_task_marker_dag.py
[2024-12-12T15:44:45.233+0000] {logging_mixin.py:150} INFO - [2024-12-12T15:44:45.233+0000] {dag.py:2742} INFO - Sync 2 DAGs
[2024-12-12T15:44:45.246+0000] {logging_mixin.py:150} INFO - [2024-12-12T15:44:45.246+0000] {dag.py:3504} INFO - Setting next_dagrun for example_external_task_marker_child to None, run_after=None
[2024-12-12T15:44:45.248+0000] {logging_mixin.py:150} INFO - [2024-12-12T15:44:45.248+0000] {dag.py:3504} INFO - Setting next_dagrun for example_external_task_marker_parent to None, run_after=None
[2024-12-12T15:44:45.261+0000] {processor.py:179} INFO - Processing /home/vscode/.local/lib/python3.10/site-packages/airflow/example_dags/example_external_task_marker_dag.py took 0.049 seconds
[2024-12-12T15:45:41.025+0000] {processor.py:157} INFO - Started process (PID=38538) to work on /home/vscode/.local/lib/python3.10/site-packages/airflow/example_dags/example_external_task_marker_dag.py
[2024-12-12T15:45:41.026+0000] {processor.py:826} INFO - Processing file /home/vscode/.local/lib/python3.10/site-packages/airflow/example_dags/example_external_task_marker_dag.py for tasks to queue
[2024-12-12T15:45:41.026+0000] {logging_mixin.py:150} INFO - [2024-12-12T15:45:41.026+0000] {dagbag.py:541} INFO - Filling up the DagBag from /home/vscode/.local/lib/python3.10/site-packages/airflow/example_dags/example_external_task_marker_dag.py
[2024-12-12T15:45:41.031+0000] {processor.py:836} INFO - DAG(s) dict_keys(['example_external_task_marker_parent', 'example_external_task_marker_child']) retrieved from /home/vscode/.local/lib/python3.10/site-packages/airflow/example_dags/example_external_task_marker_dag.py
[2024-12-12T15:45:41.044+0000] {logging_mixin.py:150} INFO - [2024-12-12T15:45:41.044+0000] {dag.py:2742} INFO - Sync 2 DAGs
[2024-12-12T15:45:41.058+0000] {logging_mixin.py:150} INFO - [2024-12-12T15:45:41.057+0000] {dag.py:3504} INFO - Setting next_dagrun for example_external_task_marker_child to None, run_after=None
[2024-12-12T15:45:41.059+0000] {logging_mixin.py:150} INFO - [2024-12-12T15:45:41.059+0000] {dag.py:3504} INFO - Setting next_dagrun for example_external_task_marker_parent to None, run_after=None
[2024-12-12T15:45:41.072+0000] {processor.py:179} INFO - Processing /home/vscode/.local/lib/python3.10/site-packages/airflow/example_dags/example_external_task_marker_dag.py took 0.049 seconds
[2024-12-12T15:46:27.100+0000] {processor.py:157} INFO - Started process (PID=38909) to work on /home/vscode/.local/lib/python3.10/site-packages/airflow/example_dags/example_external_task_marker_dag.py
[2024-12-12T15:46:27.100+0000] {processor.py:826} INFO - Processing file /home/vscode/.local/lib/python3.10/site-packages/airflow/example_dags/example_external_task_marker_dag.py for tasks to queue
[2024-12-12T15:46:27.101+0000] {logging_mixin.py:150} INFO - [2024-12-12T15:46:27.101+0000] {dagbag.py:541} INFO - Filling up the DagBag from /home/vscode/.local/lib/python3.10/site-packages/airflow/example_dags/example_external_task_marker_dag.py
[2024-12-12T15:46:27.105+0000] {processor.py:836} INFO - DAG(s) dict_keys(['example_external_task_marker_parent', 'example_external_task_marker_child']) retrieved from /home/vscode/.local/lib/python3.10/site-packages/airflow/example_dags/example_external_task_marker_dag.py
[2024-12-12T15:46:27.119+0000] {logging_mixin.py:150} INFO - [2024-12-12T15:46:27.118+0000] {dag.py:2742} INFO - Sync 2 DAGs
[2024-12-12T15:46:27.132+0000] {logging_mixin.py:150} INFO - [2024-12-12T15:46:27.132+0000] {dag.py:3504} INFO - Setting next_dagrun for example_external_task_marker_child to None, run_after=None
[2024-12-12T15:46:27.134+0000] {logging_mixin.py:150} INFO - [2024-12-12T15:46:27.134+0000] {dag.py:3504} INFO - Setting next_dagrun for example_external_task_marker_parent to None, run_after=None
[2024-12-12T15:46:27.149+0000] {processor.py:179} INFO - Processing /home/vscode/.local/lib/python3.10/site-packages/airflow/example_dags/example_external_task_marker_dag.py took 0.052 seconds
[2024-12-12T15:47:16.513+0000] {processor.py:157} INFO - Started process (PID=39294) to work on /home/vscode/.local/lib/python3.10/site-packages/airflow/example_dags/example_external_task_marker_dag.py
[2024-12-12T15:47:16.513+0000] {processor.py:826} INFO - Processing file /home/vscode/.local/lib/python3.10/site-packages/airflow/example_dags/example_external_task_marker_dag.py for tasks to queue
[2024-12-12T15:47:16.514+0000] {logging_mixin.py:150} INFO - [2024-12-12T15:47:16.513+0000] {dagbag.py:541} INFO - Filling up the DagBag from /home/vscode/.local/lib/python3.10/site-packages/airflow/example_dags/example_external_task_marker_dag.py
[2024-12-12T15:47:16.518+0000] {processor.py:836} INFO - DAG(s) dict_keys(['example_external_task_marker_parent', 'example_external_task_marker_child']) retrieved from /home/vscode/.local/lib/python3.10/site-packages/airflow/example_dags/example_external_task_marker_dag.py
[2024-12-12T15:47:16.532+0000] {logging_mixin.py:150} INFO - [2024-12-12T15:47:16.532+0000] {dag.py:2742} INFO - Sync 2 DAGs
[2024-12-12T15:47:16.545+0000] {logging_mixin.py:150} INFO - [2024-12-12T15:47:16.545+0000] {dag.py:3504} INFO - Setting next_dagrun for example_external_task_marker_child to None, run_after=None
[2024-12-12T15:47:16.547+0000] {logging_mixin.py:150} INFO - [2024-12-12T15:47:16.547+0000] {dag.py:3504} INFO - Setting next_dagrun for example_external_task_marker_parent to None, run_after=None
[2024-12-12T15:47:16.560+0000] {processor.py:179} INFO - Processing /home/vscode/.local/lib/python3.10/site-packages/airflow/example_dags/example_external_task_marker_dag.py took 0.049 seconds
[2024-12-12T15:48:02.400+0000] {processor.py:157} INFO - Started process (PID=39648) to work on /home/vscode/.local/lib/python3.10/site-packages/airflow/example_dags/example_external_task_marker_dag.py
[2024-12-12T15:48:02.401+0000] {processor.py:826} INFO - Processing file /home/vscode/.local/lib/python3.10/site-packages/airflow/example_dags/example_external_task_marker_dag.py for tasks to queue
[2024-12-12T15:48:02.401+0000] {logging_mixin.py:150} INFO - [2024-12-12T15:48:02.401+0000] {dagbag.py:541} INFO - Filling up the DagBag from /home/vscode/.local/lib/python3.10/site-packages/airflow/example_dags/example_external_task_marker_dag.py
[2024-12-12T15:48:02.406+0000] {processor.py:836} INFO - DAG(s) dict_keys(['example_external_task_marker_parent', 'example_external_task_marker_child']) retrieved from /home/vscode/.local/lib/python3.10/site-packages/airflow/example_dags/example_external_task_marker_dag.py
[2024-12-12T15:48:02.419+0000] {logging_mixin.py:150} INFO - [2024-12-12T15:48:02.419+0000] {dag.py:2742} INFO - Sync 2 DAGs
[2024-12-12T15:48:02.432+0000] {logging_mixin.py:150} INFO - [2024-12-12T15:48:02.432+0000] {dag.py:3504} INFO - Setting next_dagrun for example_external_task_marker_child to None, run_after=None
[2024-12-12T15:48:02.434+0000] {logging_mixin.py:150} INFO - [2024-12-12T15:48:02.434+0000] {dag.py:3504} INFO - Setting next_dagrun for example_external_task_marker_parent to None, run_after=None
[2024-12-12T15:48:02.447+0000] {processor.py:179} INFO - Processing /home/vscode/.local/lib/python3.10/site-packages/airflow/example_dags/example_external_task_marker_dag.py took 0.049 seconds
[2024-12-12T15:48:47.248+0000] {processor.py:157} INFO - Started process (PID=40022) to work on /home/vscode/.local/lib/python3.10/site-packages/airflow/example_dags/example_external_task_marker_dag.py
[2024-12-12T15:48:47.249+0000] {processor.py:826} INFO - Processing file /home/vscode/.local/lib/python3.10/site-packages/airflow/example_dags/example_external_task_marker_dag.py for tasks to queue
[2024-12-12T15:48:47.249+0000] {logging_mixin.py:150} INFO - [2024-12-12T15:48:47.249+0000] {dagbag.py:541} INFO - Filling up the DagBag from /home/vscode/.local/lib/python3.10/site-packages/airflow/example_dags/example_external_task_marker_dag.py
[2024-12-12T15:48:47.254+0000] {processor.py:836} INFO - DAG(s) dict_keys(['example_external_task_marker_parent', 'example_external_task_marker_child']) retrieved from /home/vscode/.local/lib/python3.10/site-packages/airflow/example_dags/example_external_task_marker_dag.py
[2024-12-12T15:48:47.268+0000] {logging_mixin.py:150} INFO - [2024-12-12T15:48:47.267+0000] {dag.py:2742} INFO - Sync 2 DAGs
[2024-12-12T15:48:47.280+0000] {logging_mixin.py:150} INFO - [2024-12-12T15:48:47.280+0000] {dag.py:3504} INFO - Setting next_dagrun for example_external_task_marker_child to None, run_after=None
[2024-12-12T15:48:47.282+0000] {logging_mixin.py:150} INFO - [2024-12-12T15:48:47.282+0000] {dag.py:3504} INFO - Setting next_dagrun for example_external_task_marker_parent to None, run_after=None
[2024-12-12T15:48:47.296+0000] {processor.py:179} INFO - Processing /home/vscode/.local/lib/python3.10/site-packages/airflow/example_dags/example_external_task_marker_dag.py took 0.050 seconds
[2024-12-12T15:49:42.477+0000] {processor.py:157} INFO - Started process (PID=40455) to work on /home/vscode/.local/lib/python3.10/site-packages/airflow/example_dags/example_external_task_marker_dag.py
[2024-12-12T15:49:42.478+0000] {processor.py:826} INFO - Processing file /home/vscode/.local/lib/python3.10/site-packages/airflow/example_dags/example_external_task_marker_dag.py for tasks to queue
[2024-12-12T15:49:42.479+0000] {logging_mixin.py:150} INFO - [2024-12-12T15:49:42.479+0000] {dagbag.py:541} INFO - Filling up the DagBag from /home/vscode/.local/lib/python3.10/site-packages/airflow/example_dags/example_external_task_marker_dag.py
[2024-12-12T15:49:42.485+0000] {processor.py:836} INFO - DAG(s) dict_keys(['example_external_task_marker_child', 'example_external_task_marker_parent']) retrieved from /home/vscode/.local/lib/python3.10/site-packages/airflow/example_dags/example_external_task_marker_dag.py
[2024-12-12T15:49:42.500+0000] {logging_mixin.py:150} INFO - [2024-12-12T15:49:42.500+0000] {dag.py:2742} INFO - Sync 2 DAGs
[2024-12-12T15:49:42.513+0000] {logging_mixin.py:150} INFO - [2024-12-12T15:49:42.513+0000] {dag.py:3504} INFO - Setting next_dagrun for example_external_task_marker_child to None, run_after=None
[2024-12-12T15:49:42.515+0000] {logging_mixin.py:150} INFO - [2024-12-12T15:49:42.515+0000] {dag.py:3504} INFO - Setting next_dagrun for example_external_task_marker_parent to None, run_after=None
[2024-12-12T15:49:42.527+0000] {processor.py:179} INFO - Processing /home/vscode/.local/lib/python3.10/site-packages/airflow/example_dags/example_external_task_marker_dag.py took 0.053 seconds
[2024-12-12T15:50:36.495+0000] {processor.py:157} INFO - Started process (PID=40889) to work on /home/vscode/.local/lib/python3.10/site-packages/airflow/example_dags/example_external_task_marker_dag.py
[2024-12-12T15:50:36.495+0000] {processor.py:826} INFO - Processing file /home/vscode/.local/lib/python3.10/site-packages/airflow/example_dags/example_external_task_marker_dag.py for tasks to queue
[2024-12-12T15:50:36.496+0000] {logging_mixin.py:150} INFO - [2024-12-12T15:50:36.496+0000] {dagbag.py:541} INFO - Filling up the DagBag from /home/vscode/.local/lib/python3.10/site-packages/airflow/example_dags/example_external_task_marker_dag.py
[2024-12-12T15:50:36.501+0000] {processor.py:836} INFO - DAG(s) dict_keys(['example_external_task_marker_parent', 'example_external_task_marker_child']) retrieved from /home/vscode/.local/lib/python3.10/site-packages/airflow/example_dags/example_external_task_marker_dag.py
[2024-12-12T15:50:36.514+0000] {logging_mixin.py:150} INFO - [2024-12-12T15:50:36.514+0000] {dag.py:2742} INFO - Sync 2 DAGs
[2024-12-12T15:50:36.528+0000] {logging_mixin.py:150} INFO - [2024-12-12T15:50:36.527+0000] {dag.py:3504} INFO - Setting next_dagrun for example_external_task_marker_child to None, run_after=None
[2024-12-12T15:50:36.529+0000] {logging_mixin.py:150} INFO - [2024-12-12T15:50:36.529+0000] {dag.py:3504} INFO - Setting next_dagrun for example_external_task_marker_parent to None, run_after=None
[2024-12-12T15:50:36.542+0000] {processor.py:179} INFO - Processing /home/vscode/.local/lib/python3.10/site-packages/airflow/example_dags/example_external_task_marker_dag.py took 0.049 seconds
[2024-12-12T15:51:23.827+0000] {processor.py:157} INFO - Started process (PID=41243) to work on /home/vscode/.local/lib/python3.10/site-packages/airflow/example_dags/example_external_task_marker_dag.py
[2024-12-12T15:51:23.828+0000] {processor.py:826} INFO - Processing file /home/vscode/.local/lib/python3.10/site-packages/airflow/example_dags/example_external_task_marker_dag.py for tasks to queue
[2024-12-12T15:51:23.828+0000] {logging_mixin.py:150} INFO - [2024-12-12T15:51:23.828+0000] {dagbag.py:541} INFO - Filling up the DagBag from /home/vscode/.local/lib/python3.10/site-packages/airflow/example_dags/example_external_task_marker_dag.py
[2024-12-12T15:51:23.833+0000] {processor.py:836} INFO - DAG(s) dict_keys(['example_external_task_marker_parent', 'example_external_task_marker_child']) retrieved from /home/vscode/.local/lib/python3.10/site-packages/airflow/example_dags/example_external_task_marker_dag.py
[2024-12-12T15:51:23.846+0000] {logging_mixin.py:150} INFO - [2024-12-12T15:51:23.846+0000] {dag.py:2742} INFO - Sync 2 DAGs
[2024-12-12T15:51:23.859+0000] {logging_mixin.py:150} INFO - [2024-12-12T15:51:23.859+0000] {dag.py:3504} INFO - Setting next_dagrun for example_external_task_marker_child to None, run_after=None
[2024-12-12T15:51:23.861+0000] {logging_mixin.py:150} INFO - [2024-12-12T15:51:23.861+0000] {dag.py:3504} INFO - Setting next_dagrun for example_external_task_marker_parent to None, run_after=None
[2024-12-12T15:51:23.875+0000] {processor.py:179} INFO - Processing /home/vscode/.local/lib/python3.10/site-packages/airflow/example_dags/example_external_task_marker_dag.py took 0.049 seconds
[2024-12-12T15:52:12.891+0000] {processor.py:157} INFO - Started process (PID=41637) to work on /home/vscode/.local/lib/python3.10/site-packages/airflow/example_dags/example_external_task_marker_dag.py
[2024-12-12T15:52:12.892+0000] {processor.py:826} INFO - Processing file /home/vscode/.local/lib/python3.10/site-packages/airflow/example_dags/example_external_task_marker_dag.py for tasks to queue
[2024-12-12T15:52:12.892+0000] {logging_mixin.py:150} INFO - [2024-12-12T15:52:12.892+0000] {dagbag.py:541} INFO - Filling up the DagBag from /home/vscode/.local/lib/python3.10/site-packages/airflow/example_dags/example_external_task_marker_dag.py
[2024-12-12T15:52:12.897+0000] {processor.py:836} INFO - DAG(s) dict_keys(['example_external_task_marker_child', 'example_external_task_marker_parent']) retrieved from /home/vscode/.local/lib/python3.10/site-packages/airflow/example_dags/example_external_task_marker_dag.py
[2024-12-12T15:52:12.910+0000] {logging_mixin.py:150} INFO - [2024-12-12T15:52:12.910+0000] {dag.py:2742} INFO - Sync 2 DAGs
[2024-12-12T15:52:12.923+0000] {logging_mixin.py:150} INFO - [2024-12-12T15:52:12.923+0000] {dag.py:3504} INFO - Setting next_dagrun for example_external_task_marker_child to None, run_after=None
[2024-12-12T15:52:12.925+0000] {logging_mixin.py:150} INFO - [2024-12-12T15:52:12.925+0000] {dag.py:3504} INFO - Setting next_dagrun for example_external_task_marker_parent to None, run_after=None
[2024-12-12T15:52:12.938+0000] {processor.py:179} INFO - Processing /home/vscode/.local/lib/python3.10/site-packages/airflow/example_dags/example_external_task_marker_dag.py took 0.049 seconds
[2024-12-12T15:52:57.344+0000] {processor.py:157} INFO - Started process (PID=41949) to work on /home/vscode/.local/lib/python3.10/site-packages/airflow/example_dags/example_external_task_marker_dag.py
[2024-12-12T15:52:57.345+0000] {processor.py:826} INFO - Processing file /home/vscode/.local/lib/python3.10/site-packages/airflow/example_dags/example_external_task_marker_dag.py for tasks to queue
[2024-12-12T15:52:57.346+0000] {logging_mixin.py:150} INFO - [2024-12-12T15:52:57.345+0000] {dagbag.py:541} INFO - Filling up the DagBag from /home/vscode/.local/lib/python3.10/site-packages/airflow/example_dags/example_external_task_marker_dag.py
[2024-12-12T15:52:57.350+0000] {processor.py:836} INFO - DAG(s) dict_keys(['example_external_task_marker_child', 'example_external_task_marker_parent']) retrieved from /home/vscode/.local/lib/python3.10/site-packages/airflow/example_dags/example_external_task_marker_dag.py
[2024-12-12T15:52:57.363+0000] {logging_mixin.py:150} INFO - [2024-12-12T15:52:57.363+0000] {dag.py:2742} INFO - Sync 2 DAGs
[2024-12-12T15:52:57.376+0000] {logging_mixin.py:150} INFO - [2024-12-12T15:52:57.375+0000] {dag.py:3504} INFO - Setting next_dagrun for example_external_task_marker_child to None, run_after=None
[2024-12-12T15:52:57.378+0000] {logging_mixin.py:150} INFO - [2024-12-12T15:52:57.377+0000] {dag.py:3504} INFO - Setting next_dagrun for example_external_task_marker_parent to None, run_after=None
[2024-12-12T15:52:57.391+0000] {processor.py:179} INFO - Processing /home/vscode/.local/lib/python3.10/site-packages/airflow/example_dags/example_external_task_marker_dag.py took 0.049 seconds
[2024-12-12T15:53:40.177+0000] {processor.py:157} INFO - Started process (PID=42238) to work on /home/vscode/.local/lib/python3.10/site-packages/airflow/example_dags/example_external_task_marker_dag.py
[2024-12-12T15:53:40.178+0000] {processor.py:826} INFO - Processing file /home/vscode/.local/lib/python3.10/site-packages/airflow/example_dags/example_external_task_marker_dag.py for tasks to queue
[2024-12-12T15:53:40.178+0000] {logging_mixin.py:150} INFO - [2024-12-12T15:53:40.178+0000] {dagbag.py:541} INFO - Filling up the DagBag from /home/vscode/.local/lib/python3.10/site-packages/airflow/example_dags/example_external_task_marker_dag.py
[2024-12-12T15:53:40.183+0000] {processor.py:836} INFO - DAG(s) dict_keys(['example_external_task_marker_child', 'example_external_task_marker_parent']) retrieved from /home/vscode/.local/lib/python3.10/site-packages/airflow/example_dags/example_external_task_marker_dag.py
[2024-12-12T15:53:40.196+0000] {logging_mixin.py:150} INFO - [2024-12-12T15:53:40.196+0000] {dag.py:2742} INFO - Sync 2 DAGs
[2024-12-12T15:53:40.209+0000] {logging_mixin.py:150} INFO - [2024-12-12T15:53:40.209+0000] {dag.py:3504} INFO - Setting next_dagrun for example_external_task_marker_child to None, run_after=None
[2024-12-12T15:53:40.211+0000] {logging_mixin.py:150} INFO - [2024-12-12T15:53:40.211+0000] {dag.py:3504} INFO - Setting next_dagrun for example_external_task_marker_parent to None, run_after=None
[2024-12-12T15:53:40.224+0000] {processor.py:179} INFO - Processing /home/vscode/.local/lib/python3.10/site-packages/airflow/example_dags/example_external_task_marker_dag.py took 0.048 seconds
[2024-12-12T15:54:27.365+0000] {processor.py:157} INFO - Started process (PID=42583) to work on /home/vscode/.local/lib/python3.10/site-packages/airflow/example_dags/example_external_task_marker_dag.py
[2024-12-12T15:54:27.366+0000] {processor.py:826} INFO - Processing file /home/vscode/.local/lib/python3.10/site-packages/airflow/example_dags/example_external_task_marker_dag.py for tasks to queue
[2024-12-12T15:54:27.367+0000] {logging_mixin.py:150} INFO - [2024-12-12T15:54:27.366+0000] {dagbag.py:541} INFO - Filling up the DagBag from /home/vscode/.local/lib/python3.10/site-packages/airflow/example_dags/example_external_task_marker_dag.py
[2024-12-12T15:54:27.371+0000] {processor.py:836} INFO - DAG(s) dict_keys(['example_external_task_marker_parent', 'example_external_task_marker_child']) retrieved from /home/vscode/.local/lib/python3.10/site-packages/airflow/example_dags/example_external_task_marker_dag.py
[2024-12-12T15:54:27.384+0000] {logging_mixin.py:150} INFO - [2024-12-12T15:54:27.384+0000] {dag.py:2742} INFO - Sync 2 DAGs
[2024-12-12T15:54:27.399+0000] {logging_mixin.py:150} INFO - [2024-12-12T15:54:27.398+0000] {dag.py:3504} INFO - Setting next_dagrun for example_external_task_marker_child to None, run_after=None
[2024-12-12T15:54:27.401+0000] {logging_mixin.py:150} INFO - [2024-12-12T15:54:27.401+0000] {dag.py:3504} INFO - Setting next_dagrun for example_external_task_marker_parent to None, run_after=None
[2024-12-12T15:54:27.415+0000] {processor.py:179} INFO - Processing /home/vscode/.local/lib/python3.10/site-packages/airflow/example_dags/example_external_task_marker_dag.py took 0.051 seconds
[2024-12-12T15:55:11.849+0000] {processor.py:157} INFO - Started process (PID=42884) to work on /home/vscode/.local/lib/python3.10/site-packages/airflow/example_dags/example_external_task_marker_dag.py
[2024-12-12T15:55:11.849+0000] {processor.py:826} INFO - Processing file /home/vscode/.local/lib/python3.10/site-packages/airflow/example_dags/example_external_task_marker_dag.py for tasks to queue
[2024-12-12T15:55:11.850+0000] {logging_mixin.py:150} INFO - [2024-12-12T15:55:11.850+0000] {dagbag.py:541} INFO - Filling up the DagBag from /home/vscode/.local/lib/python3.10/site-packages/airflow/example_dags/example_external_task_marker_dag.py
[2024-12-12T15:55:11.854+0000] {processor.py:836} INFO - DAG(s) dict_keys(['example_external_task_marker_parent', 'example_external_task_marker_child']) retrieved from /home/vscode/.local/lib/python3.10/site-packages/airflow/example_dags/example_external_task_marker_dag.py
[2024-12-12T15:55:11.868+0000] {logging_mixin.py:150} INFO - [2024-12-12T15:55:11.868+0000] {dag.py:2742} INFO - Sync 2 DAGs
[2024-12-12T15:55:11.881+0000] {logging_mixin.py:150} INFO - [2024-12-12T15:55:11.880+0000] {dag.py:3504} INFO - Setting next_dagrun for example_external_task_marker_child to None, run_after=None
[2024-12-12T15:55:11.882+0000] {logging_mixin.py:150} INFO - [2024-12-12T15:55:11.882+0000] {dag.py:3504} INFO - Setting next_dagrun for example_external_task_marker_parent to None, run_after=None
[2024-12-12T15:55:11.895+0000] {processor.py:179} INFO - Processing /home/vscode/.local/lib/python3.10/site-packages/airflow/example_dags/example_external_task_marker_dag.py took 0.048 seconds
[2024-12-12T15:56:00.783+0000] {processor.py:157} INFO - Started process (PID=43215) to work on /home/vscode/.local/lib/python3.10/site-packages/airflow/example_dags/example_external_task_marker_dag.py
[2024-12-12T15:56:00.784+0000] {processor.py:826} INFO - Processing file /home/vscode/.local/lib/python3.10/site-packages/airflow/example_dags/example_external_task_marker_dag.py for tasks to queue
[2024-12-12T15:56:00.785+0000] {logging_mixin.py:150} INFO - [2024-12-12T15:56:00.784+0000] {dagbag.py:541} INFO - Filling up the DagBag from /home/vscode/.local/lib/python3.10/site-packages/airflow/example_dags/example_external_task_marker_dag.py
[2024-12-12T15:56:00.789+0000] {processor.py:836} INFO - DAG(s) dict_keys(['example_external_task_marker_child', 'example_external_task_marker_parent']) retrieved from /home/vscode/.local/lib/python3.10/site-packages/airflow/example_dags/example_external_task_marker_dag.py
[2024-12-12T15:56:00.802+0000] {logging_mixin.py:150} INFO - [2024-12-12T15:56:00.802+0000] {dag.py:2742} INFO - Sync 2 DAGs
[2024-12-12T15:56:00.816+0000] {logging_mixin.py:150} INFO - [2024-12-12T15:56:00.815+0000] {dag.py:3504} INFO - Setting next_dagrun for example_external_task_marker_child to None, run_after=None
[2024-12-12T15:56:00.817+0000] {logging_mixin.py:150} INFO - [2024-12-12T15:56:00.817+0000] {dag.py:3504} INFO - Setting next_dagrun for example_external_task_marker_parent to None, run_after=None
[2024-12-12T15:56:00.830+0000] {processor.py:179} INFO - Processing /home/vscode/.local/lib/python3.10/site-packages/airflow/example_dags/example_external_task_marker_dag.py took 0.048 seconds
[2024-12-12T15:56:42.100+0000] {processor.py:157} INFO - Started process (PID=43503) to work on /home/vscode/.local/lib/python3.10/site-packages/airflow/example_dags/example_external_task_marker_dag.py
[2024-12-12T15:56:42.100+0000] {processor.py:826} INFO - Processing file /home/vscode/.local/lib/python3.10/site-packages/airflow/example_dags/example_external_task_marker_dag.py for tasks to queue
[2024-12-12T15:56:42.101+0000] {logging_mixin.py:150} INFO - [2024-12-12T15:56:42.101+0000] {dagbag.py:541} INFO - Filling up the DagBag from /home/vscode/.local/lib/python3.10/site-packages/airflow/example_dags/example_external_task_marker_dag.py
[2024-12-12T15:56:42.105+0000] {processor.py:836} INFO - DAG(s) dict_keys(['example_external_task_marker_parent', 'example_external_task_marker_child']) retrieved from /home/vscode/.local/lib/python3.10/site-packages/airflow/example_dags/example_external_task_marker_dag.py
[2024-12-12T15:56:42.119+0000] {logging_mixin.py:150} INFO - [2024-12-12T15:56:42.119+0000] {dag.py:2742} INFO - Sync 2 DAGs
[2024-12-12T15:56:42.132+0000] {logging_mixin.py:150} INFO - [2024-12-12T15:56:42.132+0000] {dag.py:3504} INFO - Setting next_dagrun for example_external_task_marker_child to None, run_after=None
[2024-12-12T15:56:42.134+0000] {logging_mixin.py:150} INFO - [2024-12-12T15:56:42.134+0000] {dag.py:3504} INFO - Setting next_dagrun for example_external_task_marker_parent to None, run_after=None
[2024-12-12T15:56:42.147+0000] {processor.py:179} INFO - Processing /home/vscode/.local/lib/python3.10/site-packages/airflow/example_dags/example_external_task_marker_dag.py took 0.049 seconds
[2024-12-12T15:57:36.217+0000] {processor.py:157} INFO - Started process (PID=43872) to work on /home/vscode/.local/lib/python3.10/site-packages/airflow/example_dags/example_external_task_marker_dag.py
[2024-12-12T15:57:36.218+0000] {processor.py:826} INFO - Processing file /home/vscode/.local/lib/python3.10/site-packages/airflow/example_dags/example_external_task_marker_dag.py for tasks to queue
[2024-12-12T15:57:36.218+0000] {logging_mixin.py:150} INFO - [2024-12-12T15:57:36.218+0000] {dagbag.py:541} INFO - Filling up the DagBag from /home/vscode/.local/lib/python3.10/site-packages/airflow/example_dags/example_external_task_marker_dag.py
[2024-12-12T15:57:36.223+0000] {processor.py:836} INFO - DAG(s) dict_keys(['example_external_task_marker_child', 'example_external_task_marker_parent']) retrieved from /home/vscode/.local/lib/python3.10/site-packages/airflow/example_dags/example_external_task_marker_dag.py
[2024-12-12T15:57:36.236+0000] {logging_mixin.py:150} INFO - [2024-12-12T15:57:36.236+0000] {dag.py:2742} INFO - Sync 2 DAGs
[2024-12-12T15:57:36.249+0000] {logging_mixin.py:150} INFO - [2024-12-12T15:57:36.249+0000] {dag.py:3504} INFO - Setting next_dagrun for example_external_task_marker_child to None, run_after=None
[2024-12-12T15:57:36.251+0000] {logging_mixin.py:150} INFO - [2024-12-12T15:57:36.251+0000] {dag.py:3504} INFO - Setting next_dagrun for example_external_task_marker_parent to None, run_after=None
[2024-12-12T15:57:36.264+0000] {processor.py:179} INFO - Processing /home/vscode/.local/lib/python3.10/site-packages/airflow/example_dags/example_external_task_marker_dag.py took 0.049 seconds
[2024-12-12T15:58:26.895+0000] {processor.py:157} INFO - Started process (PID=44247) to work on /home/vscode/.local/lib/python3.10/site-packages/airflow/example_dags/example_external_task_marker_dag.py
[2024-12-12T15:58:26.896+0000] {processor.py:826} INFO - Processing file /home/vscode/.local/lib/python3.10/site-packages/airflow/example_dags/example_external_task_marker_dag.py for tasks to queue
[2024-12-12T15:58:26.896+0000] {logging_mixin.py:150} INFO - [2024-12-12T15:58:26.896+0000] {dagbag.py:541} INFO - Filling up the DagBag from /home/vscode/.local/lib/python3.10/site-packages/airflow/example_dags/example_external_task_marker_dag.py
[2024-12-12T15:58:26.900+0000] {processor.py:836} INFO - DAG(s) dict_keys(['example_external_task_marker_parent', 'example_external_task_marker_child']) retrieved from /home/vscode/.local/lib/python3.10/site-packages/airflow/example_dags/example_external_task_marker_dag.py
[2024-12-12T15:58:26.914+0000] {logging_mixin.py:150} INFO - [2024-12-12T15:58:26.914+0000] {dag.py:2742} INFO - Sync 2 DAGs
[2024-12-12T15:58:26.927+0000] {logging_mixin.py:150} INFO - [2024-12-12T15:58:26.927+0000] {dag.py:3504} INFO - Setting next_dagrun for example_external_task_marker_child to None, run_after=None
[2024-12-12T15:58:26.929+0000] {logging_mixin.py:150} INFO - [2024-12-12T15:58:26.929+0000] {dag.py:3504} INFO - Setting next_dagrun for example_external_task_marker_parent to None, run_after=None
[2024-12-12T15:58:26.942+0000] {processor.py:179} INFO - Processing /home/vscode/.local/lib/python3.10/site-packages/airflow/example_dags/example_external_task_marker_dag.py took 0.049 seconds
[2024-12-12T15:59:09.707+0000] {processor.py:157} INFO - Started process (PID=44610) to work on /home/vscode/.local/lib/python3.10/site-packages/airflow/example_dags/example_external_task_marker_dag.py
[2024-12-12T15:59:09.708+0000] {processor.py:826} INFO - Processing file /home/vscode/.local/lib/python3.10/site-packages/airflow/example_dags/example_external_task_marker_dag.py for tasks to queue
[2024-12-12T15:59:09.708+0000] {logging_mixin.py:150} INFO - [2024-12-12T15:59:09.708+0000] {dagbag.py:541} INFO - Filling up the DagBag from /home/vscode/.local/lib/python3.10/site-packages/airflow/example_dags/example_external_task_marker_dag.py
[2024-12-12T15:59:09.713+0000] {processor.py:836} INFO - DAG(s) dict_keys(['example_external_task_marker_child', 'example_external_task_marker_parent']) retrieved from /home/vscode/.local/lib/python3.10/site-packages/airflow/example_dags/example_external_task_marker_dag.py
[2024-12-12T15:59:09.726+0000] {logging_mixin.py:150} INFO - [2024-12-12T15:59:09.726+0000] {dag.py:2742} INFO - Sync 2 DAGs
[2024-12-12T15:59:09.743+0000] {logging_mixin.py:150} INFO - [2024-12-12T15:59:09.743+0000] {dag.py:3504} INFO - Setting next_dagrun for example_external_task_marker_child to None, run_after=None
[2024-12-12T15:59:09.745+0000] {logging_mixin.py:150} INFO - [2024-12-12T15:59:09.745+0000] {dag.py:3504} INFO - Setting next_dagrun for example_external_task_marker_parent to None, run_after=None
[2024-12-12T15:59:09.758+0000] {processor.py:179} INFO - Processing /home/vscode/.local/lib/python3.10/site-packages/airflow/example_dags/example_external_task_marker_dag.py took 0.053 seconds
[2024-12-12T16:00:05.054+0000] {processor.py:157} INFO - Started process (PID=45010) to work on /home/vscode/.local/lib/python3.10/site-packages/airflow/example_dags/example_external_task_marker_dag.py
[2024-12-12T16:00:05.054+0000] {processor.py:826} INFO - Processing file /home/vscode/.local/lib/python3.10/site-packages/airflow/example_dags/example_external_task_marker_dag.py for tasks to queue
[2024-12-12T16:00:05.055+0000] {logging_mixin.py:150} INFO - [2024-12-12T16:00:05.055+0000] {dagbag.py:541} INFO - Filling up the DagBag from /home/vscode/.local/lib/python3.10/site-packages/airflow/example_dags/example_external_task_marker_dag.py
[2024-12-12T16:00:05.061+0000] {processor.py:836} INFO - DAG(s) dict_keys(['example_external_task_marker_parent', 'example_external_task_marker_child']) retrieved from /home/vscode/.local/lib/python3.10/site-packages/airflow/example_dags/example_external_task_marker_dag.py
[2024-12-12T16:00:05.079+0000] {logging_mixin.py:150} INFO - [2024-12-12T16:00:05.079+0000] {dag.py:2742} INFO - Sync 2 DAGs
[2024-12-12T16:00:05.093+0000] {logging_mixin.py:150} INFO - [2024-12-12T16:00:05.092+0000] {dag.py:3504} INFO - Setting next_dagrun for example_external_task_marker_child to None, run_after=None
[2024-12-12T16:00:05.095+0000] {logging_mixin.py:150} INFO - [2024-12-12T16:00:05.094+0000] {dag.py:3504} INFO - Setting next_dagrun for example_external_task_marker_parent to None, run_after=None
[2024-12-12T16:00:05.108+0000] {processor.py:179} INFO - Processing /home/vscode/.local/lib/python3.10/site-packages/airflow/example_dags/example_external_task_marker_dag.py took 0.057 seconds
[2024-12-12T16:00:51.385+0000] {processor.py:157} INFO - Started process (PID=45343) to work on /home/vscode/.local/lib/python3.10/site-packages/airflow/example_dags/example_external_task_marker_dag.py
[2024-12-12T16:00:51.385+0000] {processor.py:826} INFO - Processing file /home/vscode/.local/lib/python3.10/site-packages/airflow/example_dags/example_external_task_marker_dag.py for tasks to queue
[2024-12-12T16:00:51.386+0000] {logging_mixin.py:150} INFO - [2024-12-12T16:00:51.385+0000] {dagbag.py:541} INFO - Filling up the DagBag from /home/vscode/.local/lib/python3.10/site-packages/airflow/example_dags/example_external_task_marker_dag.py
[2024-12-12T16:00:51.390+0000] {processor.py:836} INFO - DAG(s) dict_keys(['example_external_task_marker_parent', 'example_external_task_marker_child']) retrieved from /home/vscode/.local/lib/python3.10/site-packages/airflow/example_dags/example_external_task_marker_dag.py
[2024-12-12T16:00:51.404+0000] {logging_mixin.py:150} INFO - [2024-12-12T16:00:51.403+0000] {dag.py:2742} INFO - Sync 2 DAGs
[2024-12-12T16:00:51.417+0000] {logging_mixin.py:150} INFO - [2024-12-12T16:00:51.417+0000] {dag.py:3504} INFO - Setting next_dagrun for example_external_task_marker_child to None, run_after=None
[2024-12-12T16:00:51.419+0000] {logging_mixin.py:150} INFO - [2024-12-12T16:00:51.419+0000] {dag.py:3504} INFO - Setting next_dagrun for example_external_task_marker_parent to None, run_after=None
[2024-12-12T16:00:51.432+0000] {processor.py:179} INFO - Processing /home/vscode/.local/lib/python3.10/site-packages/airflow/example_dags/example_external_task_marker_dag.py took 0.050 seconds
[2024-12-12T16:01:50.443+0000] {processor.py:157} INFO - Started process (PID=45764) to work on /home/vscode/.local/lib/python3.10/site-packages/airflow/example_dags/example_external_task_marker_dag.py
[2024-12-12T16:01:50.443+0000] {processor.py:826} INFO - Processing file /home/vscode/.local/lib/python3.10/site-packages/airflow/example_dags/example_external_task_marker_dag.py for tasks to queue
[2024-12-12T16:01:50.444+0000] {logging_mixin.py:150} INFO - [2024-12-12T16:01:50.444+0000] {dagbag.py:541} INFO - Filling up the DagBag from /home/vscode/.local/lib/python3.10/site-packages/airflow/example_dags/example_external_task_marker_dag.py
[2024-12-12T16:01:50.448+0000] {processor.py:836} INFO - DAG(s) dict_keys(['example_external_task_marker_child', 'example_external_task_marker_parent']) retrieved from /home/vscode/.local/lib/python3.10/site-packages/airflow/example_dags/example_external_task_marker_dag.py
[2024-12-12T16:01:50.461+0000] {logging_mixin.py:150} INFO - [2024-12-12T16:01:50.461+0000] {dag.py:2742} INFO - Sync 2 DAGs
[2024-12-12T16:01:50.474+0000] {logging_mixin.py:150} INFO - [2024-12-12T16:01:50.474+0000] {dag.py:3504} INFO - Setting next_dagrun for example_external_task_marker_child to None, run_after=None
[2024-12-12T16:01:50.476+0000] {logging_mixin.py:150} INFO - [2024-12-12T16:01:50.476+0000] {dag.py:3504} INFO - Setting next_dagrun for example_external_task_marker_parent to None, run_after=None
[2024-12-12T16:01:50.489+0000] {processor.py:179} INFO - Processing /home/vscode/.local/lib/python3.10/site-packages/airflow/example_dags/example_external_task_marker_dag.py took 0.048 seconds
[2024-12-12T16:02:45.356+0000] {processor.py:157} INFO - Started process (PID=46158) to work on /home/vscode/.local/lib/python3.10/site-packages/airflow/example_dags/example_external_task_marker_dag.py
[2024-12-12T16:02:45.357+0000] {processor.py:826} INFO - Processing file /home/vscode/.local/lib/python3.10/site-packages/airflow/example_dags/example_external_task_marker_dag.py for tasks to queue
[2024-12-12T16:02:45.357+0000] {logging_mixin.py:150} INFO - [2024-12-12T16:02:45.357+0000] {dagbag.py:541} INFO - Filling up the DagBag from /home/vscode/.local/lib/python3.10/site-packages/airflow/example_dags/example_external_task_marker_dag.py
[2024-12-12T16:02:45.361+0000] {processor.py:836} INFO - DAG(s) dict_keys(['example_external_task_marker_parent', 'example_external_task_marker_child']) retrieved from /home/vscode/.local/lib/python3.10/site-packages/airflow/example_dags/example_external_task_marker_dag.py
[2024-12-12T16:02:45.375+0000] {logging_mixin.py:150} INFO - [2024-12-12T16:02:45.375+0000] {dag.py:2742} INFO - Sync 2 DAGs
[2024-12-12T16:02:45.388+0000] {logging_mixin.py:150} INFO - [2024-12-12T16:02:45.388+0000] {dag.py:3504} INFO - Setting next_dagrun for example_external_task_marker_child to None, run_after=None
[2024-12-12T16:02:45.390+0000] {logging_mixin.py:150} INFO - [2024-12-12T16:02:45.390+0000] {dag.py:3504} INFO - Setting next_dagrun for example_external_task_marker_parent to None, run_after=None
[2024-12-12T16:02:45.404+0000] {processor.py:179} INFO - Processing /home/vscode/.local/lib/python3.10/site-packages/airflow/example_dags/example_external_task_marker_dag.py took 0.050 seconds
