[2024-12-12T15:30:28.563+0000] {processor.py:157} INFO - Started process (PID=30844) to work on /home/vscode/.local/lib/python3.10/site-packages/airflow/example_dags/example_task_group_decorator.py
[2024-12-12T15:30:28.563+0000] {processor.py:826} INFO - Processing file /home/vscode/.local/lib/python3.10/site-packages/airflow/example_dags/example_task_group_decorator.py for tasks to queue
[2024-12-12T15:30:28.564+0000] {logging_mixin.py:150} INFO - [2024-12-12T15:30:28.564+0000] {dagbag.py:541} INFO - Filling up the DagBag from /home/vscode/.local/lib/python3.10/site-packages/airflow/example_dags/example_task_group_decorator.py
[2024-12-12T15:30:28.599+0000] {processor.py:836} INFO - DAG(s) dict_keys(['example_task_group_decorator']) retrieved from /home/vscode/.local/lib/python3.10/site-packages/airflow/example_dags/example_task_group_decorator.py
[2024-12-12T15:30:28.753+0000] {logging_mixin.py:150} INFO - [2024-12-12T15:30:28.753+0000] {manager.py:504} INFO - Created Permission View: can delete on DAG:example_task_group_decorator
[2024-12-12T15:30:28.761+0000] {logging_mixin.py:150} INFO - [2024-12-12T15:30:28.761+0000] {manager.py:504} INFO - Created Permission View: can read on DAG:example_task_group_decorator
[2024-12-12T15:30:28.766+0000] {logging_mixin.py:150} INFO - [2024-12-12T15:30:28.766+0000] {manager.py:504} INFO - Created Permission View: can edit on DAG:example_task_group_decorator
[2024-12-12T15:30:28.774+0000] {logging_mixin.py:150} INFO - [2024-12-12T15:30:28.774+0000] {dag.py:2742} INFO - Sync 1 DAGs
[2024-12-12T15:30:28.780+0000] {logging_mixin.py:150} INFO - [2024-12-12T15:30:28.780+0000] {dag.py:2763} INFO - Creating ORM DAG for example_task_group_decorator
[2024-12-12T15:30:28.786+0000] {logging_mixin.py:150} INFO - [2024-12-12T15:30:28.785+0000] {dag.py:3504} INFO - Setting next_dagrun for example_task_group_decorator to 2024-12-11T15:30:28.785877+00:00, run_after=2024-12-12T15:30:28.785877+00:00
[2024-12-12T15:30:28.801+0000] {processor.py:179} INFO - Processing /home/vscode/.local/lib/python3.10/site-packages/airflow/example_dags/example_task_group_decorator.py took 0.241 seconds
[2024-12-12T15:31:16.294+0000] {processor.py:157} INFO - Started process (PID=31177) to work on /home/vscode/.local/lib/python3.10/site-packages/airflow/example_dags/example_task_group_decorator.py
[2024-12-12T15:31:16.295+0000] {processor.py:826} INFO - Processing file /home/vscode/.local/lib/python3.10/site-packages/airflow/example_dags/example_task_group_decorator.py for tasks to queue
[2024-12-12T15:31:16.296+0000] {logging_mixin.py:150} INFO - [2024-12-12T15:31:16.295+0000] {dagbag.py:541} INFO - Filling up the DagBag from /home/vscode/.local/lib/python3.10/site-packages/airflow/example_dags/example_task_group_decorator.py
[2024-12-12T15:31:16.306+0000] {processor.py:836} INFO - DAG(s) dict_keys(['example_task_group_decorator']) retrieved from /home/vscode/.local/lib/python3.10/site-packages/airflow/example_dags/example_task_group_decorator.py
[2024-12-12T15:31:16.319+0000] {logging_mixin.py:150} INFO - [2024-12-12T15:31:16.319+0000] {dag.py:2742} INFO - Sync 1 DAGs
[2024-12-12T15:31:16.332+0000] {logging_mixin.py:150} INFO - [2024-12-12T15:31:16.332+0000] {dag.py:3504} INFO - Setting next_dagrun for example_task_group_decorator to 2024-12-11T15:31:16.332509+00:00, run_after=2024-12-12T15:31:16.332509+00:00
[2024-12-12T15:31:16.346+0000] {processor.py:179} INFO - Processing /home/vscode/.local/lib/python3.10/site-packages/airflow/example_dags/example_task_group_decorator.py took 0.054 seconds
[2024-12-12T15:32:00.019+0000] {processor.py:157} INFO - Started process (PID=31539) to work on /home/vscode/.local/lib/python3.10/site-packages/airflow/example_dags/example_task_group_decorator.py
[2024-12-12T15:32:00.020+0000] {processor.py:826} INFO - Processing file /home/vscode/.local/lib/python3.10/site-packages/airflow/example_dags/example_task_group_decorator.py for tasks to queue
[2024-12-12T15:32:00.021+0000] {logging_mixin.py:150} INFO - [2024-12-12T15:32:00.020+0000] {dagbag.py:541} INFO - Filling up the DagBag from /home/vscode/.local/lib/python3.10/site-packages/airflow/example_dags/example_task_group_decorator.py
[2024-12-12T15:32:00.031+0000] {processor.py:836} INFO - DAG(s) dict_keys(['example_task_group_decorator']) retrieved from /home/vscode/.local/lib/python3.10/site-packages/airflow/example_dags/example_task_group_decorator.py
[2024-12-12T15:32:00.044+0000] {logging_mixin.py:150} INFO - [2024-12-12T15:32:00.043+0000] {dag.py:2742} INFO - Sync 1 DAGs
[2024-12-12T15:32:00.056+0000] {logging_mixin.py:150} INFO - [2024-12-12T15:32:00.056+0000] {dag.py:3504} INFO - Setting next_dagrun for example_task_group_decorator to 2024-12-11T15:32:00.056599+00:00, run_after=2024-12-12T15:32:00.056599+00:00
[2024-12-12T15:32:00.070+0000] {processor.py:179} INFO - Processing /home/vscode/.local/lib/python3.10/site-packages/airflow/example_dags/example_task_group_decorator.py took 0.053 seconds
[2024-12-12T15:32:41.121+0000] {processor.py:157} INFO - Started process (PID=31858) to work on /home/vscode/.local/lib/python3.10/site-packages/airflow/example_dags/example_task_group_decorator.py
[2024-12-12T15:32:41.122+0000] {processor.py:826} INFO - Processing file /home/vscode/.local/lib/python3.10/site-packages/airflow/example_dags/example_task_group_decorator.py for tasks to queue
[2024-12-12T15:32:41.123+0000] {logging_mixin.py:150} INFO - [2024-12-12T15:32:41.122+0000] {dagbag.py:541} INFO - Filling up the DagBag from /home/vscode/.local/lib/python3.10/site-packages/airflow/example_dags/example_task_group_decorator.py
[2024-12-12T15:32:41.133+0000] {processor.py:836} INFO - DAG(s) dict_keys(['example_task_group_decorator']) retrieved from /home/vscode/.local/lib/python3.10/site-packages/airflow/example_dags/example_task_group_decorator.py
[2024-12-12T15:32:41.146+0000] {logging_mixin.py:150} INFO - [2024-12-12T15:32:41.146+0000] {dag.py:2742} INFO - Sync 1 DAGs
[2024-12-12T15:32:41.159+0000] {logging_mixin.py:150} INFO - [2024-12-12T15:32:41.159+0000] {dag.py:3504} INFO - Setting next_dagrun for example_task_group_decorator to 2024-12-11T15:32:41.159124+00:00, run_after=2024-12-12T15:32:41.159124+00:00
[2024-12-12T15:32:41.173+0000] {processor.py:179} INFO - Processing /home/vscode/.local/lib/python3.10/site-packages/airflow/example_dags/example_task_group_decorator.py took 0.054 seconds
[2024-12-12T15:33:28.332+0000] {processor.py:157} INFO - Started process (PID=32214) to work on /home/vscode/.local/lib/python3.10/site-packages/airflow/example_dags/example_task_group_decorator.py
[2024-12-12T15:33:28.333+0000] {processor.py:826} INFO - Processing file /home/vscode/.local/lib/python3.10/site-packages/airflow/example_dags/example_task_group_decorator.py for tasks to queue
[2024-12-12T15:33:28.334+0000] {logging_mixin.py:150} INFO - [2024-12-12T15:33:28.333+0000] {dagbag.py:541} INFO - Filling up the DagBag from /home/vscode/.local/lib/python3.10/site-packages/airflow/example_dags/example_task_group_decorator.py
[2024-12-12T15:33:28.350+0000] {processor.py:836} INFO - DAG(s) dict_keys(['example_task_group_decorator']) retrieved from /home/vscode/.local/lib/python3.10/site-packages/airflow/example_dags/example_task_group_decorator.py
[2024-12-12T15:33:28.368+0000] {logging_mixin.py:150} INFO - [2024-12-12T15:33:28.368+0000] {dag.py:2742} INFO - Sync 1 DAGs
[2024-12-12T15:33:28.381+0000] {logging_mixin.py:150} INFO - [2024-12-12T15:33:28.380+0000] {dag.py:3504} INFO - Setting next_dagrun for example_task_group_decorator to 2024-12-11T15:33:28.380745+00:00, run_after=2024-12-12T15:33:28.380745+00:00
[2024-12-12T15:33:28.394+0000] {processor.py:179} INFO - Processing /home/vscode/.local/lib/python3.10/site-packages/airflow/example_dags/example_task_group_decorator.py took 0.064 seconds
[2024-12-12T15:34:10.430+0000] {processor.py:157} INFO - Started process (PID=32509) to work on /home/vscode/.local/lib/python3.10/site-packages/airflow/example_dags/example_task_group_decorator.py
[2024-12-12T15:34:10.430+0000] {processor.py:826} INFO - Processing file /home/vscode/.local/lib/python3.10/site-packages/airflow/example_dags/example_task_group_decorator.py for tasks to queue
[2024-12-12T15:34:10.431+0000] {logging_mixin.py:150} INFO - [2024-12-12T15:34:10.431+0000] {dagbag.py:541} INFO - Filling up the DagBag from /home/vscode/.local/lib/python3.10/site-packages/airflow/example_dags/example_task_group_decorator.py
[2024-12-12T15:34:10.441+0000] {processor.py:836} INFO - DAG(s) dict_keys(['example_task_group_decorator']) retrieved from /home/vscode/.local/lib/python3.10/site-packages/airflow/example_dags/example_task_group_decorator.py
[2024-12-12T15:34:10.456+0000] {logging_mixin.py:150} INFO - [2024-12-12T15:34:10.456+0000] {dag.py:2742} INFO - Sync 1 DAGs
[2024-12-12T15:34:10.471+0000] {logging_mixin.py:150} INFO - [2024-12-12T15:34:10.471+0000] {dag.py:3504} INFO - Setting next_dagrun for example_task_group_decorator to 2024-12-11T15:34:10.471373+00:00, run_after=2024-12-12T15:34:10.471373+00:00
[2024-12-12T15:34:10.486+0000] {processor.py:179} INFO - Processing /home/vscode/.local/lib/python3.10/site-packages/airflow/example_dags/example_task_group_decorator.py took 0.058 seconds
[2024-12-12T15:34:50.838+0000] {processor.py:157} INFO - Started process (PID=32786) to work on /home/vscode/.local/lib/python3.10/site-packages/airflow/example_dags/example_task_group_decorator.py
[2024-12-12T15:34:50.839+0000] {processor.py:826} INFO - Processing file /home/vscode/.local/lib/python3.10/site-packages/airflow/example_dags/example_task_group_decorator.py for tasks to queue
[2024-12-12T15:34:50.840+0000] {logging_mixin.py:150} INFO - [2024-12-12T15:34:50.839+0000] {dagbag.py:541} INFO - Filling up the DagBag from /home/vscode/.local/lib/python3.10/site-packages/airflow/example_dags/example_task_group_decorator.py
[2024-12-12T15:34:50.850+0000] {processor.py:836} INFO - DAG(s) dict_keys(['example_task_group_decorator']) retrieved from /home/vscode/.local/lib/python3.10/site-packages/airflow/example_dags/example_task_group_decorator.py
[2024-12-12T15:34:50.863+0000] {logging_mixin.py:150} INFO - [2024-12-12T15:34:50.863+0000] {dag.py:2742} INFO - Sync 1 DAGs
[2024-12-12T15:34:50.876+0000] {logging_mixin.py:150} INFO - [2024-12-12T15:34:50.876+0000] {dag.py:3504} INFO - Setting next_dagrun for example_task_group_decorator to 2024-12-11T15:34:50.876588+00:00, run_after=2024-12-12T15:34:50.876588+00:00
[2024-12-12T15:34:50.890+0000] {processor.py:179} INFO - Processing /home/vscode/.local/lib/python3.10/site-packages/airflow/example_dags/example_task_group_decorator.py took 0.054 seconds
[2024-12-12T15:35:28.771+0000] {processor.py:157} INFO - Started process (PID=33076) to work on /home/vscode/.local/lib/python3.10/site-packages/airflow/example_dags/example_task_group_decorator.py
[2024-12-12T15:35:28.772+0000] {processor.py:826} INFO - Processing file /home/vscode/.local/lib/python3.10/site-packages/airflow/example_dags/example_task_group_decorator.py for tasks to queue
[2024-12-12T15:35:28.773+0000] {logging_mixin.py:150} INFO - [2024-12-12T15:35:28.772+0000] {dagbag.py:541} INFO - Filling up the DagBag from /home/vscode/.local/lib/python3.10/site-packages/airflow/example_dags/example_task_group_decorator.py
[2024-12-12T15:35:28.783+0000] {processor.py:836} INFO - DAG(s) dict_keys(['example_task_group_decorator']) retrieved from /home/vscode/.local/lib/python3.10/site-packages/airflow/example_dags/example_task_group_decorator.py
[2024-12-12T15:35:28.796+0000] {logging_mixin.py:150} INFO - [2024-12-12T15:35:28.796+0000] {dag.py:2742} INFO - Sync 1 DAGs
[2024-12-12T15:35:28.809+0000] {logging_mixin.py:150} INFO - [2024-12-12T15:35:28.809+0000] {dag.py:3504} INFO - Setting next_dagrun for example_task_group_decorator to 2024-12-11T15:35:28.808964+00:00, run_after=2024-12-12T15:35:28.808964+00:00
[2024-12-12T15:35:28.823+0000] {processor.py:179} INFO - Processing /home/vscode/.local/lib/python3.10/site-packages/airflow/example_dags/example_task_group_decorator.py took 0.053 seconds
[2024-12-12T15:36:11.794+0000] {processor.py:157} INFO - Started process (PID=33415) to work on /home/vscode/.local/lib/python3.10/site-packages/airflow/example_dags/example_task_group_decorator.py
[2024-12-12T15:36:11.795+0000] {processor.py:826} INFO - Processing file /home/vscode/.local/lib/python3.10/site-packages/airflow/example_dags/example_task_group_decorator.py for tasks to queue
[2024-12-12T15:36:11.795+0000] {logging_mixin.py:150} INFO - [2024-12-12T15:36:11.795+0000] {dagbag.py:541} INFO - Filling up the DagBag from /home/vscode/.local/lib/python3.10/site-packages/airflow/example_dags/example_task_group_decorator.py
[2024-12-12T15:36:11.806+0000] {processor.py:836} INFO - DAG(s) dict_keys(['example_task_group_decorator']) retrieved from /home/vscode/.local/lib/python3.10/site-packages/airflow/example_dags/example_task_group_decorator.py
[2024-12-12T15:36:11.819+0000] {logging_mixin.py:150} INFO - [2024-12-12T15:36:11.818+0000] {dag.py:2742} INFO - Sync 1 DAGs
[2024-12-12T15:36:11.831+0000] {logging_mixin.py:150} INFO - [2024-12-12T15:36:11.831+0000] {dag.py:3504} INFO - Setting next_dagrun for example_task_group_decorator to 2024-12-11T15:36:11.831514+00:00, run_after=2024-12-12T15:36:11.831514+00:00
[2024-12-12T15:36:11.845+0000] {processor.py:179} INFO - Processing /home/vscode/.local/lib/python3.10/site-packages/airflow/example_dags/example_task_group_decorator.py took 0.053 seconds
[2024-12-12T15:36:50.462+0000] {processor.py:157} INFO - Started process (PID=33931) to work on /home/vscode/.local/lib/python3.10/site-packages/airflow/example_dags/example_task_group_decorator.py
[2024-12-12T15:36:50.463+0000] {processor.py:826} INFO - Processing file /home/vscode/.local/lib/python3.10/site-packages/airflow/example_dags/example_task_group_decorator.py for tasks to queue
[2024-12-12T15:36:50.463+0000] {logging_mixin.py:150} INFO - [2024-12-12T15:36:50.463+0000] {dagbag.py:541} INFO - Filling up the DagBag from /home/vscode/.local/lib/python3.10/site-packages/airflow/example_dags/example_task_group_decorator.py
[2024-12-12T15:36:50.474+0000] {processor.py:836} INFO - DAG(s) dict_keys(['example_task_group_decorator']) retrieved from /home/vscode/.local/lib/python3.10/site-packages/airflow/example_dags/example_task_group_decorator.py
[2024-12-12T15:36:50.487+0000] {logging_mixin.py:150} INFO - [2024-12-12T15:36:50.487+0000] {dag.py:2742} INFO - Sync 1 DAGs
[2024-12-12T15:36:50.501+0000] {logging_mixin.py:150} INFO - [2024-12-12T15:36:50.501+0000] {dag.py:3504} INFO - Setting next_dagrun for example_task_group_decorator to 2024-12-11T15:36:50.500979+00:00, run_after=2024-12-12T15:36:50.500979+00:00
[2024-12-12T15:36:50.515+0000] {processor.py:179} INFO - Processing /home/vscode/.local/lib/python3.10/site-packages/airflow/example_dags/example_task_group_decorator.py took 0.055 seconds
[2024-12-12T15:37:32.107+0000] {processor.py:157} INFO - Started process (PID=34246) to work on /home/vscode/.local/lib/python3.10/site-packages/airflow/example_dags/example_task_group_decorator.py
[2024-12-12T15:37:32.121+0000] {processor.py:826} INFO - Processing file /home/vscode/.local/lib/python3.10/site-packages/airflow/example_dags/example_task_group_decorator.py for tasks to queue
[2024-12-12T15:37:32.122+0000] {logging_mixin.py:150} INFO - [2024-12-12T15:37:32.122+0000] {dagbag.py:541} INFO - Filling up the DagBag from /home/vscode/.local/lib/python3.10/site-packages/airflow/example_dags/example_task_group_decorator.py
[2024-12-12T15:37:32.151+0000] {processor.py:836} INFO - DAG(s) dict_keys(['example_task_group_decorator']) retrieved from /home/vscode/.local/lib/python3.10/site-packages/airflow/example_dags/example_task_group_decorator.py
[2024-12-12T15:37:32.166+0000] {logging_mixin.py:150} INFO - [2024-12-12T15:37:32.166+0000] {dag.py:2742} INFO - Sync 1 DAGs
[2024-12-12T15:37:32.178+0000] {logging_mixin.py:150} INFO - [2024-12-12T15:37:32.178+0000] {dag.py:3504} INFO - Setting next_dagrun for example_task_group_decorator to 2024-12-11T15:37:32.178717+00:00, run_after=2024-12-12T15:37:32.178717+00:00
[2024-12-12T15:37:32.192+0000] {processor.py:179} INFO - Processing /home/vscode/.local/lib/python3.10/site-packages/airflow/example_dags/example_task_group_decorator.py took 0.088 seconds
[2024-12-12T15:38:15.036+0000] {processor.py:157} INFO - Started process (PID=34549) to work on /home/vscode/.local/lib/python3.10/site-packages/airflow/example_dags/example_task_group_decorator.py
[2024-12-12T15:38:15.036+0000] {processor.py:826} INFO - Processing file /home/vscode/.local/lib/python3.10/site-packages/airflow/example_dags/example_task_group_decorator.py for tasks to queue
[2024-12-12T15:38:15.037+0000] {logging_mixin.py:150} INFO - [2024-12-12T15:38:15.037+0000] {dagbag.py:541} INFO - Filling up the DagBag from /home/vscode/.local/lib/python3.10/site-packages/airflow/example_dags/example_task_group_decorator.py
[2024-12-12T15:38:15.047+0000] {processor.py:836} INFO - DAG(s) dict_keys(['example_task_group_decorator']) retrieved from /home/vscode/.local/lib/python3.10/site-packages/airflow/example_dags/example_task_group_decorator.py
[2024-12-12T15:38:15.060+0000] {logging_mixin.py:150} INFO - [2024-12-12T15:38:15.060+0000] {dag.py:2742} INFO - Sync 1 DAGs
[2024-12-12T15:38:15.074+0000] {logging_mixin.py:150} INFO - [2024-12-12T15:38:15.074+0000] {dag.py:3504} INFO - Setting next_dagrun for example_task_group_decorator to 2024-12-11T15:38:15.074168+00:00, run_after=2024-12-12T15:38:15.074168+00:00
[2024-12-12T15:38:15.088+0000] {processor.py:179} INFO - Processing /home/vscode/.local/lib/python3.10/site-packages/airflow/example_dags/example_task_group_decorator.py took 0.054 seconds
[2024-12-12T15:38:52.611+0000] {processor.py:157} INFO - Started process (PID=34979) to work on /home/vscode/.local/lib/python3.10/site-packages/airflow/example_dags/example_task_group_decorator.py
[2024-12-12T15:38:52.612+0000] {processor.py:826} INFO - Processing file /home/vscode/.local/lib/python3.10/site-packages/airflow/example_dags/example_task_group_decorator.py for tasks to queue
[2024-12-12T15:38:52.612+0000] {logging_mixin.py:150} INFO - [2024-12-12T15:38:52.612+0000] {dagbag.py:541} INFO - Filling up the DagBag from /home/vscode/.local/lib/python3.10/site-packages/airflow/example_dags/example_task_group_decorator.py
[2024-12-12T15:38:52.625+0000] {processor.py:836} INFO - DAG(s) dict_keys(['example_task_group_decorator']) retrieved from /home/vscode/.local/lib/python3.10/site-packages/airflow/example_dags/example_task_group_decorator.py
[2024-12-12T15:38:52.651+0000] {logging_mixin.py:150} INFO - [2024-12-12T15:38:52.651+0000] {dag.py:2742} INFO - Sync 1 DAGs
[2024-12-12T15:38:52.747+0000] {logging_mixin.py:150} INFO - [2024-12-12T15:38:52.746+0000] {dag.py:3504} INFO - Setting next_dagrun for example_task_group_decorator to 2024-12-11T15:38:52.746707+00:00, run_after=2024-12-12T15:38:52.746707+00:00
[2024-12-12T15:38:52.761+0000] {processor.py:179} INFO - Processing /home/vscode/.local/lib/python3.10/site-packages/airflow/example_dags/example_task_group_decorator.py took 0.152 seconds
[2024-12-12T15:39:39.058+0000] {processor.py:157} INFO - Started process (PID=35479) to work on /home/vscode/.local/lib/python3.10/site-packages/airflow/example_dags/example_task_group_decorator.py
[2024-12-12T15:39:39.058+0000] {processor.py:826} INFO - Processing file /home/vscode/.local/lib/python3.10/site-packages/airflow/example_dags/example_task_group_decorator.py for tasks to queue
[2024-12-12T15:39:39.059+0000] {logging_mixin.py:150} INFO - [2024-12-12T15:39:39.059+0000] {dagbag.py:541} INFO - Filling up the DagBag from /home/vscode/.local/lib/python3.10/site-packages/airflow/example_dags/example_task_group_decorator.py
[2024-12-12T15:39:39.069+0000] {processor.py:836} INFO - DAG(s) dict_keys(['example_task_group_decorator']) retrieved from /home/vscode/.local/lib/python3.10/site-packages/airflow/example_dags/example_task_group_decorator.py
[2024-12-12T15:39:39.082+0000] {logging_mixin.py:150} INFO - [2024-12-12T15:39:39.082+0000] {dag.py:2742} INFO - Sync 1 DAGs
[2024-12-12T15:39:39.096+0000] {logging_mixin.py:150} INFO - [2024-12-12T15:39:39.096+0000] {dag.py:3504} INFO - Setting next_dagrun for example_task_group_decorator to 2024-12-11T15:39:39.095913+00:00, run_after=2024-12-12T15:39:39.095913+00:00
[2024-12-12T15:39:39.110+0000] {processor.py:179} INFO - Processing /home/vscode/.local/lib/python3.10/site-packages/airflow/example_dags/example_task_group_decorator.py took 0.055 seconds
[2024-12-12T15:40:22.563+0000] {processor.py:157} INFO - Started process (PID=35915) to work on /home/vscode/.local/lib/python3.10/site-packages/airflow/example_dags/example_task_group_decorator.py
[2024-12-12T15:40:22.564+0000] {processor.py:826} INFO - Processing file /home/vscode/.local/lib/python3.10/site-packages/airflow/example_dags/example_task_group_decorator.py for tasks to queue
[2024-12-12T15:40:22.564+0000] {logging_mixin.py:150} INFO - [2024-12-12T15:40:22.564+0000] {dagbag.py:541} INFO - Filling up the DagBag from /home/vscode/.local/lib/python3.10/site-packages/airflow/example_dags/example_task_group_decorator.py
[2024-12-12T15:40:22.575+0000] {processor.py:836} INFO - DAG(s) dict_keys(['example_task_group_decorator']) retrieved from /home/vscode/.local/lib/python3.10/site-packages/airflow/example_dags/example_task_group_decorator.py
[2024-12-12T15:40:22.587+0000] {logging_mixin.py:150} INFO - [2024-12-12T15:40:22.587+0000] {dag.py:2742} INFO - Sync 1 DAGs
[2024-12-12T15:40:22.602+0000] {logging_mixin.py:150} INFO - [2024-12-12T15:40:22.602+0000] {dag.py:3504} INFO - Setting next_dagrun for example_task_group_decorator to 2024-12-11T15:40:22.602112+00:00, run_after=2024-12-12T15:40:22.602112+00:00
[2024-12-12T15:40:22.616+0000] {processor.py:179} INFO - Processing /home/vscode/.local/lib/python3.10/site-packages/airflow/example_dags/example_task_group_decorator.py took 0.055 seconds
[2024-12-12T15:41:04.226+0000] {processor.py:157} INFO - Started process (PID=36298) to work on /home/vscode/.local/lib/python3.10/site-packages/airflow/example_dags/example_task_group_decorator.py
[2024-12-12T15:41:04.226+0000] {processor.py:826} INFO - Processing file /home/vscode/.local/lib/python3.10/site-packages/airflow/example_dags/example_task_group_decorator.py for tasks to queue
[2024-12-12T15:41:04.227+0000] {logging_mixin.py:150} INFO - [2024-12-12T15:41:04.226+0000] {dagbag.py:541} INFO - Filling up the DagBag from /home/vscode/.local/lib/python3.10/site-packages/airflow/example_dags/example_task_group_decorator.py
[2024-12-12T15:41:04.237+0000] {processor.py:836} INFO - DAG(s) dict_keys(['example_task_group_decorator']) retrieved from /home/vscode/.local/lib/python3.10/site-packages/airflow/example_dags/example_task_group_decorator.py
[2024-12-12T15:41:04.250+0000] {logging_mixin.py:150} INFO - [2024-12-12T15:41:04.250+0000] {dag.py:2742} INFO - Sync 1 DAGs
[2024-12-12T15:41:04.264+0000] {logging_mixin.py:150} INFO - [2024-12-12T15:41:04.263+0000] {dag.py:3504} INFO - Setting next_dagrun for example_task_group_decorator to 2024-12-11T15:41:04.263810+00:00, run_after=2024-12-12T15:41:04.263810+00:00
[2024-12-12T15:41:04.281+0000] {processor.py:179} INFO - Processing /home/vscode/.local/lib/python3.10/site-packages/airflow/example_dags/example_task_group_decorator.py took 0.057 seconds
[2024-12-12T15:41:46.411+0000] {processor.py:157} INFO - Started process (PID=36629) to work on /home/vscode/.local/lib/python3.10/site-packages/airflow/example_dags/example_task_group_decorator.py
[2024-12-12T15:41:46.411+0000] {processor.py:826} INFO - Processing file /home/vscode/.local/lib/python3.10/site-packages/airflow/example_dags/example_task_group_decorator.py for tasks to queue
[2024-12-12T15:41:46.412+0000] {logging_mixin.py:150} INFO - [2024-12-12T15:41:46.412+0000] {dagbag.py:541} INFO - Filling up the DagBag from /home/vscode/.local/lib/python3.10/site-packages/airflow/example_dags/example_task_group_decorator.py
[2024-12-12T15:41:46.422+0000] {processor.py:836} INFO - DAG(s) dict_keys(['example_task_group_decorator']) retrieved from /home/vscode/.local/lib/python3.10/site-packages/airflow/example_dags/example_task_group_decorator.py
[2024-12-12T15:41:46.435+0000] {logging_mixin.py:150} INFO - [2024-12-12T15:41:46.435+0000] {dag.py:2742} INFO - Sync 1 DAGs
[2024-12-12T15:41:46.448+0000] {logging_mixin.py:150} INFO - [2024-12-12T15:41:46.448+0000] {dag.py:3504} INFO - Setting next_dagrun for example_task_group_decorator to 2024-12-11T15:41:46.448298+00:00, run_after=2024-12-12T15:41:46.448298+00:00
[2024-12-12T15:41:46.463+0000] {processor.py:179} INFO - Processing /home/vscode/.local/lib/python3.10/site-packages/airflow/example_dags/example_task_group_decorator.py took 0.054 seconds
[2024-12-12T15:42:30.354+0000] {processor.py:157} INFO - Started process (PID=37018) to work on /home/vscode/.local/lib/python3.10/site-packages/airflow/example_dags/example_task_group_decorator.py
[2024-12-12T15:42:30.355+0000] {processor.py:826} INFO - Processing file /home/vscode/.local/lib/python3.10/site-packages/airflow/example_dags/example_task_group_decorator.py for tasks to queue
[2024-12-12T15:42:30.355+0000] {logging_mixin.py:150} INFO - [2024-12-12T15:42:30.355+0000] {dagbag.py:541} INFO - Filling up the DagBag from /home/vscode/.local/lib/python3.10/site-packages/airflow/example_dags/example_task_group_decorator.py
[2024-12-12T15:42:30.366+0000] {processor.py:836} INFO - DAG(s) dict_keys(['example_task_group_decorator']) retrieved from /home/vscode/.local/lib/python3.10/site-packages/airflow/example_dags/example_task_group_decorator.py
[2024-12-12T15:42:30.379+0000] {logging_mixin.py:150} INFO - [2024-12-12T15:42:30.379+0000] {dag.py:2742} INFO - Sync 1 DAGs
[2024-12-12T15:42:30.392+0000] {logging_mixin.py:150} INFO - [2024-12-12T15:42:30.392+0000] {dag.py:3504} INFO - Setting next_dagrun for example_task_group_decorator to 2024-12-11T15:42:30.392257+00:00, run_after=2024-12-12T15:42:30.392257+00:00
[2024-12-12T15:42:30.406+0000] {processor.py:179} INFO - Processing /home/vscode/.local/lib/python3.10/site-packages/airflow/example_dags/example_task_group_decorator.py took 0.054 seconds
[2024-12-12T15:43:13.710+0000] {processor.py:157} INFO - Started process (PID=37371) to work on /home/vscode/.local/lib/python3.10/site-packages/airflow/example_dags/example_task_group_decorator.py
[2024-12-12T15:43:13.711+0000] {processor.py:826} INFO - Processing file /home/vscode/.local/lib/python3.10/site-packages/airflow/example_dags/example_task_group_decorator.py for tasks to queue
[2024-12-12T15:43:13.711+0000] {logging_mixin.py:150} INFO - [2024-12-12T15:43:13.711+0000] {dagbag.py:541} INFO - Filling up the DagBag from /home/vscode/.local/lib/python3.10/site-packages/airflow/example_dags/example_task_group_decorator.py
[2024-12-12T15:43:13.722+0000] {processor.py:836} INFO - DAG(s) dict_keys(['example_task_group_decorator']) retrieved from /home/vscode/.local/lib/python3.10/site-packages/airflow/example_dags/example_task_group_decorator.py
[2024-12-12T15:43:13.736+0000] {logging_mixin.py:150} INFO - [2024-12-12T15:43:13.736+0000] {dag.py:2742} INFO - Sync 1 DAGs
[2024-12-12T15:43:13.748+0000] {logging_mixin.py:150} INFO - [2024-12-12T15:43:13.748+0000] {dag.py:3504} INFO - Setting next_dagrun for example_task_group_decorator to 2024-12-11T15:43:13.748663+00:00, run_after=2024-12-12T15:43:13.748663+00:00
[2024-12-12T15:43:13.762+0000] {processor.py:179} INFO - Processing /home/vscode/.local/lib/python3.10/site-packages/airflow/example_dags/example_task_group_decorator.py took 0.054 seconds
[2024-12-12T15:43:56.379+0000] {processor.py:157} INFO - Started process (PID=37721) to work on /home/vscode/.local/lib/python3.10/site-packages/airflow/example_dags/example_task_group_decorator.py
[2024-12-12T15:43:56.380+0000] {processor.py:826} INFO - Processing file /home/vscode/.local/lib/python3.10/site-packages/airflow/example_dags/example_task_group_decorator.py for tasks to queue
[2024-12-12T15:43:56.381+0000] {logging_mixin.py:150} INFO - [2024-12-12T15:43:56.380+0000] {dagbag.py:541} INFO - Filling up the DagBag from /home/vscode/.local/lib/python3.10/site-packages/airflow/example_dags/example_task_group_decorator.py
[2024-12-12T15:43:56.391+0000] {processor.py:836} INFO - DAG(s) dict_keys(['example_task_group_decorator']) retrieved from /home/vscode/.local/lib/python3.10/site-packages/airflow/example_dags/example_task_group_decorator.py
[2024-12-12T15:43:56.404+0000] {logging_mixin.py:150} INFO - [2024-12-12T15:43:56.404+0000] {dag.py:2742} INFO - Sync 1 DAGs
[2024-12-12T15:43:56.417+0000] {logging_mixin.py:150} INFO - [2024-12-12T15:43:56.417+0000] {dag.py:3504} INFO - Setting next_dagrun for example_task_group_decorator to 2024-12-11T15:43:56.417138+00:00, run_after=2024-12-12T15:43:56.417138+00:00
[2024-12-12T15:43:56.431+0000] {processor.py:179} INFO - Processing /home/vscode/.local/lib/python3.10/site-packages/airflow/example_dags/example_task_group_decorator.py took 0.054 seconds
[2024-12-12T15:44:37.001+0000] {processor.py:157} INFO - Started process (PID=38036) to work on /home/vscode/.local/lib/python3.10/site-packages/airflow/example_dags/example_task_group_decorator.py
[2024-12-12T15:44:37.002+0000] {processor.py:826} INFO - Processing file /home/vscode/.local/lib/python3.10/site-packages/airflow/example_dags/example_task_group_decorator.py for tasks to queue
[2024-12-12T15:44:37.002+0000] {logging_mixin.py:150} INFO - [2024-12-12T15:44:37.002+0000] {dagbag.py:541} INFO - Filling up the DagBag from /home/vscode/.local/lib/python3.10/site-packages/airflow/example_dags/example_task_group_decorator.py
[2024-12-12T15:44:37.013+0000] {processor.py:836} INFO - DAG(s) dict_keys(['example_task_group_decorator']) retrieved from /home/vscode/.local/lib/python3.10/site-packages/airflow/example_dags/example_task_group_decorator.py
[2024-12-12T15:44:37.026+0000] {logging_mixin.py:150} INFO - [2024-12-12T15:44:37.026+0000] {dag.py:2742} INFO - Sync 1 DAGs
[2024-12-12T15:44:37.039+0000] {logging_mixin.py:150} INFO - [2024-12-12T15:44:37.039+0000] {dag.py:3504} INFO - Setting next_dagrun for example_task_group_decorator to 2024-12-11T15:44:37.039256+00:00, run_after=2024-12-12T15:44:37.039256+00:00
[2024-12-12T15:44:37.053+0000] {processor.py:179} INFO - Processing /home/vscode/.local/lib/python3.10/site-packages/airflow/example_dags/example_task_group_decorator.py took 0.054 seconds
[2024-12-12T15:45:15.479+0000] {processor.py:157} INFO - Started process (PID=38345) to work on /home/vscode/.local/lib/python3.10/site-packages/airflow/example_dags/example_task_group_decorator.py
[2024-12-12T15:45:15.480+0000] {processor.py:826} INFO - Processing file /home/vscode/.local/lib/python3.10/site-packages/airflow/example_dags/example_task_group_decorator.py for tasks to queue
[2024-12-12T15:45:15.480+0000] {logging_mixin.py:150} INFO - [2024-12-12T15:45:15.480+0000] {dagbag.py:541} INFO - Filling up the DagBag from /home/vscode/.local/lib/python3.10/site-packages/airflow/example_dags/example_task_group_decorator.py
[2024-12-12T15:45:15.491+0000] {processor.py:836} INFO - DAG(s) dict_keys(['example_task_group_decorator']) retrieved from /home/vscode/.local/lib/python3.10/site-packages/airflow/example_dags/example_task_group_decorator.py
[2024-12-12T15:45:15.504+0000] {logging_mixin.py:150} INFO - [2024-12-12T15:45:15.504+0000] {dag.py:2742} INFO - Sync 1 DAGs
[2024-12-12T15:45:15.517+0000] {logging_mixin.py:150} INFO - [2024-12-12T15:45:15.517+0000] {dag.py:3504} INFO - Setting next_dagrun for example_task_group_decorator to 2024-12-11T15:45:15.517380+00:00, run_after=2024-12-12T15:45:15.517380+00:00
[2024-12-12T15:45:15.531+0000] {processor.py:179} INFO - Processing /home/vscode/.local/lib/python3.10/site-packages/airflow/example_dags/example_task_group_decorator.py took 0.053 seconds
[2024-12-12T15:46:03.142+0000] {processor.py:157} INFO - Started process (PID=38716) to work on /home/vscode/.local/lib/python3.10/site-packages/airflow/example_dags/example_task_group_decorator.py
[2024-12-12T15:46:03.143+0000] {processor.py:826} INFO - Processing file /home/vscode/.local/lib/python3.10/site-packages/airflow/example_dags/example_task_group_decorator.py for tasks to queue
[2024-12-12T15:46:03.144+0000] {logging_mixin.py:150} INFO - [2024-12-12T15:46:03.144+0000] {dagbag.py:541} INFO - Filling up the DagBag from /home/vscode/.local/lib/python3.10/site-packages/airflow/example_dags/example_task_group_decorator.py
[2024-12-12T15:46:03.154+0000] {processor.py:836} INFO - DAG(s) dict_keys(['example_task_group_decorator']) retrieved from /home/vscode/.local/lib/python3.10/site-packages/airflow/example_dags/example_task_group_decorator.py
[2024-12-12T15:46:03.168+0000] {logging_mixin.py:150} INFO - [2024-12-12T15:46:03.168+0000] {dag.py:2742} INFO - Sync 1 DAGs
[2024-12-12T15:46:03.182+0000] {logging_mixin.py:150} INFO - [2024-12-12T15:46:03.182+0000] {dag.py:3504} INFO - Setting next_dagrun for example_task_group_decorator to 2024-12-11T15:46:03.182477+00:00, run_after=2024-12-12T15:46:03.182477+00:00
[2024-12-12T15:46:03.198+0000] {processor.py:179} INFO - Processing /home/vscode/.local/lib/python3.10/site-packages/airflow/example_dags/example_task_group_decorator.py took 0.057 seconds
[2024-12-12T15:46:49.395+0000] {processor.py:157} INFO - Started process (PID=39085) to work on /home/vscode/.local/lib/python3.10/site-packages/airflow/example_dags/example_task_group_decorator.py
[2024-12-12T15:46:49.396+0000] {processor.py:826} INFO - Processing file /home/vscode/.local/lib/python3.10/site-packages/airflow/example_dags/example_task_group_decorator.py for tasks to queue
[2024-12-12T15:46:49.396+0000] {logging_mixin.py:150} INFO - [2024-12-12T15:46:49.396+0000] {dagbag.py:541} INFO - Filling up the DagBag from /home/vscode/.local/lib/python3.10/site-packages/airflow/example_dags/example_task_group_decorator.py
[2024-12-12T15:46:49.406+0000] {processor.py:836} INFO - DAG(s) dict_keys(['example_task_group_decorator']) retrieved from /home/vscode/.local/lib/python3.10/site-packages/airflow/example_dags/example_task_group_decorator.py
[2024-12-12T15:46:49.420+0000] {logging_mixin.py:150} INFO - [2024-12-12T15:46:49.420+0000] {dag.py:2742} INFO - Sync 1 DAGs
[2024-12-12T15:46:49.433+0000] {logging_mixin.py:150} INFO - [2024-12-12T15:46:49.433+0000] {dag.py:3504} INFO - Setting next_dagrun for example_task_group_decorator to 2024-12-11T15:46:49.432872+00:00, run_after=2024-12-12T15:46:49.432872+00:00
[2024-12-12T15:46:49.448+0000] {processor.py:179} INFO - Processing /home/vscode/.local/lib/python3.10/site-packages/airflow/example_dags/example_task_group_decorator.py took 0.055 seconds
[2024-12-12T15:47:38.982+0000] {processor.py:157} INFO - Started process (PID=39473) to work on /home/vscode/.local/lib/python3.10/site-packages/airflow/example_dags/example_task_group_decorator.py
[2024-12-12T15:47:38.983+0000] {processor.py:826} INFO - Processing file /home/vscode/.local/lib/python3.10/site-packages/airflow/example_dags/example_task_group_decorator.py for tasks to queue
[2024-12-12T15:47:38.983+0000] {logging_mixin.py:150} INFO - [2024-12-12T15:47:38.983+0000] {dagbag.py:541} INFO - Filling up the DagBag from /home/vscode/.local/lib/python3.10/site-packages/airflow/example_dags/example_task_group_decorator.py
[2024-12-12T15:47:38.995+0000] {processor.py:836} INFO - DAG(s) dict_keys(['example_task_group_decorator']) retrieved from /home/vscode/.local/lib/python3.10/site-packages/airflow/example_dags/example_task_group_decorator.py
[2024-12-12T15:47:39.008+0000] {logging_mixin.py:150} INFO - [2024-12-12T15:47:39.008+0000] {dag.py:2742} INFO - Sync 1 DAGs
[2024-12-12T15:47:39.024+0000] {logging_mixin.py:150} INFO - [2024-12-12T15:47:39.024+0000] {dag.py:3504} INFO - Setting next_dagrun for example_task_group_decorator to 2024-12-11T15:47:39.024558+00:00, run_after=2024-12-12T15:47:39.024558+00:00
[2024-12-12T15:47:39.039+0000] {processor.py:179} INFO - Processing /home/vscode/.local/lib/python3.10/site-packages/airflow/example_dags/example_task_group_decorator.py took 0.059 seconds
[2024-12-12T15:48:24.038+0000] {processor.py:157} INFO - Started process (PID=39824) to work on /home/vscode/.local/lib/python3.10/site-packages/airflow/example_dags/example_task_group_decorator.py
[2024-12-12T15:48:24.039+0000] {processor.py:826} INFO - Processing file /home/vscode/.local/lib/python3.10/site-packages/airflow/example_dags/example_task_group_decorator.py for tasks to queue
[2024-12-12T15:48:24.040+0000] {logging_mixin.py:150} INFO - [2024-12-12T15:48:24.039+0000] {dagbag.py:541} INFO - Filling up the DagBag from /home/vscode/.local/lib/python3.10/site-packages/airflow/example_dags/example_task_group_decorator.py
[2024-12-12T15:48:24.050+0000] {processor.py:836} INFO - DAG(s) dict_keys(['example_task_group_decorator']) retrieved from /home/vscode/.local/lib/python3.10/site-packages/airflow/example_dags/example_task_group_decorator.py
[2024-12-12T15:48:24.063+0000] {logging_mixin.py:150} INFO - [2024-12-12T15:48:24.062+0000] {dag.py:2742} INFO - Sync 1 DAGs
[2024-12-12T15:48:24.075+0000] {logging_mixin.py:150} INFO - [2024-12-12T15:48:24.075+0000] {dag.py:3504} INFO - Setting next_dagrun for example_task_group_decorator to 2024-12-11T15:48:24.075572+00:00, run_after=2024-12-12T15:48:24.075572+00:00
[2024-12-12T15:48:24.089+0000] {processor.py:179} INFO - Processing /home/vscode/.local/lib/python3.10/site-packages/airflow/example_dags/example_task_group_decorator.py took 0.053 seconds
[2024-12-12T15:49:05.242+0000] {processor.py:157} INFO - Started process (PID=40171) to work on /home/vscode/.local/lib/python3.10/site-packages/airflow/example_dags/example_task_group_decorator.py
[2024-12-12T15:49:05.243+0000] {processor.py:826} INFO - Processing file /home/vscode/.local/lib/python3.10/site-packages/airflow/example_dags/example_task_group_decorator.py for tasks to queue
[2024-12-12T15:49:05.244+0000] {logging_mixin.py:150} INFO - [2024-12-12T15:49:05.243+0000] {dagbag.py:541} INFO - Filling up the DagBag from /home/vscode/.local/lib/python3.10/site-packages/airflow/example_dags/example_task_group_decorator.py
[2024-12-12T15:49:05.254+0000] {processor.py:836} INFO - DAG(s) dict_keys(['example_task_group_decorator']) retrieved from /home/vscode/.local/lib/python3.10/site-packages/airflow/example_dags/example_task_group_decorator.py
[2024-12-12T15:49:05.267+0000] {logging_mixin.py:150} INFO - [2024-12-12T15:49:05.267+0000] {dag.py:2742} INFO - Sync 1 DAGs
[2024-12-12T15:49:05.281+0000] {logging_mixin.py:150} INFO - [2024-12-12T15:49:05.281+0000] {dag.py:3504} INFO - Setting next_dagrun for example_task_group_decorator to 2024-12-11T15:49:05.281055+00:00, run_after=2024-12-12T15:49:05.281055+00:00
[2024-12-12T15:49:05.296+0000] {processor.py:179} INFO - Processing /home/vscode/.local/lib/python3.10/site-packages/airflow/example_dags/example_task_group_decorator.py took 0.055 seconds
[2024-12-12T15:49:50.685+0000] {processor.py:157} INFO - Started process (PID=40521) to work on /home/vscode/.local/lib/python3.10/site-packages/airflow/example_dags/example_task_group_decorator.py
[2024-12-12T15:49:50.685+0000] {processor.py:826} INFO - Processing file /home/vscode/.local/lib/python3.10/site-packages/airflow/example_dags/example_task_group_decorator.py for tasks to queue
[2024-12-12T15:49:50.686+0000] {logging_mixin.py:150} INFO - [2024-12-12T15:49:50.686+0000] {dagbag.py:541} INFO - Filling up the DagBag from /home/vscode/.local/lib/python3.10/site-packages/airflow/example_dags/example_task_group_decorator.py
[2024-12-12T15:49:50.696+0000] {processor.py:836} INFO - DAG(s) dict_keys(['example_task_group_decorator']) retrieved from /home/vscode/.local/lib/python3.10/site-packages/airflow/example_dags/example_task_group_decorator.py
[2024-12-12T15:49:50.709+0000] {logging_mixin.py:150} INFO - [2024-12-12T15:49:50.709+0000] {dag.py:2742} INFO - Sync 1 DAGs
[2024-12-12T15:49:50.722+0000] {logging_mixin.py:150} INFO - [2024-12-12T15:49:50.721+0000] {dag.py:3504} INFO - Setting next_dagrun for example_task_group_decorator to 2024-12-11T15:49:50.721764+00:00, run_after=2024-12-12T15:49:50.721764+00:00
[2024-12-12T15:49:50.736+0000] {processor.py:179} INFO - Processing /home/vscode/.local/lib/python3.10/site-packages/airflow/example_dags/example_task_group_decorator.py took 0.054 seconds
[2024-12-12T15:50:31.335+0000] {processor.py:157} INFO - Started process (PID=40850) to work on /home/vscode/.local/lib/python3.10/site-packages/airflow/example_dags/example_task_group_decorator.py
[2024-12-12T15:50:31.336+0000] {processor.py:826} INFO - Processing file /home/vscode/.local/lib/python3.10/site-packages/airflow/example_dags/example_task_group_decorator.py for tasks to queue
[2024-12-12T15:50:31.336+0000] {logging_mixin.py:150} INFO - [2024-12-12T15:50:31.336+0000] {dagbag.py:541} INFO - Filling up the DagBag from /home/vscode/.local/lib/python3.10/site-packages/airflow/example_dags/example_task_group_decorator.py
[2024-12-12T15:50:31.347+0000] {processor.py:836} INFO - DAG(s) dict_keys(['example_task_group_decorator']) retrieved from /home/vscode/.local/lib/python3.10/site-packages/airflow/example_dags/example_task_group_decorator.py
[2024-12-12T15:50:31.360+0000] {logging_mixin.py:150} INFO - [2024-12-12T15:50:31.359+0000] {dag.py:2742} INFO - Sync 1 DAGs
[2024-12-12T15:50:31.373+0000] {logging_mixin.py:150} INFO - [2024-12-12T15:50:31.372+0000] {dag.py:3504} INFO - Setting next_dagrun for example_task_group_decorator to 2024-12-11T15:50:31.372802+00:00, run_after=2024-12-12T15:50:31.372802+00:00
[2024-12-12T15:50:31.387+0000] {processor.py:179} INFO - Processing /home/vscode/.local/lib/python3.10/site-packages/airflow/example_dags/example_task_group_decorator.py took 0.054 seconds
[2024-12-12T15:51:18.418+0000] {processor.py:157} INFO - Started process (PID=41209) to work on /home/vscode/.local/lib/python3.10/site-packages/airflow/example_dags/example_task_group_decorator.py
[2024-12-12T15:51:18.419+0000] {processor.py:826} INFO - Processing file /home/vscode/.local/lib/python3.10/site-packages/airflow/example_dags/example_task_group_decorator.py for tasks to queue
[2024-12-12T15:51:18.420+0000] {logging_mixin.py:150} INFO - [2024-12-12T15:51:18.419+0000] {dagbag.py:541} INFO - Filling up the DagBag from /home/vscode/.local/lib/python3.10/site-packages/airflow/example_dags/example_task_group_decorator.py
[2024-12-12T15:51:18.430+0000] {processor.py:836} INFO - DAG(s) dict_keys(['example_task_group_decorator']) retrieved from /home/vscode/.local/lib/python3.10/site-packages/airflow/example_dags/example_task_group_decorator.py
[2024-12-12T15:51:18.443+0000] {logging_mixin.py:150} INFO - [2024-12-12T15:51:18.443+0000] {dag.py:2742} INFO - Sync 1 DAGs
[2024-12-12T15:51:18.456+0000] {logging_mixin.py:150} INFO - [2024-12-12T15:51:18.456+0000] {dag.py:3504} INFO - Setting next_dagrun for example_task_group_decorator to 2024-12-11T15:51:18.456273+00:00, run_after=2024-12-12T15:51:18.456273+00:00
[2024-12-12T15:51:18.470+0000] {processor.py:179} INFO - Processing /home/vscode/.local/lib/python3.10/site-packages/airflow/example_dags/example_task_group_decorator.py took 0.054 seconds
[2024-12-12T15:52:06.023+0000] {processor.py:157} INFO - Started process (PID=41587) to work on /home/vscode/.local/lib/python3.10/site-packages/airflow/example_dags/example_task_group_decorator.py
[2024-12-12T15:52:06.024+0000] {processor.py:826} INFO - Processing file /home/vscode/.local/lib/python3.10/site-packages/airflow/example_dags/example_task_group_decorator.py for tasks to queue
[2024-12-12T15:52:06.025+0000] {logging_mixin.py:150} INFO - [2024-12-12T15:52:06.025+0000] {dagbag.py:541} INFO - Filling up the DagBag from /home/vscode/.local/lib/python3.10/site-packages/airflow/example_dags/example_task_group_decorator.py
[2024-12-12T15:52:06.041+0000] {processor.py:836} INFO - DAG(s) dict_keys(['example_task_group_decorator']) retrieved from /home/vscode/.local/lib/python3.10/site-packages/airflow/example_dags/example_task_group_decorator.py
[2024-12-12T15:52:06.061+0000] {logging_mixin.py:150} INFO - [2024-12-12T15:52:06.061+0000] {dag.py:2742} INFO - Sync 1 DAGs
[2024-12-12T15:52:06.080+0000] {logging_mixin.py:150} INFO - [2024-12-12T15:52:06.080+0000] {dag.py:3504} INFO - Setting next_dagrun for example_task_group_decorator to 2024-12-11T15:52:06.080249+00:00, run_after=2024-12-12T15:52:06.080249+00:00
[2024-12-12T15:52:06.094+0000] {processor.py:179} INFO - Processing /home/vscode/.local/lib/python3.10/site-packages/airflow/example_dags/example_task_group_decorator.py took 0.073 seconds
[2024-12-12T15:52:49.979+0000] {processor.py:157} INFO - Started process (PID=41892) to work on /home/vscode/.local/lib/python3.10/site-packages/airflow/example_dags/example_task_group_decorator.py
[2024-12-12T15:52:49.980+0000] {processor.py:826} INFO - Processing file /home/vscode/.local/lib/python3.10/site-packages/airflow/example_dags/example_task_group_decorator.py for tasks to queue
[2024-12-12T15:52:49.980+0000] {logging_mixin.py:150} INFO - [2024-12-12T15:52:49.980+0000] {dagbag.py:541} INFO - Filling up the DagBag from /home/vscode/.local/lib/python3.10/site-packages/airflow/example_dags/example_task_group_decorator.py
[2024-12-12T15:52:49.991+0000] {processor.py:836} INFO - DAG(s) dict_keys(['example_task_group_decorator']) retrieved from /home/vscode/.local/lib/python3.10/site-packages/airflow/example_dags/example_task_group_decorator.py
[2024-12-12T15:52:50.003+0000] {logging_mixin.py:150} INFO - [2024-12-12T15:52:50.003+0000] {dag.py:2742} INFO - Sync 1 DAGs
[2024-12-12T15:52:50.016+0000] {logging_mixin.py:150} INFO - [2024-12-12T15:52:50.016+0000] {dag.py:3504} INFO - Setting next_dagrun for example_task_group_decorator to 2024-12-11T15:52:50.016301+00:00, run_after=2024-12-12T15:52:50.016301+00:00
[2024-12-12T15:52:50.030+0000] {processor.py:179} INFO - Processing /home/vscode/.local/lib/python3.10/site-packages/airflow/example_dags/example_task_group_decorator.py took 0.053 seconds
[2024-12-12T15:53:32.167+0000] {processor.py:157} INFO - Started process (PID=42185) to work on /home/vscode/.local/lib/python3.10/site-packages/airflow/example_dags/example_task_group_decorator.py
[2024-12-12T15:53:32.168+0000] {processor.py:826} INFO - Processing file /home/vscode/.local/lib/python3.10/site-packages/airflow/example_dags/example_task_group_decorator.py for tasks to queue
[2024-12-12T15:53:32.169+0000] {logging_mixin.py:150} INFO - [2024-12-12T15:53:32.168+0000] {dagbag.py:541} INFO - Filling up the DagBag from /home/vscode/.local/lib/python3.10/site-packages/airflow/example_dags/example_task_group_decorator.py
[2024-12-12T15:53:32.179+0000] {processor.py:836} INFO - DAG(s) dict_keys(['example_task_group_decorator']) retrieved from /home/vscode/.local/lib/python3.10/site-packages/airflow/example_dags/example_task_group_decorator.py
[2024-12-12T15:53:32.193+0000] {logging_mixin.py:150} INFO - [2024-12-12T15:53:32.193+0000] {dag.py:2742} INFO - Sync 1 DAGs
[2024-12-12T15:53:32.206+0000] {logging_mixin.py:150} INFO - [2024-12-12T15:53:32.206+0000] {dag.py:3504} INFO - Setting next_dagrun for example_task_group_decorator to 2024-12-11T15:53:32.206215+00:00, run_after=2024-12-12T15:53:32.206215+00:00
[2024-12-12T15:53:32.220+0000] {processor.py:179} INFO - Processing /home/vscode/.local/lib/python3.10/site-packages/airflow/example_dags/example_task_group_decorator.py took 0.055 seconds
[2024-12-12T15:54:18.701+0000] {processor.py:157} INFO - Started process (PID=42528) to work on /home/vscode/.local/lib/python3.10/site-packages/airflow/example_dags/example_task_group_decorator.py
[2024-12-12T15:54:18.702+0000] {processor.py:826} INFO - Processing file /home/vscode/.local/lib/python3.10/site-packages/airflow/example_dags/example_task_group_decorator.py for tasks to queue
[2024-12-12T15:54:18.703+0000] {logging_mixin.py:150} INFO - [2024-12-12T15:54:18.702+0000] {dagbag.py:541} INFO - Filling up the DagBag from /home/vscode/.local/lib/python3.10/site-packages/airflow/example_dags/example_task_group_decorator.py
[2024-12-12T15:54:18.719+0000] {processor.py:836} INFO - DAG(s) dict_keys(['example_task_group_decorator']) retrieved from /home/vscode/.local/lib/python3.10/site-packages/airflow/example_dags/example_task_group_decorator.py
[2024-12-12T15:54:18.732+0000] {logging_mixin.py:150} INFO - [2024-12-12T15:54:18.732+0000] {dag.py:2742} INFO - Sync 1 DAGs
[2024-12-12T15:54:18.745+0000] {logging_mixin.py:150} INFO - [2024-12-12T15:54:18.745+0000] {dag.py:3504} INFO - Setting next_dagrun for example_task_group_decorator to 2024-12-11T15:54:18.745460+00:00, run_after=2024-12-12T15:54:18.745460+00:00
[2024-12-12T15:54:18.759+0000] {processor.py:179} INFO - Processing /home/vscode/.local/lib/python3.10/site-packages/airflow/example_dags/example_task_group_decorator.py took 0.061 seconds
[2024-12-12T15:55:02.185+0000] {processor.py:157} INFO - Started process (PID=42824) to work on /home/vscode/.local/lib/python3.10/site-packages/airflow/example_dags/example_task_group_decorator.py
[2024-12-12T15:55:02.185+0000] {processor.py:826} INFO - Processing file /home/vscode/.local/lib/python3.10/site-packages/airflow/example_dags/example_task_group_decorator.py for tasks to queue
[2024-12-12T15:55:02.186+0000] {logging_mixin.py:150} INFO - [2024-12-12T15:55:02.186+0000] {dagbag.py:541} INFO - Filling up the DagBag from /home/vscode/.local/lib/python3.10/site-packages/airflow/example_dags/example_task_group_decorator.py
[2024-12-12T15:55:02.196+0000] {processor.py:836} INFO - DAG(s) dict_keys(['example_task_group_decorator']) retrieved from /home/vscode/.local/lib/python3.10/site-packages/airflow/example_dags/example_task_group_decorator.py
[2024-12-12T15:55:02.209+0000] {logging_mixin.py:150} INFO - [2024-12-12T15:55:02.209+0000] {dag.py:2742} INFO - Sync 1 DAGs
[2024-12-12T15:55:02.225+0000] {logging_mixin.py:150} INFO - [2024-12-12T15:55:02.224+0000] {dag.py:3504} INFO - Setting next_dagrun for example_task_group_decorator to 2024-12-11T15:55:02.224780+00:00, run_after=2024-12-12T15:55:02.224780+00:00
[2024-12-12T15:55:02.239+0000] {processor.py:179} INFO - Processing /home/vscode/.local/lib/python3.10/site-packages/airflow/example_dags/example_task_group_decorator.py took 0.057 seconds
[2024-12-12T15:55:51.723+0000] {processor.py:157} INFO - Started process (PID=43159) to work on /home/vscode/.local/lib/python3.10/site-packages/airflow/example_dags/example_task_group_decorator.py
[2024-12-12T15:55:51.724+0000] {processor.py:826} INFO - Processing file /home/vscode/.local/lib/python3.10/site-packages/airflow/example_dags/example_task_group_decorator.py for tasks to queue
[2024-12-12T15:55:51.724+0000] {logging_mixin.py:150} INFO - [2024-12-12T15:55:51.724+0000] {dagbag.py:541} INFO - Filling up the DagBag from /home/vscode/.local/lib/python3.10/site-packages/airflow/example_dags/example_task_group_decorator.py
[2024-12-12T15:55:51.734+0000] {processor.py:836} INFO - DAG(s) dict_keys(['example_task_group_decorator']) retrieved from /home/vscode/.local/lib/python3.10/site-packages/airflow/example_dags/example_task_group_decorator.py
[2024-12-12T15:55:51.747+0000] {logging_mixin.py:150} INFO - [2024-12-12T15:55:51.747+0000] {dag.py:2742} INFO - Sync 1 DAGs
[2024-12-12T15:55:51.760+0000] {logging_mixin.py:150} INFO - [2024-12-12T15:55:51.760+0000] {dag.py:3504} INFO - Setting next_dagrun for example_task_group_decorator to 2024-12-11T15:55:51.760568+00:00, run_after=2024-12-12T15:55:51.760568+00:00
[2024-12-12T15:55:51.775+0000] {processor.py:179} INFO - Processing /home/vscode/.local/lib/python3.10/site-packages/airflow/example_dags/example_task_group_decorator.py took 0.054 seconds
[2024-12-12T15:56:34.607+0000] {processor.py:157} INFO - Started process (PID=43455) to work on /home/vscode/.local/lib/python3.10/site-packages/airflow/example_dags/example_task_group_decorator.py
[2024-12-12T15:56:34.607+0000] {processor.py:826} INFO - Processing file /home/vscode/.local/lib/python3.10/site-packages/airflow/example_dags/example_task_group_decorator.py for tasks to queue
[2024-12-12T15:56:34.608+0000] {logging_mixin.py:150} INFO - [2024-12-12T15:56:34.608+0000] {dagbag.py:541} INFO - Filling up the DagBag from /home/vscode/.local/lib/python3.10/site-packages/airflow/example_dags/example_task_group_decorator.py
[2024-12-12T15:56:34.618+0000] {processor.py:836} INFO - DAG(s) dict_keys(['example_task_group_decorator']) retrieved from /home/vscode/.local/lib/python3.10/site-packages/airflow/example_dags/example_task_group_decorator.py
[2024-12-12T15:56:34.631+0000] {logging_mixin.py:150} INFO - [2024-12-12T15:56:34.631+0000] {dag.py:2742} INFO - Sync 1 DAGs
[2024-12-12T15:56:34.644+0000] {logging_mixin.py:150} INFO - [2024-12-12T15:56:34.644+0000] {dag.py:3504} INFO - Setting next_dagrun for example_task_group_decorator to 2024-12-11T15:56:34.643895+00:00, run_after=2024-12-12T15:56:34.643895+00:00
[2024-12-12T15:56:34.657+0000] {processor.py:179} INFO - Processing /home/vscode/.local/lib/python3.10/site-packages/airflow/example_dags/example_task_group_decorator.py took 0.052 seconds
[2024-12-12T15:57:11.670+0000] {processor.py:157} INFO - Started process (PID=43704) to work on /home/vscode/.local/lib/python3.10/site-packages/airflow/example_dags/example_task_group_decorator.py
[2024-12-12T15:57:11.670+0000] {processor.py:826} INFO - Processing file /home/vscode/.local/lib/python3.10/site-packages/airflow/example_dags/example_task_group_decorator.py for tasks to queue
[2024-12-12T15:57:11.671+0000] {logging_mixin.py:150} INFO - [2024-12-12T15:57:11.671+0000] {dagbag.py:541} INFO - Filling up the DagBag from /home/vscode/.local/lib/python3.10/site-packages/airflow/example_dags/example_task_group_decorator.py
[2024-12-12T15:57:11.681+0000] {processor.py:836} INFO - DAG(s) dict_keys(['example_task_group_decorator']) retrieved from /home/vscode/.local/lib/python3.10/site-packages/airflow/example_dags/example_task_group_decorator.py
[2024-12-12T15:57:11.695+0000] {logging_mixin.py:150} INFO - [2024-12-12T15:57:11.694+0000] {dag.py:2742} INFO - Sync 1 DAGs
[2024-12-12T15:57:11.708+0000] {logging_mixin.py:150} INFO - [2024-12-12T15:57:11.708+0000] {dag.py:3504} INFO - Setting next_dagrun for example_task_group_decorator to 2024-12-11T15:57:11.707971+00:00, run_after=2024-12-12T15:57:11.707971+00:00
[2024-12-12T15:57:11.722+0000] {processor.py:179} INFO - Processing /home/vscode/.local/lib/python3.10/site-packages/airflow/example_dags/example_task_group_decorator.py took 0.054 seconds
[2024-12-12T15:58:01.817+0000] {processor.py:157} INFO - Started process (PID=44061) to work on /home/vscode/.local/lib/python3.10/site-packages/airflow/example_dags/example_task_group_decorator.py
[2024-12-12T15:58:01.818+0000] {processor.py:826} INFO - Processing file /home/vscode/.local/lib/python3.10/site-packages/airflow/example_dags/example_task_group_decorator.py for tasks to queue
[2024-12-12T15:58:01.818+0000] {logging_mixin.py:150} INFO - [2024-12-12T15:58:01.818+0000] {dagbag.py:541} INFO - Filling up the DagBag from /home/vscode/.local/lib/python3.10/site-packages/airflow/example_dags/example_task_group_decorator.py
[2024-12-12T15:58:01.829+0000] {processor.py:836} INFO - DAG(s) dict_keys(['example_task_group_decorator']) retrieved from /home/vscode/.local/lib/python3.10/site-packages/airflow/example_dags/example_task_group_decorator.py
[2024-12-12T15:58:01.842+0000] {logging_mixin.py:150} INFO - [2024-12-12T15:58:01.842+0000] {dag.py:2742} INFO - Sync 1 DAGs
[2024-12-12T15:58:01.855+0000] {logging_mixin.py:150} INFO - [2024-12-12T15:58:01.855+0000] {dag.py:3504} INFO - Setting next_dagrun for example_task_group_decorator to 2024-12-11T15:58:01.855331+00:00, run_after=2024-12-12T15:58:01.855331+00:00
[2024-12-12T15:58:01.870+0000] {processor.py:179} INFO - Processing /home/vscode/.local/lib/python3.10/site-packages/airflow/example_dags/example_task_group_decorator.py took 0.055 seconds
[2024-12-12T15:58:47.030+0000] {processor.py:157} INFO - Started process (PID=44429) to work on /home/vscode/.local/lib/python3.10/site-packages/airflow/example_dags/example_task_group_decorator.py
[2024-12-12T15:58:47.031+0000] {processor.py:826} INFO - Processing file /home/vscode/.local/lib/python3.10/site-packages/airflow/example_dags/example_task_group_decorator.py for tasks to queue
[2024-12-12T15:58:47.032+0000] {logging_mixin.py:150} INFO - [2024-12-12T15:58:47.031+0000] {dagbag.py:541} INFO - Filling up the DagBag from /home/vscode/.local/lib/python3.10/site-packages/airflow/example_dags/example_task_group_decorator.py
[2024-12-12T15:58:47.042+0000] {processor.py:836} INFO - DAG(s) dict_keys(['example_task_group_decorator']) retrieved from /home/vscode/.local/lib/python3.10/site-packages/airflow/example_dags/example_task_group_decorator.py
[2024-12-12T15:58:47.054+0000] {logging_mixin.py:150} INFO - [2024-12-12T15:58:47.054+0000] {dag.py:2742} INFO - Sync 1 DAGs
[2024-12-12T15:58:47.067+0000] {logging_mixin.py:150} INFO - [2024-12-12T15:58:47.067+0000] {dag.py:3504} INFO - Setting next_dagrun for example_task_group_decorator to 2024-12-11T15:58:47.067006+00:00, run_after=2024-12-12T15:58:47.067006+00:00
[2024-12-12T15:58:47.081+0000] {processor.py:179} INFO - Processing /home/vscode/.local/lib/python3.10/site-packages/airflow/example_dags/example_task_group_decorator.py took 0.052 seconds
[2024-12-12T15:59:28.700+0000] {processor.py:157} INFO - Started process (PID=44759) to work on /home/vscode/.local/lib/python3.10/site-packages/airflow/example_dags/example_task_group_decorator.py
[2024-12-12T15:59:28.700+0000] {processor.py:826} INFO - Processing file /home/vscode/.local/lib/python3.10/site-packages/airflow/example_dags/example_task_group_decorator.py for tasks to queue
[2024-12-12T15:59:28.701+0000] {logging_mixin.py:150} INFO - [2024-12-12T15:59:28.701+0000] {dagbag.py:541} INFO - Filling up the DagBag from /home/vscode/.local/lib/python3.10/site-packages/airflow/example_dags/example_task_group_decorator.py
[2024-12-12T15:59:28.711+0000] {processor.py:836} INFO - DAG(s) dict_keys(['example_task_group_decorator']) retrieved from /home/vscode/.local/lib/python3.10/site-packages/airflow/example_dags/example_task_group_decorator.py
[2024-12-12T15:59:28.724+0000] {logging_mixin.py:150} INFO - [2024-12-12T15:59:28.724+0000] {dag.py:2742} INFO - Sync 1 DAGs
[2024-12-12T15:59:28.737+0000] {logging_mixin.py:150} INFO - [2024-12-12T15:59:28.737+0000] {dag.py:3504} INFO - Setting next_dagrun for example_task_group_decorator to 2024-12-11T15:59:28.737589+00:00, run_after=2024-12-12T15:59:28.737589+00:00
[2024-12-12T15:59:28.752+0000] {processor.py:179} INFO - Processing /home/vscode/.local/lib/python3.10/site-packages/airflow/example_dags/example_task_group_decorator.py took 0.055 seconds
[2024-12-12T16:00:11.332+0000] {processor.py:157} INFO - Started process (PID=45069) to work on /home/vscode/.local/lib/python3.10/site-packages/airflow/example_dags/example_task_group_decorator.py
[2024-12-12T16:00:11.332+0000] {processor.py:826} INFO - Processing file /home/vscode/.local/lib/python3.10/site-packages/airflow/example_dags/example_task_group_decorator.py for tasks to queue
[2024-12-12T16:00:11.333+0000] {logging_mixin.py:150} INFO - [2024-12-12T16:00:11.333+0000] {dagbag.py:541} INFO - Filling up the DagBag from /home/vscode/.local/lib/python3.10/site-packages/airflow/example_dags/example_task_group_decorator.py
[2024-12-12T16:00:11.343+0000] {processor.py:836} INFO - DAG(s) dict_keys(['example_task_group_decorator']) retrieved from /home/vscode/.local/lib/python3.10/site-packages/airflow/example_dags/example_task_group_decorator.py
[2024-12-12T16:00:11.356+0000] {logging_mixin.py:150} INFO - [2024-12-12T16:00:11.356+0000] {dag.py:2742} INFO - Sync 1 DAGs
[2024-12-12T16:00:11.369+0000] {logging_mixin.py:150} INFO - [2024-12-12T16:00:11.369+0000] {dag.py:3504} INFO - Setting next_dagrun for example_task_group_decorator to 2024-12-11T16:00:11.369450+00:00, run_after=2024-12-12T16:00:11.369450+00:00
[2024-12-12T16:00:11.384+0000] {processor.py:179} INFO - Processing /home/vscode/.local/lib/python3.10/site-packages/airflow/example_dags/example_task_group_decorator.py took 0.055 seconds
[2024-12-12T16:00:56.436+0000] {processor.py:157} INFO - Started process (PID=45378) to work on /home/vscode/.local/lib/python3.10/site-packages/airflow/example_dags/example_task_group_decorator.py
[2024-12-12T16:00:56.437+0000] {processor.py:826} INFO - Processing file /home/vscode/.local/lib/python3.10/site-packages/airflow/example_dags/example_task_group_decorator.py for tasks to queue
[2024-12-12T16:00:56.437+0000] {logging_mixin.py:150} INFO - [2024-12-12T16:00:56.437+0000] {dagbag.py:541} INFO - Filling up the DagBag from /home/vscode/.local/lib/python3.10/site-packages/airflow/example_dags/example_task_group_decorator.py
[2024-12-12T16:00:56.447+0000] {processor.py:836} INFO - DAG(s) dict_keys(['example_task_group_decorator']) retrieved from /home/vscode/.local/lib/python3.10/site-packages/airflow/example_dags/example_task_group_decorator.py
[2024-12-12T16:00:56.465+0000] {logging_mixin.py:150} INFO - [2024-12-12T16:00:56.465+0000] {dag.py:2742} INFO - Sync 1 DAGs
[2024-12-12T16:00:56.478+0000] {logging_mixin.py:150} INFO - [2024-12-12T16:00:56.478+0000] {dag.py:3504} INFO - Setting next_dagrun for example_task_group_decorator to 2024-12-11T16:00:56.478404+00:00, run_after=2024-12-12T16:00:56.478404+00:00
[2024-12-12T16:00:56.493+0000] {processor.py:179} INFO - Processing /home/vscode/.local/lib/python3.10/site-packages/airflow/example_dags/example_task_group_decorator.py took 0.059 seconds
[2024-12-12T16:01:42.569+0000] {processor.py:157} INFO - Started process (PID=45700) to work on /home/vscode/.local/lib/python3.10/site-packages/airflow/example_dags/example_task_group_decorator.py
[2024-12-12T16:01:42.570+0000] {processor.py:826} INFO - Processing file /home/vscode/.local/lib/python3.10/site-packages/airflow/example_dags/example_task_group_decorator.py for tasks to queue
[2024-12-12T16:01:42.570+0000] {logging_mixin.py:150} INFO - [2024-12-12T16:01:42.570+0000] {dagbag.py:541} INFO - Filling up the DagBag from /home/vscode/.local/lib/python3.10/site-packages/airflow/example_dags/example_task_group_decorator.py
[2024-12-12T16:01:42.581+0000] {processor.py:836} INFO - DAG(s) dict_keys(['example_task_group_decorator']) retrieved from /home/vscode/.local/lib/python3.10/site-packages/airflow/example_dags/example_task_group_decorator.py
[2024-12-12T16:01:42.594+0000] {logging_mixin.py:150} INFO - [2024-12-12T16:01:42.594+0000] {dag.py:2742} INFO - Sync 1 DAGs
[2024-12-12T16:01:42.608+0000] {logging_mixin.py:150} INFO - [2024-12-12T16:01:42.608+0000] {dag.py:3504} INFO - Setting next_dagrun for example_task_group_decorator to 2024-12-11T16:01:42.608065+00:00, run_after=2024-12-12T16:01:42.608065+00:00
[2024-12-12T16:01:42.623+0000] {processor.py:179} INFO - Processing /home/vscode/.local/lib/python3.10/site-packages/airflow/example_dags/example_task_group_decorator.py took 0.056 seconds
[2024-12-12T16:02:24.801+0000] {processor.py:157} INFO - Started process (PID=46009) to work on /home/vscode/.local/lib/python3.10/site-packages/airflow/example_dags/example_task_group_decorator.py
[2024-12-12T16:02:24.802+0000] {processor.py:826} INFO - Processing file /home/vscode/.local/lib/python3.10/site-packages/airflow/example_dags/example_task_group_decorator.py for tasks to queue
[2024-12-12T16:02:24.803+0000] {logging_mixin.py:150} INFO - [2024-12-12T16:02:24.802+0000] {dagbag.py:541} INFO - Filling up the DagBag from /home/vscode/.local/lib/python3.10/site-packages/airflow/example_dags/example_task_group_decorator.py
[2024-12-12T16:02:24.813+0000] {processor.py:836} INFO - DAG(s) dict_keys(['example_task_group_decorator']) retrieved from /home/vscode/.local/lib/python3.10/site-packages/airflow/example_dags/example_task_group_decorator.py
[2024-12-12T16:02:24.826+0000] {logging_mixin.py:150} INFO - [2024-12-12T16:02:24.826+0000] {dag.py:2742} INFO - Sync 1 DAGs
[2024-12-12T16:02:24.840+0000] {logging_mixin.py:150} INFO - [2024-12-12T16:02:24.839+0000] {dag.py:3504} INFO - Setting next_dagrun for example_task_group_decorator to 2024-12-11T16:02:24.839771+00:00, run_after=2024-12-12T16:02:24.839771+00:00
[2024-12-12T16:02:24.854+0000] {processor.py:179} INFO - Processing /home/vscode/.local/lib/python3.10/site-packages/airflow/example_dags/example_task_group_decorator.py took 0.055 seconds
[2024-12-12T16:03:07.031+0000] {processor.py:157} INFO - Started process (PID=46303) to work on /home/vscode/.local/lib/python3.10/site-packages/airflow/example_dags/example_task_group_decorator.py
[2024-12-12T16:03:07.032+0000] {processor.py:826} INFO - Processing file /home/vscode/.local/lib/python3.10/site-packages/airflow/example_dags/example_task_group_decorator.py for tasks to queue
[2024-12-12T16:03:07.032+0000] {logging_mixin.py:150} INFO - [2024-12-12T16:03:07.032+0000] {dagbag.py:541} INFO - Filling up the DagBag from /home/vscode/.local/lib/python3.10/site-packages/airflow/example_dags/example_task_group_decorator.py
[2024-12-12T16:03:07.043+0000] {processor.py:836} INFO - DAG(s) dict_keys(['example_task_group_decorator']) retrieved from /home/vscode/.local/lib/python3.10/site-packages/airflow/example_dags/example_task_group_decorator.py
[2024-12-12T16:03:07.056+0000] {logging_mixin.py:150} INFO - [2024-12-12T16:03:07.056+0000] {dag.py:2742} INFO - Sync 1 DAGs
[2024-12-12T16:03:07.069+0000] {logging_mixin.py:150} INFO - [2024-12-12T16:03:07.069+0000] {dag.py:3504} INFO - Setting next_dagrun for example_task_group_decorator to 2024-12-11T16:03:07.069470+00:00, run_after=2024-12-12T16:03:07.069470+00:00
[2024-12-12T16:03:07.083+0000] {processor.py:179} INFO - Processing /home/vscode/.local/lib/python3.10/site-packages/airflow/example_dags/example_task_group_decorator.py took 0.054 seconds
