[2024-12-12T15:30:52.722+0000] {processor.py:157} INFO - Started process (PID=31012) to work on /home/vscode/.local/lib/python3.10/site-packages/airflow/example_dags/example_dynamic_task_mapping.py
[2024-12-12T15:30:52.723+0000] {processor.py:826} INFO - Processing file /home/vscode/.local/lib/python3.10/site-packages/airflow/example_dags/example_dynamic_task_mapping.py for tasks to queue
[2024-12-12T15:30:52.723+0000] {logging_mixin.py:150} INFO - [2024-12-12T15:30:52.723+0000] {dagbag.py:541} INFO - Filling up the DagBag from /home/vscode/.local/lib/python3.10/site-packages/airflow/example_dags/example_dynamic_task_mapping.py
[2024-12-12T15:30:52.810+0000] {processor.py:836} INFO - DAG(s) dict_keys(['example_dynamic_task_mapping']) retrieved from /home/vscode/.local/lib/python3.10/site-packages/airflow/example_dags/example_dynamic_task_mapping.py
[2024-12-12T15:30:52.880+0000] {logging_mixin.py:150} INFO - [2024-12-12T15:30:52.880+0000] {manager.py:504} INFO - Created Permission View: can delete on DAG:example_dynamic_task_mapping
[2024-12-12T15:30:52.891+0000] {logging_mixin.py:150} INFO - [2024-12-12T15:30:52.890+0000] {manager.py:504} INFO - Created Permission View: can read on DAG:example_dynamic_task_mapping
[2024-12-12T15:30:52.898+0000] {logging_mixin.py:150} INFO - [2024-12-12T15:30:52.898+0000] {manager.py:504} INFO - Created Permission View: can edit on DAG:example_dynamic_task_mapping
[2024-12-12T15:30:52.908+0000] {logging_mixin.py:150} INFO - [2024-12-12T15:30:52.908+0000] {dag.py:2742} INFO - Sync 1 DAGs
[2024-12-12T15:30:52.917+0000] {logging_mixin.py:150} INFO - [2024-12-12T15:30:52.917+0000] {dag.py:2763} INFO - Creating ORM DAG for example_dynamic_task_mapping
[2024-12-12T15:30:52.926+0000] {logging_mixin.py:150} INFO - [2024-12-12T15:30:52.926+0000] {dag.py:3504} INFO - Setting next_dagrun for example_dynamic_task_mapping to 2022-03-04T00:00:00+00:00, run_after=2022-03-05T00:00:00+00:00
[2024-12-12T15:30:52.943+0000] {processor.py:179} INFO - Processing /home/vscode/.local/lib/python3.10/site-packages/airflow/example_dags/example_dynamic_task_mapping.py took 0.223 seconds
[2024-12-12T15:31:44.006+0000] {processor.py:157} INFO - Started process (PID=31427) to work on /home/vscode/.local/lib/python3.10/site-packages/airflow/example_dags/example_dynamic_task_mapping.py
[2024-12-12T15:31:44.006+0000] {processor.py:826} INFO - Processing file /home/vscode/.local/lib/python3.10/site-packages/airflow/example_dags/example_dynamic_task_mapping.py for tasks to queue
[2024-12-12T15:31:44.007+0000] {logging_mixin.py:150} INFO - [2024-12-12T15:31:44.007+0000] {dagbag.py:541} INFO - Filling up the DagBag from /home/vscode/.local/lib/python3.10/site-packages/airflow/example_dags/example_dynamic_task_mapping.py
[2024-12-12T15:31:44.014+0000] {processor.py:836} INFO - DAG(s) dict_keys(['example_dynamic_task_mapping']) retrieved from /home/vscode/.local/lib/python3.10/site-packages/airflow/example_dags/example_dynamic_task_mapping.py
[2024-12-12T15:31:44.026+0000] {logging_mixin.py:150} INFO - [2024-12-12T15:31:44.026+0000] {dag.py:2742} INFO - Sync 1 DAGs
[2024-12-12T15:31:44.045+0000] {logging_mixin.py:150} INFO - [2024-12-12T15:31:44.045+0000] {dag.py:3504} INFO - Setting next_dagrun for example_dynamic_task_mapping to 2022-03-04T00:00:00+00:00, run_after=2022-03-05T00:00:00+00:00
[2024-12-12T15:31:44.060+0000] {processor.py:179} INFO - Processing /home/vscode/.local/lib/python3.10/site-packages/airflow/example_dags/example_dynamic_task_mapping.py took 0.057 seconds
[2024-12-12T15:32:25.703+0000] {processor.py:157} INFO - Started process (PID=31736) to work on /home/vscode/.local/lib/python3.10/site-packages/airflow/example_dags/example_dynamic_task_mapping.py
[2024-12-12T15:32:25.704+0000] {processor.py:826} INFO - Processing file /home/vscode/.local/lib/python3.10/site-packages/airflow/example_dags/example_dynamic_task_mapping.py for tasks to queue
[2024-12-12T15:32:25.704+0000] {logging_mixin.py:150} INFO - [2024-12-12T15:32:25.704+0000] {dagbag.py:541} INFO - Filling up the DagBag from /home/vscode/.local/lib/python3.10/site-packages/airflow/example_dags/example_dynamic_task_mapping.py
[2024-12-12T15:32:25.710+0000] {processor.py:836} INFO - DAG(s) dict_keys(['example_dynamic_task_mapping']) retrieved from /home/vscode/.local/lib/python3.10/site-packages/airflow/example_dags/example_dynamic_task_mapping.py
[2024-12-12T15:32:25.720+0000] {logging_mixin.py:150} INFO - [2024-12-12T15:32:25.720+0000] {dag.py:2742} INFO - Sync 1 DAGs
[2024-12-12T15:32:25.733+0000] {logging_mixin.py:150} INFO - [2024-12-12T15:32:25.732+0000] {dag.py:3504} INFO - Setting next_dagrun for example_dynamic_task_mapping to 2022-03-04T00:00:00+00:00, run_after=2022-03-05T00:00:00+00:00
[2024-12-12T15:32:25.747+0000] {processor.py:179} INFO - Processing /home/vscode/.local/lib/python3.10/site-packages/airflow/example_dags/example_dynamic_task_mapping.py took 0.046 seconds
[2024-12-12T15:33:12.950+0000] {processor.py:157} INFO - Started process (PID=32099) to work on /home/vscode/.local/lib/python3.10/site-packages/airflow/example_dags/example_dynamic_task_mapping.py
[2024-12-12T15:33:12.950+0000] {processor.py:826} INFO - Processing file /home/vscode/.local/lib/python3.10/site-packages/airflow/example_dags/example_dynamic_task_mapping.py for tasks to queue
[2024-12-12T15:33:12.951+0000] {logging_mixin.py:150} INFO - [2024-12-12T15:33:12.950+0000] {dagbag.py:541} INFO - Filling up the DagBag from /home/vscode/.local/lib/python3.10/site-packages/airflow/example_dags/example_dynamic_task_mapping.py
[2024-12-12T15:33:12.956+0000] {processor.py:836} INFO - DAG(s) dict_keys(['example_dynamic_task_mapping']) retrieved from /home/vscode/.local/lib/python3.10/site-packages/airflow/example_dags/example_dynamic_task_mapping.py
[2024-12-12T15:33:12.966+0000] {logging_mixin.py:150} INFO - [2024-12-12T15:33:12.966+0000] {dag.py:2742} INFO - Sync 1 DAGs
[2024-12-12T15:33:12.979+0000] {logging_mixin.py:150} INFO - [2024-12-12T15:33:12.979+0000] {dag.py:3504} INFO - Setting next_dagrun for example_dynamic_task_mapping to 2022-03-04T00:00:00+00:00, run_after=2022-03-05T00:00:00+00:00
[2024-12-12T15:33:12.993+0000] {processor.py:179} INFO - Processing /home/vscode/.local/lib/python3.10/site-packages/airflow/example_dags/example_dynamic_task_mapping.py took 0.046 seconds
[2024-12-12T15:33:55.156+0000] {processor.py:157} INFO - Started process (PID=32404) to work on /home/vscode/.local/lib/python3.10/site-packages/airflow/example_dags/example_dynamic_task_mapping.py
[2024-12-12T15:33:55.157+0000] {processor.py:826} INFO - Processing file /home/vscode/.local/lib/python3.10/site-packages/airflow/example_dags/example_dynamic_task_mapping.py for tasks to queue
[2024-12-12T15:33:55.157+0000] {logging_mixin.py:150} INFO - [2024-12-12T15:33:55.157+0000] {dagbag.py:541} INFO - Filling up the DagBag from /home/vscode/.local/lib/python3.10/site-packages/airflow/example_dags/example_dynamic_task_mapping.py
[2024-12-12T15:33:55.163+0000] {processor.py:836} INFO - DAG(s) dict_keys(['example_dynamic_task_mapping']) retrieved from /home/vscode/.local/lib/python3.10/site-packages/airflow/example_dags/example_dynamic_task_mapping.py
[2024-12-12T15:33:55.173+0000] {logging_mixin.py:150} INFO - [2024-12-12T15:33:55.173+0000] {dag.py:2742} INFO - Sync 1 DAGs
[2024-12-12T15:33:55.185+0000] {logging_mixin.py:150} INFO - [2024-12-12T15:33:55.185+0000] {dag.py:3504} INFO - Setting next_dagrun for example_dynamic_task_mapping to 2022-03-04T00:00:00+00:00, run_after=2022-03-05T00:00:00+00:00
[2024-12-12T15:33:55.200+0000] {processor.py:179} INFO - Processing /home/vscode/.local/lib/python3.10/site-packages/airflow/example_dags/example_dynamic_task_mapping.py took 0.046 seconds
[2024-12-12T15:34:39.107+0000] {processor.py:157} INFO - Started process (PID=32704) to work on /home/vscode/.local/lib/python3.10/site-packages/airflow/example_dags/example_dynamic_task_mapping.py
[2024-12-12T15:34:39.107+0000] {processor.py:826} INFO - Processing file /home/vscode/.local/lib/python3.10/site-packages/airflow/example_dags/example_dynamic_task_mapping.py for tasks to queue
[2024-12-12T15:34:39.108+0000] {logging_mixin.py:150} INFO - [2024-12-12T15:34:39.108+0000] {dagbag.py:541} INFO - Filling up the DagBag from /home/vscode/.local/lib/python3.10/site-packages/airflow/example_dags/example_dynamic_task_mapping.py
[2024-12-12T15:34:39.113+0000] {processor.py:836} INFO - DAG(s) dict_keys(['example_dynamic_task_mapping']) retrieved from /home/vscode/.local/lib/python3.10/site-packages/airflow/example_dags/example_dynamic_task_mapping.py
[2024-12-12T15:34:39.124+0000] {logging_mixin.py:150} INFO - [2024-12-12T15:34:39.124+0000] {dag.py:2742} INFO - Sync 1 DAGs
[2024-12-12T15:34:39.137+0000] {logging_mixin.py:150} INFO - [2024-12-12T15:34:39.137+0000] {dag.py:3504} INFO - Setting next_dagrun for example_dynamic_task_mapping to 2022-03-04T00:00:00+00:00, run_after=2022-03-05T00:00:00+00:00
[2024-12-12T15:34:39.150+0000] {processor.py:179} INFO - Processing /home/vscode/.local/lib/python3.10/site-packages/airflow/example_dags/example_dynamic_task_mapping.py took 0.046 seconds
[2024-12-12T15:35:19.784+0000] {processor.py:157} INFO - Started process (PID=33009) to work on /home/vscode/.local/lib/python3.10/site-packages/airflow/example_dags/example_dynamic_task_mapping.py
[2024-12-12T15:35:19.784+0000] {processor.py:826} INFO - Processing file /home/vscode/.local/lib/python3.10/site-packages/airflow/example_dags/example_dynamic_task_mapping.py for tasks to queue
[2024-12-12T15:35:19.785+0000] {logging_mixin.py:150} INFO - [2024-12-12T15:35:19.785+0000] {dagbag.py:541} INFO - Filling up the DagBag from /home/vscode/.local/lib/python3.10/site-packages/airflow/example_dags/example_dynamic_task_mapping.py
[2024-12-12T15:35:19.790+0000] {processor.py:836} INFO - DAG(s) dict_keys(['example_dynamic_task_mapping']) retrieved from /home/vscode/.local/lib/python3.10/site-packages/airflow/example_dags/example_dynamic_task_mapping.py
[2024-12-12T15:35:19.800+0000] {logging_mixin.py:150} INFO - [2024-12-12T15:35:19.800+0000] {dag.py:2742} INFO - Sync 1 DAGs
[2024-12-12T15:35:19.814+0000] {logging_mixin.py:150} INFO - [2024-12-12T15:35:19.813+0000] {dag.py:3504} INFO - Setting next_dagrun for example_dynamic_task_mapping to 2022-03-04T00:00:00+00:00, run_after=2022-03-05T00:00:00+00:00
[2024-12-12T15:35:19.827+0000] {processor.py:179} INFO - Processing /home/vscode/.local/lib/python3.10/site-packages/airflow/example_dags/example_dynamic_task_mapping.py took 0.045 seconds
[2024-12-12T15:36:02.794+0000] {processor.py:157} INFO - Started process (PID=33318) to work on /home/vscode/.local/lib/python3.10/site-packages/airflow/example_dags/example_dynamic_task_mapping.py
[2024-12-12T15:36:02.795+0000] {processor.py:826} INFO - Processing file /home/vscode/.local/lib/python3.10/site-packages/airflow/example_dags/example_dynamic_task_mapping.py for tasks to queue
[2024-12-12T15:36:02.795+0000] {logging_mixin.py:150} INFO - [2024-12-12T15:36:02.795+0000] {dagbag.py:541} INFO - Filling up the DagBag from /home/vscode/.local/lib/python3.10/site-packages/airflow/example_dags/example_dynamic_task_mapping.py
[2024-12-12T15:36:02.801+0000] {processor.py:836} INFO - DAG(s) dict_keys(['example_dynamic_task_mapping']) retrieved from /home/vscode/.local/lib/python3.10/site-packages/airflow/example_dags/example_dynamic_task_mapping.py
[2024-12-12T15:36:02.811+0000] {logging_mixin.py:150} INFO - [2024-12-12T15:36:02.810+0000] {dag.py:2742} INFO - Sync 1 DAGs
[2024-12-12T15:36:02.824+0000] {logging_mixin.py:150} INFO - [2024-12-12T15:36:02.824+0000] {dag.py:3504} INFO - Setting next_dagrun for example_dynamic_task_mapping to 2022-03-04T00:00:00+00:00, run_after=2022-03-05T00:00:00+00:00
[2024-12-12T15:36:02.840+0000] {processor.py:179} INFO - Processing /home/vscode/.local/lib/python3.10/site-packages/airflow/example_dags/example_dynamic_task_mapping.py took 0.048 seconds
[2024-12-12T15:36:52.295+0000] {processor.py:157} INFO - Started process (PID=33950) to work on /home/vscode/.local/lib/python3.10/site-packages/airflow/example_dags/example_dynamic_task_mapping.py
[2024-12-12T15:36:52.296+0000] {processor.py:826} INFO - Processing file /home/vscode/.local/lib/python3.10/site-packages/airflow/example_dags/example_dynamic_task_mapping.py for tasks to queue
[2024-12-12T15:36:52.297+0000] {logging_mixin.py:150} INFO - [2024-12-12T15:36:52.296+0000] {dagbag.py:541} INFO - Filling up the DagBag from /home/vscode/.local/lib/python3.10/site-packages/airflow/example_dags/example_dynamic_task_mapping.py
[2024-12-12T15:36:52.302+0000] {processor.py:836} INFO - DAG(s) dict_keys(['example_dynamic_task_mapping']) retrieved from /home/vscode/.local/lib/python3.10/site-packages/airflow/example_dags/example_dynamic_task_mapping.py
[2024-12-12T15:36:52.312+0000] {logging_mixin.py:150} INFO - [2024-12-12T15:36:52.312+0000] {dag.py:2742} INFO - Sync 1 DAGs
[2024-12-12T15:36:52.325+0000] {logging_mixin.py:150} INFO - [2024-12-12T15:36:52.325+0000] {dag.py:3504} INFO - Setting next_dagrun for example_dynamic_task_mapping to 2022-03-04T00:00:00+00:00, run_after=2022-03-05T00:00:00+00:00
[2024-12-12T15:36:52.338+0000] {processor.py:179} INFO - Processing /home/vscode/.local/lib/python3.10/site-packages/airflow/example_dags/example_dynamic_task_mapping.py took 0.045 seconds
[2024-12-12T15:37:36.954+0000] {processor.py:157} INFO - Started process (PID=34282) to work on /home/vscode/.local/lib/python3.10/site-packages/airflow/example_dags/example_dynamic_task_mapping.py
[2024-12-12T15:37:36.955+0000] {processor.py:826} INFO - Processing file /home/vscode/.local/lib/python3.10/site-packages/airflow/example_dags/example_dynamic_task_mapping.py for tasks to queue
[2024-12-12T15:37:36.956+0000] {logging_mixin.py:150} INFO - [2024-12-12T15:37:36.955+0000] {dagbag.py:541} INFO - Filling up the DagBag from /home/vscode/.local/lib/python3.10/site-packages/airflow/example_dags/example_dynamic_task_mapping.py
[2024-12-12T15:37:36.961+0000] {processor.py:836} INFO - DAG(s) dict_keys(['example_dynamic_task_mapping']) retrieved from /home/vscode/.local/lib/python3.10/site-packages/airflow/example_dags/example_dynamic_task_mapping.py
[2024-12-12T15:37:36.971+0000] {logging_mixin.py:150} INFO - [2024-12-12T15:37:36.971+0000] {dag.py:2742} INFO - Sync 1 DAGs
[2024-12-12T15:37:36.984+0000] {logging_mixin.py:150} INFO - [2024-12-12T15:37:36.984+0000] {dag.py:3504} INFO - Setting next_dagrun for example_dynamic_task_mapping to 2022-03-04T00:00:00+00:00, run_after=2022-03-05T00:00:00+00:00
[2024-12-12T15:37:36.999+0000] {processor.py:179} INFO - Processing /home/vscode/.local/lib/python3.10/site-packages/airflow/example_dags/example_dynamic_task_mapping.py took 0.047 seconds
[2024-12-12T15:38:20.176+0000] {processor.py:157} INFO - Started process (PID=34584) to work on /home/vscode/.local/lib/python3.10/site-packages/airflow/example_dags/example_dynamic_task_mapping.py
[2024-12-12T15:38:20.177+0000] {processor.py:826} INFO - Processing file /home/vscode/.local/lib/python3.10/site-packages/airflow/example_dags/example_dynamic_task_mapping.py for tasks to queue
[2024-12-12T15:38:20.177+0000] {logging_mixin.py:150} INFO - [2024-12-12T15:38:20.177+0000] {dagbag.py:541} INFO - Filling up the DagBag from /home/vscode/.local/lib/python3.10/site-packages/airflow/example_dags/example_dynamic_task_mapping.py
[2024-12-12T15:38:20.183+0000] {processor.py:836} INFO - DAG(s) dict_keys(['example_dynamic_task_mapping']) retrieved from /home/vscode/.local/lib/python3.10/site-packages/airflow/example_dags/example_dynamic_task_mapping.py
[2024-12-12T15:38:20.193+0000] {logging_mixin.py:150} INFO - [2024-12-12T15:38:20.193+0000] {dag.py:2742} INFO - Sync 1 DAGs
[2024-12-12T15:38:20.206+0000] {logging_mixin.py:150} INFO - [2024-12-12T15:38:20.206+0000] {dag.py:3504} INFO - Setting next_dagrun for example_dynamic_task_mapping to 2022-03-04T00:00:00+00:00, run_after=2022-03-05T00:00:00+00:00
[2024-12-12T15:38:20.220+0000] {processor.py:179} INFO - Processing /home/vscode/.local/lib/python3.10/site-packages/airflow/example_dags/example_dynamic_task_mapping.py took 0.046 seconds
[2024-12-12T15:39:16.754+0000] {processor.py:157} INFO - Started process (PID=35320) to work on /home/vscode/.local/lib/python3.10/site-packages/airflow/example_dags/example_dynamic_task_mapping.py
[2024-12-12T15:39:16.754+0000] {processor.py:826} INFO - Processing file /home/vscode/.local/lib/python3.10/site-packages/airflow/example_dags/example_dynamic_task_mapping.py for tasks to queue
[2024-12-12T15:39:16.755+0000] {logging_mixin.py:150} INFO - [2024-12-12T15:39:16.755+0000] {dagbag.py:541} INFO - Filling up the DagBag from /home/vscode/.local/lib/python3.10/site-packages/airflow/example_dags/example_dynamic_task_mapping.py
[2024-12-12T15:39:16.842+0000] {processor.py:836} INFO - DAG(s) dict_keys(['example_dynamic_task_mapping']) retrieved from /home/vscode/.local/lib/python3.10/site-packages/airflow/example_dags/example_dynamic_task_mapping.py
[2024-12-12T15:39:16.851+0000] {logging_mixin.py:150} INFO - [2024-12-12T15:39:16.851+0000] {dag.py:2742} INFO - Sync 1 DAGs
[2024-12-12T15:39:16.862+0000] {logging_mixin.py:150} INFO - [2024-12-12T15:39:16.862+0000] {dag.py:3504} INFO - Setting next_dagrun for example_dynamic_task_mapping to 2022-03-04T00:00:00+00:00, run_after=2022-03-05T00:00:00+00:00
[2024-12-12T15:39:16.875+0000] {processor.py:179} INFO - Processing /home/vscode/.local/lib/python3.10/site-packages/airflow/example_dags/example_dynamic_task_mapping.py took 0.124 seconds
[2024-12-12T15:40:03.604+0000] {processor.py:157} INFO - Started process (PID=35727) to work on /home/vscode/.local/lib/python3.10/site-packages/airflow/example_dags/example_dynamic_task_mapping.py
[2024-12-12T15:40:03.604+0000] {processor.py:826} INFO - Processing file /home/vscode/.local/lib/python3.10/site-packages/airflow/example_dags/example_dynamic_task_mapping.py for tasks to queue
[2024-12-12T15:40:03.605+0000] {logging_mixin.py:150} INFO - [2024-12-12T15:40:03.605+0000] {dagbag.py:541} INFO - Filling up the DagBag from /home/vscode/.local/lib/python3.10/site-packages/airflow/example_dags/example_dynamic_task_mapping.py
[2024-12-12T15:40:03.615+0000] {processor.py:836} INFO - DAG(s) dict_keys(['example_dynamic_task_mapping']) retrieved from /home/vscode/.local/lib/python3.10/site-packages/airflow/example_dags/example_dynamic_task_mapping.py
[2024-12-12T15:40:03.630+0000] {logging_mixin.py:150} INFO - [2024-12-12T15:40:03.630+0000] {dag.py:2742} INFO - Sync 1 DAGs
[2024-12-12T15:40:03.649+0000] {logging_mixin.py:150} INFO - [2024-12-12T15:40:03.649+0000] {dag.py:3504} INFO - Setting next_dagrun for example_dynamic_task_mapping to 2022-03-04T00:00:00+00:00, run_after=2022-03-05T00:00:00+00:00
[2024-12-12T15:40:03.669+0000] {processor.py:179} INFO - Processing /home/vscode/.local/lib/python3.10/site-packages/airflow/example_dags/example_dynamic_task_mapping.py took 0.067 seconds
[2024-12-12T15:40:46.976+0000] {processor.py:157} INFO - Started process (PID=36155) to work on /home/vscode/.local/lib/python3.10/site-packages/airflow/example_dags/example_dynamic_task_mapping.py
[2024-12-12T15:40:46.976+0000] {processor.py:826} INFO - Processing file /home/vscode/.local/lib/python3.10/site-packages/airflow/example_dags/example_dynamic_task_mapping.py for tasks to queue
[2024-12-12T15:40:46.977+0000] {logging_mixin.py:150} INFO - [2024-12-12T15:40:46.977+0000] {dagbag.py:541} INFO - Filling up the DagBag from /home/vscode/.local/lib/python3.10/site-packages/airflow/example_dags/example_dynamic_task_mapping.py
[2024-12-12T15:40:46.982+0000] {processor.py:836} INFO - DAG(s) dict_keys(['example_dynamic_task_mapping']) retrieved from /home/vscode/.local/lib/python3.10/site-packages/airflow/example_dags/example_dynamic_task_mapping.py
[2024-12-12T15:40:46.992+0000] {logging_mixin.py:150} INFO - [2024-12-12T15:40:46.992+0000] {dag.py:2742} INFO - Sync 1 DAGs
[2024-12-12T15:40:47.005+0000] {logging_mixin.py:150} INFO - [2024-12-12T15:40:47.005+0000] {dag.py:3504} INFO - Setting next_dagrun for example_dynamic_task_mapping to 2022-03-04T00:00:00+00:00, run_after=2022-03-05T00:00:00+00:00
[2024-12-12T15:40:47.018+0000] {processor.py:179} INFO - Processing /home/vscode/.local/lib/python3.10/site-packages/airflow/example_dags/example_dynamic_task_mapping.py took 0.045 seconds
[2024-12-12T15:41:33.272+0000] {processor.py:157} INFO - Started process (PID=36518) to work on /home/vscode/.local/lib/python3.10/site-packages/airflow/example_dags/example_dynamic_task_mapping.py
[2024-12-12T15:41:33.272+0000] {processor.py:826} INFO - Processing file /home/vscode/.local/lib/python3.10/site-packages/airflow/example_dags/example_dynamic_task_mapping.py for tasks to queue
[2024-12-12T15:41:33.273+0000] {logging_mixin.py:150} INFO - [2024-12-12T15:41:33.273+0000] {dagbag.py:541} INFO - Filling up the DagBag from /home/vscode/.local/lib/python3.10/site-packages/airflow/example_dags/example_dynamic_task_mapping.py
[2024-12-12T15:41:33.278+0000] {processor.py:836} INFO - DAG(s) dict_keys(['example_dynamic_task_mapping']) retrieved from /home/vscode/.local/lib/python3.10/site-packages/airflow/example_dags/example_dynamic_task_mapping.py
[2024-12-12T15:41:33.289+0000] {logging_mixin.py:150} INFO - [2024-12-12T15:41:33.288+0000] {dag.py:2742} INFO - Sync 1 DAGs
[2024-12-12T15:41:33.301+0000] {logging_mixin.py:150} INFO - [2024-12-12T15:41:33.301+0000] {dag.py:3504} INFO - Setting next_dagrun for example_dynamic_task_mapping to 2022-03-04T00:00:00+00:00, run_after=2022-03-05T00:00:00+00:00
[2024-12-12T15:41:33.315+0000] {processor.py:179} INFO - Processing /home/vscode/.local/lib/python3.10/site-packages/airflow/example_dags/example_dynamic_task_mapping.py took 0.046 seconds
[2024-12-12T15:42:17.235+0000] {processor.py:157} INFO - Started process (PID=36915) to work on /home/vscode/.local/lib/python3.10/site-packages/airflow/example_dags/example_dynamic_task_mapping.py
[2024-12-12T15:42:17.236+0000] {processor.py:826} INFO - Processing file /home/vscode/.local/lib/python3.10/site-packages/airflow/example_dags/example_dynamic_task_mapping.py for tasks to queue
[2024-12-12T15:42:17.236+0000] {logging_mixin.py:150} INFO - [2024-12-12T15:42:17.236+0000] {dagbag.py:541} INFO - Filling up the DagBag from /home/vscode/.local/lib/python3.10/site-packages/airflow/example_dags/example_dynamic_task_mapping.py
[2024-12-12T15:42:17.242+0000] {processor.py:836} INFO - DAG(s) dict_keys(['example_dynamic_task_mapping']) retrieved from /home/vscode/.local/lib/python3.10/site-packages/airflow/example_dags/example_dynamic_task_mapping.py
[2024-12-12T15:42:17.253+0000] {logging_mixin.py:150} INFO - [2024-12-12T15:42:17.253+0000] {dag.py:2742} INFO - Sync 1 DAGs
[2024-12-12T15:42:17.266+0000] {logging_mixin.py:150} INFO - [2024-12-12T15:42:17.265+0000] {dag.py:3504} INFO - Setting next_dagrun for example_dynamic_task_mapping to 2022-03-04T00:00:00+00:00, run_after=2022-03-05T00:00:00+00:00
[2024-12-12T15:42:17.280+0000] {processor.py:179} INFO - Processing /home/vscode/.local/lib/python3.10/site-packages/airflow/example_dags/example_dynamic_task_mapping.py took 0.047 seconds
[2024-12-12T15:43:04.574+0000] {processor.py:157} INFO - Started process (PID=37292) to work on /home/vscode/.local/lib/python3.10/site-packages/airflow/example_dags/example_dynamic_task_mapping.py
[2024-12-12T15:43:04.574+0000] {processor.py:826} INFO - Processing file /home/vscode/.local/lib/python3.10/site-packages/airflow/example_dags/example_dynamic_task_mapping.py for tasks to queue
[2024-12-12T15:43:04.575+0000] {logging_mixin.py:150} INFO - [2024-12-12T15:43:04.575+0000] {dagbag.py:541} INFO - Filling up the DagBag from /home/vscode/.local/lib/python3.10/site-packages/airflow/example_dags/example_dynamic_task_mapping.py
[2024-12-12T15:43:04.580+0000] {processor.py:836} INFO - DAG(s) dict_keys(['example_dynamic_task_mapping']) retrieved from /home/vscode/.local/lib/python3.10/site-packages/airflow/example_dags/example_dynamic_task_mapping.py
[2024-12-12T15:43:04.591+0000] {logging_mixin.py:150} INFO - [2024-12-12T15:43:04.591+0000] {dag.py:2742} INFO - Sync 1 DAGs
[2024-12-12T15:43:04.604+0000] {logging_mixin.py:150} INFO - [2024-12-12T15:43:04.603+0000] {dag.py:3504} INFO - Setting next_dagrun for example_dynamic_task_mapping to 2022-03-04T00:00:00+00:00, run_after=2022-03-05T00:00:00+00:00
[2024-12-12T15:43:04.618+0000] {processor.py:179} INFO - Processing /home/vscode/.local/lib/python3.10/site-packages/airflow/example_dags/example_dynamic_task_mapping.py took 0.046 seconds
[2024-12-12T15:43:48.500+0000] {processor.py:157} INFO - Started process (PID=37657) to work on /home/vscode/.local/lib/python3.10/site-packages/airflow/example_dags/example_dynamic_task_mapping.py
[2024-12-12T15:43:48.501+0000] {processor.py:826} INFO - Processing file /home/vscode/.local/lib/python3.10/site-packages/airflow/example_dags/example_dynamic_task_mapping.py for tasks to queue
[2024-12-12T15:43:48.502+0000] {logging_mixin.py:150} INFO - [2024-12-12T15:43:48.501+0000] {dagbag.py:541} INFO - Filling up the DagBag from /home/vscode/.local/lib/python3.10/site-packages/airflow/example_dags/example_dynamic_task_mapping.py
[2024-12-12T15:43:48.507+0000] {processor.py:836} INFO - DAG(s) dict_keys(['example_dynamic_task_mapping']) retrieved from /home/vscode/.local/lib/python3.10/site-packages/airflow/example_dags/example_dynamic_task_mapping.py
[2024-12-12T15:43:48.517+0000] {logging_mixin.py:150} INFO - [2024-12-12T15:43:48.517+0000] {dag.py:2742} INFO - Sync 1 DAGs
[2024-12-12T15:43:48.530+0000] {logging_mixin.py:150} INFO - [2024-12-12T15:43:48.530+0000] {dag.py:3504} INFO - Setting next_dagrun for example_dynamic_task_mapping to 2022-03-04T00:00:00+00:00, run_after=2022-03-05T00:00:00+00:00
[2024-12-12T15:43:48.544+0000] {processor.py:179} INFO - Processing /home/vscode/.local/lib/python3.10/site-packages/airflow/example_dags/example_dynamic_task_mapping.py took 0.045 seconds
[2024-12-12T15:44:31.864+0000] {processor.py:157} INFO - Started process (PID=37996) to work on /home/vscode/.local/lib/python3.10/site-packages/airflow/example_dags/example_dynamic_task_mapping.py
[2024-12-12T15:44:31.865+0000] {processor.py:826} INFO - Processing file /home/vscode/.local/lib/python3.10/site-packages/airflow/example_dags/example_dynamic_task_mapping.py for tasks to queue
[2024-12-12T15:44:31.866+0000] {logging_mixin.py:150} INFO - [2024-12-12T15:44:31.865+0000] {dagbag.py:541} INFO - Filling up the DagBag from /home/vscode/.local/lib/python3.10/site-packages/airflow/example_dags/example_dynamic_task_mapping.py
[2024-12-12T15:44:31.871+0000] {processor.py:836} INFO - DAG(s) dict_keys(['example_dynamic_task_mapping']) retrieved from /home/vscode/.local/lib/python3.10/site-packages/airflow/example_dags/example_dynamic_task_mapping.py
[2024-12-12T15:44:31.882+0000] {logging_mixin.py:150} INFO - [2024-12-12T15:44:31.882+0000] {dag.py:2742} INFO - Sync 1 DAGs
[2024-12-12T15:44:31.895+0000] {logging_mixin.py:150} INFO - [2024-12-12T15:44:31.894+0000] {dag.py:3504} INFO - Setting next_dagrun for example_dynamic_task_mapping to 2022-03-04T00:00:00+00:00, run_after=2022-03-05T00:00:00+00:00
[2024-12-12T15:44:31.908+0000] {processor.py:179} INFO - Processing /home/vscode/.local/lib/python3.10/site-packages/airflow/example_dags/example_dynamic_task_mapping.py took 0.046 seconds
[2024-12-12T15:45:21.603+0000] {processor.py:157} INFO - Started process (PID=38386) to work on /home/vscode/.local/lib/python3.10/site-packages/airflow/example_dags/example_dynamic_task_mapping.py
[2024-12-12T15:45:21.603+0000] {processor.py:826} INFO - Processing file /home/vscode/.local/lib/python3.10/site-packages/airflow/example_dags/example_dynamic_task_mapping.py for tasks to queue
[2024-12-12T15:45:21.604+0000] {logging_mixin.py:150} INFO - [2024-12-12T15:45:21.604+0000] {dagbag.py:541} INFO - Filling up the DagBag from /home/vscode/.local/lib/python3.10/site-packages/airflow/example_dags/example_dynamic_task_mapping.py
[2024-12-12T15:45:21.609+0000] {processor.py:836} INFO - DAG(s) dict_keys(['example_dynamic_task_mapping']) retrieved from /home/vscode/.local/lib/python3.10/site-packages/airflow/example_dags/example_dynamic_task_mapping.py
[2024-12-12T15:45:21.620+0000] {logging_mixin.py:150} INFO - [2024-12-12T15:45:21.620+0000] {dag.py:2742} INFO - Sync 1 DAGs
[2024-12-12T15:45:21.633+0000] {logging_mixin.py:150} INFO - [2024-12-12T15:45:21.633+0000] {dag.py:3504} INFO - Setting next_dagrun for example_dynamic_task_mapping to 2022-03-04T00:00:00+00:00, run_after=2022-03-05T00:00:00+00:00
[2024-12-12T15:45:21.648+0000] {processor.py:179} INFO - Processing /home/vscode/.local/lib/python3.10/site-packages/airflow/example_dags/example_dynamic_task_mapping.py took 0.047 seconds
[2024-12-12T15:46:08.281+0000] {processor.py:157} INFO - Started process (PID=38758) to work on /home/vscode/.local/lib/python3.10/site-packages/airflow/example_dags/example_dynamic_task_mapping.py
[2024-12-12T15:46:08.281+0000] {processor.py:826} INFO - Processing file /home/vscode/.local/lib/python3.10/site-packages/airflow/example_dags/example_dynamic_task_mapping.py for tasks to queue
[2024-12-12T15:46:08.282+0000] {logging_mixin.py:150} INFO - [2024-12-12T15:46:08.282+0000] {dagbag.py:541} INFO - Filling up the DagBag from /home/vscode/.local/lib/python3.10/site-packages/airflow/example_dags/example_dynamic_task_mapping.py
[2024-12-12T15:46:08.287+0000] {processor.py:836} INFO - DAG(s) dict_keys(['example_dynamic_task_mapping']) retrieved from /home/vscode/.local/lib/python3.10/site-packages/airflow/example_dags/example_dynamic_task_mapping.py
[2024-12-12T15:46:08.298+0000] {logging_mixin.py:150} INFO - [2024-12-12T15:46:08.298+0000] {dag.py:2742} INFO - Sync 1 DAGs
[2024-12-12T15:46:08.312+0000] {logging_mixin.py:150} INFO - [2024-12-12T15:46:08.312+0000] {dag.py:3504} INFO - Setting next_dagrun for example_dynamic_task_mapping to 2022-03-04T00:00:00+00:00, run_after=2022-03-05T00:00:00+00:00
[2024-12-12T15:46:08.327+0000] {processor.py:179} INFO - Processing /home/vscode/.local/lib/python3.10/site-packages/airflow/example_dags/example_dynamic_task_mapping.py took 0.048 seconds
[2024-12-12T15:46:55.667+0000] {processor.py:157} INFO - Started process (PID=39133) to work on /home/vscode/.local/lib/python3.10/site-packages/airflow/example_dags/example_dynamic_task_mapping.py
[2024-12-12T15:46:55.668+0000] {processor.py:826} INFO - Processing file /home/vscode/.local/lib/python3.10/site-packages/airflow/example_dags/example_dynamic_task_mapping.py for tasks to queue
[2024-12-12T15:46:55.669+0000] {logging_mixin.py:150} INFO - [2024-12-12T15:46:55.668+0000] {dagbag.py:541} INFO - Filling up the DagBag from /home/vscode/.local/lib/python3.10/site-packages/airflow/example_dags/example_dynamic_task_mapping.py
[2024-12-12T15:46:55.674+0000] {processor.py:836} INFO - DAG(s) dict_keys(['example_dynamic_task_mapping']) retrieved from /home/vscode/.local/lib/python3.10/site-packages/airflow/example_dags/example_dynamic_task_mapping.py
[2024-12-12T15:46:55.685+0000] {logging_mixin.py:150} INFO - [2024-12-12T15:46:55.684+0000] {dag.py:2742} INFO - Sync 1 DAGs
[2024-12-12T15:46:55.698+0000] {logging_mixin.py:150} INFO - [2024-12-12T15:46:55.697+0000] {dag.py:3504} INFO - Setting next_dagrun for example_dynamic_task_mapping to 2022-03-04T00:00:00+00:00, run_after=2022-03-05T00:00:00+00:00
[2024-12-12T15:46:55.712+0000] {processor.py:179} INFO - Processing /home/vscode/.local/lib/python3.10/site-packages/airflow/example_dags/example_dynamic_task_mapping.py took 0.047 seconds
[2024-12-12T15:47:44.479+0000] {processor.py:157} INFO - Started process (PID=39515) to work on /home/vscode/.local/lib/python3.10/site-packages/airflow/example_dags/example_dynamic_task_mapping.py
[2024-12-12T15:47:44.480+0000] {processor.py:826} INFO - Processing file /home/vscode/.local/lib/python3.10/site-packages/airflow/example_dags/example_dynamic_task_mapping.py for tasks to queue
[2024-12-12T15:47:44.481+0000] {logging_mixin.py:150} INFO - [2024-12-12T15:47:44.480+0000] {dagbag.py:541} INFO - Filling up the DagBag from /home/vscode/.local/lib/python3.10/site-packages/airflow/example_dags/example_dynamic_task_mapping.py
[2024-12-12T15:47:44.486+0000] {processor.py:836} INFO - DAG(s) dict_keys(['example_dynamic_task_mapping']) retrieved from /home/vscode/.local/lib/python3.10/site-packages/airflow/example_dags/example_dynamic_task_mapping.py
[2024-12-12T15:47:44.496+0000] {logging_mixin.py:150} INFO - [2024-12-12T15:47:44.496+0000] {dag.py:2742} INFO - Sync 1 DAGs
[2024-12-12T15:47:44.509+0000] {logging_mixin.py:150} INFO - [2024-12-12T15:47:44.509+0000] {dag.py:3504} INFO - Setting next_dagrun for example_dynamic_task_mapping to 2022-03-04T00:00:00+00:00, run_after=2022-03-05T00:00:00+00:00
[2024-12-12T15:47:44.523+0000] {processor.py:179} INFO - Processing /home/vscode/.local/lib/python3.10/site-packages/airflow/example_dags/example_dynamic_task_mapping.py took 0.045 seconds
[2024-12-12T15:48:29.642+0000] {processor.py:157} INFO - Started process (PID=39870) to work on /home/vscode/.local/lib/python3.10/site-packages/airflow/example_dags/example_dynamic_task_mapping.py
[2024-12-12T15:48:29.643+0000] {processor.py:826} INFO - Processing file /home/vscode/.local/lib/python3.10/site-packages/airflow/example_dags/example_dynamic_task_mapping.py for tasks to queue
[2024-12-12T15:48:29.643+0000] {logging_mixin.py:150} INFO - [2024-12-12T15:48:29.643+0000] {dagbag.py:541} INFO - Filling up the DagBag from /home/vscode/.local/lib/python3.10/site-packages/airflow/example_dags/example_dynamic_task_mapping.py
[2024-12-12T15:48:29.649+0000] {processor.py:836} INFO - DAG(s) dict_keys(['example_dynamic_task_mapping']) retrieved from /home/vscode/.local/lib/python3.10/site-packages/airflow/example_dags/example_dynamic_task_mapping.py
[2024-12-12T15:48:29.660+0000] {logging_mixin.py:150} INFO - [2024-12-12T15:48:29.660+0000] {dag.py:2742} INFO - Sync 1 DAGs
[2024-12-12T15:48:29.673+0000] {logging_mixin.py:150} INFO - [2024-12-12T15:48:29.673+0000] {dag.py:3504} INFO - Setting next_dagrun for example_dynamic_task_mapping to 2022-03-04T00:00:00+00:00, run_after=2022-03-05T00:00:00+00:00
[2024-12-12T15:48:29.687+0000] {processor.py:179} INFO - Processing /home/vscode/.local/lib/python3.10/site-packages/airflow/example_dags/example_dynamic_task_mapping.py took 0.048 seconds
[2024-12-12T15:49:11.278+0000] {processor.py:157} INFO - Started process (PID=40212) to work on /home/vscode/.local/lib/python3.10/site-packages/airflow/example_dags/example_dynamic_task_mapping.py
[2024-12-12T15:49:11.279+0000] {processor.py:826} INFO - Processing file /home/vscode/.local/lib/python3.10/site-packages/airflow/example_dags/example_dynamic_task_mapping.py for tasks to queue
[2024-12-12T15:49:11.279+0000] {logging_mixin.py:150} INFO - [2024-12-12T15:49:11.279+0000] {dagbag.py:541} INFO - Filling up the DagBag from /home/vscode/.local/lib/python3.10/site-packages/airflow/example_dags/example_dynamic_task_mapping.py
[2024-12-12T15:49:11.285+0000] {processor.py:836} INFO - DAG(s) dict_keys(['example_dynamic_task_mapping']) retrieved from /home/vscode/.local/lib/python3.10/site-packages/airflow/example_dags/example_dynamic_task_mapping.py
[2024-12-12T15:49:11.295+0000] {logging_mixin.py:150} INFO - [2024-12-12T15:49:11.295+0000] {dag.py:2742} INFO - Sync 1 DAGs
[2024-12-12T15:49:11.309+0000] {logging_mixin.py:150} INFO - [2024-12-12T15:49:11.309+0000] {dag.py:3504} INFO - Setting next_dagrun for example_dynamic_task_mapping to 2022-03-04T00:00:00+00:00, run_after=2022-03-05T00:00:00+00:00
[2024-12-12T15:49:11.323+0000] {processor.py:179} INFO - Processing /home/vscode/.local/lib/python3.10/site-packages/airflow/example_dags/example_dynamic_task_mapping.py took 0.047 seconds
[2024-12-12T15:49:56.494+0000] {processor.py:157} INFO - Started process (PID=40568) to work on /home/vscode/.local/lib/python3.10/site-packages/airflow/example_dags/example_dynamic_task_mapping.py
[2024-12-12T15:49:56.494+0000] {processor.py:826} INFO - Processing file /home/vscode/.local/lib/python3.10/site-packages/airflow/example_dags/example_dynamic_task_mapping.py for tasks to queue
[2024-12-12T15:49:56.495+0000] {logging_mixin.py:150} INFO - [2024-12-12T15:49:56.495+0000] {dagbag.py:541} INFO - Filling up the DagBag from /home/vscode/.local/lib/python3.10/site-packages/airflow/example_dags/example_dynamic_task_mapping.py
[2024-12-12T15:49:56.500+0000] {processor.py:836} INFO - DAG(s) dict_keys(['example_dynamic_task_mapping']) retrieved from /home/vscode/.local/lib/python3.10/site-packages/airflow/example_dags/example_dynamic_task_mapping.py
[2024-12-12T15:49:56.511+0000] {logging_mixin.py:150} INFO - [2024-12-12T15:49:56.511+0000] {dag.py:2742} INFO - Sync 1 DAGs
[2024-12-12T15:49:56.524+0000] {logging_mixin.py:150} INFO - [2024-12-12T15:49:56.523+0000] {dag.py:3504} INFO - Setting next_dagrun for example_dynamic_task_mapping to 2022-03-04T00:00:00+00:00, run_after=2022-03-05T00:00:00+00:00
[2024-12-12T15:49:56.538+0000] {processor.py:179} INFO - Processing /home/vscode/.local/lib/python3.10/site-packages/airflow/example_dags/example_dynamic_task_mapping.py took 0.046 seconds
[2024-12-12T15:50:49.346+0000] {processor.py:157} INFO - Started process (PID=40980) to work on /home/vscode/.local/lib/python3.10/site-packages/airflow/example_dags/example_dynamic_task_mapping.py
[2024-12-12T15:50:49.347+0000] {processor.py:826} INFO - Processing file /home/vscode/.local/lib/python3.10/site-packages/airflow/example_dags/example_dynamic_task_mapping.py for tasks to queue
[2024-12-12T15:50:49.347+0000] {logging_mixin.py:150} INFO - [2024-12-12T15:50:49.347+0000] {dagbag.py:541} INFO - Filling up the DagBag from /home/vscode/.local/lib/python3.10/site-packages/airflow/example_dags/example_dynamic_task_mapping.py
[2024-12-12T15:50:49.352+0000] {processor.py:836} INFO - DAG(s) dict_keys(['example_dynamic_task_mapping']) retrieved from /home/vscode/.local/lib/python3.10/site-packages/airflow/example_dags/example_dynamic_task_mapping.py
[2024-12-12T15:50:49.363+0000] {logging_mixin.py:150} INFO - [2024-12-12T15:50:49.363+0000] {dag.py:2742} INFO - Sync 1 DAGs
[2024-12-12T15:50:49.376+0000] {logging_mixin.py:150} INFO - [2024-12-12T15:50:49.376+0000] {dag.py:3504} INFO - Setting next_dagrun for example_dynamic_task_mapping to 2022-03-04T00:00:00+00:00, run_after=2022-03-05T00:00:00+00:00
[2024-12-12T15:50:49.389+0000] {processor.py:179} INFO - Processing /home/vscode/.local/lib/python3.10/site-packages/airflow/example_dags/example_dynamic_task_mapping.py took 0.045 seconds
[2024-12-12T15:51:38.078+0000] {processor.py:157} INFO - Started process (PID=41363) to work on /home/vscode/.local/lib/python3.10/site-packages/airflow/example_dags/example_dynamic_task_mapping.py
[2024-12-12T15:51:38.079+0000] {processor.py:826} INFO - Processing file /home/vscode/.local/lib/python3.10/site-packages/airflow/example_dags/example_dynamic_task_mapping.py for tasks to queue
[2024-12-12T15:51:38.080+0000] {logging_mixin.py:150} INFO - [2024-12-12T15:51:38.079+0000] {dagbag.py:541} INFO - Filling up the DagBag from /home/vscode/.local/lib/python3.10/site-packages/airflow/example_dags/example_dynamic_task_mapping.py
[2024-12-12T15:51:38.085+0000] {processor.py:836} INFO - DAG(s) dict_keys(['example_dynamic_task_mapping']) retrieved from /home/vscode/.local/lib/python3.10/site-packages/airflow/example_dags/example_dynamic_task_mapping.py
[2024-12-12T15:51:38.095+0000] {logging_mixin.py:150} INFO - [2024-12-12T15:51:38.095+0000] {dag.py:2742} INFO - Sync 1 DAGs
[2024-12-12T15:51:38.108+0000] {logging_mixin.py:150} INFO - [2024-12-12T15:51:38.108+0000] {dag.py:3504} INFO - Setting next_dagrun for example_dynamic_task_mapping to 2022-03-04T00:00:00+00:00, run_after=2022-03-05T00:00:00+00:00
[2024-12-12T15:51:38.121+0000] {processor.py:179} INFO - Processing /home/vscode/.local/lib/python3.10/site-packages/airflow/example_dags/example_dynamic_task_mapping.py took 0.044 seconds
[2024-12-12T15:52:25.429+0000] {processor.py:157} INFO - Started process (PID=41731) to work on /home/vscode/.local/lib/python3.10/site-packages/airflow/example_dags/example_dynamic_task_mapping.py
[2024-12-12T15:52:25.429+0000] {processor.py:826} INFO - Processing file /home/vscode/.local/lib/python3.10/site-packages/airflow/example_dags/example_dynamic_task_mapping.py for tasks to queue
[2024-12-12T15:52:25.430+0000] {logging_mixin.py:150} INFO - [2024-12-12T15:52:25.429+0000] {dagbag.py:541} INFO - Filling up the DagBag from /home/vscode/.local/lib/python3.10/site-packages/airflow/example_dags/example_dynamic_task_mapping.py
[2024-12-12T15:52:25.435+0000] {processor.py:836} INFO - DAG(s) dict_keys(['example_dynamic_task_mapping']) retrieved from /home/vscode/.local/lib/python3.10/site-packages/airflow/example_dags/example_dynamic_task_mapping.py
[2024-12-12T15:52:25.445+0000] {logging_mixin.py:150} INFO - [2024-12-12T15:52:25.445+0000] {dag.py:2742} INFO - Sync 1 DAGs
[2024-12-12T15:52:25.458+0000] {logging_mixin.py:150} INFO - [2024-12-12T15:52:25.458+0000] {dag.py:3504} INFO - Setting next_dagrun for example_dynamic_task_mapping to 2022-03-04T00:00:00+00:00, run_after=2022-03-05T00:00:00+00:00
[2024-12-12T15:52:25.472+0000] {processor.py:179} INFO - Processing /home/vscode/.local/lib/python3.10/site-packages/airflow/example_dags/example_dynamic_task_mapping.py took 0.045 seconds
[2024-12-12T15:53:09.357+0000] {processor.py:157} INFO - Started process (PID=42023) to work on /home/vscode/.local/lib/python3.10/site-packages/airflow/example_dags/example_dynamic_task_mapping.py
[2024-12-12T15:53:09.358+0000] {processor.py:826} INFO - Processing file /home/vscode/.local/lib/python3.10/site-packages/airflow/example_dags/example_dynamic_task_mapping.py for tasks to queue
[2024-12-12T15:53:09.358+0000] {logging_mixin.py:150} INFO - [2024-12-12T15:53:09.358+0000] {dagbag.py:541} INFO - Filling up the DagBag from /home/vscode/.local/lib/python3.10/site-packages/airflow/example_dags/example_dynamic_task_mapping.py
[2024-12-12T15:53:09.363+0000] {processor.py:836} INFO - DAG(s) dict_keys(['example_dynamic_task_mapping']) retrieved from /home/vscode/.local/lib/python3.10/site-packages/airflow/example_dags/example_dynamic_task_mapping.py
[2024-12-12T15:53:09.374+0000] {logging_mixin.py:150} INFO - [2024-12-12T15:53:09.373+0000] {dag.py:2742} INFO - Sync 1 DAGs
[2024-12-12T15:53:09.387+0000] {logging_mixin.py:150} INFO - [2024-12-12T15:53:09.386+0000] {dag.py:3504} INFO - Setting next_dagrun for example_dynamic_task_mapping to 2022-03-04T00:00:00+00:00, run_after=2022-03-05T00:00:00+00:00
[2024-12-12T15:53:09.402+0000] {processor.py:179} INFO - Processing /home/vscode/.local/lib/python3.10/site-packages/airflow/example_dags/example_dynamic_task_mapping.py took 0.047 seconds
[2024-12-12T15:53:51.543+0000] {processor.py:157} INFO - Started process (PID=42337) to work on /home/vscode/.local/lib/python3.10/site-packages/airflow/example_dags/example_dynamic_task_mapping.py
[2024-12-12T15:53:51.544+0000] {processor.py:826} INFO - Processing file /home/vscode/.local/lib/python3.10/site-packages/airflow/example_dags/example_dynamic_task_mapping.py for tasks to queue
[2024-12-12T15:53:51.545+0000] {logging_mixin.py:150} INFO - [2024-12-12T15:53:51.544+0000] {dagbag.py:541} INFO - Filling up the DagBag from /home/vscode/.local/lib/python3.10/site-packages/airflow/example_dags/example_dynamic_task_mapping.py
[2024-12-12T15:53:51.550+0000] {processor.py:836} INFO - DAG(s) dict_keys(['example_dynamic_task_mapping']) retrieved from /home/vscode/.local/lib/python3.10/site-packages/airflow/example_dags/example_dynamic_task_mapping.py
[2024-12-12T15:53:51.560+0000] {logging_mixin.py:150} INFO - [2024-12-12T15:53:51.560+0000] {dag.py:2742} INFO - Sync 1 DAGs
[2024-12-12T15:53:51.579+0000] {logging_mixin.py:150} INFO - [2024-12-12T15:53:51.579+0000] {dag.py:3504} INFO - Setting next_dagrun for example_dynamic_task_mapping to 2022-03-04T00:00:00+00:00, run_after=2022-03-05T00:00:00+00:00
[2024-12-12T15:53:51.596+0000] {processor.py:179} INFO - Processing /home/vscode/.local/lib/python3.10/site-packages/airflow/example_dags/example_dynamic_task_mapping.py took 0.055 seconds
[2024-12-12T15:54:41.031+0000] {processor.py:157} INFO - Started process (PID=42680) to work on /home/vscode/.local/lib/python3.10/site-packages/airflow/example_dags/example_dynamic_task_mapping.py
[2024-12-12T15:54:41.032+0000] {processor.py:826} INFO - Processing file /home/vscode/.local/lib/python3.10/site-packages/airflow/example_dags/example_dynamic_task_mapping.py for tasks to queue
[2024-12-12T15:54:41.032+0000] {logging_mixin.py:150} INFO - [2024-12-12T15:54:41.032+0000] {dagbag.py:541} INFO - Filling up the DagBag from /home/vscode/.local/lib/python3.10/site-packages/airflow/example_dags/example_dynamic_task_mapping.py
[2024-12-12T15:54:41.037+0000] {processor.py:836} INFO - DAG(s) dict_keys(['example_dynamic_task_mapping']) retrieved from /home/vscode/.local/lib/python3.10/site-packages/airflow/example_dags/example_dynamic_task_mapping.py
[2024-12-12T15:54:41.047+0000] {logging_mixin.py:150} INFO - [2024-12-12T15:54:41.047+0000] {dag.py:2742} INFO - Sync 1 DAGs
[2024-12-12T15:54:41.060+0000] {logging_mixin.py:150} INFO - [2024-12-12T15:54:41.060+0000] {dag.py:3504} INFO - Setting next_dagrun for example_dynamic_task_mapping to 2022-03-04T00:00:00+00:00, run_after=2022-03-05T00:00:00+00:00
[2024-12-12T15:54:41.075+0000] {processor.py:179} INFO - Processing /home/vscode/.local/lib/python3.10/site-packages/airflow/example_dags/example_dynamic_task_mapping.py took 0.046 seconds
[2024-12-12T15:55:24.719+0000] {processor.py:157} INFO - Started process (PID=42971) to work on /home/vscode/.local/lib/python3.10/site-packages/airflow/example_dags/example_dynamic_task_mapping.py
[2024-12-12T15:55:24.719+0000] {processor.py:826} INFO - Processing file /home/vscode/.local/lib/python3.10/site-packages/airflow/example_dags/example_dynamic_task_mapping.py for tasks to queue
[2024-12-12T15:55:24.720+0000] {logging_mixin.py:150} INFO - [2024-12-12T15:55:24.720+0000] {dagbag.py:541} INFO - Filling up the DagBag from /home/vscode/.local/lib/python3.10/site-packages/airflow/example_dags/example_dynamic_task_mapping.py
[2024-12-12T15:55:24.725+0000] {processor.py:836} INFO - DAG(s) dict_keys(['example_dynamic_task_mapping']) retrieved from /home/vscode/.local/lib/python3.10/site-packages/airflow/example_dags/example_dynamic_task_mapping.py
[2024-12-12T15:55:24.735+0000] {logging_mixin.py:150} INFO - [2024-12-12T15:55:24.735+0000] {dag.py:2742} INFO - Sync 1 DAGs
[2024-12-12T15:55:24.748+0000] {logging_mixin.py:150} INFO - [2024-12-12T15:55:24.748+0000] {dag.py:3504} INFO - Setting next_dagrun for example_dynamic_task_mapping to 2022-03-04T00:00:00+00:00, run_after=2022-03-05T00:00:00+00:00
[2024-12-12T15:55:24.762+0000] {processor.py:179} INFO - Processing /home/vscode/.local/lib/python3.10/site-packages/airflow/example_dags/example_dynamic_task_mapping.py took 0.045 seconds
[2024-12-12T15:56:13.320+0000] {processor.py:157} INFO - Started process (PID=43304) to work on /home/vscode/.local/lib/python3.10/site-packages/airflow/example_dags/example_dynamic_task_mapping.py
[2024-12-12T15:56:13.321+0000] {processor.py:826} INFO - Processing file /home/vscode/.local/lib/python3.10/site-packages/airflow/example_dags/example_dynamic_task_mapping.py for tasks to queue
[2024-12-12T15:56:13.321+0000] {logging_mixin.py:150} INFO - [2024-12-12T15:56:13.321+0000] {dagbag.py:541} INFO - Filling up the DagBag from /home/vscode/.local/lib/python3.10/site-packages/airflow/example_dags/example_dynamic_task_mapping.py
[2024-12-12T15:56:13.326+0000] {processor.py:836} INFO - DAG(s) dict_keys(['example_dynamic_task_mapping']) retrieved from /home/vscode/.local/lib/python3.10/site-packages/airflow/example_dags/example_dynamic_task_mapping.py
[2024-12-12T15:56:13.337+0000] {logging_mixin.py:150} INFO - [2024-12-12T15:56:13.337+0000] {dag.py:2742} INFO - Sync 1 DAGs
[2024-12-12T15:56:13.349+0000] {logging_mixin.py:150} INFO - [2024-12-12T15:56:13.349+0000] {dag.py:3504} INFO - Setting next_dagrun for example_dynamic_task_mapping to 2022-03-04T00:00:00+00:00, run_after=2022-03-05T00:00:00+00:00
[2024-12-12T15:56:13.363+0000] {processor.py:179} INFO - Processing /home/vscode/.local/lib/python3.10/site-packages/airflow/example_dags/example_dynamic_task_mapping.py took 0.045 seconds
[2024-12-12T15:57:04.690+0000] {processor.py:157} INFO - Started process (PID=43659) to work on /home/vscode/.local/lib/python3.10/site-packages/airflow/example_dags/example_dynamic_task_mapping.py
[2024-12-12T15:57:04.690+0000] {processor.py:826} INFO - Processing file /home/vscode/.local/lib/python3.10/site-packages/airflow/example_dags/example_dynamic_task_mapping.py for tasks to queue
[2024-12-12T15:57:04.691+0000] {logging_mixin.py:150} INFO - [2024-12-12T15:57:04.691+0000] {dagbag.py:541} INFO - Filling up the DagBag from /home/vscode/.local/lib/python3.10/site-packages/airflow/example_dags/example_dynamic_task_mapping.py
[2024-12-12T15:57:04.696+0000] {processor.py:836} INFO - DAG(s) dict_keys(['example_dynamic_task_mapping']) retrieved from /home/vscode/.local/lib/python3.10/site-packages/airflow/example_dags/example_dynamic_task_mapping.py
[2024-12-12T15:57:04.706+0000] {logging_mixin.py:150} INFO - [2024-12-12T15:57:04.706+0000] {dag.py:2742} INFO - Sync 1 DAGs
[2024-12-12T15:57:04.720+0000] {logging_mixin.py:150} INFO - [2024-12-12T15:57:04.720+0000] {dag.py:3504} INFO - Setting next_dagrun for example_dynamic_task_mapping to 2022-03-04T00:00:00+00:00, run_after=2022-03-05T00:00:00+00:00
[2024-12-12T15:57:04.734+0000] {processor.py:179} INFO - Processing /home/vscode/.local/lib/python3.10/site-packages/airflow/example_dags/example_dynamic_task_mapping.py took 0.046 seconds
[2024-12-12T15:57:50.415+0000] {processor.py:157} INFO - Started process (PID=43978) to work on /home/vscode/.local/lib/python3.10/site-packages/airflow/example_dags/example_dynamic_task_mapping.py
[2024-12-12T15:57:50.416+0000] {processor.py:826} INFO - Processing file /home/vscode/.local/lib/python3.10/site-packages/airflow/example_dags/example_dynamic_task_mapping.py for tasks to queue
[2024-12-12T15:57:50.417+0000] {logging_mixin.py:150} INFO - [2024-12-12T15:57:50.416+0000] {dagbag.py:541} INFO - Filling up the DagBag from /home/vscode/.local/lib/python3.10/site-packages/airflow/example_dags/example_dynamic_task_mapping.py
[2024-12-12T15:57:50.422+0000] {processor.py:836} INFO - DAG(s) dict_keys(['example_dynamic_task_mapping']) retrieved from /home/vscode/.local/lib/python3.10/site-packages/airflow/example_dags/example_dynamic_task_mapping.py
[2024-12-12T15:57:50.432+0000] {logging_mixin.py:150} INFO - [2024-12-12T15:57:50.432+0000] {dag.py:2742} INFO - Sync 1 DAGs
[2024-12-12T15:57:50.445+0000] {logging_mixin.py:150} INFO - [2024-12-12T15:57:50.444+0000] {dag.py:3504} INFO - Setting next_dagrun for example_dynamic_task_mapping to 2022-03-04T00:00:00+00:00, run_after=2022-03-05T00:00:00+00:00
[2024-12-12T15:57:50.457+0000] {processor.py:179} INFO - Processing /home/vscode/.local/lib/python3.10/site-packages/airflow/example_dags/example_dynamic_task_mapping.py took 0.044 seconds
[2024-12-12T15:58:38.912+0000] {processor.py:157} INFO - Started process (PID=44350) to work on /home/vscode/.local/lib/python3.10/site-packages/airflow/example_dags/example_dynamic_task_mapping.py
[2024-12-12T15:58:38.920+0000] {processor.py:826} INFO - Processing file /home/vscode/.local/lib/python3.10/site-packages/airflow/example_dags/example_dynamic_task_mapping.py for tasks to queue
[2024-12-12T15:58:38.921+0000] {logging_mixin.py:150} INFO - [2024-12-12T15:58:38.921+0000] {dagbag.py:541} INFO - Filling up the DagBag from /home/vscode/.local/lib/python3.10/site-packages/airflow/example_dags/example_dynamic_task_mapping.py
[2024-12-12T15:58:38.928+0000] {processor.py:836} INFO - DAG(s) dict_keys(['example_dynamic_task_mapping']) retrieved from /home/vscode/.local/lib/python3.10/site-packages/airflow/example_dags/example_dynamic_task_mapping.py
[2024-12-12T15:58:38.943+0000] {logging_mixin.py:150} INFO - [2024-12-12T15:58:38.943+0000] {dag.py:2742} INFO - Sync 1 DAGs
[2024-12-12T15:58:38.962+0000] {logging_mixin.py:150} INFO - [2024-12-12T15:58:38.962+0000] {dag.py:3504} INFO - Setting next_dagrun for example_dynamic_task_mapping to 2022-03-04T00:00:00+00:00, run_after=2022-03-05T00:00:00+00:00
[2024-12-12T15:58:38.976+0000] {processor.py:179} INFO - Processing /home/vscode/.local/lib/python3.10/site-packages/airflow/example_dags/example_dynamic_task_mapping.py took 0.067 seconds
[2024-12-12T15:59:21.110+0000] {processor.py:157} INFO - Started process (PID=44699) to work on /home/vscode/.local/lib/python3.10/site-packages/airflow/example_dags/example_dynamic_task_mapping.py
[2024-12-12T15:59:21.111+0000] {processor.py:826} INFO - Processing file /home/vscode/.local/lib/python3.10/site-packages/airflow/example_dags/example_dynamic_task_mapping.py for tasks to queue
[2024-12-12T15:59:21.111+0000] {logging_mixin.py:150} INFO - [2024-12-12T15:59:21.111+0000] {dagbag.py:541} INFO - Filling up the DagBag from /home/vscode/.local/lib/python3.10/site-packages/airflow/example_dags/example_dynamic_task_mapping.py
[2024-12-12T15:59:21.116+0000] {processor.py:836} INFO - DAG(s) dict_keys(['example_dynamic_task_mapping']) retrieved from /home/vscode/.local/lib/python3.10/site-packages/airflow/example_dags/example_dynamic_task_mapping.py
[2024-12-12T15:59:21.126+0000] {logging_mixin.py:150} INFO - [2024-12-12T15:59:21.126+0000] {dag.py:2742} INFO - Sync 1 DAGs
[2024-12-12T15:59:21.139+0000] {logging_mixin.py:150} INFO - [2024-12-12T15:59:21.139+0000] {dag.py:3504} INFO - Setting next_dagrun for example_dynamic_task_mapping to 2022-03-04T00:00:00+00:00, run_after=2022-03-05T00:00:00+00:00
[2024-12-12T15:59:21.153+0000] {processor.py:179} INFO - Processing /home/vscode/.local/lib/python3.10/site-packages/airflow/example_dags/example_dynamic_task_mapping.py took 0.045 seconds
[2024-12-12T16:00:16.468+0000] {processor.py:157} INFO - Started process (PID=45102) to work on /home/vscode/.local/lib/python3.10/site-packages/airflow/example_dags/example_dynamic_task_mapping.py
[2024-12-12T16:00:16.469+0000] {processor.py:826} INFO - Processing file /home/vscode/.local/lib/python3.10/site-packages/airflow/example_dags/example_dynamic_task_mapping.py for tasks to queue
[2024-12-12T16:00:16.469+0000] {logging_mixin.py:150} INFO - [2024-12-12T16:00:16.469+0000] {dagbag.py:541} INFO - Filling up the DagBag from /home/vscode/.local/lib/python3.10/site-packages/airflow/example_dags/example_dynamic_task_mapping.py
[2024-12-12T16:00:16.474+0000] {processor.py:836} INFO - DAG(s) dict_keys(['example_dynamic_task_mapping']) retrieved from /home/vscode/.local/lib/python3.10/site-packages/airflow/example_dags/example_dynamic_task_mapping.py
[2024-12-12T16:00:16.484+0000] {logging_mixin.py:150} INFO - [2024-12-12T16:00:16.484+0000] {dag.py:2742} INFO - Sync 1 DAGs
[2024-12-12T16:00:16.497+0000] {logging_mixin.py:150} INFO - [2024-12-12T16:00:16.497+0000] {dag.py:3504} INFO - Setting next_dagrun for example_dynamic_task_mapping to 2022-03-04T00:00:00+00:00, run_after=2022-03-05T00:00:00+00:00
[2024-12-12T16:00:16.510+0000] {processor.py:179} INFO - Processing /home/vscode/.local/lib/python3.10/site-packages/airflow/example_dags/example_dynamic_task_mapping.py took 0.044 seconds
[2024-12-12T16:01:01.577+0000] {processor.py:157} INFO - Started process (PID=45413) to work on /home/vscode/.local/lib/python3.10/site-packages/airflow/example_dags/example_dynamic_task_mapping.py
[2024-12-12T16:01:01.577+0000] {processor.py:826} INFO - Processing file /home/vscode/.local/lib/python3.10/site-packages/airflow/example_dags/example_dynamic_task_mapping.py for tasks to queue
[2024-12-12T16:01:01.578+0000] {logging_mixin.py:150} INFO - [2024-12-12T16:01:01.578+0000] {dagbag.py:541} INFO - Filling up the DagBag from /home/vscode/.local/lib/python3.10/site-packages/airflow/example_dags/example_dynamic_task_mapping.py
[2024-12-12T16:01:01.583+0000] {processor.py:836} INFO - DAG(s) dict_keys(['example_dynamic_task_mapping']) retrieved from /home/vscode/.local/lib/python3.10/site-packages/airflow/example_dags/example_dynamic_task_mapping.py
[2024-12-12T16:01:01.593+0000] {logging_mixin.py:150} INFO - [2024-12-12T16:01:01.593+0000] {dag.py:2742} INFO - Sync 1 DAGs
[2024-12-12T16:01:01.610+0000] {logging_mixin.py:150} INFO - [2024-12-12T16:01:01.610+0000] {dag.py:3504} INFO - Setting next_dagrun for example_dynamic_task_mapping to 2022-03-04T00:00:00+00:00, run_after=2022-03-05T00:00:00+00:00
[2024-12-12T16:01:01.630+0000] {processor.py:179} INFO - Processing /home/vscode/.local/lib/python3.10/site-packages/airflow/example_dags/example_dynamic_task_mapping.py took 0.055 seconds
[2024-12-12T16:01:47.293+0000] {processor.py:157} INFO - Started process (PID=45733) to work on /home/vscode/.local/lib/python3.10/site-packages/airflow/example_dags/example_dynamic_task_mapping.py
[2024-12-12T16:01:47.293+0000] {processor.py:826} INFO - Processing file /home/vscode/.local/lib/python3.10/site-packages/airflow/example_dags/example_dynamic_task_mapping.py for tasks to queue
[2024-12-12T16:01:47.294+0000] {logging_mixin.py:150} INFO - [2024-12-12T16:01:47.293+0000] {dagbag.py:541} INFO - Filling up the DagBag from /home/vscode/.local/lib/python3.10/site-packages/airflow/example_dags/example_dynamic_task_mapping.py
[2024-12-12T16:01:47.299+0000] {processor.py:836} INFO - DAG(s) dict_keys(['example_dynamic_task_mapping']) retrieved from /home/vscode/.local/lib/python3.10/site-packages/airflow/example_dags/example_dynamic_task_mapping.py
[2024-12-12T16:01:47.309+0000] {logging_mixin.py:150} INFO - [2024-12-12T16:01:47.309+0000] {dag.py:2742} INFO - Sync 1 DAGs
[2024-12-12T16:01:47.323+0000] {logging_mixin.py:150} INFO - [2024-12-12T16:01:47.322+0000] {dag.py:3504} INFO - Setting next_dagrun for example_dynamic_task_mapping to 2022-03-04T00:00:00+00:00, run_after=2022-03-05T00:00:00+00:00
[2024-12-12T16:01:47.336+0000] {processor.py:179} INFO - Processing /home/vscode/.local/lib/python3.10/site-packages/airflow/example_dags/example_dynamic_task_mapping.py took 0.046 seconds
[2024-12-12T16:02:28.800+0000] {processor.py:157} INFO - Started process (PID=46037) to work on /home/vscode/.local/lib/python3.10/site-packages/airflow/example_dags/example_dynamic_task_mapping.py
[2024-12-12T16:02:28.801+0000] {processor.py:826} INFO - Processing file /home/vscode/.local/lib/python3.10/site-packages/airflow/example_dags/example_dynamic_task_mapping.py for tasks to queue
[2024-12-12T16:02:28.802+0000] {logging_mixin.py:150} INFO - [2024-12-12T16:02:28.801+0000] {dagbag.py:541} INFO - Filling up the DagBag from /home/vscode/.local/lib/python3.10/site-packages/airflow/example_dags/example_dynamic_task_mapping.py
[2024-12-12T16:02:28.809+0000] {processor.py:836} INFO - DAG(s) dict_keys(['example_dynamic_task_mapping']) retrieved from /home/vscode/.local/lib/python3.10/site-packages/airflow/example_dags/example_dynamic_task_mapping.py
[2024-12-12T16:02:28.825+0000] {logging_mixin.py:150} INFO - [2024-12-12T16:02:28.825+0000] {dag.py:2742} INFO - Sync 1 DAGs
[2024-12-12T16:02:28.858+0000] {logging_mixin.py:150} INFO - [2024-12-12T16:02:28.858+0000] {dag.py:3504} INFO - Setting next_dagrun for example_dynamic_task_mapping to 2022-03-04T00:00:00+00:00, run_after=2022-03-05T00:00:00+00:00
[2024-12-12T16:02:28.872+0000] {processor.py:179} INFO - Processing /home/vscode/.local/lib/python3.10/site-packages/airflow/example_dags/example_dynamic_task_mapping.py took 0.074 seconds
[2024-12-12T16:03:12.165+0000] {processor.py:157} INFO - Started process (PID=46348) to work on /home/vscode/.local/lib/python3.10/site-packages/airflow/example_dags/example_dynamic_task_mapping.py
[2024-12-12T16:03:12.166+0000] {processor.py:826} INFO - Processing file /home/vscode/.local/lib/python3.10/site-packages/airflow/example_dags/example_dynamic_task_mapping.py for tasks to queue
[2024-12-12T16:03:12.166+0000] {logging_mixin.py:150} INFO - [2024-12-12T16:03:12.166+0000] {dagbag.py:541} INFO - Filling up the DagBag from /home/vscode/.local/lib/python3.10/site-packages/airflow/example_dags/example_dynamic_task_mapping.py
[2024-12-12T16:03:12.171+0000] {processor.py:836} INFO - DAG(s) dict_keys(['example_dynamic_task_mapping']) retrieved from /home/vscode/.local/lib/python3.10/site-packages/airflow/example_dags/example_dynamic_task_mapping.py
[2024-12-12T16:03:12.182+0000] {logging_mixin.py:150} INFO - [2024-12-12T16:03:12.182+0000] {dag.py:2742} INFO - Sync 1 DAGs
[2024-12-12T16:03:12.195+0000] {logging_mixin.py:150} INFO - [2024-12-12T16:03:12.195+0000] {dag.py:3504} INFO - Setting next_dagrun for example_dynamic_task_mapping to 2022-03-04T00:00:00+00:00, run_after=2022-03-05T00:00:00+00:00
[2024-12-12T16:03:12.209+0000] {processor.py:179} INFO - Processing /home/vscode/.local/lib/python3.10/site-packages/airflow/example_dags/example_dynamic_task_mapping.py took 0.045 seconds
