[2024-12-12T15:30:21.977+0000] {processor.py:157} INFO - Started process (PID=30761) to work on /home/vscode/.local/lib/python3.10/site-packages/airflow/example_dags/example_trigger_target_dag.py
[2024-12-12T15:30:21.977+0000] {processor.py:826} INFO - Processing file /home/vscode/.local/lib/python3.10/site-packages/airflow/example_dags/example_trigger_target_dag.py for tasks to queue
[2024-12-12T15:30:21.978+0000] {logging_mixin.py:150} INFO - [2024-12-12T15:30:21.977+0000] {dagbag.py:541} INFO - Filling up the DagBag from /home/vscode/.local/lib/python3.10/site-packages/airflow/example_dags/example_trigger_target_dag.py
[2024-12-12T15:30:21.983+0000] {processor.py:836} INFO - DAG(s) dict_keys(['example_trigger_target_dag']) retrieved from /home/vscode/.local/lib/python3.10/site-packages/airflow/example_dags/example_trigger_target_dag.py
[2024-12-12T15:30:22.126+0000] {logging_mixin.py:150} INFO - [2024-12-12T15:30:22.125+0000] {manager.py:504} INFO - Created Permission View: can delete on DAG:example_trigger_target_dag
[2024-12-12T15:30:22.133+0000] {logging_mixin.py:150} INFO - [2024-12-12T15:30:22.133+0000] {manager.py:504} INFO - Created Permission View: can read on DAG:example_trigger_target_dag
[2024-12-12T15:30:22.138+0000] {logging_mixin.py:150} INFO - [2024-12-12T15:30:22.138+0000] {manager.py:504} INFO - Created Permission View: can edit on DAG:example_trigger_target_dag
[2024-12-12T15:30:22.145+0000] {logging_mixin.py:150} INFO - [2024-12-12T15:30:22.145+0000] {dag.py:2742} INFO - Sync 1 DAGs
[2024-12-12T15:30:22.152+0000] {logging_mixin.py:150} INFO - [2024-12-12T15:30:22.152+0000] {dag.py:2763} INFO - Creating ORM DAG for example_trigger_target_dag
[2024-12-12T15:30:22.158+0000] {logging_mixin.py:150} INFO - [2024-12-12T15:30:22.158+0000] {dag.py:3504} INFO - Setting next_dagrun for example_trigger_target_dag to None, run_after=None
[2024-12-12T15:30:22.172+0000] {processor.py:179} INFO - Processing /home/vscode/.local/lib/python3.10/site-packages/airflow/example_dags/example_trigger_target_dag.py took 0.198 seconds
[2024-12-12T15:31:10.022+0000] {processor.py:157} INFO - Started process (PID=31126) to work on /home/vscode/.local/lib/python3.10/site-packages/airflow/example_dags/example_trigger_target_dag.py
[2024-12-12T15:31:10.023+0000] {processor.py:826} INFO - Processing file /home/vscode/.local/lib/python3.10/site-packages/airflow/example_dags/example_trigger_target_dag.py for tasks to queue
[2024-12-12T15:31:10.023+0000] {logging_mixin.py:150} INFO - [2024-12-12T15:31:10.023+0000] {dagbag.py:541} INFO - Filling up the DagBag from /home/vscode/.local/lib/python3.10/site-packages/airflow/example_dags/example_trigger_target_dag.py
[2024-12-12T15:31:10.027+0000] {processor.py:836} INFO - DAG(s) dict_keys(['example_trigger_target_dag']) retrieved from /home/vscode/.local/lib/python3.10/site-packages/airflow/example_dags/example_trigger_target_dag.py
[2024-12-12T15:31:10.038+0000] {logging_mixin.py:150} INFO - [2024-12-12T15:31:10.038+0000] {dag.py:2742} INFO - Sync 1 DAGs
[2024-12-12T15:31:10.051+0000] {logging_mixin.py:150} INFO - [2024-12-12T15:31:10.051+0000] {dag.py:3504} INFO - Setting next_dagrun for example_trigger_target_dag to None, run_after=None
[2024-12-12T15:31:10.066+0000] {processor.py:179} INFO - Processing /home/vscode/.local/lib/python3.10/site-packages/airflow/example_dags/example_trigger_target_dag.py took 0.046 seconds
[2024-12-12T15:31:54.885+0000] {processor.py:157} INFO - Started process (PID=31510) to work on /home/vscode/.local/lib/python3.10/site-packages/airflow/example_dags/example_trigger_target_dag.py
[2024-12-12T15:31:54.885+0000] {processor.py:826} INFO - Processing file /home/vscode/.local/lib/python3.10/site-packages/airflow/example_dags/example_trigger_target_dag.py for tasks to queue
[2024-12-12T15:31:54.886+0000] {logging_mixin.py:150} INFO - [2024-12-12T15:31:54.886+0000] {dagbag.py:541} INFO - Filling up the DagBag from /home/vscode/.local/lib/python3.10/site-packages/airflow/example_dags/example_trigger_target_dag.py
[2024-12-12T15:31:54.890+0000] {processor.py:836} INFO - DAG(s) dict_keys(['example_trigger_target_dag']) retrieved from /home/vscode/.local/lib/python3.10/site-packages/airflow/example_dags/example_trigger_target_dag.py
[2024-12-12T15:31:54.903+0000] {logging_mixin.py:150} INFO - [2024-12-12T15:31:54.903+0000] {dag.py:2742} INFO - Sync 1 DAGs
[2024-12-12T15:31:54.917+0000] {logging_mixin.py:150} INFO - [2024-12-12T15:31:54.917+0000] {dag.py:3504} INFO - Setting next_dagrun for example_trigger_target_dag to None, run_after=None
[2024-12-12T15:31:54.931+0000] {processor.py:179} INFO - Processing /home/vscode/.local/lib/python3.10/site-packages/airflow/example_dags/example_trigger_target_dag.py took 0.049 seconds
[2024-12-12T15:32:35.631+0000] {processor.py:157} INFO - Started process (PID=31817) to work on /home/vscode/.local/lib/python3.10/site-packages/airflow/example_dags/example_trigger_target_dag.py
[2024-12-12T15:32:35.632+0000] {processor.py:826} INFO - Processing file /home/vscode/.local/lib/python3.10/site-packages/airflow/example_dags/example_trigger_target_dag.py for tasks to queue
[2024-12-12T15:32:35.633+0000] {logging_mixin.py:150} INFO - [2024-12-12T15:32:35.632+0000] {dagbag.py:541} INFO - Filling up the DagBag from /home/vscode/.local/lib/python3.10/site-packages/airflow/example_dags/example_trigger_target_dag.py
[2024-12-12T15:32:35.637+0000] {processor.py:836} INFO - DAG(s) dict_keys(['example_trigger_target_dag']) retrieved from /home/vscode/.local/lib/python3.10/site-packages/airflow/example_dags/example_trigger_target_dag.py
[2024-12-12T15:32:35.647+0000] {logging_mixin.py:150} INFO - [2024-12-12T15:32:35.647+0000] {dag.py:2742} INFO - Sync 1 DAGs
[2024-12-12T15:32:35.660+0000] {logging_mixin.py:150} INFO - [2024-12-12T15:32:35.660+0000] {dag.py:3504} INFO - Setting next_dagrun for example_trigger_target_dag to None, run_after=None
[2024-12-12T15:32:35.674+0000] {processor.py:179} INFO - Processing /home/vscode/.local/lib/python3.10/site-packages/airflow/example_dags/example_trigger_target_dag.py took 0.045 seconds
[2024-12-12T15:33:09.082+0000] {processor.py:157} INFO - Started process (PID=32072) to work on /home/vscode/.local/lib/python3.10/site-packages/airflow/example_dags/example_trigger_target_dag.py
[2024-12-12T15:33:09.083+0000] {processor.py:826} INFO - Processing file /home/vscode/.local/lib/python3.10/site-packages/airflow/example_dags/example_trigger_target_dag.py for tasks to queue
[2024-12-12T15:33:09.083+0000] {logging_mixin.py:150} INFO - [2024-12-12T15:33:09.083+0000] {dagbag.py:541} INFO - Filling up the DagBag from /home/vscode/.local/lib/python3.10/site-packages/airflow/example_dags/example_trigger_target_dag.py
[2024-12-12T15:33:09.088+0000] {processor.py:836} INFO - DAG(s) dict_keys(['example_trigger_target_dag']) retrieved from /home/vscode/.local/lib/python3.10/site-packages/airflow/example_dags/example_trigger_target_dag.py
[2024-12-12T15:33:09.099+0000] {logging_mixin.py:150} INFO - [2024-12-12T15:33:09.098+0000] {dag.py:2742} INFO - Sync 1 DAGs
[2024-12-12T15:33:09.112+0000] {logging_mixin.py:150} INFO - [2024-12-12T15:33:09.112+0000] {dag.py:3504} INFO - Setting next_dagrun for example_trigger_target_dag to None, run_after=None
[2024-12-12T15:33:09.126+0000] {processor.py:179} INFO - Processing /home/vscode/.local/lib/python3.10/site-packages/airflow/example_dags/example_trigger_target_dag.py took 0.046 seconds
[2024-12-12T15:33:51.307+0000] {processor.py:157} INFO - Started process (PID=32378) to work on /home/vscode/.local/lib/python3.10/site-packages/airflow/example_dags/example_trigger_target_dag.py
[2024-12-12T15:33:51.308+0000] {processor.py:826} INFO - Processing file /home/vscode/.local/lib/python3.10/site-packages/airflow/example_dags/example_trigger_target_dag.py for tasks to queue
[2024-12-12T15:33:51.308+0000] {logging_mixin.py:150} INFO - [2024-12-12T15:33:51.308+0000] {dagbag.py:541} INFO - Filling up the DagBag from /home/vscode/.local/lib/python3.10/site-packages/airflow/example_dags/example_trigger_target_dag.py
[2024-12-12T15:33:51.312+0000] {processor.py:836} INFO - DAG(s) dict_keys(['example_trigger_target_dag']) retrieved from /home/vscode/.local/lib/python3.10/site-packages/airflow/example_dags/example_trigger_target_dag.py
[2024-12-12T15:33:51.323+0000] {logging_mixin.py:150} INFO - [2024-12-12T15:33:51.323+0000] {dag.py:2742} INFO - Sync 1 DAGs
[2024-12-12T15:33:51.339+0000] {logging_mixin.py:150} INFO - [2024-12-12T15:33:51.339+0000] {dag.py:3504} INFO - Setting next_dagrun for example_trigger_target_dag to None, run_after=None
[2024-12-12T15:33:51.353+0000] {processor.py:179} INFO - Processing /home/vscode/.local/lib/python3.10/site-packages/airflow/example_dags/example_trigger_target_dag.py took 0.048 seconds
[2024-12-12T15:34:33.970+0000] {processor.py:157} INFO - Started process (PID=32668) to work on /home/vscode/.local/lib/python3.10/site-packages/airflow/example_dags/example_trigger_target_dag.py
[2024-12-12T15:34:33.971+0000] {processor.py:826} INFO - Processing file /home/vscode/.local/lib/python3.10/site-packages/airflow/example_dags/example_trigger_target_dag.py for tasks to queue
[2024-12-12T15:34:33.971+0000] {logging_mixin.py:150} INFO - [2024-12-12T15:34:33.971+0000] {dagbag.py:541} INFO - Filling up the DagBag from /home/vscode/.local/lib/python3.10/site-packages/airflow/example_dags/example_trigger_target_dag.py
[2024-12-12T15:34:33.976+0000] {processor.py:836} INFO - DAG(s) dict_keys(['example_trigger_target_dag']) retrieved from /home/vscode/.local/lib/python3.10/site-packages/airflow/example_dags/example_trigger_target_dag.py
[2024-12-12T15:34:33.986+0000] {logging_mixin.py:150} INFO - [2024-12-12T15:34:33.986+0000] {dag.py:2742} INFO - Sync 1 DAGs
[2024-12-12T15:34:33.999+0000] {logging_mixin.py:150} INFO - [2024-12-12T15:34:33.999+0000] {dag.py:3504} INFO - Setting next_dagrun for example_trigger_target_dag to None, run_after=None
[2024-12-12T15:34:34.013+0000] {processor.py:179} INFO - Processing /home/vscode/.local/lib/python3.10/site-packages/airflow/example_dags/example_trigger_target_dag.py took 0.044 seconds
[2024-12-12T15:35:10.998+0000] {processor.py:157} INFO - Started process (PID=32927) to work on /home/vscode/.local/lib/python3.10/site-packages/airflow/example_dags/example_trigger_target_dag.py
[2024-12-12T15:35:10.998+0000] {processor.py:826} INFO - Processing file /home/vscode/.local/lib/python3.10/site-packages/airflow/example_dags/example_trigger_target_dag.py for tasks to queue
[2024-12-12T15:35:10.999+0000] {logging_mixin.py:150} INFO - [2024-12-12T15:35:10.999+0000] {dagbag.py:541} INFO - Filling up the DagBag from /home/vscode/.local/lib/python3.10/site-packages/airflow/example_dags/example_trigger_target_dag.py
[2024-12-12T15:35:11.003+0000] {processor.py:836} INFO - DAG(s) dict_keys(['example_trigger_target_dag']) retrieved from /home/vscode/.local/lib/python3.10/site-packages/airflow/example_dags/example_trigger_target_dag.py
[2024-12-12T15:35:11.014+0000] {logging_mixin.py:150} INFO - [2024-12-12T15:35:11.014+0000] {dag.py:2742} INFO - Sync 1 DAGs
[2024-12-12T15:35:11.027+0000] {logging_mixin.py:150} INFO - [2024-12-12T15:35:11.027+0000] {dag.py:3504} INFO - Setting next_dagrun for example_trigger_target_dag to None, run_after=None
[2024-12-12T15:35:11.042+0000] {processor.py:179} INFO - Processing /home/vscode/.local/lib/python3.10/site-packages/airflow/example_dags/example_trigger_target_dag.py took 0.046 seconds
[2024-12-12T15:35:52.661+0000] {processor.py:157} INFO - Started process (PID=33238) to work on /home/vscode/.local/lib/python3.10/site-packages/airflow/example_dags/example_trigger_target_dag.py
[2024-12-12T15:35:52.662+0000] {processor.py:826} INFO - Processing file /home/vscode/.local/lib/python3.10/site-packages/airflow/example_dags/example_trigger_target_dag.py for tasks to queue
[2024-12-12T15:35:52.663+0000] {logging_mixin.py:150} INFO - [2024-12-12T15:35:52.662+0000] {dagbag.py:541} INFO - Filling up the DagBag from /home/vscode/.local/lib/python3.10/site-packages/airflow/example_dags/example_trigger_target_dag.py
[2024-12-12T15:35:52.667+0000] {processor.py:836} INFO - DAG(s) dict_keys(['example_trigger_target_dag']) retrieved from /home/vscode/.local/lib/python3.10/site-packages/airflow/example_dags/example_trigger_target_dag.py
[2024-12-12T15:35:52.677+0000] {logging_mixin.py:150} INFO - [2024-12-12T15:35:52.677+0000] {dag.py:2742} INFO - Sync 1 DAGs
[2024-12-12T15:35:52.690+0000] {logging_mixin.py:150} INFO - [2024-12-12T15:35:52.690+0000] {dag.py:3504} INFO - Setting next_dagrun for example_trigger_target_dag to None, run_after=None
[2024-12-12T15:35:52.706+0000] {processor.py:179} INFO - Processing /home/vscode/.local/lib/python3.10/site-packages/airflow/example_dags/example_trigger_target_dag.py took 0.046 seconds
[2024-12-12T15:36:32.159+0000] {processor.py:157} INFO - Started process (PID=33742) to work on /home/vscode/.local/lib/python3.10/site-packages/airflow/example_dags/example_trigger_target_dag.py
[2024-12-12T15:36:32.160+0000] {processor.py:826} INFO - Processing file /home/vscode/.local/lib/python3.10/site-packages/airflow/example_dags/example_trigger_target_dag.py for tasks to queue
[2024-12-12T15:36:32.161+0000] {logging_mixin.py:150} INFO - [2024-12-12T15:36:32.160+0000] {dagbag.py:541} INFO - Filling up the DagBag from /home/vscode/.local/lib/python3.10/site-packages/airflow/example_dags/example_trigger_target_dag.py
[2024-12-12T15:36:32.165+0000] {processor.py:836} INFO - DAG(s) dict_keys(['example_trigger_target_dag']) retrieved from /home/vscode/.local/lib/python3.10/site-packages/airflow/example_dags/example_trigger_target_dag.py
[2024-12-12T15:36:32.176+0000] {logging_mixin.py:150} INFO - [2024-12-12T15:36:32.175+0000] {dag.py:2742} INFO - Sync 1 DAGs
[2024-12-12T15:36:32.189+0000] {logging_mixin.py:150} INFO - [2024-12-12T15:36:32.189+0000] {dag.py:3504} INFO - Setting next_dagrun for example_trigger_target_dag to None, run_after=None
[2024-12-12T15:36:32.203+0000] {processor.py:179} INFO - Processing /home/vscode/.local/lib/python3.10/site-packages/airflow/example_dags/example_trigger_target_dag.py took 0.046 seconds
[2024-12-12T15:37:12.523+0000] {processor.py:157} INFO - Started process (PID=34100) to work on /home/vscode/.local/lib/python3.10/site-packages/airflow/example_dags/example_trigger_target_dag.py
[2024-12-12T15:37:12.524+0000] {processor.py:826} INFO - Processing file /home/vscode/.local/lib/python3.10/site-packages/airflow/example_dags/example_trigger_target_dag.py for tasks to queue
[2024-12-12T15:37:12.524+0000] {logging_mixin.py:150} INFO - [2024-12-12T15:37:12.524+0000] {dagbag.py:541} INFO - Filling up the DagBag from /home/vscode/.local/lib/python3.10/site-packages/airflow/example_dags/example_trigger_target_dag.py
[2024-12-12T15:37:12.529+0000] {processor.py:836} INFO - DAG(s) dict_keys(['example_trigger_target_dag']) retrieved from /home/vscode/.local/lib/python3.10/site-packages/airflow/example_dags/example_trigger_target_dag.py
[2024-12-12T15:37:12.539+0000] {logging_mixin.py:150} INFO - [2024-12-12T15:37:12.539+0000] {dag.py:2742} INFO - Sync 1 DAGs
[2024-12-12T15:37:12.552+0000] {logging_mixin.py:150} INFO - [2024-12-12T15:37:12.551+0000] {dag.py:3504} INFO - Setting next_dagrun for example_trigger_target_dag to None, run_after=None
[2024-12-12T15:37:12.565+0000] {processor.py:179} INFO - Processing /home/vscode/.local/lib/python3.10/site-packages/airflow/example_dags/example_trigger_target_dag.py took 0.044 seconds
[2024-12-12T15:37:59.015+0000] {processor.py:157} INFO - Started process (PID=34442) to work on /home/vscode/.local/lib/python3.10/site-packages/airflow/example_dags/example_trigger_target_dag.py
[2024-12-12T15:37:59.016+0000] {processor.py:826} INFO - Processing file /home/vscode/.local/lib/python3.10/site-packages/airflow/example_dags/example_trigger_target_dag.py for tasks to queue
[2024-12-12T15:37:59.016+0000] {logging_mixin.py:150} INFO - [2024-12-12T15:37:59.016+0000] {dagbag.py:541} INFO - Filling up the DagBag from /home/vscode/.local/lib/python3.10/site-packages/airflow/example_dags/example_trigger_target_dag.py
[2024-12-12T15:37:59.020+0000] {processor.py:836} INFO - DAG(s) dict_keys(['example_trigger_target_dag']) retrieved from /home/vscode/.local/lib/python3.10/site-packages/airflow/example_dags/example_trigger_target_dag.py
[2024-12-12T15:37:59.031+0000] {logging_mixin.py:150} INFO - [2024-12-12T15:37:59.031+0000] {dag.py:2742} INFO - Sync 1 DAGs
[2024-12-12T15:37:59.044+0000] {logging_mixin.py:150} INFO - [2024-12-12T15:37:59.044+0000] {dag.py:3504} INFO - Setting next_dagrun for example_trigger_target_dag to None, run_after=None
[2024-12-12T15:37:59.057+0000] {processor.py:179} INFO - Processing /home/vscode/.local/lib/python3.10/site-packages/airflow/example_dags/example_trigger_target_dag.py took 0.045 seconds
[2024-12-12T15:38:40.732+0000] {processor.py:157} INFO - Started process (PID=34824) to work on /home/vscode/.local/lib/python3.10/site-packages/airflow/example_dags/example_trigger_target_dag.py
[2024-12-12T15:38:40.733+0000] {processor.py:826} INFO - Processing file /home/vscode/.local/lib/python3.10/site-packages/airflow/example_dags/example_trigger_target_dag.py for tasks to queue
[2024-12-12T15:38:40.733+0000] {logging_mixin.py:150} INFO - [2024-12-12T15:38:40.733+0000] {dagbag.py:541} INFO - Filling up the DagBag from /home/vscode/.local/lib/python3.10/site-packages/airflow/example_dags/example_trigger_target_dag.py
[2024-12-12T15:38:40.739+0000] {processor.py:836} INFO - DAG(s) dict_keys(['example_trigger_target_dag']) retrieved from /home/vscode/.local/lib/python3.10/site-packages/airflow/example_dags/example_trigger_target_dag.py
[2024-12-12T15:38:40.754+0000] {logging_mixin.py:150} INFO - [2024-12-12T15:38:40.754+0000] {dag.py:2742} INFO - Sync 1 DAGs
[2024-12-12T15:38:40.775+0000] {logging_mixin.py:150} INFO - [2024-12-12T15:38:40.775+0000] {dag.py:3504} INFO - Setting next_dagrun for example_trigger_target_dag to None, run_after=None
[2024-12-12T15:38:40.795+0000] {processor.py:179} INFO - Processing /home/vscode/.local/lib/python3.10/site-packages/airflow/example_dags/example_trigger_target_dag.py took 0.066 seconds
[2024-12-12T15:38:46.134+0000] {processor.py:157} INFO - Started process (PID=34903) to work on /home/vscode/.local/lib/python3.10/site-packages/airflow/example_dags/example_trigger_target_dag.py
[2024-12-12T15:38:46.134+0000] {processor.py:826} INFO - Processing file /home/vscode/.local/lib/python3.10/site-packages/airflow/example_dags/example_trigger_target_dag.py for tasks to queue
[2024-12-12T15:38:46.135+0000] {logging_mixin.py:150} INFO - [2024-12-12T15:38:46.134+0000] {dagbag.py:541} INFO - Filling up the DagBag from /home/vscode/.local/lib/python3.10/site-packages/airflow/example_dags/example_trigger_target_dag.py
[2024-12-12T15:38:46.140+0000] {processor.py:836} INFO - DAG(s) dict_keys(['example_trigger_target_dag']) retrieved from /home/vscode/.local/lib/python3.10/site-packages/airflow/example_dags/example_trigger_target_dag.py
[2024-12-12T15:38:46.156+0000] {logging_mixin.py:150} INFO - [2024-12-12T15:38:46.156+0000] {dag.py:2742} INFO - Sync 1 DAGs
[2024-12-12T15:38:46.248+0000] {logging_mixin.py:150} INFO - [2024-12-12T15:38:46.248+0000] {dag.py:3504} INFO - Setting next_dagrun for example_trigger_target_dag to None, run_after=None
[2024-12-12T15:38:46.261+0000] {processor.py:179} INFO - Processing /home/vscode/.local/lib/python3.10/site-packages/airflow/example_dags/example_trigger_target_dag.py took 0.129 seconds
[2024-12-12T15:39:32.783+0000] {processor.py:157} INFO - Started process (PID=35442) to work on /home/vscode/.local/lib/python3.10/site-packages/airflow/example_dags/example_trigger_target_dag.py
[2024-12-12T15:39:32.784+0000] {processor.py:826} INFO - Processing file /home/vscode/.local/lib/python3.10/site-packages/airflow/example_dags/example_trigger_target_dag.py for tasks to queue
[2024-12-12T15:39:32.785+0000] {logging_mixin.py:150} INFO - [2024-12-12T15:39:32.784+0000] {dagbag.py:541} INFO - Filling up the DagBag from /home/vscode/.local/lib/python3.10/site-packages/airflow/example_dags/example_trigger_target_dag.py
[2024-12-12T15:39:32.789+0000] {processor.py:836} INFO - DAG(s) dict_keys(['example_trigger_target_dag']) retrieved from /home/vscode/.local/lib/python3.10/site-packages/airflow/example_dags/example_trigger_target_dag.py
[2024-12-12T15:39:32.799+0000] {logging_mixin.py:150} INFO - [2024-12-12T15:39:32.799+0000] {dag.py:2742} INFO - Sync 1 DAGs
[2024-12-12T15:39:32.812+0000] {logging_mixin.py:150} INFO - [2024-12-12T15:39:32.812+0000] {dag.py:3504} INFO - Setting next_dagrun for example_trigger_target_dag to None, run_after=None
[2024-12-12T15:39:32.827+0000] {processor.py:179} INFO - Processing /home/vscode/.local/lib/python3.10/site-packages/airflow/example_dags/example_trigger_target_dag.py took 0.046 seconds
[2024-12-12T15:40:17.281+0000] {processor.py:157} INFO - Started process (PID=35850) to work on /home/vscode/.local/lib/python3.10/site-packages/airflow/example_dags/example_trigger_target_dag.py
[2024-12-12T15:40:17.282+0000] {processor.py:826} INFO - Processing file /home/vscode/.local/lib/python3.10/site-packages/airflow/example_dags/example_trigger_target_dag.py for tasks to queue
[2024-12-12T15:40:17.282+0000] {logging_mixin.py:150} INFO - [2024-12-12T15:40:17.282+0000] {dagbag.py:541} INFO - Filling up the DagBag from /home/vscode/.local/lib/python3.10/site-packages/airflow/example_dags/example_trigger_target_dag.py
[2024-12-12T15:40:17.287+0000] {processor.py:836} INFO - DAG(s) dict_keys(['example_trigger_target_dag']) retrieved from /home/vscode/.local/lib/python3.10/site-packages/airflow/example_dags/example_trigger_target_dag.py
[2024-12-12T15:40:17.297+0000] {logging_mixin.py:150} INFO - [2024-12-12T15:40:17.297+0000] {dag.py:2742} INFO - Sync 1 DAGs
[2024-12-12T15:40:17.310+0000] {logging_mixin.py:150} INFO - [2024-12-12T15:40:17.310+0000] {dag.py:3504} INFO - Setting next_dagrun for example_trigger_target_dag to None, run_after=None
[2024-12-12T15:40:17.324+0000] {processor.py:179} INFO - Processing /home/vscode/.local/lib/python3.10/site-packages/airflow/example_dags/example_trigger_target_dag.py took 0.045 seconds
[2024-12-12T15:40:58.470+0000] {processor.py:157} INFO - Started process (PID=36243) to work on /home/vscode/.local/lib/python3.10/site-packages/airflow/example_dags/example_trigger_target_dag.py
[2024-12-12T15:40:58.470+0000] {processor.py:826} INFO - Processing file /home/vscode/.local/lib/python3.10/site-packages/airflow/example_dags/example_trigger_target_dag.py for tasks to queue
[2024-12-12T15:40:58.471+0000] {logging_mixin.py:150} INFO - [2024-12-12T15:40:58.471+0000] {dagbag.py:541} INFO - Filling up the DagBag from /home/vscode/.local/lib/python3.10/site-packages/airflow/example_dags/example_trigger_target_dag.py
[2024-12-12T15:40:58.475+0000] {processor.py:836} INFO - DAG(s) dict_keys(['example_trigger_target_dag']) retrieved from /home/vscode/.local/lib/python3.10/site-packages/airflow/example_dags/example_trigger_target_dag.py
[2024-12-12T15:40:58.485+0000] {logging_mixin.py:150} INFO - [2024-12-12T15:40:58.485+0000] {dag.py:2742} INFO - Sync 1 DAGs
[2024-12-12T15:40:58.498+0000] {logging_mixin.py:150} INFO - [2024-12-12T15:40:58.498+0000] {dag.py:3504} INFO - Setting next_dagrun for example_trigger_target_dag to None, run_after=None
[2024-12-12T15:40:58.512+0000] {processor.py:179} INFO - Processing /home/vscode/.local/lib/python3.10/site-packages/airflow/example_dags/example_trigger_target_dag.py took 0.045 seconds
[2024-12-12T15:41:41.414+0000] {processor.py:157} INFO - Started process (PID=36588) to work on /home/vscode/.local/lib/python3.10/site-packages/airflow/example_dags/example_trigger_target_dag.py
[2024-12-12T15:41:41.414+0000] {processor.py:826} INFO - Processing file /home/vscode/.local/lib/python3.10/site-packages/airflow/example_dags/example_trigger_target_dag.py for tasks to queue
[2024-12-12T15:41:41.415+0000] {logging_mixin.py:150} INFO - [2024-12-12T15:41:41.415+0000] {dagbag.py:541} INFO - Filling up the DagBag from /home/vscode/.local/lib/python3.10/site-packages/airflow/example_dags/example_trigger_target_dag.py
[2024-12-12T15:41:41.419+0000] {processor.py:836} INFO - DAG(s) dict_keys(['example_trigger_target_dag']) retrieved from /home/vscode/.local/lib/python3.10/site-packages/airflow/example_dags/example_trigger_target_dag.py
[2024-12-12T15:41:41.430+0000] {logging_mixin.py:150} INFO - [2024-12-12T15:41:41.430+0000] {dag.py:2742} INFO - Sync 1 DAGs
[2024-12-12T15:41:41.443+0000] {logging_mixin.py:150} INFO - [2024-12-12T15:41:41.443+0000] {dag.py:3504} INFO - Setting next_dagrun for example_trigger_target_dag to None, run_after=None
[2024-12-12T15:41:41.457+0000] {processor.py:179} INFO - Processing /home/vscode/.local/lib/python3.10/site-packages/airflow/example_dags/example_trigger_target_dag.py took 0.045 seconds
[2024-12-12T15:42:24.160+0000] {processor.py:157} INFO - Started process (PID=36977) to work on /home/vscode/.local/lib/python3.10/site-packages/airflow/example_dags/example_trigger_target_dag.py
[2024-12-12T15:42:24.161+0000] {processor.py:826} INFO - Processing file /home/vscode/.local/lib/python3.10/site-packages/airflow/example_dags/example_trigger_target_dag.py for tasks to queue
[2024-12-12T15:42:24.161+0000] {logging_mixin.py:150} INFO - [2024-12-12T15:42:24.161+0000] {dagbag.py:541} INFO - Filling up the DagBag from /home/vscode/.local/lib/python3.10/site-packages/airflow/example_dags/example_trigger_target_dag.py
[2024-12-12T15:42:24.166+0000] {processor.py:836} INFO - DAG(s) dict_keys(['example_trigger_target_dag']) retrieved from /home/vscode/.local/lib/python3.10/site-packages/airflow/example_dags/example_trigger_target_dag.py
[2024-12-12T15:42:24.176+0000] {logging_mixin.py:150} INFO - [2024-12-12T15:42:24.176+0000] {dag.py:2742} INFO - Sync 1 DAGs
[2024-12-12T15:42:24.189+0000] {logging_mixin.py:150} INFO - [2024-12-12T15:42:24.189+0000] {dag.py:3504} INFO - Setting next_dagrun for example_trigger_target_dag to None, run_after=None
[2024-12-12T15:42:24.204+0000] {processor.py:179} INFO - Processing /home/vscode/.local/lib/python3.10/site-packages/airflow/example_dags/example_trigger_target_dag.py took 0.046 seconds
[2024-12-12T15:42:56.754+0000] {processor.py:157} INFO - Started process (PID=37229) to work on /home/vscode/.local/lib/python3.10/site-packages/airflow/example_dags/example_trigger_target_dag.py
[2024-12-12T15:42:56.755+0000] {processor.py:826} INFO - Processing file /home/vscode/.local/lib/python3.10/site-packages/airflow/example_dags/example_trigger_target_dag.py for tasks to queue
[2024-12-12T15:42:56.756+0000] {logging_mixin.py:150} INFO - [2024-12-12T15:42:56.755+0000] {dagbag.py:541} INFO - Filling up the DagBag from /home/vscode/.local/lib/python3.10/site-packages/airflow/example_dags/example_trigger_target_dag.py
[2024-12-12T15:42:56.760+0000] {processor.py:836} INFO - DAG(s) dict_keys(['example_trigger_target_dag']) retrieved from /home/vscode/.local/lib/python3.10/site-packages/airflow/example_dags/example_trigger_target_dag.py
[2024-12-12T15:42:56.772+0000] {logging_mixin.py:150} INFO - [2024-12-12T15:42:56.772+0000] {dag.py:2742} INFO - Sync 1 DAGs
[2024-12-12T15:42:56.788+0000] {logging_mixin.py:150} INFO - [2024-12-12T15:42:56.788+0000] {dag.py:3504} INFO - Setting next_dagrun for example_trigger_target_dag to None, run_after=None
[2024-12-12T15:42:56.802+0000] {processor.py:179} INFO - Processing /home/vscode/.local/lib/python3.10/site-packages/airflow/example_dags/example_trigger_target_dag.py took 0.049 seconds
[2024-12-12T15:43:39.396+0000] {processor.py:157} INFO - Started process (PID=37564) to work on /home/vscode/.local/lib/python3.10/site-packages/airflow/example_dags/example_trigger_target_dag.py
[2024-12-12T15:43:39.397+0000] {processor.py:826} INFO - Processing file /home/vscode/.local/lib/python3.10/site-packages/airflow/example_dags/example_trigger_target_dag.py for tasks to queue
[2024-12-12T15:43:39.397+0000] {logging_mixin.py:150} INFO - [2024-12-12T15:43:39.397+0000] {dagbag.py:541} INFO - Filling up the DagBag from /home/vscode/.local/lib/python3.10/site-packages/airflow/example_dags/example_trigger_target_dag.py
[2024-12-12T15:43:39.401+0000] {processor.py:836} INFO - DAG(s) dict_keys(['example_trigger_target_dag']) retrieved from /home/vscode/.local/lib/python3.10/site-packages/airflow/example_dags/example_trigger_target_dag.py
[2024-12-12T15:43:39.412+0000] {logging_mixin.py:150} INFO - [2024-12-12T15:43:39.412+0000] {dag.py:2742} INFO - Sync 1 DAGs
[2024-12-12T15:43:39.426+0000] {logging_mixin.py:150} INFO - [2024-12-12T15:43:39.425+0000] {dag.py:3504} INFO - Setting next_dagrun for example_trigger_target_dag to None, run_after=None
[2024-12-12T15:43:39.440+0000] {processor.py:179} INFO - Processing /home/vscode/.local/lib/python3.10/site-packages/airflow/example_dags/example_trigger_target_dag.py took 0.047 seconds
[2024-12-12T15:44:20.452+0000] {processor.py:157} INFO - Started process (PID=37908) to work on /home/vscode/.local/lib/python3.10/site-packages/airflow/example_dags/example_trigger_target_dag.py
[2024-12-12T15:44:20.452+0000] {processor.py:826} INFO - Processing file /home/vscode/.local/lib/python3.10/site-packages/airflow/example_dags/example_trigger_target_dag.py for tasks to queue
[2024-12-12T15:44:20.453+0000] {logging_mixin.py:150} INFO - [2024-12-12T15:44:20.453+0000] {dagbag.py:541} INFO - Filling up the DagBag from /home/vscode/.local/lib/python3.10/site-packages/airflow/example_dags/example_trigger_target_dag.py
[2024-12-12T15:44:20.457+0000] {processor.py:836} INFO - DAG(s) dict_keys(['example_trigger_target_dag']) retrieved from /home/vscode/.local/lib/python3.10/site-packages/airflow/example_dags/example_trigger_target_dag.py
[2024-12-12T15:44:20.469+0000] {logging_mixin.py:150} INFO - [2024-12-12T15:44:20.468+0000] {dag.py:2742} INFO - Sync 1 DAGs
[2024-12-12T15:44:20.481+0000] {logging_mixin.py:150} INFO - [2024-12-12T15:44:20.481+0000] {dag.py:3504} INFO - Setting next_dagrun for example_trigger_target_dag to None, run_after=None
[2024-12-12T15:44:20.495+0000] {processor.py:179} INFO - Processing /home/vscode/.local/lib/python3.10/site-packages/airflow/example_dags/example_trigger_target_dag.py took 0.046 seconds
[2024-12-12T15:45:00.351+0000] {processor.py:157} INFO - Started process (PID=38216) to work on /home/vscode/.local/lib/python3.10/site-packages/airflow/example_dags/example_trigger_target_dag.py
[2024-12-12T15:45:00.352+0000] {processor.py:826} INFO - Processing file /home/vscode/.local/lib/python3.10/site-packages/airflow/example_dags/example_trigger_target_dag.py for tasks to queue
[2024-12-12T15:45:00.353+0000] {logging_mixin.py:150} INFO - [2024-12-12T15:45:00.352+0000] {dagbag.py:541} INFO - Filling up the DagBag from /home/vscode/.local/lib/python3.10/site-packages/airflow/example_dags/example_trigger_target_dag.py
[2024-12-12T15:45:00.359+0000] {processor.py:836} INFO - DAG(s) dict_keys(['example_trigger_target_dag']) retrieved from /home/vscode/.local/lib/python3.10/site-packages/airflow/example_dags/example_trigger_target_dag.py
[2024-12-12T15:45:00.372+0000] {logging_mixin.py:150} INFO - [2024-12-12T15:45:00.371+0000] {dag.py:2742} INFO - Sync 1 DAGs
[2024-12-12T15:45:00.389+0000] {logging_mixin.py:150} INFO - [2024-12-12T15:45:00.389+0000] {dag.py:3504} INFO - Setting next_dagrun for example_trigger_target_dag to None, run_after=None
[2024-12-12T15:45:00.407+0000] {processor.py:179} INFO - Processing /home/vscode/.local/lib/python3.10/site-packages/airflow/example_dags/example_trigger_target_dag.py took 0.059 seconds
[2024-12-12T15:45:42.764+0000] {processor.py:157} INFO - Started process (PID=38555) to work on /home/vscode/.local/lib/python3.10/site-packages/airflow/example_dags/example_trigger_target_dag.py
[2024-12-12T15:45:42.765+0000] {processor.py:826} INFO - Processing file /home/vscode/.local/lib/python3.10/site-packages/airflow/example_dags/example_trigger_target_dag.py for tasks to queue
[2024-12-12T15:45:42.765+0000] {logging_mixin.py:150} INFO - [2024-12-12T15:45:42.765+0000] {dagbag.py:541} INFO - Filling up the DagBag from /home/vscode/.local/lib/python3.10/site-packages/airflow/example_dags/example_trigger_target_dag.py
[2024-12-12T15:45:42.770+0000] {processor.py:836} INFO - DAG(s) dict_keys(['example_trigger_target_dag']) retrieved from /home/vscode/.local/lib/python3.10/site-packages/airflow/example_dags/example_trigger_target_dag.py
[2024-12-12T15:45:42.782+0000] {logging_mixin.py:150} INFO - [2024-12-12T15:45:42.782+0000] {dag.py:2742} INFO - Sync 1 DAGs
[2024-12-12T15:45:42.795+0000] {logging_mixin.py:150} INFO - [2024-12-12T15:45:42.795+0000] {dag.py:3504} INFO - Setting next_dagrun for example_trigger_target_dag to None, run_after=None
[2024-12-12T15:45:42.810+0000] {processor.py:179} INFO - Processing /home/vscode/.local/lib/python3.10/site-packages/airflow/example_dags/example_trigger_target_dag.py took 0.048 seconds
[2024-12-12T15:46:14.879+0000] {processor.py:157} INFO - Started process (PID=38811) to work on /home/vscode/.local/lib/python3.10/site-packages/airflow/example_dags/example_trigger_target_dag.py
[2024-12-12T15:46:14.880+0000] {processor.py:826} INFO - Processing file /home/vscode/.local/lib/python3.10/site-packages/airflow/example_dags/example_trigger_target_dag.py for tasks to queue
[2024-12-12T15:46:14.880+0000] {logging_mixin.py:150} INFO - [2024-12-12T15:46:14.880+0000] {dagbag.py:541} INFO - Filling up the DagBag from /home/vscode/.local/lib/python3.10/site-packages/airflow/example_dags/example_trigger_target_dag.py
[2024-12-12T15:46:14.885+0000] {processor.py:836} INFO - DAG(s) dict_keys(['example_trigger_target_dag']) retrieved from /home/vscode/.local/lib/python3.10/site-packages/airflow/example_dags/example_trigger_target_dag.py
[2024-12-12T15:46:14.896+0000] {logging_mixin.py:150} INFO - [2024-12-12T15:46:14.896+0000] {dag.py:2742} INFO - Sync 1 DAGs
[2024-12-12T15:46:14.909+0000] {logging_mixin.py:150} INFO - [2024-12-12T15:46:14.909+0000] {dag.py:3504} INFO - Setting next_dagrun for example_trigger_target_dag to None, run_after=None
[2024-12-12T15:46:14.922+0000] {processor.py:179} INFO - Processing /home/vscode/.local/lib/python3.10/site-packages/airflow/example_dags/example_trigger_target_dag.py took 0.045 seconds
[2024-12-12T15:47:03.639+0000] {processor.py:157} INFO - Started process (PID=39191) to work on /home/vscode/.local/lib/python3.10/site-packages/airflow/example_dags/example_trigger_target_dag.py
[2024-12-12T15:47:03.640+0000] {processor.py:826} INFO - Processing file /home/vscode/.local/lib/python3.10/site-packages/airflow/example_dags/example_trigger_target_dag.py for tasks to queue
[2024-12-12T15:47:03.640+0000] {logging_mixin.py:150} INFO - [2024-12-12T15:47:03.640+0000] {dagbag.py:541} INFO - Filling up the DagBag from /home/vscode/.local/lib/python3.10/site-packages/airflow/example_dags/example_trigger_target_dag.py
[2024-12-12T15:47:03.645+0000] {processor.py:836} INFO - DAG(s) dict_keys(['example_trigger_target_dag']) retrieved from /home/vscode/.local/lib/python3.10/site-packages/airflow/example_dags/example_trigger_target_dag.py
[2024-12-12T15:47:03.656+0000] {logging_mixin.py:150} INFO - [2024-12-12T15:47:03.656+0000] {dag.py:2742} INFO - Sync 1 DAGs
[2024-12-12T15:47:03.670+0000] {logging_mixin.py:150} INFO - [2024-12-12T15:47:03.670+0000] {dag.py:3504} INFO - Setting next_dagrun for example_trigger_target_dag to None, run_after=None
[2024-12-12T15:47:03.684+0000] {processor.py:179} INFO - Processing /home/vscode/.local/lib/python3.10/site-packages/airflow/example_dags/example_trigger_target_dag.py took 0.047 seconds
[2024-12-12T15:47:36.713+0000] {processor.py:157} INFO - Started process (PID=39446) to work on /home/vscode/.local/lib/python3.10/site-packages/airflow/example_dags/example_trigger_target_dag.py
[2024-12-12T15:47:36.714+0000] {processor.py:826} INFO - Processing file /home/vscode/.local/lib/python3.10/site-packages/airflow/example_dags/example_trigger_target_dag.py for tasks to queue
[2024-12-12T15:47:36.714+0000] {logging_mixin.py:150} INFO - [2024-12-12T15:47:36.714+0000] {dagbag.py:541} INFO - Filling up the DagBag from /home/vscode/.local/lib/python3.10/site-packages/airflow/example_dags/example_trigger_target_dag.py
[2024-12-12T15:47:36.718+0000] {processor.py:836} INFO - DAG(s) dict_keys(['example_trigger_target_dag']) retrieved from /home/vscode/.local/lib/python3.10/site-packages/airflow/example_dags/example_trigger_target_dag.py
[2024-12-12T15:47:36.728+0000] {logging_mixin.py:150} INFO - [2024-12-12T15:47:36.728+0000] {dag.py:2742} INFO - Sync 1 DAGs
[2024-12-12T15:47:36.741+0000] {logging_mixin.py:150} INFO - [2024-12-12T15:47:36.741+0000] {dag.py:3504} INFO - Setting next_dagrun for example_trigger_target_dag to None, run_after=None
[2024-12-12T15:47:36.755+0000] {processor.py:179} INFO - Processing /home/vscode/.local/lib/python3.10/site-packages/airflow/example_dags/example_trigger_target_dag.py took 0.044 seconds
[2024-12-12T15:48:21.773+0000] {processor.py:157} INFO - Started process (PID=39807) to work on /home/vscode/.local/lib/python3.10/site-packages/airflow/example_dags/example_trigger_target_dag.py
[2024-12-12T15:48:21.773+0000] {processor.py:826} INFO - Processing file /home/vscode/.local/lib/python3.10/site-packages/airflow/example_dags/example_trigger_target_dag.py for tasks to queue
[2024-12-12T15:48:21.774+0000] {logging_mixin.py:150} INFO - [2024-12-12T15:48:21.774+0000] {dagbag.py:541} INFO - Filling up the DagBag from /home/vscode/.local/lib/python3.10/site-packages/airflow/example_dags/example_trigger_target_dag.py
[2024-12-12T15:48:21.778+0000] {processor.py:836} INFO - DAG(s) dict_keys(['example_trigger_target_dag']) retrieved from /home/vscode/.local/lib/python3.10/site-packages/airflow/example_dags/example_trigger_target_dag.py
[2024-12-12T15:48:21.789+0000] {logging_mixin.py:150} INFO - [2024-12-12T15:48:21.789+0000] {dag.py:2742} INFO - Sync 1 DAGs
[2024-12-12T15:48:21.802+0000] {logging_mixin.py:150} INFO - [2024-12-12T15:48:21.801+0000] {dag.py:3504} INFO - Setting next_dagrun for example_trigger_target_dag to None, run_after=None
[2024-12-12T15:48:21.820+0000] {processor.py:179} INFO - Processing /home/vscode/.local/lib/python3.10/site-packages/airflow/example_dags/example_trigger_target_dag.py took 0.049 seconds
[2024-12-12T15:49:02.874+0000] {processor.py:157} INFO - Started process (PID=40142) to work on /home/vscode/.local/lib/python3.10/site-packages/airflow/example_dags/example_trigger_target_dag.py
[2024-12-12T15:49:02.875+0000] {processor.py:826} INFO - Processing file /home/vscode/.local/lib/python3.10/site-packages/airflow/example_dags/example_trigger_target_dag.py for tasks to queue
[2024-12-12T15:49:02.875+0000] {logging_mixin.py:150} INFO - [2024-12-12T15:49:02.875+0000] {dagbag.py:541} INFO - Filling up the DagBag from /home/vscode/.local/lib/python3.10/site-packages/airflow/example_dags/example_trigger_target_dag.py
[2024-12-12T15:49:02.880+0000] {processor.py:836} INFO - DAG(s) dict_keys(['example_trigger_target_dag']) retrieved from /home/vscode/.local/lib/python3.10/site-packages/airflow/example_dags/example_trigger_target_dag.py
[2024-12-12T15:49:02.890+0000] {logging_mixin.py:150} INFO - [2024-12-12T15:49:02.890+0000] {dag.py:2742} INFO - Sync 1 DAGs
[2024-12-12T15:49:02.903+0000] {logging_mixin.py:150} INFO - [2024-12-12T15:49:02.903+0000] {dag.py:3504} INFO - Setting next_dagrun for example_trigger_target_dag to None, run_after=None
[2024-12-12T15:49:02.918+0000] {processor.py:179} INFO - Processing /home/vscode/.local/lib/python3.10/site-packages/airflow/example_dags/example_trigger_target_dag.py took 0.046 seconds
[2024-12-12T15:49:48.813+0000] {processor.py:157} INFO - Started process (PID=40511) to work on /home/vscode/.local/lib/python3.10/site-packages/airflow/example_dags/example_trigger_target_dag.py
[2024-12-12T15:49:48.814+0000] {processor.py:826} INFO - Processing file /home/vscode/.local/lib/python3.10/site-packages/airflow/example_dags/example_trigger_target_dag.py for tasks to queue
[2024-12-12T15:49:48.815+0000] {logging_mixin.py:150} INFO - [2024-12-12T15:49:48.814+0000] {dagbag.py:541} INFO - Filling up the DagBag from /home/vscode/.local/lib/python3.10/site-packages/airflow/example_dags/example_trigger_target_dag.py
[2024-12-12T15:49:48.819+0000] {processor.py:836} INFO - DAG(s) dict_keys(['example_trigger_target_dag']) retrieved from /home/vscode/.local/lib/python3.10/site-packages/airflow/example_dags/example_trigger_target_dag.py
[2024-12-12T15:49:48.830+0000] {logging_mixin.py:150} INFO - [2024-12-12T15:49:48.829+0000] {dag.py:2742} INFO - Sync 1 DAGs
[2024-12-12T15:49:48.842+0000] {logging_mixin.py:150} INFO - [2024-12-12T15:49:48.842+0000] {dag.py:3504} INFO - Setting next_dagrun for example_trigger_target_dag to None, run_after=None
[2024-12-12T15:49:48.857+0000] {processor.py:179} INFO - Processing /home/vscode/.local/lib/python3.10/site-packages/airflow/example_dags/example_trigger_target_dag.py took 0.045 seconds
[2024-12-12T15:50:29.592+0000] {processor.py:157} INFO - Started process (PID=40827) to work on /home/vscode/.local/lib/python3.10/site-packages/airflow/example_dags/example_trigger_target_dag.py
[2024-12-12T15:50:29.593+0000] {processor.py:826} INFO - Processing file /home/vscode/.local/lib/python3.10/site-packages/airflow/example_dags/example_trigger_target_dag.py for tasks to queue
[2024-12-12T15:50:29.593+0000] {logging_mixin.py:150} INFO - [2024-12-12T15:50:29.593+0000] {dagbag.py:541} INFO - Filling up the DagBag from /home/vscode/.local/lib/python3.10/site-packages/airflow/example_dags/example_trigger_target_dag.py
[2024-12-12T15:50:29.597+0000] {processor.py:836} INFO - DAG(s) dict_keys(['example_trigger_target_dag']) retrieved from /home/vscode/.local/lib/python3.10/site-packages/airflow/example_dags/example_trigger_target_dag.py
[2024-12-12T15:50:29.608+0000] {logging_mixin.py:150} INFO - [2024-12-12T15:50:29.608+0000] {dag.py:2742} INFO - Sync 1 DAGs
[2024-12-12T15:50:29.621+0000] {logging_mixin.py:150} INFO - [2024-12-12T15:50:29.621+0000] {dag.py:3504} INFO - Setting next_dagrun for example_trigger_target_dag to None, run_after=None
[2024-12-12T15:50:29.634+0000] {processor.py:179} INFO - Processing /home/vscode/.local/lib/python3.10/site-packages/airflow/example_dags/example_trigger_target_dag.py took 0.044 seconds
[2024-12-12T15:51:13.555+0000] {processor.py:157} INFO - Started process (PID=41163) to work on /home/vscode/.local/lib/python3.10/site-packages/airflow/example_dags/example_trigger_target_dag.py
[2024-12-12T15:51:13.556+0000] {processor.py:826} INFO - Processing file /home/vscode/.local/lib/python3.10/site-packages/airflow/example_dags/example_trigger_target_dag.py for tasks to queue
[2024-12-12T15:51:13.556+0000] {logging_mixin.py:150} INFO - [2024-12-12T15:51:13.556+0000] {dagbag.py:541} INFO - Filling up the DagBag from /home/vscode/.local/lib/python3.10/site-packages/airflow/example_dags/example_trigger_target_dag.py
[2024-12-12T15:51:13.561+0000] {processor.py:836} INFO - DAG(s) dict_keys(['example_trigger_target_dag']) retrieved from /home/vscode/.local/lib/python3.10/site-packages/airflow/example_dags/example_trigger_target_dag.py
[2024-12-12T15:51:13.572+0000] {logging_mixin.py:150} INFO - [2024-12-12T15:51:13.572+0000] {dag.py:2742} INFO - Sync 1 DAGs
[2024-12-12T15:51:13.584+0000] {logging_mixin.py:150} INFO - [2024-12-12T15:51:13.584+0000] {dag.py:3504} INFO - Setting next_dagrun for example_trigger_target_dag to None, run_after=None
[2024-12-12T15:51:13.598+0000] {processor.py:179} INFO - Processing /home/vscode/.local/lib/python3.10/site-packages/airflow/example_dags/example_trigger_target_dag.py took 0.045 seconds
[2024-12-12T15:51:47.208+0000] {processor.py:157} INFO - Started process (PID=41441) to work on /home/vscode/.local/lib/python3.10/site-packages/airflow/example_dags/example_trigger_target_dag.py
[2024-12-12T15:51:47.208+0000] {processor.py:826} INFO - Processing file /home/vscode/.local/lib/python3.10/site-packages/airflow/example_dags/example_trigger_target_dag.py for tasks to queue
[2024-12-12T15:51:47.209+0000] {logging_mixin.py:150} INFO - [2024-12-12T15:51:47.209+0000] {dagbag.py:541} INFO - Filling up the DagBag from /home/vscode/.local/lib/python3.10/site-packages/airflow/example_dags/example_trigger_target_dag.py
[2024-12-12T15:51:47.213+0000] {processor.py:836} INFO - DAG(s) dict_keys(['example_trigger_target_dag']) retrieved from /home/vscode/.local/lib/python3.10/site-packages/airflow/example_dags/example_trigger_target_dag.py
[2024-12-12T15:51:47.224+0000] {logging_mixin.py:150} INFO - [2024-12-12T15:51:47.224+0000] {dag.py:2742} INFO - Sync 1 DAGs
[2024-12-12T15:51:47.244+0000] {logging_mixin.py:150} INFO - [2024-12-12T15:51:47.244+0000] {dag.py:3504} INFO - Setting next_dagrun for example_trigger_target_dag to None, run_after=None
[2024-12-12T15:51:47.266+0000] {processor.py:179} INFO - Processing /home/vscode/.local/lib/python3.10/site-packages/airflow/example_dags/example_trigger_target_dag.py took 0.061 seconds
[2024-12-12T15:52:32.552+0000] {processor.py:157} INFO - Started process (PID=41770) to work on /home/vscode/.local/lib/python3.10/site-packages/airflow/example_dags/example_trigger_target_dag.py
[2024-12-12T15:52:32.553+0000] {processor.py:826} INFO - Processing file /home/vscode/.local/lib/python3.10/site-packages/airflow/example_dags/example_trigger_target_dag.py for tasks to queue
[2024-12-12T15:52:32.553+0000] {logging_mixin.py:150} INFO - [2024-12-12T15:52:32.553+0000] {dagbag.py:541} INFO - Filling up the DagBag from /home/vscode/.local/lib/python3.10/site-packages/airflow/example_dags/example_trigger_target_dag.py
[2024-12-12T15:52:32.558+0000] {processor.py:836} INFO - DAG(s) dict_keys(['example_trigger_target_dag']) retrieved from /home/vscode/.local/lib/python3.10/site-packages/airflow/example_dags/example_trigger_target_dag.py
[2024-12-12T15:52:32.568+0000] {logging_mixin.py:150} INFO - [2024-12-12T15:52:32.568+0000] {dag.py:2742} INFO - Sync 1 DAGs
[2024-12-12T15:52:32.581+0000] {logging_mixin.py:150} INFO - [2024-12-12T15:52:32.581+0000] {dag.py:3504} INFO - Setting next_dagrun for example_trigger_target_dag to None, run_after=None
[2024-12-12T15:52:32.594+0000] {processor.py:179} INFO - Processing /home/vscode/.local/lib/python3.10/site-packages/airflow/example_dags/example_trigger_target_dag.py took 0.044 seconds
[2024-12-12T15:53:14.493+0000] {processor.py:157} INFO - Started process (PID=42059) to work on /home/vscode/.local/lib/python3.10/site-packages/airflow/example_dags/example_trigger_target_dag.py
[2024-12-12T15:53:14.493+0000] {processor.py:826} INFO - Processing file /home/vscode/.local/lib/python3.10/site-packages/airflow/example_dags/example_trigger_target_dag.py for tasks to queue
[2024-12-12T15:53:14.494+0000] {logging_mixin.py:150} INFO - [2024-12-12T15:53:14.494+0000] {dagbag.py:541} INFO - Filling up the DagBag from /home/vscode/.local/lib/python3.10/site-packages/airflow/example_dags/example_trigger_target_dag.py
[2024-12-12T15:53:14.498+0000] {processor.py:836} INFO - DAG(s) dict_keys(['example_trigger_target_dag']) retrieved from /home/vscode/.local/lib/python3.10/site-packages/airflow/example_dags/example_trigger_target_dag.py
[2024-12-12T15:53:14.509+0000] {logging_mixin.py:150} INFO - [2024-12-12T15:53:14.509+0000] {dag.py:2742} INFO - Sync 1 DAGs
[2024-12-12T15:53:14.523+0000] {logging_mixin.py:150} INFO - [2024-12-12T15:53:14.523+0000] {dag.py:3504} INFO - Setting next_dagrun for example_trigger_target_dag to None, run_after=None
[2024-12-12T15:53:14.539+0000] {processor.py:179} INFO - Processing /home/vscode/.local/lib/python3.10/site-packages/airflow/example_dags/example_trigger_target_dag.py took 0.049 seconds
[2024-12-12T15:53:56.680+0000] {processor.py:157} INFO - Started process (PID=42371) to work on /home/vscode/.local/lib/python3.10/site-packages/airflow/example_dags/example_trigger_target_dag.py
[2024-12-12T15:53:56.680+0000] {processor.py:826} INFO - Processing file /home/vscode/.local/lib/python3.10/site-packages/airflow/example_dags/example_trigger_target_dag.py for tasks to queue
[2024-12-12T15:53:56.681+0000] {logging_mixin.py:150} INFO - [2024-12-12T15:53:56.681+0000] {dagbag.py:541} INFO - Filling up the DagBag from /home/vscode/.local/lib/python3.10/site-packages/airflow/example_dags/example_trigger_target_dag.py
[2024-12-12T15:53:56.685+0000] {processor.py:836} INFO - DAG(s) dict_keys(['example_trigger_target_dag']) retrieved from /home/vscode/.local/lib/python3.10/site-packages/airflow/example_dags/example_trigger_target_dag.py
[2024-12-12T15:53:56.695+0000] {logging_mixin.py:150} INFO - [2024-12-12T15:53:56.695+0000] {dag.py:2742} INFO - Sync 1 DAGs
[2024-12-12T15:53:56.708+0000] {logging_mixin.py:150} INFO - [2024-12-12T15:53:56.707+0000] {dag.py:3504} INFO - Setting next_dagrun for example_trigger_target_dag to None, run_after=None
[2024-12-12T15:53:56.722+0000] {processor.py:179} INFO - Processing /home/vscode/.local/lib/python3.10/site-packages/airflow/example_dags/example_trigger_target_dag.py took 0.044 seconds
[2024-12-12T15:54:31.365+0000] {processor.py:157} INFO - Started process (PID=42610) to work on /home/vscode/.local/lib/python3.10/site-packages/airflow/example_dags/example_trigger_target_dag.py
[2024-12-12T15:54:31.365+0000] {processor.py:826} INFO - Processing file /home/vscode/.local/lib/python3.10/site-packages/airflow/example_dags/example_trigger_target_dag.py for tasks to queue
[2024-12-12T15:54:31.366+0000] {logging_mixin.py:150} INFO - [2024-12-12T15:54:31.366+0000] {dagbag.py:541} INFO - Filling up the DagBag from /home/vscode/.local/lib/python3.10/site-packages/airflow/example_dags/example_trigger_target_dag.py
[2024-12-12T15:54:31.370+0000] {processor.py:836} INFO - DAG(s) dict_keys(['example_trigger_target_dag']) retrieved from /home/vscode/.local/lib/python3.10/site-packages/airflow/example_dags/example_trigger_target_dag.py
[2024-12-12T15:54:31.381+0000] {logging_mixin.py:150} INFO - [2024-12-12T15:54:31.381+0000] {dag.py:2742} INFO - Sync 1 DAGs
[2024-12-12T15:54:31.395+0000] {logging_mixin.py:150} INFO - [2024-12-12T15:54:31.395+0000] {dag.py:3504} INFO - Setting next_dagrun for example_trigger_target_dag to None, run_after=None
[2024-12-12T15:54:31.409+0000] {processor.py:179} INFO - Processing /home/vscode/.local/lib/python3.10/site-packages/airflow/example_dags/example_trigger_target_dag.py took 0.047 seconds
[2024-12-12T15:55:14.587+0000] {processor.py:157} INFO - Started process (PID=42902) to work on /home/vscode/.local/lib/python3.10/site-packages/airflow/example_dags/example_trigger_target_dag.py
[2024-12-12T15:55:14.587+0000] {processor.py:826} INFO - Processing file /home/vscode/.local/lib/python3.10/site-packages/airflow/example_dags/example_trigger_target_dag.py for tasks to queue
[2024-12-12T15:55:14.588+0000] {logging_mixin.py:150} INFO - [2024-12-12T15:55:14.588+0000] {dagbag.py:541} INFO - Filling up the DagBag from /home/vscode/.local/lib/python3.10/site-packages/airflow/example_dags/example_trigger_target_dag.py
[2024-12-12T15:55:14.592+0000] {processor.py:836} INFO - DAG(s) dict_keys(['example_trigger_target_dag']) retrieved from /home/vscode/.local/lib/python3.10/site-packages/airflow/example_dags/example_trigger_target_dag.py
[2024-12-12T15:55:14.603+0000] {logging_mixin.py:150} INFO - [2024-12-12T15:55:14.603+0000] {dag.py:2742} INFO - Sync 1 DAGs
[2024-12-12T15:55:14.615+0000] {logging_mixin.py:150} INFO - [2024-12-12T15:55:14.615+0000] {dag.py:3504} INFO - Setting next_dagrun for example_trigger_target_dag to None, run_after=None
[2024-12-12T15:55:14.629+0000] {processor.py:179} INFO - Processing /home/vscode/.local/lib/python3.10/site-packages/airflow/example_dags/example_trigger_target_dag.py took 0.044 seconds
[2024-12-12T15:55:47.244+0000] {processor.py:157} INFO - Started process (PID=43127) to work on /home/vscode/.local/lib/python3.10/site-packages/airflow/example_dags/example_trigger_target_dag.py
[2024-12-12T15:55:47.245+0000] {processor.py:826} INFO - Processing file /home/vscode/.local/lib/python3.10/site-packages/airflow/example_dags/example_trigger_target_dag.py for tasks to queue
[2024-12-12T15:55:47.245+0000] {logging_mixin.py:150} INFO - [2024-12-12T15:55:47.245+0000] {dagbag.py:541} INFO - Filling up the DagBag from /home/vscode/.local/lib/python3.10/site-packages/airflow/example_dags/example_trigger_target_dag.py
[2024-12-12T15:55:47.250+0000] {processor.py:836} INFO - DAG(s) dict_keys(['example_trigger_target_dag']) retrieved from /home/vscode/.local/lib/python3.10/site-packages/airflow/example_dags/example_trigger_target_dag.py
[2024-12-12T15:55:47.260+0000] {logging_mixin.py:150} INFO - [2024-12-12T15:55:47.260+0000] {dag.py:2742} INFO - Sync 1 DAGs
[2024-12-12T15:55:47.273+0000] {logging_mixin.py:150} INFO - [2024-12-12T15:55:47.273+0000] {dag.py:3504} INFO - Setting next_dagrun for example_trigger_target_dag to None, run_after=None
[2024-12-12T15:55:47.288+0000] {processor.py:179} INFO - Processing /home/vscode/.local/lib/python3.10/site-packages/airflow/example_dags/example_trigger_target_dag.py took 0.045 seconds
[2024-12-12T15:56:31.599+0000] {processor.py:157} INFO - Started process (PID=43429) to work on /home/vscode/.local/lib/python3.10/site-packages/airflow/example_dags/example_trigger_target_dag.py
[2024-12-12T15:56:31.599+0000] {processor.py:826} INFO - Processing file /home/vscode/.local/lib/python3.10/site-packages/airflow/example_dags/example_trigger_target_dag.py for tasks to queue
[2024-12-12T15:56:31.600+0000] {logging_mixin.py:150} INFO - [2024-12-12T15:56:31.599+0000] {dagbag.py:541} INFO - Filling up the DagBag from /home/vscode/.local/lib/python3.10/site-packages/airflow/example_dags/example_trigger_target_dag.py
[2024-12-12T15:56:31.604+0000] {processor.py:836} INFO - DAG(s) dict_keys(['example_trigger_target_dag']) retrieved from /home/vscode/.local/lib/python3.10/site-packages/airflow/example_dags/example_trigger_target_dag.py
[2024-12-12T15:56:31.615+0000] {logging_mixin.py:150} INFO - [2024-12-12T15:56:31.614+0000] {dag.py:2742} INFO - Sync 1 DAGs
[2024-12-12T15:56:31.627+0000] {logging_mixin.py:150} INFO - [2024-12-12T15:56:31.627+0000] {dag.py:3504} INFO - Setting next_dagrun for example_trigger_target_dag to None, run_after=None
[2024-12-12T15:56:31.641+0000] {processor.py:179} INFO - Processing /home/vscode/.local/lib/python3.10/site-packages/airflow/example_dags/example_trigger_target_dag.py took 0.045 seconds
[2024-12-12T15:57:07.681+0000] {processor.py:157} INFO - Started process (PID=43684) to work on /home/vscode/.local/lib/python3.10/site-packages/airflow/example_dags/example_trigger_target_dag.py
[2024-12-12T15:57:07.681+0000] {processor.py:826} INFO - Processing file /home/vscode/.local/lib/python3.10/site-packages/airflow/example_dags/example_trigger_target_dag.py for tasks to queue
[2024-12-12T15:57:07.682+0000] {logging_mixin.py:150} INFO - [2024-12-12T15:57:07.682+0000] {dagbag.py:541} INFO - Filling up the DagBag from /home/vscode/.local/lib/python3.10/site-packages/airflow/example_dags/example_trigger_target_dag.py
[2024-12-12T15:57:07.686+0000] {processor.py:836} INFO - DAG(s) dict_keys(['example_trigger_target_dag']) retrieved from /home/vscode/.local/lib/python3.10/site-packages/airflow/example_dags/example_trigger_target_dag.py
[2024-12-12T15:57:07.697+0000] {logging_mixin.py:150} INFO - [2024-12-12T15:57:07.697+0000] {dag.py:2742} INFO - Sync 1 DAGs
[2024-12-12T15:57:07.711+0000] {logging_mixin.py:150} INFO - [2024-12-12T15:57:07.710+0000] {dag.py:3504} INFO - Setting next_dagrun for example_trigger_target_dag to None, run_after=None
[2024-12-12T15:57:07.724+0000] {processor.py:179} INFO - Processing /home/vscode/.local/lib/python3.10/site-packages/airflow/example_dags/example_trigger_target_dag.py took 0.045 seconds
[2024-12-12T15:57:56.681+0000] {processor.py:157} INFO - Started process (PID=44014) to work on /home/vscode/.local/lib/python3.10/site-packages/airflow/example_dags/example_trigger_target_dag.py
[2024-12-12T15:57:56.681+0000] {processor.py:826} INFO - Processing file /home/vscode/.local/lib/python3.10/site-packages/airflow/example_dags/example_trigger_target_dag.py for tasks to queue
[2024-12-12T15:57:56.682+0000] {logging_mixin.py:150} INFO - [2024-12-12T15:57:56.682+0000] {dagbag.py:541} INFO - Filling up the DagBag from /home/vscode/.local/lib/python3.10/site-packages/airflow/example_dags/example_trigger_target_dag.py
[2024-12-12T15:57:56.686+0000] {processor.py:836} INFO - DAG(s) dict_keys(['example_trigger_target_dag']) retrieved from /home/vscode/.local/lib/python3.10/site-packages/airflow/example_dags/example_trigger_target_dag.py
[2024-12-12T15:57:56.697+0000] {logging_mixin.py:150} INFO - [2024-12-12T15:57:56.696+0000] {dag.py:2742} INFO - Sync 1 DAGs
[2024-12-12T15:57:56.709+0000] {logging_mixin.py:150} INFO - [2024-12-12T15:57:56.709+0000] {dag.py:3504} INFO - Setting next_dagrun for example_trigger_target_dag to None, run_after=None
[2024-12-12T15:57:56.723+0000] {processor.py:179} INFO - Processing /home/vscode/.local/lib/python3.10/site-packages/airflow/example_dags/example_trigger_target_dag.py took 0.044 seconds
[2024-12-12T15:58:29.767+0000] {processor.py:157} INFO - Started process (PID=44273) to work on /home/vscode/.local/lib/python3.10/site-packages/airflow/example_dags/example_trigger_target_dag.py
[2024-12-12T15:58:29.768+0000] {processor.py:826} INFO - Processing file /home/vscode/.local/lib/python3.10/site-packages/airflow/example_dags/example_trigger_target_dag.py for tasks to queue
[2024-12-12T15:58:29.769+0000] {logging_mixin.py:150} INFO - [2024-12-12T15:58:29.768+0000] {dagbag.py:541} INFO - Filling up the DagBag from /home/vscode/.local/lib/python3.10/site-packages/airflow/example_dags/example_trigger_target_dag.py
[2024-12-12T15:58:29.773+0000] {processor.py:836} INFO - DAG(s) dict_keys(['example_trigger_target_dag']) retrieved from /home/vscode/.local/lib/python3.10/site-packages/airflow/example_dags/example_trigger_target_dag.py
[2024-12-12T15:58:29.786+0000] {logging_mixin.py:150} INFO - [2024-12-12T15:58:29.785+0000] {dag.py:2742} INFO - Sync 1 DAGs
[2024-12-12T15:58:29.805+0000] {logging_mixin.py:150} INFO - [2024-12-12T15:58:29.805+0000] {dag.py:3504} INFO - Setting next_dagrun for example_trigger_target_dag to None, run_after=None
[2024-12-12T15:58:29.822+0000] {processor.py:179} INFO - Processing /home/vscode/.local/lib/python3.10/site-packages/airflow/example_dags/example_trigger_target_dag.py took 0.056 seconds
[2024-12-12T15:59:13.098+0000] {processor.py:157} INFO - Started process (PID=44640) to work on /home/vscode/.local/lib/python3.10/site-packages/airflow/example_dags/example_trigger_target_dag.py
[2024-12-12T15:59:13.098+0000] {processor.py:826} INFO - Processing file /home/vscode/.local/lib/python3.10/site-packages/airflow/example_dags/example_trigger_target_dag.py for tasks to queue
[2024-12-12T15:59:13.099+0000] {logging_mixin.py:150} INFO - [2024-12-12T15:59:13.098+0000] {dagbag.py:541} INFO - Filling up the DagBag from /home/vscode/.local/lib/python3.10/site-packages/airflow/example_dags/example_trigger_target_dag.py
[2024-12-12T15:59:13.103+0000] {processor.py:836} INFO - DAG(s) dict_keys(['example_trigger_target_dag']) retrieved from /home/vscode/.local/lib/python3.10/site-packages/airflow/example_dags/example_trigger_target_dag.py
[2024-12-12T15:59:13.113+0000] {logging_mixin.py:150} INFO - [2024-12-12T15:59:13.113+0000] {dag.py:2742} INFO - Sync 1 DAGs
[2024-12-12T15:59:13.126+0000] {logging_mixin.py:150} INFO - [2024-12-12T15:59:13.126+0000] {dag.py:3504} INFO - Setting next_dagrun for example_trigger_target_dag to None, run_after=None
[2024-12-12T15:59:13.142+0000] {processor.py:179} INFO - Processing /home/vscode/.local/lib/python3.10/site-packages/airflow/example_dags/example_trigger_target_dag.py took 0.046 seconds
[2024-12-12T15:59:52.513+0000] {processor.py:157} INFO - Started process (PID=44916) to work on /home/vscode/.local/lib/python3.10/site-packages/airflow/example_dags/example_trigger_target_dag.py
[2024-12-12T15:59:52.514+0000] {processor.py:826} INFO - Processing file /home/vscode/.local/lib/python3.10/site-packages/airflow/example_dags/example_trigger_target_dag.py for tasks to queue
[2024-12-12T15:59:52.514+0000] {logging_mixin.py:150} INFO - [2024-12-12T15:59:52.514+0000] {dagbag.py:541} INFO - Filling up the DagBag from /home/vscode/.local/lib/python3.10/site-packages/airflow/example_dags/example_trigger_target_dag.py
[2024-12-12T15:59:52.518+0000] {processor.py:836} INFO - DAG(s) dict_keys(['example_trigger_target_dag']) retrieved from /home/vscode/.local/lib/python3.10/site-packages/airflow/example_dags/example_trigger_target_dag.py
[2024-12-12T15:59:52.529+0000] {logging_mixin.py:150} INFO - [2024-12-12T15:59:52.529+0000] {dag.py:2742} INFO - Sync 1 DAGs
[2024-12-12T15:59:52.542+0000] {logging_mixin.py:150} INFO - [2024-12-12T15:59:52.542+0000] {dag.py:3504} INFO - Setting next_dagrun for example_trigger_target_dag to None, run_after=None
[2024-12-12T15:59:52.556+0000] {processor.py:179} INFO - Processing /home/vscode/.local/lib/python3.10/site-packages/airflow/example_dags/example_trigger_target_dag.py took 0.045 seconds
[2024-12-12T16:00:39.621+0000] {processor.py:157} INFO - Started process (PID=45268) to work on /home/vscode/.local/lib/python3.10/site-packages/airflow/example_dags/example_trigger_target_dag.py
[2024-12-12T16:00:39.621+0000] {processor.py:826} INFO - Processing file /home/vscode/.local/lib/python3.10/site-packages/airflow/example_dags/example_trigger_target_dag.py for tasks to queue
[2024-12-12T16:00:39.622+0000] {logging_mixin.py:150} INFO - [2024-12-12T16:00:39.622+0000] {dagbag.py:541} INFO - Filling up the DagBag from /home/vscode/.local/lib/python3.10/site-packages/airflow/example_dags/example_trigger_target_dag.py
[2024-12-12T16:00:39.626+0000] {processor.py:836} INFO - DAG(s) dict_keys(['example_trigger_target_dag']) retrieved from /home/vscode/.local/lib/python3.10/site-packages/airflow/example_dags/example_trigger_target_dag.py
[2024-12-12T16:00:39.637+0000] {logging_mixin.py:150} INFO - [2024-12-12T16:00:39.637+0000] {dag.py:2742} INFO - Sync 1 DAGs
[2024-12-12T16:00:39.650+0000] {logging_mixin.py:150} INFO - [2024-12-12T16:00:39.650+0000] {dag.py:3504} INFO - Setting next_dagrun for example_trigger_target_dag to None, run_after=None
[2024-12-12T16:00:39.664+0000] {processor.py:179} INFO - Processing /home/vscode/.local/lib/python3.10/site-packages/airflow/example_dags/example_trigger_target_dag.py took 0.045 seconds
[2024-12-12T16:01:23.263+0000] {processor.py:157} INFO - Started process (PID=45562) to work on /home/vscode/.local/lib/python3.10/site-packages/airflow/example_dags/example_trigger_target_dag.py
[2024-12-12T16:01:23.263+0000] {processor.py:826} INFO - Processing file /home/vscode/.local/lib/python3.10/site-packages/airflow/example_dags/example_trigger_target_dag.py for tasks to queue
[2024-12-12T16:01:23.264+0000] {logging_mixin.py:150} INFO - [2024-12-12T16:01:23.264+0000] {dagbag.py:541} INFO - Filling up the DagBag from /home/vscode/.local/lib/python3.10/site-packages/airflow/example_dags/example_trigger_target_dag.py
[2024-12-12T16:01:23.268+0000] {processor.py:836} INFO - DAG(s) dict_keys(['example_trigger_target_dag']) retrieved from /home/vscode/.local/lib/python3.10/site-packages/airflow/example_dags/example_trigger_target_dag.py
[2024-12-12T16:01:23.279+0000] {logging_mixin.py:150} INFO - [2024-12-12T16:01:23.279+0000] {dag.py:2742} INFO - Sync 1 DAGs
[2024-12-12T16:01:23.292+0000] {logging_mixin.py:150} INFO - [2024-12-12T16:01:23.291+0000] {dag.py:3504} INFO - Setting next_dagrun for example_trigger_target_dag to None, run_after=None
[2024-12-12T16:01:23.306+0000] {processor.py:179} INFO - Processing /home/vscode/.local/lib/python3.10/site-packages/airflow/example_dags/example_trigger_target_dag.py took 0.045 seconds
[2024-12-12T16:02:06.512+0000] {processor.py:157} INFO - Started process (PID=45885) to work on /home/vscode/.local/lib/python3.10/site-packages/airflow/example_dags/example_trigger_target_dag.py
[2024-12-12T16:02:06.513+0000] {processor.py:826} INFO - Processing file /home/vscode/.local/lib/python3.10/site-packages/airflow/example_dags/example_trigger_target_dag.py for tasks to queue
[2024-12-12T16:02:06.513+0000] {logging_mixin.py:150} INFO - [2024-12-12T16:02:06.513+0000] {dagbag.py:541} INFO - Filling up the DagBag from /home/vscode/.local/lib/python3.10/site-packages/airflow/example_dags/example_trigger_target_dag.py
[2024-12-12T16:02:06.518+0000] {processor.py:836} INFO - DAG(s) dict_keys(['example_trigger_target_dag']) retrieved from /home/vscode/.local/lib/python3.10/site-packages/airflow/example_dags/example_trigger_target_dag.py
[2024-12-12T16:02:06.529+0000] {logging_mixin.py:150} INFO - [2024-12-12T16:02:06.529+0000] {dag.py:2742} INFO - Sync 1 DAGs
[2024-12-12T16:02:06.542+0000] {logging_mixin.py:150} INFO - [2024-12-12T16:02:06.542+0000] {dag.py:3504} INFO - Setting next_dagrun for example_trigger_target_dag to None, run_after=None
[2024-12-12T16:02:06.556+0000] {processor.py:179} INFO - Processing /home/vscode/.local/lib/python3.10/site-packages/airflow/example_dags/example_trigger_target_dag.py took 0.046 seconds
[2024-12-12T16:02:47.717+0000] {processor.py:157} INFO - Started process (PID=46169) to work on /home/vscode/.local/lib/python3.10/site-packages/airflow/example_dags/example_trigger_target_dag.py
[2024-12-12T16:02:47.718+0000] {processor.py:826} INFO - Processing file /home/vscode/.local/lib/python3.10/site-packages/airflow/example_dags/example_trigger_target_dag.py for tasks to queue
[2024-12-12T16:02:47.718+0000] {logging_mixin.py:150} INFO - [2024-12-12T16:02:47.718+0000] {dagbag.py:541} INFO - Filling up the DagBag from /home/vscode/.local/lib/python3.10/site-packages/airflow/example_dags/example_trigger_target_dag.py
[2024-12-12T16:02:47.723+0000] {processor.py:836} INFO - DAG(s) dict_keys(['example_trigger_target_dag']) retrieved from /home/vscode/.local/lib/python3.10/site-packages/airflow/example_dags/example_trigger_target_dag.py
[2024-12-12T16:02:47.736+0000] {logging_mixin.py:150} INFO - [2024-12-12T16:02:47.736+0000] {dag.py:2742} INFO - Sync 1 DAGs
[2024-12-12T16:02:47.757+0000] {logging_mixin.py:150} INFO - [2024-12-12T16:02:47.756+0000] {dag.py:3504} INFO - Setting next_dagrun for example_trigger_target_dag to None, run_after=None
[2024-12-12T16:02:47.776+0000] {processor.py:179} INFO - Processing /home/vscode/.local/lib/python3.10/site-packages/airflow/example_dags/example_trigger_target_dag.py took 0.062 seconds
[2024-12-12T16:03:32.721+0000] {processor.py:157} INFO - Started process (PID=46512) to work on /home/vscode/.local/lib/python3.10/site-packages/airflow/example_dags/example_trigger_target_dag.py
[2024-12-12T16:03:32.722+0000] {processor.py:826} INFO - Processing file /home/vscode/.local/lib/python3.10/site-packages/airflow/example_dags/example_trigger_target_dag.py for tasks to queue
[2024-12-12T16:03:32.723+0000] {logging_mixin.py:150} INFO - [2024-12-12T16:03:32.722+0000] {dagbag.py:541} INFO - Filling up the DagBag from /home/vscode/.local/lib/python3.10/site-packages/airflow/example_dags/example_trigger_target_dag.py
[2024-12-12T16:03:32.727+0000] {processor.py:836} INFO - DAG(s) dict_keys(['example_trigger_target_dag']) retrieved from /home/vscode/.local/lib/python3.10/site-packages/airflow/example_dags/example_trigger_target_dag.py
[2024-12-12T16:03:32.738+0000] {logging_mixin.py:150} INFO - [2024-12-12T16:03:32.738+0000] {dag.py:2742} INFO - Sync 1 DAGs
[2024-12-12T16:03:32.751+0000] {logging_mixin.py:150} INFO - [2024-12-12T16:03:32.751+0000] {dag.py:3504} INFO - Setting next_dagrun for example_trigger_target_dag to None, run_after=None
[2024-12-12T16:03:32.765+0000] {processor.py:179} INFO - Processing /home/vscode/.local/lib/python3.10/site-packages/airflow/example_dags/example_trigger_target_dag.py took 0.046 seconds
