[2024-12-12T15:31:04.886+0000] {processor.py:157} INFO - Started process (PID=31091) to work on /home/vscode/.local/lib/python3.10/site-packages/airflow/example_dags/example_branch_python_dop_operator_3.py
[2024-12-12T15:31:04.886+0000] {processor.py:826} INFO - Processing file /home/vscode/.local/lib/python3.10/site-packages/airflow/example_dags/example_branch_python_dop_operator_3.py for tasks to queue
[2024-12-12T15:31:04.887+0000] {logging_mixin.py:150} INFO - [2024-12-12T15:31:04.886+0000] {dagbag.py:541} INFO - Filling up the DagBag from /home/vscode/.local/lib/python3.10/site-packages/airflow/example_dags/example_branch_python_dop_operator_3.py
[2024-12-12T15:31:04.893+0000] {processor.py:836} INFO - DAG(s) dict_keys(['example_branch_dop_operator_v3']) retrieved from /home/vscode/.local/lib/python3.10/site-packages/airflow/example_dags/example_branch_python_dop_operator_3.py
[2024-12-12T15:31:04.957+0000] {logging_mixin.py:150} INFO - [2024-12-12T15:31:04.957+0000] {manager.py:504} INFO - Created Permission View: can delete on DAG:example_branch_dop_operator_v3
[2024-12-12T15:31:04.965+0000] {logging_mixin.py:150} INFO - [2024-12-12T15:31:04.964+0000] {manager.py:504} INFO - Created Permission View: can read on DAG:example_branch_dop_operator_v3
[2024-12-12T15:31:04.970+0000] {logging_mixin.py:150} INFO - [2024-12-12T15:31:04.970+0000] {manager.py:504} INFO - Created Permission View: can edit on DAG:example_branch_dop_operator_v3
[2024-12-12T15:31:04.977+0000] {logging_mixin.py:150} INFO - [2024-12-12T15:31:04.977+0000] {dag.py:2742} INFO - Sync 1 DAGs
[2024-12-12T15:31:04.983+0000] {logging_mixin.py:150} INFO - [2024-12-12T15:31:04.983+0000] {dag.py:2763} INFO - Creating ORM DAG for example_branch_dop_operator_v3
[2024-12-12T15:31:04.993+0000] {logging_mixin.py:150} INFO - [2024-12-12T15:31:04.992+0000] {dag.py:3504} INFO - Setting next_dagrun for example_branch_dop_operator_v3 to 2024-12-12T15:30:00+00:00, run_after=2024-12-12T15:31:00+00:00
[2024-12-12T15:31:05.005+0000] {processor.py:179} INFO - Processing /home/vscode/.local/lib/python3.10/site-packages/airflow/example_dags/example_branch_python_dop_operator_3.py took 0.122 seconds
[2024-12-12T15:31:54.373+0000] {processor.py:157} INFO - Started process (PID=31497) to work on /home/vscode/.local/lib/python3.10/site-packages/airflow/example_dags/example_branch_python_dop_operator_3.py
[2024-12-12T15:31:54.374+0000] {processor.py:826} INFO - Processing file /home/vscode/.local/lib/python3.10/site-packages/airflow/example_dags/example_branch_python_dop_operator_3.py for tasks to queue
[2024-12-12T15:31:54.374+0000] {logging_mixin.py:150} INFO - [2024-12-12T15:31:54.374+0000] {dagbag.py:541} INFO - Filling up the DagBag from /home/vscode/.local/lib/python3.10/site-packages/airflow/example_dags/example_branch_python_dop_operator_3.py
[2024-12-12T15:31:54.380+0000] {processor.py:836} INFO - DAG(s) dict_keys(['example_branch_dop_operator_v3']) retrieved from /home/vscode/.local/lib/python3.10/site-packages/airflow/example_dags/example_branch_python_dop_operator_3.py
[2024-12-12T15:31:54.391+0000] {logging_mixin.py:150} INFO - [2024-12-12T15:31:54.391+0000] {dag.py:2742} INFO - Sync 1 DAGs
[2024-12-12T15:31:54.407+0000] {logging_mixin.py:150} INFO - [2024-12-12T15:31:54.407+0000] {dag.py:3504} INFO - Setting next_dagrun for example_branch_dop_operator_v3 to 2024-12-12T15:30:00+00:00, run_after=2024-12-12T15:31:00+00:00
[2024-12-12T15:31:54.421+0000] {processor.py:179} INFO - Processing /home/vscode/.local/lib/python3.10/site-packages/airflow/example_dags/example_branch_python_dop_operator_3.py took 0.049 seconds
[2024-12-12T15:32:48.499+0000] {processor.py:157} INFO - Started process (PID=31915) to work on /home/vscode/.local/lib/python3.10/site-packages/airflow/example_dags/example_branch_python_dop_operator_3.py
[2024-12-12T15:32:48.500+0000] {processor.py:826} INFO - Processing file /home/vscode/.local/lib/python3.10/site-packages/airflow/example_dags/example_branch_python_dop_operator_3.py for tasks to queue
[2024-12-12T15:32:48.501+0000] {logging_mixin.py:150} INFO - [2024-12-12T15:32:48.500+0000] {dagbag.py:541} INFO - Filling up the DagBag from /home/vscode/.local/lib/python3.10/site-packages/airflow/example_dags/example_branch_python_dop_operator_3.py
[2024-12-12T15:32:48.507+0000] {processor.py:836} INFO - DAG(s) dict_keys(['example_branch_dop_operator_v3']) retrieved from /home/vscode/.local/lib/python3.10/site-packages/airflow/example_dags/example_branch_python_dop_operator_3.py
[2024-12-12T15:32:48.518+0000] {logging_mixin.py:150} INFO - [2024-12-12T15:32:48.518+0000] {dag.py:2742} INFO - Sync 1 DAGs
[2024-12-12T15:32:48.534+0000] {logging_mixin.py:150} INFO - [2024-12-12T15:32:48.534+0000] {dag.py:3504} INFO - Setting next_dagrun for example_branch_dop_operator_v3 to 2024-12-12T15:31:00+00:00, run_after=2024-12-12T15:32:00+00:00
[2024-12-12T15:32:48.549+0000] {processor.py:179} INFO - Processing /home/vscode/.local/lib/python3.10/site-packages/airflow/example_dags/example_branch_python_dop_operator_3.py took 0.051 seconds
[2024-12-12T15:33:36.166+0000] {processor.py:157} INFO - Started process (PID=32265) to work on /home/vscode/.local/lib/python3.10/site-packages/airflow/example_dags/example_branch_python_dop_operator_3.py
[2024-12-12T15:33:36.166+0000] {processor.py:826} INFO - Processing file /home/vscode/.local/lib/python3.10/site-packages/airflow/example_dags/example_branch_python_dop_operator_3.py for tasks to queue
[2024-12-12T15:33:36.167+0000] {logging_mixin.py:150} INFO - [2024-12-12T15:33:36.167+0000] {dagbag.py:541} INFO - Filling up the DagBag from /home/vscode/.local/lib/python3.10/site-packages/airflow/example_dags/example_branch_python_dop_operator_3.py
[2024-12-12T15:33:36.173+0000] {processor.py:836} INFO - DAG(s) dict_keys(['example_branch_dop_operator_v3']) retrieved from /home/vscode/.local/lib/python3.10/site-packages/airflow/example_dags/example_branch_python_dop_operator_3.py
[2024-12-12T15:33:36.184+0000] {logging_mixin.py:150} INFO - [2024-12-12T15:33:36.184+0000] {dag.py:2742} INFO - Sync 1 DAGs
[2024-12-12T15:33:36.200+0000] {logging_mixin.py:150} INFO - [2024-12-12T15:33:36.200+0000] {dag.py:3504} INFO - Setting next_dagrun for example_branch_dop_operator_v3 to 2024-12-12T15:32:00+00:00, run_after=2024-12-12T15:33:00+00:00
[2024-12-12T15:33:36.214+0000] {processor.py:179} INFO - Processing /home/vscode/.local/lib/python3.10/site-packages/airflow/example_dags/example_branch_python_dop_operator_3.py took 0.050 seconds
[2024-12-12T15:34:31.708+0000] {processor.py:157} INFO - Started process (PID=32652) to work on /home/vscode/.local/lib/python3.10/site-packages/airflow/example_dags/example_branch_python_dop_operator_3.py
[2024-12-12T15:34:31.708+0000] {processor.py:826} INFO - Processing file /home/vscode/.local/lib/python3.10/site-packages/airflow/example_dags/example_branch_python_dop_operator_3.py for tasks to queue
[2024-12-12T15:34:31.709+0000] {logging_mixin.py:150} INFO - [2024-12-12T15:34:31.709+0000] {dagbag.py:541} INFO - Filling up the DagBag from /home/vscode/.local/lib/python3.10/site-packages/airflow/example_dags/example_branch_python_dop_operator_3.py
[2024-12-12T15:34:31.715+0000] {processor.py:836} INFO - DAG(s) dict_keys(['example_branch_dop_operator_v3']) retrieved from /home/vscode/.local/lib/python3.10/site-packages/airflow/example_dags/example_branch_python_dop_operator_3.py
[2024-12-12T15:34:31.726+0000] {logging_mixin.py:150} INFO - [2024-12-12T15:34:31.726+0000] {dag.py:2742} INFO - Sync 1 DAGs
[2024-12-12T15:34:31.742+0000] {logging_mixin.py:150} INFO - [2024-12-12T15:34:31.741+0000] {dag.py:3504} INFO - Setting next_dagrun for example_branch_dop_operator_v3 to 2024-12-12T15:33:00+00:00, run_after=2024-12-12T15:34:00+00:00
[2024-12-12T15:34:31.756+0000] {processor.py:179} INFO - Processing /home/vscode/.local/lib/python3.10/site-packages/airflow/example_dags/example_branch_python_dop_operator_3.py took 0.050 seconds
[2024-12-12T15:35:21.131+0000] {processor.py:157} INFO - Started process (PID=33025) to work on /home/vscode/.local/lib/python3.10/site-packages/airflow/example_dags/example_branch_python_dop_operator_3.py
[2024-12-12T15:35:21.131+0000] {processor.py:826} INFO - Processing file /home/vscode/.local/lib/python3.10/site-packages/airflow/example_dags/example_branch_python_dop_operator_3.py for tasks to queue
[2024-12-12T15:35:21.132+0000] {logging_mixin.py:150} INFO - [2024-12-12T15:35:21.131+0000] {dagbag.py:541} INFO - Filling up the DagBag from /home/vscode/.local/lib/python3.10/site-packages/airflow/example_dags/example_branch_python_dop_operator_3.py
[2024-12-12T15:35:21.137+0000] {processor.py:836} INFO - DAG(s) dict_keys(['example_branch_dop_operator_v3']) retrieved from /home/vscode/.local/lib/python3.10/site-packages/airflow/example_dags/example_branch_python_dop_operator_3.py
[2024-12-12T15:35:21.149+0000] {logging_mixin.py:150} INFO - [2024-12-12T15:35:21.149+0000] {dag.py:2742} INFO - Sync 1 DAGs
[2024-12-12T15:35:21.166+0000] {logging_mixin.py:150} INFO - [2024-12-12T15:35:21.166+0000] {dag.py:3504} INFO - Setting next_dagrun for example_branch_dop_operator_v3 to 2024-12-12T15:34:00+00:00, run_after=2024-12-12T15:35:00+00:00
[2024-12-12T15:35:21.181+0000] {processor.py:179} INFO - Processing /home/vscode/.local/lib/python3.10/site-packages/airflow/example_dags/example_branch_python_dop_operator_3.py took 0.053 seconds
[2024-12-12T15:36:06.195+0000] {processor.py:157} INFO - Started process (PID=33341) to work on /home/vscode/.local/lib/python3.10/site-packages/airflow/example_dags/example_branch_python_dop_operator_3.py
[2024-12-12T15:36:06.195+0000] {processor.py:826} INFO - Processing file /home/vscode/.local/lib/python3.10/site-packages/airflow/example_dags/example_branch_python_dop_operator_3.py for tasks to queue
[2024-12-12T15:36:06.196+0000] {logging_mixin.py:150} INFO - [2024-12-12T15:36:06.196+0000] {dagbag.py:541} INFO - Filling up the DagBag from /home/vscode/.local/lib/python3.10/site-packages/airflow/example_dags/example_branch_python_dop_operator_3.py
[2024-12-12T15:36:06.204+0000] {processor.py:836} INFO - DAG(s) dict_keys(['example_branch_dop_operator_v3']) retrieved from /home/vscode/.local/lib/python3.10/site-packages/airflow/example_dags/example_branch_python_dop_operator_3.py
[2024-12-12T15:36:06.220+0000] {logging_mixin.py:150} INFO - [2024-12-12T15:36:06.220+0000] {dag.py:2742} INFO - Sync 1 DAGs
[2024-12-12T15:36:06.245+0000] {logging_mixin.py:150} INFO - [2024-12-12T15:36:06.245+0000] {dag.py:3504} INFO - Setting next_dagrun for example_branch_dop_operator_v3 to 2024-12-12T15:35:00+00:00, run_after=2024-12-12T15:36:00+00:00
[2024-12-12T15:36:06.269+0000] {processor.py:179} INFO - Processing /home/vscode/.local/lib/python3.10/site-packages/airflow/example_dags/example_branch_python_dop_operator_3.py took 0.077 seconds
[2024-12-12T15:36:56.119+0000] {processor.py:157} INFO - Started process (PID=33985) to work on /home/vscode/.local/lib/python3.10/site-packages/airflow/example_dags/example_branch_python_dop_operator_3.py
[2024-12-12T15:36:56.120+0000] {processor.py:826} INFO - Processing file /home/vscode/.local/lib/python3.10/site-packages/airflow/example_dags/example_branch_python_dop_operator_3.py for tasks to queue
[2024-12-12T15:36:56.121+0000] {logging_mixin.py:150} INFO - [2024-12-12T15:36:56.120+0000] {dagbag.py:541} INFO - Filling up the DagBag from /home/vscode/.local/lib/python3.10/site-packages/airflow/example_dags/example_branch_python_dop_operator_3.py
[2024-12-12T15:36:56.126+0000] {processor.py:836} INFO - DAG(s) dict_keys(['example_branch_dop_operator_v3']) retrieved from /home/vscode/.local/lib/python3.10/site-packages/airflow/example_dags/example_branch_python_dop_operator_3.py
[2024-12-12T15:36:56.138+0000] {logging_mixin.py:150} INFO - [2024-12-12T15:36:56.138+0000] {dag.py:2742} INFO - Sync 1 DAGs
[2024-12-12T15:36:56.154+0000] {logging_mixin.py:150} INFO - [2024-12-12T15:36:56.153+0000] {dag.py:3504} INFO - Setting next_dagrun for example_branch_dop_operator_v3 to 2024-12-12T15:35:00+00:00, run_after=2024-12-12T15:36:00+00:00
[2024-12-12T15:36:56.167+0000] {processor.py:179} INFO - Processing /home/vscode/.local/lib/python3.10/site-packages/airflow/example_dags/example_branch_python_dop_operator_3.py took 0.050 seconds
[2024-12-12T15:37:56.753+0000] {processor.py:157} INFO - Started process (PID=34419) to work on /home/vscode/.local/lib/python3.10/site-packages/airflow/example_dags/example_branch_python_dop_operator_3.py
[2024-12-12T15:37:56.754+0000] {processor.py:826} INFO - Processing file /home/vscode/.local/lib/python3.10/site-packages/airflow/example_dags/example_branch_python_dop_operator_3.py for tasks to queue
[2024-12-12T15:37:56.754+0000] {logging_mixin.py:150} INFO - [2024-12-12T15:37:56.754+0000] {dagbag.py:541} INFO - Filling up the DagBag from /home/vscode/.local/lib/python3.10/site-packages/airflow/example_dags/example_branch_python_dop_operator_3.py
[2024-12-12T15:37:56.760+0000] {processor.py:836} INFO - DAG(s) dict_keys(['example_branch_dop_operator_v3']) retrieved from /home/vscode/.local/lib/python3.10/site-packages/airflow/example_dags/example_branch_python_dop_operator_3.py
[2024-12-12T15:37:56.771+0000] {logging_mixin.py:150} INFO - [2024-12-12T15:37:56.771+0000] {dag.py:2742} INFO - Sync 1 DAGs
[2024-12-12T15:37:56.788+0000] {logging_mixin.py:150} INFO - [2024-12-12T15:37:56.788+0000] {dag.py:3504} INFO - Setting next_dagrun for example_branch_dop_operator_v3 to 2024-12-12T15:36:00+00:00, run_after=2024-12-12T15:37:00+00:00
[2024-12-12T15:37:56.801+0000] {processor.py:179} INFO - Processing /home/vscode/.local/lib/python3.10/site-packages/airflow/example_dags/example_branch_python_dop_operator_3.py took 0.050 seconds
[2024-12-12T15:38:56.193+0000] {processor.py:157} INFO - Started process (PID=35003) to work on /home/vscode/.local/lib/python3.10/site-packages/airflow/example_dags/example_branch_python_dop_operator_3.py
[2024-12-12T15:38:56.194+0000] {processor.py:826} INFO - Processing file /home/vscode/.local/lib/python3.10/site-packages/airflow/example_dags/example_branch_python_dop_operator_3.py for tasks to queue
[2024-12-12T15:38:56.194+0000] {logging_mixin.py:150} INFO - [2024-12-12T15:38:56.194+0000] {dagbag.py:541} INFO - Filling up the DagBag from /home/vscode/.local/lib/python3.10/site-packages/airflow/example_dags/example_branch_python_dop_operator_3.py
[2024-12-12T15:38:56.200+0000] {processor.py:836} INFO - DAG(s) dict_keys(['example_branch_dop_operator_v3']) retrieved from /home/vscode/.local/lib/python3.10/site-packages/airflow/example_dags/example_branch_python_dop_operator_3.py
[2024-12-12T15:38:56.212+0000] {logging_mixin.py:150} INFO - [2024-12-12T15:38:56.212+0000] {dag.py:2742} INFO - Sync 1 DAGs
[2024-12-12T15:38:56.229+0000] {logging_mixin.py:150} INFO - [2024-12-12T15:38:56.229+0000] {dag.py:3504} INFO - Setting next_dagrun for example_branch_dop_operator_v3 to 2024-12-12T15:37:00+00:00, run_after=2024-12-12T15:38:00+00:00
[2024-12-12T15:38:56.247+0000] {processor.py:179} INFO - Processing /home/vscode/.local/lib/python3.10/site-packages/airflow/example_dags/example_branch_python_dop_operator_3.py took 0.056 seconds
[2024-12-12T15:39:27.647+0000] {processor.py:157} INFO - Started process (PID=35400) to work on /home/vscode/.local/lib/python3.10/site-packages/airflow/example_dags/example_branch_python_dop_operator_3.py
[2024-12-12T15:39:27.648+0000] {processor.py:826} INFO - Processing file /home/vscode/.local/lib/python3.10/site-packages/airflow/example_dags/example_branch_python_dop_operator_3.py for tasks to queue
[2024-12-12T15:39:27.648+0000] {logging_mixin.py:150} INFO - [2024-12-12T15:39:27.648+0000] {dagbag.py:541} INFO - Filling up the DagBag from /home/vscode/.local/lib/python3.10/site-packages/airflow/example_dags/example_branch_python_dop_operator_3.py
[2024-12-12T15:39:27.654+0000] {processor.py:836} INFO - DAG(s) dict_keys(['example_branch_dop_operator_v3']) retrieved from /home/vscode/.local/lib/python3.10/site-packages/airflow/example_dags/example_branch_python_dop_operator_3.py
[2024-12-12T15:39:27.666+0000] {logging_mixin.py:150} INFO - [2024-12-12T15:39:27.666+0000] {dag.py:2742} INFO - Sync 1 DAGs
[2024-12-12T15:39:27.682+0000] {logging_mixin.py:150} INFO - [2024-12-12T15:39:27.682+0000] {dag.py:3504} INFO - Setting next_dagrun for example_branch_dop_operator_v3 to 2024-12-12T15:38:00+00:00, run_after=2024-12-12T15:39:00+00:00
[2024-12-12T15:39:27.697+0000] {processor.py:179} INFO - Processing /home/vscode/.local/lib/python3.10/site-packages/airflow/example_dags/example_branch_python_dop_operator_3.py took 0.052 seconds
[2024-12-12T15:40:13.881+0000] {processor.py:157} INFO - Started process (PID=35808) to work on /home/vscode/.local/lib/python3.10/site-packages/airflow/example_dags/example_branch_python_dop_operator_3.py
[2024-12-12T15:40:13.882+0000] {processor.py:826} INFO - Processing file /home/vscode/.local/lib/python3.10/site-packages/airflow/example_dags/example_branch_python_dop_operator_3.py for tasks to queue
[2024-12-12T15:40:13.882+0000] {logging_mixin.py:150} INFO - [2024-12-12T15:40:13.882+0000] {dagbag.py:541} INFO - Filling up the DagBag from /home/vscode/.local/lib/python3.10/site-packages/airflow/example_dags/example_branch_python_dop_operator_3.py
[2024-12-12T15:40:13.888+0000] {processor.py:836} INFO - DAG(s) dict_keys(['example_branch_dop_operator_v3']) retrieved from /home/vscode/.local/lib/python3.10/site-packages/airflow/example_dags/example_branch_python_dop_operator_3.py
[2024-12-12T15:40:13.900+0000] {logging_mixin.py:150} INFO - [2024-12-12T15:40:13.900+0000] {dag.py:2742} INFO - Sync 1 DAGs
[2024-12-12T15:40:13.916+0000] {logging_mixin.py:150} INFO - [2024-12-12T15:40:13.916+0000] {dag.py:3504} INFO - Setting next_dagrun for example_branch_dop_operator_v3 to 2024-12-12T15:39:00+00:00, run_after=2024-12-12T15:40:00+00:00
[2024-12-12T15:40:13.930+0000] {processor.py:179} INFO - Processing /home/vscode/.local/lib/python3.10/site-packages/airflow/example_dags/example_branch_python_dop_operator_3.py took 0.051 seconds
[2024-12-12T15:41:10.504+0000] {processor.py:157} INFO - Started process (PID=36346) to work on /home/vscode/.local/lib/python3.10/site-packages/airflow/example_dags/example_branch_python_dop_operator_3.py
[2024-12-12T15:41:10.504+0000] {processor.py:826} INFO - Processing file /home/vscode/.local/lib/python3.10/site-packages/airflow/example_dags/example_branch_python_dop_operator_3.py for tasks to queue
[2024-12-12T15:41:10.505+0000] {logging_mixin.py:150} INFO - [2024-12-12T15:41:10.505+0000] {dagbag.py:541} INFO - Filling up the DagBag from /home/vscode/.local/lib/python3.10/site-packages/airflow/example_dags/example_branch_python_dop_operator_3.py
[2024-12-12T15:41:10.511+0000] {processor.py:836} INFO - DAG(s) dict_keys(['example_branch_dop_operator_v3']) retrieved from /home/vscode/.local/lib/python3.10/site-packages/airflow/example_dags/example_branch_python_dop_operator_3.py
[2024-12-12T15:41:10.522+0000] {logging_mixin.py:150} INFO - [2024-12-12T15:41:10.522+0000] {dag.py:2742} INFO - Sync 1 DAGs
[2024-12-12T15:41:10.538+0000] {logging_mixin.py:150} INFO - [2024-12-12T15:41:10.538+0000] {dag.py:3504} INFO - Setting next_dagrun for example_branch_dop_operator_v3 to 2024-12-12T15:40:00+00:00, run_after=2024-12-12T15:41:00+00:00
[2024-12-12T15:41:10.553+0000] {processor.py:179} INFO - Processing /home/vscode/.local/lib/python3.10/site-packages/airflow/example_dags/example_branch_python_dop_operator_3.py took 0.051 seconds
[2024-12-12T15:41:52.684+0000] {processor.py:157} INFO - Started process (PID=36677) to work on /home/vscode/.local/lib/python3.10/site-packages/airflow/example_dags/example_branch_python_dop_operator_3.py
[2024-12-12T15:41:52.685+0000] {processor.py:826} INFO - Processing file /home/vscode/.local/lib/python3.10/site-packages/airflow/example_dags/example_branch_python_dop_operator_3.py for tasks to queue
[2024-12-12T15:41:52.685+0000] {logging_mixin.py:150} INFO - [2024-12-12T15:41:52.685+0000] {dagbag.py:541} INFO - Filling up the DagBag from /home/vscode/.local/lib/python3.10/site-packages/airflow/example_dags/example_branch_python_dop_operator_3.py
[2024-12-12T15:41:52.691+0000] {processor.py:836} INFO - DAG(s) dict_keys(['example_branch_dop_operator_v3']) retrieved from /home/vscode/.local/lib/python3.10/site-packages/airflow/example_dags/example_branch_python_dop_operator_3.py
[2024-12-12T15:41:52.703+0000] {logging_mixin.py:150} INFO - [2024-12-12T15:41:52.703+0000] {dag.py:2742} INFO - Sync 1 DAGs
[2024-12-12T15:41:52.719+0000] {logging_mixin.py:150} INFO - [2024-12-12T15:41:52.719+0000] {dag.py:3504} INFO - Setting next_dagrun for example_branch_dop_operator_v3 to 2024-12-12T15:40:00+00:00, run_after=2024-12-12T15:41:00+00:00
[2024-12-12T15:41:52.732+0000] {processor.py:179} INFO - Processing /home/vscode/.local/lib/python3.10/site-packages/airflow/example_dags/example_branch_python_dop_operator_3.py took 0.051 seconds
[2024-12-12T15:42:40.021+0000] {processor.py:157} INFO - Started process (PID=37098) to work on /home/vscode/.local/lib/python3.10/site-packages/airflow/example_dags/example_branch_python_dop_operator_3.py
[2024-12-12T15:42:40.022+0000] {processor.py:826} INFO - Processing file /home/vscode/.local/lib/python3.10/site-packages/airflow/example_dags/example_branch_python_dop_operator_3.py for tasks to queue
[2024-12-12T15:42:40.023+0000] {logging_mixin.py:150} INFO - [2024-12-12T15:42:40.022+0000] {dagbag.py:541} INFO - Filling up the DagBag from /home/vscode/.local/lib/python3.10/site-packages/airflow/example_dags/example_branch_python_dop_operator_3.py
[2024-12-12T15:42:40.028+0000] {processor.py:836} INFO - DAG(s) dict_keys(['example_branch_dop_operator_v3']) retrieved from /home/vscode/.local/lib/python3.10/site-packages/airflow/example_dags/example_branch_python_dop_operator_3.py
[2024-12-12T15:42:40.040+0000] {logging_mixin.py:150} INFO - [2024-12-12T15:42:40.039+0000] {dag.py:2742} INFO - Sync 1 DAGs
[2024-12-12T15:42:40.056+0000] {logging_mixin.py:150} INFO - [2024-12-12T15:42:40.056+0000] {dag.py:3504} INFO - Setting next_dagrun for example_branch_dop_operator_v3 to 2024-12-12T15:41:00+00:00, run_after=2024-12-12T15:42:00+00:00
[2024-12-12T15:42:40.070+0000] {processor.py:179} INFO - Processing /home/vscode/.local/lib/python3.10/site-packages/airflow/example_dags/example_branch_python_dop_operator_3.py took 0.050 seconds
[2024-12-12T15:43:23.480+0000] {processor.py:157} INFO - Started process (PID=37448) to work on /home/vscode/.local/lib/python3.10/site-packages/airflow/example_dags/example_branch_python_dop_operator_3.py
[2024-12-12T15:43:23.481+0000] {processor.py:826} INFO - Processing file /home/vscode/.local/lib/python3.10/site-packages/airflow/example_dags/example_branch_python_dop_operator_3.py for tasks to queue
[2024-12-12T15:43:23.482+0000] {logging_mixin.py:150} INFO - [2024-12-12T15:43:23.481+0000] {dagbag.py:541} INFO - Filling up the DagBag from /home/vscode/.local/lib/python3.10/site-packages/airflow/example_dags/example_branch_python_dop_operator_3.py
[2024-12-12T15:43:23.487+0000] {processor.py:836} INFO - DAG(s) dict_keys(['example_branch_dop_operator_v3']) retrieved from /home/vscode/.local/lib/python3.10/site-packages/airflow/example_dags/example_branch_python_dop_operator_3.py
[2024-12-12T15:43:23.499+0000] {logging_mixin.py:150} INFO - [2024-12-12T15:43:23.499+0000] {dag.py:2742} INFO - Sync 1 DAGs
[2024-12-12T15:43:23.515+0000] {logging_mixin.py:150} INFO - [2024-12-12T15:43:23.515+0000] {dag.py:3504} INFO - Setting next_dagrun for example_branch_dop_operator_v3 to 2024-12-12T15:42:00+00:00, run_after=2024-12-12T15:43:00+00:00
[2024-12-12T15:43:23.529+0000] {processor.py:179} INFO - Processing /home/vscode/.local/lib/python3.10/site-packages/airflow/example_dags/example_branch_python_dop_operator_3.py took 0.051 seconds
[2024-12-12T15:44:18.905+0000] {processor.py:157} INFO - Started process (PID=37898) to work on /home/vscode/.local/lib/python3.10/site-packages/airflow/example_dags/example_branch_python_dop_operator_3.py
[2024-12-12T15:44:18.905+0000] {processor.py:826} INFO - Processing file /home/vscode/.local/lib/python3.10/site-packages/airflow/example_dags/example_branch_python_dop_operator_3.py for tasks to queue
[2024-12-12T15:44:18.906+0000] {logging_mixin.py:150} INFO - [2024-12-12T15:44:18.906+0000] {dagbag.py:541} INFO - Filling up the DagBag from /home/vscode/.local/lib/python3.10/site-packages/airflow/example_dags/example_branch_python_dop_operator_3.py
[2024-12-12T15:44:18.911+0000] {processor.py:836} INFO - DAG(s) dict_keys(['example_branch_dop_operator_v3']) retrieved from /home/vscode/.local/lib/python3.10/site-packages/airflow/example_dags/example_branch_python_dop_operator_3.py
[2024-12-12T15:44:18.923+0000] {logging_mixin.py:150} INFO - [2024-12-12T15:44:18.923+0000] {dag.py:2742} INFO - Sync 1 DAGs
[2024-12-12T15:44:18.939+0000] {logging_mixin.py:150} INFO - [2024-12-12T15:44:18.939+0000] {dag.py:3504} INFO - Setting next_dagrun for example_branch_dop_operator_v3 to 2024-12-12T15:43:00+00:00, run_after=2024-12-12T15:44:00+00:00
[2024-12-12T15:44:18.953+0000] {processor.py:179} INFO - Processing /home/vscode/.local/lib/python3.10/site-packages/airflow/example_dags/example_branch_python_dop_operator_3.py took 0.050 seconds
[2024-12-12T15:45:11.327+0000] {processor.py:157} INFO - Started process (PID=38312) to work on /home/vscode/.local/lib/python3.10/site-packages/airflow/example_dags/example_branch_python_dop_operator_3.py
[2024-12-12T15:45:11.327+0000] {processor.py:826} INFO - Processing file /home/vscode/.local/lib/python3.10/site-packages/airflow/example_dags/example_branch_python_dop_operator_3.py for tasks to queue
[2024-12-12T15:45:11.328+0000] {logging_mixin.py:150} INFO - [2024-12-12T15:45:11.328+0000] {dagbag.py:541} INFO - Filling up the DagBag from /home/vscode/.local/lib/python3.10/site-packages/airflow/example_dags/example_branch_python_dop_operator_3.py
[2024-12-12T15:45:11.334+0000] {processor.py:836} INFO - DAG(s) dict_keys(['example_branch_dop_operator_v3']) retrieved from /home/vscode/.local/lib/python3.10/site-packages/airflow/example_dags/example_branch_python_dop_operator_3.py
[2024-12-12T15:45:11.345+0000] {logging_mixin.py:150} INFO - [2024-12-12T15:45:11.345+0000] {dag.py:2742} INFO - Sync 1 DAGs
[2024-12-12T15:45:11.361+0000] {logging_mixin.py:150} INFO - [2024-12-12T15:45:11.361+0000] {dag.py:3504} INFO - Setting next_dagrun for example_branch_dop_operator_v3 to 2024-12-12T15:44:00+00:00, run_after=2024-12-12T15:45:00+00:00
[2024-12-12T15:45:11.376+0000] {processor.py:179} INFO - Processing /home/vscode/.local/lib/python3.10/site-packages/airflow/example_dags/example_branch_python_dop_operator_3.py took 0.051 seconds
[2024-12-12T15:45:56.800+0000] {processor.py:157} INFO - Started process (PID=38668) to work on /home/vscode/.local/lib/python3.10/site-packages/airflow/example_dags/example_branch_python_dop_operator_3.py
[2024-12-12T15:45:56.800+0000] {processor.py:826} INFO - Processing file /home/vscode/.local/lib/python3.10/site-packages/airflow/example_dags/example_branch_python_dop_operator_3.py for tasks to queue
[2024-12-12T15:45:56.801+0000] {logging_mixin.py:150} INFO - [2024-12-12T15:45:56.801+0000] {dagbag.py:541} INFO - Filling up the DagBag from /home/vscode/.local/lib/python3.10/site-packages/airflow/example_dags/example_branch_python_dop_operator_3.py
[2024-12-12T15:45:56.807+0000] {processor.py:836} INFO - DAG(s) dict_keys(['example_branch_dop_operator_v3']) retrieved from /home/vscode/.local/lib/python3.10/site-packages/airflow/example_dags/example_branch_python_dop_operator_3.py
[2024-12-12T15:45:56.818+0000] {logging_mixin.py:150} INFO - [2024-12-12T15:45:56.818+0000] {dag.py:2742} INFO - Sync 1 DAGs
[2024-12-12T15:45:56.835+0000] {logging_mixin.py:150} INFO - [2024-12-12T15:45:56.835+0000] {dag.py:3504} INFO - Setting next_dagrun for example_branch_dop_operator_v3 to 2024-12-12T15:44:00+00:00, run_after=2024-12-12T15:45:00+00:00
[2024-12-12T15:45:56.849+0000] {processor.py:179} INFO - Processing /home/vscode/.local/lib/python3.10/site-packages/airflow/example_dags/example_branch_python_dop_operator_3.py took 0.052 seconds
[2024-12-12T15:46:43.217+0000] {processor.py:157} INFO - Started process (PID=39031) to work on /home/vscode/.local/lib/python3.10/site-packages/airflow/example_dags/example_branch_python_dop_operator_3.py
[2024-12-12T15:46:43.218+0000] {processor.py:826} INFO - Processing file /home/vscode/.local/lib/python3.10/site-packages/airflow/example_dags/example_branch_python_dop_operator_3.py for tasks to queue
[2024-12-12T15:46:43.218+0000] {logging_mixin.py:150} INFO - [2024-12-12T15:46:43.218+0000] {dagbag.py:541} INFO - Filling up the DagBag from /home/vscode/.local/lib/python3.10/site-packages/airflow/example_dags/example_branch_python_dop_operator_3.py
[2024-12-12T15:46:43.224+0000] {processor.py:836} INFO - DAG(s) dict_keys(['example_branch_dop_operator_v3']) retrieved from /home/vscode/.local/lib/python3.10/site-packages/airflow/example_dags/example_branch_python_dop_operator_3.py
[2024-12-12T15:46:43.236+0000] {logging_mixin.py:150} INFO - [2024-12-12T15:46:43.236+0000] {dag.py:2742} INFO - Sync 1 DAGs
[2024-12-12T15:46:43.255+0000] {logging_mixin.py:150} INFO - [2024-12-12T15:46:43.255+0000] {dag.py:3504} INFO - Setting next_dagrun for example_branch_dop_operator_v3 to 2024-12-12T15:45:00+00:00, run_after=2024-12-12T15:46:00+00:00
[2024-12-12T15:46:43.271+0000] {processor.py:179} INFO - Processing /home/vscode/.local/lib/python3.10/site-packages/airflow/example_dags/example_branch_python_dop_operator_3.py took 0.056 seconds
[2024-12-12T15:47:32.708+0000] {processor.py:157} INFO - Started process (PID=39415) to work on /home/vscode/.local/lib/python3.10/site-packages/airflow/example_dags/example_branch_python_dop_operator_3.py
[2024-12-12T15:47:32.709+0000] {processor.py:826} INFO - Processing file /home/vscode/.local/lib/python3.10/site-packages/airflow/example_dags/example_branch_python_dop_operator_3.py for tasks to queue
[2024-12-12T15:47:32.710+0000] {logging_mixin.py:150} INFO - [2024-12-12T15:47:32.709+0000] {dagbag.py:541} INFO - Filling up the DagBag from /home/vscode/.local/lib/python3.10/site-packages/airflow/example_dags/example_branch_python_dop_operator_3.py
[2024-12-12T15:47:32.715+0000] {processor.py:836} INFO - DAG(s) dict_keys(['example_branch_dop_operator_v3']) retrieved from /home/vscode/.local/lib/python3.10/site-packages/airflow/example_dags/example_branch_python_dop_operator_3.py
[2024-12-12T15:47:32.726+0000] {logging_mixin.py:150} INFO - [2024-12-12T15:47:32.726+0000] {dag.py:2742} INFO - Sync 1 DAGs
[2024-12-12T15:47:32.742+0000] {logging_mixin.py:150} INFO - [2024-12-12T15:47:32.742+0000] {dag.py:3504} INFO - Setting next_dagrun for example_branch_dop_operator_v3 to 2024-12-12T15:46:00+00:00, run_after=2024-12-12T15:47:00+00:00
[2024-12-12T15:47:32.758+0000] {processor.py:179} INFO - Processing /home/vscode/.local/lib/python3.10/site-packages/airflow/example_dags/example_branch_python_dop_operator_3.py took 0.051 seconds
[2024-12-12T15:48:17.814+0000] {processor.py:157} INFO - Started process (PID=39775) to work on /home/vscode/.local/lib/python3.10/site-packages/airflow/example_dags/example_branch_python_dop_operator_3.py
[2024-12-12T15:48:17.814+0000] {processor.py:826} INFO - Processing file /home/vscode/.local/lib/python3.10/site-packages/airflow/example_dags/example_branch_python_dop_operator_3.py for tasks to queue
[2024-12-12T15:48:17.815+0000] {logging_mixin.py:150} INFO - [2024-12-12T15:48:17.815+0000] {dagbag.py:541} INFO - Filling up the DagBag from /home/vscode/.local/lib/python3.10/site-packages/airflow/example_dags/example_branch_python_dop_operator_3.py
[2024-12-12T15:48:17.821+0000] {processor.py:836} INFO - DAG(s) dict_keys(['example_branch_dop_operator_v3']) retrieved from /home/vscode/.local/lib/python3.10/site-packages/airflow/example_dags/example_branch_python_dop_operator_3.py
[2024-12-12T15:48:17.832+0000] {logging_mixin.py:150} INFO - [2024-12-12T15:48:17.832+0000] {dag.py:2742} INFO - Sync 1 DAGs
[2024-12-12T15:48:17.848+0000] {logging_mixin.py:150} INFO - [2024-12-12T15:48:17.848+0000] {dag.py:3504} INFO - Setting next_dagrun for example_branch_dop_operator_v3 to 2024-12-12T15:47:00+00:00, run_after=2024-12-12T15:48:00+00:00
[2024-12-12T15:48:17.862+0000] {processor.py:179} INFO - Processing /home/vscode/.local/lib/python3.10/site-packages/airflow/example_dags/example_branch_python_dop_operator_3.py took 0.050 seconds
[2024-12-12T15:49:12.408+0000] {processor.py:157} INFO - Started process (PID=40220) to work on /home/vscode/.local/lib/python3.10/site-packages/airflow/example_dags/example_branch_python_dop_operator_3.py
[2024-12-12T15:49:12.409+0000] {processor.py:826} INFO - Processing file /home/vscode/.local/lib/python3.10/site-packages/airflow/example_dags/example_branch_python_dop_operator_3.py for tasks to queue
[2024-12-12T15:49:12.410+0000] {logging_mixin.py:150} INFO - [2024-12-12T15:49:12.409+0000] {dagbag.py:541} INFO - Filling up the DagBag from /home/vscode/.local/lib/python3.10/site-packages/airflow/example_dags/example_branch_python_dop_operator_3.py
[2024-12-12T15:49:12.416+0000] {processor.py:836} INFO - DAG(s) dict_keys(['example_branch_dop_operator_v3']) retrieved from /home/vscode/.local/lib/python3.10/site-packages/airflow/example_dags/example_branch_python_dop_operator_3.py
[2024-12-12T15:49:12.428+0000] {logging_mixin.py:150} INFO - [2024-12-12T15:49:12.428+0000] {dag.py:2742} INFO - Sync 1 DAGs
[2024-12-12T15:49:12.446+0000] {logging_mixin.py:150} INFO - [2024-12-12T15:49:12.446+0000] {dag.py:3504} INFO - Setting next_dagrun for example_branch_dop_operator_v3 to 2024-12-12T15:48:00+00:00, run_after=2024-12-12T15:49:00+00:00
[2024-12-12T15:49:12.460+0000] {processor.py:179} INFO - Processing /home/vscode/.local/lib/python3.10/site-packages/airflow/example_dags/example_branch_python_dop_operator_3.py took 0.054 seconds
[2024-12-12T15:49:58.754+0000] {processor.py:157} INFO - Started process (PID=40586) to work on /home/vscode/.local/lib/python3.10/site-packages/airflow/example_dags/example_branch_python_dop_operator_3.py
[2024-12-12T15:49:58.754+0000] {processor.py:826} INFO - Processing file /home/vscode/.local/lib/python3.10/site-packages/airflow/example_dags/example_branch_python_dop_operator_3.py for tasks to queue
[2024-12-12T15:49:58.755+0000] {logging_mixin.py:150} INFO - [2024-12-12T15:49:58.755+0000] {dagbag.py:541} INFO - Filling up the DagBag from /home/vscode/.local/lib/python3.10/site-packages/airflow/example_dags/example_branch_python_dop_operator_3.py
[2024-12-12T15:49:58.761+0000] {processor.py:836} INFO - DAG(s) dict_keys(['example_branch_dop_operator_v3']) retrieved from /home/vscode/.local/lib/python3.10/site-packages/airflow/example_dags/example_branch_python_dop_operator_3.py
[2024-12-12T15:49:58.772+0000] {logging_mixin.py:150} INFO - [2024-12-12T15:49:58.772+0000] {dag.py:2742} INFO - Sync 1 DAGs
[2024-12-12T15:49:58.788+0000] {logging_mixin.py:150} INFO - [2024-12-12T15:49:58.788+0000] {dag.py:3504} INFO - Setting next_dagrun for example_branch_dop_operator_v3 to 2024-12-12T15:48:00+00:00, run_after=2024-12-12T15:49:00+00:00
[2024-12-12T15:49:58.802+0000] {processor.py:179} INFO - Processing /home/vscode/.local/lib/python3.10/site-packages/airflow/example_dags/example_branch_python_dop_operator_3.py took 0.050 seconds
[2024-12-12T15:50:54.141+0000] {processor.py:157} INFO - Started process (PID=41019) to work on /home/vscode/.local/lib/python3.10/site-packages/airflow/example_dags/example_branch_python_dop_operator_3.py
[2024-12-12T15:50:54.142+0000] {processor.py:826} INFO - Processing file /home/vscode/.local/lib/python3.10/site-packages/airflow/example_dags/example_branch_python_dop_operator_3.py for tasks to queue
[2024-12-12T15:50:54.143+0000] {logging_mixin.py:150} INFO - [2024-12-12T15:50:54.142+0000] {dagbag.py:541} INFO - Filling up the DagBag from /home/vscode/.local/lib/python3.10/site-packages/airflow/example_dags/example_branch_python_dop_operator_3.py
[2024-12-12T15:50:54.152+0000] {processor.py:836} INFO - DAG(s) dict_keys(['example_branch_dop_operator_v3']) retrieved from /home/vscode/.local/lib/python3.10/site-packages/airflow/example_dags/example_branch_python_dop_operator_3.py
[2024-12-12T15:50:54.168+0000] {logging_mixin.py:150} INFO - [2024-12-12T15:50:54.168+0000] {dag.py:2742} INFO - Sync 1 DAGs
[2024-12-12T15:50:54.188+0000] {logging_mixin.py:150} INFO - [2024-12-12T15:50:54.188+0000] {dag.py:3504} INFO - Setting next_dagrun for example_branch_dop_operator_v3 to 2024-12-12T15:49:00+00:00, run_after=2024-12-12T15:50:00+00:00
[2024-12-12T15:50:54.207+0000] {processor.py:179} INFO - Processing /home/vscode/.local/lib/python3.10/site-packages/airflow/example_dags/example_branch_python_dop_operator_3.py took 0.069 seconds
[2024-12-12T15:51:42.739+0000] {processor.py:157} INFO - Started process (PID=41403) to work on /home/vscode/.local/lib/python3.10/site-packages/airflow/example_dags/example_branch_python_dop_operator_3.py
[2024-12-12T15:51:42.739+0000] {processor.py:826} INFO - Processing file /home/vscode/.local/lib/python3.10/site-packages/airflow/example_dags/example_branch_python_dop_operator_3.py for tasks to queue
[2024-12-12T15:51:42.740+0000] {logging_mixin.py:150} INFO - [2024-12-12T15:51:42.739+0000] {dagbag.py:541} INFO - Filling up the DagBag from /home/vscode/.local/lib/python3.10/site-packages/airflow/example_dags/example_branch_python_dop_operator_3.py
[2024-12-12T15:51:42.746+0000] {processor.py:836} INFO - DAG(s) dict_keys(['example_branch_dop_operator_v3']) retrieved from /home/vscode/.local/lib/python3.10/site-packages/airflow/example_dags/example_branch_python_dop_operator_3.py
[2024-12-12T15:51:42.757+0000] {logging_mixin.py:150} INFO - [2024-12-12T15:51:42.757+0000] {dag.py:2742} INFO - Sync 1 DAGs
[2024-12-12T15:51:42.773+0000] {logging_mixin.py:150} INFO - [2024-12-12T15:51:42.773+0000] {dag.py:3504} INFO - Setting next_dagrun for example_branch_dop_operator_v3 to 2024-12-12T15:50:00+00:00, run_after=2024-12-12T15:51:00+00:00
[2024-12-12T15:51:42.788+0000] {processor.py:179} INFO - Processing /home/vscode/.local/lib/python3.10/site-packages/airflow/example_dags/example_branch_python_dop_operator_3.py took 0.051 seconds
[2024-12-12T15:52:30.564+0000] {processor.py:157} INFO - Started process (PID=41760) to work on /home/vscode/.local/lib/python3.10/site-packages/airflow/example_dags/example_branch_python_dop_operator_3.py
[2024-12-12T15:52:30.565+0000] {processor.py:826} INFO - Processing file /home/vscode/.local/lib/python3.10/site-packages/airflow/example_dags/example_branch_python_dop_operator_3.py for tasks to queue
[2024-12-12T15:52:30.565+0000] {logging_mixin.py:150} INFO - [2024-12-12T15:52:30.565+0000] {dagbag.py:541} INFO - Filling up the DagBag from /home/vscode/.local/lib/python3.10/site-packages/airflow/example_dags/example_branch_python_dop_operator_3.py
[2024-12-12T15:52:30.571+0000] {processor.py:836} INFO - DAG(s) dict_keys(['example_branch_dop_operator_v3']) retrieved from /home/vscode/.local/lib/python3.10/site-packages/airflow/example_dags/example_branch_python_dop_operator_3.py
[2024-12-12T15:52:30.582+0000] {logging_mixin.py:150} INFO - [2024-12-12T15:52:30.582+0000] {dag.py:2742} INFO - Sync 1 DAGs
[2024-12-12T15:52:30.598+0000] {logging_mixin.py:150} INFO - [2024-12-12T15:52:30.598+0000] {dag.py:3504} INFO - Setting next_dagrun for example_branch_dop_operator_v3 to 2024-12-12T15:51:00+00:00, run_after=2024-12-12T15:52:00+00:00
[2024-12-12T15:52:30.612+0000] {processor.py:179} INFO - Processing /home/vscode/.local/lib/python3.10/site-packages/airflow/example_dags/example_branch_python_dop_operator_3.py took 0.050 seconds
[2024-12-12T15:53:27.031+0000] {processor.py:157} INFO - Started process (PID=42151) to work on /home/vscode/.local/lib/python3.10/site-packages/airflow/example_dags/example_branch_python_dop_operator_3.py
[2024-12-12T15:53:27.032+0000] {processor.py:826} INFO - Processing file /home/vscode/.local/lib/python3.10/site-packages/airflow/example_dags/example_branch_python_dop_operator_3.py for tasks to queue
[2024-12-12T15:53:27.032+0000] {logging_mixin.py:150} INFO - [2024-12-12T15:53:27.032+0000] {dagbag.py:541} INFO - Filling up the DagBag from /home/vscode/.local/lib/python3.10/site-packages/airflow/example_dags/example_branch_python_dop_operator_3.py
[2024-12-12T15:53:27.038+0000] {processor.py:836} INFO - DAG(s) dict_keys(['example_branch_dop_operator_v3']) retrieved from /home/vscode/.local/lib/python3.10/site-packages/airflow/example_dags/example_branch_python_dop_operator_3.py
[2024-12-12T15:53:27.049+0000] {logging_mixin.py:150} INFO - [2024-12-12T15:53:27.049+0000] {dag.py:2742} INFO - Sync 1 DAGs
[2024-12-12T15:53:27.065+0000] {logging_mixin.py:150} INFO - [2024-12-12T15:53:27.065+0000] {dag.py:3504} INFO - Setting next_dagrun for example_branch_dop_operator_v3 to 2024-12-12T15:52:00+00:00, run_after=2024-12-12T15:53:00+00:00
[2024-12-12T15:53:27.079+0000] {processor.py:179} INFO - Processing /home/vscode/.local/lib/python3.10/site-packages/airflow/example_dags/example_branch_python_dop_operator_3.py took 0.050 seconds
[2024-12-12T15:54:28.502+0000] {processor.py:157} INFO - Started process (PID=42591) to work on /home/vscode/.local/lib/python3.10/site-packages/airflow/example_dags/example_branch_python_dop_operator_3.py
[2024-12-12T15:54:28.503+0000] {processor.py:826} INFO - Processing file /home/vscode/.local/lib/python3.10/site-packages/airflow/example_dags/example_branch_python_dop_operator_3.py for tasks to queue
[2024-12-12T15:54:28.503+0000] {logging_mixin.py:150} INFO - [2024-12-12T15:54:28.503+0000] {dagbag.py:541} INFO - Filling up the DagBag from /home/vscode/.local/lib/python3.10/site-packages/airflow/example_dags/example_branch_python_dop_operator_3.py
[2024-12-12T15:54:28.509+0000] {processor.py:836} INFO - DAG(s) dict_keys(['example_branch_dop_operator_v3']) retrieved from /home/vscode/.local/lib/python3.10/site-packages/airflow/example_dags/example_branch_python_dop_operator_3.py
[2024-12-12T15:54:28.520+0000] {logging_mixin.py:150} INFO - [2024-12-12T15:54:28.520+0000] {dag.py:2742} INFO - Sync 1 DAGs
[2024-12-12T15:54:28.536+0000] {logging_mixin.py:150} INFO - [2024-12-12T15:54:28.536+0000] {dag.py:3504} INFO - Setting next_dagrun for example_branch_dop_operator_v3 to 2024-12-12T15:53:00+00:00, run_after=2024-12-12T15:54:00+00:00
[2024-12-12T15:54:28.551+0000] {processor.py:179} INFO - Processing /home/vscode/.local/lib/python3.10/site-packages/airflow/example_dags/example_branch_python_dop_operator_3.py took 0.051 seconds
[2024-12-12T15:55:27.762+0000] {processor.py:157} INFO - Started process (PID=42995) to work on /home/vscode/.local/lib/python3.10/site-packages/airflow/example_dags/example_branch_python_dop_operator_3.py
[2024-12-12T15:55:27.763+0000] {processor.py:826} INFO - Processing file /home/vscode/.local/lib/python3.10/site-packages/airflow/example_dags/example_branch_python_dop_operator_3.py for tasks to queue
[2024-12-12T15:55:27.763+0000] {logging_mixin.py:150} INFO - [2024-12-12T15:55:27.763+0000] {dagbag.py:541} INFO - Filling up the DagBag from /home/vscode/.local/lib/python3.10/site-packages/airflow/example_dags/example_branch_python_dop_operator_3.py
[2024-12-12T15:55:27.769+0000] {processor.py:836} INFO - DAG(s) dict_keys(['example_branch_dop_operator_v3']) retrieved from /home/vscode/.local/lib/python3.10/site-packages/airflow/example_dags/example_branch_python_dop_operator_3.py
[2024-12-12T15:55:27.780+0000] {logging_mixin.py:150} INFO - [2024-12-12T15:55:27.780+0000] {dag.py:2742} INFO - Sync 1 DAGs
[2024-12-12T15:55:27.796+0000] {logging_mixin.py:150} INFO - [2024-12-12T15:55:27.796+0000] {dag.py:3504} INFO - Setting next_dagrun for example_branch_dop_operator_v3 to 2024-12-12T15:54:00+00:00, run_after=2024-12-12T15:55:00+00:00
[2024-12-12T15:55:27.810+0000] {processor.py:179} INFO - Processing /home/vscode/.local/lib/python3.10/site-packages/airflow/example_dags/example_branch_python_dop_operator_3.py took 0.050 seconds
[2024-12-12T15:56:15.475+0000] {processor.py:157} INFO - Started process (PID=43315) to work on /home/vscode/.local/lib/python3.10/site-packages/airflow/example_dags/example_branch_python_dop_operator_3.py
[2024-12-12T15:56:15.475+0000] {processor.py:826} INFO - Processing file /home/vscode/.local/lib/python3.10/site-packages/airflow/example_dags/example_branch_python_dop_operator_3.py for tasks to queue
[2024-12-12T15:56:15.476+0000] {logging_mixin.py:150} INFO - [2024-12-12T15:56:15.476+0000] {dagbag.py:541} INFO - Filling up the DagBag from /home/vscode/.local/lib/python3.10/site-packages/airflow/example_dags/example_branch_python_dop_operator_3.py
[2024-12-12T15:56:15.482+0000] {processor.py:836} INFO - DAG(s) dict_keys(['example_branch_dop_operator_v3']) retrieved from /home/vscode/.local/lib/python3.10/site-packages/airflow/example_dags/example_branch_python_dop_operator_3.py
[2024-12-12T15:56:15.493+0000] {logging_mixin.py:150} INFO - [2024-12-12T15:56:15.493+0000] {dag.py:2742} INFO - Sync 1 DAGs
[2024-12-12T15:56:15.510+0000] {logging_mixin.py:150} INFO - [2024-12-12T15:56:15.509+0000] {dag.py:3504} INFO - Setting next_dagrun for example_branch_dop_operator_v3 to 2024-12-12T15:55:00+00:00, run_after=2024-12-12T15:56:00+00:00
[2024-12-12T15:56:15.524+0000] {processor.py:179} INFO - Processing /home/vscode/.local/lib/python3.10/site-packages/airflow/example_dags/example_branch_python_dop_operator_3.py took 0.051 seconds
[2024-12-12T15:57:06.536+0000] {processor.py:157} INFO - Started process (PID=43664) to work on /home/vscode/.local/lib/python3.10/site-packages/airflow/example_dags/example_branch_python_dop_operator_3.py
[2024-12-12T15:57:06.537+0000] {processor.py:826} INFO - Processing file /home/vscode/.local/lib/python3.10/site-packages/airflow/example_dags/example_branch_python_dop_operator_3.py for tasks to queue
[2024-12-12T15:57:06.537+0000] {logging_mixin.py:150} INFO - [2024-12-12T15:57:06.537+0000] {dagbag.py:541} INFO - Filling up the DagBag from /home/vscode/.local/lib/python3.10/site-packages/airflow/example_dags/example_branch_python_dop_operator_3.py
[2024-12-12T15:57:06.543+0000] {processor.py:836} INFO - DAG(s) dict_keys(['example_branch_dop_operator_v3']) retrieved from /home/vscode/.local/lib/python3.10/site-packages/airflow/example_dags/example_branch_python_dop_operator_3.py
[2024-12-12T15:57:06.555+0000] {logging_mixin.py:150} INFO - [2024-12-12T15:57:06.554+0000] {dag.py:2742} INFO - Sync 1 DAGs
[2024-12-12T15:57:06.578+0000] {logging_mixin.py:150} INFO - [2024-12-12T15:57:06.577+0000] {dag.py:3504} INFO - Setting next_dagrun for example_branch_dop_operator_v3 to 2024-12-12T15:56:00+00:00, run_after=2024-12-12T15:57:00+00:00
[2024-12-12T15:57:06.595+0000] {processor.py:179} INFO - Processing /home/vscode/.local/lib/python3.10/site-packages/airflow/example_dags/example_branch_python_dop_operator_3.py took 0.062 seconds
[2024-12-12T15:57:53.916+0000] {processor.py:157} INFO - Started process (PID=43996) to work on /home/vscode/.local/lib/python3.10/site-packages/airflow/example_dags/example_branch_python_dop_operator_3.py
[2024-12-12T15:57:53.917+0000] {processor.py:826} INFO - Processing file /home/vscode/.local/lib/python3.10/site-packages/airflow/example_dags/example_branch_python_dop_operator_3.py for tasks to queue
[2024-12-12T15:57:53.918+0000] {logging_mixin.py:150} INFO - [2024-12-12T15:57:53.917+0000] {dagbag.py:541} INFO - Filling up the DagBag from /home/vscode/.local/lib/python3.10/site-packages/airflow/example_dags/example_branch_python_dop_operator_3.py
[2024-12-12T15:57:53.923+0000] {processor.py:836} INFO - DAG(s) dict_keys(['example_branch_dop_operator_v3']) retrieved from /home/vscode/.local/lib/python3.10/site-packages/airflow/example_dags/example_branch_python_dop_operator_3.py
[2024-12-12T15:57:53.934+0000] {logging_mixin.py:150} INFO - [2024-12-12T15:57:53.934+0000] {dag.py:2742} INFO - Sync 1 DAGs
[2024-12-12T15:57:53.950+0000] {logging_mixin.py:150} INFO - [2024-12-12T15:57:53.950+0000] {dag.py:3504} INFO - Setting next_dagrun for example_branch_dop_operator_v3 to 2024-12-12T15:56:00+00:00, run_after=2024-12-12T15:57:00+00:00
[2024-12-12T15:57:53.963+0000] {processor.py:179} INFO - Processing /home/vscode/.local/lib/python3.10/site-packages/airflow/example_dags/example_branch_python_dop_operator_3.py took 0.049 seconds
[2024-12-12T15:58:41.481+0000] {processor.py:157} INFO - Started process (PID=44367) to work on /home/vscode/.local/lib/python3.10/site-packages/airflow/example_dags/example_branch_python_dop_operator_3.py
[2024-12-12T15:58:41.481+0000] {processor.py:826} INFO - Processing file /home/vscode/.local/lib/python3.10/site-packages/airflow/example_dags/example_branch_python_dop_operator_3.py for tasks to queue
[2024-12-12T15:58:41.482+0000] {logging_mixin.py:150} INFO - [2024-12-12T15:58:41.482+0000] {dagbag.py:541} INFO - Filling up the DagBag from /home/vscode/.local/lib/python3.10/site-packages/airflow/example_dags/example_branch_python_dop_operator_3.py
[2024-12-12T15:58:41.488+0000] {processor.py:836} INFO - DAG(s) dict_keys(['example_branch_dop_operator_v3']) retrieved from /home/vscode/.local/lib/python3.10/site-packages/airflow/example_dags/example_branch_python_dop_operator_3.py
[2024-12-12T15:58:41.499+0000] {logging_mixin.py:150} INFO - [2024-12-12T15:58:41.499+0000] {dag.py:2742} INFO - Sync 1 DAGs
[2024-12-12T15:58:41.515+0000] {logging_mixin.py:150} INFO - [2024-12-12T15:58:41.515+0000] {dag.py:3504} INFO - Setting next_dagrun for example_branch_dop_operator_v3 to 2024-12-12T15:57:00+00:00, run_after=2024-12-12T15:58:00+00:00
[2024-12-12T15:58:41.529+0000] {processor.py:179} INFO - Processing /home/vscode/.local/lib/python3.10/site-packages/airflow/example_dags/example_branch_python_dop_operator_3.py took 0.050 seconds
[2024-12-12T15:59:36.245+0000] {processor.py:157} INFO - Started process (PID=44800) to work on /home/vscode/.local/lib/python3.10/site-packages/airflow/example_dags/example_branch_python_dop_operator_3.py
[2024-12-12T15:59:36.245+0000] {processor.py:826} INFO - Processing file /home/vscode/.local/lib/python3.10/site-packages/airflow/example_dags/example_branch_python_dop_operator_3.py for tasks to queue
[2024-12-12T15:59:36.246+0000] {logging_mixin.py:150} INFO - [2024-12-12T15:59:36.246+0000] {dagbag.py:541} INFO - Filling up the DagBag from /home/vscode/.local/lib/python3.10/site-packages/airflow/example_dags/example_branch_python_dop_operator_3.py
[2024-12-12T15:59:36.251+0000] {processor.py:836} INFO - DAG(s) dict_keys(['example_branch_dop_operator_v3']) retrieved from /home/vscode/.local/lib/python3.10/site-packages/airflow/example_dags/example_branch_python_dop_operator_3.py
[2024-12-12T15:59:36.263+0000] {logging_mixin.py:150} INFO - [2024-12-12T15:59:36.263+0000] {dag.py:2742} INFO - Sync 1 DAGs
[2024-12-12T15:59:36.279+0000] {logging_mixin.py:150} INFO - [2024-12-12T15:59:36.279+0000] {dag.py:3504} INFO - Setting next_dagrun for example_branch_dop_operator_v3 to 2024-12-12T15:58:00+00:00, run_after=2024-12-12T15:59:00+00:00
[2024-12-12T15:59:36.294+0000] {processor.py:179} INFO - Processing /home/vscode/.local/lib/python3.10/site-packages/airflow/example_dags/example_branch_python_dop_operator_3.py took 0.051 seconds
[2024-12-12T16:00:36.779+0000] {processor.py:157} INFO - Started process (PID=45237) to work on /home/vscode/.local/lib/python3.10/site-packages/airflow/example_dags/example_branch_python_dop_operator_3.py
[2024-12-12T16:00:36.780+0000] {processor.py:826} INFO - Processing file /home/vscode/.local/lib/python3.10/site-packages/airflow/example_dags/example_branch_python_dop_operator_3.py for tasks to queue
[2024-12-12T16:00:36.780+0000] {logging_mixin.py:150} INFO - [2024-12-12T16:00:36.780+0000] {dagbag.py:541} INFO - Filling up the DagBag from /home/vscode/.local/lib/python3.10/site-packages/airflow/example_dags/example_branch_python_dop_operator_3.py
[2024-12-12T16:00:36.786+0000] {processor.py:836} INFO - DAG(s) dict_keys(['example_branch_dop_operator_v3']) retrieved from /home/vscode/.local/lib/python3.10/site-packages/airflow/example_dags/example_branch_python_dop_operator_3.py
[2024-12-12T16:00:36.797+0000] {logging_mixin.py:150} INFO - [2024-12-12T16:00:36.797+0000] {dag.py:2742} INFO - Sync 1 DAGs
[2024-12-12T16:00:36.813+0000] {logging_mixin.py:150} INFO - [2024-12-12T16:00:36.813+0000] {dag.py:3504} INFO - Setting next_dagrun for example_branch_dop_operator_v3 to 2024-12-12T15:59:00+00:00, run_after=2024-12-12T16:00:00+00:00
[2024-12-12T16:00:36.826+0000] {processor.py:179} INFO - Processing /home/vscode/.local/lib/python3.10/site-packages/airflow/example_dags/example_branch_python_dop_operator_3.py took 0.049 seconds
[2024-12-12T16:01:36.927+0000] {processor.py:157} INFO - Started process (PID=45650) to work on /home/vscode/.local/lib/python3.10/site-packages/airflow/example_dags/example_branch_python_dop_operator_3.py
[2024-12-12T16:01:36.928+0000] {processor.py:826} INFO - Processing file /home/vscode/.local/lib/python3.10/site-packages/airflow/example_dags/example_branch_python_dop_operator_3.py for tasks to queue
[2024-12-12T16:01:36.929+0000] {logging_mixin.py:150} INFO - [2024-12-12T16:01:36.928+0000] {dagbag.py:541} INFO - Filling up the DagBag from /home/vscode/.local/lib/python3.10/site-packages/airflow/example_dags/example_branch_python_dop_operator_3.py
[2024-12-12T16:01:36.934+0000] {processor.py:836} INFO - DAG(s) dict_keys(['example_branch_dop_operator_v3']) retrieved from /home/vscode/.local/lib/python3.10/site-packages/airflow/example_dags/example_branch_python_dop_operator_3.py
[2024-12-12T16:01:36.946+0000] {logging_mixin.py:150} INFO - [2024-12-12T16:01:36.946+0000] {dag.py:2742} INFO - Sync 1 DAGs
[2024-12-12T16:01:36.963+0000] {logging_mixin.py:150} INFO - [2024-12-12T16:01:36.962+0000] {dag.py:3504} INFO - Setting next_dagrun for example_branch_dop_operator_v3 to 2024-12-12T16:00:00+00:00, run_after=2024-12-12T16:01:00+00:00
[2024-12-12T16:01:36.990+0000] {processor.py:179} INFO - Processing /home/vscode/.local/lib/python3.10/site-packages/airflow/example_dags/example_branch_python_dop_operator_3.py took 0.065 seconds
[2024-12-12T16:02:32.203+0000] {processor.py:157} INFO - Started process (PID=46068) to work on /home/vscode/.local/lib/python3.10/site-packages/airflow/example_dags/example_branch_python_dop_operator_3.py
[2024-12-12T16:02:32.204+0000] {processor.py:826} INFO - Processing file /home/vscode/.local/lib/python3.10/site-packages/airflow/example_dags/example_branch_python_dop_operator_3.py for tasks to queue
[2024-12-12T16:02:32.204+0000] {logging_mixin.py:150} INFO - [2024-12-12T16:02:32.204+0000] {dagbag.py:541} INFO - Filling up the DagBag from /home/vscode/.local/lib/python3.10/site-packages/airflow/example_dags/example_branch_python_dop_operator_3.py
[2024-12-12T16:02:32.210+0000] {processor.py:836} INFO - DAG(s) dict_keys(['example_branch_dop_operator_v3']) retrieved from /home/vscode/.local/lib/python3.10/site-packages/airflow/example_dags/example_branch_python_dop_operator_3.py
[2024-12-12T16:02:32.222+0000] {logging_mixin.py:150} INFO - [2024-12-12T16:02:32.221+0000] {dag.py:2742} INFO - Sync 1 DAGs
[2024-12-12T16:02:32.238+0000] {logging_mixin.py:150} INFO - [2024-12-12T16:02:32.237+0000] {dag.py:3504} INFO - Setting next_dagrun for example_branch_dop_operator_v3 to 2024-12-12T16:01:00+00:00, run_after=2024-12-12T16:02:00+00:00
[2024-12-12T16:02:32.252+0000] {processor.py:179} INFO - Processing /home/vscode/.local/lib/python3.10/site-packages/airflow/example_dags/example_branch_python_dop_operator_3.py took 0.051 seconds
[2024-12-12T16:03:30.454+0000] {processor.py:157} INFO - Started process (PID=46487) to work on /home/vscode/.local/lib/python3.10/site-packages/airflow/example_dags/example_branch_python_dop_operator_3.py
[2024-12-12T16:03:30.454+0000] {processor.py:826} INFO - Processing file /home/vscode/.local/lib/python3.10/site-packages/airflow/example_dags/example_branch_python_dop_operator_3.py for tasks to queue
[2024-12-12T16:03:30.455+0000] {logging_mixin.py:150} INFO - [2024-12-12T16:03:30.455+0000] {dagbag.py:541} INFO - Filling up the DagBag from /home/vscode/.local/lib/python3.10/site-packages/airflow/example_dags/example_branch_python_dop_operator_3.py
[2024-12-12T16:03:30.461+0000] {processor.py:836} INFO - DAG(s) dict_keys(['example_branch_dop_operator_v3']) retrieved from /home/vscode/.local/lib/python3.10/site-packages/airflow/example_dags/example_branch_python_dop_operator_3.py
[2024-12-12T16:03:30.472+0000] {logging_mixin.py:150} INFO - [2024-12-12T16:03:30.472+0000] {dag.py:2742} INFO - Sync 1 DAGs
[2024-12-12T16:03:30.488+0000] {logging_mixin.py:150} INFO - [2024-12-12T16:03:30.488+0000] {dag.py:3504} INFO - Setting next_dagrun for example_branch_dop_operator_v3 to 2024-12-12T16:02:00+00:00, run_after=2024-12-12T16:03:00+00:00
[2024-12-12T16:03:30.503+0000] {processor.py:179} INFO - Processing /home/vscode/.local/lib/python3.10/site-packages/airflow/example_dags/example_branch_python_dop_operator_3.py took 0.051 seconds
