[2024-12-12T15:30:54.566+0000] {processor.py:157} INFO - Started process (PID=31022) to work on /home/vscode/.local/lib/python3.10/site-packages/airflow/example_dags/example_dynamic_task_mapping_with_no_taskflow_operators.py
[2024-12-12T15:30:54.566+0000] {processor.py:826} INFO - Processing file /home/vscode/.local/lib/python3.10/site-packages/airflow/example_dags/example_dynamic_task_mapping_with_no_taskflow_operators.py for tasks to queue
[2024-12-12T15:30:54.567+0000] {logging_mixin.py:150} INFO - [2024-12-12T15:30:54.566+0000] {dagbag.py:541} INFO - Filling up the DagBag from /home/vscode/.local/lib/python3.10/site-packages/airflow/example_dags/example_dynamic_task_mapping_with_no_taskflow_operators.py
[2024-12-12T15:30:54.647+0000] {processor.py:836} INFO - DAG(s) dict_keys(['example_dynamic_task_mapping_with_no_taskflow_operators']) retrieved from /home/vscode/.local/lib/python3.10/site-packages/airflow/example_dags/example_dynamic_task_mapping_with_no_taskflow_operators.py
[2024-12-12T15:30:54.706+0000] {logging_mixin.py:150} INFO - [2024-12-12T15:30:54.706+0000] {manager.py:504} INFO - Created Permission View: can delete on DAG:example_dynamic_task_mapping_with_no_taskflow_operators
[2024-12-12T15:30:54.713+0000] {logging_mixin.py:150} INFO - [2024-12-12T15:30:54.713+0000] {manager.py:504} INFO - Created Permission View: can read on DAG:example_dynamic_task_mapping_with_no_taskflow_operators
[2024-12-12T15:30:54.719+0000] {logging_mixin.py:150} INFO - [2024-12-12T15:30:54.719+0000] {manager.py:504} INFO - Created Permission View: can edit on DAG:example_dynamic_task_mapping_with_no_taskflow_operators
[2024-12-12T15:30:54.726+0000] {logging_mixin.py:150} INFO - [2024-12-12T15:30:54.726+0000] {dag.py:2742} INFO - Sync 1 DAGs
[2024-12-12T15:30:54.732+0000] {logging_mixin.py:150} INFO - [2024-12-12T15:30:54.732+0000] {dag.py:2763} INFO - Creating ORM DAG for example_dynamic_task_mapping_with_no_taskflow_operators
[2024-12-12T15:30:54.737+0000] {logging_mixin.py:150} INFO - [2024-12-12T15:30:54.737+0000] {dag.py:3504} INFO - Setting next_dagrun for example_dynamic_task_mapping_with_no_taskflow_operators to 2024-12-11T15:30:54.737648+00:00, run_after=2024-12-12T15:30:54.737648+00:00
[2024-12-12T15:30:54.752+0000] {processor.py:179} INFO - Processing /home/vscode/.local/lib/python3.10/site-packages/airflow/example_dags/example_dynamic_task_mapping_with_no_taskflow_operators.py took 0.188 seconds
[2024-12-12T15:31:45.743+0000] {processor.py:157} INFO - Started process (PID=31443) to work on /home/vscode/.local/lib/python3.10/site-packages/airflow/example_dags/example_dynamic_task_mapping_with_no_taskflow_operators.py
[2024-12-12T15:31:45.744+0000] {processor.py:826} INFO - Processing file /home/vscode/.local/lib/python3.10/site-packages/airflow/example_dags/example_dynamic_task_mapping_with_no_taskflow_operators.py for tasks to queue
[2024-12-12T15:31:45.745+0000] {logging_mixin.py:150} INFO - [2024-12-12T15:31:45.744+0000] {dagbag.py:541} INFO - Filling up the DagBag from /home/vscode/.local/lib/python3.10/site-packages/airflow/example_dags/example_dynamic_task_mapping_with_no_taskflow_operators.py
[2024-12-12T15:31:45.750+0000] {processor.py:836} INFO - DAG(s) dict_keys(['example_dynamic_task_mapping_with_no_taskflow_operators']) retrieved from /home/vscode/.local/lib/python3.10/site-packages/airflow/example_dags/example_dynamic_task_mapping_with_no_taskflow_operators.py
[2024-12-12T15:31:45.760+0000] {logging_mixin.py:150} INFO - [2024-12-12T15:31:45.760+0000] {dag.py:2742} INFO - Sync 1 DAGs
[2024-12-12T15:31:45.774+0000] {logging_mixin.py:150} INFO - [2024-12-12T15:31:45.774+0000] {dag.py:3504} INFO - Setting next_dagrun for example_dynamic_task_mapping_with_no_taskflow_operators to 2024-12-11T15:31:45.774072+00:00, run_after=2024-12-12T15:31:45.774072+00:00
[2024-12-12T15:31:45.789+0000] {processor.py:179} INFO - Processing /home/vscode/.local/lib/python3.10/site-packages/airflow/example_dags/example_dynamic_task_mapping_with_no_taskflow_operators.py took 0.048 seconds
[2024-12-12T15:32:27.978+0000] {processor.py:157} INFO - Started process (PID=31763) to work on /home/vscode/.local/lib/python3.10/site-packages/airflow/example_dags/example_dynamic_task_mapping_with_no_taskflow_operators.py
[2024-12-12T15:32:27.979+0000] {processor.py:826} INFO - Processing file /home/vscode/.local/lib/python3.10/site-packages/airflow/example_dags/example_dynamic_task_mapping_with_no_taskflow_operators.py for tasks to queue
[2024-12-12T15:32:27.979+0000] {logging_mixin.py:150} INFO - [2024-12-12T15:32:27.979+0000] {dagbag.py:541} INFO - Filling up the DagBag from /home/vscode/.local/lib/python3.10/site-packages/airflow/example_dags/example_dynamic_task_mapping_with_no_taskflow_operators.py
[2024-12-12T15:32:27.985+0000] {processor.py:836} INFO - DAG(s) dict_keys(['example_dynamic_task_mapping_with_no_taskflow_operators']) retrieved from /home/vscode/.local/lib/python3.10/site-packages/airflow/example_dags/example_dynamic_task_mapping_with_no_taskflow_operators.py
[2024-12-12T15:32:27.995+0000] {logging_mixin.py:150} INFO - [2024-12-12T15:32:27.995+0000] {dag.py:2742} INFO - Sync 1 DAGs
[2024-12-12T15:32:28.008+0000] {logging_mixin.py:150} INFO - [2024-12-12T15:32:28.008+0000] {dag.py:3504} INFO - Setting next_dagrun for example_dynamic_task_mapping_with_no_taskflow_operators to 2024-12-11T15:32:28.008148+00:00, run_after=2024-12-12T15:32:28.008148+00:00
[2024-12-12T15:32:28.024+0000] {processor.py:179} INFO - Processing /home/vscode/.local/lib/python3.10/site-packages/airflow/example_dags/example_dynamic_task_mapping_with_no_taskflow_operators.py took 0.048 seconds
[2024-12-12T15:33:15.212+0000] {processor.py:157} INFO - Started process (PID=32109) to work on /home/vscode/.local/lib/python3.10/site-packages/airflow/example_dags/example_dynamic_task_mapping_with_no_taskflow_operators.py
[2024-12-12T15:33:15.212+0000] {processor.py:826} INFO - Processing file /home/vscode/.local/lib/python3.10/site-packages/airflow/example_dags/example_dynamic_task_mapping_with_no_taskflow_operators.py for tasks to queue
[2024-12-12T15:33:15.213+0000] {logging_mixin.py:150} INFO - [2024-12-12T15:33:15.213+0000] {dagbag.py:541} INFO - Filling up the DagBag from /home/vscode/.local/lib/python3.10/site-packages/airflow/example_dags/example_dynamic_task_mapping_with_no_taskflow_operators.py
[2024-12-12T15:33:15.218+0000] {processor.py:836} INFO - DAG(s) dict_keys(['example_dynamic_task_mapping_with_no_taskflow_operators']) retrieved from /home/vscode/.local/lib/python3.10/site-packages/airflow/example_dags/example_dynamic_task_mapping_with_no_taskflow_operators.py
[2024-12-12T15:33:15.229+0000] {logging_mixin.py:150} INFO - [2024-12-12T15:33:15.229+0000] {dag.py:2742} INFO - Sync 1 DAGs
[2024-12-12T15:33:15.242+0000] {logging_mixin.py:150} INFO - [2024-12-12T15:33:15.242+0000] {dag.py:3504} INFO - Setting next_dagrun for example_dynamic_task_mapping_with_no_taskflow_operators to 2024-12-11T15:33:15.242215+00:00, run_after=2024-12-12T15:33:15.242215+00:00
[2024-12-12T15:33:15.256+0000] {processor.py:179} INFO - Processing /home/vscode/.local/lib/python3.10/site-packages/airflow/example_dags/example_dynamic_task_mapping_with_no_taskflow_operators.py took 0.046 seconds
[2024-12-12T15:33:57.418+0000] {processor.py:157} INFO - Started process (PID=32421) to work on /home/vscode/.local/lib/python3.10/site-packages/airflow/example_dags/example_dynamic_task_mapping_with_no_taskflow_operators.py
[2024-12-12T15:33:57.418+0000] {processor.py:826} INFO - Processing file /home/vscode/.local/lib/python3.10/site-packages/airflow/example_dags/example_dynamic_task_mapping_with_no_taskflow_operators.py for tasks to queue
[2024-12-12T15:33:57.419+0000] {logging_mixin.py:150} INFO - [2024-12-12T15:33:57.419+0000] {dagbag.py:541} INFO - Filling up the DagBag from /home/vscode/.local/lib/python3.10/site-packages/airflow/example_dags/example_dynamic_task_mapping_with_no_taskflow_operators.py
[2024-12-12T15:33:57.424+0000] {processor.py:836} INFO - DAG(s) dict_keys(['example_dynamic_task_mapping_with_no_taskflow_operators']) retrieved from /home/vscode/.local/lib/python3.10/site-packages/airflow/example_dags/example_dynamic_task_mapping_with_no_taskflow_operators.py
[2024-12-12T15:33:57.434+0000] {logging_mixin.py:150} INFO - [2024-12-12T15:33:57.434+0000] {dag.py:2742} INFO - Sync 1 DAGs
[2024-12-12T15:33:57.447+0000] {logging_mixin.py:150} INFO - [2024-12-12T15:33:57.447+0000] {dag.py:3504} INFO - Setting next_dagrun for example_dynamic_task_mapping_with_no_taskflow_operators to 2024-12-11T15:33:57.447296+00:00, run_after=2024-12-12T15:33:57.447296+00:00
[2024-12-12T15:33:57.462+0000] {processor.py:179} INFO - Processing /home/vscode/.local/lib/python3.10/site-packages/airflow/example_dags/example_dynamic_task_mapping_with_no_taskflow_operators.py took 0.046 seconds
[2024-12-12T15:34:40.706+0000] {processor.py:157} INFO - Started process (PID=32714) to work on /home/vscode/.local/lib/python3.10/site-packages/airflow/example_dags/example_dynamic_task_mapping_with_no_taskflow_operators.py
[2024-12-12T15:34:40.707+0000] {processor.py:826} INFO - Processing file /home/vscode/.local/lib/python3.10/site-packages/airflow/example_dags/example_dynamic_task_mapping_with_no_taskflow_operators.py for tasks to queue
[2024-12-12T15:34:40.708+0000] {logging_mixin.py:150} INFO - [2024-12-12T15:34:40.707+0000] {dagbag.py:541} INFO - Filling up the DagBag from /home/vscode/.local/lib/python3.10/site-packages/airflow/example_dags/example_dynamic_task_mapping_with_no_taskflow_operators.py
[2024-12-12T15:34:40.713+0000] {processor.py:836} INFO - DAG(s) dict_keys(['example_dynamic_task_mapping_with_no_taskflow_operators']) retrieved from /home/vscode/.local/lib/python3.10/site-packages/airflow/example_dags/example_dynamic_task_mapping_with_no_taskflow_operators.py
[2024-12-12T15:34:40.723+0000] {logging_mixin.py:150} INFO - [2024-12-12T15:34:40.723+0000] {dag.py:2742} INFO - Sync 1 DAGs
[2024-12-12T15:34:40.736+0000] {logging_mixin.py:150} INFO - [2024-12-12T15:34:40.735+0000] {dag.py:3504} INFO - Setting next_dagrun for example_dynamic_task_mapping_with_no_taskflow_operators to 2024-12-11T15:34:40.735803+00:00, run_after=2024-12-12T15:34:40.735803+00:00
[2024-12-12T15:34:40.749+0000] {processor.py:179} INFO - Processing /home/vscode/.local/lib/python3.10/site-packages/airflow/example_dags/example_dynamic_task_mapping_with_no_taskflow_operators.py took 0.045 seconds
[2024-12-12T15:35:31.263+0000] {processor.py:157} INFO - Started process (PID=33087) to work on /home/vscode/.local/lib/python3.10/site-packages/airflow/example_dags/example_dynamic_task_mapping_with_no_taskflow_operators.py
[2024-12-12T15:35:31.263+0000] {processor.py:826} INFO - Processing file /home/vscode/.local/lib/python3.10/site-packages/airflow/example_dags/example_dynamic_task_mapping_with_no_taskflow_operators.py for tasks to queue
[2024-12-12T15:35:31.264+0000] {logging_mixin.py:150} INFO - [2024-12-12T15:35:31.264+0000] {dagbag.py:541} INFO - Filling up the DagBag from /home/vscode/.local/lib/python3.10/site-packages/airflow/example_dags/example_dynamic_task_mapping_with_no_taskflow_operators.py
[2024-12-12T15:35:31.269+0000] {processor.py:836} INFO - DAG(s) dict_keys(['example_dynamic_task_mapping_with_no_taskflow_operators']) retrieved from /home/vscode/.local/lib/python3.10/site-packages/airflow/example_dags/example_dynamic_task_mapping_with_no_taskflow_operators.py
[2024-12-12T15:35:31.279+0000] {logging_mixin.py:150} INFO - [2024-12-12T15:35:31.279+0000] {dag.py:2742} INFO - Sync 1 DAGs
[2024-12-12T15:35:31.292+0000] {logging_mixin.py:150} INFO - [2024-12-12T15:35:31.292+0000] {dag.py:3504} INFO - Setting next_dagrun for example_dynamic_task_mapping_with_no_taskflow_operators to 2024-12-11T15:35:31.292497+00:00, run_after=2024-12-12T15:35:31.292497+00:00
[2024-12-12T15:35:31.307+0000] {processor.py:179} INFO - Processing /home/vscode/.local/lib/python3.10/site-packages/airflow/example_dags/example_dynamic_task_mapping_with_no_taskflow_operators.py took 0.047 seconds
[2024-12-12T15:36:15.191+0000] {processor.py:157} INFO - Started process (PID=33471) to work on /home/vscode/.local/lib/python3.10/site-packages/airflow/example_dags/example_dynamic_task_mapping_with_no_taskflow_operators.py
[2024-12-12T15:36:15.191+0000] {processor.py:826} INFO - Processing file /home/vscode/.local/lib/python3.10/site-packages/airflow/example_dags/example_dynamic_task_mapping_with_no_taskflow_operators.py for tasks to queue
[2024-12-12T15:36:15.193+0000] {logging_mixin.py:150} INFO - [2024-12-12T15:36:15.192+0000] {dagbag.py:541} INFO - Filling up the DagBag from /home/vscode/.local/lib/python3.10/site-packages/airflow/example_dags/example_dynamic_task_mapping_with_no_taskflow_operators.py
[2024-12-12T15:36:15.202+0000] {processor.py:836} INFO - DAG(s) dict_keys(['example_dynamic_task_mapping_with_no_taskflow_operators']) retrieved from /home/vscode/.local/lib/python3.10/site-packages/airflow/example_dags/example_dynamic_task_mapping_with_no_taskflow_operators.py
[2024-12-12T15:36:15.216+0000] {logging_mixin.py:150} INFO - [2024-12-12T15:36:15.216+0000] {dag.py:2742} INFO - Sync 1 DAGs
[2024-12-12T15:36:15.232+0000] {logging_mixin.py:150} INFO - [2024-12-12T15:36:15.232+0000] {dag.py:3504} INFO - Setting next_dagrun for example_dynamic_task_mapping_with_no_taskflow_operators to 2024-12-11T15:36:15.232592+00:00, run_after=2024-12-12T15:36:15.232592+00:00
[2024-12-12T15:36:15.246+0000] {processor.py:179} INFO - Processing /home/vscode/.local/lib/python3.10/site-packages/airflow/example_dags/example_dynamic_task_mapping_with_no_taskflow_operators.py took 0.058 seconds
[2024-12-12T15:37:05.597+0000] {processor.py:157} INFO - Started process (PID=34049) to work on /home/vscode/.local/lib/python3.10/site-packages/airflow/example_dags/example_dynamic_task_mapping_with_no_taskflow_operators.py
[2024-12-12T15:37:05.598+0000] {processor.py:826} INFO - Processing file /home/vscode/.local/lib/python3.10/site-packages/airflow/example_dags/example_dynamic_task_mapping_with_no_taskflow_operators.py for tasks to queue
[2024-12-12T15:37:05.599+0000] {logging_mixin.py:150} INFO - [2024-12-12T15:37:05.598+0000] {dagbag.py:541} INFO - Filling up the DagBag from /home/vscode/.local/lib/python3.10/site-packages/airflow/example_dags/example_dynamic_task_mapping_with_no_taskflow_operators.py
[2024-12-12T15:37:05.604+0000] {processor.py:836} INFO - DAG(s) dict_keys(['example_dynamic_task_mapping_with_no_taskflow_operators']) retrieved from /home/vscode/.local/lib/python3.10/site-packages/airflow/example_dags/example_dynamic_task_mapping_with_no_taskflow_operators.py
[2024-12-12T15:37:05.614+0000] {logging_mixin.py:150} INFO - [2024-12-12T15:37:05.613+0000] {dag.py:2742} INFO - Sync 1 DAGs
[2024-12-12T15:37:05.626+0000] {logging_mixin.py:150} INFO - [2024-12-12T15:37:05.626+0000] {dag.py:3504} INFO - Setting next_dagrun for example_dynamic_task_mapping_with_no_taskflow_operators to 2024-12-11T15:37:05.626646+00:00, run_after=2024-12-12T15:37:05.626646+00:00
[2024-12-12T15:37:05.640+0000] {processor.py:179} INFO - Processing /home/vscode/.local/lib/python3.10/site-packages/airflow/example_dags/example_dynamic_task_mapping_with_no_taskflow_operators.py took 0.045 seconds
[2024-12-12T15:37:50.954+0000] {processor.py:157} INFO - Started process (PID=34383) to work on /home/vscode/.local/lib/python3.10/site-packages/airflow/example_dags/example_dynamic_task_mapping_with_no_taskflow_operators.py
[2024-12-12T15:37:50.955+0000] {processor.py:826} INFO - Processing file /home/vscode/.local/lib/python3.10/site-packages/airflow/example_dags/example_dynamic_task_mapping_with_no_taskflow_operators.py for tasks to queue
[2024-12-12T15:37:50.955+0000] {logging_mixin.py:150} INFO - [2024-12-12T15:37:50.955+0000] {dagbag.py:541} INFO - Filling up the DagBag from /home/vscode/.local/lib/python3.10/site-packages/airflow/example_dags/example_dynamic_task_mapping_with_no_taskflow_operators.py
[2024-12-12T15:37:50.960+0000] {processor.py:836} INFO - DAG(s) dict_keys(['example_dynamic_task_mapping_with_no_taskflow_operators']) retrieved from /home/vscode/.local/lib/python3.10/site-packages/airflow/example_dags/example_dynamic_task_mapping_with_no_taskflow_operators.py
[2024-12-12T15:37:50.971+0000] {logging_mixin.py:150} INFO - [2024-12-12T15:37:50.970+0000] {dag.py:2742} INFO - Sync 1 DAGs
[2024-12-12T15:37:50.984+0000] {logging_mixin.py:150} INFO - [2024-12-12T15:37:50.984+0000] {dag.py:3504} INFO - Setting next_dagrun for example_dynamic_task_mapping_with_no_taskflow_operators to 2024-12-11T15:37:50.984073+00:00, run_after=2024-12-12T15:37:50.984073+00:00
[2024-12-12T15:37:50.998+0000] {processor.py:179} INFO - Processing /home/vscode/.local/lib/python3.10/site-packages/airflow/example_dags/example_dynamic_task_mapping_with_no_taskflow_operators.py took 0.046 seconds
[2024-12-12T15:38:34.698+0000] {processor.py:157} INFO - Started process (PID=34684) to work on /home/vscode/.local/lib/python3.10/site-packages/airflow/example_dags/example_dynamic_task_mapping_with_no_taskflow_operators.py
[2024-12-12T15:38:34.699+0000] {processor.py:826} INFO - Processing file /home/vscode/.local/lib/python3.10/site-packages/airflow/example_dags/example_dynamic_task_mapping_with_no_taskflow_operators.py for tasks to queue
[2024-12-12T15:38:34.699+0000] {logging_mixin.py:150} INFO - [2024-12-12T15:38:34.699+0000] {dagbag.py:541} INFO - Filling up the DagBag from /home/vscode/.local/lib/python3.10/site-packages/airflow/example_dags/example_dynamic_task_mapping_with_no_taskflow_operators.py
[2024-12-12T15:38:34.704+0000] {processor.py:836} INFO - DAG(s) dict_keys(['example_dynamic_task_mapping_with_no_taskflow_operators']) retrieved from /home/vscode/.local/lib/python3.10/site-packages/airflow/example_dags/example_dynamic_task_mapping_with_no_taskflow_operators.py
[2024-12-12T15:38:34.714+0000] {logging_mixin.py:150} INFO - [2024-12-12T15:38:34.714+0000] {dag.py:2742} INFO - Sync 1 DAGs
[2024-12-12T15:38:34.727+0000] {logging_mixin.py:150} INFO - [2024-12-12T15:38:34.727+0000] {dag.py:3504} INFO - Setting next_dagrun for example_dynamic_task_mapping_with_no_taskflow_operators to 2024-12-11T15:38:34.727243+00:00, run_after=2024-12-12T15:38:34.727243+00:00
[2024-12-12T15:38:34.741+0000] {processor.py:179} INFO - Processing /home/vscode/.local/lib/python3.10/site-packages/airflow/example_dags/example_dynamic_task_mapping_with_no_taskflow_operators.py took 0.045 seconds
[2024-12-12T15:39:18.498+0000] {processor.py:157} INFO - Started process (PID=35329) to work on /home/vscode/.local/lib/python3.10/site-packages/airflow/example_dags/example_dynamic_task_mapping_with_no_taskflow_operators.py
[2024-12-12T15:39:18.499+0000] {processor.py:826} INFO - Processing file /home/vscode/.local/lib/python3.10/site-packages/airflow/example_dags/example_dynamic_task_mapping_with_no_taskflow_operators.py for tasks to queue
[2024-12-12T15:39:18.499+0000] {logging_mixin.py:150} INFO - [2024-12-12T15:39:18.499+0000] {dagbag.py:541} INFO - Filling up the DagBag from /home/vscode/.local/lib/python3.10/site-packages/airflow/example_dags/example_dynamic_task_mapping_with_no_taskflow_operators.py
[2024-12-12T15:39:18.590+0000] {processor.py:836} INFO - DAG(s) dict_keys(['example_dynamic_task_mapping_with_no_taskflow_operators']) retrieved from /home/vscode/.local/lib/python3.10/site-packages/airflow/example_dags/example_dynamic_task_mapping_with_no_taskflow_operators.py
[2024-12-12T15:39:18.599+0000] {logging_mixin.py:150} INFO - [2024-12-12T15:39:18.599+0000] {dag.py:2742} INFO - Sync 1 DAGs
[2024-12-12T15:39:18.610+0000] {logging_mixin.py:150} INFO - [2024-12-12T15:39:18.610+0000] {dag.py:3504} INFO - Setting next_dagrun for example_dynamic_task_mapping_with_no_taskflow_operators to 2024-12-11T15:39:18.610634+00:00, run_after=2024-12-12T15:39:18.610634+00:00
[2024-12-12T15:39:18.624+0000] {processor.py:179} INFO - Processing /home/vscode/.local/lib/python3.10/site-packages/airflow/example_dags/example_dynamic_task_mapping_with_no_taskflow_operators.py took 0.128 seconds
[2024-12-12T15:40:05.872+0000] {processor.py:157} INFO - Started process (PID=35738) to work on /home/vscode/.local/lib/python3.10/site-packages/airflow/example_dags/example_dynamic_task_mapping_with_no_taskflow_operators.py
[2024-12-12T15:40:05.872+0000] {processor.py:826} INFO - Processing file /home/vscode/.local/lib/python3.10/site-packages/airflow/example_dags/example_dynamic_task_mapping_with_no_taskflow_operators.py for tasks to queue
[2024-12-12T15:40:05.873+0000] {logging_mixin.py:150} INFO - [2024-12-12T15:40:05.873+0000] {dagbag.py:541} INFO - Filling up the DagBag from /home/vscode/.local/lib/python3.10/site-packages/airflow/example_dags/example_dynamic_task_mapping_with_no_taskflow_operators.py
[2024-12-12T15:40:05.878+0000] {processor.py:836} INFO - DAG(s) dict_keys(['example_dynamic_task_mapping_with_no_taskflow_operators']) retrieved from /home/vscode/.local/lib/python3.10/site-packages/airflow/example_dags/example_dynamic_task_mapping_with_no_taskflow_operators.py
[2024-12-12T15:40:05.889+0000] {logging_mixin.py:150} INFO - [2024-12-12T15:40:05.889+0000] {dag.py:2742} INFO - Sync 1 DAGs
[2024-12-12T15:40:05.902+0000] {logging_mixin.py:150} INFO - [2024-12-12T15:40:05.902+0000] {dag.py:3504} INFO - Setting next_dagrun for example_dynamic_task_mapping_with_no_taskflow_operators to 2024-12-11T15:40:05.902526+00:00, run_after=2024-12-12T15:40:05.902526+00:00
[2024-12-12T15:40:05.916+0000] {processor.py:179} INFO - Processing /home/vscode/.local/lib/python3.10/site-packages/airflow/example_dags/example_dynamic_task_mapping_with_no_taskflow_operators.py took 0.047 seconds
[2024-12-12T15:40:49.237+0000] {processor.py:157} INFO - Started process (PID=36170) to work on /home/vscode/.local/lib/python3.10/site-packages/airflow/example_dags/example_dynamic_task_mapping_with_no_taskflow_operators.py
[2024-12-12T15:40:49.238+0000] {processor.py:826} INFO - Processing file /home/vscode/.local/lib/python3.10/site-packages/airflow/example_dags/example_dynamic_task_mapping_with_no_taskflow_operators.py for tasks to queue
[2024-12-12T15:40:49.239+0000] {logging_mixin.py:150} INFO - [2024-12-12T15:40:49.238+0000] {dagbag.py:541} INFO - Filling up the DagBag from /home/vscode/.local/lib/python3.10/site-packages/airflow/example_dags/example_dynamic_task_mapping_with_no_taskflow_operators.py
[2024-12-12T15:40:49.245+0000] {processor.py:836} INFO - DAG(s) dict_keys(['example_dynamic_task_mapping_with_no_taskflow_operators']) retrieved from /home/vscode/.local/lib/python3.10/site-packages/airflow/example_dags/example_dynamic_task_mapping_with_no_taskflow_operators.py
[2024-12-12T15:40:49.260+0000] {logging_mixin.py:150} INFO - [2024-12-12T15:40:49.259+0000] {dag.py:2742} INFO - Sync 1 DAGs
[2024-12-12T15:40:49.277+0000] {logging_mixin.py:150} INFO - [2024-12-12T15:40:49.277+0000] {dag.py:3504} INFO - Setting next_dagrun for example_dynamic_task_mapping_with_no_taskflow_operators to 2024-12-11T15:40:49.277182+00:00, run_after=2024-12-12T15:40:49.277182+00:00
[2024-12-12T15:40:49.291+0000] {processor.py:179} INFO - Processing /home/vscode/.local/lib/python3.10/site-packages/airflow/example_dags/example_dynamic_task_mapping_with_no_taskflow_operators.py took 0.056 seconds
[2024-12-12T15:41:34.631+0000] {processor.py:157} INFO - Started process (PID=36538) to work on /home/vscode/.local/lib/python3.10/site-packages/airflow/example_dags/example_dynamic_task_mapping_with_no_taskflow_operators.py
[2024-12-12T15:41:34.632+0000] {processor.py:826} INFO - Processing file /home/vscode/.local/lib/python3.10/site-packages/airflow/example_dags/example_dynamic_task_mapping_with_no_taskflow_operators.py for tasks to queue
[2024-12-12T15:41:34.632+0000] {logging_mixin.py:150} INFO - [2024-12-12T15:41:34.632+0000] {dagbag.py:541} INFO - Filling up the DagBag from /home/vscode/.local/lib/python3.10/site-packages/airflow/example_dags/example_dynamic_task_mapping_with_no_taskflow_operators.py
[2024-12-12T15:41:34.643+0000] {processor.py:836} INFO - DAG(s) dict_keys(['example_dynamic_task_mapping_with_no_taskflow_operators']) retrieved from /home/vscode/.local/lib/python3.10/site-packages/airflow/example_dags/example_dynamic_task_mapping_with_no_taskflow_operators.py
[2024-12-12T15:41:34.661+0000] {logging_mixin.py:150} INFO - [2024-12-12T15:41:34.661+0000] {dag.py:2742} INFO - Sync 1 DAGs
[2024-12-12T15:41:34.675+0000] {logging_mixin.py:150} INFO - [2024-12-12T15:41:34.675+0000] {dag.py:3504} INFO - Setting next_dagrun for example_dynamic_task_mapping_with_no_taskflow_operators to 2024-12-11T15:41:34.675486+00:00, run_after=2024-12-12T15:41:34.675486+00:00
[2024-12-12T15:41:34.688+0000] {processor.py:179} INFO - Processing /home/vscode/.local/lib/python3.10/site-packages/airflow/example_dags/example_dynamic_task_mapping_with_no_taskflow_operators.py took 0.060 seconds
[2024-12-12T15:42:19.506+0000] {processor.py:157} INFO - Started process (PID=36937) to work on /home/vscode/.local/lib/python3.10/site-packages/airflow/example_dags/example_dynamic_task_mapping_with_no_taskflow_operators.py
[2024-12-12T15:42:19.507+0000] {processor.py:826} INFO - Processing file /home/vscode/.local/lib/python3.10/site-packages/airflow/example_dags/example_dynamic_task_mapping_with_no_taskflow_operators.py for tasks to queue
[2024-12-12T15:42:19.507+0000] {logging_mixin.py:150} INFO - [2024-12-12T15:42:19.507+0000] {dagbag.py:541} INFO - Filling up the DagBag from /home/vscode/.local/lib/python3.10/site-packages/airflow/example_dags/example_dynamic_task_mapping_with_no_taskflow_operators.py
[2024-12-12T15:42:19.513+0000] {processor.py:836} INFO - DAG(s) dict_keys(['example_dynamic_task_mapping_with_no_taskflow_operators']) retrieved from /home/vscode/.local/lib/python3.10/site-packages/airflow/example_dags/example_dynamic_task_mapping_with_no_taskflow_operators.py
[2024-12-12T15:42:19.523+0000] {logging_mixin.py:150} INFO - [2024-12-12T15:42:19.523+0000] {dag.py:2742} INFO - Sync 1 DAGs
[2024-12-12T15:42:19.540+0000] {logging_mixin.py:150} INFO - [2024-12-12T15:42:19.540+0000] {dag.py:3504} INFO - Setting next_dagrun for example_dynamic_task_mapping_with_no_taskflow_operators to 2024-12-11T15:42:19.540012+00:00, run_after=2024-12-12T15:42:19.540012+00:00
[2024-12-12T15:42:19.554+0000] {processor.py:179} INFO - Processing /home/vscode/.local/lib/python3.10/site-packages/airflow/example_dags/example_dynamic_task_mapping_with_no_taskflow_operators.py took 0.050 seconds
[2024-12-12T15:43:06.838+0000] {processor.py:157} INFO - Started process (PID=37309) to work on /home/vscode/.local/lib/python3.10/site-packages/airflow/example_dags/example_dynamic_task_mapping_with_no_taskflow_operators.py
[2024-12-12T15:43:06.838+0000] {processor.py:826} INFO - Processing file /home/vscode/.local/lib/python3.10/site-packages/airflow/example_dags/example_dynamic_task_mapping_with_no_taskflow_operators.py for tasks to queue
[2024-12-12T15:43:06.839+0000] {logging_mixin.py:150} INFO - [2024-12-12T15:43:06.839+0000] {dagbag.py:541} INFO - Filling up the DagBag from /home/vscode/.local/lib/python3.10/site-packages/airflow/example_dags/example_dynamic_task_mapping_with_no_taskflow_operators.py
[2024-12-12T15:43:06.846+0000] {processor.py:836} INFO - DAG(s) dict_keys(['example_dynamic_task_mapping_with_no_taskflow_operators']) retrieved from /home/vscode/.local/lib/python3.10/site-packages/airflow/example_dags/example_dynamic_task_mapping_with_no_taskflow_operators.py
[2024-12-12T15:43:06.860+0000] {logging_mixin.py:150} INFO - [2024-12-12T15:43:06.859+0000] {dag.py:2742} INFO - Sync 1 DAGs
[2024-12-12T15:43:06.874+0000] {logging_mixin.py:150} INFO - [2024-12-12T15:43:06.874+0000] {dag.py:3504} INFO - Setting next_dagrun for example_dynamic_task_mapping_with_no_taskflow_operators to 2024-12-11T15:43:06.874210+00:00, run_after=2024-12-12T15:43:06.874210+00:00
[2024-12-12T15:43:06.888+0000] {processor.py:179} INFO - Processing /home/vscode/.local/lib/python3.10/site-packages/airflow/example_dags/example_dynamic_task_mapping_with_no_taskflow_operators.py took 0.052 seconds
[2024-12-12T15:43:50.768+0000] {processor.py:157} INFO - Started process (PID=37673) to work on /home/vscode/.local/lib/python3.10/site-packages/airflow/example_dags/example_dynamic_task_mapping_with_no_taskflow_operators.py
[2024-12-12T15:43:50.769+0000] {processor.py:826} INFO - Processing file /home/vscode/.local/lib/python3.10/site-packages/airflow/example_dags/example_dynamic_task_mapping_with_no_taskflow_operators.py for tasks to queue
[2024-12-12T15:43:50.770+0000] {logging_mixin.py:150} INFO - [2024-12-12T15:43:50.769+0000] {dagbag.py:541} INFO - Filling up the DagBag from /home/vscode/.local/lib/python3.10/site-packages/airflow/example_dags/example_dynamic_task_mapping_with_no_taskflow_operators.py
[2024-12-12T15:43:50.775+0000] {processor.py:836} INFO - DAG(s) dict_keys(['example_dynamic_task_mapping_with_no_taskflow_operators']) retrieved from /home/vscode/.local/lib/python3.10/site-packages/airflow/example_dags/example_dynamic_task_mapping_with_no_taskflow_operators.py
[2024-12-12T15:43:50.786+0000] {logging_mixin.py:150} INFO - [2024-12-12T15:43:50.786+0000] {dag.py:2742} INFO - Sync 1 DAGs
[2024-12-12T15:43:50.799+0000] {logging_mixin.py:150} INFO - [2024-12-12T15:43:50.799+0000] {dag.py:3504} INFO - Setting next_dagrun for example_dynamic_task_mapping_with_no_taskflow_operators to 2024-12-11T15:43:50.799494+00:00, run_after=2024-12-12T15:43:50.799494+00:00
[2024-12-12T15:43:50.814+0000] {processor.py:179} INFO - Processing /home/vscode/.local/lib/python3.10/site-packages/airflow/example_dags/example_dynamic_task_mapping_with_no_taskflow_operators.py took 0.047 seconds
[2024-12-12T15:44:41.001+0000] {processor.py:157} INFO - Started process (PID=38068) to work on /home/vscode/.local/lib/python3.10/site-packages/airflow/example_dags/example_dynamic_task_mapping_with_no_taskflow_operators.py
[2024-12-12T15:44:41.001+0000] {processor.py:826} INFO - Processing file /home/vscode/.local/lib/python3.10/site-packages/airflow/example_dags/example_dynamic_task_mapping_with_no_taskflow_operators.py for tasks to queue
[2024-12-12T15:44:41.002+0000] {logging_mixin.py:150} INFO - [2024-12-12T15:44:41.001+0000] {dagbag.py:541} INFO - Filling up the DagBag from /home/vscode/.local/lib/python3.10/site-packages/airflow/example_dags/example_dynamic_task_mapping_with_no_taskflow_operators.py
[2024-12-12T15:44:41.007+0000] {processor.py:836} INFO - DAG(s) dict_keys(['example_dynamic_task_mapping_with_no_taskflow_operators']) retrieved from /home/vscode/.local/lib/python3.10/site-packages/airflow/example_dags/example_dynamic_task_mapping_with_no_taskflow_operators.py
[2024-12-12T15:44:41.017+0000] {logging_mixin.py:150} INFO - [2024-12-12T15:44:41.017+0000] {dag.py:2742} INFO - Sync 1 DAGs
[2024-12-12T15:44:41.030+0000] {logging_mixin.py:150} INFO - [2024-12-12T15:44:41.030+0000] {dag.py:3504} INFO - Setting next_dagrun for example_dynamic_task_mapping_with_no_taskflow_operators to 2024-12-11T15:44:41.030286+00:00, run_after=2024-12-12T15:44:41.030286+00:00
[2024-12-12T15:44:41.045+0000] {processor.py:179} INFO - Processing /home/vscode/.local/lib/python3.10/site-packages/airflow/example_dags/example_dynamic_task_mapping_with_no_taskflow_operators.py took 0.046 seconds
[2024-12-12T15:45:23.343+0000] {processor.py:157} INFO - Started process (PID=38415) to work on /home/vscode/.local/lib/python3.10/site-packages/airflow/example_dags/example_dynamic_task_mapping_with_no_taskflow_operators.py
[2024-12-12T15:45:23.344+0000] {processor.py:826} INFO - Processing file /home/vscode/.local/lib/python3.10/site-packages/airflow/example_dags/example_dynamic_task_mapping_with_no_taskflow_operators.py for tasks to queue
[2024-12-12T15:45:23.345+0000] {logging_mixin.py:150} INFO - [2024-12-12T15:45:23.344+0000] {dagbag.py:541} INFO - Filling up the DagBag from /home/vscode/.local/lib/python3.10/site-packages/airflow/example_dags/example_dynamic_task_mapping_with_no_taskflow_operators.py
[2024-12-12T15:45:23.350+0000] {processor.py:836} INFO - DAG(s) dict_keys(['example_dynamic_task_mapping_with_no_taskflow_operators']) retrieved from /home/vscode/.local/lib/python3.10/site-packages/airflow/example_dags/example_dynamic_task_mapping_with_no_taskflow_operators.py
[2024-12-12T15:45:23.361+0000] {logging_mixin.py:150} INFO - [2024-12-12T15:45:23.361+0000] {dag.py:2742} INFO - Sync 1 DAGs
[2024-12-12T15:45:23.374+0000] {logging_mixin.py:150} INFO - [2024-12-12T15:45:23.374+0000] {dag.py:3504} INFO - Setting next_dagrun for example_dynamic_task_mapping_with_no_taskflow_operators to 2024-12-11T15:45:23.374467+00:00, run_after=2024-12-12T15:45:23.374467+00:00
[2024-12-12T15:45:23.391+0000] {processor.py:179} INFO - Processing /home/vscode/.local/lib/python3.10/site-packages/airflow/example_dags/example_dynamic_task_mapping_with_no_taskflow_operators.py took 0.049 seconds
[2024-12-12T15:46:10.550+0000] {processor.py:157} INFO - Started process (PID=38773) to work on /home/vscode/.local/lib/python3.10/site-packages/airflow/example_dags/example_dynamic_task_mapping_with_no_taskflow_operators.py
[2024-12-12T15:46:10.550+0000] {processor.py:826} INFO - Processing file /home/vscode/.local/lib/python3.10/site-packages/airflow/example_dags/example_dynamic_task_mapping_with_no_taskflow_operators.py for tasks to queue
[2024-12-12T15:46:10.551+0000] {logging_mixin.py:150} INFO - [2024-12-12T15:46:10.551+0000] {dagbag.py:541} INFO - Filling up the DagBag from /home/vscode/.local/lib/python3.10/site-packages/airflow/example_dags/example_dynamic_task_mapping_with_no_taskflow_operators.py
[2024-12-12T15:46:10.557+0000] {processor.py:836} INFO - DAG(s) dict_keys(['example_dynamic_task_mapping_with_no_taskflow_operators']) retrieved from /home/vscode/.local/lib/python3.10/site-packages/airflow/example_dags/example_dynamic_task_mapping_with_no_taskflow_operators.py
[2024-12-12T15:46:10.567+0000] {logging_mixin.py:150} INFO - [2024-12-12T15:46:10.567+0000] {dag.py:2742} INFO - Sync 1 DAGs
[2024-12-12T15:46:10.581+0000] {logging_mixin.py:150} INFO - [2024-12-12T15:46:10.581+0000] {dag.py:3504} INFO - Setting next_dagrun for example_dynamic_task_mapping_with_no_taskflow_operators to 2024-12-11T15:46:10.581426+00:00, run_after=2024-12-12T15:46:10.581426+00:00
[2024-12-12T15:46:10.596+0000] {processor.py:179} INFO - Processing /home/vscode/.local/lib/python3.10/site-packages/airflow/example_dags/example_dynamic_task_mapping_with_no_taskflow_operators.py took 0.049 seconds
[2024-12-12T15:46:57.495+0000] {processor.py:157} INFO - Started process (PID=39143) to work on /home/vscode/.local/lib/python3.10/site-packages/airflow/example_dags/example_dynamic_task_mapping_with_no_taskflow_operators.py
[2024-12-12T15:46:57.496+0000] {processor.py:826} INFO - Processing file /home/vscode/.local/lib/python3.10/site-packages/airflow/example_dags/example_dynamic_task_mapping_with_no_taskflow_operators.py for tasks to queue
[2024-12-12T15:46:57.497+0000] {logging_mixin.py:150} INFO - [2024-12-12T15:46:57.496+0000] {dagbag.py:541} INFO - Filling up the DagBag from /home/vscode/.local/lib/python3.10/site-packages/airflow/example_dags/example_dynamic_task_mapping_with_no_taskflow_operators.py
[2024-12-12T15:46:57.502+0000] {processor.py:836} INFO - DAG(s) dict_keys(['example_dynamic_task_mapping_with_no_taskflow_operators']) retrieved from /home/vscode/.local/lib/python3.10/site-packages/airflow/example_dags/example_dynamic_task_mapping_with_no_taskflow_operators.py
[2024-12-12T15:46:57.513+0000] {logging_mixin.py:150} INFO - [2024-12-12T15:46:57.513+0000] {dag.py:2742} INFO - Sync 1 DAGs
[2024-12-12T15:46:57.526+0000] {logging_mixin.py:150} INFO - [2024-12-12T15:46:57.525+0000] {dag.py:3504} INFO - Setting next_dagrun for example_dynamic_task_mapping_with_no_taskflow_operators to 2024-12-11T15:46:57.525740+00:00, run_after=2024-12-12T15:46:57.525740+00:00
[2024-12-12T15:46:57.540+0000] {processor.py:179} INFO - Processing /home/vscode/.local/lib/python3.10/site-packages/airflow/example_dags/example_dynamic_task_mapping_with_no_taskflow_operators.py took 0.047 seconds
[2024-12-12T15:47:45.849+0000] {processor.py:157} INFO - Started process (PID=39524) to work on /home/vscode/.local/lib/python3.10/site-packages/airflow/example_dags/example_dynamic_task_mapping_with_no_taskflow_operators.py
[2024-12-12T15:47:45.850+0000] {processor.py:826} INFO - Processing file /home/vscode/.local/lib/python3.10/site-packages/airflow/example_dags/example_dynamic_task_mapping_with_no_taskflow_operators.py for tasks to queue
[2024-12-12T15:47:45.850+0000] {logging_mixin.py:150} INFO - [2024-12-12T15:47:45.850+0000] {dagbag.py:541} INFO - Filling up the DagBag from /home/vscode/.local/lib/python3.10/site-packages/airflow/example_dags/example_dynamic_task_mapping_with_no_taskflow_operators.py
[2024-12-12T15:47:45.856+0000] {processor.py:836} INFO - DAG(s) dict_keys(['example_dynamic_task_mapping_with_no_taskflow_operators']) retrieved from /home/vscode/.local/lib/python3.10/site-packages/airflow/example_dags/example_dynamic_task_mapping_with_no_taskflow_operators.py
[2024-12-12T15:47:45.866+0000] {logging_mixin.py:150} INFO - [2024-12-12T15:47:45.866+0000] {dag.py:2742} INFO - Sync 1 DAGs
[2024-12-12T15:47:45.879+0000] {logging_mixin.py:150} INFO - [2024-12-12T15:47:45.879+0000] {dag.py:3504} INFO - Setting next_dagrun for example_dynamic_task_mapping_with_no_taskflow_operators to 2024-12-11T15:47:45.879320+00:00, run_after=2024-12-12T15:47:45.879320+00:00
[2024-12-12T15:47:45.894+0000] {processor.py:179} INFO - Processing /home/vscode/.local/lib/python3.10/site-packages/airflow/example_dags/example_dynamic_task_mapping_with_no_taskflow_operators.py took 0.047 seconds
[2024-12-12T15:48:30.980+0000] {processor.py:157} INFO - Started process (PID=39873) to work on /home/vscode/.local/lib/python3.10/site-packages/airflow/example_dags/example_dynamic_task_mapping_with_no_taskflow_operators.py
[2024-12-12T15:48:30.981+0000] {processor.py:826} INFO - Processing file /home/vscode/.local/lib/python3.10/site-packages/airflow/example_dags/example_dynamic_task_mapping_with_no_taskflow_operators.py for tasks to queue
[2024-12-12T15:48:30.981+0000] {logging_mixin.py:150} INFO - [2024-12-12T15:48:30.981+0000] {dagbag.py:541} INFO - Filling up the DagBag from /home/vscode/.local/lib/python3.10/site-packages/airflow/example_dags/example_dynamic_task_mapping_with_no_taskflow_operators.py
[2024-12-12T15:48:30.987+0000] {processor.py:836} INFO - DAG(s) dict_keys(['example_dynamic_task_mapping_with_no_taskflow_operators']) retrieved from /home/vscode/.local/lib/python3.10/site-packages/airflow/example_dags/example_dynamic_task_mapping_with_no_taskflow_operators.py
[2024-12-12T15:48:30.997+0000] {logging_mixin.py:150} INFO - [2024-12-12T15:48:30.997+0000] {dag.py:2742} INFO - Sync 1 DAGs
[2024-12-12T15:48:31.010+0000] {logging_mixin.py:150} INFO - [2024-12-12T15:48:31.010+0000] {dag.py:3504} INFO - Setting next_dagrun for example_dynamic_task_mapping_with_no_taskflow_operators to 2024-12-11T15:48:31.010064+00:00, run_after=2024-12-12T15:48:31.010064+00:00
[2024-12-12T15:48:31.025+0000] {processor.py:179} INFO - Processing /home/vscode/.local/lib/python3.10/site-packages/airflow/example_dags/example_dynamic_task_mapping_with_no_taskflow_operators.py took 0.047 seconds
[2024-12-12T15:49:25.692+0000] {processor.py:157} INFO - Started process (PID=40325) to work on /home/vscode/.local/lib/python3.10/site-packages/airflow/example_dags/example_dynamic_task_mapping_with_no_taskflow_operators.py
[2024-12-12T15:49:25.692+0000] {processor.py:826} INFO - Processing file /home/vscode/.local/lib/python3.10/site-packages/airflow/example_dags/example_dynamic_task_mapping_with_no_taskflow_operators.py for tasks to queue
[2024-12-12T15:49:25.693+0000] {logging_mixin.py:150} INFO - [2024-12-12T15:49:25.693+0000] {dagbag.py:541} INFO - Filling up the DagBag from /home/vscode/.local/lib/python3.10/site-packages/airflow/example_dags/example_dynamic_task_mapping_with_no_taskflow_operators.py
[2024-12-12T15:49:25.698+0000] {processor.py:836} INFO - DAG(s) dict_keys(['example_dynamic_task_mapping_with_no_taskflow_operators']) retrieved from /home/vscode/.local/lib/python3.10/site-packages/airflow/example_dags/example_dynamic_task_mapping_with_no_taskflow_operators.py
[2024-12-12T15:49:25.709+0000] {logging_mixin.py:150} INFO - [2024-12-12T15:49:25.708+0000] {dag.py:2742} INFO - Sync 1 DAGs
[2024-12-12T15:49:25.721+0000] {logging_mixin.py:150} INFO - [2024-12-12T15:49:25.721+0000] {dag.py:3504} INFO - Setting next_dagrun for example_dynamic_task_mapping_with_no_taskflow_operators to 2024-12-11T15:49:25.721646+00:00, run_after=2024-12-12T15:49:25.721646+00:00
[2024-12-12T15:49:25.735+0000] {processor.py:179} INFO - Processing /home/vscode/.local/lib/python3.10/site-packages/airflow/example_dags/example_dynamic_task_mapping_with_no_taskflow_operators.py took 0.045 seconds
[2024-12-12T15:50:09.635+0000] {processor.py:157} INFO - Started process (PID=40674) to work on /home/vscode/.local/lib/python3.10/site-packages/airflow/example_dags/example_dynamic_task_mapping_with_no_taskflow_operators.py
[2024-12-12T15:50:09.636+0000] {processor.py:826} INFO - Processing file /home/vscode/.local/lib/python3.10/site-packages/airflow/example_dags/example_dynamic_task_mapping_with_no_taskflow_operators.py for tasks to queue
[2024-12-12T15:50:09.636+0000] {logging_mixin.py:150} INFO - [2024-12-12T15:50:09.636+0000] {dagbag.py:541} INFO - Filling up the DagBag from /home/vscode/.local/lib/python3.10/site-packages/airflow/example_dags/example_dynamic_task_mapping_with_no_taskflow_operators.py
[2024-12-12T15:50:09.641+0000] {processor.py:836} INFO - DAG(s) dict_keys(['example_dynamic_task_mapping_with_no_taskflow_operators']) retrieved from /home/vscode/.local/lib/python3.10/site-packages/airflow/example_dags/example_dynamic_task_mapping_with_no_taskflow_operators.py
[2024-12-12T15:50:09.651+0000] {logging_mixin.py:150} INFO - [2024-12-12T15:50:09.651+0000] {dag.py:2742} INFO - Sync 1 DAGs
[2024-12-12T15:50:09.664+0000] {logging_mixin.py:150} INFO - [2024-12-12T15:50:09.664+0000] {dag.py:3504} INFO - Setting next_dagrun for example_dynamic_task_mapping_with_no_taskflow_operators to 2024-12-11T15:50:09.664562+00:00, run_after=2024-12-12T15:50:09.664562+00:00
[2024-12-12T15:50:09.678+0000] {processor.py:179} INFO - Processing /home/vscode/.local/lib/python3.10/site-packages/airflow/example_dags/example_dynamic_task_mapping_with_no_taskflow_operators.py took 0.045 seconds
[2024-12-12T15:50:50.743+0000] {processor.py:157} INFO - Started process (PID=40995) to work on /home/vscode/.local/lib/python3.10/site-packages/airflow/example_dags/example_dynamic_task_mapping_with_no_taskflow_operators.py
[2024-12-12T15:50:50.744+0000] {processor.py:826} INFO - Processing file /home/vscode/.local/lib/python3.10/site-packages/airflow/example_dags/example_dynamic_task_mapping_with_no_taskflow_operators.py for tasks to queue
[2024-12-12T15:50:50.745+0000] {logging_mixin.py:150} INFO - [2024-12-12T15:50:50.744+0000] {dagbag.py:541} INFO - Filling up the DagBag from /home/vscode/.local/lib/python3.10/site-packages/airflow/example_dags/example_dynamic_task_mapping_with_no_taskflow_operators.py
[2024-12-12T15:50:50.750+0000] {processor.py:836} INFO - DAG(s) dict_keys(['example_dynamic_task_mapping_with_no_taskflow_operators']) retrieved from /home/vscode/.local/lib/python3.10/site-packages/airflow/example_dags/example_dynamic_task_mapping_with_no_taskflow_operators.py
[2024-12-12T15:50:50.760+0000] {logging_mixin.py:150} INFO - [2024-12-12T15:50:50.760+0000] {dag.py:2742} INFO - Sync 1 DAGs
[2024-12-12T15:50:50.773+0000] {logging_mixin.py:150} INFO - [2024-12-12T15:50:50.773+0000] {dag.py:3504} INFO - Setting next_dagrun for example_dynamic_task_mapping_with_no_taskflow_operators to 2024-12-11T15:50:50.773079+00:00, run_after=2024-12-12T15:50:50.773079+00:00
[2024-12-12T15:50:50.786+0000] {processor.py:179} INFO - Processing /home/vscode/.local/lib/python3.10/site-packages/airflow/example_dags/example_dynamic_task_mapping_with_no_taskflow_operators.py took 0.045 seconds
[2024-12-12T15:51:40.348+0000] {processor.py:157} INFO - Started process (PID=41379) to work on /home/vscode/.local/lib/python3.10/site-packages/airflow/example_dags/example_dynamic_task_mapping_with_no_taskflow_operators.py
[2024-12-12T15:51:40.348+0000] {processor.py:826} INFO - Processing file /home/vscode/.local/lib/python3.10/site-packages/airflow/example_dags/example_dynamic_task_mapping_with_no_taskflow_operators.py for tasks to queue
[2024-12-12T15:51:40.349+0000] {logging_mixin.py:150} INFO - [2024-12-12T15:51:40.349+0000] {dagbag.py:541} INFO - Filling up the DagBag from /home/vscode/.local/lib/python3.10/site-packages/airflow/example_dags/example_dynamic_task_mapping_with_no_taskflow_operators.py
[2024-12-12T15:51:40.354+0000] {processor.py:836} INFO - DAG(s) dict_keys(['example_dynamic_task_mapping_with_no_taskflow_operators']) retrieved from /home/vscode/.local/lib/python3.10/site-packages/airflow/example_dags/example_dynamic_task_mapping_with_no_taskflow_operators.py
[2024-12-12T15:51:40.364+0000] {logging_mixin.py:150} INFO - [2024-12-12T15:51:40.364+0000] {dag.py:2742} INFO - Sync 1 DAGs
[2024-12-12T15:51:40.377+0000] {logging_mixin.py:150} INFO - [2024-12-12T15:51:40.377+0000] {dag.py:3504} INFO - Setting next_dagrun for example_dynamic_task_mapping_with_no_taskflow_operators to 2024-12-11T15:51:40.377194+00:00, run_after=2024-12-12T15:51:40.377194+00:00
[2024-12-12T15:51:40.390+0000] {processor.py:179} INFO - Processing /home/vscode/.local/lib/python3.10/site-packages/airflow/example_dags/example_dynamic_task_mapping_with_no_taskflow_operators.py took 0.045 seconds
[2024-12-12T15:52:27.689+0000] {processor.py:157} INFO - Started process (PID=41741) to work on /home/vscode/.local/lib/python3.10/site-packages/airflow/example_dags/example_dynamic_task_mapping_with_no_taskflow_operators.py
[2024-12-12T15:52:27.689+0000] {processor.py:826} INFO - Processing file /home/vscode/.local/lib/python3.10/site-packages/airflow/example_dags/example_dynamic_task_mapping_with_no_taskflow_operators.py for tasks to queue
[2024-12-12T15:52:27.690+0000] {logging_mixin.py:150} INFO - [2024-12-12T15:52:27.689+0000] {dagbag.py:541} INFO - Filling up the DagBag from /home/vscode/.local/lib/python3.10/site-packages/airflow/example_dags/example_dynamic_task_mapping_with_no_taskflow_operators.py
[2024-12-12T15:52:27.695+0000] {processor.py:836} INFO - DAG(s) dict_keys(['example_dynamic_task_mapping_with_no_taskflow_operators']) retrieved from /home/vscode/.local/lib/python3.10/site-packages/airflow/example_dags/example_dynamic_task_mapping_with_no_taskflow_operators.py
[2024-12-12T15:52:27.705+0000] {logging_mixin.py:150} INFO - [2024-12-12T15:52:27.705+0000] {dag.py:2742} INFO - Sync 1 DAGs
[2024-12-12T15:52:27.718+0000] {logging_mixin.py:150} INFO - [2024-12-12T15:52:27.718+0000] {dag.py:3504} INFO - Setting next_dagrun for example_dynamic_task_mapping_with_no_taskflow_operators to 2024-12-11T15:52:27.718568+00:00, run_after=2024-12-12T15:52:27.718568+00:00
[2024-12-12T15:52:27.733+0000] {processor.py:179} INFO - Processing /home/vscode/.local/lib/python3.10/site-packages/airflow/example_dags/example_dynamic_task_mapping_with_no_taskflow_operators.py took 0.046 seconds
[2024-12-12T15:53:11.624+0000] {processor.py:157} INFO - Started process (PID=42039) to work on /home/vscode/.local/lib/python3.10/site-packages/airflow/example_dags/example_dynamic_task_mapping_with_no_taskflow_operators.py
[2024-12-12T15:53:11.625+0000] {processor.py:826} INFO - Processing file /home/vscode/.local/lib/python3.10/site-packages/airflow/example_dags/example_dynamic_task_mapping_with_no_taskflow_operators.py for tasks to queue
[2024-12-12T15:53:11.625+0000] {logging_mixin.py:150} INFO - [2024-12-12T15:53:11.625+0000] {dagbag.py:541} INFO - Filling up the DagBag from /home/vscode/.local/lib/python3.10/site-packages/airflow/example_dags/example_dynamic_task_mapping_with_no_taskflow_operators.py
[2024-12-12T15:53:11.630+0000] {processor.py:836} INFO - DAG(s) dict_keys(['example_dynamic_task_mapping_with_no_taskflow_operators']) retrieved from /home/vscode/.local/lib/python3.10/site-packages/airflow/example_dags/example_dynamic_task_mapping_with_no_taskflow_operators.py
[2024-12-12T15:53:11.641+0000] {logging_mixin.py:150} INFO - [2024-12-12T15:53:11.641+0000] {dag.py:2742} INFO - Sync 1 DAGs
[2024-12-12T15:53:11.654+0000] {logging_mixin.py:150} INFO - [2024-12-12T15:53:11.654+0000] {dag.py:3504} INFO - Setting next_dagrun for example_dynamic_task_mapping_with_no_taskflow_operators to 2024-12-11T15:53:11.654058+00:00, run_after=2024-12-12T15:53:11.654058+00:00
[2024-12-12T15:53:11.671+0000] {processor.py:179} INFO - Processing /home/vscode/.local/lib/python3.10/site-packages/airflow/example_dags/example_dynamic_task_mapping_with_no_taskflow_operators.py took 0.049 seconds
[2024-12-12T15:54:09.218+0000] {processor.py:157} INFO - Started process (PID=42458) to work on /home/vscode/.local/lib/python3.10/site-packages/airflow/example_dags/example_dynamic_task_mapping_with_no_taskflow_operators.py
[2024-12-12T15:54:09.219+0000] {processor.py:826} INFO - Processing file /home/vscode/.local/lib/python3.10/site-packages/airflow/example_dags/example_dynamic_task_mapping_with_no_taskflow_operators.py for tasks to queue
[2024-12-12T15:54:09.220+0000] {logging_mixin.py:150} INFO - [2024-12-12T15:54:09.219+0000] {dagbag.py:541} INFO - Filling up the DagBag from /home/vscode/.local/lib/python3.10/site-packages/airflow/example_dags/example_dynamic_task_mapping_with_no_taskflow_operators.py
[2024-12-12T15:54:09.225+0000] {processor.py:836} INFO - DAG(s) dict_keys(['example_dynamic_task_mapping_with_no_taskflow_operators']) retrieved from /home/vscode/.local/lib/python3.10/site-packages/airflow/example_dags/example_dynamic_task_mapping_with_no_taskflow_operators.py
[2024-12-12T15:54:09.235+0000] {logging_mixin.py:150} INFO - [2024-12-12T15:54:09.235+0000] {dag.py:2742} INFO - Sync 1 DAGs
[2024-12-12T15:54:09.248+0000] {logging_mixin.py:150} INFO - [2024-12-12T15:54:09.247+0000] {dag.py:3504} INFO - Setting next_dagrun for example_dynamic_task_mapping_with_no_taskflow_operators to 2024-12-11T15:54:09.247736+00:00, run_after=2024-12-12T15:54:09.247736+00:00
[2024-12-12T15:54:09.262+0000] {processor.py:179} INFO - Processing /home/vscode/.local/lib/python3.10/site-packages/airflow/example_dags/example_dynamic_task_mapping_with_no_taskflow_operators.py took 0.045 seconds
[2024-12-12T15:54:54.357+0000] {processor.py:157} INFO - Started process (PID=42763) to work on /home/vscode/.local/lib/python3.10/site-packages/airflow/example_dags/example_dynamic_task_mapping_with_no_taskflow_operators.py
[2024-12-12T15:54:54.357+0000] {processor.py:826} INFO - Processing file /home/vscode/.local/lib/python3.10/site-packages/airflow/example_dags/example_dynamic_task_mapping_with_no_taskflow_operators.py for tasks to queue
[2024-12-12T15:54:54.358+0000] {logging_mixin.py:150} INFO - [2024-12-12T15:54:54.358+0000] {dagbag.py:541} INFO - Filling up the DagBag from /home/vscode/.local/lib/python3.10/site-packages/airflow/example_dags/example_dynamic_task_mapping_with_no_taskflow_operators.py
[2024-12-12T15:54:54.363+0000] {processor.py:836} INFO - DAG(s) dict_keys(['example_dynamic_task_mapping_with_no_taskflow_operators']) retrieved from /home/vscode/.local/lib/python3.10/site-packages/airflow/example_dags/example_dynamic_task_mapping_with_no_taskflow_operators.py
[2024-12-12T15:54:54.373+0000] {logging_mixin.py:150} INFO - [2024-12-12T15:54:54.373+0000] {dag.py:2742} INFO - Sync 1 DAGs
[2024-12-12T15:54:54.386+0000] {logging_mixin.py:150} INFO - [2024-12-12T15:54:54.385+0000] {dag.py:3504} INFO - Setting next_dagrun for example_dynamic_task_mapping_with_no_taskflow_operators to 2024-12-11T15:54:54.385773+00:00, run_after=2024-12-12T15:54:54.385773+00:00
[2024-12-12T15:54:54.400+0000] {processor.py:179} INFO - Processing /home/vscode/.local/lib/python3.10/site-packages/airflow/example_dags/example_dynamic_task_mapping_with_no_taskflow_operators.py took 0.045 seconds
[2024-12-12T15:55:40.303+0000] {processor.py:157} INFO - Started process (PID=43082) to work on /home/vscode/.local/lib/python3.10/site-packages/airflow/example_dags/example_dynamic_task_mapping_with_no_taskflow_operators.py
[2024-12-12T15:55:40.303+0000] {processor.py:826} INFO - Processing file /home/vscode/.local/lib/python3.10/site-packages/airflow/example_dags/example_dynamic_task_mapping_with_no_taskflow_operators.py for tasks to queue
[2024-12-12T15:55:40.304+0000] {logging_mixin.py:150} INFO - [2024-12-12T15:55:40.304+0000] {dagbag.py:541} INFO - Filling up the DagBag from /home/vscode/.local/lib/python3.10/site-packages/airflow/example_dags/example_dynamic_task_mapping_with_no_taskflow_operators.py
[2024-12-12T15:55:40.309+0000] {processor.py:836} INFO - DAG(s) dict_keys(['example_dynamic_task_mapping_with_no_taskflow_operators']) retrieved from /home/vscode/.local/lib/python3.10/site-packages/airflow/example_dags/example_dynamic_task_mapping_with_no_taskflow_operators.py
[2024-12-12T15:55:40.319+0000] {logging_mixin.py:150} INFO - [2024-12-12T15:55:40.319+0000] {dag.py:2742} INFO - Sync 1 DAGs
[2024-12-12T15:55:40.332+0000] {logging_mixin.py:150} INFO - [2024-12-12T15:55:40.331+0000] {dag.py:3504} INFO - Setting next_dagrun for example_dynamic_task_mapping_with_no_taskflow_operators to 2024-12-11T15:55:40.331804+00:00, run_after=2024-12-12T15:55:40.331804+00:00
[2024-12-12T15:55:40.346+0000] {processor.py:179} INFO - Processing /home/vscode/.local/lib/python3.10/site-packages/airflow/example_dags/example_dynamic_task_mapping_with_no_taskflow_operators.py took 0.045 seconds
[2024-12-12T15:56:26.741+0000] {processor.py:157} INFO - Started process (PID=43400) to work on /home/vscode/.local/lib/python3.10/site-packages/airflow/example_dags/example_dynamic_task_mapping_with_no_taskflow_operators.py
[2024-12-12T15:56:26.742+0000] {processor.py:826} INFO - Processing file /home/vscode/.local/lib/python3.10/site-packages/airflow/example_dags/example_dynamic_task_mapping_with_no_taskflow_operators.py for tasks to queue
[2024-12-12T15:56:26.742+0000] {logging_mixin.py:150} INFO - [2024-12-12T15:56:26.742+0000] {dagbag.py:541} INFO - Filling up the DagBag from /home/vscode/.local/lib/python3.10/site-packages/airflow/example_dags/example_dynamic_task_mapping_with_no_taskflow_operators.py
[2024-12-12T15:56:26.748+0000] {processor.py:836} INFO - DAG(s) dict_keys(['example_dynamic_task_mapping_with_no_taskflow_operators']) retrieved from /home/vscode/.local/lib/python3.10/site-packages/airflow/example_dags/example_dynamic_task_mapping_with_no_taskflow_operators.py
[2024-12-12T15:56:26.759+0000] {logging_mixin.py:150} INFO - [2024-12-12T15:56:26.759+0000] {dag.py:2742} INFO - Sync 1 DAGs
[2024-12-12T15:56:26.772+0000] {logging_mixin.py:150} INFO - [2024-12-12T15:56:26.772+0000] {dag.py:3504} INFO - Setting next_dagrun for example_dynamic_task_mapping_with_no_taskflow_operators to 2024-12-11T15:56:26.771852+00:00, run_after=2024-12-12T15:56:26.771852+00:00
[2024-12-12T15:56:26.785+0000] {processor.py:179} INFO - Processing /home/vscode/.local/lib/python3.10/site-packages/airflow/example_dags/example_dynamic_task_mapping_with_no_taskflow_operators.py took 0.046 seconds
[2024-12-12T15:57:16.811+0000] {processor.py:157} INFO - Started process (PID=43745) to work on /home/vscode/.local/lib/python3.10/site-packages/airflow/example_dags/example_dynamic_task_mapping_with_no_taskflow_operators.py
[2024-12-12T15:57:16.812+0000] {processor.py:826} INFO - Processing file /home/vscode/.local/lib/python3.10/site-packages/airflow/example_dags/example_dynamic_task_mapping_with_no_taskflow_operators.py for tasks to queue
[2024-12-12T15:57:16.813+0000] {logging_mixin.py:150} INFO - [2024-12-12T15:57:16.813+0000] {dagbag.py:541} INFO - Filling up the DagBag from /home/vscode/.local/lib/python3.10/site-packages/airflow/example_dags/example_dynamic_task_mapping_with_no_taskflow_operators.py
[2024-12-12T15:57:16.818+0000] {processor.py:836} INFO - DAG(s) dict_keys(['example_dynamic_task_mapping_with_no_taskflow_operators']) retrieved from /home/vscode/.local/lib/python3.10/site-packages/airflow/example_dags/example_dynamic_task_mapping_with_no_taskflow_operators.py
[2024-12-12T15:57:16.829+0000] {logging_mixin.py:150} INFO - [2024-12-12T15:57:16.829+0000] {dag.py:2742} INFO - Sync 1 DAGs
[2024-12-12T15:57:16.842+0000] {logging_mixin.py:150} INFO - [2024-12-12T15:57:16.842+0000] {dag.py:3504} INFO - Setting next_dagrun for example_dynamic_task_mapping_with_no_taskflow_operators to 2024-12-11T15:57:16.842426+00:00, run_after=2024-12-12T15:57:16.842426+00:00
[2024-12-12T15:57:16.856+0000] {processor.py:179} INFO - Processing /home/vscode/.local/lib/python3.10/site-packages/airflow/example_dags/example_dynamic_task_mapping_with_no_taskflow_operators.py took 0.047 seconds
[2024-12-12T15:58:06.684+0000] {processor.py:157} INFO - Started process (PID=44094) to work on /home/vscode/.local/lib/python3.10/site-packages/airflow/example_dags/example_dynamic_task_mapping_with_no_taskflow_operators.py
[2024-12-12T15:58:06.685+0000] {processor.py:826} INFO - Processing file /home/vscode/.local/lib/python3.10/site-packages/airflow/example_dags/example_dynamic_task_mapping_with_no_taskflow_operators.py for tasks to queue
[2024-12-12T15:58:06.685+0000] {logging_mixin.py:150} INFO - [2024-12-12T15:58:06.685+0000] {dagbag.py:541} INFO - Filling up the DagBag from /home/vscode/.local/lib/python3.10/site-packages/airflow/example_dags/example_dynamic_task_mapping_with_no_taskflow_operators.py
[2024-12-12T15:58:06.690+0000] {processor.py:836} INFO - DAG(s) dict_keys(['example_dynamic_task_mapping_with_no_taskflow_operators']) retrieved from /home/vscode/.local/lib/python3.10/site-packages/airflow/example_dags/example_dynamic_task_mapping_with_no_taskflow_operators.py
[2024-12-12T15:58:06.700+0000] {logging_mixin.py:150} INFO - [2024-12-12T15:58:06.700+0000] {dag.py:2742} INFO - Sync 1 DAGs
[2024-12-12T15:58:06.713+0000] {logging_mixin.py:150} INFO - [2024-12-12T15:58:06.713+0000] {dag.py:3504} INFO - Setting next_dagrun for example_dynamic_task_mapping_with_no_taskflow_operators to 2024-12-11T15:58:06.713417+00:00, run_after=2024-12-12T15:58:06.713417+00:00
[2024-12-12T15:58:06.727+0000] {processor.py:179} INFO - Processing /home/vscode/.local/lib/python3.10/site-packages/airflow/example_dags/example_dynamic_task_mapping_with_no_taskflow_operators.py took 0.045 seconds
[2024-12-12T15:58:52.030+0000] {processor.py:157} INFO - Started process (PID=44470) to work on /home/vscode/.local/lib/python3.10/site-packages/airflow/example_dags/example_dynamic_task_mapping_with_no_taskflow_operators.py
[2024-12-12T15:58:52.031+0000] {processor.py:826} INFO - Processing file /home/vscode/.local/lib/python3.10/site-packages/airflow/example_dags/example_dynamic_task_mapping_with_no_taskflow_operators.py for tasks to queue
[2024-12-12T15:58:52.031+0000] {logging_mixin.py:150} INFO - [2024-12-12T15:58:52.031+0000] {dagbag.py:541} INFO - Filling up the DagBag from /home/vscode/.local/lib/python3.10/site-packages/airflow/example_dags/example_dynamic_task_mapping_with_no_taskflow_operators.py
[2024-12-12T15:58:52.036+0000] {processor.py:836} INFO - DAG(s) dict_keys(['example_dynamic_task_mapping_with_no_taskflow_operators']) retrieved from /home/vscode/.local/lib/python3.10/site-packages/airflow/example_dags/example_dynamic_task_mapping_with_no_taskflow_operators.py
[2024-12-12T15:58:52.046+0000] {logging_mixin.py:150} INFO - [2024-12-12T15:58:52.046+0000] {dag.py:2742} INFO - Sync 1 DAGs
[2024-12-12T15:58:52.059+0000] {logging_mixin.py:150} INFO - [2024-12-12T15:58:52.059+0000] {dag.py:3504} INFO - Setting next_dagrun for example_dynamic_task_mapping_with_no_taskflow_operators to 2024-12-11T15:58:52.059519+00:00, run_after=2024-12-12T15:58:52.059519+00:00
[2024-12-12T15:58:52.074+0000] {processor.py:179} INFO - Processing /home/vscode/.local/lib/python3.10/site-packages/airflow/example_dags/example_dynamic_task_mapping_with_no_taskflow_operators.py took 0.046 seconds
[2024-12-12T15:59:33.645+0000] {processor.py:157} INFO - Started process (PID=44788) to work on /home/vscode/.local/lib/python3.10/site-packages/airflow/example_dags/example_dynamic_task_mapping_with_no_taskflow_operators.py
[2024-12-12T15:59:33.645+0000] {processor.py:826} INFO - Processing file /home/vscode/.local/lib/python3.10/site-packages/airflow/example_dags/example_dynamic_task_mapping_with_no_taskflow_operators.py for tasks to queue
[2024-12-12T15:59:33.646+0000] {logging_mixin.py:150} INFO - [2024-12-12T15:59:33.646+0000] {dagbag.py:541} INFO - Filling up the DagBag from /home/vscode/.local/lib/python3.10/site-packages/airflow/example_dags/example_dynamic_task_mapping_with_no_taskflow_operators.py
[2024-12-12T15:59:33.651+0000] {processor.py:836} INFO - DAG(s) dict_keys(['example_dynamic_task_mapping_with_no_taskflow_operators']) retrieved from /home/vscode/.local/lib/python3.10/site-packages/airflow/example_dags/example_dynamic_task_mapping_with_no_taskflow_operators.py
[2024-12-12T15:59:33.661+0000] {logging_mixin.py:150} INFO - [2024-12-12T15:59:33.661+0000] {dag.py:2742} INFO - Sync 1 DAGs
[2024-12-12T15:59:33.674+0000] {logging_mixin.py:150} INFO - [2024-12-12T15:59:33.674+0000] {dag.py:3504} INFO - Setting next_dagrun for example_dynamic_task_mapping_with_no_taskflow_operators to 2024-12-11T15:59:33.673924+00:00, run_after=2024-12-12T15:59:33.673924+00:00
[2024-12-12T15:59:33.688+0000] {processor.py:179} INFO - Processing /home/vscode/.local/lib/python3.10/site-packages/airflow/example_dags/example_dynamic_task_mapping_with_no_taskflow_operators.py took 0.045 seconds
[2024-12-12T16:00:18.228+0000] {processor.py:157} INFO - Started process (PID=45118) to work on /home/vscode/.local/lib/python3.10/site-packages/airflow/example_dags/example_dynamic_task_mapping_with_no_taskflow_operators.py
[2024-12-12T16:00:18.228+0000] {processor.py:826} INFO - Processing file /home/vscode/.local/lib/python3.10/site-packages/airflow/example_dags/example_dynamic_task_mapping_with_no_taskflow_operators.py for tasks to queue
[2024-12-12T16:00:18.229+0000] {logging_mixin.py:150} INFO - [2024-12-12T16:00:18.229+0000] {dagbag.py:541} INFO - Filling up the DagBag from /home/vscode/.local/lib/python3.10/site-packages/airflow/example_dags/example_dynamic_task_mapping_with_no_taskflow_operators.py
[2024-12-12T16:00:18.234+0000] {processor.py:836} INFO - DAG(s) dict_keys(['example_dynamic_task_mapping_with_no_taskflow_operators']) retrieved from /home/vscode/.local/lib/python3.10/site-packages/airflow/example_dags/example_dynamic_task_mapping_with_no_taskflow_operators.py
[2024-12-12T16:00:18.244+0000] {logging_mixin.py:150} INFO - [2024-12-12T16:00:18.244+0000] {dag.py:2742} INFO - Sync 1 DAGs
[2024-12-12T16:00:18.258+0000] {logging_mixin.py:150} INFO - [2024-12-12T16:00:18.258+0000] {dag.py:3504} INFO - Setting next_dagrun for example_dynamic_task_mapping_with_no_taskflow_operators to 2024-12-11T16:00:18.258035+00:00, run_after=2024-12-12T16:00:18.258035+00:00
[2024-12-12T16:00:18.271+0000] {processor.py:179} INFO - Processing /home/vscode/.local/lib/python3.10/site-packages/airflow/example_dags/example_dynamic_task_mapping_with_no_taskflow_operators.py took 0.046 seconds
[2024-12-12T16:01:03.843+0000] {processor.py:157} INFO - Started process (PID=45423) to work on /home/vscode/.local/lib/python3.10/site-packages/airflow/example_dags/example_dynamic_task_mapping_with_no_taskflow_operators.py
[2024-12-12T16:01:03.844+0000] {processor.py:826} INFO - Processing file /home/vscode/.local/lib/python3.10/site-packages/airflow/example_dags/example_dynamic_task_mapping_with_no_taskflow_operators.py for tasks to queue
[2024-12-12T16:01:03.844+0000] {logging_mixin.py:150} INFO - [2024-12-12T16:01:03.844+0000] {dagbag.py:541} INFO - Filling up the DagBag from /home/vscode/.local/lib/python3.10/site-packages/airflow/example_dags/example_dynamic_task_mapping_with_no_taskflow_operators.py
[2024-12-12T16:01:03.850+0000] {processor.py:836} INFO - DAG(s) dict_keys(['example_dynamic_task_mapping_with_no_taskflow_operators']) retrieved from /home/vscode/.local/lib/python3.10/site-packages/airflow/example_dags/example_dynamic_task_mapping_with_no_taskflow_operators.py
[2024-12-12T16:01:03.862+0000] {logging_mixin.py:150} INFO - [2024-12-12T16:01:03.861+0000] {dag.py:2742} INFO - Sync 1 DAGs
[2024-12-12T16:01:03.881+0000] {logging_mixin.py:150} INFO - [2024-12-12T16:01:03.881+0000] {dag.py:3504} INFO - Setting next_dagrun for example_dynamic_task_mapping_with_no_taskflow_operators to 2024-12-11T16:01:03.881558+00:00, run_after=2024-12-12T16:01:03.881558+00:00
[2024-12-12T16:01:03.898+0000] {processor.py:179} INFO - Processing /home/vscode/.local/lib/python3.10/site-packages/airflow/example_dags/example_dynamic_task_mapping_with_no_taskflow_operators.py took 0.057 seconds
[2024-12-12T16:01:48.178+0000] {processor.py:157} INFO - Started process (PID=45736) to work on /home/vscode/.local/lib/python3.10/site-packages/airflow/example_dags/example_dynamic_task_mapping_with_no_taskflow_operators.py
[2024-12-12T16:01:48.179+0000] {processor.py:826} INFO - Processing file /home/vscode/.local/lib/python3.10/site-packages/airflow/example_dags/example_dynamic_task_mapping_with_no_taskflow_operators.py for tasks to queue
[2024-12-12T16:01:48.180+0000] {logging_mixin.py:150} INFO - [2024-12-12T16:01:48.180+0000] {dagbag.py:541} INFO - Filling up the DagBag from /home/vscode/.local/lib/python3.10/site-packages/airflow/example_dags/example_dynamic_task_mapping_with_no_taskflow_operators.py
[2024-12-12T16:01:48.187+0000] {processor.py:836} INFO - DAG(s) dict_keys(['example_dynamic_task_mapping_with_no_taskflow_operators']) retrieved from /home/vscode/.local/lib/python3.10/site-packages/airflow/example_dags/example_dynamic_task_mapping_with_no_taskflow_operators.py
[2024-12-12T16:01:48.203+0000] {logging_mixin.py:150} INFO - [2024-12-12T16:01:48.203+0000] {dag.py:2742} INFO - Sync 1 DAGs
[2024-12-12T16:01:48.221+0000] {logging_mixin.py:150} INFO - [2024-12-12T16:01:48.221+0000] {dag.py:3504} INFO - Setting next_dagrun for example_dynamic_task_mapping_with_no_taskflow_operators to 2024-12-11T16:01:48.221497+00:00, run_after=2024-12-12T16:01:48.221497+00:00
[2024-12-12T16:01:48.238+0000] {processor.py:179} INFO - Processing /home/vscode/.local/lib/python3.10/site-packages/airflow/example_dags/example_dynamic_task_mapping_with_no_taskflow_operators.py took 0.063 seconds
[2024-12-12T16:02:31.075+0000] {processor.py:157} INFO - Started process (PID=46056) to work on /home/vscode/.local/lib/python3.10/site-packages/airflow/example_dags/example_dynamic_task_mapping_with_no_taskflow_operators.py
[2024-12-12T16:02:31.075+0000] {processor.py:826} INFO - Processing file /home/vscode/.local/lib/python3.10/site-packages/airflow/example_dags/example_dynamic_task_mapping_with_no_taskflow_operators.py for tasks to queue
[2024-12-12T16:02:31.076+0000] {logging_mixin.py:150} INFO - [2024-12-12T16:02:31.076+0000] {dagbag.py:541} INFO - Filling up the DagBag from /home/vscode/.local/lib/python3.10/site-packages/airflow/example_dags/example_dynamic_task_mapping_with_no_taskflow_operators.py
[2024-12-12T16:02:31.083+0000] {processor.py:836} INFO - DAG(s) dict_keys(['example_dynamic_task_mapping_with_no_taskflow_operators']) retrieved from /home/vscode/.local/lib/python3.10/site-packages/airflow/example_dags/example_dynamic_task_mapping_with_no_taskflow_operators.py
[2024-12-12T16:02:31.094+0000] {logging_mixin.py:150} INFO - [2024-12-12T16:02:31.093+0000] {dag.py:2742} INFO - Sync 1 DAGs
[2024-12-12T16:02:31.107+0000] {logging_mixin.py:150} INFO - [2024-12-12T16:02:31.107+0000] {dag.py:3504} INFO - Setting next_dagrun for example_dynamic_task_mapping_with_no_taskflow_operators to 2024-12-11T16:02:31.107310+00:00, run_after=2024-12-12T16:02:31.107310+00:00
[2024-12-12T16:02:31.121+0000] {processor.py:179} INFO - Processing /home/vscode/.local/lib/python3.10/site-packages/airflow/example_dags/example_dynamic_task_mapping_with_no_taskflow_operators.py took 0.049 seconds
[2024-12-12T16:03:27.584+0000] {processor.py:157} INFO - Started process (PID=46464) to work on /home/vscode/.local/lib/python3.10/site-packages/airflow/example_dags/example_dynamic_task_mapping_with_no_taskflow_operators.py
[2024-12-12T16:03:27.584+0000] {processor.py:826} INFO - Processing file /home/vscode/.local/lib/python3.10/site-packages/airflow/example_dags/example_dynamic_task_mapping_with_no_taskflow_operators.py for tasks to queue
[2024-12-12T16:03:27.585+0000] {logging_mixin.py:150} INFO - [2024-12-12T16:03:27.585+0000] {dagbag.py:541} INFO - Filling up the DagBag from /home/vscode/.local/lib/python3.10/site-packages/airflow/example_dags/example_dynamic_task_mapping_with_no_taskflow_operators.py
[2024-12-12T16:03:27.590+0000] {processor.py:836} INFO - DAG(s) dict_keys(['example_dynamic_task_mapping_with_no_taskflow_operators']) retrieved from /home/vscode/.local/lib/python3.10/site-packages/airflow/example_dags/example_dynamic_task_mapping_with_no_taskflow_operators.py
[2024-12-12T16:03:27.601+0000] {logging_mixin.py:150} INFO - [2024-12-12T16:03:27.601+0000] {dag.py:2742} INFO - Sync 1 DAGs
[2024-12-12T16:03:27.614+0000] {logging_mixin.py:150} INFO - [2024-12-12T16:03:27.614+0000] {dag.py:3504} INFO - Setting next_dagrun for example_dynamic_task_mapping_with_no_taskflow_operators to 2024-12-11T16:03:27.613993+00:00, run_after=2024-12-12T16:03:27.613993+00:00
[2024-12-12T16:03:27.628+0000] {processor.py:179} INFO - Processing /home/vscode/.local/lib/python3.10/site-packages/airflow/example_dags/example_dynamic_task_mapping_with_no_taskflow_operators.py took 0.046 seconds
