[2024-12-12T15:30:19.708+0000] {processor.py:157} INFO - Started process (PID=30751) to work on /home/vscode/.local/lib/python3.10/site-packages/airflow/example_dags/example_xcomargs.py
[2024-12-12T15:30:19.709+0000] {processor.py:826} INFO - Processing file /home/vscode/.local/lib/python3.10/site-packages/airflow/example_dags/example_xcomargs.py for tasks to queue
[2024-12-12T15:30:19.710+0000] {logging_mixin.py:150} INFO - [2024-12-12T15:30:19.709+0000] {dagbag.py:541} INFO - Filling up the DagBag from /home/vscode/.local/lib/python3.10/site-packages/airflow/example_dags/example_xcomargs.py
[2024-12-12T15:30:19.717+0000] {processor.py:836} INFO - DAG(s) dict_keys(['example_xcom_args_with_operators', 'example_xcom_args']) retrieved from /home/vscode/.local/lib/python3.10/site-packages/airflow/example_dags/example_xcomargs.py
[2024-12-12T15:30:19.859+0000] {logging_mixin.py:150} INFO - [2024-12-12T15:30:19.859+0000] {manager.py:504} INFO - Created Permission View: can delete on DAG:example_xcom_args_with_operators
[2024-12-12T15:30:19.867+0000] {logging_mixin.py:150} INFO - [2024-12-12T15:30:19.867+0000] {manager.py:504} INFO - Created Permission View: can read on DAG:example_xcom_args_with_operators
[2024-12-12T15:30:19.872+0000] {logging_mixin.py:150} INFO - [2024-12-12T15:30:19.872+0000] {manager.py:504} INFO - Created Permission View: can edit on DAG:example_xcom_args_with_operators
[2024-12-12T15:30:19.890+0000] {logging_mixin.py:150} INFO - [2024-12-12T15:30:19.890+0000] {manager.py:504} INFO - Created Permission View: can delete on DAG:example_xcom_args
[2024-12-12T15:30:19.896+0000] {logging_mixin.py:150} INFO - [2024-12-12T15:30:19.895+0000] {manager.py:504} INFO - Created Permission View: can read on DAG:example_xcom_args
[2024-12-12T15:30:19.902+0000] {logging_mixin.py:150} INFO - [2024-12-12T15:30:19.901+0000] {manager.py:504} INFO - Created Permission View: can edit on DAG:example_xcom_args
[2024-12-12T15:30:19.905+0000] {logging_mixin.py:150} INFO - [2024-12-12T15:30:19.905+0000] {dag.py:2742} INFO - Sync 2 DAGs
[2024-12-12T15:30:19.912+0000] {logging_mixin.py:150} INFO - [2024-12-12T15:30:19.912+0000] {dag.py:2763} INFO - Creating ORM DAG for example_xcom_args_with_operators
[2024-12-12T15:30:19.912+0000] {logging_mixin.py:150} INFO - [2024-12-12T15:30:19.912+0000] {dag.py:2763} INFO - Creating ORM DAG for example_xcom_args
[2024-12-12T15:30:19.918+0000] {logging_mixin.py:150} INFO - [2024-12-12T15:30:19.918+0000] {dag.py:3504} INFO - Setting next_dagrun for example_xcom_args to None, run_after=None
[2024-12-12T15:30:19.918+0000] {logging_mixin.py:150} INFO - [2024-12-12T15:30:19.918+0000] {dag.py:3504} INFO - Setting next_dagrun for example_xcom_args_with_operators to None, run_after=None
[2024-12-12T15:30:19.934+0000] {processor.py:179} INFO - Processing /home/vscode/.local/lib/python3.10/site-packages/airflow/example_dags/example_xcomargs.py took 0.227 seconds
[2024-12-12T15:31:07.922+0000] {processor.py:157} INFO - Started process (PID=31116) to work on /home/vscode/.local/lib/python3.10/site-packages/airflow/example_dags/example_xcomargs.py
[2024-12-12T15:31:07.922+0000] {processor.py:826} INFO - Processing file /home/vscode/.local/lib/python3.10/site-packages/airflow/example_dags/example_xcomargs.py for tasks to queue
[2024-12-12T15:31:07.923+0000] {logging_mixin.py:150} INFO - [2024-12-12T15:31:07.923+0000] {dagbag.py:541} INFO - Filling up the DagBag from /home/vscode/.local/lib/python3.10/site-packages/airflow/example_dags/example_xcomargs.py
[2024-12-12T15:31:07.929+0000] {processor.py:836} INFO - DAG(s) dict_keys(['example_xcom_args_with_operators', 'example_xcom_args']) retrieved from /home/vscode/.local/lib/python3.10/site-packages/airflow/example_dags/example_xcomargs.py
[2024-12-12T15:31:07.942+0000] {logging_mixin.py:150} INFO - [2024-12-12T15:31:07.941+0000] {dag.py:2742} INFO - Sync 2 DAGs
[2024-12-12T15:31:07.955+0000] {logging_mixin.py:150} INFO - [2024-12-12T15:31:07.954+0000] {dag.py:3504} INFO - Setting next_dagrun for example_xcom_args to None, run_after=None
[2024-12-12T15:31:07.956+0000] {logging_mixin.py:150} INFO - [2024-12-12T15:31:07.956+0000] {dag.py:3504} INFO - Setting next_dagrun for example_xcom_args_with_operators to None, run_after=None
[2024-12-12T15:31:07.970+0000] {processor.py:179} INFO - Processing /home/vscode/.local/lib/python3.10/site-packages/airflow/example_dags/example_xcomargs.py took 0.050 seconds
[2024-12-12T15:31:41.739+0000] {processor.py:157} INFO - Started process (PID=31417) to work on /home/vscode/.local/lib/python3.10/site-packages/airflow/example_dags/example_xcomargs.py
[2024-12-12T15:31:41.739+0000] {processor.py:826} INFO - Processing file /home/vscode/.local/lib/python3.10/site-packages/airflow/example_dags/example_xcomargs.py for tasks to queue
[2024-12-12T15:31:41.740+0000] {logging_mixin.py:150} INFO - [2024-12-12T15:31:41.740+0000] {dagbag.py:541} INFO - Filling up the DagBag from /home/vscode/.local/lib/python3.10/site-packages/airflow/example_dags/example_xcomargs.py
[2024-12-12T15:31:41.746+0000] {processor.py:836} INFO - DAG(s) dict_keys(['example_xcom_args', 'example_xcom_args_with_operators']) retrieved from /home/vscode/.local/lib/python3.10/site-packages/airflow/example_dags/example_xcomargs.py
[2024-12-12T15:31:41.759+0000] {logging_mixin.py:150} INFO - [2024-12-12T15:31:41.759+0000] {dag.py:2742} INFO - Sync 2 DAGs
[2024-12-12T15:31:41.772+0000] {logging_mixin.py:150} INFO - [2024-12-12T15:31:41.772+0000] {dag.py:3504} INFO - Setting next_dagrun for example_xcom_args to None, run_after=None
[2024-12-12T15:31:41.774+0000] {logging_mixin.py:150} INFO - [2024-12-12T15:31:41.774+0000] {dag.py:3504} INFO - Setting next_dagrun for example_xcom_args_with_operators to None, run_after=None
[2024-12-12T15:31:41.787+0000] {processor.py:179} INFO - Processing /home/vscode/.local/lib/python3.10/site-packages/airflow/example_dags/example_xcomargs.py took 0.050 seconds
[2024-12-12T15:32:23.975+0000] {processor.py:157} INFO - Started process (PID=31726) to work on /home/vscode/.local/lib/python3.10/site-packages/airflow/example_dags/example_xcomargs.py
[2024-12-12T15:32:23.975+0000] {processor.py:826} INFO - Processing file /home/vscode/.local/lib/python3.10/site-packages/airflow/example_dags/example_xcomargs.py for tasks to queue
[2024-12-12T15:32:23.976+0000] {logging_mixin.py:150} INFO - [2024-12-12T15:32:23.976+0000] {dagbag.py:541} INFO - Filling up the DagBag from /home/vscode/.local/lib/python3.10/site-packages/airflow/example_dags/example_xcomargs.py
[2024-12-12T15:32:23.984+0000] {processor.py:836} INFO - DAG(s) dict_keys(['example_xcom_args_with_operators', 'example_xcom_args']) retrieved from /home/vscode/.local/lib/python3.10/site-packages/airflow/example_dags/example_xcomargs.py
[2024-12-12T15:32:23.998+0000] {logging_mixin.py:150} INFO - [2024-12-12T15:32:23.998+0000] {dag.py:2742} INFO - Sync 2 DAGs
[2024-12-12T15:32:24.012+0000] {logging_mixin.py:150} INFO - [2024-12-12T15:32:24.011+0000] {dag.py:3504} INFO - Setting next_dagrun for example_xcom_args to None, run_after=None
[2024-12-12T15:32:24.013+0000] {logging_mixin.py:150} INFO - [2024-12-12T15:32:24.013+0000] {dag.py:3504} INFO - Setting next_dagrun for example_xcom_args_with_operators to None, run_after=None
[2024-12-12T15:32:24.027+0000] {processor.py:179} INFO - Processing /home/vscode/.local/lib/python3.10/site-packages/airflow/example_dags/example_xcomargs.py took 0.056 seconds
[2024-12-12T15:33:06.810+0000] {processor.py:157} INFO - Started process (PID=32062) to work on /home/vscode/.local/lib/python3.10/site-packages/airflow/example_dags/example_xcomargs.py
[2024-12-12T15:33:06.810+0000] {processor.py:826} INFO - Processing file /home/vscode/.local/lib/python3.10/site-packages/airflow/example_dags/example_xcomargs.py for tasks to queue
[2024-12-12T15:33:06.811+0000] {logging_mixin.py:150} INFO - [2024-12-12T15:33:06.811+0000] {dagbag.py:541} INFO - Filling up the DagBag from /home/vscode/.local/lib/python3.10/site-packages/airflow/example_dags/example_xcomargs.py
[2024-12-12T15:33:06.818+0000] {processor.py:836} INFO - DAG(s) dict_keys(['example_xcom_args', 'example_xcom_args_with_operators']) retrieved from /home/vscode/.local/lib/python3.10/site-packages/airflow/example_dags/example_xcomargs.py
[2024-12-12T15:33:06.830+0000] {logging_mixin.py:150} INFO - [2024-12-12T15:33:06.830+0000] {dag.py:2742} INFO - Sync 2 DAGs
[2024-12-12T15:33:06.844+0000] {logging_mixin.py:150} INFO - [2024-12-12T15:33:06.843+0000] {dag.py:3504} INFO - Setting next_dagrun for example_xcom_args to None, run_after=None
[2024-12-12T15:33:06.846+0000] {logging_mixin.py:150} INFO - [2024-12-12T15:33:06.845+0000] {dag.py:3504} INFO - Setting next_dagrun for example_xcom_args_with_operators to None, run_after=None
[2024-12-12T15:33:06.859+0000] {processor.py:179} INFO - Processing /home/vscode/.local/lib/python3.10/site-packages/airflow/example_dags/example_xcomargs.py took 0.051 seconds
[2024-12-12T15:33:37.478+0000] {processor.py:157} INFO - Started process (PID=32281) to work on /home/vscode/.local/lib/python3.10/site-packages/airflow/example_dags/example_xcomargs.py
[2024-12-12T15:33:37.478+0000] {processor.py:826} INFO - Processing file /home/vscode/.local/lib/python3.10/site-packages/airflow/example_dags/example_xcomargs.py for tasks to queue
[2024-12-12T15:33:37.479+0000] {logging_mixin.py:150} INFO - [2024-12-12T15:33:37.478+0000] {dagbag.py:541} INFO - Filling up the DagBag from /home/vscode/.local/lib/python3.10/site-packages/airflow/example_dags/example_xcomargs.py
[2024-12-12T15:33:37.484+0000] {processor.py:836} INFO - DAG(s) dict_keys(['example_xcom_args_with_operators', 'example_xcom_args']) retrieved from /home/vscode/.local/lib/python3.10/site-packages/airflow/example_dags/example_xcomargs.py
[2024-12-12T15:33:37.497+0000] {logging_mixin.py:150} INFO - [2024-12-12T15:33:37.497+0000] {dag.py:2742} INFO - Sync 2 DAGs
[2024-12-12T15:33:37.510+0000] {logging_mixin.py:150} INFO - [2024-12-12T15:33:37.510+0000] {dag.py:3504} INFO - Setting next_dagrun for example_xcom_args to None, run_after=None
[2024-12-12T15:33:37.512+0000] {logging_mixin.py:150} INFO - [2024-12-12T15:33:37.512+0000] {dag.py:3504} INFO - Setting next_dagrun for example_xcom_args_with_operators to None, run_after=None
[2024-12-12T15:33:37.525+0000] {processor.py:179} INFO - Processing /home/vscode/.local/lib/python3.10/site-packages/airflow/example_dags/example_xcomargs.py took 0.049 seconds
[2024-12-12T15:34:18.674+0000] {processor.py:157} INFO - Started process (PID=32564) to work on /home/vscode/.local/lib/python3.10/site-packages/airflow/example_dags/example_xcomargs.py
[2024-12-12T15:34:18.675+0000] {processor.py:826} INFO - Processing file /home/vscode/.local/lib/python3.10/site-packages/airflow/example_dags/example_xcomargs.py for tasks to queue
[2024-12-12T15:34:18.676+0000] {logging_mixin.py:150} INFO - [2024-12-12T15:34:18.675+0000] {dagbag.py:541} INFO - Filling up the DagBag from /home/vscode/.local/lib/python3.10/site-packages/airflow/example_dags/example_xcomargs.py
[2024-12-12T15:34:18.681+0000] {processor.py:836} INFO - DAG(s) dict_keys(['example_xcom_args', 'example_xcom_args_with_operators']) retrieved from /home/vscode/.local/lib/python3.10/site-packages/airflow/example_dags/example_xcomargs.py
[2024-12-12T15:34:18.695+0000] {logging_mixin.py:150} INFO - [2024-12-12T15:34:18.695+0000] {dag.py:2742} INFO - Sync 2 DAGs
[2024-12-12T15:34:18.708+0000] {logging_mixin.py:150} INFO - [2024-12-12T15:34:18.708+0000] {dag.py:3504} INFO - Setting next_dagrun for example_xcom_args to None, run_after=None
[2024-12-12T15:34:18.710+0000] {logging_mixin.py:150} INFO - [2024-12-12T15:34:18.710+0000] {dag.py:3504} INFO - Setting next_dagrun for example_xcom_args_with_operators to None, run_after=None
[2024-12-12T15:34:18.723+0000] {processor.py:179} INFO - Processing /home/vscode/.local/lib/python3.10/site-packages/airflow/example_dags/example_xcomargs.py took 0.052 seconds
[2024-12-12T15:34:59.152+0000] {processor.py:157} INFO - Started process (PID=32845) to work on /home/vscode/.local/lib/python3.10/site-packages/airflow/example_dags/example_xcomargs.py
[2024-12-12T15:34:59.153+0000] {processor.py:826} INFO - Processing file /home/vscode/.local/lib/python3.10/site-packages/airflow/example_dags/example_xcomargs.py for tasks to queue
[2024-12-12T15:34:59.153+0000] {logging_mixin.py:150} INFO - [2024-12-12T15:34:59.153+0000] {dagbag.py:541} INFO - Filling up the DagBag from /home/vscode/.local/lib/python3.10/site-packages/airflow/example_dags/example_xcomargs.py
[2024-12-12T15:34:59.159+0000] {processor.py:836} INFO - DAG(s) dict_keys(['example_xcom_args_with_operators', 'example_xcom_args']) retrieved from /home/vscode/.local/lib/python3.10/site-packages/airflow/example_dags/example_xcomargs.py
[2024-12-12T15:34:59.173+0000] {logging_mixin.py:150} INFO - [2024-12-12T15:34:59.173+0000] {dag.py:2742} INFO - Sync 2 DAGs
[2024-12-12T15:34:59.186+0000] {logging_mixin.py:150} INFO - [2024-12-12T15:34:59.186+0000] {dag.py:3504} INFO - Setting next_dagrun for example_xcom_args to None, run_after=None
[2024-12-12T15:34:59.188+0000] {logging_mixin.py:150} INFO - [2024-12-12T15:34:59.188+0000] {dag.py:3504} INFO - Setting next_dagrun for example_xcom_args_with_operators to None, run_after=None
[2024-12-12T15:34:59.201+0000] {processor.py:179} INFO - Processing /home/vscode/.local/lib/python3.10/site-packages/airflow/example_dags/example_xcomargs.py took 0.052 seconds
[2024-12-12T15:35:37.812+0000] {processor.py:157} INFO - Started process (PID=33139) to work on /home/vscode/.local/lib/python3.10/site-packages/airflow/example_dags/example_xcomargs.py
[2024-12-12T15:35:37.812+0000] {processor.py:826} INFO - Processing file /home/vscode/.local/lib/python3.10/site-packages/airflow/example_dags/example_xcomargs.py for tasks to queue
[2024-12-12T15:35:37.813+0000] {logging_mixin.py:150} INFO - [2024-12-12T15:35:37.813+0000] {dagbag.py:541} INFO - Filling up the DagBag from /home/vscode/.local/lib/python3.10/site-packages/airflow/example_dags/example_xcomargs.py
[2024-12-12T15:35:37.819+0000] {processor.py:836} INFO - DAG(s) dict_keys(['example_xcom_args_with_operators', 'example_xcom_args']) retrieved from /home/vscode/.local/lib/python3.10/site-packages/airflow/example_dags/example_xcomargs.py
[2024-12-12T15:35:37.833+0000] {logging_mixin.py:150} INFO - [2024-12-12T15:35:37.832+0000] {dag.py:2742} INFO - Sync 2 DAGs
[2024-12-12T15:35:37.846+0000] {logging_mixin.py:150} INFO - [2024-12-12T15:35:37.846+0000] {dag.py:3504} INFO - Setting next_dagrun for example_xcom_args to None, run_after=None
[2024-12-12T15:35:37.848+0000] {logging_mixin.py:150} INFO - [2024-12-12T15:35:37.848+0000] {dag.py:3504} INFO - Setting next_dagrun for example_xcom_args_with_operators to None, run_after=None
[2024-12-12T15:35:37.861+0000] {processor.py:179} INFO - Processing /home/vscode/.local/lib/python3.10/site-packages/airflow/example_dags/example_xcomargs.py took 0.051 seconds
[2024-12-12T15:36:20.194+0000] {processor.py:157} INFO - Started process (PID=33535) to work on /home/vscode/.local/lib/python3.10/site-packages/airflow/example_dags/example_xcomargs.py
[2024-12-12T15:36:20.194+0000] {processor.py:826} INFO - Processing file /home/vscode/.local/lib/python3.10/site-packages/airflow/example_dags/example_xcomargs.py for tasks to queue
[2024-12-12T15:36:20.195+0000] {logging_mixin.py:150} INFO - [2024-12-12T15:36:20.195+0000] {dagbag.py:541} INFO - Filling up the DagBag from /home/vscode/.local/lib/python3.10/site-packages/airflow/example_dags/example_xcomargs.py
[2024-12-12T15:36:20.201+0000] {processor.py:836} INFO - DAG(s) dict_keys(['example_xcom_args_with_operators', 'example_xcom_args']) retrieved from /home/vscode/.local/lib/python3.10/site-packages/airflow/example_dags/example_xcomargs.py
[2024-12-12T15:36:20.214+0000] {logging_mixin.py:150} INFO - [2024-12-12T15:36:20.214+0000] {dag.py:2742} INFO - Sync 2 DAGs
[2024-12-12T15:36:20.226+0000] {logging_mixin.py:150} INFO - [2024-12-12T15:36:20.226+0000] {dag.py:3504} INFO - Setting next_dagrun for example_xcom_args to None, run_after=None
[2024-12-12T15:36:20.229+0000] {logging_mixin.py:150} INFO - [2024-12-12T15:36:20.229+0000] {dag.py:3504} INFO - Setting next_dagrun for example_xcom_args_with_operators to None, run_after=None
[2024-12-12T15:36:20.245+0000] {processor.py:179} INFO - Processing /home/vscode/.local/lib/python3.10/site-packages/airflow/example_dags/example_xcomargs.py took 0.053 seconds
[2024-12-12T15:36:57.857+0000] {processor.py:157} INFO - Started process (PID=33995) to work on /home/vscode/.local/lib/python3.10/site-packages/airflow/example_dags/example_xcomargs.py
[2024-12-12T15:36:57.857+0000] {processor.py:826} INFO - Processing file /home/vscode/.local/lib/python3.10/site-packages/airflow/example_dags/example_xcomargs.py for tasks to queue
[2024-12-12T15:36:57.858+0000] {logging_mixin.py:150} INFO - [2024-12-12T15:36:57.858+0000] {dagbag.py:541} INFO - Filling up the DagBag from /home/vscode/.local/lib/python3.10/site-packages/airflow/example_dags/example_xcomargs.py
[2024-12-12T15:36:57.864+0000] {processor.py:836} INFO - DAG(s) dict_keys(['example_xcom_args', 'example_xcom_args_with_operators']) retrieved from /home/vscode/.local/lib/python3.10/site-packages/airflow/example_dags/example_xcomargs.py
[2024-12-12T15:36:57.877+0000] {logging_mixin.py:150} INFO - [2024-12-12T15:36:57.877+0000] {dag.py:2742} INFO - Sync 2 DAGs
[2024-12-12T15:36:57.890+0000] {logging_mixin.py:150} INFO - [2024-12-12T15:36:57.890+0000] {dag.py:3504} INFO - Setting next_dagrun for example_xcom_args to None, run_after=None
[2024-12-12T15:36:57.892+0000] {logging_mixin.py:150} INFO - [2024-12-12T15:36:57.892+0000] {dag.py:3504} INFO - Setting next_dagrun for example_xcom_args_with_operators to None, run_after=None
[2024-12-12T15:36:57.905+0000] {processor.py:179} INFO - Processing /home/vscode/.local/lib/python3.10/site-packages/airflow/example_dags/example_xcomargs.py took 0.050 seconds
[2024-12-12T15:37:42.922+0000] {processor.py:157} INFO - Started process (PID=34329) to work on /home/vscode/.local/lib/python3.10/site-packages/airflow/example_dags/example_xcomargs.py
[2024-12-12T15:37:42.923+0000] {processor.py:826} INFO - Processing file /home/vscode/.local/lib/python3.10/site-packages/airflow/example_dags/example_xcomargs.py for tasks to queue
[2024-12-12T15:37:42.924+0000] {logging_mixin.py:150} INFO - [2024-12-12T15:37:42.923+0000] {dagbag.py:541} INFO - Filling up the DagBag from /home/vscode/.local/lib/python3.10/site-packages/airflow/example_dags/example_xcomargs.py
[2024-12-12T15:37:42.929+0000] {processor.py:836} INFO - DAG(s) dict_keys(['example_xcom_args', 'example_xcom_args_with_operators']) retrieved from /home/vscode/.local/lib/python3.10/site-packages/airflow/example_dags/example_xcomargs.py
[2024-12-12T15:37:42.942+0000] {logging_mixin.py:150} INFO - [2024-12-12T15:37:42.942+0000] {dag.py:2742} INFO - Sync 2 DAGs
[2024-12-12T15:37:42.955+0000] {logging_mixin.py:150} INFO - [2024-12-12T15:37:42.955+0000] {dag.py:3504} INFO - Setting next_dagrun for example_xcom_args to None, run_after=None
[2024-12-12T15:37:42.957+0000] {logging_mixin.py:150} INFO - [2024-12-12T15:37:42.957+0000] {dag.py:3504} INFO - Setting next_dagrun for example_xcom_args_with_operators to None, run_after=None
[2024-12-12T15:37:42.969+0000] {processor.py:179} INFO - Processing /home/vscode/.local/lib/python3.10/site-packages/airflow/example_dags/example_xcomargs.py took 0.050 seconds
[2024-12-12T15:38:25.315+0000] {processor.py:157} INFO - Started process (PID=34618) to work on /home/vscode/.local/lib/python3.10/site-packages/airflow/example_dags/example_xcomargs.py
[2024-12-12T15:38:25.316+0000] {processor.py:826} INFO - Processing file /home/vscode/.local/lib/python3.10/site-packages/airflow/example_dags/example_xcomargs.py for tasks to queue
[2024-12-12T15:38:25.317+0000] {logging_mixin.py:150} INFO - [2024-12-12T15:38:25.316+0000] {dagbag.py:541} INFO - Filling up the DagBag from /home/vscode/.local/lib/python3.10/site-packages/airflow/example_dags/example_xcomargs.py
[2024-12-12T15:38:25.325+0000] {processor.py:836} INFO - DAG(s) dict_keys(['example_xcom_args', 'example_xcom_args_with_operators']) retrieved from /home/vscode/.local/lib/python3.10/site-packages/airflow/example_dags/example_xcomargs.py
[2024-12-12T15:38:25.343+0000] {logging_mixin.py:150} INFO - [2024-12-12T15:38:25.343+0000] {dag.py:2742} INFO - Sync 2 DAGs
[2024-12-12T15:38:25.363+0000] {logging_mixin.py:150} INFO - [2024-12-12T15:38:25.362+0000] {dag.py:3504} INFO - Setting next_dagrun for example_xcom_args to None, run_after=None
[2024-12-12T15:38:25.365+0000] {logging_mixin.py:150} INFO - [2024-12-12T15:38:25.365+0000] {dag.py:3504} INFO - Setting next_dagrun for example_xcom_args_with_operators to None, run_after=None
[2024-12-12T15:38:25.385+0000] {processor.py:179} INFO - Processing /home/vscode/.local/lib/python3.10/site-packages/airflow/example_dags/example_xcomargs.py took 0.072 seconds
[2024-12-12T15:38:43.669+0000] {processor.py:157} INFO - Started process (PID=34868) to work on /home/vscode/.local/lib/python3.10/site-packages/airflow/example_dags/example_xcomargs.py
[2024-12-12T15:38:43.670+0000] {processor.py:826} INFO - Processing file /home/vscode/.local/lib/python3.10/site-packages/airflow/example_dags/example_xcomargs.py for tasks to queue
[2024-12-12T15:38:43.670+0000] {logging_mixin.py:150} INFO - [2024-12-12T15:38:43.670+0000] {dagbag.py:541} INFO - Filling up the DagBag from /home/vscode/.local/lib/python3.10/site-packages/airflow/example_dags/example_xcomargs.py
[2024-12-12T15:38:43.677+0000] {processor.py:836} INFO - DAG(s) dict_keys(['example_xcom_args_with_operators', 'example_xcom_args']) retrieved from /home/vscode/.local/lib/python3.10/site-packages/airflow/example_dags/example_xcomargs.py
[2024-12-12T15:38:43.699+0000] {logging_mixin.py:150} INFO - [2024-12-12T15:38:43.699+0000] {dag.py:2742} INFO - Sync 2 DAGs
[2024-12-12T15:38:43.817+0000] {logging_mixin.py:150} INFO - [2024-12-12T15:38:43.817+0000] {dag.py:3504} INFO - Setting next_dagrun for example_xcom_args to None, run_after=None
[2024-12-12T15:38:43.819+0000] {logging_mixin.py:150} INFO - [2024-12-12T15:38:43.819+0000] {dag.py:3504} INFO - Setting next_dagrun for example_xcom_args_with_operators to None, run_after=None
[2024-12-12T15:38:43.833+0000] {processor.py:179} INFO - Processing /home/vscode/.local/lib/python3.10/site-packages/airflow/example_dags/example_xcomargs.py took 0.165 seconds
[2024-12-12T15:38:58.458+0000] {processor.py:157} INFO - Started process (PID=35022) to work on /home/vscode/.local/lib/python3.10/site-packages/airflow/example_dags/example_xcomargs.py
[2024-12-12T15:38:58.459+0000] {processor.py:826} INFO - Processing file /home/vscode/.local/lib/python3.10/site-packages/airflow/example_dags/example_xcomargs.py for tasks to queue
[2024-12-12T15:38:58.460+0000] {logging_mixin.py:150} INFO - [2024-12-12T15:38:58.459+0000] {dagbag.py:541} INFO - Filling up the DagBag from /home/vscode/.local/lib/python3.10/site-packages/airflow/example_dags/example_xcomargs.py
[2024-12-12T15:38:58.465+0000] {processor.py:836} INFO - DAG(s) dict_keys(['example_xcom_args_with_operators', 'example_xcom_args']) retrieved from /home/vscode/.local/lib/python3.10/site-packages/airflow/example_dags/example_xcomargs.py
[2024-12-12T15:38:58.478+0000] {logging_mixin.py:150} INFO - [2024-12-12T15:38:58.478+0000] {dag.py:2742} INFO - Sync 2 DAGs
[2024-12-12T15:38:58.491+0000] {logging_mixin.py:150} INFO - [2024-12-12T15:38:58.490+0000] {dag.py:3504} INFO - Setting next_dagrun for example_xcom_args to None, run_after=None
[2024-12-12T15:38:58.492+0000] {logging_mixin.py:150} INFO - [2024-12-12T15:38:58.492+0000] {dag.py:3504} INFO - Setting next_dagrun for example_xcom_args_with_operators to None, run_after=None
[2024-12-12T15:38:58.506+0000] {processor.py:179} INFO - Processing /home/vscode/.local/lib/python3.10/site-packages/airflow/example_dags/example_xcomargs.py took 0.049 seconds
[2024-12-12T15:39:31.047+0000] {processor.py:157} INFO - Started process (PID=35432) to work on /home/vscode/.local/lib/python3.10/site-packages/airflow/example_dags/example_xcomargs.py
[2024-12-12T15:39:31.048+0000] {processor.py:826} INFO - Processing file /home/vscode/.local/lib/python3.10/site-packages/airflow/example_dags/example_xcomargs.py for tasks to queue
[2024-12-12T15:39:31.049+0000] {logging_mixin.py:150} INFO - [2024-12-12T15:39:31.048+0000] {dagbag.py:541} INFO - Filling up the DagBag from /home/vscode/.local/lib/python3.10/site-packages/airflow/example_dags/example_xcomargs.py
[2024-12-12T15:39:31.054+0000] {processor.py:836} INFO - DAG(s) dict_keys(['example_xcom_args_with_operators', 'example_xcom_args']) retrieved from /home/vscode/.local/lib/python3.10/site-packages/airflow/example_dags/example_xcomargs.py
[2024-12-12T15:39:31.067+0000] {logging_mixin.py:150} INFO - [2024-12-12T15:39:31.067+0000] {dag.py:2742} INFO - Sync 2 DAGs
[2024-12-12T15:39:31.080+0000] {logging_mixin.py:150} INFO - [2024-12-12T15:39:31.080+0000] {dag.py:3504} INFO - Setting next_dagrun for example_xcom_args to None, run_after=None
[2024-12-12T15:39:31.082+0000] {logging_mixin.py:150} INFO - [2024-12-12T15:39:31.082+0000] {dag.py:3504} INFO - Setting next_dagrun for example_xcom_args_with_operators to None, run_after=None
[2024-12-12T15:39:31.095+0000] {processor.py:179} INFO - Processing /home/vscode/.local/lib/python3.10/site-packages/airflow/example_dags/example_xcomargs.py took 0.050 seconds
[2024-12-12T15:40:15.020+0000] {processor.py:157} INFO - Started process (PID=35816) to work on /home/vscode/.local/lib/python3.10/site-packages/airflow/example_dags/example_xcomargs.py
[2024-12-12T15:40:15.020+0000] {processor.py:826} INFO - Processing file /home/vscode/.local/lib/python3.10/site-packages/airflow/example_dags/example_xcomargs.py for tasks to queue
[2024-12-12T15:40:15.021+0000] {logging_mixin.py:150} INFO - [2024-12-12T15:40:15.021+0000] {dagbag.py:541} INFO - Filling up the DagBag from /home/vscode/.local/lib/python3.10/site-packages/airflow/example_dags/example_xcomargs.py
[2024-12-12T15:40:15.026+0000] {processor.py:836} INFO - DAG(s) dict_keys(['example_xcom_args', 'example_xcom_args_with_operators']) retrieved from /home/vscode/.local/lib/python3.10/site-packages/airflow/example_dags/example_xcomargs.py
[2024-12-12T15:40:15.039+0000] {logging_mixin.py:150} INFO - [2024-12-12T15:40:15.039+0000] {dag.py:2742} INFO - Sync 2 DAGs
[2024-12-12T15:40:15.052+0000] {logging_mixin.py:150} INFO - [2024-12-12T15:40:15.052+0000] {dag.py:3504} INFO - Setting next_dagrun for example_xcom_args to None, run_after=None
[2024-12-12T15:40:15.054+0000] {logging_mixin.py:150} INFO - [2024-12-12T15:40:15.053+0000] {dag.py:3504} INFO - Setting next_dagrun for example_xcom_args_with_operators to None, run_after=None
[2024-12-12T15:40:15.066+0000] {processor.py:179} INFO - Processing /home/vscode/.local/lib/python3.10/site-packages/airflow/example_dags/example_xcomargs.py took 0.049 seconds
[2024-12-12T15:40:56.232+0000] {processor.py:157} INFO - Started process (PID=36226) to work on /home/vscode/.local/lib/python3.10/site-packages/airflow/example_dags/example_xcomargs.py
[2024-12-12T15:40:56.233+0000] {processor.py:826} INFO - Processing file /home/vscode/.local/lib/python3.10/site-packages/airflow/example_dags/example_xcomargs.py for tasks to queue
[2024-12-12T15:40:56.233+0000] {logging_mixin.py:150} INFO - [2024-12-12T15:40:56.233+0000] {dagbag.py:541} INFO - Filling up the DagBag from /home/vscode/.local/lib/python3.10/site-packages/airflow/example_dags/example_xcomargs.py
[2024-12-12T15:40:56.239+0000] {processor.py:836} INFO - DAG(s) dict_keys(['example_xcom_args_with_operators', 'example_xcom_args']) retrieved from /home/vscode/.local/lib/python3.10/site-packages/airflow/example_dags/example_xcomargs.py
[2024-12-12T15:40:56.252+0000] {logging_mixin.py:150} INFO - [2024-12-12T15:40:56.252+0000] {dag.py:2742} INFO - Sync 2 DAGs
[2024-12-12T15:40:56.265+0000] {logging_mixin.py:150} INFO - [2024-12-12T15:40:56.265+0000] {dag.py:3504} INFO - Setting next_dagrun for example_xcom_args to None, run_after=None
[2024-12-12T15:40:56.267+0000] {logging_mixin.py:150} INFO - [2024-12-12T15:40:56.267+0000] {dag.py:3504} INFO - Setting next_dagrun for example_xcom_args_with_operators to None, run_after=None
[2024-12-12T15:40:56.280+0000] {processor.py:179} INFO - Processing /home/vscode/.local/lib/python3.10/site-packages/airflow/example_dags/example_xcomargs.py took 0.050 seconds
[2024-12-12T15:41:28.738+0000] {processor.py:157} INFO - Started process (PID=36484) to work on /home/vscode/.local/lib/python3.10/site-packages/airflow/example_dags/example_xcomargs.py
[2024-12-12T15:41:28.738+0000] {processor.py:826} INFO - Processing file /home/vscode/.local/lib/python3.10/site-packages/airflow/example_dags/example_xcomargs.py for tasks to queue
[2024-12-12T15:41:28.739+0000] {logging_mixin.py:150} INFO - [2024-12-12T15:41:28.738+0000] {dagbag.py:541} INFO - Filling up the DagBag from /home/vscode/.local/lib/python3.10/site-packages/airflow/example_dags/example_xcomargs.py
[2024-12-12T15:41:28.745+0000] {processor.py:836} INFO - DAG(s) dict_keys(['example_xcom_args', 'example_xcom_args_with_operators']) retrieved from /home/vscode/.local/lib/python3.10/site-packages/airflow/example_dags/example_xcomargs.py
[2024-12-12T15:41:28.758+0000] {logging_mixin.py:150} INFO - [2024-12-12T15:41:28.758+0000] {dag.py:2742} INFO - Sync 2 DAGs
[2024-12-12T15:41:28.772+0000] {logging_mixin.py:150} INFO - [2024-12-12T15:41:28.772+0000] {dag.py:3504} INFO - Setting next_dagrun for example_xcom_args to None, run_after=None
[2024-12-12T15:41:28.775+0000] {logging_mixin.py:150} INFO - [2024-12-12T15:41:28.775+0000] {dag.py:3504} INFO - Setting next_dagrun for example_xcom_args_with_operators to None, run_after=None
[2024-12-12T15:41:28.788+0000] {processor.py:179} INFO - Processing /home/vscode/.local/lib/python3.10/site-packages/airflow/example_dags/example_xcomargs.py took 0.053 seconds
[2024-12-12T15:42:10.366+0000] {processor.py:157} INFO - Started process (PID=36812) to work on /home/vscode/.local/lib/python3.10/site-packages/airflow/example_dags/example_xcomargs.py
[2024-12-12T15:42:10.367+0000] {processor.py:826} INFO - Processing file /home/vscode/.local/lib/python3.10/site-packages/airflow/example_dags/example_xcomargs.py for tasks to queue
[2024-12-12T15:42:10.368+0000] {logging_mixin.py:150} INFO - [2024-12-12T15:42:10.367+0000] {dagbag.py:541} INFO - Filling up the DagBag from /home/vscode/.local/lib/python3.10/site-packages/airflow/example_dags/example_xcomargs.py
[2024-12-12T15:42:10.376+0000] {processor.py:836} INFO - DAG(s) dict_keys(['example_xcom_args', 'example_xcom_args_with_operators']) retrieved from /home/vscode/.local/lib/python3.10/site-packages/airflow/example_dags/example_xcomargs.py
[2024-12-12T15:42:10.390+0000] {logging_mixin.py:150} INFO - [2024-12-12T15:42:10.390+0000] {dag.py:2742} INFO - Sync 2 DAGs
[2024-12-12T15:42:10.403+0000] {logging_mixin.py:150} INFO - [2024-12-12T15:42:10.403+0000] {dag.py:3504} INFO - Setting next_dagrun for example_xcom_args to None, run_after=None
[2024-12-12T15:42:10.405+0000] {logging_mixin.py:150} INFO - [2024-12-12T15:42:10.405+0000] {dag.py:3504} INFO - Setting next_dagrun for example_xcom_args_with_operators to None, run_after=None
[2024-12-12T15:42:10.418+0000] {processor.py:179} INFO - Processing /home/vscode/.local/lib/python3.10/site-packages/airflow/example_dags/example_xcomargs.py took 0.054 seconds
[2024-12-12T15:42:42.682+0000] {processor.py:157} INFO - Started process (PID=37121) to work on /home/vscode/.local/lib/python3.10/site-packages/airflow/example_dags/example_xcomargs.py
[2024-12-12T15:42:42.683+0000] {processor.py:826} INFO - Processing file /home/vscode/.local/lib/python3.10/site-packages/airflow/example_dags/example_xcomargs.py for tasks to queue
[2024-12-12T15:42:42.684+0000] {logging_mixin.py:150} INFO - [2024-12-12T15:42:42.683+0000] {dagbag.py:541} INFO - Filling up the DagBag from /home/vscode/.local/lib/python3.10/site-packages/airflow/example_dags/example_xcomargs.py
[2024-12-12T15:42:42.691+0000] {processor.py:836} INFO - DAG(s) dict_keys(['example_xcom_args', 'example_xcom_args_with_operators']) retrieved from /home/vscode/.local/lib/python3.10/site-packages/airflow/example_dags/example_xcomargs.py
[2024-12-12T15:42:42.706+0000] {logging_mixin.py:150} INFO - [2024-12-12T15:42:42.706+0000] {dag.py:2742} INFO - Sync 2 DAGs
[2024-12-12T15:42:42.720+0000] {logging_mixin.py:150} INFO - [2024-12-12T15:42:42.720+0000] {dag.py:3504} INFO - Setting next_dagrun for example_xcom_args to None, run_after=None
[2024-12-12T15:42:42.722+0000] {logging_mixin.py:150} INFO - [2024-12-12T15:42:42.722+0000] {dag.py:3504} INFO - Setting next_dagrun for example_xcom_args_with_operators to None, run_after=None
[2024-12-12T15:42:42.737+0000] {processor.py:179} INFO - Processing /home/vscode/.local/lib/python3.10/site-packages/airflow/example_dags/example_xcomargs.py took 0.057 seconds
[2024-12-12T15:43:25.976+0000] {processor.py:157} INFO - Started process (PID=37459) to work on /home/vscode/.local/lib/python3.10/site-packages/airflow/example_dags/example_xcomargs.py
[2024-12-12T15:43:25.977+0000] {processor.py:826} INFO - Processing file /home/vscode/.local/lib/python3.10/site-packages/airflow/example_dags/example_xcomargs.py for tasks to queue
[2024-12-12T15:43:25.977+0000] {logging_mixin.py:150} INFO - [2024-12-12T15:43:25.977+0000] {dagbag.py:541} INFO - Filling up the DagBag from /home/vscode/.local/lib/python3.10/site-packages/airflow/example_dags/example_xcomargs.py
[2024-12-12T15:43:25.983+0000] {processor.py:836} INFO - DAG(s) dict_keys(['example_xcom_args_with_operators', 'example_xcom_args']) retrieved from /home/vscode/.local/lib/python3.10/site-packages/airflow/example_dags/example_xcomargs.py
[2024-12-12T15:43:25.997+0000] {logging_mixin.py:150} INFO - [2024-12-12T15:43:25.996+0000] {dag.py:2742} INFO - Sync 2 DAGs
[2024-12-12T15:43:26.010+0000] {logging_mixin.py:150} INFO - [2024-12-12T15:43:26.010+0000] {dag.py:3504} INFO - Setting next_dagrun for example_xcom_args to None, run_after=None
[2024-12-12T15:43:26.012+0000] {logging_mixin.py:150} INFO - [2024-12-12T15:43:26.011+0000] {dag.py:3504} INFO - Setting next_dagrun for example_xcom_args_with_operators to None, run_after=None
[2024-12-12T15:43:26.024+0000] {processor.py:179} INFO - Processing /home/vscode/.local/lib/python3.10/site-packages/airflow/example_dags/example_xcomargs.py took 0.051 seconds
[2024-12-12T15:44:08.776+0000] {processor.py:157} INFO - Started process (PID=37816) to work on /home/vscode/.local/lib/python3.10/site-packages/airflow/example_dags/example_xcomargs.py
[2024-12-12T15:44:08.777+0000] {processor.py:826} INFO - Processing file /home/vscode/.local/lib/python3.10/site-packages/airflow/example_dags/example_xcomargs.py for tasks to queue
[2024-12-12T15:44:08.778+0000] {logging_mixin.py:150} INFO - [2024-12-12T15:44:08.777+0000] {dagbag.py:541} INFO - Filling up the DagBag from /home/vscode/.local/lib/python3.10/site-packages/airflow/example_dags/example_xcomargs.py
[2024-12-12T15:44:08.783+0000] {processor.py:836} INFO - DAG(s) dict_keys(['example_xcom_args', 'example_xcom_args_with_operators']) retrieved from /home/vscode/.local/lib/python3.10/site-packages/airflow/example_dags/example_xcomargs.py
[2024-12-12T15:44:08.796+0000] {logging_mixin.py:150} INFO - [2024-12-12T15:44:08.796+0000] {dag.py:2742} INFO - Sync 2 DAGs
[2024-12-12T15:44:08.810+0000] {logging_mixin.py:150} INFO - [2024-12-12T15:44:08.809+0000] {dag.py:3504} INFO - Setting next_dagrun for example_xcom_args to None, run_after=None
[2024-12-12T15:44:08.811+0000] {logging_mixin.py:150} INFO - [2024-12-12T15:44:08.811+0000] {dag.py:3504} INFO - Setting next_dagrun for example_xcom_args_with_operators to None, run_after=None
[2024-12-12T15:44:08.824+0000] {processor.py:179} INFO - Processing /home/vscode/.local/lib/python3.10/site-packages/airflow/example_dags/example_xcomargs.py took 0.050 seconds
[2024-12-12T15:44:47.276+0000] {processor.py:157} INFO - Started process (PID=38119) to work on /home/vscode/.local/lib/python3.10/site-packages/airflow/example_dags/example_xcomargs.py
[2024-12-12T15:44:47.276+0000] {processor.py:826} INFO - Processing file /home/vscode/.local/lib/python3.10/site-packages/airflow/example_dags/example_xcomargs.py for tasks to queue
[2024-12-12T15:44:47.277+0000] {logging_mixin.py:150} INFO - [2024-12-12T15:44:47.277+0000] {dagbag.py:541} INFO - Filling up the DagBag from /home/vscode/.local/lib/python3.10/site-packages/airflow/example_dags/example_xcomargs.py
[2024-12-12T15:44:47.283+0000] {processor.py:836} INFO - DAG(s) dict_keys(['example_xcom_args_with_operators', 'example_xcom_args']) retrieved from /home/vscode/.local/lib/python3.10/site-packages/airflow/example_dags/example_xcomargs.py
[2024-12-12T15:44:47.295+0000] {logging_mixin.py:150} INFO - [2024-12-12T15:44:47.295+0000] {dag.py:2742} INFO - Sync 2 DAGs
[2024-12-12T15:44:47.308+0000] {logging_mixin.py:150} INFO - [2024-12-12T15:44:47.308+0000] {dag.py:3504} INFO - Setting next_dagrun for example_xcom_args to None, run_after=None
[2024-12-12T15:44:47.310+0000] {logging_mixin.py:150} INFO - [2024-12-12T15:44:47.310+0000] {dag.py:3504} INFO - Setting next_dagrun for example_xcom_args_with_operators to None, run_after=None
[2024-12-12T15:44:47.323+0000] {processor.py:179} INFO - Processing /home/vscode/.local/lib/python3.10/site-packages/airflow/example_dags/example_xcomargs.py took 0.049 seconds
[2024-12-12T15:45:28.490+0000] {processor.py:157} INFO - Started process (PID=38448) to work on /home/vscode/.local/lib/python3.10/site-packages/airflow/example_dags/example_xcomargs.py
[2024-12-12T15:45:28.490+0000] {processor.py:826} INFO - Processing file /home/vscode/.local/lib/python3.10/site-packages/airflow/example_dags/example_xcomargs.py for tasks to queue
[2024-12-12T15:45:28.491+0000] {logging_mixin.py:150} INFO - [2024-12-12T15:45:28.491+0000] {dagbag.py:541} INFO - Filling up the DagBag from /home/vscode/.local/lib/python3.10/site-packages/airflow/example_dags/example_xcomargs.py
[2024-12-12T15:45:28.497+0000] {processor.py:836} INFO - DAG(s) dict_keys(['example_xcom_args_with_operators', 'example_xcom_args']) retrieved from /home/vscode/.local/lib/python3.10/site-packages/airflow/example_dags/example_xcomargs.py
[2024-12-12T15:45:28.510+0000] {logging_mixin.py:150} INFO - [2024-12-12T15:45:28.510+0000] {dag.py:2742} INFO - Sync 2 DAGs
[2024-12-12T15:45:28.523+0000] {logging_mixin.py:150} INFO - [2024-12-12T15:45:28.523+0000] {dag.py:3504} INFO - Setting next_dagrun for example_xcom_args to None, run_after=None
[2024-12-12T15:45:28.525+0000] {logging_mixin.py:150} INFO - [2024-12-12T15:45:28.525+0000] {dag.py:3504} INFO - Setting next_dagrun for example_xcom_args_with_operators to None, run_after=None
[2024-12-12T15:45:28.538+0000] {processor.py:179} INFO - Processing /home/vscode/.local/lib/python3.10/site-packages/airflow/example_dags/example_xcomargs.py took 0.051 seconds
[2024-12-12T15:46:13.418+0000] {processor.py:157} INFO - Started process (PID=38797) to work on /home/vscode/.local/lib/python3.10/site-packages/airflow/example_dags/example_xcomargs.py
[2024-12-12T15:46:13.419+0000] {processor.py:826} INFO - Processing file /home/vscode/.local/lib/python3.10/site-packages/airflow/example_dags/example_xcomargs.py for tasks to queue
[2024-12-12T15:46:13.419+0000] {logging_mixin.py:150} INFO - [2024-12-12T15:46:13.419+0000] {dagbag.py:541} INFO - Filling up the DagBag from /home/vscode/.local/lib/python3.10/site-packages/airflow/example_dags/example_xcomargs.py
[2024-12-12T15:46:13.425+0000] {processor.py:836} INFO - DAG(s) dict_keys(['example_xcom_args_with_operators', 'example_xcom_args']) retrieved from /home/vscode/.local/lib/python3.10/site-packages/airflow/example_dags/example_xcomargs.py
[2024-12-12T15:46:13.438+0000] {logging_mixin.py:150} INFO - [2024-12-12T15:46:13.438+0000] {dag.py:2742} INFO - Sync 2 DAGs
[2024-12-12T15:46:13.451+0000] {logging_mixin.py:150} INFO - [2024-12-12T15:46:13.451+0000] {dag.py:3504} INFO - Setting next_dagrun for example_xcom_args to None, run_after=None
[2024-12-12T15:46:13.453+0000] {logging_mixin.py:150} INFO - [2024-12-12T15:46:13.453+0000] {dag.py:3504} INFO - Setting next_dagrun for example_xcom_args_with_operators to None, run_after=None
[2024-12-12T15:46:13.466+0000] {processor.py:179} INFO - Processing /home/vscode/.local/lib/python3.10/site-packages/airflow/example_dags/example_xcomargs.py took 0.050 seconds
[2024-12-12T15:46:44.260+0000] {processor.py:157} INFO - Started process (PID=39050) to work on /home/vscode/.local/lib/python3.10/site-packages/airflow/example_dags/example_xcomargs.py
[2024-12-12T15:46:44.260+0000] {processor.py:826} INFO - Processing file /home/vscode/.local/lib/python3.10/site-packages/airflow/example_dags/example_xcomargs.py for tasks to queue
[2024-12-12T15:46:44.261+0000] {logging_mixin.py:150} INFO - [2024-12-12T15:46:44.261+0000] {dagbag.py:541} INFO - Filling up the DagBag from /home/vscode/.local/lib/python3.10/site-packages/airflow/example_dags/example_xcomargs.py
[2024-12-12T15:46:44.267+0000] {processor.py:836} INFO - DAG(s) dict_keys(['example_xcom_args_with_operators', 'example_xcom_args']) retrieved from /home/vscode/.local/lib/python3.10/site-packages/airflow/example_dags/example_xcomargs.py
[2024-12-12T15:46:44.281+0000] {logging_mixin.py:150} INFO - [2024-12-12T15:46:44.281+0000] {dag.py:2742} INFO - Sync 2 DAGs
[2024-12-12T15:46:44.295+0000] {logging_mixin.py:150} INFO - [2024-12-12T15:46:44.295+0000] {dag.py:3504} INFO - Setting next_dagrun for example_xcom_args to None, run_after=None
[2024-12-12T15:46:44.297+0000] {logging_mixin.py:150} INFO - [2024-12-12T15:46:44.297+0000] {dag.py:3504} INFO - Setting next_dagrun for example_xcom_args_with_operators to None, run_after=None
[2024-12-12T15:46:44.310+0000] {processor.py:179} INFO - Processing /home/vscode/.local/lib/python3.10/site-packages/airflow/example_dags/example_xcomargs.py took 0.053 seconds
[2024-12-12T15:47:17.643+0000] {processor.py:157} INFO - Started process (PID=39302) to work on /home/vscode/.local/lib/python3.10/site-packages/airflow/example_dags/example_xcomargs.py
[2024-12-12T15:47:17.644+0000] {processor.py:826} INFO - Processing file /home/vscode/.local/lib/python3.10/site-packages/airflow/example_dags/example_xcomargs.py for tasks to queue
[2024-12-12T15:47:17.644+0000] {logging_mixin.py:150} INFO - [2024-12-12T15:47:17.644+0000] {dagbag.py:541} INFO - Filling up the DagBag from /home/vscode/.local/lib/python3.10/site-packages/airflow/example_dags/example_xcomargs.py
[2024-12-12T15:47:17.650+0000] {processor.py:836} INFO - DAG(s) dict_keys(['example_xcom_args', 'example_xcom_args_with_operators']) retrieved from /home/vscode/.local/lib/python3.10/site-packages/airflow/example_dags/example_xcomargs.py
[2024-12-12T15:47:17.663+0000] {logging_mixin.py:150} INFO - [2024-12-12T15:47:17.663+0000] {dag.py:2742} INFO - Sync 2 DAGs
[2024-12-12T15:47:17.676+0000] {logging_mixin.py:150} INFO - [2024-12-12T15:47:17.676+0000] {dag.py:3504} INFO - Setting next_dagrun for example_xcom_args to None, run_after=None
[2024-12-12T15:47:17.678+0000] {logging_mixin.py:150} INFO - [2024-12-12T15:47:17.678+0000] {dag.py:3504} INFO - Setting next_dagrun for example_xcom_args_with_operators to None, run_after=None
[2024-12-12T15:47:17.690+0000] {processor.py:179} INFO - Processing /home/vscode/.local/lib/python3.10/site-packages/airflow/example_dags/example_xcomargs.py took 0.049 seconds
[2024-12-12T15:47:49.115+0000] {processor.py:157} INFO - Started process (PID=39554) to work on /home/vscode/.local/lib/python3.10/site-packages/airflow/example_dags/example_xcomargs.py
[2024-12-12T15:47:49.116+0000] {processor.py:826} INFO - Processing file /home/vscode/.local/lib/python3.10/site-packages/airflow/example_dags/example_xcomargs.py for tasks to queue
[2024-12-12T15:47:49.116+0000] {logging_mixin.py:150} INFO - [2024-12-12T15:47:49.116+0000] {dagbag.py:541} INFO - Filling up the DagBag from /home/vscode/.local/lib/python3.10/site-packages/airflow/example_dags/example_xcomargs.py
[2024-12-12T15:47:49.122+0000] {processor.py:836} INFO - DAG(s) dict_keys(['example_xcom_args_with_operators', 'example_xcom_args']) retrieved from /home/vscode/.local/lib/python3.10/site-packages/airflow/example_dags/example_xcomargs.py
[2024-12-12T15:47:49.134+0000] {logging_mixin.py:150} INFO - [2024-12-12T15:47:49.134+0000] {dag.py:2742} INFO - Sync 2 DAGs
[2024-12-12T15:47:49.147+0000] {logging_mixin.py:150} INFO - [2024-12-12T15:47:49.147+0000] {dag.py:3504} INFO - Setting next_dagrun for example_xcom_args to None, run_after=None
[2024-12-12T15:47:49.149+0000] {logging_mixin.py:150} INFO - [2024-12-12T15:47:49.149+0000] {dag.py:3504} INFO - Setting next_dagrun for example_xcom_args_with_operators to None, run_after=None
[2024-12-12T15:47:49.162+0000] {processor.py:179} INFO - Processing /home/vscode/.local/lib/python3.10/site-packages/airflow/example_dags/example_xcomargs.py took 0.049 seconds
[2024-12-12T15:48:34.318+0000] {processor.py:157} INFO - Started process (PID=39904) to work on /home/vscode/.local/lib/python3.10/site-packages/airflow/example_dags/example_xcomargs.py
[2024-12-12T15:48:34.318+0000] {processor.py:826} INFO - Processing file /home/vscode/.local/lib/python3.10/site-packages/airflow/example_dags/example_xcomargs.py for tasks to queue
[2024-12-12T15:48:34.319+0000] {logging_mixin.py:150} INFO - [2024-12-12T15:48:34.318+0000] {dagbag.py:541} INFO - Filling up the DagBag from /home/vscode/.local/lib/python3.10/site-packages/airflow/example_dags/example_xcomargs.py
[2024-12-12T15:48:34.325+0000] {processor.py:836} INFO - DAG(s) dict_keys(['example_xcom_args', 'example_xcom_args_with_operators']) retrieved from /home/vscode/.local/lib/python3.10/site-packages/airflow/example_dags/example_xcomargs.py
[2024-12-12T15:48:34.338+0000] {logging_mixin.py:150} INFO - [2024-12-12T15:48:34.337+0000] {dag.py:2742} INFO - Sync 2 DAGs
[2024-12-12T15:48:34.351+0000] {logging_mixin.py:150} INFO - [2024-12-12T15:48:34.350+0000] {dag.py:3504} INFO - Setting next_dagrun for example_xcom_args to None, run_after=None
[2024-12-12T15:48:34.353+0000] {logging_mixin.py:150} INFO - [2024-12-12T15:48:34.353+0000] {dag.py:3504} INFO - Setting next_dagrun for example_xcom_args_with_operators to None, run_after=None
[2024-12-12T15:48:34.365+0000] {processor.py:179} INFO - Processing /home/vscode/.local/lib/python3.10/site-packages/airflow/example_dags/example_xcomargs.py took 0.050 seconds
[2024-12-12T15:49:13.147+0000] {processor.py:157} INFO - Started process (PID=40222) to work on /home/vscode/.local/lib/python3.10/site-packages/airflow/example_dags/example_xcomargs.py
[2024-12-12T15:49:13.147+0000] {processor.py:826} INFO - Processing file /home/vscode/.local/lib/python3.10/site-packages/airflow/example_dags/example_xcomargs.py for tasks to queue
[2024-12-12T15:49:13.148+0000] {logging_mixin.py:150} INFO - [2024-12-12T15:49:13.148+0000] {dagbag.py:541} INFO - Filling up the DagBag from /home/vscode/.local/lib/python3.10/site-packages/airflow/example_dags/example_xcomargs.py
[2024-12-12T15:49:13.154+0000] {processor.py:836} INFO - DAG(s) dict_keys(['example_xcom_args_with_operators', 'example_xcom_args']) retrieved from /home/vscode/.local/lib/python3.10/site-packages/airflow/example_dags/example_xcomargs.py
[2024-12-12T15:49:13.167+0000] {logging_mixin.py:150} INFO - [2024-12-12T15:49:13.167+0000] {dag.py:2742} INFO - Sync 2 DAGs
[2024-12-12T15:49:13.180+0000] {logging_mixin.py:150} INFO - [2024-12-12T15:49:13.180+0000] {dag.py:3504} INFO - Setting next_dagrun for example_xcom_args to None, run_after=None
[2024-12-12T15:49:13.182+0000] {logging_mixin.py:150} INFO - [2024-12-12T15:49:13.182+0000] {dag.py:3504} INFO - Setting next_dagrun for example_xcom_args_with_operators to None, run_after=None
[2024-12-12T15:49:13.197+0000] {processor.py:179} INFO - Processing /home/vscode/.local/lib/python3.10/site-packages/airflow/example_dags/example_xcomargs.py took 0.052 seconds
[2024-12-12T15:49:46.548+0000] {processor.py:157} INFO - Started process (PID=40488) to work on /home/vscode/.local/lib/python3.10/site-packages/airflow/example_dags/example_xcomargs.py
[2024-12-12T15:49:46.549+0000] {processor.py:826} INFO - Processing file /home/vscode/.local/lib/python3.10/site-packages/airflow/example_dags/example_xcomargs.py for tasks to queue
[2024-12-12T15:49:46.549+0000] {logging_mixin.py:150} INFO - [2024-12-12T15:49:46.549+0000] {dagbag.py:541} INFO - Filling up the DagBag from /home/vscode/.local/lib/python3.10/site-packages/airflow/example_dags/example_xcomargs.py
[2024-12-12T15:49:46.555+0000] {processor.py:836} INFO - DAG(s) dict_keys(['example_xcom_args', 'example_xcom_args_with_operators']) retrieved from /home/vscode/.local/lib/python3.10/site-packages/airflow/example_dags/example_xcomargs.py
[2024-12-12T15:49:46.568+0000] {logging_mixin.py:150} INFO - [2024-12-12T15:49:46.567+0000] {dag.py:2742} INFO - Sync 2 DAGs
[2024-12-12T15:49:46.580+0000] {logging_mixin.py:150} INFO - [2024-12-12T15:49:46.580+0000] {dag.py:3504} INFO - Setting next_dagrun for example_xcom_args to None, run_after=None
[2024-12-12T15:49:46.582+0000] {logging_mixin.py:150} INFO - [2024-12-12T15:49:46.582+0000] {dag.py:3504} INFO - Setting next_dagrun for example_xcom_args_with_operators to None, run_after=None
[2024-12-12T15:49:46.594+0000] {processor.py:179} INFO - Processing /home/vscode/.local/lib/python3.10/site-packages/airflow/example_dags/example_xcomargs.py took 0.048 seconds
[2024-12-12T15:50:27.328+0000] {processor.py:157} INFO - Started process (PID=40816) to work on /home/vscode/.local/lib/python3.10/site-packages/airflow/example_dags/example_xcomargs.py
[2024-12-12T15:50:27.329+0000] {processor.py:826} INFO - Processing file /home/vscode/.local/lib/python3.10/site-packages/airflow/example_dags/example_xcomargs.py for tasks to queue
[2024-12-12T15:50:27.329+0000] {logging_mixin.py:150} INFO - [2024-12-12T15:50:27.329+0000] {dagbag.py:541} INFO - Filling up the DagBag from /home/vscode/.local/lib/python3.10/site-packages/airflow/example_dags/example_xcomargs.py
[2024-12-12T15:50:27.335+0000] {processor.py:836} INFO - DAG(s) dict_keys(['example_xcom_args_with_operators', 'example_xcom_args']) retrieved from /home/vscode/.local/lib/python3.10/site-packages/airflow/example_dags/example_xcomargs.py
[2024-12-12T15:50:27.348+0000] {logging_mixin.py:150} INFO - [2024-12-12T15:50:27.348+0000] {dag.py:2742} INFO - Sync 2 DAGs
[2024-12-12T15:50:27.361+0000] {logging_mixin.py:150} INFO - [2024-12-12T15:50:27.361+0000] {dag.py:3504} INFO - Setting next_dagrun for example_xcom_args to None, run_after=None
[2024-12-12T15:50:27.363+0000] {logging_mixin.py:150} INFO - [2024-12-12T15:50:27.363+0000] {dag.py:3504} INFO - Setting next_dagrun for example_xcom_args_with_operators to None, run_after=None
[2024-12-12T15:50:27.376+0000] {processor.py:179} INFO - Processing /home/vscode/.local/lib/python3.10/site-packages/airflow/example_dags/example_xcomargs.py took 0.050 seconds
[2024-12-12T15:51:11.288+0000] {processor.py:157} INFO - Started process (PID=41153) to work on /home/vscode/.local/lib/python3.10/site-packages/airflow/example_dags/example_xcomargs.py
[2024-12-12T15:51:11.288+0000] {processor.py:826} INFO - Processing file /home/vscode/.local/lib/python3.10/site-packages/airflow/example_dags/example_xcomargs.py for tasks to queue
[2024-12-12T15:51:11.289+0000] {logging_mixin.py:150} INFO - [2024-12-12T15:51:11.289+0000] {dagbag.py:541} INFO - Filling up the DagBag from /home/vscode/.local/lib/python3.10/site-packages/airflow/example_dags/example_xcomargs.py
[2024-12-12T15:51:11.295+0000] {processor.py:836} INFO - DAG(s) dict_keys(['example_xcom_args', 'example_xcom_args_with_operators']) retrieved from /home/vscode/.local/lib/python3.10/site-packages/airflow/example_dags/example_xcomargs.py
[2024-12-12T15:51:11.308+0000] {logging_mixin.py:150} INFO - [2024-12-12T15:51:11.307+0000] {dag.py:2742} INFO - Sync 2 DAGs
[2024-12-12T15:51:11.320+0000] {logging_mixin.py:150} INFO - [2024-12-12T15:51:11.320+0000] {dag.py:3504} INFO - Setting next_dagrun for example_xcom_args to None, run_after=None
[2024-12-12T15:51:11.322+0000] {logging_mixin.py:150} INFO - [2024-12-12T15:51:11.322+0000] {dag.py:3504} INFO - Setting next_dagrun for example_xcom_args_with_operators to None, run_after=None
[2024-12-12T15:51:11.335+0000] {processor.py:179} INFO - Processing /home/vscode/.local/lib/python3.10/site-packages/airflow/example_dags/example_xcomargs.py took 0.049 seconds
[2024-12-12T15:51:45.002+0000] {processor.py:157} INFO - Started process (PID=41420) to work on /home/vscode/.local/lib/python3.10/site-packages/airflow/example_dags/example_xcomargs.py
[2024-12-12T15:51:45.003+0000] {processor.py:826} INFO - Processing file /home/vscode/.local/lib/python3.10/site-packages/airflow/example_dags/example_xcomargs.py for tasks to queue
[2024-12-12T15:51:45.003+0000] {logging_mixin.py:150} INFO - [2024-12-12T15:51:45.003+0000] {dagbag.py:541} INFO - Filling up the DagBag from /home/vscode/.local/lib/python3.10/site-packages/airflow/example_dags/example_xcomargs.py
[2024-12-12T15:51:45.009+0000] {processor.py:836} INFO - DAG(s) dict_keys(['example_xcom_args_with_operators', 'example_xcom_args']) retrieved from /home/vscode/.local/lib/python3.10/site-packages/airflow/example_dags/example_xcomargs.py
[2024-12-12T15:51:45.025+0000] {logging_mixin.py:150} INFO - [2024-12-12T15:51:45.025+0000] {dag.py:2742} INFO - Sync 2 DAGs
[2024-12-12T15:51:45.039+0000] {logging_mixin.py:150} INFO - [2024-12-12T15:51:45.038+0000] {dag.py:3504} INFO - Setting next_dagrun for example_xcom_args to None, run_after=None
[2024-12-12T15:51:45.041+0000] {logging_mixin.py:150} INFO - [2024-12-12T15:51:45.041+0000] {dag.py:3504} INFO - Setting next_dagrun for example_xcom_args_with_operators to None, run_after=None
[2024-12-12T15:51:45.053+0000] {processor.py:179} INFO - Processing /home/vscode/.local/lib/python3.10/site-packages/airflow/example_dags/example_xcomargs.py took 0.053 seconds
[2024-12-12T15:52:17.520+0000] {processor.py:157} INFO - Started process (PID=41670) to work on /home/vscode/.local/lib/python3.10/site-packages/airflow/example_dags/example_xcomargs.py
[2024-12-12T15:52:17.520+0000] {processor.py:826} INFO - Processing file /home/vscode/.local/lib/python3.10/site-packages/airflow/example_dags/example_xcomargs.py for tasks to queue
[2024-12-12T15:52:17.521+0000] {logging_mixin.py:150} INFO - [2024-12-12T15:52:17.521+0000] {dagbag.py:541} INFO - Filling up the DagBag from /home/vscode/.local/lib/python3.10/site-packages/airflow/example_dags/example_xcomargs.py
[2024-12-12T15:52:17.527+0000] {processor.py:836} INFO - DAG(s) dict_keys(['example_xcom_args', 'example_xcom_args_with_operators']) retrieved from /home/vscode/.local/lib/python3.10/site-packages/airflow/example_dags/example_xcomargs.py
[2024-12-12T15:52:17.540+0000] {logging_mixin.py:150} INFO - [2024-12-12T15:52:17.540+0000] {dag.py:2742} INFO - Sync 2 DAGs
[2024-12-12T15:52:17.553+0000] {logging_mixin.py:150} INFO - [2024-12-12T15:52:17.553+0000] {dag.py:3504} INFO - Setting next_dagrun for example_xcom_args to None, run_after=None
[2024-12-12T15:52:17.555+0000] {logging_mixin.py:150} INFO - [2024-12-12T15:52:17.554+0000] {dag.py:3504} INFO - Setting next_dagrun for example_xcom_args_with_operators to None, run_after=None
[2024-12-12T15:52:17.567+0000] {processor.py:179} INFO - Processing /home/vscode/.local/lib/python3.10/site-packages/airflow/example_dags/example_xcomargs.py took 0.050 seconds
[2024-12-12T15:53:01.351+0000] {processor.py:157} INFO - Started process (PID=41969) to work on /home/vscode/.local/lib/python3.10/site-packages/airflow/example_dags/example_xcomargs.py
[2024-12-12T15:53:01.352+0000] {processor.py:826} INFO - Processing file /home/vscode/.local/lib/python3.10/site-packages/airflow/example_dags/example_xcomargs.py for tasks to queue
[2024-12-12T15:53:01.352+0000] {logging_mixin.py:150} INFO - [2024-12-12T15:53:01.352+0000] {dagbag.py:541} INFO - Filling up the DagBag from /home/vscode/.local/lib/python3.10/site-packages/airflow/example_dags/example_xcomargs.py
[2024-12-12T15:53:01.358+0000] {processor.py:836} INFO - DAG(s) dict_keys(['example_xcom_args_with_operators', 'example_xcom_args']) retrieved from /home/vscode/.local/lib/python3.10/site-packages/airflow/example_dags/example_xcomargs.py
[2024-12-12T15:53:01.371+0000] {logging_mixin.py:150} INFO - [2024-12-12T15:53:01.371+0000] {dag.py:2742} INFO - Sync 2 DAGs
[2024-12-12T15:53:01.385+0000] {logging_mixin.py:150} INFO - [2024-12-12T15:53:01.385+0000] {dag.py:3504} INFO - Setting next_dagrun for example_xcom_args to None, run_after=None
[2024-12-12T15:53:01.387+0000] {logging_mixin.py:150} INFO - [2024-12-12T15:53:01.387+0000] {dag.py:3504} INFO - Setting next_dagrun for example_xcom_args_with_operators to None, run_after=None
[2024-12-12T15:53:01.400+0000] {processor.py:179} INFO - Processing /home/vscode/.local/lib/python3.10/site-packages/airflow/example_dags/example_xcomargs.py took 0.051 seconds
[2024-12-12T15:53:42.299+0000] {processor.py:157} INFO - Started process (PID=42255) to work on /home/vscode/.local/lib/python3.10/site-packages/airflow/example_dags/example_xcomargs.py
[2024-12-12T15:53:42.300+0000] {processor.py:826} INFO - Processing file /home/vscode/.local/lib/python3.10/site-packages/airflow/example_dags/example_xcomargs.py for tasks to queue
[2024-12-12T15:53:42.301+0000] {logging_mixin.py:150} INFO - [2024-12-12T15:53:42.300+0000] {dagbag.py:541} INFO - Filling up the DagBag from /home/vscode/.local/lib/python3.10/site-packages/airflow/example_dags/example_xcomargs.py
[2024-12-12T15:53:42.306+0000] {processor.py:836} INFO - DAG(s) dict_keys(['example_xcom_args_with_operators', 'example_xcom_args']) retrieved from /home/vscode/.local/lib/python3.10/site-packages/airflow/example_dags/example_xcomargs.py
[2024-12-12T15:53:42.319+0000] {logging_mixin.py:150} INFO - [2024-12-12T15:53:42.319+0000] {dag.py:2742} INFO - Sync 2 DAGs
[2024-12-12T15:53:42.331+0000] {logging_mixin.py:150} INFO - [2024-12-12T15:53:42.331+0000] {dag.py:3504} INFO - Setting next_dagrun for example_xcom_args to None, run_after=None
[2024-12-12T15:53:42.333+0000] {logging_mixin.py:150} INFO - [2024-12-12T15:53:42.333+0000] {dag.py:3504} INFO - Setting next_dagrun for example_xcom_args_with_operators to None, run_after=None
[2024-12-12T15:53:42.346+0000] {processor.py:179} INFO - Processing /home/vscode/.local/lib/python3.10/site-packages/airflow/example_dags/example_xcomargs.py took 0.049 seconds
[2024-12-12T15:54:13.828+0000] {processor.py:157} INFO - Started process (PID=42486) to work on /home/vscode/.local/lib/python3.10/site-packages/airflow/example_dags/example_xcomargs.py
[2024-12-12T15:54:13.828+0000] {processor.py:826} INFO - Processing file /home/vscode/.local/lib/python3.10/site-packages/airflow/example_dags/example_xcomargs.py for tasks to queue
[2024-12-12T15:54:13.829+0000] {logging_mixin.py:150} INFO - [2024-12-12T15:54:13.828+0000] {dagbag.py:541} INFO - Filling up the DagBag from /home/vscode/.local/lib/python3.10/site-packages/airflow/example_dags/example_xcomargs.py
[2024-12-12T15:54:13.834+0000] {processor.py:836} INFO - DAG(s) dict_keys(['example_xcom_args', 'example_xcom_args_with_operators']) retrieved from /home/vscode/.local/lib/python3.10/site-packages/airflow/example_dags/example_xcomargs.py
[2024-12-12T15:54:13.848+0000] {logging_mixin.py:150} INFO - [2024-12-12T15:54:13.847+0000] {dag.py:2742} INFO - Sync 2 DAGs
[2024-12-12T15:54:13.861+0000] {logging_mixin.py:150} INFO - [2024-12-12T15:54:13.860+0000] {dag.py:3504} INFO - Setting next_dagrun for example_xcom_args to None, run_after=None
[2024-12-12T15:54:13.862+0000] {logging_mixin.py:150} INFO - [2024-12-12T15:54:13.862+0000] {dag.py:3504} INFO - Setting next_dagrun for example_xcom_args_with_operators to None, run_after=None
[2024-12-12T15:54:13.875+0000] {processor.py:179} INFO - Processing /home/vscode/.local/lib/python3.10/site-packages/airflow/example_dags/example_xcomargs.py took 0.050 seconds
[2024-12-12T15:54:45.358+0000] {processor.py:157} INFO - Started process (PID=42701) to work on /home/vscode/.local/lib/python3.10/site-packages/airflow/example_dags/example_xcomargs.py
[2024-12-12T15:54:45.359+0000] {processor.py:826} INFO - Processing file /home/vscode/.local/lib/python3.10/site-packages/airflow/example_dags/example_xcomargs.py for tasks to queue
[2024-12-12T15:54:45.359+0000] {logging_mixin.py:150} INFO - [2024-12-12T15:54:45.359+0000] {dagbag.py:541} INFO - Filling up the DagBag from /home/vscode/.local/lib/python3.10/site-packages/airflow/example_dags/example_xcomargs.py
[2024-12-12T15:54:45.365+0000] {processor.py:836} INFO - DAG(s) dict_keys(['example_xcom_args_with_operators', 'example_xcom_args']) retrieved from /home/vscode/.local/lib/python3.10/site-packages/airflow/example_dags/example_xcomargs.py
[2024-12-12T15:54:45.378+0000] {logging_mixin.py:150} INFO - [2024-12-12T15:54:45.378+0000] {dag.py:2742} INFO - Sync 2 DAGs
[2024-12-12T15:54:45.391+0000] {logging_mixin.py:150} INFO - [2024-12-12T15:54:45.391+0000] {dag.py:3504} INFO - Setting next_dagrun for example_xcom_args to None, run_after=None
[2024-12-12T15:54:45.393+0000] {logging_mixin.py:150} INFO - [2024-12-12T15:54:45.393+0000] {dag.py:3504} INFO - Setting next_dagrun for example_xcom_args_with_operators to None, run_after=None
[2024-12-12T15:54:45.405+0000] {processor.py:179} INFO - Processing /home/vscode/.local/lib/python3.10/site-packages/airflow/example_dags/example_xcomargs.py took 0.049 seconds
[2024-12-12T15:55:30.029+0000] {processor.py:157} INFO - Started process (PID=43012) to work on /home/vscode/.local/lib/python3.10/site-packages/airflow/example_dags/example_xcomargs.py
[2024-12-12T15:55:30.030+0000] {processor.py:826} INFO - Processing file /home/vscode/.local/lib/python3.10/site-packages/airflow/example_dags/example_xcomargs.py for tasks to queue
[2024-12-12T15:55:30.031+0000] {logging_mixin.py:150} INFO - [2024-12-12T15:55:30.030+0000] {dagbag.py:541} INFO - Filling up the DagBag from /home/vscode/.local/lib/python3.10/site-packages/airflow/example_dags/example_xcomargs.py
[2024-12-12T15:55:30.037+0000] {processor.py:836} INFO - DAG(s) dict_keys(['example_xcom_args', 'example_xcom_args_with_operators']) retrieved from /home/vscode/.local/lib/python3.10/site-packages/airflow/example_dags/example_xcomargs.py
[2024-12-12T15:55:30.050+0000] {logging_mixin.py:150} INFO - [2024-12-12T15:55:30.050+0000] {dag.py:2742} INFO - Sync 2 DAGs
[2024-12-12T15:55:30.063+0000] {logging_mixin.py:150} INFO - [2024-12-12T15:55:30.063+0000] {dag.py:3504} INFO - Setting next_dagrun for example_xcom_args to None, run_after=None
[2024-12-12T15:55:30.065+0000] {logging_mixin.py:150} INFO - [2024-12-12T15:55:30.064+0000] {dag.py:3504} INFO - Setting next_dagrun for example_xcom_args_with_operators to None, run_after=None
[2024-12-12T15:55:30.077+0000] {processor.py:179} INFO - Processing /home/vscode/.local/lib/python3.10/site-packages/airflow/example_dags/example_xcomargs.py took 0.050 seconds
[2024-12-12T15:56:03.045+0000] {processor.py:157} INFO - Started process (PID=43233) to work on /home/vscode/.local/lib/python3.10/site-packages/airflow/example_dags/example_xcomargs.py
[2024-12-12T15:56:03.045+0000] {processor.py:826} INFO - Processing file /home/vscode/.local/lib/python3.10/site-packages/airflow/example_dags/example_xcomargs.py for tasks to queue
[2024-12-12T15:56:03.046+0000] {logging_mixin.py:150} INFO - [2024-12-12T15:56:03.046+0000] {dagbag.py:541} INFO - Filling up the DagBag from /home/vscode/.local/lib/python3.10/site-packages/airflow/example_dags/example_xcomargs.py
[2024-12-12T15:56:03.052+0000] {processor.py:836} INFO - DAG(s) dict_keys(['example_xcom_args', 'example_xcom_args_with_operators']) retrieved from /home/vscode/.local/lib/python3.10/site-packages/airflow/example_dags/example_xcomargs.py
[2024-12-12T15:56:03.065+0000] {logging_mixin.py:150} INFO - [2024-12-12T15:56:03.065+0000] {dag.py:2742} INFO - Sync 2 DAGs
[2024-12-12T15:56:03.079+0000] {logging_mixin.py:150} INFO - [2024-12-12T15:56:03.079+0000] {dag.py:3504} INFO - Setting next_dagrun for example_xcom_args to None, run_after=None
[2024-12-12T15:56:03.081+0000] {logging_mixin.py:150} INFO - [2024-12-12T15:56:03.081+0000] {dag.py:3504} INFO - Setting next_dagrun for example_xcom_args_with_operators to None, run_after=None
[2024-12-12T15:56:03.094+0000] {processor.py:179} INFO - Processing /home/vscode/.local/lib/python3.10/site-packages/airflow/example_dags/example_xcomargs.py took 0.052 seconds
[2024-12-12T15:56:44.365+0000] {processor.py:157} INFO - Started process (PID=43519) to work on /home/vscode/.local/lib/python3.10/site-packages/airflow/example_dags/example_xcomargs.py
[2024-12-12T15:56:44.366+0000] {processor.py:826} INFO - Processing file /home/vscode/.local/lib/python3.10/site-packages/airflow/example_dags/example_xcomargs.py for tasks to queue
[2024-12-12T15:56:44.366+0000] {logging_mixin.py:150} INFO - [2024-12-12T15:56:44.366+0000] {dagbag.py:541} INFO - Filling up the DagBag from /home/vscode/.local/lib/python3.10/site-packages/airflow/example_dags/example_xcomargs.py
[2024-12-12T15:56:44.372+0000] {processor.py:836} INFO - DAG(s) dict_keys(['example_xcom_args_with_operators', 'example_xcom_args']) retrieved from /home/vscode/.local/lib/python3.10/site-packages/airflow/example_dags/example_xcomargs.py
[2024-12-12T15:56:44.385+0000] {logging_mixin.py:150} INFO - [2024-12-12T15:56:44.385+0000] {dag.py:2742} INFO - Sync 2 DAGs
[2024-12-12T15:56:44.398+0000] {logging_mixin.py:150} INFO - [2024-12-12T15:56:44.398+0000] {dag.py:3504} INFO - Setting next_dagrun for example_xcom_args to None, run_after=None
[2024-12-12T15:56:44.400+0000] {logging_mixin.py:150} INFO - [2024-12-12T15:56:44.400+0000] {dag.py:3504} INFO - Setting next_dagrun for example_xcom_args_with_operators to None, run_after=None
[2024-12-12T15:56:44.413+0000] {processor.py:179} INFO - Processing /home/vscode/.local/lib/python3.10/site-packages/airflow/example_dags/example_xcomargs.py took 0.049 seconds
[2024-12-12T15:57:23.074+0000] {processor.py:157} INFO - Started process (PID=43789) to work on /home/vscode/.local/lib/python3.10/site-packages/airflow/example_dags/example_xcomargs.py
[2024-12-12T15:57:23.075+0000] {processor.py:826} INFO - Processing file /home/vscode/.local/lib/python3.10/site-packages/airflow/example_dags/example_xcomargs.py for tasks to queue
[2024-12-12T15:57:23.075+0000] {logging_mixin.py:150} INFO - [2024-12-12T15:57:23.075+0000] {dagbag.py:541} INFO - Filling up the DagBag from /home/vscode/.local/lib/python3.10/site-packages/airflow/example_dags/example_xcomargs.py
[2024-12-12T15:57:23.081+0000] {processor.py:836} INFO - DAG(s) dict_keys(['example_xcom_args', 'example_xcom_args_with_operators']) retrieved from /home/vscode/.local/lib/python3.10/site-packages/airflow/example_dags/example_xcomargs.py
[2024-12-12T15:57:23.094+0000] {logging_mixin.py:150} INFO - [2024-12-12T15:57:23.094+0000] {dag.py:2742} INFO - Sync 2 DAGs
[2024-12-12T15:57:23.107+0000] {logging_mixin.py:150} INFO - [2024-12-12T15:57:23.107+0000] {dag.py:3504} INFO - Setting next_dagrun for example_xcom_args to None, run_after=None
[2024-12-12T15:57:23.109+0000] {logging_mixin.py:150} INFO - [2024-12-12T15:57:23.109+0000] {dag.py:3504} INFO - Setting next_dagrun for example_xcom_args_with_operators to None, run_after=None
[2024-12-12T15:57:23.122+0000] {processor.py:179} INFO - Processing /home/vscode/.local/lib/python3.10/site-packages/airflow/example_dags/example_xcomargs.py took 0.050 seconds
[2024-12-12T15:57:55.549+0000] {processor.py:157} INFO - Started process (PID=44012) to work on /home/vscode/.local/lib/python3.10/site-packages/airflow/example_dags/example_xcomargs.py
[2024-12-12T15:57:55.550+0000] {processor.py:826} INFO - Processing file /home/vscode/.local/lib/python3.10/site-packages/airflow/example_dags/example_xcomargs.py for tasks to queue
[2024-12-12T15:57:55.550+0000] {logging_mixin.py:150} INFO - [2024-12-12T15:57:55.550+0000] {dagbag.py:541} INFO - Filling up the DagBag from /home/vscode/.local/lib/python3.10/site-packages/airflow/example_dags/example_xcomargs.py
[2024-12-12T15:57:55.556+0000] {processor.py:836} INFO - DAG(s) dict_keys(['example_xcom_args_with_operators', 'example_xcom_args']) retrieved from /home/vscode/.local/lib/python3.10/site-packages/airflow/example_dags/example_xcomargs.py
[2024-12-12T15:57:55.569+0000] {logging_mixin.py:150} INFO - [2024-12-12T15:57:55.569+0000] {dag.py:2742} INFO - Sync 2 DAGs
[2024-12-12T15:57:55.582+0000] {logging_mixin.py:150} INFO - [2024-12-12T15:57:55.582+0000] {dag.py:3504} INFO - Setting next_dagrun for example_xcom_args to None, run_after=None
[2024-12-12T15:57:55.583+0000] {logging_mixin.py:150} INFO - [2024-12-12T15:57:55.583+0000] {dag.py:3504} INFO - Setting next_dagrun for example_xcom_args_with_operators to None, run_after=None
[2024-12-12T15:57:55.599+0000] {processor.py:179} INFO - Processing /home/vscode/.local/lib/python3.10/site-packages/airflow/example_dags/example_xcomargs.py took 0.051 seconds
[2024-12-12T15:58:28.637+0000] {processor.py:157} INFO - Started process (PID=44271) to work on /home/vscode/.local/lib/python3.10/site-packages/airflow/example_dags/example_xcomargs.py
[2024-12-12T15:58:28.638+0000] {processor.py:826} INFO - Processing file /home/vscode/.local/lib/python3.10/site-packages/airflow/example_dags/example_xcomargs.py for tasks to queue
[2024-12-12T15:58:28.638+0000] {logging_mixin.py:150} INFO - [2024-12-12T15:58:28.638+0000] {dagbag.py:541} INFO - Filling up the DagBag from /home/vscode/.local/lib/python3.10/site-packages/airflow/example_dags/example_xcomargs.py
[2024-12-12T15:58:28.644+0000] {processor.py:836} INFO - DAG(s) dict_keys(['example_xcom_args_with_operators', 'example_xcom_args']) retrieved from /home/vscode/.local/lib/python3.10/site-packages/airflow/example_dags/example_xcomargs.py
[2024-12-12T15:58:28.657+0000] {logging_mixin.py:150} INFO - [2024-12-12T15:58:28.657+0000] {dag.py:2742} INFO - Sync 2 DAGs
[2024-12-12T15:58:28.670+0000] {logging_mixin.py:150} INFO - [2024-12-12T15:58:28.670+0000] {dag.py:3504} INFO - Setting next_dagrun for example_xcom_args to None, run_after=None
[2024-12-12T15:58:28.672+0000] {logging_mixin.py:150} INFO - [2024-12-12T15:58:28.672+0000] {dag.py:3504} INFO - Setting next_dagrun for example_xcom_args_with_operators to None, run_after=None
[2024-12-12T15:58:28.685+0000] {processor.py:179} INFO - Processing /home/vscode/.local/lib/python3.10/site-packages/airflow/example_dags/example_xcomargs.py took 0.050 seconds
[2024-12-12T15:59:11.968+0000] {processor.py:157} INFO - Started process (PID=44632) to work on /home/vscode/.local/lib/python3.10/site-packages/airflow/example_dags/example_xcomargs.py
[2024-12-12T15:59:11.968+0000] {processor.py:826} INFO - Processing file /home/vscode/.local/lib/python3.10/site-packages/airflow/example_dags/example_xcomargs.py for tasks to queue
[2024-12-12T15:59:11.969+0000] {logging_mixin.py:150} INFO - [2024-12-12T15:59:11.969+0000] {dagbag.py:541} INFO - Filling up the DagBag from /home/vscode/.local/lib/python3.10/site-packages/airflow/example_dags/example_xcomargs.py
[2024-12-12T15:59:11.975+0000] {processor.py:836} INFO - DAG(s) dict_keys(['example_xcom_args', 'example_xcom_args_with_operators']) retrieved from /home/vscode/.local/lib/python3.10/site-packages/airflow/example_dags/example_xcomargs.py
[2024-12-12T15:59:11.988+0000] {logging_mixin.py:150} INFO - [2024-12-12T15:59:11.987+0000] {dag.py:2742} INFO - Sync 2 DAGs
[2024-12-12T15:59:12.001+0000] {logging_mixin.py:150} INFO - [2024-12-12T15:59:12.001+0000] {dag.py:3504} INFO - Setting next_dagrun for example_xcom_args to None, run_after=None
[2024-12-12T15:59:12.003+0000] {logging_mixin.py:150} INFO - [2024-12-12T15:59:12.003+0000] {dag.py:3504} INFO - Setting next_dagrun for example_xcom_args_with_operators to None, run_after=None
[2024-12-12T15:59:12.016+0000] {processor.py:179} INFO - Processing /home/vscode/.local/lib/python3.10/site-packages/airflow/example_dags/example_xcomargs.py took 0.050 seconds
[2024-12-12T15:59:51.379+0000] {processor.py:157} INFO - Started process (PID=44914) to work on /home/vscode/.local/lib/python3.10/site-packages/airflow/example_dags/example_xcomargs.py
[2024-12-12T15:59:51.379+0000] {processor.py:826} INFO - Processing file /home/vscode/.local/lib/python3.10/site-packages/airflow/example_dags/example_xcomargs.py for tasks to queue
[2024-12-12T15:59:51.380+0000] {logging_mixin.py:150} INFO - [2024-12-12T15:59:51.380+0000] {dagbag.py:541} INFO - Filling up the DagBag from /home/vscode/.local/lib/python3.10/site-packages/airflow/example_dags/example_xcomargs.py
[2024-12-12T15:59:51.386+0000] {processor.py:836} INFO - DAG(s) dict_keys(['example_xcom_args', 'example_xcom_args_with_operators']) retrieved from /home/vscode/.local/lib/python3.10/site-packages/airflow/example_dags/example_xcomargs.py
[2024-12-12T15:59:51.398+0000] {logging_mixin.py:150} INFO - [2024-12-12T15:59:51.398+0000] {dag.py:2742} INFO - Sync 2 DAGs
[2024-12-12T15:59:51.411+0000] {logging_mixin.py:150} INFO - [2024-12-12T15:59:51.410+0000] {dag.py:3504} INFO - Setting next_dagrun for example_xcom_args to None, run_after=None
[2024-12-12T15:59:51.412+0000] {logging_mixin.py:150} INFO - [2024-12-12T15:59:51.412+0000] {dag.py:3504} INFO - Setting next_dagrun for example_xcom_args_with_operators to None, run_after=None
[2024-12-12T15:59:51.425+0000] {processor.py:179} INFO - Processing /home/vscode/.local/lib/python3.10/site-packages/airflow/example_dags/example_xcomargs.py took 0.048 seconds
[2024-12-12T16:00:22.779+0000] {processor.py:157} INFO - Started process (PID=45145) to work on /home/vscode/.local/lib/python3.10/site-packages/airflow/example_dags/example_xcomargs.py
[2024-12-12T16:00:22.780+0000] {processor.py:826} INFO - Processing file /home/vscode/.local/lib/python3.10/site-packages/airflow/example_dags/example_xcomargs.py for tasks to queue
[2024-12-12T16:00:22.780+0000] {logging_mixin.py:150} INFO - [2024-12-12T16:00:22.780+0000] {dagbag.py:541} INFO - Filling up the DagBag from /home/vscode/.local/lib/python3.10/site-packages/airflow/example_dags/example_xcomargs.py
[2024-12-12T16:00:22.786+0000] {processor.py:836} INFO - DAG(s) dict_keys(['example_xcom_args', 'example_xcom_args_with_operators']) retrieved from /home/vscode/.local/lib/python3.10/site-packages/airflow/example_dags/example_xcomargs.py
[2024-12-12T16:00:22.799+0000] {logging_mixin.py:150} INFO - [2024-12-12T16:00:22.799+0000] {dag.py:2742} INFO - Sync 2 DAGs
[2024-12-12T16:00:22.813+0000] {logging_mixin.py:150} INFO - [2024-12-12T16:00:22.813+0000] {dag.py:3504} INFO - Setting next_dagrun for example_xcom_args to None, run_after=None
[2024-12-12T16:00:22.815+0000] {logging_mixin.py:150} INFO - [2024-12-12T16:00:22.815+0000] {dag.py:3504} INFO - Setting next_dagrun for example_xcom_args_with_operators to None, run_after=None
[2024-12-12T16:00:22.828+0000] {processor.py:179} INFO - Processing /home/vscode/.local/lib/python3.10/site-packages/airflow/example_dags/example_xcomargs.py took 0.051 seconds
[2024-12-12T16:01:06.713+0000] {processor.py:157} INFO - Started process (PID=45448) to work on /home/vscode/.local/lib/python3.10/site-packages/airflow/example_dags/example_xcomargs.py
[2024-12-12T16:01:06.713+0000] {processor.py:826} INFO - Processing file /home/vscode/.local/lib/python3.10/site-packages/airflow/example_dags/example_xcomargs.py for tasks to queue
[2024-12-12T16:01:06.714+0000] {logging_mixin.py:150} INFO - [2024-12-12T16:01:06.714+0000] {dagbag.py:541} INFO - Filling up the DagBag from /home/vscode/.local/lib/python3.10/site-packages/airflow/example_dags/example_xcomargs.py
[2024-12-12T16:01:06.720+0000] {processor.py:836} INFO - DAG(s) dict_keys(['example_xcom_args', 'example_xcom_args_with_operators']) retrieved from /home/vscode/.local/lib/python3.10/site-packages/airflow/example_dags/example_xcomargs.py
[2024-12-12T16:01:06.733+0000] {logging_mixin.py:150} INFO - [2024-12-12T16:01:06.733+0000] {dag.py:2742} INFO - Sync 2 DAGs
[2024-12-12T16:01:06.746+0000] {logging_mixin.py:150} INFO - [2024-12-12T16:01:06.746+0000] {dag.py:3504} INFO - Setting next_dagrun for example_xcom_args to None, run_after=None
[2024-12-12T16:01:06.748+0000] {logging_mixin.py:150} INFO - [2024-12-12T16:01:06.748+0000] {dag.py:3504} INFO - Setting next_dagrun for example_xcom_args_with_operators to None, run_after=None
[2024-12-12T16:01:06.762+0000] {processor.py:179} INFO - Processing /home/vscode/.local/lib/python3.10/site-packages/airflow/example_dags/example_xcomargs.py took 0.051 seconds
[2024-12-12T16:01:37.535+0000] {processor.py:157} INFO - Started process (PID=45660) to work on /home/vscode/.local/lib/python3.10/site-packages/airflow/example_dags/example_xcomargs.py
[2024-12-12T16:01:37.535+0000] {processor.py:826} INFO - Processing file /home/vscode/.local/lib/python3.10/site-packages/airflow/example_dags/example_xcomargs.py for tasks to queue
[2024-12-12T16:01:37.536+0000] {logging_mixin.py:150} INFO - [2024-12-12T16:01:37.536+0000] {dagbag.py:541} INFO - Filling up the DagBag from /home/vscode/.local/lib/python3.10/site-packages/airflow/example_dags/example_xcomargs.py
[2024-12-12T16:01:37.542+0000] {processor.py:836} INFO - DAG(s) dict_keys(['example_xcom_args', 'example_xcom_args_with_operators']) retrieved from /home/vscode/.local/lib/python3.10/site-packages/airflow/example_dags/example_xcomargs.py
[2024-12-12T16:01:37.562+0000] {logging_mixin.py:150} INFO - [2024-12-12T16:01:37.562+0000] {dag.py:2742} INFO - Sync 2 DAGs
[2024-12-12T16:01:37.581+0000] {logging_mixin.py:150} INFO - [2024-12-12T16:01:37.581+0000] {dag.py:3504} INFO - Setting next_dagrun for example_xcom_args to None, run_after=None
[2024-12-12T16:01:37.583+0000] {logging_mixin.py:150} INFO - [2024-12-12T16:01:37.583+0000] {dag.py:3504} INFO - Setting next_dagrun for example_xcom_args_with_operators to None, run_after=None
[2024-12-12T16:01:37.596+0000] {processor.py:179} INFO - Processing /home/vscode/.local/lib/python3.10/site-packages/airflow/example_dags/example_xcomargs.py took 0.063 seconds
[2024-12-12T16:02:19.666+0000] {processor.py:157} INFO - Started process (PID=45979) to work on /home/vscode/.local/lib/python3.10/site-packages/airflow/example_dags/example_xcomargs.py
[2024-12-12T16:02:19.667+0000] {processor.py:826} INFO - Processing file /home/vscode/.local/lib/python3.10/site-packages/airflow/example_dags/example_xcomargs.py for tasks to queue
[2024-12-12T16:02:19.667+0000] {logging_mixin.py:150} INFO - [2024-12-12T16:02:19.667+0000] {dagbag.py:541} INFO - Filling up the DagBag from /home/vscode/.local/lib/python3.10/site-packages/airflow/example_dags/example_xcomargs.py
[2024-12-12T16:02:19.673+0000] {processor.py:836} INFO - DAG(s) dict_keys(['example_xcom_args', 'example_xcom_args_with_operators']) retrieved from /home/vscode/.local/lib/python3.10/site-packages/airflow/example_dags/example_xcomargs.py
[2024-12-12T16:02:19.687+0000] {logging_mixin.py:150} INFO - [2024-12-12T16:02:19.686+0000] {dag.py:2742} INFO - Sync 2 DAGs
[2024-12-12T16:02:19.700+0000] {logging_mixin.py:150} INFO - [2024-12-12T16:02:19.699+0000] {dag.py:3504} INFO - Setting next_dagrun for example_xcom_args to None, run_after=None
[2024-12-12T16:02:19.701+0000] {logging_mixin.py:150} INFO - [2024-12-12T16:02:19.701+0000] {dag.py:3504} INFO - Setting next_dagrun for example_xcom_args_with_operators to None, run_after=None
[2024-12-12T16:02:19.714+0000] {processor.py:179} INFO - Processing /home/vscode/.local/lib/python3.10/site-packages/airflow/example_dags/example_xcomargs.py took 0.050 seconds
[2024-12-12T16:03:01.896+0000] {processor.py:157} INFO - Started process (PID=46275) to work on /home/vscode/.local/lib/python3.10/site-packages/airflow/example_dags/example_xcomargs.py
[2024-12-12T16:03:01.896+0000] {processor.py:826} INFO - Processing file /home/vscode/.local/lib/python3.10/site-packages/airflow/example_dags/example_xcomargs.py for tasks to queue
[2024-12-12T16:03:01.897+0000] {logging_mixin.py:150} INFO - [2024-12-12T16:03:01.897+0000] {dagbag.py:541} INFO - Filling up the DagBag from /home/vscode/.local/lib/python3.10/site-packages/airflow/example_dags/example_xcomargs.py
[2024-12-12T16:03:01.903+0000] {processor.py:836} INFO - DAG(s) dict_keys(['example_xcom_args_with_operators', 'example_xcom_args']) retrieved from /home/vscode/.local/lib/python3.10/site-packages/airflow/example_dags/example_xcomargs.py
[2024-12-12T16:03:01.916+0000] {logging_mixin.py:150} INFO - [2024-12-12T16:03:01.916+0000] {dag.py:2742} INFO - Sync 2 DAGs
[2024-12-12T16:03:01.930+0000] {logging_mixin.py:150} INFO - [2024-12-12T16:03:01.930+0000] {dag.py:3504} INFO - Setting next_dagrun for example_xcom_args to None, run_after=None
[2024-12-12T16:03:01.932+0000] {logging_mixin.py:150} INFO - [2024-12-12T16:03:01.932+0000] {dag.py:3504} INFO - Setting next_dagrun for example_xcom_args_with_operators to None, run_after=None
[2024-12-12T16:03:01.945+0000] {processor.py:179} INFO - Processing /home/vscode/.local/lib/python3.10/site-packages/airflow/example_dags/example_xcomargs.py took 0.051 seconds
