[2024-12-12T15:31:03.648+0000] {processor.py:157} INFO - Started process (PID=31083) to work on /home/vscode/.local/lib/python3.10/site-packages/airflow/example_dags/example_branch_labels.py
[2024-12-12T15:31:03.649+0000] {processor.py:826} INFO - Processing file /home/vscode/.local/lib/python3.10/site-packages/airflow/example_dags/example_branch_labels.py for tasks to queue
[2024-12-12T15:31:03.649+0000] {logging_mixin.py:150} INFO - [2024-12-12T15:31:03.649+0000] {dagbag.py:541} INFO - Filling up the DagBag from /home/vscode/.local/lib/python3.10/site-packages/airflow/example_dags/example_branch_labels.py
[2024-12-12T15:31:03.655+0000] {processor.py:836} INFO - DAG(s) dict_keys(['example_branch_labels']) retrieved from /home/vscode/.local/lib/python3.10/site-packages/airflow/example_dags/example_branch_labels.py
[2024-12-12T15:31:03.721+0000] {logging_mixin.py:150} INFO - [2024-12-12T15:31:03.721+0000] {manager.py:504} INFO - Created Permission View: can delete on DAG:example_branch_labels
[2024-12-12T15:31:03.728+0000] {logging_mixin.py:150} INFO - [2024-12-12T15:31:03.728+0000] {manager.py:504} INFO - Created Permission View: can read on DAG:example_branch_labels
[2024-12-12T15:31:03.734+0000] {logging_mixin.py:150} INFO - [2024-12-12T15:31:03.734+0000] {manager.py:504} INFO - Created Permission View: can edit on DAG:example_branch_labels
[2024-12-12T15:31:03.742+0000] {logging_mixin.py:150} INFO - [2024-12-12T15:31:03.742+0000] {dag.py:2742} INFO - Sync 1 DAGs
[2024-12-12T15:31:03.748+0000] {logging_mixin.py:150} INFO - [2024-12-12T15:31:03.748+0000] {dag.py:2763} INFO - Creating ORM DAG for example_branch_labels
[2024-12-12T15:31:03.755+0000] {logging_mixin.py:150} INFO - [2024-12-12T15:31:03.755+0000] {dag.py:3504} INFO - Setting next_dagrun for example_branch_labels to 2024-12-11T00:00:00+00:00, run_after=2024-12-12T00:00:00+00:00
[2024-12-12T15:31:03.771+0000] {processor.py:179} INFO - Processing /home/vscode/.local/lib/python3.10/site-packages/airflow/example_dags/example_branch_labels.py took 0.125 seconds
[2024-12-12T15:31:53.243+0000] {processor.py:157} INFO - Started process (PID=31495) to work on /home/vscode/.local/lib/python3.10/site-packages/airflow/example_dags/example_branch_labels.py
[2024-12-12T15:31:53.243+0000] {processor.py:826} INFO - Processing file /home/vscode/.local/lib/python3.10/site-packages/airflow/example_dags/example_branch_labels.py for tasks to queue
[2024-12-12T15:31:53.244+0000] {logging_mixin.py:150} INFO - [2024-12-12T15:31:53.244+0000] {dagbag.py:541} INFO - Filling up the DagBag from /home/vscode/.local/lib/python3.10/site-packages/airflow/example_dags/example_branch_labels.py
[2024-12-12T15:31:53.249+0000] {processor.py:836} INFO - DAG(s) dict_keys(['example_branch_labels']) retrieved from /home/vscode/.local/lib/python3.10/site-packages/airflow/example_dags/example_branch_labels.py
[2024-12-12T15:31:53.261+0000] {logging_mixin.py:150} INFO - [2024-12-12T15:31:53.261+0000] {dag.py:2742} INFO - Sync 1 DAGs
[2024-12-12T15:31:53.275+0000] {logging_mixin.py:150} INFO - [2024-12-12T15:31:53.275+0000] {dag.py:3504} INFO - Setting next_dagrun for example_branch_labels to 2024-12-11T00:00:00+00:00, run_after=2024-12-12T00:00:00+00:00
[2024-12-12T15:31:53.289+0000] {processor.py:179} INFO - Processing /home/vscode/.local/lib/python3.10/site-packages/airflow/example_dags/example_branch_labels.py took 0.048 seconds
[2024-12-12T15:32:47.396+0000] {processor.py:157} INFO - Started process (PID=31907) to work on /home/vscode/.local/lib/python3.10/site-packages/airflow/example_dags/example_branch_labels.py
[2024-12-12T15:32:47.397+0000] {processor.py:826} INFO - Processing file /home/vscode/.local/lib/python3.10/site-packages/airflow/example_dags/example_branch_labels.py for tasks to queue
[2024-12-12T15:32:47.397+0000] {logging_mixin.py:150} INFO - [2024-12-12T15:32:47.397+0000] {dagbag.py:541} INFO - Filling up the DagBag from /home/vscode/.local/lib/python3.10/site-packages/airflow/example_dags/example_branch_labels.py
[2024-12-12T15:32:47.404+0000] {processor.py:836} INFO - DAG(s) dict_keys(['example_branch_labels']) retrieved from /home/vscode/.local/lib/python3.10/site-packages/airflow/example_dags/example_branch_labels.py
[2024-12-12T15:32:47.415+0000] {logging_mixin.py:150} INFO - [2024-12-12T15:32:47.415+0000] {dag.py:2742} INFO - Sync 1 DAGs
[2024-12-12T15:32:47.430+0000] {logging_mixin.py:150} INFO - [2024-12-12T15:32:47.430+0000] {dag.py:3504} INFO - Setting next_dagrun for example_branch_labels to 2024-12-11T00:00:00+00:00, run_after=2024-12-12T00:00:00+00:00
[2024-12-12T15:32:47.444+0000] {processor.py:179} INFO - Processing /home/vscode/.local/lib/python3.10/site-packages/airflow/example_dags/example_branch_labels.py took 0.050 seconds
[2024-12-12T15:33:35.035+0000] {processor.py:157} INFO - Started process (PID=32263) to work on /home/vscode/.local/lib/python3.10/site-packages/airflow/example_dags/example_branch_labels.py
[2024-12-12T15:33:35.035+0000] {processor.py:826} INFO - Processing file /home/vscode/.local/lib/python3.10/site-packages/airflow/example_dags/example_branch_labels.py for tasks to queue
[2024-12-12T15:33:35.036+0000] {logging_mixin.py:150} INFO - [2024-12-12T15:33:35.035+0000] {dagbag.py:541} INFO - Filling up the DagBag from /home/vscode/.local/lib/python3.10/site-packages/airflow/example_dags/example_branch_labels.py
[2024-12-12T15:33:35.041+0000] {processor.py:836} INFO - DAG(s) dict_keys(['example_branch_labels']) retrieved from /home/vscode/.local/lib/python3.10/site-packages/airflow/example_dags/example_branch_labels.py
[2024-12-12T15:33:35.053+0000] {logging_mixin.py:150} INFO - [2024-12-12T15:33:35.053+0000] {dag.py:2742} INFO - Sync 1 DAGs
[2024-12-12T15:33:35.067+0000] {logging_mixin.py:150} INFO - [2024-12-12T15:33:35.066+0000] {dag.py:3504} INFO - Setting next_dagrun for example_branch_labels to 2024-12-11T00:00:00+00:00, run_after=2024-12-12T00:00:00+00:00
[2024-12-12T15:33:35.081+0000] {processor.py:179} INFO - Processing /home/vscode/.local/lib/python3.10/site-packages/airflow/example_dags/example_branch_labels.py took 0.048 seconds
[2024-12-12T15:34:30.574+0000] {processor.py:157} INFO - Started process (PID=32644) to work on /home/vscode/.local/lib/python3.10/site-packages/airflow/example_dags/example_branch_labels.py
[2024-12-12T15:34:30.575+0000] {processor.py:826} INFO - Processing file /home/vscode/.local/lib/python3.10/site-packages/airflow/example_dags/example_branch_labels.py for tasks to queue
[2024-12-12T15:34:30.576+0000] {logging_mixin.py:150} INFO - [2024-12-12T15:34:30.576+0000] {dagbag.py:541} INFO - Filling up the DagBag from /home/vscode/.local/lib/python3.10/site-packages/airflow/example_dags/example_branch_labels.py
[2024-12-12T15:34:30.584+0000] {processor.py:836} INFO - DAG(s) dict_keys(['example_branch_labels']) retrieved from /home/vscode/.local/lib/python3.10/site-packages/airflow/example_dags/example_branch_labels.py
[2024-12-12T15:34:30.595+0000] {logging_mixin.py:150} INFO - [2024-12-12T15:34:30.595+0000] {dag.py:2742} INFO - Sync 1 DAGs
[2024-12-12T15:34:30.609+0000] {logging_mixin.py:150} INFO - [2024-12-12T15:34:30.609+0000] {dag.py:3504} INFO - Setting next_dagrun for example_branch_labels to 2024-12-11T00:00:00+00:00, run_after=2024-12-12T00:00:00+00:00
[2024-12-12T15:34:30.623+0000] {processor.py:179} INFO - Processing /home/vscode/.local/lib/python3.10/site-packages/airflow/example_dags/example_branch_labels.py took 0.050 seconds
[2024-12-12T15:35:20.134+0000] {processor.py:157} INFO - Started process (PID=33016) to work on /home/vscode/.local/lib/python3.10/site-packages/airflow/example_dags/example_branch_labels.py
[2024-12-12T15:35:20.135+0000] {processor.py:826} INFO - Processing file /home/vscode/.local/lib/python3.10/site-packages/airflow/example_dags/example_branch_labels.py for tasks to queue
[2024-12-12T15:35:20.135+0000] {logging_mixin.py:150} INFO - [2024-12-12T15:35:20.135+0000] {dagbag.py:541} INFO - Filling up the DagBag from /home/vscode/.local/lib/python3.10/site-packages/airflow/example_dags/example_branch_labels.py
[2024-12-12T15:35:20.141+0000] {processor.py:836} INFO - DAG(s) dict_keys(['example_branch_labels']) retrieved from /home/vscode/.local/lib/python3.10/site-packages/airflow/example_dags/example_branch_labels.py
[2024-12-12T15:35:20.153+0000] {logging_mixin.py:150} INFO - [2024-12-12T15:35:20.153+0000] {dag.py:2742} INFO - Sync 1 DAGs
[2024-12-12T15:35:20.168+0000] {logging_mixin.py:150} INFO - [2024-12-12T15:35:20.168+0000] {dag.py:3504} INFO - Setting next_dagrun for example_branch_labels to 2024-12-11T00:00:00+00:00, run_after=2024-12-12T00:00:00+00:00
[2024-12-12T15:35:20.182+0000] {processor.py:179} INFO - Processing /home/vscode/.local/lib/python3.10/site-packages/airflow/example_dags/example_branch_labels.py took 0.050 seconds
[2024-12-12T15:36:05.062+0000] {processor.py:157} INFO - Started process (PID=33339) to work on /home/vscode/.local/lib/python3.10/site-packages/airflow/example_dags/example_branch_labels.py
[2024-12-12T15:36:05.062+0000] {processor.py:826} INFO - Processing file /home/vscode/.local/lib/python3.10/site-packages/airflow/example_dags/example_branch_labels.py for tasks to queue
[2024-12-12T15:36:05.063+0000] {logging_mixin.py:150} INFO - [2024-12-12T15:36:05.063+0000] {dagbag.py:541} INFO - Filling up the DagBag from /home/vscode/.local/lib/python3.10/site-packages/airflow/example_dags/example_branch_labels.py
[2024-12-12T15:36:05.068+0000] {processor.py:836} INFO - DAG(s) dict_keys(['example_branch_labels']) retrieved from /home/vscode/.local/lib/python3.10/site-packages/airflow/example_dags/example_branch_labels.py
[2024-12-12T15:36:05.080+0000] {logging_mixin.py:150} INFO - [2024-12-12T15:36:05.080+0000] {dag.py:2742} INFO - Sync 1 DAGs
[2024-12-12T15:36:05.094+0000] {logging_mixin.py:150} INFO - [2024-12-12T15:36:05.094+0000] {dag.py:3504} INFO - Setting next_dagrun for example_branch_labels to 2024-12-11T00:00:00+00:00, run_after=2024-12-12T00:00:00+00:00
[2024-12-12T15:36:05.107+0000] {processor.py:179} INFO - Processing /home/vscode/.local/lib/python3.10/site-packages/airflow/example_dags/example_branch_labels.py took 0.047 seconds
[2024-12-12T15:36:54.989+0000] {processor.py:157} INFO - Started process (PID=33977) to work on /home/vscode/.local/lib/python3.10/site-packages/airflow/example_dags/example_branch_labels.py
[2024-12-12T15:36:54.990+0000] {processor.py:826} INFO - Processing file /home/vscode/.local/lib/python3.10/site-packages/airflow/example_dags/example_branch_labels.py for tasks to queue
[2024-12-12T15:36:54.990+0000] {logging_mixin.py:150} INFO - [2024-12-12T15:36:54.990+0000] {dagbag.py:541} INFO - Filling up the DagBag from /home/vscode/.local/lib/python3.10/site-packages/airflow/example_dags/example_branch_labels.py
[2024-12-12T15:36:54.996+0000] {processor.py:836} INFO - DAG(s) dict_keys(['example_branch_labels']) retrieved from /home/vscode/.local/lib/python3.10/site-packages/airflow/example_dags/example_branch_labels.py
[2024-12-12T15:36:55.007+0000] {logging_mixin.py:150} INFO - [2024-12-12T15:36:55.007+0000] {dag.py:2742} INFO - Sync 1 DAGs
[2024-12-12T15:36:55.021+0000] {logging_mixin.py:150} INFO - [2024-12-12T15:36:55.021+0000] {dag.py:3504} INFO - Setting next_dagrun for example_branch_labels to 2024-12-11T00:00:00+00:00, run_after=2024-12-12T00:00:00+00:00
[2024-12-12T15:36:55.034+0000] {processor.py:179} INFO - Processing /home/vscode/.local/lib/python3.10/site-packages/airflow/example_dags/example_branch_labels.py took 0.047 seconds
[2024-12-12T15:37:41.339+0000] {processor.py:157} INFO - Started process (PID=34308) to work on /home/vscode/.local/lib/python3.10/site-packages/airflow/example_dags/example_branch_labels.py
[2024-12-12T15:37:41.339+0000] {processor.py:826} INFO - Processing file /home/vscode/.local/lib/python3.10/site-packages/airflow/example_dags/example_branch_labels.py for tasks to queue
[2024-12-12T15:37:41.340+0000] {logging_mixin.py:150} INFO - [2024-12-12T15:37:41.340+0000] {dagbag.py:541} INFO - Filling up the DagBag from /home/vscode/.local/lib/python3.10/site-packages/airflow/example_dags/example_branch_labels.py
[2024-12-12T15:37:41.345+0000] {processor.py:836} INFO - DAG(s) dict_keys(['example_branch_labels']) retrieved from /home/vscode/.local/lib/python3.10/site-packages/airflow/example_dags/example_branch_labels.py
[2024-12-12T15:37:41.357+0000] {logging_mixin.py:150} INFO - [2024-12-12T15:37:41.357+0000] {dag.py:2742} INFO - Sync 1 DAGs
[2024-12-12T15:37:41.370+0000] {logging_mixin.py:150} INFO - [2024-12-12T15:37:41.370+0000] {dag.py:3504} INFO - Setting next_dagrun for example_branch_labels to 2024-12-11T00:00:00+00:00, run_after=2024-12-12T00:00:00+00:00
[2024-12-12T15:37:41.384+0000] {processor.py:179} INFO - Processing /home/vscode/.local/lib/python3.10/site-packages/airflow/example_dags/example_branch_labels.py took 0.048 seconds
[2024-12-12T15:38:38.638+0000] {processor.py:157} INFO - Started process (PID=34749) to work on /home/vscode/.local/lib/python3.10/site-packages/airflow/example_dags/example_branch_labels.py
[2024-12-12T15:38:38.652+0000] {processor.py:826} INFO - Processing file /home/vscode/.local/lib/python3.10/site-packages/airflow/example_dags/example_branch_labels.py for tasks to queue
[2024-12-12T15:38:38.653+0000] {logging_mixin.py:150} INFO - [2024-12-12T15:38:38.653+0000] {dagbag.py:541} INFO - Filling up the DagBag from /home/vscode/.local/lib/python3.10/site-packages/airflow/example_dags/example_branch_labels.py
[2024-12-12T15:38:38.671+0000] {processor.py:836} INFO - DAG(s) dict_keys(['example_branch_labels']) retrieved from /home/vscode/.local/lib/python3.10/site-packages/airflow/example_dags/example_branch_labels.py
[2024-12-12T15:38:38.701+0000] {logging_mixin.py:150} INFO - [2024-12-12T15:38:38.701+0000] {dag.py:2742} INFO - Sync 1 DAGs
[2024-12-12T15:38:38.773+0000] {logging_mixin.py:150} INFO - [2024-12-12T15:38:38.773+0000] {dag.py:3504} INFO - Setting next_dagrun for example_branch_labels to 2024-12-11T00:00:00+00:00, run_after=2024-12-12T00:00:00+00:00
[2024-12-12T15:38:38.839+0000] {processor.py:179} INFO - Processing /home/vscode/.local/lib/python3.10/site-packages/airflow/example_dags/example_branch_labels.py took 0.204 seconds
[2024-12-12T15:39:26.514+0000] {processor.py:157} INFO - Started process (PID=35398) to work on /home/vscode/.local/lib/python3.10/site-packages/airflow/example_dags/example_branch_labels.py
[2024-12-12T15:39:26.515+0000] {processor.py:826} INFO - Processing file /home/vscode/.local/lib/python3.10/site-packages/airflow/example_dags/example_branch_labels.py for tasks to queue
[2024-12-12T15:39:26.515+0000] {logging_mixin.py:150} INFO - [2024-12-12T15:39:26.515+0000] {dagbag.py:541} INFO - Filling up the DagBag from /home/vscode/.local/lib/python3.10/site-packages/airflow/example_dags/example_branch_labels.py
[2024-12-12T15:39:26.521+0000] {processor.py:836} INFO - DAG(s) dict_keys(['example_branch_labels']) retrieved from /home/vscode/.local/lib/python3.10/site-packages/airflow/example_dags/example_branch_labels.py
[2024-12-12T15:39:26.533+0000] {logging_mixin.py:150} INFO - [2024-12-12T15:39:26.533+0000] {dag.py:2742} INFO - Sync 1 DAGs
[2024-12-12T15:39:26.546+0000] {logging_mixin.py:150} INFO - [2024-12-12T15:39:26.546+0000] {dag.py:3504} INFO - Setting next_dagrun for example_branch_labels to 2024-12-11T00:00:00+00:00, run_after=2024-12-12T00:00:00+00:00
[2024-12-12T15:39:26.560+0000] {processor.py:179} INFO - Processing /home/vscode/.local/lib/python3.10/site-packages/airflow/example_dags/example_branch_labels.py took 0.047 seconds
[2024-12-12T15:40:13.563+0000] {processor.py:157} INFO - Started process (PID=35806) to work on /home/vscode/.local/lib/python3.10/site-packages/airflow/example_dags/example_branch_labels.py
[2024-12-12T15:40:13.564+0000] {processor.py:826} INFO - Processing file /home/vscode/.local/lib/python3.10/site-packages/airflow/example_dags/example_branch_labels.py for tasks to queue
[2024-12-12T15:40:13.564+0000] {logging_mixin.py:150} INFO - [2024-12-12T15:40:13.564+0000] {dagbag.py:541} INFO - Filling up the DagBag from /home/vscode/.local/lib/python3.10/site-packages/airflow/example_dags/example_branch_labels.py
[2024-12-12T15:40:13.569+0000] {processor.py:836} INFO - DAG(s) dict_keys(['example_branch_labels']) retrieved from /home/vscode/.local/lib/python3.10/site-packages/airflow/example_dags/example_branch_labels.py
[2024-12-12T15:40:13.590+0000] {logging_mixin.py:150} INFO - [2024-12-12T15:40:13.590+0000] {dag.py:2742} INFO - Sync 1 DAGs
[2024-12-12T15:40:13.607+0000] {logging_mixin.py:150} INFO - [2024-12-12T15:40:13.607+0000] {dag.py:3504} INFO - Setting next_dagrun for example_branch_labels to 2024-12-11T00:00:00+00:00, run_after=2024-12-12T00:00:00+00:00
[2024-12-12T15:40:13.622+0000] {processor.py:179} INFO - Processing /home/vscode/.local/lib/python3.10/site-packages/airflow/example_dags/example_branch_labels.py took 0.061 seconds
[2024-12-12T15:41:09.900+0000] {processor.py:157} INFO - Started process (PID=36338) to work on /home/vscode/.local/lib/python3.10/site-packages/airflow/example_dags/example_branch_labels.py
[2024-12-12T15:41:09.900+0000] {processor.py:826} INFO - Processing file /home/vscode/.local/lib/python3.10/site-packages/airflow/example_dags/example_branch_labels.py for tasks to queue
[2024-12-12T15:41:09.901+0000] {logging_mixin.py:150} INFO - [2024-12-12T15:41:09.901+0000] {dagbag.py:541} INFO - Filling up the DagBag from /home/vscode/.local/lib/python3.10/site-packages/airflow/example_dags/example_branch_labels.py
[2024-12-12T15:41:09.906+0000] {processor.py:836} INFO - DAG(s) dict_keys(['example_branch_labels']) retrieved from /home/vscode/.local/lib/python3.10/site-packages/airflow/example_dags/example_branch_labels.py
[2024-12-12T15:41:09.919+0000] {logging_mixin.py:150} INFO - [2024-12-12T15:41:09.919+0000] {dag.py:2742} INFO - Sync 1 DAGs
[2024-12-12T15:41:09.933+0000] {logging_mixin.py:150} INFO - [2024-12-12T15:41:09.933+0000] {dag.py:3504} INFO - Setting next_dagrun for example_branch_labels to 2024-12-11T00:00:00+00:00, run_after=2024-12-12T00:00:00+00:00
[2024-12-12T15:41:09.947+0000] {processor.py:179} INFO - Processing /home/vscode/.local/lib/python3.10/site-packages/airflow/example_dags/example_branch_labels.py took 0.050 seconds
[2024-12-12T15:41:51.547+0000] {processor.py:157} INFO - Started process (PID=36669) to work on /home/vscode/.local/lib/python3.10/site-packages/airflow/example_dags/example_branch_labels.py
[2024-12-12T15:41:51.548+0000] {processor.py:826} INFO - Processing file /home/vscode/.local/lib/python3.10/site-packages/airflow/example_dags/example_branch_labels.py for tasks to queue
[2024-12-12T15:41:51.548+0000] {logging_mixin.py:150} INFO - [2024-12-12T15:41:51.548+0000] {dagbag.py:541} INFO - Filling up the DagBag from /home/vscode/.local/lib/python3.10/site-packages/airflow/example_dags/example_branch_labels.py
[2024-12-12T15:41:51.554+0000] {processor.py:836} INFO - DAG(s) dict_keys(['example_branch_labels']) retrieved from /home/vscode/.local/lib/python3.10/site-packages/airflow/example_dags/example_branch_labels.py
[2024-12-12T15:41:51.566+0000] {logging_mixin.py:150} INFO - [2024-12-12T15:41:51.566+0000] {dag.py:2742} INFO - Sync 1 DAGs
[2024-12-12T15:41:51.580+0000] {logging_mixin.py:150} INFO - [2024-12-12T15:41:51.580+0000] {dag.py:3504} INFO - Setting next_dagrun for example_branch_labels to 2024-12-11T00:00:00+00:00, run_after=2024-12-12T00:00:00+00:00
[2024-12-12T15:41:51.594+0000] {processor.py:179} INFO - Processing /home/vscode/.local/lib/python3.10/site-packages/airflow/example_dags/example_branch_labels.py took 0.049 seconds
[2024-12-12T15:42:38.891+0000] {processor.py:157} INFO - Started process (PID=37088) to work on /home/vscode/.local/lib/python3.10/site-packages/airflow/example_dags/example_branch_labels.py
[2024-12-12T15:42:38.891+0000] {processor.py:826} INFO - Processing file /home/vscode/.local/lib/python3.10/site-packages/airflow/example_dags/example_branch_labels.py for tasks to queue
[2024-12-12T15:42:38.892+0000] {logging_mixin.py:150} INFO - [2024-12-12T15:42:38.892+0000] {dagbag.py:541} INFO - Filling up the DagBag from /home/vscode/.local/lib/python3.10/site-packages/airflow/example_dags/example_branch_labels.py
[2024-12-12T15:42:38.897+0000] {processor.py:836} INFO - DAG(s) dict_keys(['example_branch_labels']) retrieved from /home/vscode/.local/lib/python3.10/site-packages/airflow/example_dags/example_branch_labels.py
[2024-12-12T15:42:38.909+0000] {logging_mixin.py:150} INFO - [2024-12-12T15:42:38.909+0000] {dag.py:2742} INFO - Sync 1 DAGs
[2024-12-12T15:42:38.923+0000] {logging_mixin.py:150} INFO - [2024-12-12T15:42:38.923+0000] {dag.py:3504} INFO - Setting next_dagrun for example_branch_labels to 2024-12-11T00:00:00+00:00, run_after=2024-12-12T00:00:00+00:00
[2024-12-12T15:42:38.936+0000] {processor.py:179} INFO - Processing /home/vscode/.local/lib/python3.10/site-packages/airflow/example_dags/example_branch_labels.py took 0.047 seconds
[2024-12-12T15:43:22.349+0000] {processor.py:157} INFO - Started process (PID=37429) to work on /home/vscode/.local/lib/python3.10/site-packages/airflow/example_dags/example_branch_labels.py
[2024-12-12T15:43:22.350+0000] {processor.py:826} INFO - Processing file /home/vscode/.local/lib/python3.10/site-packages/airflow/example_dags/example_branch_labels.py for tasks to queue
[2024-12-12T15:43:22.350+0000] {logging_mixin.py:150} INFO - [2024-12-12T15:43:22.350+0000] {dagbag.py:541} INFO - Filling up the DagBag from /home/vscode/.local/lib/python3.10/site-packages/airflow/example_dags/example_branch_labels.py
[2024-12-12T15:43:22.356+0000] {processor.py:836} INFO - DAG(s) dict_keys(['example_branch_labels']) retrieved from /home/vscode/.local/lib/python3.10/site-packages/airflow/example_dags/example_branch_labels.py
[2024-12-12T15:43:22.368+0000] {logging_mixin.py:150} INFO - [2024-12-12T15:43:22.368+0000] {dag.py:2742} INFO - Sync 1 DAGs
[2024-12-12T15:43:22.382+0000] {logging_mixin.py:150} INFO - [2024-12-12T15:43:22.382+0000] {dag.py:3504} INFO - Setting next_dagrun for example_branch_labels to 2024-12-11T00:00:00+00:00, run_after=2024-12-12T00:00:00+00:00
[2024-12-12T15:43:22.397+0000] {processor.py:179} INFO - Processing /home/vscode/.local/lib/python3.10/site-packages/airflow/example_dags/example_branch_labels.py took 0.049 seconds
[2024-12-12T15:44:05.378+0000] {processor.py:157} INFO - Started process (PID=37786) to work on /home/vscode/.local/lib/python3.10/site-packages/airflow/example_dags/example_branch_labels.py
[2024-12-12T15:44:05.379+0000] {processor.py:826} INFO - Processing file /home/vscode/.local/lib/python3.10/site-packages/airflow/example_dags/example_branch_labels.py for tasks to queue
[2024-12-12T15:44:05.380+0000] {logging_mixin.py:150} INFO - [2024-12-12T15:44:05.379+0000] {dagbag.py:541} INFO - Filling up the DagBag from /home/vscode/.local/lib/python3.10/site-packages/airflow/example_dags/example_branch_labels.py
[2024-12-12T15:44:05.385+0000] {processor.py:836} INFO - DAG(s) dict_keys(['example_branch_labels']) retrieved from /home/vscode/.local/lib/python3.10/site-packages/airflow/example_dags/example_branch_labels.py
[2024-12-12T15:44:05.397+0000] {logging_mixin.py:150} INFO - [2024-12-12T15:44:05.397+0000] {dag.py:2742} INFO - Sync 1 DAGs
[2024-12-12T15:44:05.411+0000] {logging_mixin.py:150} INFO - [2024-12-12T15:44:05.411+0000] {dag.py:3504} INFO - Setting next_dagrun for example_branch_labels to 2024-12-11T00:00:00+00:00, run_after=2024-12-12T00:00:00+00:00
[2024-12-12T15:44:05.425+0000] {processor.py:179} INFO - Processing /home/vscode/.local/lib/python3.10/site-packages/airflow/example_dags/example_branch_labels.py took 0.049 seconds
[2024-12-12T15:44:58.789+0000] {processor.py:157} INFO - Started process (PID=38212) to work on /home/vscode/.local/lib/python3.10/site-packages/airflow/example_dags/example_branch_labels.py
[2024-12-12T15:44:58.789+0000] {processor.py:826} INFO - Processing file /home/vscode/.local/lib/python3.10/site-packages/airflow/example_dags/example_branch_labels.py for tasks to queue
[2024-12-12T15:44:58.790+0000] {logging_mixin.py:150} INFO - [2024-12-12T15:44:58.790+0000] {dagbag.py:541} INFO - Filling up the DagBag from /home/vscode/.local/lib/python3.10/site-packages/airflow/example_dags/example_branch_labels.py
[2024-12-12T15:44:58.795+0000] {processor.py:836} INFO - DAG(s) dict_keys(['example_branch_labels']) retrieved from /home/vscode/.local/lib/python3.10/site-packages/airflow/example_dags/example_branch_labels.py
[2024-12-12T15:44:58.807+0000] {logging_mixin.py:150} INFO - [2024-12-12T15:44:58.807+0000] {dag.py:2742} INFO - Sync 1 DAGs
[2024-12-12T15:44:58.821+0000] {logging_mixin.py:150} INFO - [2024-12-12T15:44:58.821+0000] {dag.py:3504} INFO - Setting next_dagrun for example_branch_labels to 2024-12-11T00:00:00+00:00, run_after=2024-12-12T00:00:00+00:00
[2024-12-12T15:44:58.836+0000] {processor.py:179} INFO - Processing /home/vscode/.local/lib/python3.10/site-packages/airflow/example_dags/example_branch_labels.py took 0.049 seconds
[2024-12-12T15:45:56.434+0000] {processor.py:157} INFO - Started process (PID=38667) to work on /home/vscode/.local/lib/python3.10/site-packages/airflow/example_dags/example_branch_labels.py
[2024-12-12T15:45:56.435+0000] {processor.py:826} INFO - Processing file /home/vscode/.local/lib/python3.10/site-packages/airflow/example_dags/example_branch_labels.py for tasks to queue
[2024-12-12T15:45:56.436+0000] {logging_mixin.py:150} INFO - [2024-12-12T15:45:56.435+0000] {dagbag.py:541} INFO - Filling up the DagBag from /home/vscode/.local/lib/python3.10/site-packages/airflow/example_dags/example_branch_labels.py
[2024-12-12T15:45:56.441+0000] {processor.py:836} INFO - DAG(s) dict_keys(['example_branch_labels']) retrieved from /home/vscode/.local/lib/python3.10/site-packages/airflow/example_dags/example_branch_labels.py
[2024-12-12T15:45:56.454+0000] {logging_mixin.py:150} INFO - [2024-12-12T15:45:56.453+0000] {dag.py:2742} INFO - Sync 1 DAGs
[2024-12-12T15:45:56.468+0000] {logging_mixin.py:150} INFO - [2024-12-12T15:45:56.468+0000] {dag.py:3504} INFO - Setting next_dagrun for example_branch_labels to 2024-12-11T00:00:00+00:00, run_after=2024-12-12T00:00:00+00:00
[2024-12-12T15:45:56.482+0000] {processor.py:179} INFO - Processing /home/vscode/.local/lib/python3.10/site-packages/airflow/example_dags/example_branch_labels.py took 0.050 seconds
[2024-12-12T15:46:42.084+0000] {processor.py:157} INFO - Started process (PID=39016) to work on /home/vscode/.local/lib/python3.10/site-packages/airflow/example_dags/example_branch_labels.py
[2024-12-12T15:46:42.084+0000] {processor.py:826} INFO - Processing file /home/vscode/.local/lib/python3.10/site-packages/airflow/example_dags/example_branch_labels.py for tasks to queue
[2024-12-12T15:46:42.085+0000] {logging_mixin.py:150} INFO - [2024-12-12T15:46:42.085+0000] {dagbag.py:541} INFO - Filling up the DagBag from /home/vscode/.local/lib/python3.10/site-packages/airflow/example_dags/example_branch_labels.py
[2024-12-12T15:46:42.090+0000] {processor.py:836} INFO - DAG(s) dict_keys(['example_branch_labels']) retrieved from /home/vscode/.local/lib/python3.10/site-packages/airflow/example_dags/example_branch_labels.py
[2024-12-12T15:46:42.102+0000] {logging_mixin.py:150} INFO - [2024-12-12T15:46:42.102+0000] {dag.py:2742} INFO - Sync 1 DAGs
[2024-12-12T15:46:42.116+0000] {logging_mixin.py:150} INFO - [2024-12-12T15:46:42.116+0000] {dag.py:3504} INFO - Setting next_dagrun for example_branch_labels to 2024-12-11T00:00:00+00:00, run_after=2024-12-12T00:00:00+00:00
[2024-12-12T15:46:42.132+0000] {processor.py:179} INFO - Processing /home/vscode/.local/lib/python3.10/site-packages/airflow/example_dags/example_branch_labels.py took 0.050 seconds
[2024-12-12T15:47:31.578+0000] {processor.py:157} INFO - Started process (PID=39406) to work on /home/vscode/.local/lib/python3.10/site-packages/airflow/example_dags/example_branch_labels.py
[2024-12-12T15:47:31.579+0000] {processor.py:826} INFO - Processing file /home/vscode/.local/lib/python3.10/site-packages/airflow/example_dags/example_branch_labels.py for tasks to queue
[2024-12-12T15:47:31.579+0000] {logging_mixin.py:150} INFO - [2024-12-12T15:47:31.579+0000] {dagbag.py:541} INFO - Filling up the DagBag from /home/vscode/.local/lib/python3.10/site-packages/airflow/example_dags/example_branch_labels.py
[2024-12-12T15:47:31.585+0000] {processor.py:836} INFO - DAG(s) dict_keys(['example_branch_labels']) retrieved from /home/vscode/.local/lib/python3.10/site-packages/airflow/example_dags/example_branch_labels.py
[2024-12-12T15:47:31.597+0000] {logging_mixin.py:150} INFO - [2024-12-12T15:47:31.597+0000] {dag.py:2742} INFO - Sync 1 DAGs
[2024-12-12T15:47:31.611+0000] {logging_mixin.py:150} INFO - [2024-12-12T15:47:31.610+0000] {dag.py:3504} INFO - Setting next_dagrun for example_branch_labels to 2024-12-11T00:00:00+00:00, run_after=2024-12-12T00:00:00+00:00
[2024-12-12T15:47:31.625+0000] {processor.py:179} INFO - Processing /home/vscode/.local/lib/python3.10/site-packages/airflow/example_dags/example_branch_labels.py took 0.049 seconds
[2024-12-12T15:48:16.675+0000] {processor.py:157} INFO - Started process (PID=39767) to work on /home/vscode/.local/lib/python3.10/site-packages/airflow/example_dags/example_branch_labels.py
[2024-12-12T15:48:16.675+0000] {processor.py:826} INFO - Processing file /home/vscode/.local/lib/python3.10/site-packages/airflow/example_dags/example_branch_labels.py for tasks to queue
[2024-12-12T15:48:16.676+0000] {logging_mixin.py:150} INFO - [2024-12-12T15:48:16.676+0000] {dagbag.py:541} INFO - Filling up the DagBag from /home/vscode/.local/lib/python3.10/site-packages/airflow/example_dags/example_branch_labels.py
[2024-12-12T15:48:16.681+0000] {processor.py:836} INFO - DAG(s) dict_keys(['example_branch_labels']) retrieved from /home/vscode/.local/lib/python3.10/site-packages/airflow/example_dags/example_branch_labels.py
[2024-12-12T15:48:16.694+0000] {logging_mixin.py:150} INFO - [2024-12-12T15:48:16.694+0000] {dag.py:2742} INFO - Sync 1 DAGs
[2024-12-12T15:48:16.708+0000] {logging_mixin.py:150} INFO - [2024-12-12T15:48:16.708+0000] {dag.py:3504} INFO - Setting next_dagrun for example_branch_labels to 2024-12-11T00:00:00+00:00, run_after=2024-12-12T00:00:00+00:00
[2024-12-12T15:48:16.723+0000] {processor.py:179} INFO - Processing /home/vscode/.local/lib/python3.10/site-packages/airflow/example_dags/example_branch_labels.py took 0.050 seconds
[2024-12-12T15:48:58.878+0000] {processor.py:157} INFO - Started process (PID=40117) to work on /home/vscode/.local/lib/python3.10/site-packages/airflow/example_dags/example_branch_labels.py
[2024-12-12T15:48:58.879+0000] {processor.py:826} INFO - Processing file /home/vscode/.local/lib/python3.10/site-packages/airflow/example_dags/example_branch_labels.py for tasks to queue
[2024-12-12T15:48:58.880+0000] {logging_mixin.py:150} INFO - [2024-12-12T15:48:58.879+0000] {dagbag.py:541} INFO - Filling up the DagBag from /home/vscode/.local/lib/python3.10/site-packages/airflow/example_dags/example_branch_labels.py
[2024-12-12T15:48:58.886+0000] {processor.py:836} INFO - DAG(s) dict_keys(['example_branch_labels']) retrieved from /home/vscode/.local/lib/python3.10/site-packages/airflow/example_dags/example_branch_labels.py
[2024-12-12T15:48:58.898+0000] {logging_mixin.py:150} INFO - [2024-12-12T15:48:58.898+0000] {dag.py:2742} INFO - Sync 1 DAGs
[2024-12-12T15:48:58.912+0000] {logging_mixin.py:150} INFO - [2024-12-12T15:48:58.912+0000] {dag.py:3504} INFO - Setting next_dagrun for example_branch_labels to 2024-12-11T00:00:00+00:00, run_after=2024-12-12T00:00:00+00:00
[2024-12-12T15:48:58.926+0000] {processor.py:179} INFO - Processing /home/vscode/.local/lib/python3.10/site-packages/airflow/example_dags/example_branch_labels.py took 0.049 seconds
[2024-12-12T15:49:57.624+0000] {processor.py:157} INFO - Started process (PID=40577) to work on /home/vscode/.local/lib/python3.10/site-packages/airflow/example_dags/example_branch_labels.py
[2024-12-12T15:49:57.624+0000] {processor.py:826} INFO - Processing file /home/vscode/.local/lib/python3.10/site-packages/airflow/example_dags/example_branch_labels.py for tasks to queue
[2024-12-12T15:49:57.625+0000] {logging_mixin.py:150} INFO - [2024-12-12T15:49:57.625+0000] {dagbag.py:541} INFO - Filling up the DagBag from /home/vscode/.local/lib/python3.10/site-packages/airflow/example_dags/example_branch_labels.py
[2024-12-12T15:49:57.631+0000] {processor.py:836} INFO - DAG(s) dict_keys(['example_branch_labels']) retrieved from /home/vscode/.local/lib/python3.10/site-packages/airflow/example_dags/example_branch_labels.py
[2024-12-12T15:49:57.642+0000] {logging_mixin.py:150} INFO - [2024-12-12T15:49:57.642+0000] {dag.py:2742} INFO - Sync 1 DAGs
[2024-12-12T15:49:57.656+0000] {logging_mixin.py:150} INFO - [2024-12-12T15:49:57.656+0000] {dag.py:3504} INFO - Setting next_dagrun for example_branch_labels to 2024-12-11T00:00:00+00:00, run_after=2024-12-12T00:00:00+00:00
[2024-12-12T15:49:57.670+0000] {processor.py:179} INFO - Processing /home/vscode/.local/lib/python3.10/site-packages/airflow/example_dags/example_branch_labels.py took 0.048 seconds
[2024-12-12T15:50:53.010+0000] {processor.py:157} INFO - Started process (PID=41011) to work on /home/vscode/.local/lib/python3.10/site-packages/airflow/example_dags/example_branch_labels.py
[2024-12-12T15:50:53.010+0000] {processor.py:826} INFO - Processing file /home/vscode/.local/lib/python3.10/site-packages/airflow/example_dags/example_branch_labels.py for tasks to queue
[2024-12-12T15:50:53.011+0000] {logging_mixin.py:150} INFO - [2024-12-12T15:50:53.011+0000] {dagbag.py:541} INFO - Filling up the DagBag from /home/vscode/.local/lib/python3.10/site-packages/airflow/example_dags/example_branch_labels.py
[2024-12-12T15:50:53.016+0000] {processor.py:836} INFO - DAG(s) dict_keys(['example_branch_labels']) retrieved from /home/vscode/.local/lib/python3.10/site-packages/airflow/example_dags/example_branch_labels.py
[2024-12-12T15:50:53.029+0000] {logging_mixin.py:150} INFO - [2024-12-12T15:50:53.029+0000] {dag.py:2742} INFO - Sync 1 DAGs
[2024-12-12T15:50:53.043+0000] {logging_mixin.py:150} INFO - [2024-12-12T15:50:53.043+0000] {dag.py:3504} INFO - Setting next_dagrun for example_branch_labels to 2024-12-11T00:00:00+00:00, run_after=2024-12-12T00:00:00+00:00
[2024-12-12T15:50:53.060+0000] {processor.py:179} INFO - Processing /home/vscode/.local/lib/python3.10/site-packages/airflow/example_dags/example_branch_labels.py took 0.052 seconds
[2024-12-12T15:51:42.071+0000] {processor.py:157} INFO - Started process (PID=41395) to work on /home/vscode/.local/lib/python3.10/site-packages/airflow/example_dags/example_branch_labels.py
[2024-12-12T15:51:42.071+0000] {processor.py:826} INFO - Processing file /home/vscode/.local/lib/python3.10/site-packages/airflow/example_dags/example_branch_labels.py for tasks to queue
[2024-12-12T15:51:42.072+0000] {logging_mixin.py:150} INFO - [2024-12-12T15:51:42.071+0000] {dagbag.py:541} INFO - Filling up the DagBag from /home/vscode/.local/lib/python3.10/site-packages/airflow/example_dags/example_branch_labels.py
[2024-12-12T15:51:42.077+0000] {processor.py:836} INFO - DAG(s) dict_keys(['example_branch_labels']) retrieved from /home/vscode/.local/lib/python3.10/site-packages/airflow/example_dags/example_branch_labels.py
[2024-12-12T15:51:42.089+0000] {logging_mixin.py:150} INFO - [2024-12-12T15:51:42.089+0000] {dag.py:2742} INFO - Sync 1 DAGs
[2024-12-12T15:51:42.103+0000] {logging_mixin.py:150} INFO - [2024-12-12T15:51:42.103+0000] {dag.py:3504} INFO - Setting next_dagrun for example_branch_labels to 2024-12-11T00:00:00+00:00, run_after=2024-12-12T00:00:00+00:00
[2024-12-12T15:51:42.118+0000] {processor.py:179} INFO - Processing /home/vscode/.local/lib/python3.10/site-packages/airflow/example_dags/example_branch_labels.py took 0.049 seconds
[2024-12-12T15:52:29.434+0000] {processor.py:157} INFO - Started process (PID=41751) to work on /home/vscode/.local/lib/python3.10/site-packages/airflow/example_dags/example_branch_labels.py
[2024-12-12T15:52:29.435+0000] {processor.py:826} INFO - Processing file /home/vscode/.local/lib/python3.10/site-packages/airflow/example_dags/example_branch_labels.py for tasks to queue
[2024-12-12T15:52:29.435+0000] {logging_mixin.py:150} INFO - [2024-12-12T15:52:29.435+0000] {dagbag.py:541} INFO - Filling up the DagBag from /home/vscode/.local/lib/python3.10/site-packages/airflow/example_dags/example_branch_labels.py
[2024-12-12T15:52:29.441+0000] {processor.py:836} INFO - DAG(s) dict_keys(['example_branch_labels']) retrieved from /home/vscode/.local/lib/python3.10/site-packages/airflow/example_dags/example_branch_labels.py
[2024-12-12T15:52:29.453+0000] {logging_mixin.py:150} INFO - [2024-12-12T15:52:29.452+0000] {dag.py:2742} INFO - Sync 1 DAGs
[2024-12-12T15:52:29.466+0000] {logging_mixin.py:150} INFO - [2024-12-12T15:52:29.466+0000] {dag.py:3504} INFO - Setting next_dagrun for example_branch_labels to 2024-12-11T00:00:00+00:00, run_after=2024-12-12T00:00:00+00:00
[2024-12-12T15:52:29.480+0000] {processor.py:179} INFO - Processing /home/vscode/.local/lib/python3.10/site-packages/airflow/example_dags/example_branch_labels.py took 0.047 seconds
[2024-12-12T15:53:13.079+0000] {processor.py:157} INFO - Started process (PID=42043) to work on /home/vscode/.local/lib/python3.10/site-packages/airflow/example_dags/example_branch_labels.py
[2024-12-12T15:53:13.079+0000] {processor.py:826} INFO - Processing file /home/vscode/.local/lib/python3.10/site-packages/airflow/example_dags/example_branch_labels.py for tasks to queue
[2024-12-12T15:53:13.080+0000] {logging_mixin.py:150} INFO - [2024-12-12T15:53:13.080+0000] {dagbag.py:541} INFO - Filling up the DagBag from /home/vscode/.local/lib/python3.10/site-packages/airflow/example_dags/example_branch_labels.py
[2024-12-12T15:53:13.086+0000] {processor.py:836} INFO - DAG(s) dict_keys(['example_branch_labels']) retrieved from /home/vscode/.local/lib/python3.10/site-packages/airflow/example_dags/example_branch_labels.py
[2024-12-12T15:53:13.098+0000] {logging_mixin.py:150} INFO - [2024-12-12T15:53:13.097+0000] {dag.py:2742} INFO - Sync 1 DAGs
[2024-12-12T15:53:13.112+0000] {logging_mixin.py:150} INFO - [2024-12-12T15:53:13.112+0000] {dag.py:3504} INFO - Setting next_dagrun for example_branch_labels to 2024-12-11T00:00:00+00:00, run_after=2024-12-12T00:00:00+00:00
[2024-12-12T15:53:13.126+0000] {processor.py:179} INFO - Processing /home/vscode/.local/lib/python3.10/site-packages/airflow/example_dags/example_branch_labels.py took 0.049 seconds
[2024-12-12T15:54:12.089+0000] {processor.py:157} INFO - Started process (PID=42470) to work on /home/vscode/.local/lib/python3.10/site-packages/airflow/example_dags/example_branch_labels.py
[2024-12-12T15:54:12.090+0000] {processor.py:826} INFO - Processing file /home/vscode/.local/lib/python3.10/site-packages/airflow/example_dags/example_branch_labels.py for tasks to queue
[2024-12-12T15:54:12.090+0000] {logging_mixin.py:150} INFO - [2024-12-12T15:54:12.090+0000] {dagbag.py:541} INFO - Filling up the DagBag from /home/vscode/.local/lib/python3.10/site-packages/airflow/example_dags/example_branch_labels.py
[2024-12-12T15:54:12.095+0000] {processor.py:836} INFO - DAG(s) dict_keys(['example_branch_labels']) retrieved from /home/vscode/.local/lib/python3.10/site-packages/airflow/example_dags/example_branch_labels.py
[2024-12-12T15:54:12.108+0000] {logging_mixin.py:150} INFO - [2024-12-12T15:54:12.107+0000] {dag.py:2742} INFO - Sync 1 DAGs
[2024-12-12T15:54:12.121+0000] {logging_mixin.py:150} INFO - [2024-12-12T15:54:12.121+0000] {dag.py:3504} INFO - Setting next_dagrun for example_branch_labels to 2024-12-11T00:00:00+00:00, run_after=2024-12-12T00:00:00+00:00
[2024-12-12T15:54:12.136+0000] {processor.py:179} INFO - Processing /home/vscode/.local/lib/python3.10/site-packages/airflow/example_dags/example_branch_labels.py took 0.049 seconds
[2024-12-12T15:54:57.049+0000] {processor.py:157} INFO - Started process (PID=42795) to work on /home/vscode/.local/lib/python3.10/site-packages/airflow/example_dags/example_branch_labels.py
[2024-12-12T15:54:57.049+0000] {processor.py:826} INFO - Processing file /home/vscode/.local/lib/python3.10/site-packages/airflow/example_dags/example_branch_labels.py for tasks to queue
[2024-12-12T15:54:57.050+0000] {logging_mixin.py:150} INFO - [2024-12-12T15:54:57.050+0000] {dagbag.py:541} INFO - Filling up the DagBag from /home/vscode/.local/lib/python3.10/site-packages/airflow/example_dags/example_branch_labels.py
[2024-12-12T15:54:57.055+0000] {processor.py:836} INFO - DAG(s) dict_keys(['example_branch_labels']) retrieved from /home/vscode/.local/lib/python3.10/site-packages/airflow/example_dags/example_branch_labels.py
[2024-12-12T15:54:57.067+0000] {logging_mixin.py:150} INFO - [2024-12-12T15:54:57.067+0000] {dag.py:2742} INFO - Sync 1 DAGs
[2024-12-12T15:54:57.081+0000] {logging_mixin.py:150} INFO - [2024-12-12T15:54:57.080+0000] {dag.py:3504} INFO - Setting next_dagrun for example_branch_labels to 2024-12-11T00:00:00+00:00, run_after=2024-12-12T00:00:00+00:00
[2024-12-12T15:54:57.094+0000] {processor.py:179} INFO - Processing /home/vscode/.local/lib/python3.10/site-packages/airflow/example_dags/example_branch_labels.py took 0.047 seconds
[2024-12-12T15:55:43.849+0000] {processor.py:157} INFO - Started process (PID=43101) to work on /home/vscode/.local/lib/python3.10/site-packages/airflow/example_dags/example_branch_labels.py
[2024-12-12T15:55:43.850+0000] {processor.py:826} INFO - Processing file /home/vscode/.local/lib/python3.10/site-packages/airflow/example_dags/example_branch_labels.py for tasks to queue
[2024-12-12T15:55:43.850+0000] {logging_mixin.py:150} INFO - [2024-12-12T15:55:43.850+0000] {dagbag.py:541} INFO - Filling up the DagBag from /home/vscode/.local/lib/python3.10/site-packages/airflow/example_dags/example_branch_labels.py
[2024-12-12T15:55:43.856+0000] {processor.py:836} INFO - DAG(s) dict_keys(['example_branch_labels']) retrieved from /home/vscode/.local/lib/python3.10/site-packages/airflow/example_dags/example_branch_labels.py
[2024-12-12T15:55:43.868+0000] {logging_mixin.py:150} INFO - [2024-12-12T15:55:43.868+0000] {dag.py:2742} INFO - Sync 1 DAGs
[2024-12-12T15:55:43.881+0000] {logging_mixin.py:150} INFO - [2024-12-12T15:55:43.881+0000] {dag.py:3504} INFO - Setting next_dagrun for example_branch_labels to 2024-12-11T00:00:00+00:00, run_after=2024-12-12T00:00:00+00:00
[2024-12-12T15:55:43.895+0000] {processor.py:179} INFO - Processing /home/vscode/.local/lib/python3.10/site-packages/airflow/example_dags/example_branch_labels.py took 0.048 seconds
[2024-12-12T15:56:30.468+0000] {processor.py:157} INFO - Started process (PID=43427) to work on /home/vscode/.local/lib/python3.10/site-packages/airflow/example_dags/example_branch_labels.py
[2024-12-12T15:56:30.469+0000] {processor.py:826} INFO - Processing file /home/vscode/.local/lib/python3.10/site-packages/airflow/example_dags/example_branch_labels.py for tasks to queue
[2024-12-12T15:56:30.469+0000] {logging_mixin.py:150} INFO - [2024-12-12T15:56:30.469+0000] {dagbag.py:541} INFO - Filling up the DagBag from /home/vscode/.local/lib/python3.10/site-packages/airflow/example_dags/example_branch_labels.py
[2024-12-12T15:56:30.475+0000] {processor.py:836} INFO - DAG(s) dict_keys(['example_branch_labels']) retrieved from /home/vscode/.local/lib/python3.10/site-packages/airflow/example_dags/example_branch_labels.py
[2024-12-12T15:56:30.487+0000] {logging_mixin.py:150} INFO - [2024-12-12T15:56:30.487+0000] {dag.py:2742} INFO - Sync 1 DAGs
[2024-12-12T15:56:30.500+0000] {logging_mixin.py:150} INFO - [2024-12-12T15:56:30.500+0000] {dag.py:3504} INFO - Setting next_dagrun for example_branch_labels to 2024-12-11T00:00:00+00:00, run_after=2024-12-12T00:00:00+00:00
[2024-12-12T15:56:30.516+0000] {processor.py:179} INFO - Processing /home/vscode/.local/lib/python3.10/site-packages/airflow/example_dags/example_branch_labels.py took 0.050 seconds
[2024-12-12T15:57:20.807+0000] {processor.py:157} INFO - Started process (PID=43765) to work on /home/vscode/.local/lib/python3.10/site-packages/airflow/example_dags/example_branch_labels.py
[2024-12-12T15:57:20.807+0000] {processor.py:826} INFO - Processing file /home/vscode/.local/lib/python3.10/site-packages/airflow/example_dags/example_branch_labels.py for tasks to queue
[2024-12-12T15:57:20.808+0000] {logging_mixin.py:150} INFO - [2024-12-12T15:57:20.807+0000] {dagbag.py:541} INFO - Filling up the DagBag from /home/vscode/.local/lib/python3.10/site-packages/airflow/example_dags/example_branch_labels.py
[2024-12-12T15:57:20.813+0000] {processor.py:836} INFO - DAG(s) dict_keys(['example_branch_labels']) retrieved from /home/vscode/.local/lib/python3.10/site-packages/airflow/example_dags/example_branch_labels.py
[2024-12-12T15:57:20.827+0000] {logging_mixin.py:150} INFO - [2024-12-12T15:57:20.827+0000] {dag.py:2742} INFO - Sync 1 DAGs
[2024-12-12T15:57:20.849+0000] {logging_mixin.py:150} INFO - [2024-12-12T15:57:20.848+0000] {dag.py:3504} INFO - Setting next_dagrun for example_branch_labels to 2024-12-11T00:00:00+00:00, run_after=2024-12-12T00:00:00+00:00
[2024-12-12T15:57:20.886+0000] {processor.py:179} INFO - Processing /home/vscode/.local/lib/python3.10/site-packages/airflow/example_dags/example_branch_labels.py took 0.082 seconds
[2024-12-12T15:58:10.360+0000] {processor.py:157} INFO - Started process (PID=44126) to work on /home/vscode/.local/lib/python3.10/site-packages/airflow/example_dags/example_branch_labels.py
[2024-12-12T15:58:10.360+0000] {processor.py:826} INFO - Processing file /home/vscode/.local/lib/python3.10/site-packages/airflow/example_dags/example_branch_labels.py for tasks to queue
[2024-12-12T15:58:10.361+0000] {logging_mixin.py:150} INFO - [2024-12-12T15:58:10.361+0000] {dagbag.py:541} INFO - Filling up the DagBag from /home/vscode/.local/lib/python3.10/site-packages/airflow/example_dags/example_branch_labels.py
[2024-12-12T15:58:10.366+0000] {processor.py:836} INFO - DAG(s) dict_keys(['example_branch_labels']) retrieved from /home/vscode/.local/lib/python3.10/site-packages/airflow/example_dags/example_branch_labels.py
[2024-12-12T15:58:10.380+0000] {logging_mixin.py:150} INFO - [2024-12-12T15:58:10.380+0000] {dag.py:2742} INFO - Sync 1 DAGs
[2024-12-12T15:58:10.394+0000] {logging_mixin.py:150} INFO - [2024-12-12T15:58:10.394+0000] {dag.py:3504} INFO - Setting next_dagrun for example_branch_labels to 2024-12-11T00:00:00+00:00, run_after=2024-12-12T00:00:00+00:00
[2024-12-12T15:58:10.408+0000] {processor.py:179} INFO - Processing /home/vscode/.local/lib/python3.10/site-packages/airflow/example_dags/example_branch_labels.py took 0.050 seconds
[2024-12-12T15:58:56.030+0000] {processor.py:157} INFO - Started process (PID=44503) to work on /home/vscode/.local/lib/python3.10/site-packages/airflow/example_dags/example_branch_labels.py
[2024-12-12T15:58:56.031+0000] {processor.py:826} INFO - Processing file /home/vscode/.local/lib/python3.10/site-packages/airflow/example_dags/example_branch_labels.py for tasks to queue
[2024-12-12T15:58:56.031+0000] {logging_mixin.py:150} INFO - [2024-12-12T15:58:56.031+0000] {dagbag.py:541} INFO - Filling up the DagBag from /home/vscode/.local/lib/python3.10/site-packages/airflow/example_dags/example_branch_labels.py
[2024-12-12T15:58:56.036+0000] {processor.py:836} INFO - DAG(s) dict_keys(['example_branch_labels']) retrieved from /home/vscode/.local/lib/python3.10/site-packages/airflow/example_dags/example_branch_labels.py
[2024-12-12T15:58:56.049+0000] {logging_mixin.py:150} INFO - [2024-12-12T15:58:56.048+0000] {dag.py:2742} INFO - Sync 1 DAGs
[2024-12-12T15:58:56.062+0000] {logging_mixin.py:150} INFO - [2024-12-12T15:58:56.062+0000] {dag.py:3504} INFO - Setting next_dagrun for example_branch_labels to 2024-12-11T00:00:00+00:00, run_after=2024-12-12T00:00:00+00:00
[2024-12-12T15:58:56.075+0000] {processor.py:179} INFO - Processing /home/vscode/.local/lib/python3.10/site-packages/airflow/example_dags/example_branch_labels.py took 0.047 seconds
[2024-12-12T15:59:49.660+0000] {processor.py:157} INFO - Started process (PID=44904) to work on /home/vscode/.local/lib/python3.10/site-packages/airflow/example_dags/example_branch_labels.py
[2024-12-12T15:59:49.661+0000] {processor.py:826} INFO - Processing file /home/vscode/.local/lib/python3.10/site-packages/airflow/example_dags/example_branch_labels.py for tasks to queue
[2024-12-12T15:59:49.662+0000] {logging_mixin.py:150} INFO - [2024-12-12T15:59:49.661+0000] {dagbag.py:541} INFO - Filling up the DagBag from /home/vscode/.local/lib/python3.10/site-packages/airflow/example_dags/example_branch_labels.py
[2024-12-12T15:59:49.667+0000] {processor.py:836} INFO - DAG(s) dict_keys(['example_branch_labels']) retrieved from /home/vscode/.local/lib/python3.10/site-packages/airflow/example_dags/example_branch_labels.py
[2024-12-12T15:59:49.679+0000] {logging_mixin.py:150} INFO - [2024-12-12T15:59:49.678+0000] {dag.py:2742} INFO - Sync 1 DAGs
[2024-12-12T15:59:49.692+0000] {logging_mixin.py:150} INFO - [2024-12-12T15:59:49.692+0000] {dag.py:3504} INFO - Setting next_dagrun for example_branch_labels to 2024-12-11T00:00:00+00:00, run_after=2024-12-12T00:00:00+00:00
[2024-12-12T15:59:49.706+0000] {processor.py:179} INFO - Processing /home/vscode/.local/lib/python3.10/site-packages/airflow/example_dags/example_branch_labels.py took 0.047 seconds
[2024-12-12T16:00:35.976+0000] {processor.py:157} INFO - Started process (PID=45235) to work on /home/vscode/.local/lib/python3.10/site-packages/airflow/example_dags/example_branch_labels.py
[2024-12-12T16:00:35.976+0000] {processor.py:826} INFO - Processing file /home/vscode/.local/lib/python3.10/site-packages/airflow/example_dags/example_branch_labels.py for tasks to queue
[2024-12-12T16:00:35.977+0000] {logging_mixin.py:150} INFO - [2024-12-12T16:00:35.977+0000] {dagbag.py:541} INFO - Filling up the DagBag from /home/vscode/.local/lib/python3.10/site-packages/airflow/example_dags/example_branch_labels.py
[2024-12-12T16:00:35.982+0000] {processor.py:836} INFO - DAG(s) dict_keys(['example_branch_labels']) retrieved from /home/vscode/.local/lib/python3.10/site-packages/airflow/example_dags/example_branch_labels.py
[2024-12-12T16:00:35.995+0000] {logging_mixin.py:150} INFO - [2024-12-12T16:00:35.994+0000] {dag.py:2742} INFO - Sync 1 DAGs
[2024-12-12T16:00:36.009+0000] {logging_mixin.py:150} INFO - [2024-12-12T16:00:36.009+0000] {dag.py:3504} INFO - Setting next_dagrun for example_branch_labels to 2024-12-11T00:00:00+00:00, run_after=2024-12-12T00:00:00+00:00
[2024-12-12T16:00:36.022+0000] {processor.py:179} INFO - Processing /home/vscode/.local/lib/python3.10/site-packages/airflow/example_dags/example_branch_labels.py took 0.049 seconds
[2024-12-12T16:01:20.044+0000] {processor.py:157} INFO - Started process (PID=45537) to work on /home/vscode/.local/lib/python3.10/site-packages/airflow/example_dags/example_branch_labels.py
[2024-12-12T16:01:20.044+0000] {processor.py:826} INFO - Processing file /home/vscode/.local/lib/python3.10/site-packages/airflow/example_dags/example_branch_labels.py for tasks to queue
[2024-12-12T16:01:20.045+0000] {logging_mixin.py:150} INFO - [2024-12-12T16:01:20.045+0000] {dagbag.py:541} INFO - Filling up the DagBag from /home/vscode/.local/lib/python3.10/site-packages/airflow/example_dags/example_branch_labels.py
[2024-12-12T16:01:20.050+0000] {processor.py:836} INFO - DAG(s) dict_keys(['example_branch_labels']) retrieved from /home/vscode/.local/lib/python3.10/site-packages/airflow/example_dags/example_branch_labels.py
[2024-12-12T16:01:20.063+0000] {logging_mixin.py:150} INFO - [2024-12-12T16:01:20.063+0000] {dag.py:2742} INFO - Sync 1 DAGs
[2024-12-12T16:01:20.077+0000] {logging_mixin.py:150} INFO - [2024-12-12T16:01:20.077+0000] {dag.py:3504} INFO - Setting next_dagrun for example_branch_labels to 2024-12-11T00:00:00+00:00, run_after=2024-12-12T00:00:00+00:00
[2024-12-12T16:01:20.092+0000] {processor.py:179} INFO - Processing /home/vscode/.local/lib/python3.10/site-packages/airflow/example_dags/example_branch_labels.py took 0.051 seconds
[2024-12-12T16:02:05.382+0000] {processor.py:157} INFO - Started process (PID=45882) to work on /home/vscode/.local/lib/python3.10/site-packages/airflow/example_dags/example_branch_labels.py
[2024-12-12T16:02:05.382+0000] {processor.py:826} INFO - Processing file /home/vscode/.local/lib/python3.10/site-packages/airflow/example_dags/example_branch_labels.py for tasks to queue
[2024-12-12T16:02:05.383+0000] {logging_mixin.py:150} INFO - [2024-12-12T16:02:05.383+0000] {dagbag.py:541} INFO - Filling up the DagBag from /home/vscode/.local/lib/python3.10/site-packages/airflow/example_dags/example_branch_labels.py
[2024-12-12T16:02:05.388+0000] {processor.py:836} INFO - DAG(s) dict_keys(['example_branch_labels']) retrieved from /home/vscode/.local/lib/python3.10/site-packages/airflow/example_dags/example_branch_labels.py
[2024-12-12T16:02:05.401+0000] {logging_mixin.py:150} INFO - [2024-12-12T16:02:05.401+0000] {dag.py:2742} INFO - Sync 1 DAGs
[2024-12-12T16:02:05.415+0000] {logging_mixin.py:150} INFO - [2024-12-12T16:02:05.415+0000] {dag.py:3504} INFO - Setting next_dagrun for example_branch_labels to 2024-12-11T00:00:00+00:00, run_after=2024-12-12T00:00:00+00:00
[2024-12-12T16:02:05.429+0000] {processor.py:179} INFO - Processing /home/vscode/.local/lib/python3.10/site-packages/airflow/example_dags/example_branch_labels.py took 0.049 seconds
[2024-12-12T16:02:59.629+0000] {processor.py:157} INFO - Started process (PID=46265) to work on /home/vscode/.local/lib/python3.10/site-packages/airflow/example_dags/example_branch_labels.py
[2024-12-12T16:02:59.629+0000] {processor.py:826} INFO - Processing file /home/vscode/.local/lib/python3.10/site-packages/airflow/example_dags/example_branch_labels.py for tasks to queue
[2024-12-12T16:02:59.630+0000] {logging_mixin.py:150} INFO - [2024-12-12T16:02:59.629+0000] {dagbag.py:541} INFO - Filling up the DagBag from /home/vscode/.local/lib/python3.10/site-packages/airflow/example_dags/example_branch_labels.py
[2024-12-12T16:02:59.635+0000] {processor.py:836} INFO - DAG(s) dict_keys(['example_branch_labels']) retrieved from /home/vscode/.local/lib/python3.10/site-packages/airflow/example_dags/example_branch_labels.py
[2024-12-12T16:02:59.647+0000] {logging_mixin.py:150} INFO - [2024-12-12T16:02:59.647+0000] {dag.py:2742} INFO - Sync 1 DAGs
[2024-12-12T16:02:59.661+0000] {logging_mixin.py:150} INFO - [2024-12-12T16:02:59.661+0000] {dag.py:3504} INFO - Setting next_dagrun for example_branch_labels to 2024-12-11T00:00:00+00:00, run_after=2024-12-12T00:00:00+00:00
[2024-12-12T16:02:59.675+0000] {processor.py:179} INFO - Processing /home/vscode/.local/lib/python3.10/site-packages/airflow/example_dags/example_branch_labels.py took 0.049 seconds
