[2024-12-12T15:30:44.096+0000] {processor.py:157} INFO - Started process (PID=30951) to work on /home/vscode/.local/lib/python3.10/site-packages/airflow/example_dags/example_trigger_controller_dag.py
[2024-12-12T15:30:44.097+0000] {processor.py:826} INFO - Processing file /home/vscode/.local/lib/python3.10/site-packages/airflow/example_dags/example_trigger_controller_dag.py for tasks to queue
[2024-12-12T15:30:44.097+0000] {logging_mixin.py:150} INFO - [2024-12-12T15:30:44.097+0000] {dagbag.py:541} INFO - Filling up the DagBag from /home/vscode/.local/lib/python3.10/site-packages/airflow/example_dags/example_trigger_controller_dag.py
[2024-12-12T15:30:44.100+0000] {processor.py:836} INFO - DAG(s) dict_keys(['example_trigger_controller_dag']) retrieved from /home/vscode/.local/lib/python3.10/site-packages/airflow/example_dags/example_trigger_controller_dag.py
[2024-12-12T15:30:44.238+0000] {logging_mixin.py:150} INFO - [2024-12-12T15:30:44.237+0000] {manager.py:504} INFO - Created Permission View: can delete on DAG:example_trigger_controller_dag
[2024-12-12T15:30:44.244+0000] {logging_mixin.py:150} INFO - [2024-12-12T15:30:44.244+0000] {manager.py:504} INFO - Created Permission View: can read on DAG:example_trigger_controller_dag
[2024-12-12T15:30:44.251+0000] {logging_mixin.py:150} INFO - [2024-12-12T15:30:44.251+0000] {manager.py:504} INFO - Created Permission View: can edit on DAG:example_trigger_controller_dag
[2024-12-12T15:30:44.258+0000] {logging_mixin.py:150} INFO - [2024-12-12T15:30:44.258+0000] {dag.py:2742} INFO - Sync 1 DAGs
[2024-12-12T15:30:44.264+0000] {logging_mixin.py:150} INFO - [2024-12-12T15:30:44.264+0000] {dag.py:2763} INFO - Creating ORM DAG for example_trigger_controller_dag
[2024-12-12T15:30:44.269+0000] {logging_mixin.py:150} INFO - [2024-12-12T15:30:44.269+0000] {dag.py:3504} INFO - Setting next_dagrun for example_trigger_controller_dag to 2021-01-01T00:00:00+00:00, run_after=2021-01-01T00:00:00+00:00
[2024-12-12T15:30:44.283+0000] {processor.py:179} INFO - Processing /home/vscode/.local/lib/python3.10/site-packages/airflow/example_dags/example_trigger_controller_dag.py took 0.189 seconds
[2024-12-12T15:31:30.469+0000] {processor.py:157} INFO - Started process (PID=31305) to work on /home/vscode/.local/lib/python3.10/site-packages/airflow/example_dags/example_trigger_controller_dag.py
[2024-12-12T15:31:30.469+0000] {processor.py:826} INFO - Processing file /home/vscode/.local/lib/python3.10/site-packages/airflow/example_dags/example_trigger_controller_dag.py for tasks to queue
[2024-12-12T15:31:30.470+0000] {logging_mixin.py:150} INFO - [2024-12-12T15:31:30.470+0000] {dagbag.py:541} INFO - Filling up the DagBag from /home/vscode/.local/lib/python3.10/site-packages/airflow/example_dags/example_trigger_controller_dag.py
[2024-12-12T15:31:30.474+0000] {processor.py:836} INFO - DAG(s) dict_keys(['example_trigger_controller_dag']) retrieved from /home/vscode/.local/lib/python3.10/site-packages/airflow/example_dags/example_trigger_controller_dag.py
[2024-12-12T15:31:30.485+0000] {logging_mixin.py:150} INFO - [2024-12-12T15:31:30.485+0000] {dag.py:2742} INFO - Sync 1 DAGs
[2024-12-12T15:31:30.498+0000] {logging_mixin.py:150} INFO - [2024-12-12T15:31:30.498+0000] {dag.py:3504} INFO - Setting next_dagrun for example_trigger_controller_dag to 2021-01-01T00:00:00+00:00, run_after=2021-01-01T00:00:00+00:00
[2024-12-12T15:31:30.512+0000] {processor.py:179} INFO - Processing /home/vscode/.local/lib/python3.10/site-packages/airflow/example_dags/example_trigger_controller_dag.py took 0.046 seconds
[2024-12-12T15:32:15.430+0000] {processor.py:157} INFO - Started process (PID=31655) to work on /home/vscode/.local/lib/python3.10/site-packages/airflow/example_dags/example_trigger_controller_dag.py
[2024-12-12T15:32:15.431+0000] {processor.py:826} INFO - Processing file /home/vscode/.local/lib/python3.10/site-packages/airflow/example_dags/example_trigger_controller_dag.py for tasks to queue
[2024-12-12T15:32:15.431+0000] {logging_mixin.py:150} INFO - [2024-12-12T15:32:15.431+0000] {dagbag.py:541} INFO - Filling up the DagBag from /home/vscode/.local/lib/python3.10/site-packages/airflow/example_dags/example_trigger_controller_dag.py
[2024-12-12T15:32:15.434+0000] {processor.py:836} INFO - DAG(s) dict_keys(['example_trigger_controller_dag']) retrieved from /home/vscode/.local/lib/python3.10/site-packages/airflow/example_dags/example_trigger_controller_dag.py
[2024-12-12T15:32:15.446+0000] {logging_mixin.py:150} INFO - [2024-12-12T15:32:15.445+0000] {dag.py:2742} INFO - Sync 1 DAGs
[2024-12-12T15:32:15.459+0000] {logging_mixin.py:150} INFO - [2024-12-12T15:32:15.458+0000] {dag.py:3504} INFO - Setting next_dagrun for example_trigger_controller_dag to 2021-01-01T00:00:00+00:00, run_after=2021-01-01T00:00:00+00:00
[2024-12-12T15:32:15.473+0000] {processor.py:179} INFO - Processing /home/vscode/.local/lib/python3.10/site-packages/airflow/example_dags/example_trigger_controller_dag.py took 0.045 seconds
[2024-12-12T15:32:59.415+0000] {processor.py:157} INFO - Started process (PID=31992) to work on /home/vscode/.local/lib/python3.10/site-packages/airflow/example_dags/example_trigger_controller_dag.py
[2024-12-12T15:32:59.416+0000] {processor.py:826} INFO - Processing file /home/vscode/.local/lib/python3.10/site-packages/airflow/example_dags/example_trigger_controller_dag.py for tasks to queue
[2024-12-12T15:32:59.416+0000] {logging_mixin.py:150} INFO - [2024-12-12T15:32:59.416+0000] {dagbag.py:541} INFO - Filling up the DagBag from /home/vscode/.local/lib/python3.10/site-packages/airflow/example_dags/example_trigger_controller_dag.py
[2024-12-12T15:32:59.419+0000] {processor.py:836} INFO - DAG(s) dict_keys(['example_trigger_controller_dag']) retrieved from /home/vscode/.local/lib/python3.10/site-packages/airflow/example_dags/example_trigger_controller_dag.py
[2024-12-12T15:32:59.431+0000] {logging_mixin.py:150} INFO - [2024-12-12T15:32:59.431+0000] {dag.py:2742} INFO - Sync 1 DAGs
[2024-12-12T15:32:59.445+0000] {logging_mixin.py:150} INFO - [2024-12-12T15:32:59.445+0000] {dag.py:3504} INFO - Setting next_dagrun for example_trigger_controller_dag to 2021-01-01T00:00:00+00:00, run_after=2021-01-01T00:00:00+00:00
[2024-12-12T15:32:59.459+0000] {processor.py:179} INFO - Processing /home/vscode/.local/lib/python3.10/site-packages/airflow/example_dags/example_trigger_controller_dag.py took 0.046 seconds
[2024-12-12T15:33:44.883+0000] {processor.py:157} INFO - Started process (PID=32334) to work on /home/vscode/.local/lib/python3.10/site-packages/airflow/example_dags/example_trigger_controller_dag.py
[2024-12-12T15:33:44.884+0000] {processor.py:826} INFO - Processing file /home/vscode/.local/lib/python3.10/site-packages/airflow/example_dags/example_trigger_controller_dag.py for tasks to queue
[2024-12-12T15:33:44.885+0000] {logging_mixin.py:150} INFO - [2024-12-12T15:33:44.884+0000] {dagbag.py:541} INFO - Filling up the DagBag from /home/vscode/.local/lib/python3.10/site-packages/airflow/example_dags/example_trigger_controller_dag.py
[2024-12-12T15:33:44.888+0000] {processor.py:836} INFO - DAG(s) dict_keys(['example_trigger_controller_dag']) retrieved from /home/vscode/.local/lib/python3.10/site-packages/airflow/example_dags/example_trigger_controller_dag.py
[2024-12-12T15:33:44.899+0000] {logging_mixin.py:150} INFO - [2024-12-12T15:33:44.899+0000] {dag.py:2742} INFO - Sync 1 DAGs
[2024-12-12T15:33:44.912+0000] {logging_mixin.py:150} INFO - [2024-12-12T15:33:44.911+0000] {dag.py:3504} INFO - Setting next_dagrun for example_trigger_controller_dag to 2021-01-01T00:00:00+00:00, run_after=2021-01-01T00:00:00+00:00
[2024-12-12T15:33:44.926+0000] {processor.py:179} INFO - Processing /home/vscode/.local/lib/python3.10/site-packages/airflow/example_dags/example_trigger_controller_dag.py took 0.044 seconds
[2024-12-12T15:34:27.210+0000] {processor.py:157} INFO - Started process (PID=32624) to work on /home/vscode/.local/lib/python3.10/site-packages/airflow/example_dags/example_trigger_controller_dag.py
[2024-12-12T15:34:27.211+0000] {processor.py:826} INFO - Processing file /home/vscode/.local/lib/python3.10/site-packages/airflow/example_dags/example_trigger_controller_dag.py for tasks to queue
[2024-12-12T15:34:27.212+0000] {logging_mixin.py:150} INFO - [2024-12-12T15:34:27.211+0000] {dagbag.py:541} INFO - Filling up the DagBag from /home/vscode/.local/lib/python3.10/site-packages/airflow/example_dags/example_trigger_controller_dag.py
[2024-12-12T15:34:27.215+0000] {processor.py:836} INFO - DAG(s) dict_keys(['example_trigger_controller_dag']) retrieved from /home/vscode/.local/lib/python3.10/site-packages/airflow/example_dags/example_trigger_controller_dag.py
[2024-12-12T15:34:27.226+0000] {logging_mixin.py:150} INFO - [2024-12-12T15:34:27.226+0000] {dag.py:2742} INFO - Sync 1 DAGs
[2024-12-12T15:34:27.239+0000] {logging_mixin.py:150} INFO - [2024-12-12T15:34:27.239+0000] {dag.py:3504} INFO - Setting next_dagrun for example_trigger_controller_dag to 2021-01-01T00:00:00+00:00, run_after=2021-01-01T00:00:00+00:00
[2024-12-12T15:34:27.252+0000] {processor.py:179} INFO - Processing /home/vscode/.local/lib/python3.10/site-packages/airflow/example_dags/example_trigger_controller_dag.py took 0.044 seconds
[2024-12-12T15:35:08.108+0000] {processor.py:157} INFO - Started process (PID=32907) to work on /home/vscode/.local/lib/python3.10/site-packages/airflow/example_dags/example_trigger_controller_dag.py
[2024-12-12T15:35:08.109+0000] {processor.py:826} INFO - Processing file /home/vscode/.local/lib/python3.10/site-packages/airflow/example_dags/example_trigger_controller_dag.py for tasks to queue
[2024-12-12T15:35:08.109+0000] {logging_mixin.py:150} INFO - [2024-12-12T15:35:08.109+0000] {dagbag.py:541} INFO - Filling up the DagBag from /home/vscode/.local/lib/python3.10/site-packages/airflow/example_dags/example_trigger_controller_dag.py
[2024-12-12T15:35:08.113+0000] {processor.py:836} INFO - DAG(s) dict_keys(['example_trigger_controller_dag']) retrieved from /home/vscode/.local/lib/python3.10/site-packages/airflow/example_dags/example_trigger_controller_dag.py
[2024-12-12T15:35:08.123+0000] {logging_mixin.py:150} INFO - [2024-12-12T15:35:08.123+0000] {dag.py:2742} INFO - Sync 1 DAGs
[2024-12-12T15:35:08.136+0000] {logging_mixin.py:150} INFO - [2024-12-12T15:35:08.136+0000] {dag.py:3504} INFO - Setting next_dagrun for example_trigger_controller_dag to 2021-01-01T00:00:00+00:00, run_after=2021-01-01T00:00:00+00:00
[2024-12-12T15:35:08.150+0000] {processor.py:179} INFO - Processing /home/vscode/.local/lib/python3.10/site-packages/airflow/example_dags/example_trigger_controller_dag.py took 0.044 seconds
[2024-12-12T15:35:54.926+0000] {processor.py:157} INFO - Started process (PID=33260) to work on /home/vscode/.local/lib/python3.10/site-packages/airflow/example_dags/example_trigger_controller_dag.py
[2024-12-12T15:35:54.927+0000] {processor.py:826} INFO - Processing file /home/vscode/.local/lib/python3.10/site-packages/airflow/example_dags/example_trigger_controller_dag.py for tasks to queue
[2024-12-12T15:35:54.927+0000] {logging_mixin.py:150} INFO - [2024-12-12T15:35:54.927+0000] {dagbag.py:541} INFO - Filling up the DagBag from /home/vscode/.local/lib/python3.10/site-packages/airflow/example_dags/example_trigger_controller_dag.py
[2024-12-12T15:35:54.930+0000] {processor.py:836} INFO - DAG(s) dict_keys(['example_trigger_controller_dag']) retrieved from /home/vscode/.local/lib/python3.10/site-packages/airflow/example_dags/example_trigger_controller_dag.py
[2024-12-12T15:35:54.942+0000] {logging_mixin.py:150} INFO - [2024-12-12T15:35:54.942+0000] {dag.py:2742} INFO - Sync 1 DAGs
[2024-12-12T15:35:54.954+0000] {logging_mixin.py:150} INFO - [2024-12-12T15:35:54.954+0000] {dag.py:3504} INFO - Setting next_dagrun for example_trigger_controller_dag to 2021-01-01T00:00:00+00:00, run_after=2021-01-01T00:00:00+00:00
[2024-12-12T15:35:54.968+0000] {processor.py:179} INFO - Processing /home/vscode/.local/lib/python3.10/site-packages/airflow/example_dags/example_trigger_controller_dag.py took 0.044 seconds
[2024-12-12T15:36:35.330+0000] {processor.py:157} INFO - Started process (PID=33768) to work on /home/vscode/.local/lib/python3.10/site-packages/airflow/example_dags/example_trigger_controller_dag.py
[2024-12-12T15:36:35.330+0000] {processor.py:826} INFO - Processing file /home/vscode/.local/lib/python3.10/site-packages/airflow/example_dags/example_trigger_controller_dag.py for tasks to queue
[2024-12-12T15:36:35.331+0000] {logging_mixin.py:150} INFO - [2024-12-12T15:36:35.331+0000] {dagbag.py:541} INFO - Filling up the DagBag from /home/vscode/.local/lib/python3.10/site-packages/airflow/example_dags/example_trigger_controller_dag.py
[2024-12-12T15:36:35.334+0000] {processor.py:836} INFO - DAG(s) dict_keys(['example_trigger_controller_dag']) retrieved from /home/vscode/.local/lib/python3.10/site-packages/airflow/example_dags/example_trigger_controller_dag.py
[2024-12-12T15:36:35.348+0000] {logging_mixin.py:150} INFO - [2024-12-12T15:36:35.348+0000] {dag.py:2742} INFO - Sync 1 DAGs
[2024-12-12T15:36:35.361+0000] {logging_mixin.py:150} INFO - [2024-12-12T15:36:35.361+0000] {dag.py:3504} INFO - Setting next_dagrun for example_trigger_controller_dag to 2021-01-01T00:00:00+00:00, run_after=2021-01-01T00:00:00+00:00
[2024-12-12T15:36:35.375+0000] {processor.py:179} INFO - Processing /home/vscode/.local/lib/python3.10/site-packages/airflow/example_dags/example_trigger_controller_dag.py took 0.048 seconds
[2024-12-12T15:37:19.555+0000] {processor.py:157} INFO - Started process (PID=34145) to work on /home/vscode/.local/lib/python3.10/site-packages/airflow/example_dags/example_trigger_controller_dag.py
[2024-12-12T15:37:19.556+0000] {processor.py:826} INFO - Processing file /home/vscode/.local/lib/python3.10/site-packages/airflow/example_dags/example_trigger_controller_dag.py for tasks to queue
[2024-12-12T15:37:19.556+0000] {logging_mixin.py:150} INFO - [2024-12-12T15:37:19.556+0000] {dagbag.py:541} INFO - Filling up the DagBag from /home/vscode/.local/lib/python3.10/site-packages/airflow/example_dags/example_trigger_controller_dag.py
[2024-12-12T15:37:19.560+0000] {processor.py:836} INFO - DAG(s) dict_keys(['example_trigger_controller_dag']) retrieved from /home/vscode/.local/lib/python3.10/site-packages/airflow/example_dags/example_trigger_controller_dag.py
[2024-12-12T15:37:19.571+0000] {logging_mixin.py:150} INFO - [2024-12-12T15:37:19.570+0000] {dag.py:2742} INFO - Sync 1 DAGs
[2024-12-12T15:37:19.583+0000] {logging_mixin.py:150} INFO - [2024-12-12T15:37:19.583+0000] {dag.py:3504} INFO - Setting next_dagrun for example_trigger_controller_dag to 2021-01-01T00:00:00+00:00, run_after=2021-01-01T00:00:00+00:00
[2024-12-12T15:37:19.598+0000] {processor.py:179} INFO - Processing /home/vscode/.local/lib/python3.10/site-packages/airflow/example_dags/example_trigger_controller_dag.py took 0.045 seconds
[2024-12-12T15:38:05.897+0000] {processor.py:157} INFO - Started process (PID=34481) to work on /home/vscode/.local/lib/python3.10/site-packages/airflow/example_dags/example_trigger_controller_dag.py
[2024-12-12T15:38:05.898+0000] {processor.py:826} INFO - Processing file /home/vscode/.local/lib/python3.10/site-packages/airflow/example_dags/example_trigger_controller_dag.py for tasks to queue
[2024-12-12T15:38:05.899+0000] {logging_mixin.py:150} INFO - [2024-12-12T15:38:05.898+0000] {dagbag.py:541} INFO - Filling up the DagBag from /home/vscode/.local/lib/python3.10/site-packages/airflow/example_dags/example_trigger_controller_dag.py
[2024-12-12T15:38:05.902+0000] {processor.py:836} INFO - DAG(s) dict_keys(['example_trigger_controller_dag']) retrieved from /home/vscode/.local/lib/python3.10/site-packages/airflow/example_dags/example_trigger_controller_dag.py
[2024-12-12T15:38:05.913+0000] {logging_mixin.py:150} INFO - [2024-12-12T15:38:05.913+0000] {dag.py:2742} INFO - Sync 1 DAGs
[2024-12-12T15:38:05.932+0000] {logging_mixin.py:150} INFO - [2024-12-12T15:38:05.932+0000] {dag.py:3504} INFO - Setting next_dagrun for example_trigger_controller_dag to 2021-01-01T00:00:00+00:00, run_after=2021-01-01T00:00:00+00:00
[2024-12-12T15:38:05.950+0000] {processor.py:179} INFO - Processing /home/vscode/.local/lib/python3.10/site-packages/airflow/example_dags/example_trigger_controller_dag.py took 0.055 seconds
[2024-12-12T15:38:49.277+0000] {processor.py:157} INFO - Started process (PID=34942) to work on /home/vscode/.local/lib/python3.10/site-packages/airflow/example_dags/example_trigger_controller_dag.py
[2024-12-12T15:38:49.278+0000] {processor.py:826} INFO - Processing file /home/vscode/.local/lib/python3.10/site-packages/airflow/example_dags/example_trigger_controller_dag.py for tasks to queue
[2024-12-12T15:38:49.278+0000] {logging_mixin.py:150} INFO - [2024-12-12T15:38:49.278+0000] {dagbag.py:541} INFO - Filling up the DagBag from /home/vscode/.local/lib/python3.10/site-packages/airflow/example_dags/example_trigger_controller_dag.py
[2024-12-12T15:38:49.281+0000] {processor.py:836} INFO - DAG(s) dict_keys(['example_trigger_controller_dag']) retrieved from /home/vscode/.local/lib/python3.10/site-packages/airflow/example_dags/example_trigger_controller_dag.py
[2024-12-12T15:38:49.292+0000] {logging_mixin.py:150} INFO - [2024-12-12T15:38:49.292+0000] {dag.py:2742} INFO - Sync 1 DAGs
[2024-12-12T15:38:49.305+0000] {logging_mixin.py:150} INFO - [2024-12-12T15:38:49.305+0000] {dag.py:3504} INFO - Setting next_dagrun for example_trigger_controller_dag to 2021-01-01T00:00:00+00:00, run_after=2021-01-01T00:00:00+00:00
[2024-12-12T15:38:49.318+0000] {processor.py:179} INFO - Processing /home/vscode/.local/lib/python3.10/site-packages/airflow/example_dags/example_trigger_controller_dag.py took 0.043 seconds
[2024-12-12T15:39:08.129+0000] {processor.py:157} INFO - Started process (PID=35226) to work on /home/vscode/.local/lib/python3.10/site-packages/airflow/example_dags/example_trigger_controller_dag.py
[2024-12-12T15:39:08.129+0000] {processor.py:826} INFO - Processing file /home/vscode/.local/lib/python3.10/site-packages/airflow/example_dags/example_trigger_controller_dag.py for tasks to queue
[2024-12-12T15:39:08.130+0000] {logging_mixin.py:150} INFO - [2024-12-12T15:39:08.130+0000] {dagbag.py:541} INFO - Filling up the DagBag from /home/vscode/.local/lib/python3.10/site-packages/airflow/example_dags/example_trigger_controller_dag.py
[2024-12-12T15:39:08.133+0000] {processor.py:836} INFO - DAG(s) dict_keys(['example_trigger_controller_dag']) retrieved from /home/vscode/.local/lib/python3.10/site-packages/airflow/example_dags/example_trigger_controller_dag.py
[2024-12-12T15:39:08.221+0000] {logging_mixin.py:150} INFO - [2024-12-12T15:39:08.221+0000] {dag.py:2742} INFO - Sync 1 DAGs
[2024-12-12T15:39:08.233+0000] {logging_mixin.py:150} INFO - [2024-12-12T15:39:08.233+0000] {dag.py:3504} INFO - Setting next_dagrun for example_trigger_controller_dag to 2021-01-01T00:00:00+00:00, run_after=2021-01-01T00:00:00+00:00
[2024-12-12T15:39:08.246+0000] {processor.py:179} INFO - Processing /home/vscode/.local/lib/python3.10/site-packages/airflow/example_dags/example_trigger_controller_dag.py took 0.119 seconds
[2024-12-12T15:39:53.299+0000] {processor.py:157} INFO - Started process (PID=35598) to work on /home/vscode/.local/lib/python3.10/site-packages/airflow/example_dags/example_trigger_controller_dag.py
[2024-12-12T15:39:53.300+0000] {processor.py:826} INFO - Processing file /home/vscode/.local/lib/python3.10/site-packages/airflow/example_dags/example_trigger_controller_dag.py for tasks to queue
[2024-12-12T15:39:53.300+0000] {logging_mixin.py:150} INFO - [2024-12-12T15:39:53.300+0000] {dagbag.py:541} INFO - Filling up the DagBag from /home/vscode/.local/lib/python3.10/site-packages/airflow/example_dags/example_trigger_controller_dag.py
[2024-12-12T15:39:53.304+0000] {processor.py:836} INFO - DAG(s) dict_keys(['example_trigger_controller_dag']) retrieved from /home/vscode/.local/lib/python3.10/site-packages/airflow/example_dags/example_trigger_controller_dag.py
[2024-12-12T15:39:53.315+0000] {logging_mixin.py:150} INFO - [2024-12-12T15:39:53.315+0000] {dag.py:2742} INFO - Sync 1 DAGs
[2024-12-12T15:39:53.328+0000] {logging_mixin.py:150} INFO - [2024-12-12T15:39:53.328+0000] {dag.py:3504} INFO - Setting next_dagrun for example_trigger_controller_dag to 2021-01-01T00:00:00+00:00, run_after=2021-01-01T00:00:00+00:00
[2024-12-12T15:39:53.343+0000] {processor.py:179} INFO - Processing /home/vscode/.local/lib/python3.10/site-packages/airflow/example_dags/example_trigger_controller_dag.py took 0.046 seconds
[2024-12-12T15:40:37.830+0000] {processor.py:157} INFO - Started process (PID=36066) to work on /home/vscode/.local/lib/python3.10/site-packages/airflow/example_dags/example_trigger_controller_dag.py
[2024-12-12T15:40:37.830+0000] {processor.py:826} INFO - Processing file /home/vscode/.local/lib/python3.10/site-packages/airflow/example_dags/example_trigger_controller_dag.py for tasks to queue
[2024-12-12T15:40:37.831+0000] {logging_mixin.py:150} INFO - [2024-12-12T15:40:37.831+0000] {dagbag.py:541} INFO - Filling up the DagBag from /home/vscode/.local/lib/python3.10/site-packages/airflow/example_dags/example_trigger_controller_dag.py
[2024-12-12T15:40:37.834+0000] {processor.py:836} INFO - DAG(s) dict_keys(['example_trigger_controller_dag']) retrieved from /home/vscode/.local/lib/python3.10/site-packages/airflow/example_dags/example_trigger_controller_dag.py
[2024-12-12T15:40:37.846+0000] {logging_mixin.py:150} INFO - [2024-12-12T15:40:37.846+0000] {dag.py:2742} INFO - Sync 1 DAGs
[2024-12-12T15:40:37.860+0000] {logging_mixin.py:150} INFO - [2024-12-12T15:40:37.860+0000] {dag.py:3504} INFO - Setting next_dagrun for example_trigger_controller_dag to 2021-01-01T00:00:00+00:00, run_after=2021-01-01T00:00:00+00:00
[2024-12-12T15:40:37.874+0000] {processor.py:179} INFO - Processing /home/vscode/.local/lib/python3.10/site-packages/airflow/example_dags/example_trigger_controller_dag.py took 0.046 seconds
[2024-12-12T15:41:21.919+0000] {processor.py:157} INFO - Started process (PID=36436) to work on /home/vscode/.local/lib/python3.10/site-packages/airflow/example_dags/example_trigger_controller_dag.py
[2024-12-12T15:41:21.920+0000] {processor.py:826} INFO - Processing file /home/vscode/.local/lib/python3.10/site-packages/airflow/example_dags/example_trigger_controller_dag.py for tasks to queue
[2024-12-12T15:41:21.920+0000] {logging_mixin.py:150} INFO - [2024-12-12T15:41:21.920+0000] {dagbag.py:541} INFO - Filling up the DagBag from /home/vscode/.local/lib/python3.10/site-packages/airflow/example_dags/example_trigger_controller_dag.py
[2024-12-12T15:41:21.924+0000] {processor.py:836} INFO - DAG(s) dict_keys(['example_trigger_controller_dag']) retrieved from /home/vscode/.local/lib/python3.10/site-packages/airflow/example_dags/example_trigger_controller_dag.py
[2024-12-12T15:41:21.935+0000] {logging_mixin.py:150} INFO - [2024-12-12T15:41:21.935+0000] {dag.py:2742} INFO - Sync 1 DAGs
[2024-12-12T15:41:21.948+0000] {logging_mixin.py:150} INFO - [2024-12-12T15:41:21.948+0000] {dag.py:3504} INFO - Setting next_dagrun for example_trigger_controller_dag to 2021-01-01T00:00:00+00:00, run_after=2021-01-01T00:00:00+00:00
[2024-12-12T15:41:21.962+0000] {processor.py:179} INFO - Processing /home/vscode/.local/lib/python3.10/site-packages/airflow/example_dags/example_trigger_controller_dag.py took 0.045 seconds
[2024-12-12T15:42:05.027+0000] {processor.py:157} INFO - Started process (PID=36767) to work on /home/vscode/.local/lib/python3.10/site-packages/airflow/example_dags/example_trigger_controller_dag.py
[2024-12-12T15:42:05.028+0000] {processor.py:826} INFO - Processing file /home/vscode/.local/lib/python3.10/site-packages/airflow/example_dags/example_trigger_controller_dag.py for tasks to queue
[2024-12-12T15:42:05.028+0000] {logging_mixin.py:150} INFO - [2024-12-12T15:42:05.028+0000] {dagbag.py:541} INFO - Filling up the DagBag from /home/vscode/.local/lib/python3.10/site-packages/airflow/example_dags/example_trigger_controller_dag.py
[2024-12-12T15:42:05.032+0000] {processor.py:836} INFO - DAG(s) dict_keys(['example_trigger_controller_dag']) retrieved from /home/vscode/.local/lib/python3.10/site-packages/airflow/example_dags/example_trigger_controller_dag.py
[2024-12-12T15:42:05.043+0000] {logging_mixin.py:150} INFO - [2024-12-12T15:42:05.043+0000] {dag.py:2742} INFO - Sync 1 DAGs
[2024-12-12T15:42:05.056+0000] {logging_mixin.py:150} INFO - [2024-12-12T15:42:05.056+0000] {dag.py:3504} INFO - Setting next_dagrun for example_trigger_controller_dag to 2021-01-01T00:00:00+00:00, run_after=2021-01-01T00:00:00+00:00
[2024-12-12T15:42:05.070+0000] {processor.py:179} INFO - Processing /home/vscode/.local/lib/python3.10/site-packages/airflow/example_dags/example_trigger_controller_dag.py took 0.045 seconds
[2024-12-12T15:42:53.164+0000] {processor.py:157} INFO - Started process (PID=37209) to work on /home/vscode/.local/lib/python3.10/site-packages/airflow/example_dags/example_trigger_controller_dag.py
[2024-12-12T15:42:53.164+0000] {processor.py:826} INFO - Processing file /home/vscode/.local/lib/python3.10/site-packages/airflow/example_dags/example_trigger_controller_dag.py for tasks to queue
[2024-12-12T15:42:53.165+0000] {logging_mixin.py:150} INFO - [2024-12-12T15:42:53.164+0000] {dagbag.py:541} INFO - Filling up the DagBag from /home/vscode/.local/lib/python3.10/site-packages/airflow/example_dags/example_trigger_controller_dag.py
[2024-12-12T15:42:53.168+0000] {processor.py:836} INFO - DAG(s) dict_keys(['example_trigger_controller_dag']) retrieved from /home/vscode/.local/lib/python3.10/site-packages/airflow/example_dags/example_trigger_controller_dag.py
[2024-12-12T15:42:53.179+0000] {logging_mixin.py:150} INFO - [2024-12-12T15:42:53.179+0000] {dag.py:2742} INFO - Sync 1 DAGs
[2024-12-12T15:42:53.192+0000] {logging_mixin.py:150} INFO - [2024-12-12T15:42:53.192+0000] {dag.py:3504} INFO - Setting next_dagrun for example_trigger_controller_dag to 2021-01-01T00:00:00+00:00, run_after=2021-01-01T00:00:00+00:00
[2024-12-12T15:42:53.206+0000] {processor.py:179} INFO - Processing /home/vscode/.local/lib/python3.10/site-packages/airflow/example_dags/example_trigger_controller_dag.py took 0.045 seconds
[2024-12-12T15:43:37.238+0000] {processor.py:157} INFO - Started process (PID=37542) to work on /home/vscode/.local/lib/python3.10/site-packages/airflow/example_dags/example_trigger_controller_dag.py
[2024-12-12T15:43:37.239+0000] {processor.py:826} INFO - Processing file /home/vscode/.local/lib/python3.10/site-packages/airflow/example_dags/example_trigger_controller_dag.py for tasks to queue
[2024-12-12T15:43:37.239+0000] {logging_mixin.py:150} INFO - [2024-12-12T15:43:37.239+0000] {dagbag.py:541} INFO - Filling up the DagBag from /home/vscode/.local/lib/python3.10/site-packages/airflow/example_dags/example_trigger_controller_dag.py
[2024-12-12T15:43:37.242+0000] {processor.py:836} INFO - DAG(s) dict_keys(['example_trigger_controller_dag']) retrieved from /home/vscode/.local/lib/python3.10/site-packages/airflow/example_dags/example_trigger_controller_dag.py
[2024-12-12T15:43:37.254+0000] {logging_mixin.py:150} INFO - [2024-12-12T15:43:37.253+0000] {dag.py:2742} INFO - Sync 1 DAGs
[2024-12-12T15:43:37.266+0000] {logging_mixin.py:150} INFO - [2024-12-12T15:43:37.266+0000] {dag.py:3504} INFO - Setting next_dagrun for example_trigger_controller_dag to 2021-01-01T00:00:00+00:00, run_after=2021-01-01T00:00:00+00:00
[2024-12-12T15:43:37.281+0000] {processor.py:179} INFO - Processing /home/vscode/.local/lib/python3.10/site-packages/airflow/example_dags/example_trigger_controller_dag.py took 0.045 seconds
[2024-12-12T15:44:22.721+0000] {processor.py:157} INFO - Started process (PID=37931) to work on /home/vscode/.local/lib/python3.10/site-packages/airflow/example_dags/example_trigger_controller_dag.py
[2024-12-12T15:44:22.721+0000] {processor.py:826} INFO - Processing file /home/vscode/.local/lib/python3.10/site-packages/airflow/example_dags/example_trigger_controller_dag.py for tasks to queue
[2024-12-12T15:44:22.722+0000] {logging_mixin.py:150} INFO - [2024-12-12T15:44:22.722+0000] {dagbag.py:541} INFO - Filling up the DagBag from /home/vscode/.local/lib/python3.10/site-packages/airflow/example_dags/example_trigger_controller_dag.py
[2024-12-12T15:44:22.725+0000] {processor.py:836} INFO - DAG(s) dict_keys(['example_trigger_controller_dag']) retrieved from /home/vscode/.local/lib/python3.10/site-packages/airflow/example_dags/example_trigger_controller_dag.py
[2024-12-12T15:44:22.737+0000] {logging_mixin.py:150} INFO - [2024-12-12T15:44:22.737+0000] {dag.py:2742} INFO - Sync 1 DAGs
[2024-12-12T15:44:22.750+0000] {logging_mixin.py:150} INFO - [2024-12-12T15:44:22.750+0000] {dag.py:3504} INFO - Setting next_dagrun for example_trigger_controller_dag to 2021-01-01T00:00:00+00:00, run_after=2021-01-01T00:00:00+00:00
[2024-12-12T15:44:22.764+0000] {processor.py:179} INFO - Processing /home/vscode/.local/lib/python3.10/site-packages/airflow/example_dags/example_trigger_controller_dag.py took 0.045 seconds
[2024-12-12T15:45:03.932+0000] {processor.py:157} INFO - Started process (PID=38253) to work on /home/vscode/.local/lib/python3.10/site-packages/airflow/example_dags/example_trigger_controller_dag.py
[2024-12-12T15:45:03.932+0000] {processor.py:826} INFO - Processing file /home/vscode/.local/lib/python3.10/site-packages/airflow/example_dags/example_trigger_controller_dag.py for tasks to queue
[2024-12-12T15:45:03.933+0000] {logging_mixin.py:150} INFO - [2024-12-12T15:45:03.933+0000] {dagbag.py:541} INFO - Filling up the DagBag from /home/vscode/.local/lib/python3.10/site-packages/airflow/example_dags/example_trigger_controller_dag.py
[2024-12-12T15:45:03.936+0000] {processor.py:836} INFO - DAG(s) dict_keys(['example_trigger_controller_dag']) retrieved from /home/vscode/.local/lib/python3.10/site-packages/airflow/example_dags/example_trigger_controller_dag.py
[2024-12-12T15:45:03.947+0000] {logging_mixin.py:150} INFO - [2024-12-12T15:45:03.947+0000] {dag.py:2742} INFO - Sync 1 DAGs
[2024-12-12T15:45:03.960+0000] {logging_mixin.py:150} INFO - [2024-12-12T15:45:03.960+0000] {dag.py:3504} INFO - Setting next_dagrun for example_trigger_controller_dag to 2021-01-01T00:00:00+00:00, run_after=2021-01-01T00:00:00+00:00
[2024-12-12T15:45:03.975+0000] {processor.py:179} INFO - Processing /home/vscode/.local/lib/python3.10/site-packages/airflow/example_dags/example_trigger_controller_dag.py took 0.045 seconds
[2024-12-12T15:45:46.662+0000] {processor.py:157} INFO - Started process (PID=38587) to work on /home/vscode/.local/lib/python3.10/site-packages/airflow/example_dags/example_trigger_controller_dag.py
[2024-12-12T15:45:46.663+0000] {processor.py:826} INFO - Processing file /home/vscode/.local/lib/python3.10/site-packages/airflow/example_dags/example_trigger_controller_dag.py for tasks to queue
[2024-12-12T15:45:46.664+0000] {logging_mixin.py:150} INFO - [2024-12-12T15:45:46.663+0000] {dagbag.py:541} INFO - Filling up the DagBag from /home/vscode/.local/lib/python3.10/site-packages/airflow/example_dags/example_trigger_controller_dag.py
[2024-12-12T15:45:46.667+0000] {processor.py:836} INFO - DAG(s) dict_keys(['example_trigger_controller_dag']) retrieved from /home/vscode/.local/lib/python3.10/site-packages/airflow/example_dags/example_trigger_controller_dag.py
[2024-12-12T15:45:46.679+0000] {logging_mixin.py:150} INFO - [2024-12-12T15:45:46.679+0000] {dag.py:2742} INFO - Sync 1 DAGs
[2024-12-12T15:45:46.699+0000] {logging_mixin.py:150} INFO - [2024-12-12T15:45:46.699+0000] {dag.py:3504} INFO - Setting next_dagrun for example_trigger_controller_dag to 2021-01-01T00:00:00+00:00, run_after=2021-01-01T00:00:00+00:00
[2024-12-12T15:45:46.725+0000] {processor.py:179} INFO - Processing /home/vscode/.local/lib/python3.10/site-packages/airflow/example_dags/example_trigger_controller_dag.py took 0.065 seconds
[2024-12-12T15:46:33.370+0000] {processor.py:157} INFO - Started process (PID=38959) to work on /home/vscode/.local/lib/python3.10/site-packages/airflow/example_dags/example_trigger_controller_dag.py
[2024-12-12T15:46:33.371+0000] {processor.py:826} INFO - Processing file /home/vscode/.local/lib/python3.10/site-packages/airflow/example_dags/example_trigger_controller_dag.py for tasks to queue
[2024-12-12T15:46:33.371+0000] {logging_mixin.py:150} INFO - [2024-12-12T15:46:33.371+0000] {dagbag.py:541} INFO - Filling up the DagBag from /home/vscode/.local/lib/python3.10/site-packages/airflow/example_dags/example_trigger_controller_dag.py
[2024-12-12T15:46:33.374+0000] {processor.py:836} INFO - DAG(s) dict_keys(['example_trigger_controller_dag']) retrieved from /home/vscode/.local/lib/python3.10/site-packages/airflow/example_dags/example_trigger_controller_dag.py
[2024-12-12T15:46:33.386+0000] {logging_mixin.py:150} INFO - [2024-12-12T15:46:33.386+0000] {dag.py:2742} INFO - Sync 1 DAGs
[2024-12-12T15:46:33.399+0000] {logging_mixin.py:150} INFO - [2024-12-12T15:46:33.399+0000] {dag.py:3504} INFO - Setting next_dagrun for example_trigger_controller_dag to 2021-01-01T00:00:00+00:00, run_after=2021-01-01T00:00:00+00:00
[2024-12-12T15:46:33.413+0000] {processor.py:179} INFO - Processing /home/vscode/.local/lib/python3.10/site-packages/airflow/example_dags/example_trigger_controller_dag.py took 0.045 seconds
[2024-12-12T15:47:23.576+0000] {processor.py:157} INFO - Started process (PID=39349) to work on /home/vscode/.local/lib/python3.10/site-packages/airflow/example_dags/example_trigger_controller_dag.py
[2024-12-12T15:47:23.576+0000] {processor.py:826} INFO - Processing file /home/vscode/.local/lib/python3.10/site-packages/airflow/example_dags/example_trigger_controller_dag.py for tasks to queue
[2024-12-12T15:47:23.577+0000] {logging_mixin.py:150} INFO - [2024-12-12T15:47:23.577+0000] {dagbag.py:541} INFO - Filling up the DagBag from /home/vscode/.local/lib/python3.10/site-packages/airflow/example_dags/example_trigger_controller_dag.py
[2024-12-12T15:47:23.580+0000] {processor.py:836} INFO - DAG(s) dict_keys(['example_trigger_controller_dag']) retrieved from /home/vscode/.local/lib/python3.10/site-packages/airflow/example_dags/example_trigger_controller_dag.py
[2024-12-12T15:47:23.591+0000] {logging_mixin.py:150} INFO - [2024-12-12T15:47:23.591+0000] {dag.py:2742} INFO - Sync 1 DAGs
[2024-12-12T15:47:23.604+0000] {logging_mixin.py:150} INFO - [2024-12-12T15:47:23.604+0000] {dag.py:3504} INFO - Setting next_dagrun for example_trigger_controller_dag to 2021-01-01T00:00:00+00:00, run_after=2021-01-01T00:00:00+00:00
[2024-12-12T15:47:23.618+0000] {processor.py:179} INFO - Processing /home/vscode/.local/lib/python3.10/site-packages/airflow/example_dags/example_trigger_controller_dag.py took 0.044 seconds
[2024-12-12T15:48:07.542+0000] {processor.py:157} INFO - Started process (PID=39694) to work on /home/vscode/.local/lib/python3.10/site-packages/airflow/example_dags/example_trigger_controller_dag.py
[2024-12-12T15:48:07.543+0000] {processor.py:826} INFO - Processing file /home/vscode/.local/lib/python3.10/site-packages/airflow/example_dags/example_trigger_controller_dag.py for tasks to queue
[2024-12-12T15:48:07.543+0000] {logging_mixin.py:150} INFO - [2024-12-12T15:48:07.543+0000] {dagbag.py:541} INFO - Filling up the DagBag from /home/vscode/.local/lib/python3.10/site-packages/airflow/example_dags/example_trigger_controller_dag.py
[2024-12-12T15:48:07.547+0000] {processor.py:836} INFO - DAG(s) dict_keys(['example_trigger_controller_dag']) retrieved from /home/vscode/.local/lib/python3.10/site-packages/airflow/example_dags/example_trigger_controller_dag.py
[2024-12-12T15:48:07.564+0000] {logging_mixin.py:150} INFO - [2024-12-12T15:48:07.564+0000] {dag.py:2742} INFO - Sync 1 DAGs
[2024-12-12T15:48:07.578+0000] {logging_mixin.py:150} INFO - [2024-12-12T15:48:07.577+0000] {dag.py:3504} INFO - Setting next_dagrun for example_trigger_controller_dag to 2021-01-01T00:00:00+00:00, run_after=2021-01-01T00:00:00+00:00
[2024-12-12T15:48:07.592+0000] {processor.py:179} INFO - Processing /home/vscode/.local/lib/python3.10/site-packages/airflow/example_dags/example_trigger_controller_dag.py took 0.053 seconds
[2024-12-12T15:48:49.919+0000] {processor.py:157} INFO - Started process (PID=40052) to work on /home/vscode/.local/lib/python3.10/site-packages/airflow/example_dags/example_trigger_controller_dag.py
[2024-12-12T15:48:49.920+0000] {processor.py:826} INFO - Processing file /home/vscode/.local/lib/python3.10/site-packages/airflow/example_dags/example_trigger_controller_dag.py for tasks to queue
[2024-12-12T15:48:49.920+0000] {logging_mixin.py:150} INFO - [2024-12-12T15:48:49.920+0000] {dagbag.py:541} INFO - Filling up the DagBag from /home/vscode/.local/lib/python3.10/site-packages/airflow/example_dags/example_trigger_controller_dag.py
[2024-12-12T15:48:49.923+0000] {processor.py:836} INFO - DAG(s) dict_keys(['example_trigger_controller_dag']) retrieved from /home/vscode/.local/lib/python3.10/site-packages/airflow/example_dags/example_trigger_controller_dag.py
[2024-12-12T15:48:49.935+0000] {logging_mixin.py:150} INFO - [2024-12-12T15:48:49.935+0000] {dag.py:2742} INFO - Sync 1 DAGs
[2024-12-12T15:48:49.947+0000] {logging_mixin.py:150} INFO - [2024-12-12T15:48:49.947+0000] {dag.py:3504} INFO - Setting next_dagrun for example_trigger_controller_dag to 2021-01-01T00:00:00+00:00, run_after=2021-01-01T00:00:00+00:00
[2024-12-12T15:48:49.962+0000] {processor.py:179} INFO - Processing /home/vscode/.local/lib/python3.10/site-packages/airflow/example_dags/example_trigger_controller_dag.py took 0.045 seconds
[2024-12-12T15:49:33.684+0000] {processor.py:157} INFO - Started process (PID=40390) to work on /home/vscode/.local/lib/python3.10/site-packages/airflow/example_dags/example_trigger_controller_dag.py
[2024-12-12T15:49:33.684+0000] {processor.py:826} INFO - Processing file /home/vscode/.local/lib/python3.10/site-packages/airflow/example_dags/example_trigger_controller_dag.py for tasks to queue
[2024-12-12T15:49:33.685+0000] {logging_mixin.py:150} INFO - [2024-12-12T15:49:33.685+0000] {dagbag.py:541} INFO - Filling up the DagBag from /home/vscode/.local/lib/python3.10/site-packages/airflow/example_dags/example_trigger_controller_dag.py
[2024-12-12T15:49:33.688+0000] {processor.py:836} INFO - DAG(s) dict_keys(['example_trigger_controller_dag']) retrieved from /home/vscode/.local/lib/python3.10/site-packages/airflow/example_dags/example_trigger_controller_dag.py
[2024-12-12T15:49:33.700+0000] {logging_mixin.py:150} INFO - [2024-12-12T15:49:33.700+0000] {dag.py:2742} INFO - Sync 1 DAGs
[2024-12-12T15:49:33.712+0000] {logging_mixin.py:150} INFO - [2024-12-12T15:49:33.712+0000] {dag.py:3504} INFO - Setting next_dagrun for example_trigger_controller_dag to 2021-01-01T00:00:00+00:00, run_after=2021-01-01T00:00:00+00:00
[2024-12-12T15:49:33.726+0000] {processor.py:179} INFO - Processing /home/vscode/.local/lib/python3.10/site-packages/airflow/example_dags/example_trigger_controller_dag.py took 0.045 seconds
[2024-12-12T15:50:15.923+0000] {processor.py:157} INFO - Started process (PID=40729) to work on /home/vscode/.local/lib/python3.10/site-packages/airflow/example_dags/example_trigger_controller_dag.py
[2024-12-12T15:50:15.923+0000] {processor.py:826} INFO - Processing file /home/vscode/.local/lib/python3.10/site-packages/airflow/example_dags/example_trigger_controller_dag.py for tasks to queue
[2024-12-12T15:50:15.924+0000] {logging_mixin.py:150} INFO - [2024-12-12T15:50:15.924+0000] {dagbag.py:541} INFO - Filling up the DagBag from /home/vscode/.local/lib/python3.10/site-packages/airflow/example_dags/example_trigger_controller_dag.py
[2024-12-12T15:50:15.927+0000] {processor.py:836} INFO - DAG(s) dict_keys(['example_trigger_controller_dag']) retrieved from /home/vscode/.local/lib/python3.10/site-packages/airflow/example_dags/example_trigger_controller_dag.py
[2024-12-12T15:50:15.938+0000] {logging_mixin.py:150} INFO - [2024-12-12T15:50:15.938+0000] {dag.py:2742} INFO - Sync 1 DAGs
[2024-12-12T15:50:15.951+0000] {logging_mixin.py:150} INFO - [2024-12-12T15:50:15.951+0000] {dag.py:3504} INFO - Setting next_dagrun for example_trigger_controller_dag to 2021-01-01T00:00:00+00:00, run_after=2021-01-01T00:00:00+00:00
[2024-12-12T15:50:15.965+0000] {processor.py:179} INFO - Processing /home/vscode/.local/lib/python3.10/site-packages/airflow/example_dags/example_trigger_controller_dag.py took 0.044 seconds
[2024-12-12T15:51:00.413+0000] {processor.py:157} INFO - Started process (PID=41072) to work on /home/vscode/.local/lib/python3.10/site-packages/airflow/example_dags/example_trigger_controller_dag.py
[2024-12-12T15:51:00.414+0000] {processor.py:826} INFO - Processing file /home/vscode/.local/lib/python3.10/site-packages/airflow/example_dags/example_trigger_controller_dag.py for tasks to queue
[2024-12-12T15:51:00.415+0000] {logging_mixin.py:150} INFO - [2024-12-12T15:51:00.414+0000] {dagbag.py:541} INFO - Filling up the DagBag from /home/vscode/.local/lib/python3.10/site-packages/airflow/example_dags/example_trigger_controller_dag.py
[2024-12-12T15:51:00.429+0000] {processor.py:836} INFO - DAG(s) dict_keys(['example_trigger_controller_dag']) retrieved from /home/vscode/.local/lib/python3.10/site-packages/airflow/example_dags/example_trigger_controller_dag.py
[2024-12-12T15:51:00.441+0000] {logging_mixin.py:150} INFO - [2024-12-12T15:51:00.441+0000] {dag.py:2742} INFO - Sync 1 DAGs
[2024-12-12T15:51:00.454+0000] {logging_mixin.py:150} INFO - [2024-12-12T15:51:00.454+0000] {dag.py:3504} INFO - Setting next_dagrun for example_trigger_controller_dag to 2021-01-01T00:00:00+00:00, run_after=2021-01-01T00:00:00+00:00
[2024-12-12T15:51:00.468+0000] {processor.py:179} INFO - Processing /home/vscode/.local/lib/python3.10/site-packages/airflow/example_dags/example_trigger_controller_dag.py took 0.057 seconds
[2024-12-12T15:51:50.946+0000] {processor.py:157} INFO - Started process (PID=41466) to work on /home/vscode/.local/lib/python3.10/site-packages/airflow/example_dags/example_trigger_controller_dag.py
[2024-12-12T15:51:50.946+0000] {processor.py:826} INFO - Processing file /home/vscode/.local/lib/python3.10/site-packages/airflow/example_dags/example_trigger_controller_dag.py for tasks to queue
[2024-12-12T15:51:50.947+0000] {logging_mixin.py:150} INFO - [2024-12-12T15:51:50.947+0000] {dagbag.py:541} INFO - Filling up the DagBag from /home/vscode/.local/lib/python3.10/site-packages/airflow/example_dags/example_trigger_controller_dag.py
[2024-12-12T15:51:50.950+0000] {processor.py:836} INFO - DAG(s) dict_keys(['example_trigger_controller_dag']) retrieved from /home/vscode/.local/lib/python3.10/site-packages/airflow/example_dags/example_trigger_controller_dag.py
[2024-12-12T15:51:50.962+0000] {logging_mixin.py:150} INFO - [2024-12-12T15:51:50.962+0000] {dag.py:2742} INFO - Sync 1 DAGs
[2024-12-12T15:51:50.975+0000] {logging_mixin.py:150} INFO - [2024-12-12T15:51:50.975+0000] {dag.py:3504} INFO - Setting next_dagrun for example_trigger_controller_dag to 2021-01-01T00:00:00+00:00, run_after=2021-01-01T00:00:00+00:00
[2024-12-12T15:51:50.989+0000] {processor.py:179} INFO - Processing /home/vscode/.local/lib/python3.10/site-packages/airflow/example_dags/example_trigger_controller_dag.py took 0.045 seconds
[2024-12-12T15:52:36.831+0000] {processor.py:157} INFO - Started process (PID=41804) to work on /home/vscode/.local/lib/python3.10/site-packages/airflow/example_dags/example_trigger_controller_dag.py
[2024-12-12T15:52:36.831+0000] {processor.py:826} INFO - Processing file /home/vscode/.local/lib/python3.10/site-packages/airflow/example_dags/example_trigger_controller_dag.py for tasks to queue
[2024-12-12T15:52:36.832+0000] {logging_mixin.py:150} INFO - [2024-12-12T15:52:36.832+0000] {dagbag.py:541} INFO - Filling up the DagBag from /home/vscode/.local/lib/python3.10/site-packages/airflow/example_dags/example_trigger_controller_dag.py
[2024-12-12T15:52:36.835+0000] {processor.py:836} INFO - DAG(s) dict_keys(['example_trigger_controller_dag']) retrieved from /home/vscode/.local/lib/python3.10/site-packages/airflow/example_dags/example_trigger_controller_dag.py
[2024-12-12T15:52:36.847+0000] {logging_mixin.py:150} INFO - [2024-12-12T15:52:36.847+0000] {dag.py:2742} INFO - Sync 1 DAGs
[2024-12-12T15:52:36.860+0000] {logging_mixin.py:150} INFO - [2024-12-12T15:52:36.860+0000] {dag.py:3504} INFO - Setting next_dagrun for example_trigger_controller_dag to 2021-01-01T00:00:00+00:00, run_after=2021-01-01T00:00:00+00:00
[2024-12-12T15:52:36.874+0000] {processor.py:179} INFO - Processing /home/vscode/.local/lib/python3.10/site-packages/airflow/example_dags/example_trigger_controller_dag.py took 0.045 seconds
[2024-12-12T15:53:19.424+0000] {processor.py:157} INFO - Started process (PID=42096) to work on /home/vscode/.local/lib/python3.10/site-packages/airflow/example_dags/example_trigger_controller_dag.py
[2024-12-12T15:53:19.424+0000] {processor.py:826} INFO - Processing file /home/vscode/.local/lib/python3.10/site-packages/airflow/example_dags/example_trigger_controller_dag.py for tasks to queue
[2024-12-12T15:53:19.425+0000] {logging_mixin.py:150} INFO - [2024-12-12T15:53:19.425+0000] {dagbag.py:541} INFO - Filling up the DagBag from /home/vscode/.local/lib/python3.10/site-packages/airflow/example_dags/example_trigger_controller_dag.py
[2024-12-12T15:53:19.428+0000] {processor.py:836} INFO - DAG(s) dict_keys(['example_trigger_controller_dag']) retrieved from /home/vscode/.local/lib/python3.10/site-packages/airflow/example_dags/example_trigger_controller_dag.py
[2024-12-12T15:53:19.439+0000] {logging_mixin.py:150} INFO - [2024-12-12T15:53:19.439+0000] {dag.py:2742} INFO - Sync 1 DAGs
[2024-12-12T15:53:19.452+0000] {logging_mixin.py:150} INFO - [2024-12-12T15:53:19.452+0000] {dag.py:3504} INFO - Setting next_dagrun for example_trigger_controller_dag to 2021-01-01T00:00:00+00:00, run_after=2021-01-01T00:00:00+00:00
[2024-12-12T15:53:19.466+0000] {processor.py:179} INFO - Processing /home/vscode/.local/lib/python3.10/site-packages/airflow/example_dags/example_trigger_controller_dag.py took 0.044 seconds
[2024-12-12T15:54:01.816+0000] {processor.py:157} INFO - Started process (PID=42399) to work on /home/vscode/.local/lib/python3.10/site-packages/airflow/example_dags/example_trigger_controller_dag.py
[2024-12-12T15:54:01.816+0000] {processor.py:826} INFO - Processing file /home/vscode/.local/lib/python3.10/site-packages/airflow/example_dags/example_trigger_controller_dag.py for tasks to queue
[2024-12-12T15:54:01.817+0000] {logging_mixin.py:150} INFO - [2024-12-12T15:54:01.817+0000] {dagbag.py:541} INFO - Filling up the DagBag from /home/vscode/.local/lib/python3.10/site-packages/airflow/example_dags/example_trigger_controller_dag.py
[2024-12-12T15:54:01.820+0000] {processor.py:836} INFO - DAG(s) dict_keys(['example_trigger_controller_dag']) retrieved from /home/vscode/.local/lib/python3.10/site-packages/airflow/example_dags/example_trigger_controller_dag.py
[2024-12-12T15:54:01.831+0000] {logging_mixin.py:150} INFO - [2024-12-12T15:54:01.831+0000] {dag.py:2742} INFO - Sync 1 DAGs
[2024-12-12T15:54:01.847+0000] {logging_mixin.py:150} INFO - [2024-12-12T15:54:01.847+0000] {dag.py:3504} INFO - Setting next_dagrun for example_trigger_controller_dag to 2021-01-01T00:00:00+00:00, run_after=2021-01-01T00:00:00+00:00
[2024-12-12T15:54:01.861+0000] {processor.py:179} INFO - Processing /home/vscode/.local/lib/python3.10/site-packages/airflow/example_dags/example_trigger_controller_dag.py took 0.047 seconds
[2024-12-12T15:54:47.915+0000] {processor.py:157} INFO - Started process (PID=42726) to work on /home/vscode/.local/lib/python3.10/site-packages/airflow/example_dags/example_trigger_controller_dag.py
[2024-12-12T15:54:47.916+0000] {processor.py:826} INFO - Processing file /home/vscode/.local/lib/python3.10/site-packages/airflow/example_dags/example_trigger_controller_dag.py for tasks to queue
[2024-12-12T15:54:47.916+0000] {logging_mixin.py:150} INFO - [2024-12-12T15:54:47.916+0000] {dagbag.py:541} INFO - Filling up the DagBag from /home/vscode/.local/lib/python3.10/site-packages/airflow/example_dags/example_trigger_controller_dag.py
[2024-12-12T15:54:47.919+0000] {processor.py:836} INFO - DAG(s) dict_keys(['example_trigger_controller_dag']) retrieved from /home/vscode/.local/lib/python3.10/site-packages/airflow/example_dags/example_trigger_controller_dag.py
[2024-12-12T15:54:47.931+0000] {logging_mixin.py:150} INFO - [2024-12-12T15:54:47.931+0000] {dag.py:2742} INFO - Sync 1 DAGs
[2024-12-12T15:54:47.944+0000] {logging_mixin.py:150} INFO - [2024-12-12T15:54:47.944+0000] {dag.py:3504} INFO - Setting next_dagrun for example_trigger_controller_dag to 2021-01-01T00:00:00+00:00, run_after=2021-01-01T00:00:00+00:00
[2024-12-12T15:54:47.958+0000] {processor.py:179} INFO - Processing /home/vscode/.local/lib/python3.10/site-packages/airflow/example_dags/example_trigger_controller_dag.py took 0.045 seconds
[2024-12-12T15:55:33.718+0000] {processor.py:157} INFO - Started process (PID=43031) to work on /home/vscode/.local/lib/python3.10/site-packages/airflow/example_dags/example_trigger_controller_dag.py
[2024-12-12T15:55:33.719+0000] {processor.py:826} INFO - Processing file /home/vscode/.local/lib/python3.10/site-packages/airflow/example_dags/example_trigger_controller_dag.py for tasks to queue
[2024-12-12T15:55:33.719+0000] {logging_mixin.py:150} INFO - [2024-12-12T15:55:33.719+0000] {dagbag.py:541} INFO - Filling up the DagBag from /home/vscode/.local/lib/python3.10/site-packages/airflow/example_dags/example_trigger_controller_dag.py
[2024-12-12T15:55:33.722+0000] {processor.py:836} INFO - DAG(s) dict_keys(['example_trigger_controller_dag']) retrieved from /home/vscode/.local/lib/python3.10/site-packages/airflow/example_dags/example_trigger_controller_dag.py
[2024-12-12T15:55:33.734+0000] {logging_mixin.py:150} INFO - [2024-12-12T15:55:33.734+0000] {dag.py:2742} INFO - Sync 1 DAGs
[2024-12-12T15:55:33.748+0000] {logging_mixin.py:150} INFO - [2024-12-12T15:55:33.748+0000] {dag.py:3504} INFO - Setting next_dagrun for example_trigger_controller_dag to 2021-01-01T00:00:00+00:00, run_after=2021-01-01T00:00:00+00:00
[2024-12-12T15:55:33.764+0000] {processor.py:179} INFO - Processing /home/vscode/.local/lib/python3.10/site-packages/airflow/example_dags/example_trigger_controller_dag.py took 0.048 seconds
[2024-12-12T15:56:19.724+0000] {processor.py:157} INFO - Started process (PID=43348) to work on /home/vscode/.local/lib/python3.10/site-packages/airflow/example_dags/example_trigger_controller_dag.py
[2024-12-12T15:56:19.724+0000] {processor.py:826} INFO - Processing file /home/vscode/.local/lib/python3.10/site-packages/airflow/example_dags/example_trigger_controller_dag.py for tasks to queue
[2024-12-12T15:56:19.725+0000] {logging_mixin.py:150} INFO - [2024-12-12T15:56:19.725+0000] {dagbag.py:541} INFO - Filling up the DagBag from /home/vscode/.local/lib/python3.10/site-packages/airflow/example_dags/example_trigger_controller_dag.py
[2024-12-12T15:56:19.728+0000] {processor.py:836} INFO - DAG(s) dict_keys(['example_trigger_controller_dag']) retrieved from /home/vscode/.local/lib/python3.10/site-packages/airflow/example_dags/example_trigger_controller_dag.py
[2024-12-12T15:56:19.740+0000] {logging_mixin.py:150} INFO - [2024-12-12T15:56:19.739+0000] {dag.py:2742} INFO - Sync 1 DAGs
[2024-12-12T15:56:19.752+0000] {logging_mixin.py:150} INFO - [2024-12-12T15:56:19.752+0000] {dag.py:3504} INFO - Setting next_dagrun for example_trigger_controller_dag to 2021-01-01T00:00:00+00:00, run_after=2021-01-01T00:00:00+00:00
[2024-12-12T15:56:19.767+0000] {processor.py:179} INFO - Processing /home/vscode/.local/lib/python3.10/site-packages/airflow/example_dags/example_trigger_controller_dag.py took 0.045 seconds
[2024-12-12T15:56:58.423+0000] {processor.py:157} INFO - Started process (PID=43616) to work on /home/vscode/.local/lib/python3.10/site-packages/airflow/example_dags/example_trigger_controller_dag.py
[2024-12-12T15:56:58.424+0000] {processor.py:826} INFO - Processing file /home/vscode/.local/lib/python3.10/site-packages/airflow/example_dags/example_trigger_controller_dag.py for tasks to queue
[2024-12-12T15:56:58.424+0000] {logging_mixin.py:150} INFO - [2024-12-12T15:56:58.424+0000] {dagbag.py:541} INFO - Filling up the DagBag from /home/vscode/.local/lib/python3.10/site-packages/airflow/example_dags/example_trigger_controller_dag.py
[2024-12-12T15:56:58.427+0000] {processor.py:836} INFO - DAG(s) dict_keys(['example_trigger_controller_dag']) retrieved from /home/vscode/.local/lib/python3.10/site-packages/airflow/example_dags/example_trigger_controller_dag.py
[2024-12-12T15:56:58.439+0000] {logging_mixin.py:150} INFO - [2024-12-12T15:56:58.439+0000] {dag.py:2742} INFO - Sync 1 DAGs
[2024-12-12T15:56:58.451+0000] {logging_mixin.py:150} INFO - [2024-12-12T15:56:58.451+0000] {dag.py:3504} INFO - Setting next_dagrun for example_trigger_controller_dag to 2021-01-01T00:00:00+00:00, run_after=2021-01-01T00:00:00+00:00
[2024-12-12T15:56:58.465+0000] {processor.py:179} INFO - Processing /home/vscode/.local/lib/python3.10/site-packages/airflow/example_dags/example_trigger_controller_dag.py took 0.045 seconds
[2024-12-12T15:57:43.364+0000] {processor.py:157} INFO - Started process (PID=43925) to work on /home/vscode/.local/lib/python3.10/site-packages/airflow/example_dags/example_trigger_controller_dag.py
[2024-12-12T15:57:43.364+0000] {processor.py:826} INFO - Processing file /home/vscode/.local/lib/python3.10/site-packages/airflow/example_dags/example_trigger_controller_dag.py for tasks to queue
[2024-12-12T15:57:43.365+0000] {logging_mixin.py:150} INFO - [2024-12-12T15:57:43.365+0000] {dagbag.py:541} INFO - Filling up the DagBag from /home/vscode/.local/lib/python3.10/site-packages/airflow/example_dags/example_trigger_controller_dag.py
[2024-12-12T15:57:43.368+0000] {processor.py:836} INFO - DAG(s) dict_keys(['example_trigger_controller_dag']) retrieved from /home/vscode/.local/lib/python3.10/site-packages/airflow/example_dags/example_trigger_controller_dag.py
[2024-12-12T15:57:43.379+0000] {logging_mixin.py:150} INFO - [2024-12-12T15:57:43.379+0000] {dag.py:2742} INFO - Sync 1 DAGs
[2024-12-12T15:57:43.392+0000] {logging_mixin.py:150} INFO - [2024-12-12T15:57:43.392+0000] {dag.py:3504} INFO - Setting next_dagrun for example_trigger_controller_dag to 2021-01-01T00:00:00+00:00, run_after=2021-01-01T00:00:00+00:00
[2024-12-12T15:57:43.406+0000] {processor.py:179} INFO - Processing /home/vscode/.local/lib/python3.10/site-packages/airflow/example_dags/example_trigger_controller_dag.py took 0.044 seconds
[2024-12-12T15:58:32.040+0000] {processor.py:157} INFO - Started process (PID=44294) to work on /home/vscode/.local/lib/python3.10/site-packages/airflow/example_dags/example_trigger_controller_dag.py
[2024-12-12T15:58:32.040+0000] {processor.py:826} INFO - Processing file /home/vscode/.local/lib/python3.10/site-packages/airflow/example_dags/example_trigger_controller_dag.py for tasks to queue
[2024-12-12T15:58:32.041+0000] {logging_mixin.py:150} INFO - [2024-12-12T15:58:32.041+0000] {dagbag.py:541} INFO - Filling up the DagBag from /home/vscode/.local/lib/python3.10/site-packages/airflow/example_dags/example_trigger_controller_dag.py
[2024-12-12T15:58:32.044+0000] {processor.py:836} INFO - DAG(s) dict_keys(['example_trigger_controller_dag']) retrieved from /home/vscode/.local/lib/python3.10/site-packages/airflow/example_dags/example_trigger_controller_dag.py
[2024-12-12T15:58:32.055+0000] {logging_mixin.py:150} INFO - [2024-12-12T15:58:32.055+0000] {dag.py:2742} INFO - Sync 1 DAGs
[2024-12-12T15:58:32.069+0000] {logging_mixin.py:150} INFO - [2024-12-12T15:58:32.069+0000] {dag.py:3504} INFO - Setting next_dagrun for example_trigger_controller_dag to 2021-01-01T00:00:00+00:00, run_after=2021-01-01T00:00:00+00:00
[2024-12-12T15:58:32.083+0000] {processor.py:179} INFO - Processing /home/vscode/.local/lib/python3.10/site-packages/airflow/example_dags/example_trigger_controller_dag.py took 0.046 seconds
[2024-12-12T15:59:14.844+0000] {processor.py:157} INFO - Started process (PID=44650) to work on /home/vscode/.local/lib/python3.10/site-packages/airflow/example_dags/example_trigger_controller_dag.py
[2024-12-12T15:59:14.844+0000] {processor.py:826} INFO - Processing file /home/vscode/.local/lib/python3.10/site-packages/airflow/example_dags/example_trigger_controller_dag.py for tasks to queue
[2024-12-12T15:59:14.845+0000] {logging_mixin.py:150} INFO - [2024-12-12T15:59:14.845+0000] {dagbag.py:541} INFO - Filling up the DagBag from /home/vscode/.local/lib/python3.10/site-packages/airflow/example_dags/example_trigger_controller_dag.py
[2024-12-12T15:59:14.848+0000] {processor.py:836} INFO - DAG(s) dict_keys(['example_trigger_controller_dag']) retrieved from /home/vscode/.local/lib/python3.10/site-packages/airflow/example_dags/example_trigger_controller_dag.py
[2024-12-12T15:59:14.860+0000] {logging_mixin.py:150} INFO - [2024-12-12T15:59:14.860+0000] {dag.py:2742} INFO - Sync 1 DAGs
[2024-12-12T15:59:14.873+0000] {logging_mixin.py:150} INFO - [2024-12-12T15:59:14.873+0000] {dag.py:3504} INFO - Setting next_dagrun for example_trigger_controller_dag to 2021-01-01T00:00:00+00:00, run_after=2021-01-01T00:00:00+00:00
[2024-12-12T15:59:14.887+0000] {processor.py:179} INFO - Processing /home/vscode/.local/lib/python3.10/site-packages/airflow/example_dags/example_trigger_controller_dag.py took 0.045 seconds
[2024-12-12T15:59:54.774+0000] {processor.py:157} INFO - Started process (PID=44933) to work on /home/vscode/.local/lib/python3.10/site-packages/airflow/example_dags/example_trigger_controller_dag.py
[2024-12-12T15:59:54.775+0000] {processor.py:826} INFO - Processing file /home/vscode/.local/lib/python3.10/site-packages/airflow/example_dags/example_trigger_controller_dag.py for tasks to queue
[2024-12-12T15:59:54.775+0000] {logging_mixin.py:150} INFO - [2024-12-12T15:59:54.775+0000] {dagbag.py:541} INFO - Filling up the DagBag from /home/vscode/.local/lib/python3.10/site-packages/airflow/example_dags/example_trigger_controller_dag.py
[2024-12-12T15:59:54.779+0000] {processor.py:836} INFO - DAG(s) dict_keys(['example_trigger_controller_dag']) retrieved from /home/vscode/.local/lib/python3.10/site-packages/airflow/example_dags/example_trigger_controller_dag.py
[2024-12-12T15:59:54.799+0000] {logging_mixin.py:150} INFO - [2024-12-12T15:59:54.798+0000] {dag.py:2742} INFO - Sync 1 DAGs
[2024-12-12T15:59:54.824+0000] {logging_mixin.py:150} INFO - [2024-12-12T15:59:54.824+0000] {dag.py:3504} INFO - Setting next_dagrun for example_trigger_controller_dag to 2021-01-01T00:00:00+00:00, run_after=2021-01-01T00:00:00+00:00
[2024-12-12T15:59:54.841+0000] {processor.py:179} INFO - Processing /home/vscode/.local/lib/python3.10/site-packages/airflow/example_dags/example_trigger_controller_dag.py took 0.068 seconds
[2024-12-12T16:00:42.247+0000] {processor.py:157} INFO - Started process (PID=45279) to work on /home/vscode/.local/lib/python3.10/site-packages/airflow/example_dags/example_trigger_controller_dag.py
[2024-12-12T16:00:42.248+0000] {processor.py:826} INFO - Processing file /home/vscode/.local/lib/python3.10/site-packages/airflow/example_dags/example_trigger_controller_dag.py for tasks to queue
[2024-12-12T16:00:42.248+0000] {logging_mixin.py:150} INFO - [2024-12-12T16:00:42.248+0000] {dagbag.py:541} INFO - Filling up the DagBag from /home/vscode/.local/lib/python3.10/site-packages/airflow/example_dags/example_trigger_controller_dag.py
[2024-12-12T16:00:42.251+0000] {processor.py:836} INFO - DAG(s) dict_keys(['example_trigger_controller_dag']) retrieved from /home/vscode/.local/lib/python3.10/site-packages/airflow/example_dags/example_trigger_controller_dag.py
[2024-12-12T16:00:42.262+0000] {logging_mixin.py:150} INFO - [2024-12-12T16:00:42.262+0000] {dag.py:2742} INFO - Sync 1 DAGs
[2024-12-12T16:00:42.275+0000] {logging_mixin.py:150} INFO - [2024-12-12T16:00:42.275+0000] {dag.py:3504} INFO - Setting next_dagrun for example_trigger_controller_dag to 2021-01-01T00:00:00+00:00, run_after=2021-01-01T00:00:00+00:00
[2024-12-12T16:00:42.289+0000] {processor.py:179} INFO - Processing /home/vscode/.local/lib/python3.10/site-packages/airflow/example_dags/example_trigger_controller_dag.py took 0.045 seconds
[2024-12-12T16:01:26.654+0000] {processor.py:157} INFO - Started process (PID=45587) to work on /home/vscode/.local/lib/python3.10/site-packages/airflow/example_dags/example_trigger_controller_dag.py
[2024-12-12T16:01:26.655+0000] {processor.py:826} INFO - Processing file /home/vscode/.local/lib/python3.10/site-packages/airflow/example_dags/example_trigger_controller_dag.py for tasks to queue
[2024-12-12T16:01:26.655+0000] {logging_mixin.py:150} INFO - [2024-12-12T16:01:26.655+0000] {dagbag.py:541} INFO - Filling up the DagBag from /home/vscode/.local/lib/python3.10/site-packages/airflow/example_dags/example_trigger_controller_dag.py
[2024-12-12T16:01:26.658+0000] {processor.py:836} INFO - DAG(s) dict_keys(['example_trigger_controller_dag']) retrieved from /home/vscode/.local/lib/python3.10/site-packages/airflow/example_dags/example_trigger_controller_dag.py
[2024-12-12T16:01:26.671+0000] {logging_mixin.py:150} INFO - [2024-12-12T16:01:26.670+0000] {dag.py:2742} INFO - Sync 1 DAGs
[2024-12-12T16:01:26.684+0000] {logging_mixin.py:150} INFO - [2024-12-12T16:01:26.684+0000] {dag.py:3504} INFO - Setting next_dagrun for example_trigger_controller_dag to 2021-01-01T00:00:00+00:00, run_after=2021-01-01T00:00:00+00:00
[2024-12-12T16:01:26.708+0000] {processor.py:179} INFO - Processing /home/vscode/.local/lib/python3.10/site-packages/airflow/example_dags/example_trigger_controller_dag.py took 0.056 seconds
[2024-12-12T16:02:08.446+0000] {processor.py:157} INFO - Started process (PID=45896) to work on /home/vscode/.local/lib/python3.10/site-packages/airflow/example_dags/example_trigger_controller_dag.py
[2024-12-12T16:02:08.447+0000] {processor.py:826} INFO - Processing file /home/vscode/.local/lib/python3.10/site-packages/airflow/example_dags/example_trigger_controller_dag.py for tasks to queue
[2024-12-12T16:02:08.447+0000] {logging_mixin.py:150} INFO - [2024-12-12T16:02:08.447+0000] {dagbag.py:541} INFO - Filling up the DagBag from /home/vscode/.local/lib/python3.10/site-packages/airflow/example_dags/example_trigger_controller_dag.py
[2024-12-12T16:02:08.451+0000] {processor.py:836} INFO - DAG(s) dict_keys(['example_trigger_controller_dag']) retrieved from /home/vscode/.local/lib/python3.10/site-packages/airflow/example_dags/example_trigger_controller_dag.py
[2024-12-12T16:02:08.462+0000] {logging_mixin.py:150} INFO - [2024-12-12T16:02:08.462+0000] {dag.py:2742} INFO - Sync 1 DAGs
[2024-12-12T16:02:08.474+0000] {logging_mixin.py:150} INFO - [2024-12-12T16:02:08.474+0000] {dag.py:3504} INFO - Setting next_dagrun for example_trigger_controller_dag to 2021-01-01T00:00:00+00:00, run_after=2021-01-01T00:00:00+00:00
[2024-12-12T16:02:08.488+0000] {processor.py:179} INFO - Processing /home/vscode/.local/lib/python3.10/site-packages/airflow/example_dags/example_trigger_controller_dag.py took 0.044 seconds
[2024-12-12T16:02:50.491+0000] {processor.py:157} INFO - Started process (PID=46194) to work on /home/vscode/.local/lib/python3.10/site-packages/airflow/example_dags/example_trigger_controller_dag.py
[2024-12-12T16:02:50.492+0000] {processor.py:826} INFO - Processing file /home/vscode/.local/lib/python3.10/site-packages/airflow/example_dags/example_trigger_controller_dag.py for tasks to queue
[2024-12-12T16:02:50.492+0000] {logging_mixin.py:150} INFO - [2024-12-12T16:02:50.492+0000] {dagbag.py:541} INFO - Filling up the DagBag from /home/vscode/.local/lib/python3.10/site-packages/airflow/example_dags/example_trigger_controller_dag.py
[2024-12-12T16:02:50.495+0000] {processor.py:836} INFO - DAG(s) dict_keys(['example_trigger_controller_dag']) retrieved from /home/vscode/.local/lib/python3.10/site-packages/airflow/example_dags/example_trigger_controller_dag.py
[2024-12-12T16:02:50.507+0000] {logging_mixin.py:150} INFO - [2024-12-12T16:02:50.507+0000] {dag.py:2742} INFO - Sync 1 DAGs
[2024-12-12T16:02:50.520+0000] {logging_mixin.py:150} INFO - [2024-12-12T16:02:50.520+0000] {dag.py:3504} INFO - Setting next_dagrun for example_trigger_controller_dag to 2021-01-01T00:00:00+00:00, run_after=2021-01-01T00:00:00+00:00
[2024-12-12T16:02:50.535+0000] {processor.py:179} INFO - Processing /home/vscode/.local/lib/python3.10/site-packages/airflow/example_dags/example_trigger_controller_dag.py took 0.046 seconds
[2024-12-12T16:03:35.590+0000] {processor.py:157} INFO - Started process (PID=46524) to work on /home/vscode/.local/lib/python3.10/site-packages/airflow/example_dags/example_trigger_controller_dag.py
[2024-12-12T16:03:35.590+0000] {processor.py:826} INFO - Processing file /home/vscode/.local/lib/python3.10/site-packages/airflow/example_dags/example_trigger_controller_dag.py for tasks to queue
[2024-12-12T16:03:35.591+0000] {logging_mixin.py:150} INFO - [2024-12-12T16:03:35.591+0000] {dagbag.py:541} INFO - Filling up the DagBag from /home/vscode/.local/lib/python3.10/site-packages/airflow/example_dags/example_trigger_controller_dag.py
[2024-12-12T16:03:35.594+0000] {processor.py:836} INFO - DAG(s) dict_keys(['example_trigger_controller_dag']) retrieved from /home/vscode/.local/lib/python3.10/site-packages/airflow/example_dags/example_trigger_controller_dag.py
[2024-12-12T16:03:35.605+0000] {logging_mixin.py:150} INFO - [2024-12-12T16:03:35.605+0000] {dag.py:2742} INFO - Sync 1 DAGs
[2024-12-12T16:03:35.618+0000] {logging_mixin.py:150} INFO - [2024-12-12T16:03:35.618+0000] {dag.py:3504} INFO - Setting next_dagrun for example_trigger_controller_dag to 2021-01-01T00:00:00+00:00, run_after=2021-01-01T00:00:00+00:00
[2024-12-12T16:03:35.632+0000] {processor.py:179} INFO - Processing /home/vscode/.local/lib/python3.10/site-packages/airflow/example_dags/example_trigger_controller_dag.py took 0.044 seconds
