[2024-12-12T15:30:42.652+0000] {processor.py:157} INFO - Started process (PID=30942) to work on /home/vscode/.local/lib/python3.10/site-packages/airflow/example_dags/example_local_kubernetes_executor.py
[2024-12-12T15:30:42.652+0000] {processor.py:826} INFO - Processing file /home/vscode/.local/lib/python3.10/site-packages/airflow/example_dags/example_local_kubernetes_executor.py for tasks to queue
[2024-12-12T15:30:42.653+0000] {logging_mixin.py:150} INFO - [2024-12-12T15:30:42.653+0000] {dagbag.py:541} INFO - Filling up the DagBag from /home/vscode/.local/lib/python3.10/site-packages/airflow/example_dags/example_local_kubernetes_executor.py
[2024-12-12T15:30:42.655+0000] {logging_mixin.py:150} INFO - [2024-12-12T15:30:42.655+0000] {example_local_kubernetes_executor.py:39} WARNING - Could not import DAGs in example_local_kubernetes_executor.py
Traceback (most recent call last):
  File "/home/vscode/.local/lib/python3.10/site-packages/airflow/example_dags/example_local_kubernetes_executor.py", line 37, in <module>
    from kubernetes.client import models as k8s
ModuleNotFoundError: No module named 'kubernetes'
[2024-12-12T15:30:42.655+0000] {logging_mixin.py:150} INFO - [2024-12-12T15:30:42.655+0000] {example_local_kubernetes_executor.py:40} WARNING - Install Kubernetes dependencies with: pip install apache-airflow[cncf.kubernetes]
[2024-12-12T15:30:42.656+0000] {processor.py:838} WARNING - No viable dags retrieved from /home/vscode/.local/lib/python3.10/site-packages/airflow/example_dags/example_local_kubernetes_executor.py
[2024-12-12T15:30:42.662+0000] {processor.py:179} INFO - Processing /home/vscode/.local/lib/python3.10/site-packages/airflow/example_dags/example_local_kubernetes_executor.py took 0.012 seconds
[2024-12-12T15:31:28.196+0000] {processor.py:157} INFO - Started process (PID=31275) to work on /home/vscode/.local/lib/python3.10/site-packages/airflow/example_dags/example_local_kubernetes_executor.py
[2024-12-12T15:31:28.197+0000] {processor.py:826} INFO - Processing file /home/vscode/.local/lib/python3.10/site-packages/airflow/example_dags/example_local_kubernetes_executor.py for tasks to queue
[2024-12-12T15:31:28.198+0000] {logging_mixin.py:150} INFO - [2024-12-12T15:31:28.197+0000] {dagbag.py:541} INFO - Filling up the DagBag from /home/vscode/.local/lib/python3.10/site-packages/airflow/example_dags/example_local_kubernetes_executor.py
[2024-12-12T15:31:28.200+0000] {logging_mixin.py:150} INFO - [2024-12-12T15:31:28.200+0000] {example_local_kubernetes_executor.py:39} WARNING - Could not import DAGs in example_local_kubernetes_executor.py
Traceback (most recent call last):
  File "/home/vscode/.local/lib/python3.10/site-packages/airflow/example_dags/example_local_kubernetes_executor.py", line 37, in <module>
    from kubernetes.client import models as k8s
ModuleNotFoundError: No module named 'kubernetes'
[2024-12-12T15:31:28.200+0000] {logging_mixin.py:150} INFO - [2024-12-12T15:31:28.200+0000] {example_local_kubernetes_executor.py:40} WARNING - Install Kubernetes dependencies with: pip install apache-airflow[cncf.kubernetes]
[2024-12-12T15:31:28.200+0000] {processor.py:838} WARNING - No viable dags retrieved from /home/vscode/.local/lib/python3.10/site-packages/airflow/example_dags/example_local_kubernetes_executor.py
[2024-12-12T15:31:28.207+0000] {processor.py:179} INFO - Processing /home/vscode/.local/lib/python3.10/site-packages/airflow/example_dags/example_local_kubernetes_executor.py took 0.013 seconds
[2024-12-12T15:32:13.693+0000] {processor.py:157} INFO - Started process (PID=31645) to work on /home/vscode/.local/lib/python3.10/site-packages/airflow/example_dags/example_local_kubernetes_executor.py
[2024-12-12T15:32:13.694+0000] {processor.py:826} INFO - Processing file /home/vscode/.local/lib/python3.10/site-packages/airflow/example_dags/example_local_kubernetes_executor.py for tasks to queue
[2024-12-12T15:32:13.695+0000] {logging_mixin.py:150} INFO - [2024-12-12T15:32:13.694+0000] {dagbag.py:541} INFO - Filling up the DagBag from /home/vscode/.local/lib/python3.10/site-packages/airflow/example_dags/example_local_kubernetes_executor.py
[2024-12-12T15:32:13.697+0000] {logging_mixin.py:150} INFO - [2024-12-12T15:32:13.697+0000] {example_local_kubernetes_executor.py:39} WARNING - Could not import DAGs in example_local_kubernetes_executor.py
Traceback (most recent call last):
  File "/home/vscode/.local/lib/python3.10/site-packages/airflow/example_dags/example_local_kubernetes_executor.py", line 37, in <module>
    from kubernetes.client import models as k8s
ModuleNotFoundError: No module named 'kubernetes'
[2024-12-12T15:32:13.697+0000] {logging_mixin.py:150} INFO - [2024-12-12T15:32:13.697+0000] {example_local_kubernetes_executor.py:40} WARNING - Install Kubernetes dependencies with: pip install apache-airflow[cncf.kubernetes]
[2024-12-12T15:32:13.697+0000] {processor.py:838} WARNING - No viable dags retrieved from /home/vscode/.local/lib/python3.10/site-packages/airflow/example_dags/example_local_kubernetes_executor.py
[2024-12-12T15:32:13.704+0000] {processor.py:179} INFO - Processing /home/vscode/.local/lib/python3.10/site-packages/airflow/example_dags/example_local_kubernetes_executor.py took 0.013 seconds
[2024-12-12T15:32:57.671+0000] {processor.py:157} INFO - Started process (PID=31982) to work on /home/vscode/.local/lib/python3.10/site-packages/airflow/example_dags/example_local_kubernetes_executor.py
[2024-12-12T15:32:57.672+0000] {processor.py:826} INFO - Processing file /home/vscode/.local/lib/python3.10/site-packages/airflow/example_dags/example_local_kubernetes_executor.py for tasks to queue
[2024-12-12T15:32:57.673+0000] {logging_mixin.py:150} INFO - [2024-12-12T15:32:57.672+0000] {dagbag.py:541} INFO - Filling up the DagBag from /home/vscode/.local/lib/python3.10/site-packages/airflow/example_dags/example_local_kubernetes_executor.py
[2024-12-12T15:32:57.675+0000] {logging_mixin.py:150} INFO - [2024-12-12T15:32:57.675+0000] {example_local_kubernetes_executor.py:39} WARNING - Could not import DAGs in example_local_kubernetes_executor.py
Traceback (most recent call last):
  File "/home/vscode/.local/lib/python3.10/site-packages/airflow/example_dags/example_local_kubernetes_executor.py", line 37, in <module>
    from kubernetes.client import models as k8s
ModuleNotFoundError: No module named 'kubernetes'
[2024-12-12T15:32:57.675+0000] {logging_mixin.py:150} INFO - [2024-12-12T15:32:57.675+0000] {example_local_kubernetes_executor.py:40} WARNING - Install Kubernetes dependencies with: pip install apache-airflow[cncf.kubernetes]
[2024-12-12T15:32:57.675+0000] {processor.py:838} WARNING - No viable dags retrieved from /home/vscode/.local/lib/python3.10/site-packages/airflow/example_dags/example_local_kubernetes_executor.py
[2024-12-12T15:32:57.682+0000] {processor.py:179} INFO - Processing /home/vscode/.local/lib/python3.10/site-packages/airflow/example_dags/example_local_kubernetes_executor.py took 0.013 seconds
[2024-12-12T15:33:42.615+0000] {processor.py:157} INFO - Started process (PID=32317) to work on /home/vscode/.local/lib/python3.10/site-packages/airflow/example_dags/example_local_kubernetes_executor.py
[2024-12-12T15:33:42.615+0000] {processor.py:826} INFO - Processing file /home/vscode/.local/lib/python3.10/site-packages/airflow/example_dags/example_local_kubernetes_executor.py for tasks to queue
[2024-12-12T15:33:42.616+0000] {logging_mixin.py:150} INFO - [2024-12-12T15:33:42.616+0000] {dagbag.py:541} INFO - Filling up the DagBag from /home/vscode/.local/lib/python3.10/site-packages/airflow/example_dags/example_local_kubernetes_executor.py
[2024-12-12T15:33:42.618+0000] {logging_mixin.py:150} INFO - [2024-12-12T15:33:42.618+0000] {example_local_kubernetes_executor.py:39} WARNING - Could not import DAGs in example_local_kubernetes_executor.py
Traceback (most recent call last):
  File "/home/vscode/.local/lib/python3.10/site-packages/airflow/example_dags/example_local_kubernetes_executor.py", line 37, in <module>
    from kubernetes.client import models as k8s
ModuleNotFoundError: No module named 'kubernetes'
[2024-12-12T15:33:42.618+0000] {logging_mixin.py:150} INFO - [2024-12-12T15:33:42.618+0000] {example_local_kubernetes_executor.py:40} WARNING - Install Kubernetes dependencies with: pip install apache-airflow[cncf.kubernetes]
[2024-12-12T15:33:42.619+0000] {processor.py:838} WARNING - No viable dags retrieved from /home/vscode/.local/lib/python3.10/site-packages/airflow/example_dags/example_local_kubernetes_executor.py
[2024-12-12T15:33:42.625+0000] {processor.py:179} INFO - Processing /home/vscode/.local/lib/python3.10/site-packages/airflow/example_dags/example_local_kubernetes_executor.py took 0.013 seconds
[2024-12-12T15:34:24.948+0000] {processor.py:157} INFO - Started process (PID=32601) to work on /home/vscode/.local/lib/python3.10/site-packages/airflow/example_dags/example_local_kubernetes_executor.py
[2024-12-12T15:34:24.949+0000] {processor.py:826} INFO - Processing file /home/vscode/.local/lib/python3.10/site-packages/airflow/example_dags/example_local_kubernetes_executor.py for tasks to queue
[2024-12-12T15:34:24.949+0000] {logging_mixin.py:150} INFO - [2024-12-12T15:34:24.949+0000] {dagbag.py:541} INFO - Filling up the DagBag from /home/vscode/.local/lib/python3.10/site-packages/airflow/example_dags/example_local_kubernetes_executor.py
[2024-12-12T15:34:24.952+0000] {logging_mixin.py:150} INFO - [2024-12-12T15:34:24.951+0000] {example_local_kubernetes_executor.py:39} WARNING - Could not import DAGs in example_local_kubernetes_executor.py
Traceback (most recent call last):
  File "/home/vscode/.local/lib/python3.10/site-packages/airflow/example_dags/example_local_kubernetes_executor.py", line 37, in <module>
    from kubernetes.client import models as k8s
ModuleNotFoundError: No module named 'kubernetes'
[2024-12-12T15:34:24.952+0000] {logging_mixin.py:150} INFO - [2024-12-12T15:34:24.952+0000] {example_local_kubernetes_executor.py:40} WARNING - Install Kubernetes dependencies with: pip install apache-airflow[cncf.kubernetes]
[2024-12-12T15:34:24.952+0000] {processor.py:838} WARNING - No viable dags retrieved from /home/vscode/.local/lib/python3.10/site-packages/airflow/example_dags/example_local_kubernetes_executor.py
[2024-12-12T15:34:24.959+0000] {processor.py:179} INFO - Processing /home/vscode/.local/lib/python3.10/site-packages/airflow/example_dags/example_local_kubernetes_executor.py took 0.013 seconds
[2024-12-12T15:35:05.845+0000] {processor.py:157} INFO - Started process (PID=32885) to work on /home/vscode/.local/lib/python3.10/site-packages/airflow/example_dags/example_local_kubernetes_executor.py
[2024-12-12T15:35:05.846+0000] {processor.py:826} INFO - Processing file /home/vscode/.local/lib/python3.10/site-packages/airflow/example_dags/example_local_kubernetes_executor.py for tasks to queue
[2024-12-12T15:35:05.847+0000] {logging_mixin.py:150} INFO - [2024-12-12T15:35:05.846+0000] {dagbag.py:541} INFO - Filling up the DagBag from /home/vscode/.local/lib/python3.10/site-packages/airflow/example_dags/example_local_kubernetes_executor.py
[2024-12-12T15:35:05.849+0000] {logging_mixin.py:150} INFO - [2024-12-12T15:35:05.849+0000] {example_local_kubernetes_executor.py:39} WARNING - Could not import DAGs in example_local_kubernetes_executor.py
Traceback (most recent call last):
  File "/home/vscode/.local/lib/python3.10/site-packages/airflow/example_dags/example_local_kubernetes_executor.py", line 37, in <module>
    from kubernetes.client import models as k8s
ModuleNotFoundError: No module named 'kubernetes'
[2024-12-12T15:35:05.849+0000] {logging_mixin.py:150} INFO - [2024-12-12T15:35:05.849+0000] {example_local_kubernetes_executor.py:40} WARNING - Install Kubernetes dependencies with: pip install apache-airflow[cncf.kubernetes]
[2024-12-12T15:35:05.850+0000] {processor.py:838} WARNING - No viable dags retrieved from /home/vscode/.local/lib/python3.10/site-packages/airflow/example_dags/example_local_kubernetes_executor.py
[2024-12-12T15:35:05.856+0000] {processor.py:179} INFO - Processing /home/vscode/.local/lib/python3.10/site-packages/airflow/example_dags/example_local_kubernetes_executor.py took 0.013 seconds
[2024-12-12T15:35:50.054+0000] {processor.py:157} INFO - Started process (PID=33220) to work on /home/vscode/.local/lib/python3.10/site-packages/airflow/example_dags/example_local_kubernetes_executor.py
[2024-12-12T15:35:50.054+0000] {processor.py:826} INFO - Processing file /home/vscode/.local/lib/python3.10/site-packages/airflow/example_dags/example_local_kubernetes_executor.py for tasks to queue
[2024-12-12T15:35:50.055+0000] {logging_mixin.py:150} INFO - [2024-12-12T15:35:50.055+0000] {dagbag.py:541} INFO - Filling up the DagBag from /home/vscode/.local/lib/python3.10/site-packages/airflow/example_dags/example_local_kubernetes_executor.py
[2024-12-12T15:35:50.057+0000] {logging_mixin.py:150} INFO - [2024-12-12T15:35:50.057+0000] {example_local_kubernetes_executor.py:39} WARNING - Could not import DAGs in example_local_kubernetes_executor.py
Traceback (most recent call last):
  File "/home/vscode/.local/lib/python3.10/site-packages/airflow/example_dags/example_local_kubernetes_executor.py", line 37, in <module>
    from kubernetes.client import models as k8s
ModuleNotFoundError: No module named 'kubernetes'
[2024-12-12T15:35:50.057+0000] {logging_mixin.py:150} INFO - [2024-12-12T15:35:50.057+0000] {example_local_kubernetes_executor.py:40} WARNING - Install Kubernetes dependencies with: pip install apache-airflow[cncf.kubernetes]
[2024-12-12T15:35:50.057+0000] {processor.py:838} WARNING - No viable dags retrieved from /home/vscode/.local/lib/python3.10/site-packages/airflow/example_dags/example_local_kubernetes_executor.py
[2024-12-12T15:35:50.064+0000] {processor.py:179} INFO - Processing /home/vscode/.local/lib/python3.10/site-packages/airflow/example_dags/example_local_kubernetes_executor.py took 0.014 seconds
[2024-12-12T15:36:33.297+0000] {processor.py:157} INFO - Started process (PID=33758) to work on /home/vscode/.local/lib/python3.10/site-packages/airflow/example_dags/example_local_kubernetes_executor.py
[2024-12-12T15:36:33.297+0000] {processor.py:826} INFO - Processing file /home/vscode/.local/lib/python3.10/site-packages/airflow/example_dags/example_local_kubernetes_executor.py for tasks to queue
[2024-12-12T15:36:33.298+0000] {logging_mixin.py:150} INFO - [2024-12-12T15:36:33.298+0000] {dagbag.py:541} INFO - Filling up the DagBag from /home/vscode/.local/lib/python3.10/site-packages/airflow/example_dags/example_local_kubernetes_executor.py
[2024-12-12T15:36:33.300+0000] {logging_mixin.py:150} INFO - [2024-12-12T15:36:33.300+0000] {example_local_kubernetes_executor.py:39} WARNING - Could not import DAGs in example_local_kubernetes_executor.py
Traceback (most recent call last):
  File "/home/vscode/.local/lib/python3.10/site-packages/airflow/example_dags/example_local_kubernetes_executor.py", line 37, in <module>
    from kubernetes.client import models as k8s
ModuleNotFoundError: No module named 'kubernetes'
[2024-12-12T15:36:33.301+0000] {logging_mixin.py:150} INFO - [2024-12-12T15:36:33.301+0000] {example_local_kubernetes_executor.py:40} WARNING - Install Kubernetes dependencies with: pip install apache-airflow[cncf.kubernetes]
[2024-12-12T15:36:33.301+0000] {processor.py:838} WARNING - No viable dags retrieved from /home/vscode/.local/lib/python3.10/site-packages/airflow/example_dags/example_local_kubernetes_executor.py
[2024-12-12T15:36:33.308+0000] {processor.py:179} INFO - Processing /home/vscode/.local/lib/python3.10/site-packages/airflow/example_dags/example_local_kubernetes_executor.py took 0.013 seconds
[2024-12-12T15:37:17.783+0000] {processor.py:157} INFO - Started process (PID=34130) to work on /home/vscode/.local/lib/python3.10/site-packages/airflow/example_dags/example_local_kubernetes_executor.py
[2024-12-12T15:37:17.783+0000] {processor.py:826} INFO - Processing file /home/vscode/.local/lib/python3.10/site-packages/airflow/example_dags/example_local_kubernetes_executor.py for tasks to queue
[2024-12-12T15:37:17.784+0000] {logging_mixin.py:150} INFO - [2024-12-12T15:37:17.783+0000] {dagbag.py:541} INFO - Filling up the DagBag from /home/vscode/.local/lib/python3.10/site-packages/airflow/example_dags/example_local_kubernetes_executor.py
[2024-12-12T15:37:17.786+0000] {logging_mixin.py:150} INFO - [2024-12-12T15:37:17.786+0000] {example_local_kubernetes_executor.py:39} WARNING - Could not import DAGs in example_local_kubernetes_executor.py
Traceback (most recent call last):
  File "/home/vscode/.local/lib/python3.10/site-packages/airflow/example_dags/example_local_kubernetes_executor.py", line 37, in <module>
    from kubernetes.client import models as k8s
ModuleNotFoundError: No module named 'kubernetes'
[2024-12-12T15:37:17.786+0000] {logging_mixin.py:150} INFO - [2024-12-12T15:37:17.786+0000] {example_local_kubernetes_executor.py:40} WARNING - Install Kubernetes dependencies with: pip install apache-airflow[cncf.kubernetes]
[2024-12-12T15:37:17.786+0000] {processor.py:838} WARNING - No viable dags retrieved from /home/vscode/.local/lib/python3.10/site-packages/airflow/example_dags/example_local_kubernetes_executor.py
[2024-12-12T15:37:17.793+0000] {processor.py:179} INFO - Processing /home/vscode/.local/lib/python3.10/site-packages/airflow/example_dags/example_local_kubernetes_executor.py took 0.013 seconds
[2024-12-12T15:38:04.323+0000] {processor.py:157} INFO - Started process (PID=34471) to work on /home/vscode/.local/lib/python3.10/site-packages/airflow/example_dags/example_local_kubernetes_executor.py
[2024-12-12T15:38:04.323+0000] {processor.py:826} INFO - Processing file /home/vscode/.local/lib/python3.10/site-packages/airflow/example_dags/example_local_kubernetes_executor.py for tasks to queue
[2024-12-12T15:38:04.324+0000] {logging_mixin.py:150} INFO - [2024-12-12T15:38:04.324+0000] {dagbag.py:541} INFO - Filling up the DagBag from /home/vscode/.local/lib/python3.10/site-packages/airflow/example_dags/example_local_kubernetes_executor.py
[2024-12-12T15:38:04.326+0000] {logging_mixin.py:150} INFO - [2024-12-12T15:38:04.326+0000] {example_local_kubernetes_executor.py:39} WARNING - Could not import DAGs in example_local_kubernetes_executor.py
Traceback (most recent call last):
  File "/home/vscode/.local/lib/python3.10/site-packages/airflow/example_dags/example_local_kubernetes_executor.py", line 37, in <module>
    from kubernetes.client import models as k8s
ModuleNotFoundError: No module named 'kubernetes'
[2024-12-12T15:38:04.326+0000] {logging_mixin.py:150} INFO - [2024-12-12T15:38:04.326+0000] {example_local_kubernetes_executor.py:40} WARNING - Install Kubernetes dependencies with: pip install apache-airflow[cncf.kubernetes]
[2024-12-12T15:38:04.327+0000] {processor.py:838} WARNING - No viable dags retrieved from /home/vscode/.local/lib/python3.10/site-packages/airflow/example_dags/example_local_kubernetes_executor.py
[2024-12-12T15:38:04.333+0000] {processor.py:179} INFO - Processing /home/vscode/.local/lib/python3.10/site-packages/airflow/example_dags/example_local_kubernetes_executor.py took 0.013 seconds
[2024-12-12T15:38:47.014+0000] {processor.py:157} INFO - Started process (PID=34912) to work on /home/vscode/.local/lib/python3.10/site-packages/airflow/example_dags/example_local_kubernetes_executor.py
[2024-12-12T15:38:47.015+0000] {processor.py:826} INFO - Processing file /home/vscode/.local/lib/python3.10/site-packages/airflow/example_dags/example_local_kubernetes_executor.py for tasks to queue
[2024-12-12T15:38:47.016+0000] {logging_mixin.py:150} INFO - [2024-12-12T15:38:47.015+0000] {dagbag.py:541} INFO - Filling up the DagBag from /home/vscode/.local/lib/python3.10/site-packages/airflow/example_dags/example_local_kubernetes_executor.py
[2024-12-12T15:38:47.018+0000] {logging_mixin.py:150} INFO - [2024-12-12T15:38:47.017+0000] {example_local_kubernetes_executor.py:39} WARNING - Could not import DAGs in example_local_kubernetes_executor.py
Traceback (most recent call last):
  File "/home/vscode/.local/lib/python3.10/site-packages/airflow/example_dags/example_local_kubernetes_executor.py", line 37, in <module>
    from kubernetes.client import models as k8s
ModuleNotFoundError: No module named 'kubernetes'
[2024-12-12T15:38:47.018+0000] {logging_mixin.py:150} INFO - [2024-12-12T15:38:47.018+0000] {example_local_kubernetes_executor.py:40} WARNING - Install Kubernetes dependencies with: pip install apache-airflow[cncf.kubernetes]
[2024-12-12T15:38:47.018+0000] {processor.py:838} WARNING - No viable dags retrieved from /home/vscode/.local/lib/python3.10/site-packages/airflow/example_dags/example_local_kubernetes_executor.py
[2024-12-12T15:38:47.028+0000] {processor.py:179} INFO - Processing /home/vscode/.local/lib/python3.10/site-packages/airflow/example_dags/example_local_kubernetes_executor.py took 0.016 seconds
[2024-12-12T15:39:06.579+0000] {processor.py:157} INFO - Started process (PID=35207) to work on /home/vscode/.local/lib/python3.10/site-packages/airflow/example_dags/example_local_kubernetes_executor.py
[2024-12-12T15:39:06.579+0000] {processor.py:826} INFO - Processing file /home/vscode/.local/lib/python3.10/site-packages/airflow/example_dags/example_local_kubernetes_executor.py for tasks to queue
[2024-12-12T15:39:06.580+0000] {logging_mixin.py:150} INFO - [2024-12-12T15:39:06.580+0000] {dagbag.py:541} INFO - Filling up the DagBag from /home/vscode/.local/lib/python3.10/site-packages/airflow/example_dags/example_local_kubernetes_executor.py
[2024-12-12T15:39:06.582+0000] {logging_mixin.py:150} INFO - [2024-12-12T15:39:06.582+0000] {example_local_kubernetes_executor.py:39} WARNING - Could not import DAGs in example_local_kubernetes_executor.py
Traceback (most recent call last):
  File "/home/vscode/.local/lib/python3.10/site-packages/airflow/example_dags/example_local_kubernetes_executor.py", line 37, in <module>
    from kubernetes.client import models as k8s
ModuleNotFoundError: No module named 'kubernetes'
[2024-12-12T15:39:06.582+0000] {logging_mixin.py:150} INFO - [2024-12-12T15:39:06.582+0000] {example_local_kubernetes_executor.py:40} WARNING - Install Kubernetes dependencies with: pip install apache-airflow[cncf.kubernetes]
[2024-12-12T15:39:06.583+0000] {processor.py:838} WARNING - No viable dags retrieved from /home/vscode/.local/lib/python3.10/site-packages/airflow/example_dags/example_local_kubernetes_executor.py
[2024-12-12T15:39:06.589+0000] {processor.py:179} INFO - Processing /home/vscode/.local/lib/python3.10/site-packages/airflow/example_dags/example_local_kubernetes_executor.py took 0.013 seconds
[2024-12-12T15:39:51.594+0000] {processor.py:157} INFO - Started process (PID=35576) to work on /home/vscode/.local/lib/python3.10/site-packages/airflow/example_dags/example_local_kubernetes_executor.py
[2024-12-12T15:39:51.594+0000] {processor.py:826} INFO - Processing file /home/vscode/.local/lib/python3.10/site-packages/airflow/example_dags/example_local_kubernetes_executor.py for tasks to queue
[2024-12-12T15:39:51.595+0000] {logging_mixin.py:150} INFO - [2024-12-12T15:39:51.595+0000] {dagbag.py:541} INFO - Filling up the DagBag from /home/vscode/.local/lib/python3.10/site-packages/airflow/example_dags/example_local_kubernetes_executor.py
[2024-12-12T15:39:51.597+0000] {logging_mixin.py:150} INFO - [2024-12-12T15:39:51.597+0000] {example_local_kubernetes_executor.py:39} WARNING - Could not import DAGs in example_local_kubernetes_executor.py
Traceback (most recent call last):
  File "/home/vscode/.local/lib/python3.10/site-packages/airflow/example_dags/example_local_kubernetes_executor.py", line 37, in <module>
    from kubernetes.client import models as k8s
ModuleNotFoundError: No module named 'kubernetes'
[2024-12-12T15:39:51.598+0000] {logging_mixin.py:150} INFO - [2024-12-12T15:39:51.598+0000] {example_local_kubernetes_executor.py:40} WARNING - Install Kubernetes dependencies with: pip install apache-airflow[cncf.kubernetes]
[2024-12-12T15:39:51.598+0000] {processor.py:838} WARNING - No viable dags retrieved from /home/vscode/.local/lib/python3.10/site-packages/airflow/example_dags/example_local_kubernetes_executor.py
[2024-12-12T15:39:51.605+0000] {processor.py:179} INFO - Processing /home/vscode/.local/lib/python3.10/site-packages/airflow/example_dags/example_local_kubernetes_executor.py took 0.013 seconds
[2024-12-12T15:40:35.568+0000] {processor.py:157} INFO - Started process (PID=36032) to work on /home/vscode/.local/lib/python3.10/site-packages/airflow/example_dags/example_local_kubernetes_executor.py
[2024-12-12T15:40:35.568+0000] {processor.py:826} INFO - Processing file /home/vscode/.local/lib/python3.10/site-packages/airflow/example_dags/example_local_kubernetes_executor.py for tasks to queue
[2024-12-12T15:40:35.569+0000] {logging_mixin.py:150} INFO - [2024-12-12T15:40:35.569+0000] {dagbag.py:541} INFO - Filling up the DagBag from /home/vscode/.local/lib/python3.10/site-packages/airflow/example_dags/example_local_kubernetes_executor.py
[2024-12-12T15:40:35.571+0000] {logging_mixin.py:150} INFO - [2024-12-12T15:40:35.571+0000] {example_local_kubernetes_executor.py:39} WARNING - Could not import DAGs in example_local_kubernetes_executor.py
Traceback (most recent call last):
  File "/home/vscode/.local/lib/python3.10/site-packages/airflow/example_dags/example_local_kubernetes_executor.py", line 37, in <module>
    from kubernetes.client import models as k8s
ModuleNotFoundError: No module named 'kubernetes'
[2024-12-12T15:40:35.572+0000] {logging_mixin.py:150} INFO - [2024-12-12T15:40:35.572+0000] {example_local_kubernetes_executor.py:40} WARNING - Install Kubernetes dependencies with: pip install apache-airflow[cncf.kubernetes]
[2024-12-12T15:40:35.572+0000] {processor.py:838} WARNING - No viable dags retrieved from /home/vscode/.local/lib/python3.10/site-packages/airflow/example_dags/example_local_kubernetes_executor.py
[2024-12-12T15:40:35.578+0000] {processor.py:179} INFO - Processing /home/vscode/.local/lib/python3.10/site-packages/airflow/example_dags/example_local_kubernetes_executor.py took 0.013 seconds
[2024-12-12T15:41:20.181+0000] {processor.py:157} INFO - Started process (PID=36420) to work on /home/vscode/.local/lib/python3.10/site-packages/airflow/example_dags/example_local_kubernetes_executor.py
[2024-12-12T15:41:20.182+0000] {processor.py:826} INFO - Processing file /home/vscode/.local/lib/python3.10/site-packages/airflow/example_dags/example_local_kubernetes_executor.py for tasks to queue
[2024-12-12T15:41:20.183+0000] {logging_mixin.py:150} INFO - [2024-12-12T15:41:20.182+0000] {dagbag.py:541} INFO - Filling up the DagBag from /home/vscode/.local/lib/python3.10/site-packages/airflow/example_dags/example_local_kubernetes_executor.py
[2024-12-12T15:41:20.187+0000] {logging_mixin.py:150} INFO - [2024-12-12T15:41:20.186+0000] {example_local_kubernetes_executor.py:39} WARNING - Could not import DAGs in example_local_kubernetes_executor.py
Traceback (most recent call last):
  File "/home/vscode/.local/lib/python3.10/site-packages/airflow/example_dags/example_local_kubernetes_executor.py", line 37, in <module>
    from kubernetes.client import models as k8s
ModuleNotFoundError: No module named 'kubernetes'
[2024-12-12T15:41:20.187+0000] {logging_mixin.py:150} INFO - [2024-12-12T15:41:20.187+0000] {example_local_kubernetes_executor.py:40} WARNING - Install Kubernetes dependencies with: pip install apache-airflow[cncf.kubernetes]
[2024-12-12T15:41:20.187+0000] {processor.py:838} WARNING - No viable dags retrieved from /home/vscode/.local/lib/python3.10/site-packages/airflow/example_dags/example_local_kubernetes_executor.py
[2024-12-12T15:41:20.196+0000] {processor.py:179} INFO - Processing /home/vscode/.local/lib/python3.10/site-packages/airflow/example_dags/example_local_kubernetes_executor.py took 0.018 seconds
[2024-12-12T15:42:02.959+0000] {processor.py:157} INFO - Started process (PID=36757) to work on /home/vscode/.local/lib/python3.10/site-packages/airflow/example_dags/example_local_kubernetes_executor.py
[2024-12-12T15:42:02.959+0000] {processor.py:826} INFO - Processing file /home/vscode/.local/lib/python3.10/site-packages/airflow/example_dags/example_local_kubernetes_executor.py for tasks to queue
[2024-12-12T15:42:02.960+0000] {logging_mixin.py:150} INFO - [2024-12-12T15:42:02.960+0000] {dagbag.py:541} INFO - Filling up the DagBag from /home/vscode/.local/lib/python3.10/site-packages/airflow/example_dags/example_local_kubernetes_executor.py
[2024-12-12T15:42:02.963+0000] {logging_mixin.py:150} INFO - [2024-12-12T15:42:02.963+0000] {example_local_kubernetes_executor.py:39} WARNING - Could not import DAGs in example_local_kubernetes_executor.py
Traceback (most recent call last):
  File "/home/vscode/.local/lib/python3.10/site-packages/airflow/example_dags/example_local_kubernetes_executor.py", line 37, in <module>
    from kubernetes.client import models as k8s
ModuleNotFoundError: No module named 'kubernetes'
[2024-12-12T15:42:02.963+0000] {logging_mixin.py:150} INFO - [2024-12-12T15:42:02.963+0000] {example_local_kubernetes_executor.py:40} WARNING - Install Kubernetes dependencies with: pip install apache-airflow[cncf.kubernetes]
[2024-12-12T15:42:02.963+0000] {processor.py:838} WARNING - No viable dags retrieved from /home/vscode/.local/lib/python3.10/site-packages/airflow/example_dags/example_local_kubernetes_executor.py
[2024-12-12T15:42:02.970+0000] {processor.py:179} INFO - Processing /home/vscode/.local/lib/python3.10/site-packages/airflow/example_dags/example_local_kubernetes_executor.py took 0.013 seconds
[2024-12-12T15:42:51.433+0000] {processor.py:157} INFO - Started process (PID=37194) to work on /home/vscode/.local/lib/python3.10/site-packages/airflow/example_dags/example_local_kubernetes_executor.py
[2024-12-12T15:42:51.433+0000] {processor.py:826} INFO - Processing file /home/vscode/.local/lib/python3.10/site-packages/airflow/example_dags/example_local_kubernetes_executor.py for tasks to queue
[2024-12-12T15:42:51.434+0000] {logging_mixin.py:150} INFO - [2024-12-12T15:42:51.433+0000] {dagbag.py:541} INFO - Filling up the DagBag from /home/vscode/.local/lib/python3.10/site-packages/airflow/example_dags/example_local_kubernetes_executor.py
[2024-12-12T15:42:51.436+0000] {logging_mixin.py:150} INFO - [2024-12-12T15:42:51.436+0000] {example_local_kubernetes_executor.py:39} WARNING - Could not import DAGs in example_local_kubernetes_executor.py
Traceback (most recent call last):
  File "/home/vscode/.local/lib/python3.10/site-packages/airflow/example_dags/example_local_kubernetes_executor.py", line 37, in <module>
    from kubernetes.client import models as k8s
ModuleNotFoundError: No module named 'kubernetes'
[2024-12-12T15:42:51.436+0000] {logging_mixin.py:150} INFO - [2024-12-12T15:42:51.436+0000] {example_local_kubernetes_executor.py:40} WARNING - Install Kubernetes dependencies with: pip install apache-airflow[cncf.kubernetes]
[2024-12-12T15:42:51.436+0000] {processor.py:838} WARNING - No viable dags retrieved from /home/vscode/.local/lib/python3.10/site-packages/airflow/example_dags/example_local_kubernetes_executor.py
[2024-12-12T15:42:51.443+0000] {processor.py:179} INFO - Processing /home/vscode/.local/lib/python3.10/site-packages/airflow/example_dags/example_local_kubernetes_executor.py took 0.013 seconds
[2024-12-12T15:43:34.973+0000] {processor.py:157} INFO - Started process (PID=37531) to work on /home/vscode/.local/lib/python3.10/site-packages/airflow/example_dags/example_local_kubernetes_executor.py
[2024-12-12T15:43:34.973+0000] {processor.py:826} INFO - Processing file /home/vscode/.local/lib/python3.10/site-packages/airflow/example_dags/example_local_kubernetes_executor.py for tasks to queue
[2024-12-12T15:43:34.974+0000] {logging_mixin.py:150} INFO - [2024-12-12T15:43:34.973+0000] {dagbag.py:541} INFO - Filling up the DagBag from /home/vscode/.local/lib/python3.10/site-packages/airflow/example_dags/example_local_kubernetes_executor.py
[2024-12-12T15:43:34.976+0000] {logging_mixin.py:150} INFO - [2024-12-12T15:43:34.976+0000] {example_local_kubernetes_executor.py:39} WARNING - Could not import DAGs in example_local_kubernetes_executor.py
Traceback (most recent call last):
  File "/home/vscode/.local/lib/python3.10/site-packages/airflow/example_dags/example_local_kubernetes_executor.py", line 37, in <module>
    from kubernetes.client import models as k8s
ModuleNotFoundError: No module named 'kubernetes'
[2024-12-12T15:43:34.976+0000] {logging_mixin.py:150} INFO - [2024-12-12T15:43:34.976+0000] {example_local_kubernetes_executor.py:40} WARNING - Install Kubernetes dependencies with: pip install apache-airflow[cncf.kubernetes]
[2024-12-12T15:43:34.976+0000] {processor.py:838} WARNING - No viable dags retrieved from /home/vscode/.local/lib/python3.10/site-packages/airflow/example_dags/example_local_kubernetes_executor.py
[2024-12-12T15:43:34.983+0000] {processor.py:179} INFO - Processing /home/vscode/.local/lib/python3.10/site-packages/airflow/example_dags/example_local_kubernetes_executor.py took 0.013 seconds
[2024-12-12T15:44:16.643+0000] {processor.py:157} INFO - Started process (PID=37876) to work on /home/vscode/.local/lib/python3.10/site-packages/airflow/example_dags/example_local_kubernetes_executor.py
[2024-12-12T15:44:16.643+0000] {processor.py:826} INFO - Processing file /home/vscode/.local/lib/python3.10/site-packages/airflow/example_dags/example_local_kubernetes_executor.py for tasks to queue
[2024-12-12T15:44:16.644+0000] {logging_mixin.py:150} INFO - [2024-12-12T15:44:16.644+0000] {dagbag.py:541} INFO - Filling up the DagBag from /home/vscode/.local/lib/python3.10/site-packages/airflow/example_dags/example_local_kubernetes_executor.py
[2024-12-12T15:44:16.646+0000] {logging_mixin.py:150} INFO - [2024-12-12T15:44:16.646+0000] {example_local_kubernetes_executor.py:39} WARNING - Could not import DAGs in example_local_kubernetes_executor.py
Traceback (most recent call last):
  File "/home/vscode/.local/lib/python3.10/site-packages/airflow/example_dags/example_local_kubernetes_executor.py", line 37, in <module>
    from kubernetes.client import models as k8s
ModuleNotFoundError: No module named 'kubernetes'
[2024-12-12T15:44:16.646+0000] {logging_mixin.py:150} INFO - [2024-12-12T15:44:16.646+0000] {example_local_kubernetes_executor.py:40} WARNING - Install Kubernetes dependencies with: pip install apache-airflow[cncf.kubernetes]
[2024-12-12T15:44:16.647+0000] {processor.py:838} WARNING - No viable dags retrieved from /home/vscode/.local/lib/python3.10/site-packages/airflow/example_dags/example_local_kubernetes_executor.py
[2024-12-12T15:44:16.653+0000] {processor.py:179} INFO - Processing /home/vscode/.local/lib/python3.10/site-packages/airflow/example_dags/example_local_kubernetes_executor.py took 0.013 seconds
[2024-12-12T15:45:01.657+0000] {processor.py:157} INFO - Started process (PID=38231) to work on /home/vscode/.local/lib/python3.10/site-packages/airflow/example_dags/example_local_kubernetes_executor.py
[2024-12-12T15:45:01.657+0000] {processor.py:826} INFO - Processing file /home/vscode/.local/lib/python3.10/site-packages/airflow/example_dags/example_local_kubernetes_executor.py for tasks to queue
[2024-12-12T15:45:01.658+0000] {logging_mixin.py:150} INFO - [2024-12-12T15:45:01.658+0000] {dagbag.py:541} INFO - Filling up the DagBag from /home/vscode/.local/lib/python3.10/site-packages/airflow/example_dags/example_local_kubernetes_executor.py
[2024-12-12T15:45:01.660+0000] {logging_mixin.py:150} INFO - [2024-12-12T15:45:01.660+0000] {example_local_kubernetes_executor.py:39} WARNING - Could not import DAGs in example_local_kubernetes_executor.py
Traceback (most recent call last):
  File "/home/vscode/.local/lib/python3.10/site-packages/airflow/example_dags/example_local_kubernetes_executor.py", line 37, in <module>
    from kubernetes.client import models as k8s
ModuleNotFoundError: No module named 'kubernetes'
[2024-12-12T15:45:01.660+0000] {logging_mixin.py:150} INFO - [2024-12-12T15:45:01.660+0000] {example_local_kubernetes_executor.py:40} WARNING - Install Kubernetes dependencies with: pip install apache-airflow[cncf.kubernetes]
[2024-12-12T15:45:01.660+0000] {processor.py:838} WARNING - No viable dags retrieved from /home/vscode/.local/lib/python3.10/site-packages/airflow/example_dags/example_local_kubernetes_executor.py
[2024-12-12T15:45:01.668+0000] {processor.py:179} INFO - Processing /home/vscode/.local/lib/python3.10/site-packages/airflow/example_dags/example_local_kubernetes_executor.py took 0.013 seconds
[2024-12-12T15:45:44.611+0000] {processor.py:157} INFO - Started process (PID=38577) to work on /home/vscode/.local/lib/python3.10/site-packages/airflow/example_dags/example_local_kubernetes_executor.py
[2024-12-12T15:45:44.612+0000] {processor.py:826} INFO - Processing file /home/vscode/.local/lib/python3.10/site-packages/airflow/example_dags/example_local_kubernetes_executor.py for tasks to queue
[2024-12-12T15:45:44.613+0000] {logging_mixin.py:150} INFO - [2024-12-12T15:45:44.612+0000] {dagbag.py:541} INFO - Filling up the DagBag from /home/vscode/.local/lib/python3.10/site-packages/airflow/example_dags/example_local_kubernetes_executor.py
[2024-12-12T15:45:44.615+0000] {logging_mixin.py:150} INFO - [2024-12-12T15:45:44.615+0000] {example_local_kubernetes_executor.py:39} WARNING - Could not import DAGs in example_local_kubernetes_executor.py
Traceback (most recent call last):
  File "/home/vscode/.local/lib/python3.10/site-packages/airflow/example_dags/example_local_kubernetes_executor.py", line 37, in <module>
    from kubernetes.client import models as k8s
ModuleNotFoundError: No module named 'kubernetes'
[2024-12-12T15:45:44.615+0000] {logging_mixin.py:150} INFO - [2024-12-12T15:45:44.615+0000] {example_local_kubernetes_executor.py:40} WARNING - Install Kubernetes dependencies with: pip install apache-airflow[cncf.kubernetes]
[2024-12-12T15:45:44.615+0000] {processor.py:838} WARNING - No viable dags retrieved from /home/vscode/.local/lib/python3.10/site-packages/airflow/example_dags/example_local_kubernetes_executor.py
[2024-12-12T15:45:44.622+0000] {processor.py:179} INFO - Processing /home/vscode/.local/lib/python3.10/site-packages/airflow/example_dags/example_local_kubernetes_executor.py took 0.013 seconds
[2024-12-12T15:46:31.110+0000] {processor.py:157} INFO - Started process (PID=38934) to work on /home/vscode/.local/lib/python3.10/site-packages/airflow/example_dags/example_local_kubernetes_executor.py
[2024-12-12T15:46:31.111+0000] {processor.py:826} INFO - Processing file /home/vscode/.local/lib/python3.10/site-packages/airflow/example_dags/example_local_kubernetes_executor.py for tasks to queue
[2024-12-12T15:46:31.111+0000] {logging_mixin.py:150} INFO - [2024-12-12T15:46:31.111+0000] {dagbag.py:541} INFO - Filling up the DagBag from /home/vscode/.local/lib/python3.10/site-packages/airflow/example_dags/example_local_kubernetes_executor.py
[2024-12-12T15:46:31.114+0000] {logging_mixin.py:150} INFO - [2024-12-12T15:46:31.113+0000] {example_local_kubernetes_executor.py:39} WARNING - Could not import DAGs in example_local_kubernetes_executor.py
Traceback (most recent call last):
  File "/home/vscode/.local/lib/python3.10/site-packages/airflow/example_dags/example_local_kubernetes_executor.py", line 37, in <module>
    from kubernetes.client import models as k8s
ModuleNotFoundError: No module named 'kubernetes'
[2024-12-12T15:46:31.114+0000] {logging_mixin.py:150} INFO - [2024-12-12T15:46:31.114+0000] {example_local_kubernetes_executor.py:40} WARNING - Install Kubernetes dependencies with: pip install apache-airflow[cncf.kubernetes]
[2024-12-12T15:46:31.114+0000] {processor.py:838} WARNING - No viable dags retrieved from /home/vscode/.local/lib/python3.10/site-packages/airflow/example_dags/example_local_kubernetes_executor.py
[2024-12-12T15:46:31.121+0000] {processor.py:179} INFO - Processing /home/vscode/.local/lib/python3.10/site-packages/airflow/example_dags/example_local_kubernetes_executor.py took 0.013 seconds
[2024-12-12T15:47:21.303+0000] {processor.py:157} INFO - Started process (PID=39332) to work on /home/vscode/.local/lib/python3.10/site-packages/airflow/example_dags/example_local_kubernetes_executor.py
[2024-12-12T15:47:21.304+0000] {processor.py:826} INFO - Processing file /home/vscode/.local/lib/python3.10/site-packages/airflow/example_dags/example_local_kubernetes_executor.py for tasks to queue
[2024-12-12T15:47:21.304+0000] {logging_mixin.py:150} INFO - [2024-12-12T15:47:21.304+0000] {dagbag.py:541} INFO - Filling up the DagBag from /home/vscode/.local/lib/python3.10/site-packages/airflow/example_dags/example_local_kubernetes_executor.py
[2024-12-12T15:47:21.307+0000] {logging_mixin.py:150} INFO - [2024-12-12T15:47:21.306+0000] {example_local_kubernetes_executor.py:39} WARNING - Could not import DAGs in example_local_kubernetes_executor.py
Traceback (most recent call last):
  File "/home/vscode/.local/lib/python3.10/site-packages/airflow/example_dags/example_local_kubernetes_executor.py", line 37, in <module>
    from kubernetes.client import models as k8s
ModuleNotFoundError: No module named 'kubernetes'
[2024-12-12T15:47:21.307+0000] {logging_mixin.py:150} INFO - [2024-12-12T15:47:21.307+0000] {example_local_kubernetes_executor.py:40} WARNING - Install Kubernetes dependencies with: pip install apache-airflow[cncf.kubernetes]
[2024-12-12T15:47:21.307+0000] {processor.py:838} WARNING - No viable dags retrieved from /home/vscode/.local/lib/python3.10/site-packages/airflow/example_dags/example_local_kubernetes_executor.py
[2024-12-12T15:47:21.314+0000] {processor.py:179} INFO - Processing /home/vscode/.local/lib/python3.10/site-packages/airflow/example_dags/example_local_kubernetes_executor.py took 0.013 seconds
[2024-12-12T15:48:05.797+0000] {processor.py:157} INFO - Started process (PID=39684) to work on /home/vscode/.local/lib/python3.10/site-packages/airflow/example_dags/example_local_kubernetes_executor.py
[2024-12-12T15:48:05.798+0000] {processor.py:826} INFO - Processing file /home/vscode/.local/lib/python3.10/site-packages/airflow/example_dags/example_local_kubernetes_executor.py for tasks to queue
[2024-12-12T15:48:05.798+0000] {logging_mixin.py:150} INFO - [2024-12-12T15:48:05.798+0000] {dagbag.py:541} INFO - Filling up the DagBag from /home/vscode/.local/lib/python3.10/site-packages/airflow/example_dags/example_local_kubernetes_executor.py
[2024-12-12T15:48:05.801+0000] {logging_mixin.py:150} INFO - [2024-12-12T15:48:05.800+0000] {example_local_kubernetes_executor.py:39} WARNING - Could not import DAGs in example_local_kubernetes_executor.py
Traceback (most recent call last):
  File "/home/vscode/.local/lib/python3.10/site-packages/airflow/example_dags/example_local_kubernetes_executor.py", line 37, in <module>
    from kubernetes.client import models as k8s
ModuleNotFoundError: No module named 'kubernetes'
[2024-12-12T15:48:05.801+0000] {logging_mixin.py:150} INFO - [2024-12-12T15:48:05.801+0000] {example_local_kubernetes_executor.py:40} WARNING - Install Kubernetes dependencies with: pip install apache-airflow[cncf.kubernetes]
[2024-12-12T15:48:05.801+0000] {processor.py:838} WARNING - No viable dags retrieved from /home/vscode/.local/lib/python3.10/site-packages/airflow/example_dags/example_local_kubernetes_executor.py
[2024-12-12T15:48:05.808+0000] {processor.py:179} INFO - Processing /home/vscode/.local/lib/python3.10/site-packages/airflow/example_dags/example_local_kubernetes_executor.py took 0.013 seconds
[2024-12-12T15:48:48.602+0000] {processor.py:157} INFO - Started process (PID=40038) to work on /home/vscode/.local/lib/python3.10/site-packages/airflow/example_dags/example_local_kubernetes_executor.py
[2024-12-12T15:48:48.602+0000] {processor.py:826} INFO - Processing file /home/vscode/.local/lib/python3.10/site-packages/airflow/example_dags/example_local_kubernetes_executor.py for tasks to queue
[2024-12-12T15:48:48.603+0000] {logging_mixin.py:150} INFO - [2024-12-12T15:48:48.603+0000] {dagbag.py:541} INFO - Filling up the DagBag from /home/vscode/.local/lib/python3.10/site-packages/airflow/example_dags/example_local_kubernetes_executor.py
[2024-12-12T15:48:48.605+0000] {logging_mixin.py:150} INFO - [2024-12-12T15:48:48.605+0000] {example_local_kubernetes_executor.py:39} WARNING - Could not import DAGs in example_local_kubernetes_executor.py
Traceback (most recent call last):
  File "/home/vscode/.local/lib/python3.10/site-packages/airflow/example_dags/example_local_kubernetes_executor.py", line 37, in <module>
    from kubernetes.client import models as k8s
ModuleNotFoundError: No module named 'kubernetes'
[2024-12-12T15:48:48.605+0000] {logging_mixin.py:150} INFO - [2024-12-12T15:48:48.605+0000] {example_local_kubernetes_executor.py:40} WARNING - Install Kubernetes dependencies with: pip install apache-airflow[cncf.kubernetes]
[2024-12-12T15:48:48.606+0000] {processor.py:838} WARNING - No viable dags retrieved from /home/vscode/.local/lib/python3.10/site-packages/airflow/example_dags/example_local_kubernetes_executor.py
[2024-12-12T15:48:48.612+0000] {processor.py:179} INFO - Processing /home/vscode/.local/lib/python3.10/site-packages/airflow/example_dags/example_local_kubernetes_executor.py took 0.013 seconds
[2024-12-12T15:49:31.417+0000] {processor.py:157} INFO - Started process (PID=40373) to work on /home/vscode/.local/lib/python3.10/site-packages/airflow/example_dags/example_local_kubernetes_executor.py
[2024-12-12T15:49:31.418+0000] {processor.py:826} INFO - Processing file /home/vscode/.local/lib/python3.10/site-packages/airflow/example_dags/example_local_kubernetes_executor.py for tasks to queue
[2024-12-12T15:49:31.418+0000] {logging_mixin.py:150} INFO - [2024-12-12T15:49:31.418+0000] {dagbag.py:541} INFO - Filling up the DagBag from /home/vscode/.local/lib/python3.10/site-packages/airflow/example_dags/example_local_kubernetes_executor.py
[2024-12-12T15:49:31.421+0000] {logging_mixin.py:150} INFO - [2024-12-12T15:49:31.420+0000] {example_local_kubernetes_executor.py:39} WARNING - Could not import DAGs in example_local_kubernetes_executor.py
Traceback (most recent call last):
  File "/home/vscode/.local/lib/python3.10/site-packages/airflow/example_dags/example_local_kubernetes_executor.py", line 37, in <module>
    from kubernetes.client import models as k8s
ModuleNotFoundError: No module named 'kubernetes'
[2024-12-12T15:49:31.421+0000] {logging_mixin.py:150} INFO - [2024-12-12T15:49:31.421+0000] {example_local_kubernetes_executor.py:40} WARNING - Install Kubernetes dependencies with: pip install apache-airflow[cncf.kubernetes]
[2024-12-12T15:49:31.421+0000] {processor.py:838} WARNING - No viable dags retrieved from /home/vscode/.local/lib/python3.10/site-packages/airflow/example_dags/example_local_kubernetes_executor.py
[2024-12-12T15:49:31.428+0000] {processor.py:179} INFO - Processing /home/vscode/.local/lib/python3.10/site-packages/airflow/example_dags/example_local_kubernetes_executor.py took 0.013 seconds
[2024-12-12T15:50:14.341+0000] {processor.py:157} INFO - Started process (PID=40707) to work on /home/vscode/.local/lib/python3.10/site-packages/airflow/example_dags/example_local_kubernetes_executor.py
[2024-12-12T15:50:14.341+0000] {processor.py:826} INFO - Processing file /home/vscode/.local/lib/python3.10/site-packages/airflow/example_dags/example_local_kubernetes_executor.py for tasks to queue
[2024-12-12T15:50:14.342+0000] {logging_mixin.py:150} INFO - [2024-12-12T15:50:14.342+0000] {dagbag.py:541} INFO - Filling up the DagBag from /home/vscode/.local/lib/python3.10/site-packages/airflow/example_dags/example_local_kubernetes_executor.py
[2024-12-12T15:50:14.344+0000] {logging_mixin.py:150} INFO - [2024-12-12T15:50:14.344+0000] {example_local_kubernetes_executor.py:39} WARNING - Could not import DAGs in example_local_kubernetes_executor.py
Traceback (most recent call last):
  File "/home/vscode/.local/lib/python3.10/site-packages/airflow/example_dags/example_local_kubernetes_executor.py", line 37, in <module>
    from kubernetes.client import models as k8s
ModuleNotFoundError: No module named 'kubernetes'
[2024-12-12T15:50:14.345+0000] {logging_mixin.py:150} INFO - [2024-12-12T15:50:14.344+0000] {example_local_kubernetes_executor.py:40} WARNING - Install Kubernetes dependencies with: pip install apache-airflow[cncf.kubernetes]
[2024-12-12T15:50:14.345+0000] {processor.py:838} WARNING - No viable dags retrieved from /home/vscode/.local/lib/python3.10/site-packages/airflow/example_dags/example_local_kubernetes_executor.py
[2024-12-12T15:50:14.352+0000] {processor.py:179} INFO - Processing /home/vscode/.local/lib/python3.10/site-packages/airflow/example_dags/example_local_kubernetes_executor.py took 0.013 seconds
[2024-12-12T15:50:58.149+0000] {processor.py:157} INFO - Started process (PID=41057) to work on /home/vscode/.local/lib/python3.10/site-packages/airflow/example_dags/example_local_kubernetes_executor.py
[2024-12-12T15:50:58.150+0000] {processor.py:826} INFO - Processing file /home/vscode/.local/lib/python3.10/site-packages/airflow/example_dags/example_local_kubernetes_executor.py for tasks to queue
[2024-12-12T15:50:58.150+0000] {logging_mixin.py:150} INFO - [2024-12-12T15:50:58.150+0000] {dagbag.py:541} INFO - Filling up the DagBag from /home/vscode/.local/lib/python3.10/site-packages/airflow/example_dags/example_local_kubernetes_executor.py
[2024-12-12T15:50:58.153+0000] {logging_mixin.py:150} INFO - [2024-12-12T15:50:58.153+0000] {example_local_kubernetes_executor.py:39} WARNING - Could not import DAGs in example_local_kubernetes_executor.py
Traceback (most recent call last):
  File "/home/vscode/.local/lib/python3.10/site-packages/airflow/example_dags/example_local_kubernetes_executor.py", line 37, in <module>
    from kubernetes.client import models as k8s
ModuleNotFoundError: No module named 'kubernetes'
[2024-12-12T15:50:58.153+0000] {logging_mixin.py:150} INFO - [2024-12-12T15:50:58.153+0000] {example_local_kubernetes_executor.py:40} WARNING - Install Kubernetes dependencies with: pip install apache-airflow[cncf.kubernetes]
[2024-12-12T15:50:58.154+0000] {processor.py:838} WARNING - No viable dags retrieved from /home/vscode/.local/lib/python3.10/site-packages/airflow/example_dags/example_local_kubernetes_executor.py
[2024-12-12T15:50:58.164+0000] {processor.py:179} INFO - Processing /home/vscode/.local/lib/python3.10/site-packages/airflow/example_dags/example_local_kubernetes_executor.py took 0.017 seconds
[2024-12-12T15:51:48.685+0000] {processor.py:157} INFO - Started process (PID=41451) to work on /home/vscode/.local/lib/python3.10/site-packages/airflow/example_dags/example_local_kubernetes_executor.py
[2024-12-12T15:51:48.685+0000] {processor.py:826} INFO - Processing file /home/vscode/.local/lib/python3.10/site-packages/airflow/example_dags/example_local_kubernetes_executor.py for tasks to queue
[2024-12-12T15:51:48.686+0000] {logging_mixin.py:150} INFO - [2024-12-12T15:51:48.686+0000] {dagbag.py:541} INFO - Filling up the DagBag from /home/vscode/.local/lib/python3.10/site-packages/airflow/example_dags/example_local_kubernetes_executor.py
[2024-12-12T15:51:48.688+0000] {logging_mixin.py:150} INFO - [2024-12-12T15:51:48.688+0000] {example_local_kubernetes_executor.py:39} WARNING - Could not import DAGs in example_local_kubernetes_executor.py
Traceback (most recent call last):
  File "/home/vscode/.local/lib/python3.10/site-packages/airflow/example_dags/example_local_kubernetes_executor.py", line 37, in <module>
    from kubernetes.client import models as k8s
ModuleNotFoundError: No module named 'kubernetes'
[2024-12-12T15:51:48.688+0000] {logging_mixin.py:150} INFO - [2024-12-12T15:51:48.688+0000] {example_local_kubernetes_executor.py:40} WARNING - Install Kubernetes dependencies with: pip install apache-airflow[cncf.kubernetes]
[2024-12-12T15:51:48.689+0000] {processor.py:838} WARNING - No viable dags retrieved from /home/vscode/.local/lib/python3.10/site-packages/airflow/example_dags/example_local_kubernetes_executor.py
[2024-12-12T15:51:48.695+0000] {processor.py:179} INFO - Processing /home/vscode/.local/lib/python3.10/site-packages/airflow/example_dags/example_local_kubernetes_executor.py took 0.012 seconds
[2024-12-12T15:52:34.570+0000] {processor.py:157} INFO - Started process (PID=41781) to work on /home/vscode/.local/lib/python3.10/site-packages/airflow/example_dags/example_local_kubernetes_executor.py
[2024-12-12T15:52:34.571+0000] {processor.py:826} INFO - Processing file /home/vscode/.local/lib/python3.10/site-packages/airflow/example_dags/example_local_kubernetes_executor.py for tasks to queue
[2024-12-12T15:52:34.571+0000] {logging_mixin.py:150} INFO - [2024-12-12T15:52:34.571+0000] {dagbag.py:541} INFO - Filling up the DagBag from /home/vscode/.local/lib/python3.10/site-packages/airflow/example_dags/example_local_kubernetes_executor.py
[2024-12-12T15:52:34.574+0000] {logging_mixin.py:150} INFO - [2024-12-12T15:52:34.573+0000] {example_local_kubernetes_executor.py:39} WARNING - Could not import DAGs in example_local_kubernetes_executor.py
Traceback (most recent call last):
  File "/home/vscode/.local/lib/python3.10/site-packages/airflow/example_dags/example_local_kubernetes_executor.py", line 37, in <module>
    from kubernetes.client import models as k8s
ModuleNotFoundError: No module named 'kubernetes'
[2024-12-12T15:52:34.574+0000] {logging_mixin.py:150} INFO - [2024-12-12T15:52:34.574+0000] {example_local_kubernetes_executor.py:40} WARNING - Install Kubernetes dependencies with: pip install apache-airflow[cncf.kubernetes]
[2024-12-12T15:52:34.574+0000] {processor.py:838} WARNING - No viable dags retrieved from /home/vscode/.local/lib/python3.10/site-packages/airflow/example_dags/example_local_kubernetes_executor.py
[2024-12-12T15:52:34.580+0000] {processor.py:179} INFO - Processing /home/vscode/.local/lib/python3.10/site-packages/airflow/example_dags/example_local_kubernetes_executor.py took 0.012 seconds
[2024-12-12T15:53:17.892+0000] {processor.py:157} INFO - Started process (PID=42085) to work on /home/vscode/.local/lib/python3.10/site-packages/airflow/example_dags/example_local_kubernetes_executor.py
[2024-12-12T15:53:17.893+0000] {processor.py:826} INFO - Processing file /home/vscode/.local/lib/python3.10/site-packages/airflow/example_dags/example_local_kubernetes_executor.py for tasks to queue
[2024-12-12T15:53:17.893+0000] {logging_mixin.py:150} INFO - [2024-12-12T15:53:17.893+0000] {dagbag.py:541} INFO - Filling up the DagBag from /home/vscode/.local/lib/python3.10/site-packages/airflow/example_dags/example_local_kubernetes_executor.py
[2024-12-12T15:53:17.896+0000] {logging_mixin.py:150} INFO - [2024-12-12T15:53:17.895+0000] {example_local_kubernetes_executor.py:39} WARNING - Could not import DAGs in example_local_kubernetes_executor.py
Traceback (most recent call last):
  File "/home/vscode/.local/lib/python3.10/site-packages/airflow/example_dags/example_local_kubernetes_executor.py", line 37, in <module>
    from kubernetes.client import models as k8s
ModuleNotFoundError: No module named 'kubernetes'
[2024-12-12T15:53:17.896+0000] {logging_mixin.py:150} INFO - [2024-12-12T15:53:17.896+0000] {example_local_kubernetes_executor.py:40} WARNING - Install Kubernetes dependencies with: pip install apache-airflow[cncf.kubernetes]
[2024-12-12T15:53:17.896+0000] {processor.py:838} WARNING - No viable dags retrieved from /home/vscode/.local/lib/python3.10/site-packages/airflow/example_dags/example_local_kubernetes_executor.py
[2024-12-12T15:53:17.903+0000] {processor.py:179} INFO - Processing /home/vscode/.local/lib/python3.10/site-packages/airflow/example_dags/example_local_kubernetes_executor.py took 0.012 seconds
[2024-12-12T15:54:00.081+0000] {processor.py:157} INFO - Started process (PID=42390) to work on /home/vscode/.local/lib/python3.10/site-packages/airflow/example_dags/example_local_kubernetes_executor.py
[2024-12-12T15:54:00.081+0000] {processor.py:826} INFO - Processing file /home/vscode/.local/lib/python3.10/site-packages/airflow/example_dags/example_local_kubernetes_executor.py for tasks to queue
[2024-12-12T15:54:00.082+0000] {logging_mixin.py:150} INFO - [2024-12-12T15:54:00.082+0000] {dagbag.py:541} INFO - Filling up the DagBag from /home/vscode/.local/lib/python3.10/site-packages/airflow/example_dags/example_local_kubernetes_executor.py
[2024-12-12T15:54:00.085+0000] {logging_mixin.py:150} INFO - [2024-12-12T15:54:00.085+0000] {example_local_kubernetes_executor.py:39} WARNING - Could not import DAGs in example_local_kubernetes_executor.py
Traceback (most recent call last):
  File "/home/vscode/.local/lib/python3.10/site-packages/airflow/example_dags/example_local_kubernetes_executor.py", line 37, in <module>
    from kubernetes.client import models as k8s
ModuleNotFoundError: No module named 'kubernetes'
[2024-12-12T15:54:00.086+0000] {logging_mixin.py:150} INFO - [2024-12-12T15:54:00.085+0000] {example_local_kubernetes_executor.py:40} WARNING - Install Kubernetes dependencies with: pip install apache-airflow[cncf.kubernetes]
[2024-12-12T15:54:00.086+0000] {processor.py:838} WARNING - No viable dags retrieved from /home/vscode/.local/lib/python3.10/site-packages/airflow/example_dags/example_local_kubernetes_executor.py
[2024-12-12T15:54:00.095+0000] {processor.py:179} INFO - Processing /home/vscode/.local/lib/python3.10/site-packages/airflow/example_dags/example_local_kubernetes_executor.py took 0.017 seconds
[2024-12-12T15:54:46.488+0000] {processor.py:157} INFO - Started process (PID=42716) to work on /home/vscode/.local/lib/python3.10/site-packages/airflow/example_dags/example_local_kubernetes_executor.py
[2024-12-12T15:54:46.489+0000] {processor.py:826} INFO - Processing file /home/vscode/.local/lib/python3.10/site-packages/airflow/example_dags/example_local_kubernetes_executor.py for tasks to queue
[2024-12-12T15:54:46.490+0000] {logging_mixin.py:150} INFO - [2024-12-12T15:54:46.489+0000] {dagbag.py:541} INFO - Filling up the DagBag from /home/vscode/.local/lib/python3.10/site-packages/airflow/example_dags/example_local_kubernetes_executor.py
[2024-12-12T15:54:46.492+0000] {logging_mixin.py:150} INFO - [2024-12-12T15:54:46.491+0000] {example_local_kubernetes_executor.py:39} WARNING - Could not import DAGs in example_local_kubernetes_executor.py
Traceback (most recent call last):
  File "/home/vscode/.local/lib/python3.10/site-packages/airflow/example_dags/example_local_kubernetes_executor.py", line 37, in <module>
    from kubernetes.client import models as k8s
ModuleNotFoundError: No module named 'kubernetes'
[2024-12-12T15:54:46.492+0000] {logging_mixin.py:150} INFO - [2024-12-12T15:54:46.492+0000] {example_local_kubernetes_executor.py:40} WARNING - Install Kubernetes dependencies with: pip install apache-airflow[cncf.kubernetes]
[2024-12-12T15:54:46.492+0000] {processor.py:838} WARNING - No viable dags retrieved from /home/vscode/.local/lib/python3.10/site-packages/airflow/example_dags/example_local_kubernetes_executor.py
[2024-12-12T15:54:46.499+0000] {processor.py:179} INFO - Processing /home/vscode/.local/lib/python3.10/site-packages/airflow/example_dags/example_local_kubernetes_executor.py took 0.012 seconds
[2024-12-12T15:55:32.289+0000] {processor.py:157} INFO - Started process (PID=43022) to work on /home/vscode/.local/lib/python3.10/site-packages/airflow/example_dags/example_local_kubernetes_executor.py
[2024-12-12T15:55:32.290+0000] {processor.py:826} INFO - Processing file /home/vscode/.local/lib/python3.10/site-packages/airflow/example_dags/example_local_kubernetes_executor.py for tasks to queue
[2024-12-12T15:55:32.290+0000] {logging_mixin.py:150} INFO - [2024-12-12T15:55:32.290+0000] {dagbag.py:541} INFO - Filling up the DagBag from /home/vscode/.local/lib/python3.10/site-packages/airflow/example_dags/example_local_kubernetes_executor.py
[2024-12-12T15:55:32.293+0000] {logging_mixin.py:150} INFO - [2024-12-12T15:55:32.292+0000] {example_local_kubernetes_executor.py:39} WARNING - Could not import DAGs in example_local_kubernetes_executor.py
Traceback (most recent call last):
  File "/home/vscode/.local/lib/python3.10/site-packages/airflow/example_dags/example_local_kubernetes_executor.py", line 37, in <module>
    from kubernetes.client import models as k8s
ModuleNotFoundError: No module named 'kubernetes'
[2024-12-12T15:55:32.293+0000] {logging_mixin.py:150} INFO - [2024-12-12T15:55:32.293+0000] {example_local_kubernetes_executor.py:40} WARNING - Install Kubernetes dependencies with: pip install apache-airflow[cncf.kubernetes]
[2024-12-12T15:55:32.293+0000] {processor.py:838} WARNING - No viable dags retrieved from /home/vscode/.local/lib/python3.10/site-packages/airflow/example_dags/example_local_kubernetes_executor.py
[2024-12-12T15:55:32.300+0000] {processor.py:179} INFO - Processing /home/vscode/.local/lib/python3.10/site-packages/airflow/example_dags/example_local_kubernetes_executor.py took 0.013 seconds
[2024-12-12T15:56:18.868+0000] {processor.py:157} INFO - Started process (PID=43345) to work on /home/vscode/.local/lib/python3.10/site-packages/airflow/example_dags/example_local_kubernetes_executor.py
[2024-12-12T15:56:18.869+0000] {processor.py:826} INFO - Processing file /home/vscode/.local/lib/python3.10/site-packages/airflow/example_dags/example_local_kubernetes_executor.py for tasks to queue
[2024-12-12T15:56:18.870+0000] {logging_mixin.py:150} INFO - [2024-12-12T15:56:18.869+0000] {dagbag.py:541} INFO - Filling up the DagBag from /home/vscode/.local/lib/python3.10/site-packages/airflow/example_dags/example_local_kubernetes_executor.py
[2024-12-12T15:56:18.872+0000] {logging_mixin.py:150} INFO - [2024-12-12T15:56:18.872+0000] {example_local_kubernetes_executor.py:39} WARNING - Could not import DAGs in example_local_kubernetes_executor.py
Traceback (most recent call last):
  File "/home/vscode/.local/lib/python3.10/site-packages/airflow/example_dags/example_local_kubernetes_executor.py", line 37, in <module>
    from kubernetes.client import models as k8s
ModuleNotFoundError: No module named 'kubernetes'
[2024-12-12T15:56:18.872+0000] {logging_mixin.py:150} INFO - [2024-12-12T15:56:18.872+0000] {example_local_kubernetes_executor.py:40} WARNING - Install Kubernetes dependencies with: pip install apache-airflow[cncf.kubernetes]
[2024-12-12T15:56:18.872+0000] {processor.py:838} WARNING - No viable dags retrieved from /home/vscode/.local/lib/python3.10/site-packages/airflow/example_dags/example_local_kubernetes_executor.py
[2024-12-12T15:56:18.879+0000] {processor.py:179} INFO - Processing /home/vscode/.local/lib/python3.10/site-packages/airflow/example_dags/example_local_kubernetes_executor.py took 0.013 seconds
[2024-12-12T15:56:56.162+0000] {processor.py:157} INFO - Started process (PID=43600) to work on /home/vscode/.local/lib/python3.10/site-packages/airflow/example_dags/example_local_kubernetes_executor.py
[2024-12-12T15:56:56.162+0000] {processor.py:826} INFO - Processing file /home/vscode/.local/lib/python3.10/site-packages/airflow/example_dags/example_local_kubernetes_executor.py for tasks to queue
[2024-12-12T15:56:56.163+0000] {logging_mixin.py:150} INFO - [2024-12-12T15:56:56.163+0000] {dagbag.py:541} INFO - Filling up the DagBag from /home/vscode/.local/lib/python3.10/site-packages/airflow/example_dags/example_local_kubernetes_executor.py
[2024-12-12T15:56:56.165+0000] {logging_mixin.py:150} INFO - [2024-12-12T15:56:56.165+0000] {example_local_kubernetes_executor.py:39} WARNING - Could not import DAGs in example_local_kubernetes_executor.py
Traceback (most recent call last):
  File "/home/vscode/.local/lib/python3.10/site-packages/airflow/example_dags/example_local_kubernetes_executor.py", line 37, in <module>
    from kubernetes.client import models as k8s
ModuleNotFoundError: No module named 'kubernetes'
[2024-12-12T15:56:56.166+0000] {logging_mixin.py:150} INFO - [2024-12-12T15:56:56.165+0000] {example_local_kubernetes_executor.py:40} WARNING - Install Kubernetes dependencies with: pip install apache-airflow[cncf.kubernetes]
[2024-12-12T15:56:56.166+0000] {processor.py:838} WARNING - No viable dags retrieved from /home/vscode/.local/lib/python3.10/site-packages/airflow/example_dags/example_local_kubernetes_executor.py
[2024-12-12T15:56:56.173+0000] {processor.py:179} INFO - Processing /home/vscode/.local/lib/python3.10/site-packages/airflow/example_dags/example_local_kubernetes_executor.py took 0.013 seconds
[2024-12-12T15:57:41.352+0000] {processor.py:157} INFO - Started process (PID=43915) to work on /home/vscode/.local/lib/python3.10/site-packages/airflow/example_dags/example_local_kubernetes_executor.py
[2024-12-12T15:57:41.353+0000] {processor.py:826} INFO - Processing file /home/vscode/.local/lib/python3.10/site-packages/airflow/example_dags/example_local_kubernetes_executor.py for tasks to queue
[2024-12-12T15:57:41.353+0000] {logging_mixin.py:150} INFO - [2024-12-12T15:57:41.353+0000] {dagbag.py:541} INFO - Filling up the DagBag from /home/vscode/.local/lib/python3.10/site-packages/airflow/example_dags/example_local_kubernetes_executor.py
[2024-12-12T15:57:41.356+0000] {logging_mixin.py:150} INFO - [2024-12-12T15:57:41.355+0000] {example_local_kubernetes_executor.py:39} WARNING - Could not import DAGs in example_local_kubernetes_executor.py
Traceback (most recent call last):
  File "/home/vscode/.local/lib/python3.10/site-packages/airflow/example_dags/example_local_kubernetes_executor.py", line 37, in <module>
    from kubernetes.client import models as k8s
ModuleNotFoundError: No module named 'kubernetes'
[2024-12-12T15:57:41.356+0000] {logging_mixin.py:150} INFO - [2024-12-12T15:57:41.356+0000] {example_local_kubernetes_executor.py:40} WARNING - Install Kubernetes dependencies with: pip install apache-airflow[cncf.kubernetes]
[2024-12-12T15:57:41.356+0000] {processor.py:838} WARNING - No viable dags retrieved from /home/vscode/.local/lib/python3.10/site-packages/airflow/example_dags/example_local_kubernetes_executor.py
[2024-12-12T15:57:41.363+0000] {processor.py:179} INFO - Processing /home/vscode/.local/lib/python3.10/site-packages/airflow/example_dags/example_local_kubernetes_executor.py took 0.013 seconds
[2024-12-12T15:58:22.366+0000] {processor.py:157} INFO - Started process (PID=44222) to work on /home/vscode/.local/lib/python3.10/site-packages/airflow/example_dags/example_local_kubernetes_executor.py
[2024-12-12T15:58:22.366+0000] {processor.py:826} INFO - Processing file /home/vscode/.local/lib/python3.10/site-packages/airflow/example_dags/example_local_kubernetes_executor.py for tasks to queue
[2024-12-12T15:58:22.367+0000] {logging_mixin.py:150} INFO - [2024-12-12T15:58:22.366+0000] {dagbag.py:541} INFO - Filling up the DagBag from /home/vscode/.local/lib/python3.10/site-packages/airflow/example_dags/example_local_kubernetes_executor.py
[2024-12-12T15:58:22.369+0000] {logging_mixin.py:150} INFO - [2024-12-12T15:58:22.369+0000] {example_local_kubernetes_executor.py:39} WARNING - Could not import DAGs in example_local_kubernetes_executor.py
Traceback (most recent call last):
  File "/home/vscode/.local/lib/python3.10/site-packages/airflow/example_dags/example_local_kubernetes_executor.py", line 37, in <module>
    from kubernetes.client import models as k8s
ModuleNotFoundError: No module named 'kubernetes'
[2024-12-12T15:58:22.369+0000] {logging_mixin.py:150} INFO - [2024-12-12T15:58:22.369+0000] {example_local_kubernetes_executor.py:40} WARNING - Install Kubernetes dependencies with: pip install apache-airflow[cncf.kubernetes]
[2024-12-12T15:58:22.369+0000] {processor.py:838} WARNING - No viable dags retrieved from /home/vscode/.local/lib/python3.10/site-packages/airflow/example_dags/example_local_kubernetes_executor.py
[2024-12-12T15:58:22.376+0000] {processor.py:179} INFO - Processing /home/vscode/.local/lib/python3.10/site-packages/airflow/example_dags/example_local_kubernetes_executor.py took 0.013 seconds
[2024-12-12T15:59:06.163+0000] {processor.py:157} INFO - Started process (PID=44584) to work on /home/vscode/.local/lib/python3.10/site-packages/airflow/example_dags/example_local_kubernetes_executor.py
[2024-12-12T15:59:06.164+0000] {processor.py:826} INFO - Processing file /home/vscode/.local/lib/python3.10/site-packages/airflow/example_dags/example_local_kubernetes_executor.py for tasks to queue
[2024-12-12T15:59:06.165+0000] {logging_mixin.py:150} INFO - [2024-12-12T15:59:06.164+0000] {dagbag.py:541} INFO - Filling up the DagBag from /home/vscode/.local/lib/python3.10/site-packages/airflow/example_dags/example_local_kubernetes_executor.py
[2024-12-12T15:59:06.167+0000] {logging_mixin.py:150} INFO - [2024-12-12T15:59:06.166+0000] {example_local_kubernetes_executor.py:39} WARNING - Could not import DAGs in example_local_kubernetes_executor.py
Traceback (most recent call last):
  File "/home/vscode/.local/lib/python3.10/site-packages/airflow/example_dags/example_local_kubernetes_executor.py", line 37, in <module>
    from kubernetes.client import models as k8s
ModuleNotFoundError: No module named 'kubernetes'
[2024-12-12T15:59:06.167+0000] {logging_mixin.py:150} INFO - [2024-12-12T15:59:06.167+0000] {example_local_kubernetes_executor.py:40} WARNING - Install Kubernetes dependencies with: pip install apache-airflow[cncf.kubernetes]
[2024-12-12T15:59:06.167+0000] {processor.py:838} WARNING - No viable dags retrieved from /home/vscode/.local/lib/python3.10/site-packages/airflow/example_dags/example_local_kubernetes_executor.py
[2024-12-12T15:59:06.174+0000] {processor.py:179} INFO - Processing /home/vscode/.local/lib/python3.10/site-packages/airflow/example_dags/example_local_kubernetes_executor.py took 0.013 seconds
[2024-12-12T15:59:46.694+0000] {processor.py:157} INFO - Started process (PID=44872) to work on /home/vscode/.local/lib/python3.10/site-packages/airflow/example_dags/example_local_kubernetes_executor.py
[2024-12-12T15:59:46.695+0000] {processor.py:826} INFO - Processing file /home/vscode/.local/lib/python3.10/site-packages/airflow/example_dags/example_local_kubernetes_executor.py for tasks to queue
[2024-12-12T15:59:46.695+0000] {logging_mixin.py:150} INFO - [2024-12-12T15:59:46.695+0000] {dagbag.py:541} INFO - Filling up the DagBag from /home/vscode/.local/lib/python3.10/site-packages/airflow/example_dags/example_local_kubernetes_executor.py
[2024-12-12T15:59:46.698+0000] {logging_mixin.py:150} INFO - [2024-12-12T15:59:46.697+0000] {example_local_kubernetes_executor.py:39} WARNING - Could not import DAGs in example_local_kubernetes_executor.py
Traceback (most recent call last):
  File "/home/vscode/.local/lib/python3.10/site-packages/airflow/example_dags/example_local_kubernetes_executor.py", line 37, in <module>
    from kubernetes.client import models as k8s
ModuleNotFoundError: No module named 'kubernetes'
[2024-12-12T15:59:46.698+0000] {logging_mixin.py:150} INFO - [2024-12-12T15:59:46.698+0000] {example_local_kubernetes_executor.py:40} WARNING - Install Kubernetes dependencies with: pip install apache-airflow[cncf.kubernetes]
[2024-12-12T15:59:46.698+0000] {processor.py:838} WARNING - No viable dags retrieved from /home/vscode/.local/lib/python3.10/site-packages/airflow/example_dags/example_local_kubernetes_executor.py
[2024-12-12T15:59:46.705+0000] {processor.py:179} INFO - Processing /home/vscode/.local/lib/python3.10/site-packages/airflow/example_dags/example_local_kubernetes_executor.py took 0.013 seconds
[2024-12-12T16:00:33.107+0000] {processor.py:157} INFO - Started process (PID=45217) to work on /home/vscode/.local/lib/python3.10/site-packages/airflow/example_dags/example_local_kubernetes_executor.py
[2024-12-12T16:00:33.107+0000] {processor.py:826} INFO - Processing file /home/vscode/.local/lib/python3.10/site-packages/airflow/example_dags/example_local_kubernetes_executor.py for tasks to queue
[2024-12-12T16:00:33.108+0000] {logging_mixin.py:150} INFO - [2024-12-12T16:00:33.108+0000] {dagbag.py:541} INFO - Filling up the DagBag from /home/vscode/.local/lib/python3.10/site-packages/airflow/example_dags/example_local_kubernetes_executor.py
[2024-12-12T16:00:33.110+0000] {logging_mixin.py:150} INFO - [2024-12-12T16:00:33.110+0000] {example_local_kubernetes_executor.py:39} WARNING - Could not import DAGs in example_local_kubernetes_executor.py
Traceback (most recent call last):
  File "/home/vscode/.local/lib/python3.10/site-packages/airflow/example_dags/example_local_kubernetes_executor.py", line 37, in <module>
    from kubernetes.client import models as k8s
ModuleNotFoundError: No module named 'kubernetes'
[2024-12-12T16:00:33.110+0000] {logging_mixin.py:150} INFO - [2024-12-12T16:00:33.110+0000] {example_local_kubernetes_executor.py:40} WARNING - Install Kubernetes dependencies with: pip install apache-airflow[cncf.kubernetes]
[2024-12-12T16:00:33.110+0000] {processor.py:838} WARNING - No viable dags retrieved from /home/vscode/.local/lib/python3.10/site-packages/airflow/example_dags/example_local_kubernetes_executor.py
[2024-12-12T16:00:33.117+0000] {processor.py:179} INFO - Processing /home/vscode/.local/lib/python3.10/site-packages/airflow/example_dags/example_local_kubernetes_executor.py took 0.013 seconds
[2024-12-12T16:01:16.985+0000] {processor.py:157} INFO - Started process (PID=45519) to work on /home/vscode/.local/lib/python3.10/site-packages/airflow/example_dags/example_local_kubernetes_executor.py
[2024-12-12T16:01:16.985+0000] {processor.py:826} INFO - Processing file /home/vscode/.local/lib/python3.10/site-packages/airflow/example_dags/example_local_kubernetes_executor.py for tasks to queue
[2024-12-12T16:01:16.986+0000] {logging_mixin.py:150} INFO - [2024-12-12T16:01:16.986+0000] {dagbag.py:541} INFO - Filling up the DagBag from /home/vscode/.local/lib/python3.10/site-packages/airflow/example_dags/example_local_kubernetes_executor.py
[2024-12-12T16:01:16.988+0000] {logging_mixin.py:150} INFO - [2024-12-12T16:01:16.988+0000] {example_local_kubernetes_executor.py:39} WARNING - Could not import DAGs in example_local_kubernetes_executor.py
Traceback (most recent call last):
  File "/home/vscode/.local/lib/python3.10/site-packages/airflow/example_dags/example_local_kubernetes_executor.py", line 37, in <module>
    from kubernetes.client import models as k8s
ModuleNotFoundError: No module named 'kubernetes'
[2024-12-12T16:01:16.988+0000] {logging_mixin.py:150} INFO - [2024-12-12T16:01:16.988+0000] {example_local_kubernetes_executor.py:40} WARNING - Install Kubernetes dependencies with: pip install apache-airflow[cncf.kubernetes]
[2024-12-12T16:01:16.989+0000] {processor.py:838} WARNING - No viable dags retrieved from /home/vscode/.local/lib/python3.10/site-packages/airflow/example_dags/example_local_kubernetes_executor.py
[2024-12-12T16:01:16.995+0000] {processor.py:179} INFO - Processing /home/vscode/.local/lib/python3.10/site-packages/airflow/example_dags/example_local_kubernetes_executor.py took 0.013 seconds
[2024-12-12T16:02:02.839+0000] {processor.py:157} INFO - Started process (PID=45860) to work on /home/vscode/.local/lib/python3.10/site-packages/airflow/example_dags/example_local_kubernetes_executor.py
[2024-12-12T16:02:02.839+0000] {processor.py:826} INFO - Processing file /home/vscode/.local/lib/python3.10/site-packages/airflow/example_dags/example_local_kubernetes_executor.py for tasks to queue
[2024-12-12T16:02:02.840+0000] {logging_mixin.py:150} INFO - [2024-12-12T16:02:02.840+0000] {dagbag.py:541} INFO - Filling up the DagBag from /home/vscode/.local/lib/python3.10/site-packages/airflow/example_dags/example_local_kubernetes_executor.py
[2024-12-12T16:02:02.842+0000] {logging_mixin.py:150} INFO - [2024-12-12T16:02:02.842+0000] {example_local_kubernetes_executor.py:39} WARNING - Could not import DAGs in example_local_kubernetes_executor.py
Traceback (most recent call last):
  File "/home/vscode/.local/lib/python3.10/site-packages/airflow/example_dags/example_local_kubernetes_executor.py", line 37, in <module>
    from kubernetes.client import models as k8s
ModuleNotFoundError: No module named 'kubernetes'
[2024-12-12T16:02:02.842+0000] {logging_mixin.py:150} INFO - [2024-12-12T16:02:02.842+0000] {example_local_kubernetes_executor.py:40} WARNING - Install Kubernetes dependencies with: pip install apache-airflow[cncf.kubernetes]
[2024-12-12T16:02:02.843+0000] {processor.py:838} WARNING - No viable dags retrieved from /home/vscode/.local/lib/python3.10/site-packages/airflow/example_dags/example_local_kubernetes_executor.py
[2024-12-12T16:02:02.850+0000] {processor.py:179} INFO - Processing /home/vscode/.local/lib/python3.10/site-packages/airflow/example_dags/example_local_kubernetes_executor.py took 0.013 seconds
[2024-12-12T16:02:43.512+0000] {processor.py:157} INFO - Started process (PID=46148) to work on /home/vscode/.local/lib/python3.10/site-packages/airflow/example_dags/example_local_kubernetes_executor.py
[2024-12-12T16:02:43.513+0000] {processor.py:826} INFO - Processing file /home/vscode/.local/lib/python3.10/site-packages/airflow/example_dags/example_local_kubernetes_executor.py for tasks to queue
[2024-12-12T16:02:43.514+0000] {logging_mixin.py:150} INFO - [2024-12-12T16:02:43.513+0000] {dagbag.py:541} INFO - Filling up the DagBag from /home/vscode/.local/lib/python3.10/site-packages/airflow/example_dags/example_local_kubernetes_executor.py
[2024-12-12T16:02:43.516+0000] {logging_mixin.py:150} INFO - [2024-12-12T16:02:43.516+0000] {example_local_kubernetes_executor.py:39} WARNING - Could not import DAGs in example_local_kubernetes_executor.py
Traceback (most recent call last):
  File "/home/vscode/.local/lib/python3.10/site-packages/airflow/example_dags/example_local_kubernetes_executor.py", line 37, in <module>
    from kubernetes.client import models as k8s
ModuleNotFoundError: No module named 'kubernetes'
[2024-12-12T16:02:43.516+0000] {logging_mixin.py:150} INFO - [2024-12-12T16:02:43.516+0000] {example_local_kubernetes_executor.py:40} WARNING - Install Kubernetes dependencies with: pip install apache-airflow[cncf.kubernetes]
[2024-12-12T16:02:43.516+0000] {processor.py:838} WARNING - No viable dags retrieved from /home/vscode/.local/lib/python3.10/site-packages/airflow/example_dags/example_local_kubernetes_executor.py
[2024-12-12T16:02:43.524+0000] {processor.py:179} INFO - Processing /home/vscode/.local/lib/python3.10/site-packages/airflow/example_dags/example_local_kubernetes_executor.py took 0.013 seconds
[2024-12-12T16:03:26.454+0000] {processor.py:157} INFO - Started process (PID=46456) to work on /home/vscode/.local/lib/python3.10/site-packages/airflow/example_dags/example_local_kubernetes_executor.py
[2024-12-12T16:03:26.454+0000] {processor.py:826} INFO - Processing file /home/vscode/.local/lib/python3.10/site-packages/airflow/example_dags/example_local_kubernetes_executor.py for tasks to queue
[2024-12-12T16:03:26.455+0000] {logging_mixin.py:150} INFO - [2024-12-12T16:03:26.455+0000] {dagbag.py:541} INFO - Filling up the DagBag from /home/vscode/.local/lib/python3.10/site-packages/airflow/example_dags/example_local_kubernetes_executor.py
[2024-12-12T16:03:26.457+0000] {logging_mixin.py:150} INFO - [2024-12-12T16:03:26.457+0000] {example_local_kubernetes_executor.py:39} WARNING - Could not import DAGs in example_local_kubernetes_executor.py
Traceback (most recent call last):
  File "/home/vscode/.local/lib/python3.10/site-packages/airflow/example_dags/example_local_kubernetes_executor.py", line 37, in <module>
    from kubernetes.client import models as k8s
ModuleNotFoundError: No module named 'kubernetes'
[2024-12-12T16:03:26.457+0000] {logging_mixin.py:150} INFO - [2024-12-12T16:03:26.457+0000] {example_local_kubernetes_executor.py:40} WARNING - Install Kubernetes dependencies with: pip install apache-airflow[cncf.kubernetes]
[2024-12-12T16:03:26.457+0000] {processor.py:838} WARNING - No viable dags retrieved from /home/vscode/.local/lib/python3.10/site-packages/airflow/example_dags/example_local_kubernetes_executor.py
[2024-12-12T16:03:26.464+0000] {processor.py:179} INFO - Processing /home/vscode/.local/lib/python3.10/site-packages/airflow/example_dags/example_local_kubernetes_executor.py took 0.012 seconds
