[2024-12-12T15:30:57.588+0000] {processor.py:157} INFO - Started process (PID=31048) to work on /home/vscode/.local/lib/python3.10/site-packages/airflow/example_dags/example_branch_datetime_operator.py
[2024-12-12T15:30:57.589+0000] {processor.py:826} INFO - Processing file /home/vscode/.local/lib/python3.10/site-packages/airflow/example_dags/example_branch_datetime_operator.py for tasks to queue
[2024-12-12T15:30:57.589+0000] {logging_mixin.py:150} INFO - [2024-12-12T15:30:57.589+0000] {dagbag.py:541} INFO - Filling up the DagBag from /home/vscode/.local/lib/python3.10/site-packages/airflow/example_dags/example_branch_datetime_operator.py
[2024-12-12T15:30:57.596+0000] {processor.py:836} INFO - DAG(s) dict_keys(['example_branch_datetime_operator_2', 'example_branch_datetime_operator', 'example_branch_datetime_operator_3']) retrieved from /home/vscode/.local/lib/python3.10/site-packages/airflow/example_dags/example_branch_datetime_operator.py
[2024-12-12T15:30:57.736+0000] {logging_mixin.py:150} INFO - [2024-12-12T15:30:57.736+0000] {manager.py:504} INFO - Created Permission View: can delete on DAG:example_branch_datetime_operator_2
[2024-12-12T15:30:57.744+0000] {logging_mixin.py:150} INFO - [2024-12-12T15:30:57.743+0000] {manager.py:504} INFO - Created Permission View: can read on DAG:example_branch_datetime_operator_2
[2024-12-12T15:30:57.749+0000] {logging_mixin.py:150} INFO - [2024-12-12T15:30:57.749+0000] {manager.py:504} INFO - Created Permission View: can edit on DAG:example_branch_datetime_operator_2
[2024-12-12T15:30:57.769+0000] {logging_mixin.py:150} INFO - [2024-12-12T15:30:57.769+0000] {manager.py:504} INFO - Created Permission View: can delete on DAG:example_branch_datetime_operator
[2024-12-12T15:30:57.774+0000] {logging_mixin.py:150} INFO - [2024-12-12T15:30:57.774+0000] {manager.py:504} INFO - Created Permission View: can read on DAG:example_branch_datetime_operator
[2024-12-12T15:30:57.779+0000] {logging_mixin.py:150} INFO - [2024-12-12T15:30:57.779+0000] {manager.py:504} INFO - Created Permission View: can edit on DAG:example_branch_datetime_operator
[2024-12-12T15:30:57.794+0000] {logging_mixin.py:150} INFO - [2024-12-12T15:30:57.794+0000] {manager.py:504} INFO - Created Permission View: can delete on DAG:example_branch_datetime_operator_3
[2024-12-12T15:30:57.800+0000] {logging_mixin.py:150} INFO - [2024-12-12T15:30:57.800+0000] {manager.py:504} INFO - Created Permission View: can read on DAG:example_branch_datetime_operator_3
[2024-12-12T15:30:57.807+0000] {logging_mixin.py:150} INFO - [2024-12-12T15:30:57.807+0000] {manager.py:504} INFO - Created Permission View: can edit on DAG:example_branch_datetime_operator_3
[2024-12-12T15:30:57.810+0000] {logging_mixin.py:150} INFO - [2024-12-12T15:30:57.810+0000] {dag.py:2742} INFO - Sync 3 DAGs
[2024-12-12T15:30:57.816+0000] {logging_mixin.py:150} INFO - [2024-12-12T15:30:57.816+0000] {dag.py:2763} INFO - Creating ORM DAG for example_branch_datetime_operator
[2024-12-12T15:30:57.817+0000] {logging_mixin.py:150} INFO - [2024-12-12T15:30:57.816+0000] {dag.py:2763} INFO - Creating ORM DAG for example_branch_datetime_operator_2
[2024-12-12T15:30:57.817+0000] {logging_mixin.py:150} INFO - [2024-12-12T15:30:57.817+0000] {dag.py:2763} INFO - Creating ORM DAG for example_branch_datetime_operator_3
[2024-12-12T15:30:57.823+0000] {logging_mixin.py:150} INFO - [2024-12-12T15:30:57.823+0000] {dag.py:3504} INFO - Setting next_dagrun for example_branch_datetime_operator to 2024-12-11T00:00:00+00:00, run_after=2024-12-12T00:00:00+00:00
[2024-12-12T15:30:57.825+0000] {logging_mixin.py:150} INFO - [2024-12-12T15:30:57.825+0000] {dag.py:3504} INFO - Setting next_dagrun for example_branch_datetime_operator_2 to 2024-12-11T00:00:00+00:00, run_after=2024-12-12T00:00:00+00:00
[2024-12-12T15:30:57.826+0000] {logging_mixin.py:150} INFO - [2024-12-12T15:30:57.826+0000] {dag.py:3504} INFO - Setting next_dagrun for example_branch_datetime_operator_3 to 2024-12-11T00:00:00+00:00, run_after=2024-12-12T00:00:00+00:00
[2024-12-12T15:30:57.840+0000] {processor.py:179} INFO - Processing /home/vscode/.local/lib/python3.10/site-packages/airflow/example_dags/example_branch_datetime_operator.py took 0.254 seconds
[2024-12-12T15:31:48.467+0000] {processor.py:157} INFO - Started process (PID=31461) to work on /home/vscode/.local/lib/python3.10/site-packages/airflow/example_dags/example_branch_datetime_operator.py
[2024-12-12T15:31:48.468+0000] {processor.py:826} INFO - Processing file /home/vscode/.local/lib/python3.10/site-packages/airflow/example_dags/example_branch_datetime_operator.py for tasks to queue
[2024-12-12T15:31:48.469+0000] {logging_mixin.py:150} INFO - [2024-12-12T15:31:48.468+0000] {dagbag.py:541} INFO - Filling up the DagBag from /home/vscode/.local/lib/python3.10/site-packages/airflow/example_dags/example_branch_datetime_operator.py
[2024-12-12T15:31:48.475+0000] {processor.py:836} INFO - DAG(s) dict_keys(['example_branch_datetime_operator', 'example_branch_datetime_operator_2', 'example_branch_datetime_operator_3']) retrieved from /home/vscode/.local/lib/python3.10/site-packages/airflow/example_dags/example_branch_datetime_operator.py
[2024-12-12T15:31:48.490+0000] {logging_mixin.py:150} INFO - [2024-12-12T15:31:48.490+0000] {dag.py:2742} INFO - Sync 3 DAGs
[2024-12-12T15:31:48.504+0000] {logging_mixin.py:150} INFO - [2024-12-12T15:31:48.504+0000] {dag.py:3504} INFO - Setting next_dagrun for example_branch_datetime_operator to 2024-12-11T00:00:00+00:00, run_after=2024-12-12T00:00:00+00:00
[2024-12-12T15:31:48.507+0000] {logging_mixin.py:150} INFO - [2024-12-12T15:31:48.507+0000] {dag.py:3504} INFO - Setting next_dagrun for example_branch_datetime_operator_2 to 2024-12-11T00:00:00+00:00, run_after=2024-12-12T00:00:00+00:00
[2024-12-12T15:31:48.509+0000] {logging_mixin.py:150} INFO - [2024-12-12T15:31:48.509+0000] {dag.py:3504} INFO - Setting next_dagrun for example_branch_datetime_operator_3 to 2024-12-11T00:00:00+00:00, run_after=2024-12-12T00:00:00+00:00
[2024-12-12T15:31:48.522+0000] {processor.py:179} INFO - Processing /home/vscode/.local/lib/python3.10/site-packages/airflow/example_dags/example_branch_datetime_operator.py took 0.056 seconds
[2024-12-12T15:32:30.846+0000] {processor.py:157} INFO - Started process (PID=31776) to work on /home/vscode/.local/lib/python3.10/site-packages/airflow/example_dags/example_branch_datetime_operator.py
[2024-12-12T15:32:30.847+0000] {processor.py:826} INFO - Processing file /home/vscode/.local/lib/python3.10/site-packages/airflow/example_dags/example_branch_datetime_operator.py for tasks to queue
[2024-12-12T15:32:30.847+0000] {logging_mixin.py:150} INFO - [2024-12-12T15:32:30.847+0000] {dagbag.py:541} INFO - Filling up the DagBag from /home/vscode/.local/lib/python3.10/site-packages/airflow/example_dags/example_branch_datetime_operator.py
[2024-12-12T15:32:30.855+0000] {processor.py:836} INFO - DAG(s) dict_keys(['example_branch_datetime_operator', 'example_branch_datetime_operator_3', 'example_branch_datetime_operator_2']) retrieved from /home/vscode/.local/lib/python3.10/site-packages/airflow/example_dags/example_branch_datetime_operator.py
[2024-12-12T15:32:30.871+0000] {logging_mixin.py:150} INFO - [2024-12-12T15:32:30.870+0000] {dag.py:2742} INFO - Sync 3 DAGs
[2024-12-12T15:32:30.884+0000] {logging_mixin.py:150} INFO - [2024-12-12T15:32:30.884+0000] {dag.py:3504} INFO - Setting next_dagrun for example_branch_datetime_operator to 2024-12-11T00:00:00+00:00, run_after=2024-12-12T00:00:00+00:00
[2024-12-12T15:32:30.887+0000] {logging_mixin.py:150} INFO - [2024-12-12T15:32:30.887+0000] {dag.py:3504} INFO - Setting next_dagrun for example_branch_datetime_operator_2 to 2024-12-11T00:00:00+00:00, run_after=2024-12-12T00:00:00+00:00
[2024-12-12T15:32:30.889+0000] {logging_mixin.py:150} INFO - [2024-12-12T15:32:30.889+0000] {dag.py:3504} INFO - Setting next_dagrun for example_branch_datetime_operator_3 to 2024-12-11T00:00:00+00:00, run_after=2024-12-12T00:00:00+00:00
[2024-12-12T15:32:30.903+0000] {processor.py:179} INFO - Processing /home/vscode/.local/lib/python3.10/site-packages/airflow/example_dags/example_branch_datetime_operator.py took 0.058 seconds
[2024-12-12T15:33:17.244+0000] {processor.py:157} INFO - Started process (PID=32131) to work on /home/vscode/.local/lib/python3.10/site-packages/airflow/example_dags/example_branch_datetime_operator.py
[2024-12-12T15:33:17.245+0000] {processor.py:826} INFO - Processing file /home/vscode/.local/lib/python3.10/site-packages/airflow/example_dags/example_branch_datetime_operator.py for tasks to queue
[2024-12-12T15:33:17.245+0000] {logging_mixin.py:150} INFO - [2024-12-12T15:33:17.245+0000] {dagbag.py:541} INFO - Filling up the DagBag from /home/vscode/.local/lib/python3.10/site-packages/airflow/example_dags/example_branch_datetime_operator.py
[2024-12-12T15:33:17.253+0000] {processor.py:836} INFO - DAG(s) dict_keys(['example_branch_datetime_operator_2', 'example_branch_datetime_operator', 'example_branch_datetime_operator_3']) retrieved from /home/vscode/.local/lib/python3.10/site-packages/airflow/example_dags/example_branch_datetime_operator.py
[2024-12-12T15:33:17.268+0000] {logging_mixin.py:150} INFO - [2024-12-12T15:33:17.268+0000] {dag.py:2742} INFO - Sync 3 DAGs
[2024-12-12T15:33:17.282+0000] {logging_mixin.py:150} INFO - [2024-12-12T15:33:17.281+0000] {dag.py:3504} INFO - Setting next_dagrun for example_branch_datetime_operator to 2024-12-11T00:00:00+00:00, run_after=2024-12-12T00:00:00+00:00
[2024-12-12T15:33:17.284+0000] {logging_mixin.py:150} INFO - [2024-12-12T15:33:17.284+0000] {dag.py:3504} INFO - Setting next_dagrun for example_branch_datetime_operator_2 to 2024-12-11T00:00:00+00:00, run_after=2024-12-12T00:00:00+00:00
[2024-12-12T15:33:17.286+0000] {logging_mixin.py:150} INFO - [2024-12-12T15:33:17.286+0000] {dag.py:3504} INFO - Setting next_dagrun for example_branch_datetime_operator_3 to 2024-12-11T00:00:00+00:00, run_after=2024-12-12T00:00:00+00:00
[2024-12-12T15:33:17.298+0000] {processor.py:179} INFO - Processing /home/vscode/.local/lib/python3.10/site-packages/airflow/example_dags/example_branch_datetime_operator.py took 0.056 seconds
[2024-12-12T15:34:00.294+0000] {processor.py:157} INFO - Started process (PID=32439) to work on /home/vscode/.local/lib/python3.10/site-packages/airflow/example_dags/example_branch_datetime_operator.py
[2024-12-12T15:34:00.295+0000] {processor.py:826} INFO - Processing file /home/vscode/.local/lib/python3.10/site-packages/airflow/example_dags/example_branch_datetime_operator.py for tasks to queue
[2024-12-12T15:34:00.295+0000] {logging_mixin.py:150} INFO - [2024-12-12T15:34:00.295+0000] {dagbag.py:541} INFO - Filling up the DagBag from /home/vscode/.local/lib/python3.10/site-packages/airflow/example_dags/example_branch_datetime_operator.py
[2024-12-12T15:34:00.302+0000] {processor.py:836} INFO - DAG(s) dict_keys(['example_branch_datetime_operator_2', 'example_branch_datetime_operator', 'example_branch_datetime_operator_3']) retrieved from /home/vscode/.local/lib/python3.10/site-packages/airflow/example_dags/example_branch_datetime_operator.py
[2024-12-12T15:34:00.317+0000] {logging_mixin.py:150} INFO - [2024-12-12T15:34:00.317+0000] {dag.py:2742} INFO - Sync 3 DAGs
[2024-12-12T15:34:00.331+0000] {logging_mixin.py:150} INFO - [2024-12-12T15:34:00.330+0000] {dag.py:3504} INFO - Setting next_dagrun for example_branch_datetime_operator to 2024-12-11T00:00:00+00:00, run_after=2024-12-12T00:00:00+00:00
[2024-12-12T15:34:00.333+0000] {logging_mixin.py:150} INFO - [2024-12-12T15:34:00.333+0000] {dag.py:3504} INFO - Setting next_dagrun for example_branch_datetime_operator_2 to 2024-12-11T00:00:00+00:00, run_after=2024-12-12T00:00:00+00:00
[2024-12-12T15:34:00.335+0000] {logging_mixin.py:150} INFO - [2024-12-12T15:34:00.335+0000] {dag.py:3504} INFO - Setting next_dagrun for example_branch_datetime_operator_3 to 2024-12-11T00:00:00+00:00, run_after=2024-12-12T00:00:00+00:00
[2024-12-12T15:34:00.348+0000] {processor.py:179} INFO - Processing /home/vscode/.local/lib/python3.10/site-packages/airflow/example_dags/example_branch_datetime_operator.py took 0.056 seconds
[2024-12-12T15:34:44.102+0000] {processor.py:157} INFO - Started process (PID=32739) to work on /home/vscode/.local/lib/python3.10/site-packages/airflow/example_dags/example_branch_datetime_operator.py
[2024-12-12T15:34:44.103+0000] {processor.py:826} INFO - Processing file /home/vscode/.local/lib/python3.10/site-packages/airflow/example_dags/example_branch_datetime_operator.py for tasks to queue
[2024-12-12T15:34:44.103+0000] {logging_mixin.py:150} INFO - [2024-12-12T15:34:44.103+0000] {dagbag.py:541} INFO - Filling up the DagBag from /home/vscode/.local/lib/python3.10/site-packages/airflow/example_dags/example_branch_datetime_operator.py
[2024-12-12T15:34:44.110+0000] {processor.py:836} INFO - DAG(s) dict_keys(['example_branch_datetime_operator', 'example_branch_datetime_operator_3', 'example_branch_datetime_operator_2']) retrieved from /home/vscode/.local/lib/python3.10/site-packages/airflow/example_dags/example_branch_datetime_operator.py
[2024-12-12T15:34:44.126+0000] {logging_mixin.py:150} INFO - [2024-12-12T15:34:44.126+0000] {dag.py:2742} INFO - Sync 3 DAGs
[2024-12-12T15:34:44.140+0000] {logging_mixin.py:150} INFO - [2024-12-12T15:34:44.140+0000] {dag.py:3504} INFO - Setting next_dagrun for example_branch_datetime_operator to 2024-12-11T00:00:00+00:00, run_after=2024-12-12T00:00:00+00:00
[2024-12-12T15:34:44.143+0000] {logging_mixin.py:150} INFO - [2024-12-12T15:34:44.143+0000] {dag.py:3504} INFO - Setting next_dagrun for example_branch_datetime_operator_2 to 2024-12-11T00:00:00+00:00, run_after=2024-12-12T00:00:00+00:00
[2024-12-12T15:34:44.144+0000] {logging_mixin.py:150} INFO - [2024-12-12T15:34:44.144+0000] {dag.py:3504} INFO - Setting next_dagrun for example_branch_datetime_operator_3 to 2024-12-11T00:00:00+00:00, run_after=2024-12-12T00:00:00+00:00
[2024-12-12T15:34:44.157+0000] {processor.py:179} INFO - Processing /home/vscode/.local/lib/python3.10/site-packages/airflow/example_dags/example_branch_datetime_operator.py took 0.057 seconds
[2024-12-12T15:35:34.658+0000] {processor.py:157} INFO - Started process (PID=33113) to work on /home/vscode/.local/lib/python3.10/site-packages/airflow/example_dags/example_branch_datetime_operator.py
[2024-12-12T15:35:34.659+0000] {processor.py:826} INFO - Processing file /home/vscode/.local/lib/python3.10/site-packages/airflow/example_dags/example_branch_datetime_operator.py for tasks to queue
[2024-12-12T15:35:34.659+0000] {logging_mixin.py:150} INFO - [2024-12-12T15:35:34.659+0000] {dagbag.py:541} INFO - Filling up the DagBag from /home/vscode/.local/lib/python3.10/site-packages/airflow/example_dags/example_branch_datetime_operator.py
[2024-12-12T15:35:34.666+0000] {processor.py:836} INFO - DAG(s) dict_keys(['example_branch_datetime_operator', 'example_branch_datetime_operator_2', 'example_branch_datetime_operator_3']) retrieved from /home/vscode/.local/lib/python3.10/site-packages/airflow/example_dags/example_branch_datetime_operator.py
[2024-12-12T15:35:34.681+0000] {logging_mixin.py:150} INFO - [2024-12-12T15:35:34.681+0000] {dag.py:2742} INFO - Sync 3 DAGs
[2024-12-12T15:35:34.695+0000] {logging_mixin.py:150} INFO - [2024-12-12T15:35:34.695+0000] {dag.py:3504} INFO - Setting next_dagrun for example_branch_datetime_operator to 2024-12-11T00:00:00+00:00, run_after=2024-12-12T00:00:00+00:00
[2024-12-12T15:35:34.698+0000] {logging_mixin.py:150} INFO - [2024-12-12T15:35:34.698+0000] {dag.py:3504} INFO - Setting next_dagrun for example_branch_datetime_operator_2 to 2024-12-11T00:00:00+00:00, run_after=2024-12-12T00:00:00+00:00
[2024-12-12T15:35:34.700+0000] {logging_mixin.py:150} INFO - [2024-12-12T15:35:34.700+0000] {dag.py:3504} INFO - Setting next_dagrun for example_branch_datetime_operator_3 to 2024-12-11T00:00:00+00:00, run_after=2024-12-12T00:00:00+00:00
[2024-12-12T15:35:34.713+0000] {processor.py:179} INFO - Processing /home/vscode/.local/lib/python3.10/site-packages/airflow/example_dags/example_branch_datetime_operator.py took 0.057 seconds
[2024-12-12T15:36:17.246+0000] {processor.py:157} INFO - Started process (PID=33511) to work on /home/vscode/.local/lib/python3.10/site-packages/airflow/example_dags/example_branch_datetime_operator.py
[2024-12-12T15:36:17.246+0000] {processor.py:826} INFO - Processing file /home/vscode/.local/lib/python3.10/site-packages/airflow/example_dags/example_branch_datetime_operator.py for tasks to queue
[2024-12-12T15:36:17.247+0000] {logging_mixin.py:150} INFO - [2024-12-12T15:36:17.247+0000] {dagbag.py:541} INFO - Filling up the DagBag from /home/vscode/.local/lib/python3.10/site-packages/airflow/example_dags/example_branch_datetime_operator.py
[2024-12-12T15:36:17.255+0000] {processor.py:836} INFO - DAG(s) dict_keys(['example_branch_datetime_operator', 'example_branch_datetime_operator_2', 'example_branch_datetime_operator_3']) retrieved from /home/vscode/.local/lib/python3.10/site-packages/airflow/example_dags/example_branch_datetime_operator.py
[2024-12-12T15:36:17.272+0000] {logging_mixin.py:150} INFO - [2024-12-12T15:36:17.272+0000] {dag.py:2742} INFO - Sync 3 DAGs
[2024-12-12T15:36:17.287+0000] {logging_mixin.py:150} INFO - [2024-12-12T15:36:17.286+0000] {dag.py:3504} INFO - Setting next_dagrun for example_branch_datetime_operator to 2024-12-11T00:00:00+00:00, run_after=2024-12-12T00:00:00+00:00
[2024-12-12T15:36:17.289+0000] {logging_mixin.py:150} INFO - [2024-12-12T15:36:17.289+0000] {dag.py:3504} INFO - Setting next_dagrun for example_branch_datetime_operator_2 to 2024-12-11T00:00:00+00:00, run_after=2024-12-12T00:00:00+00:00
[2024-12-12T15:36:17.291+0000] {logging_mixin.py:150} INFO - [2024-12-12T15:36:17.291+0000] {dag.py:3504} INFO - Setting next_dagrun for example_branch_datetime_operator_3 to 2024-12-11T00:00:00+00:00, run_after=2024-12-12T00:00:00+00:00
[2024-12-12T15:36:17.304+0000] {processor.py:179} INFO - Processing /home/vscode/.local/lib/python3.10/site-packages/airflow/example_dags/example_branch_datetime_operator.py took 0.060 seconds
[2024-12-12T15:37:08.131+0000] {processor.py:157} INFO - Started process (PID=34066) to work on /home/vscode/.local/lib/python3.10/site-packages/airflow/example_dags/example_branch_datetime_operator.py
[2024-12-12T15:37:08.132+0000] {processor.py:826} INFO - Processing file /home/vscode/.local/lib/python3.10/site-packages/airflow/example_dags/example_branch_datetime_operator.py for tasks to queue
[2024-12-12T15:37:08.133+0000] {logging_mixin.py:150} INFO - [2024-12-12T15:37:08.132+0000] {dagbag.py:541} INFO - Filling up the DagBag from /home/vscode/.local/lib/python3.10/site-packages/airflow/example_dags/example_branch_datetime_operator.py
[2024-12-12T15:37:08.140+0000] {processor.py:836} INFO - DAG(s) dict_keys(['example_branch_datetime_operator_2', 'example_branch_datetime_operator_3', 'example_branch_datetime_operator']) retrieved from /home/vscode/.local/lib/python3.10/site-packages/airflow/example_dags/example_branch_datetime_operator.py
[2024-12-12T15:37:08.155+0000] {logging_mixin.py:150} INFO - [2024-12-12T15:37:08.155+0000] {dag.py:2742} INFO - Sync 3 DAGs
[2024-12-12T15:37:08.169+0000] {logging_mixin.py:150} INFO - [2024-12-12T15:37:08.169+0000] {dag.py:3504} INFO - Setting next_dagrun for example_branch_datetime_operator to 2024-12-11T00:00:00+00:00, run_after=2024-12-12T00:00:00+00:00
[2024-12-12T15:37:08.172+0000] {logging_mixin.py:150} INFO - [2024-12-12T15:37:08.172+0000] {dag.py:3504} INFO - Setting next_dagrun for example_branch_datetime_operator_2 to 2024-12-11T00:00:00+00:00, run_after=2024-12-12T00:00:00+00:00
[2024-12-12T15:37:08.173+0000] {logging_mixin.py:150} INFO - [2024-12-12T15:37:08.173+0000] {dag.py:3504} INFO - Setting next_dagrun for example_branch_datetime_operator_3 to 2024-12-11T00:00:00+00:00, run_after=2024-12-12T00:00:00+00:00
[2024-12-12T15:37:08.186+0000] {processor.py:179} INFO - Processing /home/vscode/.local/lib/python3.10/site-packages/airflow/example_dags/example_branch_datetime_operator.py took 0.057 seconds
[2024-12-12T15:37:54.188+0000] {processor.py:157} INFO - Started process (PID=34401) to work on /home/vscode/.local/lib/python3.10/site-packages/airflow/example_dags/example_branch_datetime_operator.py
[2024-12-12T15:37:54.189+0000] {processor.py:826} INFO - Processing file /home/vscode/.local/lib/python3.10/site-packages/airflow/example_dags/example_branch_datetime_operator.py for tasks to queue
[2024-12-12T15:37:54.189+0000] {logging_mixin.py:150} INFO - [2024-12-12T15:37:54.189+0000] {dagbag.py:541} INFO - Filling up the DagBag from /home/vscode/.local/lib/python3.10/site-packages/airflow/example_dags/example_branch_datetime_operator.py
[2024-12-12T15:37:54.196+0000] {processor.py:836} INFO - DAG(s) dict_keys(['example_branch_datetime_operator_3', 'example_branch_datetime_operator', 'example_branch_datetime_operator_2']) retrieved from /home/vscode/.local/lib/python3.10/site-packages/airflow/example_dags/example_branch_datetime_operator.py
[2024-12-12T15:37:54.212+0000] {logging_mixin.py:150} INFO - [2024-12-12T15:37:54.211+0000] {dag.py:2742} INFO - Sync 3 DAGs
[2024-12-12T15:37:54.226+0000] {logging_mixin.py:150} INFO - [2024-12-12T15:37:54.226+0000] {dag.py:3504} INFO - Setting next_dagrun for example_branch_datetime_operator to 2024-12-11T00:00:00+00:00, run_after=2024-12-12T00:00:00+00:00
[2024-12-12T15:37:54.229+0000] {logging_mixin.py:150} INFO - [2024-12-12T15:37:54.229+0000] {dag.py:3504} INFO - Setting next_dagrun for example_branch_datetime_operator_2 to 2024-12-11T00:00:00+00:00, run_after=2024-12-12T00:00:00+00:00
[2024-12-12T15:37:54.230+0000] {logging_mixin.py:150} INFO - [2024-12-12T15:37:54.230+0000] {dag.py:3504} INFO - Setting next_dagrun for example_branch_datetime_operator_3 to 2024-12-11T00:00:00+00:00, run_after=2024-12-12T00:00:00+00:00
[2024-12-12T15:37:54.244+0000] {processor.py:179} INFO - Processing /home/vscode/.local/lib/python3.10/site-packages/airflow/example_dags/example_branch_datetime_operator.py took 0.057 seconds
[2024-12-12T15:38:37.491+0000] {processor.py:157} INFO - Started process (PID=34717) to work on /home/vscode/.local/lib/python3.10/site-packages/airflow/example_dags/example_branch_datetime_operator.py
[2024-12-12T15:38:37.491+0000] {processor.py:826} INFO - Processing file /home/vscode/.local/lib/python3.10/site-packages/airflow/example_dags/example_branch_datetime_operator.py for tasks to queue
[2024-12-12T15:38:37.492+0000] {logging_mixin.py:150} INFO - [2024-12-12T15:38:37.492+0000] {dagbag.py:541} INFO - Filling up the DagBag from /home/vscode/.local/lib/python3.10/site-packages/airflow/example_dags/example_branch_datetime_operator.py
[2024-12-12T15:38:37.499+0000] {processor.py:836} INFO - DAG(s) dict_keys(['example_branch_datetime_operator_3', 'example_branch_datetime_operator_2', 'example_branch_datetime_operator']) retrieved from /home/vscode/.local/lib/python3.10/site-packages/airflow/example_dags/example_branch_datetime_operator.py
[2024-12-12T15:38:37.514+0000] {logging_mixin.py:150} INFO - [2024-12-12T15:38:37.514+0000] {dag.py:2742} INFO - Sync 3 DAGs
[2024-12-12T15:38:37.528+0000] {logging_mixin.py:150} INFO - [2024-12-12T15:38:37.528+0000] {dag.py:3504} INFO - Setting next_dagrun for example_branch_datetime_operator to 2024-12-11T00:00:00+00:00, run_after=2024-12-12T00:00:00+00:00
[2024-12-12T15:38:37.531+0000] {logging_mixin.py:150} INFO - [2024-12-12T15:38:37.531+0000] {dag.py:3504} INFO - Setting next_dagrun for example_branch_datetime_operator_2 to 2024-12-11T00:00:00+00:00, run_after=2024-12-12T00:00:00+00:00
[2024-12-12T15:38:37.533+0000] {logging_mixin.py:150} INFO - [2024-12-12T15:38:37.533+0000] {dag.py:3504} INFO - Setting next_dagrun for example_branch_datetime_operator_3 to 2024-12-11T00:00:00+00:00, run_after=2024-12-12T00:00:00+00:00
[2024-12-12T15:38:37.546+0000] {processor.py:179} INFO - Processing /home/vscode/.local/lib/python3.10/site-packages/airflow/example_dags/example_branch_datetime_operator.py took 0.057 seconds
[2024-12-12T15:39:21.667+0000] {processor.py:157} INFO - Started process (PID=35358) to work on /home/vscode/.local/lib/python3.10/site-packages/airflow/example_dags/example_branch_datetime_operator.py
[2024-12-12T15:39:21.668+0000] {processor.py:826} INFO - Processing file /home/vscode/.local/lib/python3.10/site-packages/airflow/example_dags/example_branch_datetime_operator.py for tasks to queue
[2024-12-12T15:39:21.668+0000] {logging_mixin.py:150} INFO - [2024-12-12T15:39:21.668+0000] {dagbag.py:541} INFO - Filling up the DagBag from /home/vscode/.local/lib/python3.10/site-packages/airflow/example_dags/example_branch_datetime_operator.py
[2024-12-12T15:39:21.675+0000] {processor.py:836} INFO - DAG(s) dict_keys(['example_branch_datetime_operator_3', 'example_branch_datetime_operator_2', 'example_branch_datetime_operator']) retrieved from /home/vscode/.local/lib/python3.10/site-packages/airflow/example_dags/example_branch_datetime_operator.py
[2024-12-12T15:39:21.775+0000] {logging_mixin.py:150} INFO - [2024-12-12T15:39:21.775+0000] {dag.py:2742} INFO - Sync 3 DAGs
[2024-12-12T15:39:21.788+0000] {logging_mixin.py:150} INFO - [2024-12-12T15:39:21.788+0000] {dag.py:3504} INFO - Setting next_dagrun for example_branch_datetime_operator to 2024-12-11T00:00:00+00:00, run_after=2024-12-12T00:00:00+00:00
[2024-12-12T15:39:21.791+0000] {logging_mixin.py:150} INFO - [2024-12-12T15:39:21.791+0000] {dag.py:3504} INFO - Setting next_dagrun for example_branch_datetime_operator_2 to 2024-12-11T00:00:00+00:00, run_after=2024-12-12T00:00:00+00:00
[2024-12-12T15:39:21.792+0000] {logging_mixin.py:150} INFO - [2024-12-12T15:39:21.792+0000] {dag.py:3504} INFO - Setting next_dagrun for example_branch_datetime_operator_3 to 2024-12-11T00:00:00+00:00, run_after=2024-12-12T00:00:00+00:00
[2024-12-12T15:39:21.805+0000] {processor.py:179} INFO - Processing /home/vscode/.local/lib/python3.10/site-packages/airflow/example_dags/example_branch_datetime_operator.py took 0.140 seconds
[2024-12-12T15:40:08.746+0000] {processor.py:157} INFO - Started process (PID=35766) to work on /home/vscode/.local/lib/python3.10/site-packages/airflow/example_dags/example_branch_datetime_operator.py
[2024-12-12T15:40:08.747+0000] {processor.py:826} INFO - Processing file /home/vscode/.local/lib/python3.10/site-packages/airflow/example_dags/example_branch_datetime_operator.py for tasks to queue
[2024-12-12T15:40:08.748+0000] {logging_mixin.py:150} INFO - [2024-12-12T15:40:08.747+0000] {dagbag.py:541} INFO - Filling up the DagBag from /home/vscode/.local/lib/python3.10/site-packages/airflow/example_dags/example_branch_datetime_operator.py
[2024-12-12T15:40:08.758+0000] {processor.py:836} INFO - DAG(s) dict_keys(['example_branch_datetime_operator_3', 'example_branch_datetime_operator_2', 'example_branch_datetime_operator']) retrieved from /home/vscode/.local/lib/python3.10/site-packages/airflow/example_dags/example_branch_datetime_operator.py
[2024-12-12T15:40:08.775+0000] {logging_mixin.py:150} INFO - [2024-12-12T15:40:08.775+0000] {dag.py:2742} INFO - Sync 3 DAGs
[2024-12-12T15:40:08.790+0000] {logging_mixin.py:150} INFO - [2024-12-12T15:40:08.790+0000] {dag.py:3504} INFO - Setting next_dagrun for example_branch_datetime_operator to 2024-12-11T00:00:00+00:00, run_after=2024-12-12T00:00:00+00:00
[2024-12-12T15:40:08.793+0000] {logging_mixin.py:150} INFO - [2024-12-12T15:40:08.793+0000] {dag.py:3504} INFO - Setting next_dagrun for example_branch_datetime_operator_2 to 2024-12-11T00:00:00+00:00, run_after=2024-12-12T00:00:00+00:00
[2024-12-12T15:40:08.794+0000] {logging_mixin.py:150} INFO - [2024-12-12T15:40:08.794+0000] {dag.py:3504} INFO - Setting next_dagrun for example_branch_datetime_operator_3 to 2024-12-11T00:00:00+00:00, run_after=2024-12-12T00:00:00+00:00
[2024-12-12T15:40:08.807+0000] {processor.py:179} INFO - Processing /home/vscode/.local/lib/python3.10/site-packages/airflow/example_dags/example_branch_datetime_operator.py took 0.063 seconds
[2024-12-12T15:40:52.118+0000] {processor.py:157} INFO - Started process (PID=36201) to work on /home/vscode/.local/lib/python3.10/site-packages/airflow/example_dags/example_branch_datetime_operator.py
[2024-12-12T15:40:52.118+0000] {processor.py:826} INFO - Processing file /home/vscode/.local/lib/python3.10/site-packages/airflow/example_dags/example_branch_datetime_operator.py for tasks to queue
[2024-12-12T15:40:52.119+0000] {logging_mixin.py:150} INFO - [2024-12-12T15:40:52.119+0000] {dagbag.py:541} INFO - Filling up the DagBag from /home/vscode/.local/lib/python3.10/site-packages/airflow/example_dags/example_branch_datetime_operator.py
[2024-12-12T15:40:52.126+0000] {processor.py:836} INFO - DAG(s) dict_keys(['example_branch_datetime_operator_2', 'example_branch_datetime_operator', 'example_branch_datetime_operator_3']) retrieved from /home/vscode/.local/lib/python3.10/site-packages/airflow/example_dags/example_branch_datetime_operator.py
[2024-12-12T15:40:52.141+0000] {logging_mixin.py:150} INFO - [2024-12-12T15:40:52.141+0000] {dag.py:2742} INFO - Sync 3 DAGs
[2024-12-12T15:40:52.155+0000] {logging_mixin.py:150} INFO - [2024-12-12T15:40:52.155+0000] {dag.py:3504} INFO - Setting next_dagrun for example_branch_datetime_operator to 2024-12-11T00:00:00+00:00, run_after=2024-12-12T00:00:00+00:00
[2024-12-12T15:40:52.158+0000] {logging_mixin.py:150} INFO - [2024-12-12T15:40:52.157+0000] {dag.py:3504} INFO - Setting next_dagrun for example_branch_datetime_operator_2 to 2024-12-11T00:00:00+00:00, run_after=2024-12-12T00:00:00+00:00
[2024-12-12T15:40:52.159+0000] {logging_mixin.py:150} INFO - [2024-12-12T15:40:52.159+0000] {dag.py:3504} INFO - Setting next_dagrun for example_branch_datetime_operator_3 to 2024-12-11T00:00:00+00:00, run_after=2024-12-12T00:00:00+00:00
[2024-12-12T15:40:52.172+0000] {processor.py:179} INFO - Processing /home/vscode/.local/lib/python3.10/site-packages/airflow/example_dags/example_branch_datetime_operator.py took 0.056 seconds
[2024-12-12T15:41:37.275+0000] {processor.py:157} INFO - Started process (PID=36550) to work on /home/vscode/.local/lib/python3.10/site-packages/airflow/example_dags/example_branch_datetime_operator.py
[2024-12-12T15:41:37.275+0000] {processor.py:826} INFO - Processing file /home/vscode/.local/lib/python3.10/site-packages/airflow/example_dags/example_branch_datetime_operator.py for tasks to queue
[2024-12-12T15:41:37.276+0000] {logging_mixin.py:150} INFO - [2024-12-12T15:41:37.276+0000] {dagbag.py:541} INFO - Filling up the DagBag from /home/vscode/.local/lib/python3.10/site-packages/airflow/example_dags/example_branch_datetime_operator.py
[2024-12-12T15:41:37.285+0000] {processor.py:836} INFO - DAG(s) dict_keys(['example_branch_datetime_operator_2', 'example_branch_datetime_operator', 'example_branch_datetime_operator_3']) retrieved from /home/vscode/.local/lib/python3.10/site-packages/airflow/example_dags/example_branch_datetime_operator.py
[2024-12-12T15:41:37.300+0000] {logging_mixin.py:150} INFO - [2024-12-12T15:41:37.300+0000] {dag.py:2742} INFO - Sync 3 DAGs
[2024-12-12T15:41:37.315+0000] {logging_mixin.py:150} INFO - [2024-12-12T15:41:37.315+0000] {dag.py:3504} INFO - Setting next_dagrun for example_branch_datetime_operator to 2024-12-11T00:00:00+00:00, run_after=2024-12-12T00:00:00+00:00
[2024-12-12T15:41:37.318+0000] {logging_mixin.py:150} INFO - [2024-12-12T15:41:37.317+0000] {dag.py:3504} INFO - Setting next_dagrun for example_branch_datetime_operator_2 to 2024-12-11T00:00:00+00:00, run_after=2024-12-12T00:00:00+00:00
[2024-12-12T15:41:37.319+0000] {logging_mixin.py:150} INFO - [2024-12-12T15:41:37.319+0000] {dag.py:3504} INFO - Setting next_dagrun for example_branch_datetime_operator_3 to 2024-12-11T00:00:00+00:00, run_after=2024-12-12T00:00:00+00:00
[2024-12-12T15:41:37.332+0000] {processor.py:179} INFO - Processing /home/vscode/.local/lib/python3.10/site-packages/airflow/example_dags/example_branch_datetime_operator.py took 0.059 seconds
[2024-12-12T15:42:22.371+0000] {processor.py:157} INFO - Started process (PID=36955) to work on /home/vscode/.local/lib/python3.10/site-packages/airflow/example_dags/example_branch_datetime_operator.py
[2024-12-12T15:42:22.372+0000] {processor.py:826} INFO - Processing file /home/vscode/.local/lib/python3.10/site-packages/airflow/example_dags/example_branch_datetime_operator.py for tasks to queue
[2024-12-12T15:42:22.373+0000] {logging_mixin.py:150} INFO - [2024-12-12T15:42:22.372+0000] {dagbag.py:541} INFO - Filling up the DagBag from /home/vscode/.local/lib/python3.10/site-packages/airflow/example_dags/example_branch_datetime_operator.py
[2024-12-12T15:42:22.380+0000] {processor.py:836} INFO - DAG(s) dict_keys(['example_branch_datetime_operator_2', 'example_branch_datetime_operator', 'example_branch_datetime_operator_3']) retrieved from /home/vscode/.local/lib/python3.10/site-packages/airflow/example_dags/example_branch_datetime_operator.py
[2024-12-12T15:42:22.395+0000] {logging_mixin.py:150} INFO - [2024-12-12T15:42:22.395+0000] {dag.py:2742} INFO - Sync 3 DAGs
[2024-12-12T15:42:22.409+0000] {logging_mixin.py:150} INFO - [2024-12-12T15:42:22.409+0000] {dag.py:3504} INFO - Setting next_dagrun for example_branch_datetime_operator to 2024-12-11T00:00:00+00:00, run_after=2024-12-12T00:00:00+00:00
[2024-12-12T15:42:22.412+0000] {logging_mixin.py:150} INFO - [2024-12-12T15:42:22.412+0000] {dag.py:3504} INFO - Setting next_dagrun for example_branch_datetime_operator_2 to 2024-12-11T00:00:00+00:00, run_after=2024-12-12T00:00:00+00:00
[2024-12-12T15:42:22.414+0000] {logging_mixin.py:150} INFO - [2024-12-12T15:42:22.414+0000] {dag.py:3504} INFO - Setting next_dagrun for example_branch_datetime_operator_3 to 2024-12-11T00:00:00+00:00, run_after=2024-12-12T00:00:00+00:00
[2024-12-12T15:42:22.428+0000] {processor.py:179} INFO - Processing /home/vscode/.local/lib/python3.10/site-packages/airflow/example_dags/example_branch_datetime_operator.py took 0.059 seconds
[2024-12-12T15:43:09.712+0000] {processor.py:157} INFO - Started process (PID=37332) to work on /home/vscode/.local/lib/python3.10/site-packages/airflow/example_dags/example_branch_datetime_operator.py
[2024-12-12T15:43:09.712+0000] {processor.py:826} INFO - Processing file /home/vscode/.local/lib/python3.10/site-packages/airflow/example_dags/example_branch_datetime_operator.py for tasks to queue
[2024-12-12T15:43:09.713+0000] {logging_mixin.py:150} INFO - [2024-12-12T15:43:09.713+0000] {dagbag.py:541} INFO - Filling up the DagBag from /home/vscode/.local/lib/python3.10/site-packages/airflow/example_dags/example_branch_datetime_operator.py
[2024-12-12T15:43:09.720+0000] {processor.py:836} INFO - DAG(s) dict_keys(['example_branch_datetime_operator', 'example_branch_datetime_operator_3', 'example_branch_datetime_operator_2']) retrieved from /home/vscode/.local/lib/python3.10/site-packages/airflow/example_dags/example_branch_datetime_operator.py
[2024-12-12T15:43:09.736+0000] {logging_mixin.py:150} INFO - [2024-12-12T15:43:09.736+0000] {dag.py:2742} INFO - Sync 3 DAGs
[2024-12-12T15:43:09.750+0000] {logging_mixin.py:150} INFO - [2024-12-12T15:43:09.750+0000] {dag.py:3504} INFO - Setting next_dagrun for example_branch_datetime_operator to 2024-12-11T00:00:00+00:00, run_after=2024-12-12T00:00:00+00:00
[2024-12-12T15:43:09.753+0000] {logging_mixin.py:150} INFO - [2024-12-12T15:43:09.753+0000] {dag.py:3504} INFO - Setting next_dagrun for example_branch_datetime_operator_2 to 2024-12-11T00:00:00+00:00, run_after=2024-12-12T00:00:00+00:00
[2024-12-12T15:43:09.754+0000] {logging_mixin.py:150} INFO - [2024-12-12T15:43:09.754+0000] {dag.py:3504} INFO - Setting next_dagrun for example_branch_datetime_operator_3 to 2024-12-11T00:00:00+00:00, run_after=2024-12-12T00:00:00+00:00
[2024-12-12T15:43:09.768+0000] {processor.py:179} INFO - Processing /home/vscode/.local/lib/python3.10/site-packages/airflow/example_dags/example_branch_datetime_operator.py took 0.058 seconds
[2024-12-12T15:44:01.048+0000] {processor.py:157} INFO - Started process (PID=37753) to work on /home/vscode/.local/lib/python3.10/site-packages/airflow/example_dags/example_branch_datetime_operator.py
[2024-12-12T15:44:01.049+0000] {processor.py:826} INFO - Processing file /home/vscode/.local/lib/python3.10/site-packages/airflow/example_dags/example_branch_datetime_operator.py for tasks to queue
[2024-12-12T15:44:01.050+0000] {logging_mixin.py:150} INFO - [2024-12-12T15:44:01.049+0000] {dagbag.py:541} INFO - Filling up the DagBag from /home/vscode/.local/lib/python3.10/site-packages/airflow/example_dags/example_branch_datetime_operator.py
[2024-12-12T15:44:01.061+0000] {processor.py:836} INFO - DAG(s) dict_keys(['example_branch_datetime_operator_3', 'example_branch_datetime_operator_2', 'example_branch_datetime_operator']) retrieved from /home/vscode/.local/lib/python3.10/site-packages/airflow/example_dags/example_branch_datetime_operator.py
[2024-12-12T15:44:01.077+0000] {logging_mixin.py:150} INFO - [2024-12-12T15:44:01.077+0000] {dag.py:2742} INFO - Sync 3 DAGs
[2024-12-12T15:44:01.092+0000] {logging_mixin.py:150} INFO - [2024-12-12T15:44:01.092+0000] {dag.py:3504} INFO - Setting next_dagrun for example_branch_datetime_operator to 2024-12-11T00:00:00+00:00, run_after=2024-12-12T00:00:00+00:00
[2024-12-12T15:44:01.095+0000] {logging_mixin.py:150} INFO - [2024-12-12T15:44:01.094+0000] {dag.py:3504} INFO - Setting next_dagrun for example_branch_datetime_operator_2 to 2024-12-11T00:00:00+00:00, run_after=2024-12-12T00:00:00+00:00
[2024-12-12T15:44:01.096+0000] {logging_mixin.py:150} INFO - [2024-12-12T15:44:01.096+0000] {dag.py:3504} INFO - Setting next_dagrun for example_branch_datetime_operator_3 to 2024-12-11T00:00:00+00:00, run_after=2024-12-12T00:00:00+00:00
[2024-12-12T15:44:01.108+0000] {processor.py:179} INFO - Processing /home/vscode/.local/lib/python3.10/site-packages/airflow/example_dags/example_branch_datetime_operator.py took 0.063 seconds
[2024-12-12T15:44:42.947+0000] {processor.py:157} INFO - Started process (PID=38086) to work on /home/vscode/.local/lib/python3.10/site-packages/airflow/example_dags/example_branch_datetime_operator.py
[2024-12-12T15:44:42.947+0000] {processor.py:826} INFO - Processing file /home/vscode/.local/lib/python3.10/site-packages/airflow/example_dags/example_branch_datetime_operator.py for tasks to queue
[2024-12-12T15:44:42.948+0000] {logging_mixin.py:150} INFO - [2024-12-12T15:44:42.948+0000] {dagbag.py:541} INFO - Filling up the DagBag from /home/vscode/.local/lib/python3.10/site-packages/airflow/example_dags/example_branch_datetime_operator.py
[2024-12-12T15:44:42.955+0000] {processor.py:836} INFO - DAG(s) dict_keys(['example_branch_datetime_operator', 'example_branch_datetime_operator_3', 'example_branch_datetime_operator_2']) retrieved from /home/vscode/.local/lib/python3.10/site-packages/airflow/example_dags/example_branch_datetime_operator.py
[2024-12-12T15:44:42.971+0000] {logging_mixin.py:150} INFO - [2024-12-12T15:44:42.970+0000] {dag.py:2742} INFO - Sync 3 DAGs
[2024-12-12T15:44:42.985+0000] {logging_mixin.py:150} INFO - [2024-12-12T15:44:42.984+0000] {dag.py:3504} INFO - Setting next_dagrun for example_branch_datetime_operator to 2024-12-11T00:00:00+00:00, run_after=2024-12-12T00:00:00+00:00
[2024-12-12T15:44:42.987+0000] {logging_mixin.py:150} INFO - [2024-12-12T15:44:42.987+0000] {dag.py:3504} INFO - Setting next_dagrun for example_branch_datetime_operator_2 to 2024-12-11T00:00:00+00:00, run_after=2024-12-12T00:00:00+00:00
[2024-12-12T15:44:42.989+0000] {logging_mixin.py:150} INFO - [2024-12-12T15:44:42.989+0000] {dag.py:3504} INFO - Setting next_dagrun for example_branch_datetime_operator_3 to 2024-12-11T00:00:00+00:00, run_after=2024-12-12T00:00:00+00:00
[2024-12-12T15:44:43.001+0000] {processor.py:179} INFO - Processing /home/vscode/.local/lib/python3.10/site-packages/airflow/example_dags/example_branch_datetime_operator.py took 0.056 seconds
[2024-12-12T15:45:38.764+0000] {processor.py:157} INFO - Started process (PID=38528) to work on /home/vscode/.local/lib/python3.10/site-packages/airflow/example_dags/example_branch_datetime_operator.py
[2024-12-12T15:45:38.765+0000] {processor.py:826} INFO - Processing file /home/vscode/.local/lib/python3.10/site-packages/airflow/example_dags/example_branch_datetime_operator.py for tasks to queue
[2024-12-12T15:45:38.765+0000] {logging_mixin.py:150} INFO - [2024-12-12T15:45:38.765+0000] {dagbag.py:541} INFO - Filling up the DagBag from /home/vscode/.local/lib/python3.10/site-packages/airflow/example_dags/example_branch_datetime_operator.py
[2024-12-12T15:45:38.772+0000] {processor.py:836} INFO - DAG(s) dict_keys(['example_branch_datetime_operator_2', 'example_branch_datetime_operator', 'example_branch_datetime_operator_3']) retrieved from /home/vscode/.local/lib/python3.10/site-packages/airflow/example_dags/example_branch_datetime_operator.py
[2024-12-12T15:45:38.788+0000] {logging_mixin.py:150} INFO - [2024-12-12T15:45:38.788+0000] {dag.py:2742} INFO - Sync 3 DAGs
[2024-12-12T15:45:38.803+0000] {logging_mixin.py:150} INFO - [2024-12-12T15:45:38.803+0000] {dag.py:3504} INFO - Setting next_dagrun for example_branch_datetime_operator to 2024-12-11T00:00:00+00:00, run_after=2024-12-12T00:00:00+00:00
[2024-12-12T15:45:38.806+0000] {logging_mixin.py:150} INFO - [2024-12-12T15:45:38.806+0000] {dag.py:3504} INFO - Setting next_dagrun for example_branch_datetime_operator_2 to 2024-12-11T00:00:00+00:00, run_after=2024-12-12T00:00:00+00:00
[2024-12-12T15:45:38.808+0000] {logging_mixin.py:150} INFO - [2024-12-12T15:45:38.807+0000] {dag.py:3504} INFO - Setting next_dagrun for example_branch_datetime_operator_3 to 2024-12-11T00:00:00+00:00, run_after=2024-12-12T00:00:00+00:00
[2024-12-12T15:45:38.821+0000] {processor.py:179} INFO - Processing /home/vscode/.local/lib/python3.10/site-packages/airflow/example_dags/example_branch_datetime_operator.py took 0.059 seconds
[2024-12-12T15:46:24.838+0000] {processor.py:157} INFO - Started process (PID=38892) to work on /home/vscode/.local/lib/python3.10/site-packages/airflow/example_dags/example_branch_datetime_operator.py
[2024-12-12T15:46:24.839+0000] {processor.py:826} INFO - Processing file /home/vscode/.local/lib/python3.10/site-packages/airflow/example_dags/example_branch_datetime_operator.py for tasks to queue
[2024-12-12T15:46:24.840+0000] {logging_mixin.py:150} INFO - [2024-12-12T15:46:24.839+0000] {dagbag.py:541} INFO - Filling up the DagBag from /home/vscode/.local/lib/python3.10/site-packages/airflow/example_dags/example_branch_datetime_operator.py
[2024-12-12T15:46:24.846+0000] {processor.py:836} INFO - DAG(s) dict_keys(['example_branch_datetime_operator_3', 'example_branch_datetime_operator_2', 'example_branch_datetime_operator']) retrieved from /home/vscode/.local/lib/python3.10/site-packages/airflow/example_dags/example_branch_datetime_operator.py
[2024-12-12T15:46:24.862+0000] {logging_mixin.py:150} INFO - [2024-12-12T15:46:24.862+0000] {dag.py:2742} INFO - Sync 3 DAGs
[2024-12-12T15:46:24.876+0000] {logging_mixin.py:150} INFO - [2024-12-12T15:46:24.876+0000] {dag.py:3504} INFO - Setting next_dagrun for example_branch_datetime_operator to 2024-12-11T00:00:00+00:00, run_after=2024-12-12T00:00:00+00:00
[2024-12-12T15:46:24.880+0000] {logging_mixin.py:150} INFO - [2024-12-12T15:46:24.880+0000] {dag.py:3504} INFO - Setting next_dagrun for example_branch_datetime_operator_2 to 2024-12-11T00:00:00+00:00, run_after=2024-12-12T00:00:00+00:00
[2024-12-12T15:46:24.881+0000] {logging_mixin.py:150} INFO - [2024-12-12T15:46:24.881+0000] {dag.py:3504} INFO - Setting next_dagrun for example_branch_datetime_operator_3 to 2024-12-11T00:00:00+00:00, run_after=2024-12-12T00:00:00+00:00
[2024-12-12T15:46:24.895+0000] {processor.py:179} INFO - Processing /home/vscode/.local/lib/python3.10/site-packages/airflow/example_dags/example_branch_datetime_operator.py took 0.058 seconds
[2024-12-12T15:47:15.029+0000] {processor.py:157} INFO - Started process (PID=39283) to work on /home/vscode/.local/lib/python3.10/site-packages/airflow/example_dags/example_branch_datetime_operator.py
[2024-12-12T15:47:15.030+0000] {processor.py:826} INFO - Processing file /home/vscode/.local/lib/python3.10/site-packages/airflow/example_dags/example_branch_datetime_operator.py for tasks to queue
[2024-12-12T15:47:15.031+0000] {logging_mixin.py:150} INFO - [2024-12-12T15:47:15.030+0000] {dagbag.py:541} INFO - Filling up the DagBag from /home/vscode/.local/lib/python3.10/site-packages/airflow/example_dags/example_branch_datetime_operator.py
[2024-12-12T15:47:15.037+0000] {processor.py:836} INFO - DAG(s) dict_keys(['example_branch_datetime_operator', 'example_branch_datetime_operator_2', 'example_branch_datetime_operator_3']) retrieved from /home/vscode/.local/lib/python3.10/site-packages/airflow/example_dags/example_branch_datetime_operator.py
[2024-12-12T15:47:15.053+0000] {logging_mixin.py:150} INFO - [2024-12-12T15:47:15.053+0000] {dag.py:2742} INFO - Sync 3 DAGs
[2024-12-12T15:47:15.067+0000] {logging_mixin.py:150} INFO - [2024-12-12T15:47:15.066+0000] {dag.py:3504} INFO - Setting next_dagrun for example_branch_datetime_operator to 2024-12-11T00:00:00+00:00, run_after=2024-12-12T00:00:00+00:00
[2024-12-12T15:47:15.070+0000] {logging_mixin.py:150} INFO - [2024-12-12T15:47:15.070+0000] {dag.py:3504} INFO - Setting next_dagrun for example_branch_datetime_operator_2 to 2024-12-11T00:00:00+00:00, run_after=2024-12-12T00:00:00+00:00
[2024-12-12T15:47:15.071+0000] {logging_mixin.py:150} INFO - [2024-12-12T15:47:15.071+0000] {dag.py:3504} INFO - Setting next_dagrun for example_branch_datetime_operator_3 to 2024-12-11T00:00:00+00:00, run_after=2024-12-12T00:00:00+00:00
[2024-12-12T15:47:15.085+0000] {processor.py:179} INFO - Processing /home/vscode/.local/lib/python3.10/site-packages/airflow/example_dags/example_branch_datetime_operator.py took 0.057 seconds
[2024-12-12T15:48:00.713+0000] {processor.py:157} INFO - Started process (PID=39638) to work on /home/vscode/.local/lib/python3.10/site-packages/airflow/example_dags/example_branch_datetime_operator.py
[2024-12-12T15:48:00.713+0000] {processor.py:826} INFO - Processing file /home/vscode/.local/lib/python3.10/site-packages/airflow/example_dags/example_branch_datetime_operator.py for tasks to queue
[2024-12-12T15:48:00.714+0000] {logging_mixin.py:150} INFO - [2024-12-12T15:48:00.714+0000] {dagbag.py:541} INFO - Filling up the DagBag from /home/vscode/.local/lib/python3.10/site-packages/airflow/example_dags/example_branch_datetime_operator.py
[2024-12-12T15:48:00.721+0000] {processor.py:836} INFO - DAG(s) dict_keys(['example_branch_datetime_operator', 'example_branch_datetime_operator_2', 'example_branch_datetime_operator_3']) retrieved from /home/vscode/.local/lib/python3.10/site-packages/airflow/example_dags/example_branch_datetime_operator.py
[2024-12-12T15:48:00.736+0000] {logging_mixin.py:150} INFO - [2024-12-12T15:48:00.736+0000] {dag.py:2742} INFO - Sync 3 DAGs
[2024-12-12T15:48:00.751+0000] {logging_mixin.py:150} INFO - [2024-12-12T15:48:00.751+0000] {dag.py:3504} INFO - Setting next_dagrun for example_branch_datetime_operator to 2024-12-11T00:00:00+00:00, run_after=2024-12-12T00:00:00+00:00
[2024-12-12T15:48:00.754+0000] {logging_mixin.py:150} INFO - [2024-12-12T15:48:00.754+0000] {dag.py:3504} INFO - Setting next_dagrun for example_branch_datetime_operator_2 to 2024-12-11T00:00:00+00:00, run_after=2024-12-12T00:00:00+00:00
[2024-12-12T15:48:00.756+0000] {logging_mixin.py:150} INFO - [2024-12-12T15:48:00.755+0000] {dag.py:3504} INFO - Setting next_dagrun for example_branch_datetime_operator_3 to 2024-12-11T00:00:00+00:00, run_after=2024-12-12T00:00:00+00:00
[2024-12-12T15:48:00.768+0000] {processor.py:179} INFO - Processing /home/vscode/.local/lib/python3.10/site-packages/airflow/example_dags/example_branch_datetime_operator.py took 0.057 seconds
[2024-12-12T15:48:45.740+0000] {processor.py:157} INFO - Started process (PID=40013) to work on /home/vscode/.local/lib/python3.10/site-packages/airflow/example_dags/example_branch_datetime_operator.py
[2024-12-12T15:48:45.740+0000] {processor.py:826} INFO - Processing file /home/vscode/.local/lib/python3.10/site-packages/airflow/example_dags/example_branch_datetime_operator.py for tasks to queue
[2024-12-12T15:48:45.741+0000] {logging_mixin.py:150} INFO - [2024-12-12T15:48:45.741+0000] {dagbag.py:541} INFO - Filling up the DagBag from /home/vscode/.local/lib/python3.10/site-packages/airflow/example_dags/example_branch_datetime_operator.py
[2024-12-12T15:48:45.748+0000] {processor.py:836} INFO - DAG(s) dict_keys(['example_branch_datetime_operator_3', 'example_branch_datetime_operator', 'example_branch_datetime_operator_2']) retrieved from /home/vscode/.local/lib/python3.10/site-packages/airflow/example_dags/example_branch_datetime_operator.py
[2024-12-12T15:48:45.763+0000] {logging_mixin.py:150} INFO - [2024-12-12T15:48:45.763+0000] {dag.py:2742} INFO - Sync 3 DAGs
[2024-12-12T15:48:45.777+0000] {logging_mixin.py:150} INFO - [2024-12-12T15:48:45.777+0000] {dag.py:3504} INFO - Setting next_dagrun for example_branch_datetime_operator to 2024-12-11T00:00:00+00:00, run_after=2024-12-12T00:00:00+00:00
[2024-12-12T15:48:45.780+0000] {logging_mixin.py:150} INFO - [2024-12-12T15:48:45.780+0000] {dag.py:3504} INFO - Setting next_dagrun for example_branch_datetime_operator_2 to 2024-12-11T00:00:00+00:00, run_after=2024-12-12T00:00:00+00:00
[2024-12-12T15:48:45.782+0000] {logging_mixin.py:150} INFO - [2024-12-12T15:48:45.782+0000] {dag.py:3504} INFO - Setting next_dagrun for example_branch_datetime_operator_3 to 2024-12-11T00:00:00+00:00, run_after=2024-12-12T00:00:00+00:00
[2024-12-12T15:48:45.795+0000] {processor.py:179} INFO - Processing /home/vscode/.local/lib/python3.10/site-packages/airflow/example_dags/example_branch_datetime_operator.py took 0.057 seconds
[2024-12-12T15:49:40.551+0000] {processor.py:157} INFO - Started process (PID=40439) to work on /home/vscode/.local/lib/python3.10/site-packages/airflow/example_dags/example_branch_datetime_operator.py
[2024-12-12T15:49:40.551+0000] {processor.py:826} INFO - Processing file /home/vscode/.local/lib/python3.10/site-packages/airflow/example_dags/example_branch_datetime_operator.py for tasks to queue
[2024-12-12T15:49:40.552+0000] {logging_mixin.py:150} INFO - [2024-12-12T15:49:40.552+0000] {dagbag.py:541} INFO - Filling up the DagBag from /home/vscode/.local/lib/python3.10/site-packages/airflow/example_dags/example_branch_datetime_operator.py
[2024-12-12T15:49:40.559+0000] {processor.py:836} INFO - DAG(s) dict_keys(['example_branch_datetime_operator', 'example_branch_datetime_operator_2', 'example_branch_datetime_operator_3']) retrieved from /home/vscode/.local/lib/python3.10/site-packages/airflow/example_dags/example_branch_datetime_operator.py
[2024-12-12T15:49:40.574+0000] {logging_mixin.py:150} INFO - [2024-12-12T15:49:40.574+0000] {dag.py:2742} INFO - Sync 3 DAGs
[2024-12-12T15:49:40.588+0000] {logging_mixin.py:150} INFO - [2024-12-12T15:49:40.588+0000] {dag.py:3504} INFO - Setting next_dagrun for example_branch_datetime_operator to 2024-12-11T00:00:00+00:00, run_after=2024-12-12T00:00:00+00:00
[2024-12-12T15:49:40.591+0000] {logging_mixin.py:150} INFO - [2024-12-12T15:49:40.591+0000] {dag.py:3504} INFO - Setting next_dagrun for example_branch_datetime_operator_2 to 2024-12-11T00:00:00+00:00, run_after=2024-12-12T00:00:00+00:00
[2024-12-12T15:49:40.593+0000] {logging_mixin.py:150} INFO - [2024-12-12T15:49:40.592+0000] {dag.py:3504} INFO - Setting next_dagrun for example_branch_datetime_operator_3 to 2024-12-11T00:00:00+00:00, run_after=2024-12-12T00:00:00+00:00
[2024-12-12T15:49:40.605+0000] {processor.py:179} INFO - Processing /home/vscode/.local/lib/python3.10/site-packages/airflow/example_dags/example_branch_datetime_operator.py took 0.057 seconds
[2024-12-12T15:50:23.332+0000] {processor.py:157} INFO - Started process (PID=40778) to work on /home/vscode/.local/lib/python3.10/site-packages/airflow/example_dags/example_branch_datetime_operator.py
[2024-12-12T15:50:23.333+0000] {processor.py:826} INFO - Processing file /home/vscode/.local/lib/python3.10/site-packages/airflow/example_dags/example_branch_datetime_operator.py for tasks to queue
[2024-12-12T15:50:23.334+0000] {logging_mixin.py:150} INFO - [2024-12-12T15:50:23.333+0000] {dagbag.py:541} INFO - Filling up the DagBag from /home/vscode/.local/lib/python3.10/site-packages/airflow/example_dags/example_branch_datetime_operator.py
[2024-12-12T15:50:23.345+0000] {processor.py:836} INFO - DAG(s) dict_keys(['example_branch_datetime_operator_2', 'example_branch_datetime_operator_3', 'example_branch_datetime_operator']) retrieved from /home/vscode/.local/lib/python3.10/site-packages/airflow/example_dags/example_branch_datetime_operator.py
[2024-12-12T15:50:23.368+0000] {logging_mixin.py:150} INFO - [2024-12-12T15:50:23.368+0000] {dag.py:2742} INFO - Sync 3 DAGs
[2024-12-12T15:50:23.386+0000] {logging_mixin.py:150} INFO - [2024-12-12T15:50:23.386+0000] {dag.py:3504} INFO - Setting next_dagrun for example_branch_datetime_operator to 2024-12-11T00:00:00+00:00, run_after=2024-12-12T00:00:00+00:00
[2024-12-12T15:50:23.389+0000] {logging_mixin.py:150} INFO - [2024-12-12T15:50:23.389+0000] {dag.py:3504} INFO - Setting next_dagrun for example_branch_datetime_operator_2 to 2024-12-11T00:00:00+00:00, run_after=2024-12-12T00:00:00+00:00
[2024-12-12T15:50:23.390+0000] {logging_mixin.py:150} INFO - [2024-12-12T15:50:23.390+0000] {dag.py:3504} INFO - Setting next_dagrun for example_branch_datetime_operator_3 to 2024-12-11T00:00:00+00:00, run_after=2024-12-12T00:00:00+00:00
[2024-12-12T15:50:23.402+0000] {processor.py:179} INFO - Processing /home/vscode/.local/lib/python3.10/site-packages/airflow/example_dags/example_branch_datetime_operator.py took 0.073 seconds
[2024-12-12T15:51:08.418+0000] {processor.py:157} INFO - Started process (PID=41130) to work on /home/vscode/.local/lib/python3.10/site-packages/airflow/example_dags/example_branch_datetime_operator.py
[2024-12-12T15:51:08.418+0000] {processor.py:826} INFO - Processing file /home/vscode/.local/lib/python3.10/site-packages/airflow/example_dags/example_branch_datetime_operator.py for tasks to queue
[2024-12-12T15:51:08.419+0000] {logging_mixin.py:150} INFO - [2024-12-12T15:51:08.419+0000] {dagbag.py:541} INFO - Filling up the DagBag from /home/vscode/.local/lib/python3.10/site-packages/airflow/example_dags/example_branch_datetime_operator.py
[2024-12-12T15:51:08.426+0000] {processor.py:836} INFO - DAG(s) dict_keys(['example_branch_datetime_operator_3', 'example_branch_datetime_operator', 'example_branch_datetime_operator_2']) retrieved from /home/vscode/.local/lib/python3.10/site-packages/airflow/example_dags/example_branch_datetime_operator.py
[2024-12-12T15:51:08.442+0000] {logging_mixin.py:150} INFO - [2024-12-12T15:51:08.442+0000] {dag.py:2742} INFO - Sync 3 DAGs
[2024-12-12T15:51:08.456+0000] {logging_mixin.py:150} INFO - [2024-12-12T15:51:08.456+0000] {dag.py:3504} INFO - Setting next_dagrun for example_branch_datetime_operator to 2024-12-11T00:00:00+00:00, run_after=2024-12-12T00:00:00+00:00
[2024-12-12T15:51:08.459+0000] {logging_mixin.py:150} INFO - [2024-12-12T15:51:08.459+0000] {dag.py:3504} INFO - Setting next_dagrun for example_branch_datetime_operator_2 to 2024-12-11T00:00:00+00:00, run_after=2024-12-12T00:00:00+00:00
[2024-12-12T15:51:08.461+0000] {logging_mixin.py:150} INFO - [2024-12-12T15:51:08.461+0000] {dag.py:3504} INFO - Setting next_dagrun for example_branch_datetime_operator_3 to 2024-12-11T00:00:00+00:00, run_after=2024-12-12T00:00:00+00:00
[2024-12-12T15:51:08.474+0000] {processor.py:179} INFO - Processing /home/vscode/.local/lib/python3.10/site-packages/airflow/example_dags/example_branch_datetime_operator.py took 0.059 seconds
[2024-12-12T15:51:58.620+0000] {processor.py:157} INFO - Started process (PID=41529) to work on /home/vscode/.local/lib/python3.10/site-packages/airflow/example_dags/example_branch_datetime_operator.py
[2024-12-12T15:51:58.621+0000] {processor.py:826} INFO - Processing file /home/vscode/.local/lib/python3.10/site-packages/airflow/example_dags/example_branch_datetime_operator.py for tasks to queue
[2024-12-12T15:51:58.621+0000] {logging_mixin.py:150} INFO - [2024-12-12T15:51:58.621+0000] {dagbag.py:541} INFO - Filling up the DagBag from /home/vscode/.local/lib/python3.10/site-packages/airflow/example_dags/example_branch_datetime_operator.py
[2024-12-12T15:51:58.628+0000] {processor.py:836} INFO - DAG(s) dict_keys(['example_branch_datetime_operator_2', 'example_branch_datetime_operator_3', 'example_branch_datetime_operator']) retrieved from /home/vscode/.local/lib/python3.10/site-packages/airflow/example_dags/example_branch_datetime_operator.py
[2024-12-12T15:51:58.644+0000] {logging_mixin.py:150} INFO - [2024-12-12T15:51:58.644+0000] {dag.py:2742} INFO - Sync 3 DAGs
[2024-12-12T15:51:58.658+0000] {logging_mixin.py:150} INFO - [2024-12-12T15:51:58.658+0000] {dag.py:3504} INFO - Setting next_dagrun for example_branch_datetime_operator to 2024-12-11T00:00:00+00:00, run_after=2024-12-12T00:00:00+00:00
[2024-12-12T15:51:58.661+0000] {logging_mixin.py:150} INFO - [2024-12-12T15:51:58.661+0000] {dag.py:3504} INFO - Setting next_dagrun for example_branch_datetime_operator_2 to 2024-12-11T00:00:00+00:00, run_after=2024-12-12T00:00:00+00:00
[2024-12-12T15:51:58.662+0000] {logging_mixin.py:150} INFO - [2024-12-12T15:51:58.662+0000] {dag.py:3504} INFO - Setting next_dagrun for example_branch_datetime_operator_3 to 2024-12-11T00:00:00+00:00, run_after=2024-12-12T00:00:00+00:00
[2024-12-12T15:51:58.675+0000] {processor.py:179} INFO - Processing /home/vscode/.local/lib/python3.10/site-packages/airflow/example_dags/example_branch_datetime_operator.py took 0.057 seconds
[2024-12-12T15:52:43.707+0000] {processor.py:157} INFO - Started process (PID=41848) to work on /home/vscode/.local/lib/python3.10/site-packages/airflow/example_dags/example_branch_datetime_operator.py
[2024-12-12T15:52:43.707+0000] {processor.py:826} INFO - Processing file /home/vscode/.local/lib/python3.10/site-packages/airflow/example_dags/example_branch_datetime_operator.py for tasks to queue
[2024-12-12T15:52:43.708+0000] {logging_mixin.py:150} INFO - [2024-12-12T15:52:43.708+0000] {dagbag.py:541} INFO - Filling up the DagBag from /home/vscode/.local/lib/python3.10/site-packages/airflow/example_dags/example_branch_datetime_operator.py
[2024-12-12T15:52:43.714+0000] {processor.py:836} INFO - DAG(s) dict_keys(['example_branch_datetime_operator_2', 'example_branch_datetime_operator_3', 'example_branch_datetime_operator']) retrieved from /home/vscode/.local/lib/python3.10/site-packages/airflow/example_dags/example_branch_datetime_operator.py
[2024-12-12T15:52:43.731+0000] {logging_mixin.py:150} INFO - [2024-12-12T15:52:43.730+0000] {dag.py:2742} INFO - Sync 3 DAGs
[2024-12-12T15:52:43.744+0000] {logging_mixin.py:150} INFO - [2024-12-12T15:52:43.744+0000] {dag.py:3504} INFO - Setting next_dagrun for example_branch_datetime_operator to 2024-12-11T00:00:00+00:00, run_after=2024-12-12T00:00:00+00:00
[2024-12-12T15:52:43.747+0000] {logging_mixin.py:150} INFO - [2024-12-12T15:52:43.747+0000] {dag.py:3504} INFO - Setting next_dagrun for example_branch_datetime_operator_2 to 2024-12-11T00:00:00+00:00, run_after=2024-12-12T00:00:00+00:00
[2024-12-12T15:52:43.749+0000] {logging_mixin.py:150} INFO - [2024-12-12T15:52:43.749+0000] {dag.py:3504} INFO - Setting next_dagrun for example_branch_datetime_operator_3 to 2024-12-11T00:00:00+00:00, run_after=2024-12-12T00:00:00+00:00
[2024-12-12T15:52:43.761+0000] {processor.py:179} INFO - Processing /home/vscode/.local/lib/python3.10/site-packages/airflow/example_dags/example_branch_datetime_operator.py took 0.057 seconds
[2024-12-12T15:53:25.900+0000] {processor.py:157} INFO - Started process (PID=42149) to work on /home/vscode/.local/lib/python3.10/site-packages/airflow/example_dags/example_branch_datetime_operator.py
[2024-12-12T15:53:25.901+0000] {processor.py:826} INFO - Processing file /home/vscode/.local/lib/python3.10/site-packages/airflow/example_dags/example_branch_datetime_operator.py for tasks to queue
[2024-12-12T15:53:25.901+0000] {logging_mixin.py:150} INFO - [2024-12-12T15:53:25.901+0000] {dagbag.py:541} INFO - Filling up the DagBag from /home/vscode/.local/lib/python3.10/site-packages/airflow/example_dags/example_branch_datetime_operator.py
[2024-12-12T15:53:25.908+0000] {processor.py:836} INFO - DAG(s) dict_keys(['example_branch_datetime_operator_3', 'example_branch_datetime_operator_2', 'example_branch_datetime_operator']) retrieved from /home/vscode/.local/lib/python3.10/site-packages/airflow/example_dags/example_branch_datetime_operator.py
[2024-12-12T15:53:25.924+0000] {logging_mixin.py:150} INFO - [2024-12-12T15:53:25.923+0000] {dag.py:2742} INFO - Sync 3 DAGs
[2024-12-12T15:53:25.938+0000] {logging_mixin.py:150} INFO - [2024-12-12T15:53:25.938+0000] {dag.py:3504} INFO - Setting next_dagrun for example_branch_datetime_operator to 2024-12-11T00:00:00+00:00, run_after=2024-12-12T00:00:00+00:00
[2024-12-12T15:53:25.941+0000] {logging_mixin.py:150} INFO - [2024-12-12T15:53:25.941+0000] {dag.py:3504} INFO - Setting next_dagrun for example_branch_datetime_operator_2 to 2024-12-11T00:00:00+00:00, run_after=2024-12-12T00:00:00+00:00
[2024-12-12T15:53:25.942+0000] {logging_mixin.py:150} INFO - [2024-12-12T15:53:25.942+0000] {dag.py:3504} INFO - Setting next_dagrun for example_branch_datetime_operator_3 to 2024-12-11T00:00:00+00:00, run_after=2024-12-12T00:00:00+00:00
[2024-12-12T15:53:25.957+0000] {processor.py:179} INFO - Processing /home/vscode/.local/lib/python3.10/site-packages/airflow/example_dags/example_branch_datetime_operator.py took 0.059 seconds
[2024-12-12T15:54:25.099+0000] {processor.py:157} INFO - Started process (PID=42567) to work on /home/vscode/.local/lib/python3.10/site-packages/airflow/example_dags/example_branch_datetime_operator.py
[2024-12-12T15:54:25.099+0000] {processor.py:826} INFO - Processing file /home/vscode/.local/lib/python3.10/site-packages/airflow/example_dags/example_branch_datetime_operator.py for tasks to queue
[2024-12-12T15:54:25.100+0000] {logging_mixin.py:150} INFO - [2024-12-12T15:54:25.100+0000] {dagbag.py:541} INFO - Filling up the DagBag from /home/vscode/.local/lib/python3.10/site-packages/airflow/example_dags/example_branch_datetime_operator.py
[2024-12-12T15:54:25.107+0000] {processor.py:836} INFO - DAG(s) dict_keys(['example_branch_datetime_operator_2', 'example_branch_datetime_operator_3', 'example_branch_datetime_operator']) retrieved from /home/vscode/.local/lib/python3.10/site-packages/airflow/example_dags/example_branch_datetime_operator.py
[2024-12-12T15:54:25.122+0000] {logging_mixin.py:150} INFO - [2024-12-12T15:54:25.122+0000] {dag.py:2742} INFO - Sync 3 DAGs
[2024-12-12T15:54:25.136+0000] {logging_mixin.py:150} INFO - [2024-12-12T15:54:25.136+0000] {dag.py:3504} INFO - Setting next_dagrun for example_branch_datetime_operator to 2024-12-11T00:00:00+00:00, run_after=2024-12-12T00:00:00+00:00
[2024-12-12T15:54:25.139+0000] {logging_mixin.py:150} INFO - [2024-12-12T15:54:25.139+0000] {dag.py:3504} INFO - Setting next_dagrun for example_branch_datetime_operator_2 to 2024-12-11T00:00:00+00:00, run_after=2024-12-12T00:00:00+00:00
[2024-12-12T15:54:25.141+0000] {logging_mixin.py:150} INFO - [2024-12-12T15:54:25.141+0000] {dag.py:3504} INFO - Setting next_dagrun for example_branch_datetime_operator_3 to 2024-12-11T00:00:00+00:00, run_after=2024-12-12T00:00:00+00:00
[2024-12-12T15:54:25.154+0000] {processor.py:179} INFO - Processing /home/vscode/.local/lib/python3.10/site-packages/airflow/example_dags/example_branch_datetime_operator.py took 0.057 seconds
[2024-12-12T15:55:09.588+0000] {processor.py:157} INFO - Started process (PID=42874) to work on /home/vscode/.local/lib/python3.10/site-packages/airflow/example_dags/example_branch_datetime_operator.py
[2024-12-12T15:55:09.589+0000] {processor.py:826} INFO - Processing file /home/vscode/.local/lib/python3.10/site-packages/airflow/example_dags/example_branch_datetime_operator.py for tasks to queue
[2024-12-12T15:55:09.589+0000] {logging_mixin.py:150} INFO - [2024-12-12T15:55:09.589+0000] {dagbag.py:541} INFO - Filling up the DagBag from /home/vscode/.local/lib/python3.10/site-packages/airflow/example_dags/example_branch_datetime_operator.py
[2024-12-12T15:55:09.597+0000] {processor.py:836} INFO - DAG(s) dict_keys(['example_branch_datetime_operator_2', 'example_branch_datetime_operator_3', 'example_branch_datetime_operator']) retrieved from /home/vscode/.local/lib/python3.10/site-packages/airflow/example_dags/example_branch_datetime_operator.py
[2024-12-12T15:55:09.614+0000] {logging_mixin.py:150} INFO - [2024-12-12T15:55:09.613+0000] {dag.py:2742} INFO - Sync 3 DAGs
[2024-12-12T15:55:09.629+0000] {logging_mixin.py:150} INFO - [2024-12-12T15:55:09.628+0000] {dag.py:3504} INFO - Setting next_dagrun for example_branch_datetime_operator to 2024-12-11T00:00:00+00:00, run_after=2024-12-12T00:00:00+00:00
[2024-12-12T15:55:09.632+0000] {logging_mixin.py:150} INFO - [2024-12-12T15:55:09.631+0000] {dag.py:3504} INFO - Setting next_dagrun for example_branch_datetime_operator_2 to 2024-12-11T00:00:00+00:00, run_after=2024-12-12T00:00:00+00:00
[2024-12-12T15:55:09.633+0000] {logging_mixin.py:150} INFO - [2024-12-12T15:55:09.633+0000] {dag.py:3504} INFO - Setting next_dagrun for example_branch_datetime_operator_3 to 2024-12-11T00:00:00+00:00, run_after=2024-12-12T00:00:00+00:00
[2024-12-12T15:55:09.646+0000] {processor.py:179} INFO - Processing /home/vscode/.local/lib/python3.10/site-packages/airflow/example_dags/example_branch_datetime_operator.py took 0.059 seconds
[2024-12-12T15:55:58.515+0000] {processor.py:157} INFO - Started process (PID=43205) to work on /home/vscode/.local/lib/python3.10/site-packages/airflow/example_dags/example_branch_datetime_operator.py
[2024-12-12T15:55:58.516+0000] {processor.py:826} INFO - Processing file /home/vscode/.local/lib/python3.10/site-packages/airflow/example_dags/example_branch_datetime_operator.py for tasks to queue
[2024-12-12T15:55:58.517+0000] {logging_mixin.py:150} INFO - [2024-12-12T15:55:58.517+0000] {dagbag.py:541} INFO - Filling up the DagBag from /home/vscode/.local/lib/python3.10/site-packages/airflow/example_dags/example_branch_datetime_operator.py
[2024-12-12T15:55:58.528+0000] {processor.py:836} INFO - DAG(s) dict_keys(['example_branch_datetime_operator_3', 'example_branch_datetime_operator_2', 'example_branch_datetime_operator']) retrieved from /home/vscode/.local/lib/python3.10/site-packages/airflow/example_dags/example_branch_datetime_operator.py
[2024-12-12T15:55:58.551+0000] {logging_mixin.py:150} INFO - [2024-12-12T15:55:58.551+0000] {dag.py:2742} INFO - Sync 3 DAGs
[2024-12-12T15:55:58.575+0000] {logging_mixin.py:150} INFO - [2024-12-12T15:55:58.575+0000] {dag.py:3504} INFO - Setting next_dagrun for example_branch_datetime_operator to 2024-12-11T00:00:00+00:00, run_after=2024-12-12T00:00:00+00:00
[2024-12-12T15:55:58.579+0000] {logging_mixin.py:150} INFO - [2024-12-12T15:55:58.579+0000] {dag.py:3504} INFO - Setting next_dagrun for example_branch_datetime_operator_2 to 2024-12-11T00:00:00+00:00, run_after=2024-12-12T00:00:00+00:00
[2024-12-12T15:55:58.582+0000] {logging_mixin.py:150} INFO - [2024-12-12T15:55:58.582+0000] {dag.py:3504} INFO - Setting next_dagrun for example_branch_datetime_operator_3 to 2024-12-11T00:00:00+00:00, run_after=2024-12-12T00:00:00+00:00
[2024-12-12T15:55:58.595+0000] {processor.py:179} INFO - Processing /home/vscode/.local/lib/python3.10/site-packages/airflow/example_dags/example_branch_datetime_operator.py took 0.082 seconds
[2024-12-12T15:56:40.740+0000] {processor.py:157} INFO - Started process (PID=43499) to work on /home/vscode/.local/lib/python3.10/site-packages/airflow/example_dags/example_branch_datetime_operator.py
[2024-12-12T15:56:40.741+0000] {processor.py:826} INFO - Processing file /home/vscode/.local/lib/python3.10/site-packages/airflow/example_dags/example_branch_datetime_operator.py for tasks to queue
[2024-12-12T15:56:40.741+0000] {logging_mixin.py:150} INFO - [2024-12-12T15:56:40.741+0000] {dagbag.py:541} INFO - Filling up the DagBag from /home/vscode/.local/lib/python3.10/site-packages/airflow/example_dags/example_branch_datetime_operator.py
[2024-12-12T15:56:40.749+0000] {processor.py:836} INFO - DAG(s) dict_keys(['example_branch_datetime_operator_3', 'example_branch_datetime_operator', 'example_branch_datetime_operator_2']) retrieved from /home/vscode/.local/lib/python3.10/site-packages/airflow/example_dags/example_branch_datetime_operator.py
[2024-12-12T15:56:40.764+0000] {logging_mixin.py:150} INFO - [2024-12-12T15:56:40.764+0000] {dag.py:2742} INFO - Sync 3 DAGs
[2024-12-12T15:56:40.778+0000] {logging_mixin.py:150} INFO - [2024-12-12T15:56:40.778+0000] {dag.py:3504} INFO - Setting next_dagrun for example_branch_datetime_operator to 2024-12-11T00:00:00+00:00, run_after=2024-12-12T00:00:00+00:00
[2024-12-12T15:56:40.781+0000] {logging_mixin.py:150} INFO - [2024-12-12T15:56:40.780+0000] {dag.py:3504} INFO - Setting next_dagrun for example_branch_datetime_operator_2 to 2024-12-11T00:00:00+00:00, run_after=2024-12-12T00:00:00+00:00
[2024-12-12T15:56:40.782+0000] {logging_mixin.py:150} INFO - [2024-12-12T15:56:40.782+0000] {dag.py:3504} INFO - Setting next_dagrun for example_branch_datetime_operator_3 to 2024-12-11T00:00:00+00:00, run_after=2024-12-12T00:00:00+00:00
[2024-12-12T15:56:40.795+0000] {processor.py:179} INFO - Processing /home/vscode/.local/lib/python3.10/site-packages/airflow/example_dags/example_branch_datetime_operator.py took 0.057 seconds
[2024-12-12T15:57:34.477+0000] {processor.py:157} INFO - Started process (PID=43862) to work on /home/vscode/.local/lib/python3.10/site-packages/airflow/example_dags/example_branch_datetime_operator.py
[2024-12-12T15:57:34.478+0000] {processor.py:826} INFO - Processing file /home/vscode/.local/lib/python3.10/site-packages/airflow/example_dags/example_branch_datetime_operator.py for tasks to queue
[2024-12-12T15:57:34.478+0000] {logging_mixin.py:150} INFO - [2024-12-12T15:57:34.478+0000] {dagbag.py:541} INFO - Filling up the DagBag from /home/vscode/.local/lib/python3.10/site-packages/airflow/example_dags/example_branch_datetime_operator.py
[2024-12-12T15:57:34.488+0000] {processor.py:836} INFO - DAG(s) dict_keys(['example_branch_datetime_operator_2', 'example_branch_datetime_operator', 'example_branch_datetime_operator_3']) retrieved from /home/vscode/.local/lib/python3.10/site-packages/airflow/example_dags/example_branch_datetime_operator.py
[2024-12-12T15:57:34.510+0000] {logging_mixin.py:150} INFO - [2024-12-12T15:57:34.510+0000] {dag.py:2742} INFO - Sync 3 DAGs
[2024-12-12T15:57:34.531+0000] {logging_mixin.py:150} INFO - [2024-12-12T15:57:34.530+0000] {dag.py:3504} INFO - Setting next_dagrun for example_branch_datetime_operator to 2024-12-11T00:00:00+00:00, run_after=2024-12-12T00:00:00+00:00
[2024-12-12T15:57:34.535+0000] {logging_mixin.py:150} INFO - [2024-12-12T15:57:34.535+0000] {dag.py:3504} INFO - Setting next_dagrun for example_branch_datetime_operator_2 to 2024-12-11T00:00:00+00:00, run_after=2024-12-12T00:00:00+00:00
[2024-12-12T15:57:34.537+0000] {logging_mixin.py:150} INFO - [2024-12-12T15:57:34.537+0000] {dag.py:3504} INFO - Setting next_dagrun for example_branch_datetime_operator_3 to 2024-12-11T00:00:00+00:00, run_after=2024-12-12T00:00:00+00:00
[2024-12-12T15:57:34.574+0000] {processor.py:179} INFO - Processing /home/vscode/.local/lib/python3.10/site-packages/airflow/example_dags/example_branch_datetime_operator.py took 0.098 seconds
[2024-12-12T15:58:24.632+0000] {processor.py:157} INFO - Started process (PID=44232) to work on /home/vscode/.local/lib/python3.10/site-packages/airflow/example_dags/example_branch_datetime_operator.py
[2024-12-12T15:58:24.633+0000] {processor.py:826} INFO - Processing file /home/vscode/.local/lib/python3.10/site-packages/airflow/example_dags/example_branch_datetime_operator.py for tasks to queue
[2024-12-12T15:58:24.633+0000] {logging_mixin.py:150} INFO - [2024-12-12T15:58:24.633+0000] {dagbag.py:541} INFO - Filling up the DagBag from /home/vscode/.local/lib/python3.10/site-packages/airflow/example_dags/example_branch_datetime_operator.py
[2024-12-12T15:58:24.640+0000] {processor.py:836} INFO - DAG(s) dict_keys(['example_branch_datetime_operator_3', 'example_branch_datetime_operator_2', 'example_branch_datetime_operator']) retrieved from /home/vscode/.local/lib/python3.10/site-packages/airflow/example_dags/example_branch_datetime_operator.py
[2024-12-12T15:58:24.655+0000] {logging_mixin.py:150} INFO - [2024-12-12T15:58:24.655+0000] {dag.py:2742} INFO - Sync 3 DAGs
[2024-12-12T15:58:24.670+0000] {logging_mixin.py:150} INFO - [2024-12-12T15:58:24.669+0000] {dag.py:3504} INFO - Setting next_dagrun for example_branch_datetime_operator to 2024-12-11T00:00:00+00:00, run_after=2024-12-12T00:00:00+00:00
[2024-12-12T15:58:24.673+0000] {logging_mixin.py:150} INFO - [2024-12-12T15:58:24.672+0000] {dag.py:3504} INFO - Setting next_dagrun for example_branch_datetime_operator_2 to 2024-12-11T00:00:00+00:00, run_after=2024-12-12T00:00:00+00:00
[2024-12-12T15:58:24.674+0000] {logging_mixin.py:150} INFO - [2024-12-12T15:58:24.674+0000] {dag.py:3504} INFO - Setting next_dagrun for example_branch_datetime_operator_3 to 2024-12-11T00:00:00+00:00, run_after=2024-12-12T00:00:00+00:00
[2024-12-12T15:58:24.686+0000] {processor.py:179} INFO - Processing /home/vscode/.local/lib/python3.10/site-packages/airflow/example_dags/example_branch_datetime_operator.py took 0.056 seconds
[2024-12-12T15:59:08.426+0000] {processor.py:157} INFO - Started process (PID=44607) to work on /home/vscode/.local/lib/python3.10/site-packages/airflow/example_dags/example_branch_datetime_operator.py
[2024-12-12T15:59:08.427+0000] {processor.py:826} INFO - Processing file /home/vscode/.local/lib/python3.10/site-packages/airflow/example_dags/example_branch_datetime_operator.py for tasks to queue
[2024-12-12T15:59:08.427+0000] {logging_mixin.py:150} INFO - [2024-12-12T15:59:08.427+0000] {dagbag.py:541} INFO - Filling up the DagBag from /home/vscode/.local/lib/python3.10/site-packages/airflow/example_dags/example_branch_datetime_operator.py
[2024-12-12T15:59:08.434+0000] {processor.py:836} INFO - DAG(s) dict_keys(['example_branch_datetime_operator_2', 'example_branch_datetime_operator_3', 'example_branch_datetime_operator']) retrieved from /home/vscode/.local/lib/python3.10/site-packages/airflow/example_dags/example_branch_datetime_operator.py
[2024-12-12T15:59:08.450+0000] {logging_mixin.py:150} INFO - [2024-12-12T15:59:08.450+0000] {dag.py:2742} INFO - Sync 3 DAGs
[2024-12-12T15:59:08.464+0000] {logging_mixin.py:150} INFO - [2024-12-12T15:59:08.464+0000] {dag.py:3504} INFO - Setting next_dagrun for example_branch_datetime_operator to 2024-12-11T00:00:00+00:00, run_after=2024-12-12T00:00:00+00:00
[2024-12-12T15:59:08.468+0000] {logging_mixin.py:150} INFO - [2024-12-12T15:59:08.467+0000] {dag.py:3504} INFO - Setting next_dagrun for example_branch_datetime_operator_2 to 2024-12-11T00:00:00+00:00, run_after=2024-12-12T00:00:00+00:00
[2024-12-12T15:59:08.469+0000] {logging_mixin.py:150} INFO - [2024-12-12T15:59:08.469+0000] {dag.py:3504} INFO - Setting next_dagrun for example_branch_datetime_operator_3 to 2024-12-11T00:00:00+00:00, run_after=2024-12-12T00:00:00+00:00
[2024-12-12T15:59:08.482+0000] {processor.py:179} INFO - Processing /home/vscode/.local/lib/python3.10/site-packages/airflow/example_dags/example_branch_datetime_operator.py took 0.058 seconds
[2024-12-12T16:00:03.313+0000] {processor.py:157} INFO - Started process (PID=44999) to work on /home/vscode/.local/lib/python3.10/site-packages/airflow/example_dags/example_branch_datetime_operator.py
[2024-12-12T16:00:03.314+0000] {processor.py:826} INFO - Processing file /home/vscode/.local/lib/python3.10/site-packages/airflow/example_dags/example_branch_datetime_operator.py for tasks to queue
[2024-12-12T16:00:03.314+0000] {logging_mixin.py:150} INFO - [2024-12-12T16:00:03.314+0000] {dagbag.py:541} INFO - Filling up the DagBag from /home/vscode/.local/lib/python3.10/site-packages/airflow/example_dags/example_branch_datetime_operator.py
[2024-12-12T16:00:03.321+0000] {processor.py:836} INFO - DAG(s) dict_keys(['example_branch_datetime_operator', 'example_branch_datetime_operator_3', 'example_branch_datetime_operator_2']) retrieved from /home/vscode/.local/lib/python3.10/site-packages/airflow/example_dags/example_branch_datetime_operator.py
[2024-12-12T16:00:03.336+0000] {logging_mixin.py:150} INFO - [2024-12-12T16:00:03.336+0000] {dag.py:2742} INFO - Sync 3 DAGs
[2024-12-12T16:00:03.350+0000] {logging_mixin.py:150} INFO - [2024-12-12T16:00:03.349+0000] {dag.py:3504} INFO - Setting next_dagrun for example_branch_datetime_operator to 2024-12-11T00:00:00+00:00, run_after=2024-12-12T00:00:00+00:00
[2024-12-12T16:00:03.353+0000] {logging_mixin.py:150} INFO - [2024-12-12T16:00:03.352+0000] {dag.py:3504} INFO - Setting next_dagrun for example_branch_datetime_operator_2 to 2024-12-11T00:00:00+00:00, run_after=2024-12-12T00:00:00+00:00
[2024-12-12T16:00:03.354+0000] {logging_mixin.py:150} INFO - [2024-12-12T16:00:03.354+0000] {dag.py:3504} INFO - Setting next_dagrun for example_branch_datetime_operator_3 to 2024-12-11T00:00:00+00:00, run_after=2024-12-12T00:00:00+00:00
[2024-12-12T16:00:03.367+0000] {processor.py:179} INFO - Processing /home/vscode/.local/lib/python3.10/site-packages/airflow/example_dags/example_branch_datetime_operator.py took 0.056 seconds
[2024-12-12T16:00:49.670+0000] {processor.py:157} INFO - Started process (PID=45339) to work on /home/vscode/.local/lib/python3.10/site-packages/airflow/example_dags/example_branch_datetime_operator.py
[2024-12-12T16:00:49.671+0000] {processor.py:826} INFO - Processing file /home/vscode/.local/lib/python3.10/site-packages/airflow/example_dags/example_branch_datetime_operator.py for tasks to queue
[2024-12-12T16:00:49.672+0000] {logging_mixin.py:150} INFO - [2024-12-12T16:00:49.671+0000] {dagbag.py:541} INFO - Filling up the DagBag from /home/vscode/.local/lib/python3.10/site-packages/airflow/example_dags/example_branch_datetime_operator.py
[2024-12-12T16:00:49.678+0000] {processor.py:836} INFO - DAG(s) dict_keys(['example_branch_datetime_operator_3', 'example_branch_datetime_operator', 'example_branch_datetime_operator_2']) retrieved from /home/vscode/.local/lib/python3.10/site-packages/airflow/example_dags/example_branch_datetime_operator.py
[2024-12-12T16:00:49.694+0000] {logging_mixin.py:150} INFO - [2024-12-12T16:00:49.694+0000] {dag.py:2742} INFO - Sync 3 DAGs
[2024-12-12T16:00:49.708+0000] {logging_mixin.py:150} INFO - [2024-12-12T16:00:49.708+0000] {dag.py:3504} INFO - Setting next_dagrun for example_branch_datetime_operator to 2024-12-11T00:00:00+00:00, run_after=2024-12-12T00:00:00+00:00
[2024-12-12T16:00:49.711+0000] {logging_mixin.py:150} INFO - [2024-12-12T16:00:49.711+0000] {dag.py:3504} INFO - Setting next_dagrun for example_branch_datetime_operator_2 to 2024-12-11T00:00:00+00:00, run_after=2024-12-12T00:00:00+00:00
[2024-12-12T16:00:49.713+0000] {logging_mixin.py:150} INFO - [2024-12-12T16:00:49.713+0000] {dag.py:3504} INFO - Setting next_dagrun for example_branch_datetime_operator_3 to 2024-12-11T00:00:00+00:00, run_after=2024-12-12T00:00:00+00:00
[2024-12-12T16:00:49.725+0000] {processor.py:179} INFO - Processing /home/vscode/.local/lib/python3.10/site-packages/airflow/example_dags/example_branch_datetime_operator.py took 0.057 seconds
[2024-12-12T16:01:34.667+0000] {processor.py:157} INFO - Started process (PID=45640) to work on /home/vscode/.local/lib/python3.10/site-packages/airflow/example_dags/example_branch_datetime_operator.py
[2024-12-12T16:01:34.667+0000] {processor.py:826} INFO - Processing file /home/vscode/.local/lib/python3.10/site-packages/airflow/example_dags/example_branch_datetime_operator.py for tasks to queue
[2024-12-12T16:01:34.668+0000] {logging_mixin.py:150} INFO - [2024-12-12T16:01:34.668+0000] {dagbag.py:541} INFO - Filling up the DagBag from /home/vscode/.local/lib/python3.10/site-packages/airflow/example_dags/example_branch_datetime_operator.py
[2024-12-12T16:01:34.675+0000] {processor.py:836} INFO - DAG(s) dict_keys(['example_branch_datetime_operator_3', 'example_branch_datetime_operator', 'example_branch_datetime_operator_2']) retrieved from /home/vscode/.local/lib/python3.10/site-packages/airflow/example_dags/example_branch_datetime_operator.py
[2024-12-12T16:01:34.690+0000] {logging_mixin.py:150} INFO - [2024-12-12T16:01:34.690+0000] {dag.py:2742} INFO - Sync 3 DAGs
[2024-12-12T16:01:34.705+0000] {logging_mixin.py:150} INFO - [2024-12-12T16:01:34.704+0000] {dag.py:3504} INFO - Setting next_dagrun for example_branch_datetime_operator to 2024-12-11T00:00:00+00:00, run_after=2024-12-12T00:00:00+00:00
[2024-12-12T16:01:34.709+0000] {logging_mixin.py:150} INFO - [2024-12-12T16:01:34.708+0000] {dag.py:3504} INFO - Setting next_dagrun for example_branch_datetime_operator_2 to 2024-12-11T00:00:00+00:00, run_after=2024-12-12T00:00:00+00:00
[2024-12-12T16:01:34.710+0000] {logging_mixin.py:150} INFO - [2024-12-12T16:01:34.710+0000] {dag.py:3504} INFO - Setting next_dagrun for example_branch_datetime_operator_3 to 2024-12-11T00:00:00+00:00, run_after=2024-12-12T00:00:00+00:00
[2024-12-12T16:01:34.723+0000] {processor.py:179} INFO - Processing /home/vscode/.local/lib/python3.10/site-packages/airflow/example_dags/example_branch_datetime_operator.py took 0.058 seconds
[2024-12-12T16:02:16.787+0000] {processor.py:157} INFO - Started process (PID=45955) to work on /home/vscode/.local/lib/python3.10/site-packages/airflow/example_dags/example_branch_datetime_operator.py
[2024-12-12T16:02:16.788+0000] {processor.py:826} INFO - Processing file /home/vscode/.local/lib/python3.10/site-packages/airflow/example_dags/example_branch_datetime_operator.py for tasks to queue
[2024-12-12T16:02:16.788+0000] {logging_mixin.py:150} INFO - [2024-12-12T16:02:16.788+0000] {dagbag.py:541} INFO - Filling up the DagBag from /home/vscode/.local/lib/python3.10/site-packages/airflow/example_dags/example_branch_datetime_operator.py
[2024-12-12T16:02:16.795+0000] {processor.py:836} INFO - DAG(s) dict_keys(['example_branch_datetime_operator', 'example_branch_datetime_operator_3', 'example_branch_datetime_operator_2']) retrieved from /home/vscode/.local/lib/python3.10/site-packages/airflow/example_dags/example_branch_datetime_operator.py
[2024-12-12T16:02:16.812+0000] {logging_mixin.py:150} INFO - [2024-12-12T16:02:16.812+0000] {dag.py:2742} INFO - Sync 3 DAGs
[2024-12-12T16:02:16.826+0000] {logging_mixin.py:150} INFO - [2024-12-12T16:02:16.826+0000] {dag.py:3504} INFO - Setting next_dagrun for example_branch_datetime_operator to 2024-12-11T00:00:00+00:00, run_after=2024-12-12T00:00:00+00:00
[2024-12-12T16:02:16.829+0000] {logging_mixin.py:150} INFO - [2024-12-12T16:02:16.829+0000] {dag.py:3504} INFO - Setting next_dagrun for example_branch_datetime_operator_2 to 2024-12-11T00:00:00+00:00, run_after=2024-12-12T00:00:00+00:00
[2024-12-12T16:02:16.831+0000] {logging_mixin.py:150} INFO - [2024-12-12T16:02:16.831+0000] {dag.py:3504} INFO - Setting next_dagrun for example_branch_datetime_operator_3 to 2024-12-11T00:00:00+00:00, run_after=2024-12-12T00:00:00+00:00
[2024-12-12T16:02:16.844+0000] {processor.py:179} INFO - Processing /home/vscode/.local/lib/python3.10/site-packages/airflow/example_dags/example_branch_datetime_operator.py took 0.059 seconds
[2024-12-12T16:02:57.889+0000] {processor.py:157} INFO - Started process (PID=46240) to work on /home/vscode/.local/lib/python3.10/site-packages/airflow/example_dags/example_branch_datetime_operator.py
[2024-12-12T16:02:57.890+0000] {processor.py:826} INFO - Processing file /home/vscode/.local/lib/python3.10/site-packages/airflow/example_dags/example_branch_datetime_operator.py for tasks to queue
[2024-12-12T16:02:57.891+0000] {logging_mixin.py:150} INFO - [2024-12-12T16:02:57.890+0000] {dagbag.py:541} INFO - Filling up the DagBag from /home/vscode/.local/lib/python3.10/site-packages/airflow/example_dags/example_branch_datetime_operator.py
[2024-12-12T16:02:57.897+0000] {processor.py:836} INFO - DAG(s) dict_keys(['example_branch_datetime_operator_2', 'example_branch_datetime_operator', 'example_branch_datetime_operator_3']) retrieved from /home/vscode/.local/lib/python3.10/site-packages/airflow/example_dags/example_branch_datetime_operator.py
[2024-12-12T16:02:57.912+0000] {logging_mixin.py:150} INFO - [2024-12-12T16:02:57.912+0000] {dag.py:2742} INFO - Sync 3 DAGs
[2024-12-12T16:02:57.926+0000] {logging_mixin.py:150} INFO - [2024-12-12T16:02:57.926+0000] {dag.py:3504} INFO - Setting next_dagrun for example_branch_datetime_operator to 2024-12-11T00:00:00+00:00, run_after=2024-12-12T00:00:00+00:00
[2024-12-12T16:02:57.930+0000] {logging_mixin.py:150} INFO - [2024-12-12T16:02:57.930+0000] {dag.py:3504} INFO - Setting next_dagrun for example_branch_datetime_operator_2 to 2024-12-11T00:00:00+00:00, run_after=2024-12-12T00:00:00+00:00
[2024-12-12T16:02:57.931+0000] {logging_mixin.py:150} INFO - [2024-12-12T16:02:57.931+0000] {dag.py:3504} INFO - Setting next_dagrun for example_branch_datetime_operator_3 to 2024-12-11T00:00:00+00:00, run_after=2024-12-12T00:00:00+00:00
[2024-12-12T16:02:57.944+0000] {processor.py:179} INFO - Processing /home/vscode/.local/lib/python3.10/site-packages/airflow/example_dags/example_branch_datetime_operator.py took 0.056 seconds
