[2024-12-12T15:30:53.228+0000] {processor.py:157} INFO - Started process (PID=31014) to work on /home/vscode/.local/lib/python3.10/site-packages/airflow/example_dags/example_bash_operator.py
[2024-12-12T15:30:53.228+0000] {processor.py:826} INFO - Processing file /home/vscode/.local/lib/python3.10/site-packages/airflow/example_dags/example_bash_operator.py for tasks to queue
[2024-12-12T15:30:53.229+0000] {logging_mixin.py:150} INFO - [2024-12-12T15:30:53.229+0000] {dagbag.py:541} INFO - Filling up the DagBag from /home/vscode/.local/lib/python3.10/site-packages/airflow/example_dags/example_bash_operator.py
[2024-12-12T15:30:53.237+0000] {processor.py:836} INFO - DAG(s) dict_keys(['example_bash_operator']) retrieved from /home/vscode/.local/lib/python3.10/site-packages/airflow/example_dags/example_bash_operator.py
[2024-12-12T15:30:53.378+0000] {logging_mixin.py:150} INFO - [2024-12-12T15:30:53.378+0000] {manager.py:504} INFO - Created Permission View: can delete on DAG:example_bash_operator
[2024-12-12T15:30:53.386+0000] {logging_mixin.py:150} INFO - [2024-12-12T15:30:53.386+0000] {manager.py:504} INFO - Created Permission View: can read on DAG:example_bash_operator
[2024-12-12T15:30:53.391+0000] {logging_mixin.py:150} INFO - [2024-12-12T15:30:53.391+0000] {manager.py:504} INFO - Created Permission View: can edit on DAG:example_bash_operator
[2024-12-12T15:30:53.398+0000] {logging_mixin.py:150} INFO - [2024-12-12T15:30:53.398+0000] {dag.py:2742} INFO - Sync 1 DAGs
[2024-12-12T15:30:53.404+0000] {logging_mixin.py:150} INFO - [2024-12-12T15:30:53.404+0000] {dag.py:2763} INFO - Creating ORM DAG for example_bash_operator
[2024-12-12T15:30:53.410+0000] {logging_mixin.py:150} INFO - [2024-12-12T15:30:53.410+0000] {dag.py:3504} INFO - Setting next_dagrun for example_bash_operator to 2024-12-11T00:00:00+00:00, run_after=2024-12-12T00:00:00+00:00
[2024-12-12T15:30:53.426+0000] {processor.py:179} INFO - Processing /home/vscode/.local/lib/python3.10/site-packages/airflow/example_dags/example_bash_operator.py took 0.200 seconds
[2024-12-12T15:31:44.606+0000] {processor.py:157} INFO - Started process (PID=31435) to work on /home/vscode/.local/lib/python3.10/site-packages/airflow/example_dags/example_bash_operator.py
[2024-12-12T15:31:44.606+0000] {processor.py:826} INFO - Processing file /home/vscode/.local/lib/python3.10/site-packages/airflow/example_dags/example_bash_operator.py for tasks to queue
[2024-12-12T15:31:44.607+0000] {logging_mixin.py:150} INFO - [2024-12-12T15:31:44.607+0000] {dagbag.py:541} INFO - Filling up the DagBag from /home/vscode/.local/lib/python3.10/site-packages/airflow/example_dags/example_bash_operator.py
[2024-12-12T15:31:44.614+0000] {processor.py:836} INFO - DAG(s) dict_keys(['example_bash_operator']) retrieved from /home/vscode/.local/lib/python3.10/site-packages/airflow/example_dags/example_bash_operator.py
[2024-12-12T15:31:44.630+0000] {logging_mixin.py:150} INFO - [2024-12-12T15:31:44.630+0000] {dag.py:2742} INFO - Sync 1 DAGs
[2024-12-12T15:31:44.648+0000] {logging_mixin.py:150} INFO - [2024-12-12T15:31:44.647+0000] {dag.py:3504} INFO - Setting next_dagrun for example_bash_operator to 2024-12-11T00:00:00+00:00, run_after=2024-12-12T00:00:00+00:00
[2024-12-12T15:31:44.666+0000] {processor.py:179} INFO - Processing /home/vscode/.local/lib/python3.10/site-packages/airflow/example_dags/example_bash_operator.py took 0.062 seconds
[2024-12-12T15:32:26.847+0000] {processor.py:157} INFO - Started process (PID=31744) to work on /home/vscode/.local/lib/python3.10/site-packages/airflow/example_dags/example_bash_operator.py
[2024-12-12T15:32:26.847+0000] {processor.py:826} INFO - Processing file /home/vscode/.local/lib/python3.10/site-packages/airflow/example_dags/example_bash_operator.py for tasks to queue
[2024-12-12T15:32:26.848+0000] {logging_mixin.py:150} INFO - [2024-12-12T15:32:26.848+0000] {dagbag.py:541} INFO - Filling up the DagBag from /home/vscode/.local/lib/python3.10/site-packages/airflow/example_dags/example_bash_operator.py
[2024-12-12T15:32:26.856+0000] {processor.py:836} INFO - DAG(s) dict_keys(['example_bash_operator']) retrieved from /home/vscode/.local/lib/python3.10/site-packages/airflow/example_dags/example_bash_operator.py
[2024-12-12T15:32:26.872+0000] {logging_mixin.py:150} INFO - [2024-12-12T15:32:26.871+0000] {dag.py:2742} INFO - Sync 1 DAGs
[2024-12-12T15:32:26.885+0000] {logging_mixin.py:150} INFO - [2024-12-12T15:32:26.885+0000] {dag.py:3504} INFO - Setting next_dagrun for example_bash_operator to 2024-12-11T00:00:00+00:00, run_after=2024-12-12T00:00:00+00:00
[2024-12-12T15:32:26.901+0000] {processor.py:179} INFO - Processing /home/vscode/.local/lib/python3.10/site-packages/airflow/example_dags/example_bash_operator.py took 0.056 seconds
[2024-12-12T15:33:14.081+0000] {processor.py:157} INFO - Started process (PID=32101) to work on /home/vscode/.local/lib/python3.10/site-packages/airflow/example_dags/example_bash_operator.py
[2024-12-12T15:33:14.081+0000] {processor.py:826} INFO - Processing file /home/vscode/.local/lib/python3.10/site-packages/airflow/example_dags/example_bash_operator.py for tasks to queue
[2024-12-12T15:33:14.082+0000] {logging_mixin.py:150} INFO - [2024-12-12T15:33:14.082+0000] {dagbag.py:541} INFO - Filling up the DagBag from /home/vscode/.local/lib/python3.10/site-packages/airflow/example_dags/example_bash_operator.py
[2024-12-12T15:33:14.091+0000] {processor.py:836} INFO - DAG(s) dict_keys(['example_bash_operator']) retrieved from /home/vscode/.local/lib/python3.10/site-packages/airflow/example_dags/example_bash_operator.py
[2024-12-12T15:33:14.117+0000] {logging_mixin.py:150} INFO - [2024-12-12T15:33:14.117+0000] {dag.py:2742} INFO - Sync 1 DAGs
[2024-12-12T15:33:14.137+0000] {logging_mixin.py:150} INFO - [2024-12-12T15:33:14.137+0000] {dag.py:3504} INFO - Setting next_dagrun for example_bash_operator to 2024-12-11T00:00:00+00:00, run_after=2024-12-12T00:00:00+00:00
[2024-12-12T15:33:14.151+0000] {processor.py:179} INFO - Processing /home/vscode/.local/lib/python3.10/site-packages/airflow/example_dags/example_bash_operator.py took 0.072 seconds
[2024-12-12T15:33:56.288+0000] {processor.py:157} INFO - Started process (PID=32406) to work on /home/vscode/.local/lib/python3.10/site-packages/airflow/example_dags/example_bash_operator.py
[2024-12-12T15:33:56.288+0000] {processor.py:826} INFO - Processing file /home/vscode/.local/lib/python3.10/site-packages/airflow/example_dags/example_bash_operator.py for tasks to queue
[2024-12-12T15:33:56.289+0000] {logging_mixin.py:150} INFO - [2024-12-12T15:33:56.288+0000] {dagbag.py:541} INFO - Filling up the DagBag from /home/vscode/.local/lib/python3.10/site-packages/airflow/example_dags/example_bash_operator.py
[2024-12-12T15:33:56.296+0000] {processor.py:836} INFO - DAG(s) dict_keys(['example_bash_operator']) retrieved from /home/vscode/.local/lib/python3.10/site-packages/airflow/example_dags/example_bash_operator.py
[2024-12-12T15:33:56.312+0000] {logging_mixin.py:150} INFO - [2024-12-12T15:33:56.312+0000] {dag.py:2742} INFO - Sync 1 DAGs
[2024-12-12T15:33:56.326+0000] {logging_mixin.py:150} INFO - [2024-12-12T15:33:56.325+0000] {dag.py:3504} INFO - Setting next_dagrun for example_bash_operator to 2024-12-11T00:00:00+00:00, run_after=2024-12-12T00:00:00+00:00
[2024-12-12T15:33:56.340+0000] {processor.py:179} INFO - Processing /home/vscode/.local/lib/python3.10/site-packages/airflow/example_dags/example_bash_operator.py took 0.055 seconds
[2024-12-12T15:34:40.244+0000] {processor.py:157} INFO - Started process (PID=32712) to work on /home/vscode/.local/lib/python3.10/site-packages/airflow/example_dags/example_bash_operator.py
[2024-12-12T15:34:40.244+0000] {processor.py:826} INFO - Processing file /home/vscode/.local/lib/python3.10/site-packages/airflow/example_dags/example_bash_operator.py for tasks to queue
[2024-12-12T15:34:40.245+0000] {logging_mixin.py:150} INFO - [2024-12-12T15:34:40.245+0000] {dagbag.py:541} INFO - Filling up the DagBag from /home/vscode/.local/lib/python3.10/site-packages/airflow/example_dags/example_bash_operator.py
[2024-12-12T15:34:40.253+0000] {processor.py:836} INFO - DAG(s) dict_keys(['example_bash_operator']) retrieved from /home/vscode/.local/lib/python3.10/site-packages/airflow/example_dags/example_bash_operator.py
[2024-12-12T15:34:40.268+0000] {logging_mixin.py:150} INFO - [2024-12-12T15:34:40.268+0000] {dag.py:2742} INFO - Sync 1 DAGs
[2024-12-12T15:34:40.282+0000] {logging_mixin.py:150} INFO - [2024-12-12T15:34:40.282+0000] {dag.py:3504} INFO - Setting next_dagrun for example_bash_operator to 2024-12-11T00:00:00+00:00, run_after=2024-12-12T00:00:00+00:00
[2024-12-12T15:34:40.296+0000] {processor.py:179} INFO - Processing /home/vscode/.local/lib/python3.10/site-packages/airflow/example_dags/example_bash_operator.py took 0.054 seconds
[2024-12-12T15:35:30.407+0000] {processor.py:157} INFO - Started process (PID=33085) to work on /home/vscode/.local/lib/python3.10/site-packages/airflow/example_dags/example_bash_operator.py
[2024-12-12T15:35:30.408+0000] {processor.py:826} INFO - Processing file /home/vscode/.local/lib/python3.10/site-packages/airflow/example_dags/example_bash_operator.py for tasks to queue
[2024-12-12T15:35:30.409+0000] {logging_mixin.py:150} INFO - [2024-12-12T15:35:30.408+0000] {dagbag.py:541} INFO - Filling up the DagBag from /home/vscode/.local/lib/python3.10/site-packages/airflow/example_dags/example_bash_operator.py
[2024-12-12T15:35:30.416+0000] {processor.py:836} INFO - DAG(s) dict_keys(['example_bash_operator']) retrieved from /home/vscode/.local/lib/python3.10/site-packages/airflow/example_dags/example_bash_operator.py
[2024-12-12T15:35:30.432+0000] {logging_mixin.py:150} INFO - [2024-12-12T15:35:30.432+0000] {dag.py:2742} INFO - Sync 1 DAGs
[2024-12-12T15:35:30.446+0000] {logging_mixin.py:150} INFO - [2024-12-12T15:35:30.446+0000] {dag.py:3504} INFO - Setting next_dagrun for example_bash_operator to 2024-12-11T00:00:00+00:00, run_after=2024-12-12T00:00:00+00:00
[2024-12-12T15:35:30.461+0000] {processor.py:179} INFO - Processing /home/vscode/.local/lib/python3.10/site-packages/airflow/example_dags/example_bash_operator.py took 0.056 seconds
[2024-12-12T15:36:14.058+0000] {processor.py:157} INFO - Started process (PID=33457) to work on /home/vscode/.local/lib/python3.10/site-packages/airflow/example_dags/example_bash_operator.py
[2024-12-12T15:36:14.059+0000] {processor.py:826} INFO - Processing file /home/vscode/.local/lib/python3.10/site-packages/airflow/example_dags/example_bash_operator.py for tasks to queue
[2024-12-12T15:36:14.059+0000] {logging_mixin.py:150} INFO - [2024-12-12T15:36:14.059+0000] {dagbag.py:541} INFO - Filling up the DagBag from /home/vscode/.local/lib/python3.10/site-packages/airflow/example_dags/example_bash_operator.py
[2024-12-12T15:36:14.067+0000] {processor.py:836} INFO - DAG(s) dict_keys(['example_bash_operator']) retrieved from /home/vscode/.local/lib/python3.10/site-packages/airflow/example_dags/example_bash_operator.py
[2024-12-12T15:36:14.083+0000] {logging_mixin.py:150} INFO - [2024-12-12T15:36:14.083+0000] {dag.py:2742} INFO - Sync 1 DAGs
[2024-12-12T15:36:14.097+0000] {logging_mixin.py:150} INFO - [2024-12-12T15:36:14.097+0000] {dag.py:3504} INFO - Setting next_dagrun for example_bash_operator to 2024-12-11T00:00:00+00:00, run_after=2024-12-12T00:00:00+00:00
[2024-12-12T15:36:14.111+0000] {processor.py:179} INFO - Processing /home/vscode/.local/lib/python3.10/site-packages/airflow/example_dags/example_bash_operator.py took 0.055 seconds
[2024-12-12T15:36:52.719+0000] {processor.py:157} INFO - Started process (PID=33955) to work on /home/vscode/.local/lib/python3.10/site-packages/airflow/example_dags/example_bash_operator.py
[2024-12-12T15:36:52.720+0000] {processor.py:826} INFO - Processing file /home/vscode/.local/lib/python3.10/site-packages/airflow/example_dags/example_bash_operator.py for tasks to queue
[2024-12-12T15:36:52.721+0000] {logging_mixin.py:150} INFO - [2024-12-12T15:36:52.720+0000] {dagbag.py:541} INFO - Filling up the DagBag from /home/vscode/.local/lib/python3.10/site-packages/airflow/example_dags/example_bash_operator.py
[2024-12-12T15:36:52.728+0000] {processor.py:836} INFO - DAG(s) dict_keys(['example_bash_operator']) retrieved from /home/vscode/.local/lib/python3.10/site-packages/airflow/example_dags/example_bash_operator.py
[2024-12-12T15:36:52.744+0000] {logging_mixin.py:150} INFO - [2024-12-12T15:36:52.744+0000] {dag.py:2742} INFO - Sync 1 DAGs
[2024-12-12T15:36:52.758+0000] {logging_mixin.py:150} INFO - [2024-12-12T15:36:52.758+0000] {dag.py:3504} INFO - Setting next_dagrun for example_bash_operator to 2024-12-11T00:00:00+00:00, run_after=2024-12-12T00:00:00+00:00
[2024-12-12T15:36:52.774+0000] {processor.py:179} INFO - Processing /home/vscode/.local/lib/python3.10/site-packages/airflow/example_dags/example_bash_operator.py took 0.057 seconds
[2024-12-12T15:37:38.086+0000] {processor.py:157} INFO - Started process (PID=34284) to work on /home/vscode/.local/lib/python3.10/site-packages/airflow/example_dags/example_bash_operator.py
[2024-12-12T15:37:38.086+0000] {processor.py:826} INFO - Processing file /home/vscode/.local/lib/python3.10/site-packages/airflow/example_dags/example_bash_operator.py for tasks to queue
[2024-12-12T15:37:38.087+0000] {logging_mixin.py:150} INFO - [2024-12-12T15:37:38.087+0000] {dagbag.py:541} INFO - Filling up the DagBag from /home/vscode/.local/lib/python3.10/site-packages/airflow/example_dags/example_bash_operator.py
[2024-12-12T15:37:38.095+0000] {processor.py:836} INFO - DAG(s) dict_keys(['example_bash_operator']) retrieved from /home/vscode/.local/lib/python3.10/site-packages/airflow/example_dags/example_bash_operator.py
[2024-12-12T15:37:38.112+0000] {logging_mixin.py:150} INFO - [2024-12-12T15:37:38.111+0000] {dag.py:2742} INFO - Sync 1 DAGs
[2024-12-12T15:37:38.126+0000] {logging_mixin.py:150} INFO - [2024-12-12T15:37:38.125+0000] {dag.py:3504} INFO - Setting next_dagrun for example_bash_operator to 2024-12-11T00:00:00+00:00, run_after=2024-12-12T00:00:00+00:00
[2024-12-12T15:37:38.140+0000] {processor.py:179} INFO - Processing /home/vscode/.local/lib/python3.10/site-packages/airflow/example_dags/example_bash_operator.py took 0.056 seconds
[2024-12-12T15:38:21.222+0000] {processor.py:157} INFO - Started process (PID=34592) to work on /home/vscode/.local/lib/python3.10/site-packages/airflow/example_dags/example_bash_operator.py
[2024-12-12T15:38:21.222+0000] {processor.py:826} INFO - Processing file /home/vscode/.local/lib/python3.10/site-packages/airflow/example_dags/example_bash_operator.py for tasks to queue
[2024-12-12T15:38:21.223+0000] {logging_mixin.py:150} INFO - [2024-12-12T15:38:21.223+0000] {dagbag.py:541} INFO - Filling up the DagBag from /home/vscode/.local/lib/python3.10/site-packages/airflow/example_dags/example_bash_operator.py
[2024-12-12T15:38:21.230+0000] {processor.py:836} INFO - DAG(s) dict_keys(['example_bash_operator']) retrieved from /home/vscode/.local/lib/python3.10/site-packages/airflow/example_dags/example_bash_operator.py
[2024-12-12T15:38:21.246+0000] {logging_mixin.py:150} INFO - [2024-12-12T15:38:21.246+0000] {dag.py:2742} INFO - Sync 1 DAGs
[2024-12-12T15:38:21.260+0000] {logging_mixin.py:150} INFO - [2024-12-12T15:38:21.260+0000] {dag.py:3504} INFO - Setting next_dagrun for example_bash_operator to 2024-12-11T00:00:00+00:00, run_after=2024-12-12T00:00:00+00:00
[2024-12-12T15:38:21.274+0000] {processor.py:179} INFO - Processing /home/vscode/.local/lib/python3.10/site-packages/airflow/example_dags/example_bash_operator.py took 0.054 seconds
[2024-12-12T15:39:17.261+0000] {processor.py:157} INFO - Started process (PID=35321) to work on /home/vscode/.local/lib/python3.10/site-packages/airflow/example_dags/example_bash_operator.py
[2024-12-12T15:39:17.262+0000] {processor.py:826} INFO - Processing file /home/vscode/.local/lib/python3.10/site-packages/airflow/example_dags/example_bash_operator.py for tasks to queue
[2024-12-12T15:39:17.262+0000] {logging_mixin.py:150} INFO - [2024-12-12T15:39:17.262+0000] {dagbag.py:541} INFO - Filling up the DagBag from /home/vscode/.local/lib/python3.10/site-packages/airflow/example_dags/example_bash_operator.py
[2024-12-12T15:39:17.271+0000] {processor.py:836} INFO - DAG(s) dict_keys(['example_bash_operator']) retrieved from /home/vscode/.local/lib/python3.10/site-packages/airflow/example_dags/example_bash_operator.py
[2024-12-12T15:39:17.363+0000] {logging_mixin.py:150} INFO - [2024-12-12T15:39:17.363+0000] {dag.py:2742} INFO - Sync 1 DAGs
[2024-12-12T15:39:17.376+0000] {logging_mixin.py:150} INFO - [2024-12-12T15:39:17.376+0000] {dag.py:3504} INFO - Setting next_dagrun for example_bash_operator to 2024-12-11T00:00:00+00:00, run_after=2024-12-12T00:00:00+00:00
[2024-12-12T15:39:17.392+0000] {processor.py:179} INFO - Processing /home/vscode/.local/lib/python3.10/site-packages/airflow/example_dags/example_bash_operator.py took 0.133 seconds
[2024-12-12T15:40:04.741+0000] {processor.py:157} INFO - Started process (PID=35735) to work on /home/vscode/.local/lib/python3.10/site-packages/airflow/example_dags/example_bash_operator.py
[2024-12-12T15:40:04.741+0000] {processor.py:826} INFO - Processing file /home/vscode/.local/lib/python3.10/site-packages/airflow/example_dags/example_bash_operator.py for tasks to queue
[2024-12-12T15:40:04.742+0000] {logging_mixin.py:150} INFO - [2024-12-12T15:40:04.742+0000] {dagbag.py:541} INFO - Filling up the DagBag from /home/vscode/.local/lib/python3.10/site-packages/airflow/example_dags/example_bash_operator.py
[2024-12-12T15:40:04.750+0000] {processor.py:836} INFO - DAG(s) dict_keys(['example_bash_operator']) retrieved from /home/vscode/.local/lib/python3.10/site-packages/airflow/example_dags/example_bash_operator.py
[2024-12-12T15:40:04.766+0000] {logging_mixin.py:150} INFO - [2024-12-12T15:40:04.766+0000] {dag.py:2742} INFO - Sync 1 DAGs
[2024-12-12T15:40:04.781+0000] {logging_mixin.py:150} INFO - [2024-12-12T15:40:04.781+0000] {dag.py:3504} INFO - Setting next_dagrun for example_bash_operator to 2024-12-11T00:00:00+00:00, run_after=2024-12-12T00:00:00+00:00
[2024-12-12T15:40:04.795+0000] {processor.py:179} INFO - Processing /home/vscode/.local/lib/python3.10/site-packages/airflow/example_dags/example_bash_operator.py took 0.057 seconds
[2024-12-12T15:40:48.106+0000] {processor.py:157} INFO - Started process (PID=36163) to work on /home/vscode/.local/lib/python3.10/site-packages/airflow/example_dags/example_bash_operator.py
[2024-12-12T15:40:48.107+0000] {processor.py:826} INFO - Processing file /home/vscode/.local/lib/python3.10/site-packages/airflow/example_dags/example_bash_operator.py for tasks to queue
[2024-12-12T15:40:48.107+0000] {logging_mixin.py:150} INFO - [2024-12-12T15:40:48.107+0000] {dagbag.py:541} INFO - Filling up the DagBag from /home/vscode/.local/lib/python3.10/site-packages/airflow/example_dags/example_bash_operator.py
[2024-12-12T15:40:48.115+0000] {processor.py:836} INFO - DAG(s) dict_keys(['example_bash_operator']) retrieved from /home/vscode/.local/lib/python3.10/site-packages/airflow/example_dags/example_bash_operator.py
[2024-12-12T15:40:48.131+0000] {logging_mixin.py:150} INFO - [2024-12-12T15:40:48.130+0000] {dag.py:2742} INFO - Sync 1 DAGs
[2024-12-12T15:40:48.144+0000] {logging_mixin.py:150} INFO - [2024-12-12T15:40:48.144+0000] {dag.py:3504} INFO - Setting next_dagrun for example_bash_operator to 2024-12-11T00:00:00+00:00, run_after=2024-12-12T00:00:00+00:00
[2024-12-12T15:40:48.159+0000] {processor.py:179} INFO - Processing /home/vscode/.local/lib/python3.10/site-packages/airflow/example_dags/example_bash_operator.py took 0.055 seconds
[2024-12-12T15:41:33.490+0000] {processor.py:157} INFO - Started process (PID=36519) to work on /home/vscode/.local/lib/python3.10/site-packages/airflow/example_dags/example_bash_operator.py
[2024-12-12T15:41:33.491+0000] {processor.py:826} INFO - Processing file /home/vscode/.local/lib/python3.10/site-packages/airflow/example_dags/example_bash_operator.py for tasks to queue
[2024-12-12T15:41:33.491+0000] {logging_mixin.py:150} INFO - [2024-12-12T15:41:33.491+0000] {dagbag.py:541} INFO - Filling up the DagBag from /home/vscode/.local/lib/python3.10/site-packages/airflow/example_dags/example_bash_operator.py
[2024-12-12T15:41:33.499+0000] {processor.py:836} INFO - DAG(s) dict_keys(['example_bash_operator']) retrieved from /home/vscode/.local/lib/python3.10/site-packages/airflow/example_dags/example_bash_operator.py
[2024-12-12T15:41:33.515+0000] {logging_mixin.py:150} INFO - [2024-12-12T15:41:33.515+0000] {dag.py:2742} INFO - Sync 1 DAGs
[2024-12-12T15:41:33.529+0000] {logging_mixin.py:150} INFO - [2024-12-12T15:41:33.529+0000] {dag.py:3504} INFO - Setting next_dagrun for example_bash_operator to 2024-12-11T00:00:00+00:00, run_after=2024-12-12T00:00:00+00:00
[2024-12-12T15:41:33.543+0000] {processor.py:179} INFO - Processing /home/vscode/.local/lib/python3.10/site-packages/airflow/example_dags/example_bash_operator.py took 0.055 seconds
[2024-12-12T15:42:18.371+0000] {processor.py:157} INFO - Started process (PID=36929) to work on /home/vscode/.local/lib/python3.10/site-packages/airflow/example_dags/example_bash_operator.py
[2024-12-12T15:42:18.372+0000] {processor.py:826} INFO - Processing file /home/vscode/.local/lib/python3.10/site-packages/airflow/example_dags/example_bash_operator.py for tasks to queue
[2024-12-12T15:42:18.373+0000] {logging_mixin.py:150} INFO - [2024-12-12T15:42:18.372+0000] {dagbag.py:541} INFO - Filling up the DagBag from /home/vscode/.local/lib/python3.10/site-packages/airflow/example_dags/example_bash_operator.py
[2024-12-12T15:42:18.380+0000] {processor.py:836} INFO - DAG(s) dict_keys(['example_bash_operator']) retrieved from /home/vscode/.local/lib/python3.10/site-packages/airflow/example_dags/example_bash_operator.py
[2024-12-12T15:42:18.396+0000] {logging_mixin.py:150} INFO - [2024-12-12T15:42:18.396+0000] {dag.py:2742} INFO - Sync 1 DAGs
[2024-12-12T15:42:18.410+0000] {logging_mixin.py:150} INFO - [2024-12-12T15:42:18.409+0000] {dag.py:3504} INFO - Setting next_dagrun for example_bash_operator to 2024-12-11T00:00:00+00:00, run_after=2024-12-12T00:00:00+00:00
[2024-12-12T15:42:18.424+0000] {processor.py:179} INFO - Processing /home/vscode/.local/lib/python3.10/site-packages/airflow/example_dags/example_bash_operator.py took 0.055 seconds
[2024-12-12T15:43:05.707+0000] {processor.py:157} INFO - Started process (PID=37300) to work on /home/vscode/.local/lib/python3.10/site-packages/airflow/example_dags/example_bash_operator.py
[2024-12-12T15:43:05.708+0000] {processor.py:826} INFO - Processing file /home/vscode/.local/lib/python3.10/site-packages/airflow/example_dags/example_bash_operator.py for tasks to queue
[2024-12-12T15:43:05.708+0000] {logging_mixin.py:150} INFO - [2024-12-12T15:43:05.708+0000] {dagbag.py:541} INFO - Filling up the DagBag from /home/vscode/.local/lib/python3.10/site-packages/airflow/example_dags/example_bash_operator.py
[2024-12-12T15:43:05.716+0000] {processor.py:836} INFO - DAG(s) dict_keys(['example_bash_operator']) retrieved from /home/vscode/.local/lib/python3.10/site-packages/airflow/example_dags/example_bash_operator.py
[2024-12-12T15:43:05.739+0000] {logging_mixin.py:150} INFO - [2024-12-12T15:43:05.739+0000] {dag.py:2742} INFO - Sync 1 DAGs
[2024-12-12T15:43:05.761+0000] {logging_mixin.py:150} INFO - [2024-12-12T15:43:05.761+0000] {dag.py:3504} INFO - Setting next_dagrun for example_bash_operator to 2024-12-11T00:00:00+00:00, run_after=2024-12-12T00:00:00+00:00
[2024-12-12T15:43:05.785+0000] {processor.py:179} INFO - Processing /home/vscode/.local/lib/python3.10/site-packages/airflow/example_dags/example_bash_operator.py took 0.080 seconds
[2024-12-12T15:43:49.632+0000] {processor.py:157} INFO - Started process (PID=37659) to work on /home/vscode/.local/lib/python3.10/site-packages/airflow/example_dags/example_bash_operator.py
[2024-12-12T15:43:49.632+0000] {processor.py:826} INFO - Processing file /home/vscode/.local/lib/python3.10/site-packages/airflow/example_dags/example_bash_operator.py for tasks to queue
[2024-12-12T15:43:49.633+0000] {logging_mixin.py:150} INFO - [2024-12-12T15:43:49.633+0000] {dagbag.py:541} INFO - Filling up the DagBag from /home/vscode/.local/lib/python3.10/site-packages/airflow/example_dags/example_bash_operator.py
[2024-12-12T15:43:49.640+0000] {processor.py:836} INFO - DAG(s) dict_keys(['example_bash_operator']) retrieved from /home/vscode/.local/lib/python3.10/site-packages/airflow/example_dags/example_bash_operator.py
[2024-12-12T15:43:49.660+0000] {logging_mixin.py:150} INFO - [2024-12-12T15:43:49.660+0000] {dag.py:2742} INFO - Sync 1 DAGs
[2024-12-12T15:43:49.681+0000] {logging_mixin.py:150} INFO - [2024-12-12T15:43:49.681+0000] {dag.py:3504} INFO - Setting next_dagrun for example_bash_operator to 2024-12-11T00:00:00+00:00, run_after=2024-12-12T00:00:00+00:00
[2024-12-12T15:43:49.696+0000] {processor.py:179} INFO - Processing /home/vscode/.local/lib/python3.10/site-packages/airflow/example_dags/example_bash_operator.py took 0.067 seconds
[2024-12-12T15:44:32.995+0000] {processor.py:157} INFO - Started process (PID=38004) to work on /home/vscode/.local/lib/python3.10/site-packages/airflow/example_dags/example_bash_operator.py
[2024-12-12T15:44:32.996+0000] {processor.py:826} INFO - Processing file /home/vscode/.local/lib/python3.10/site-packages/airflow/example_dags/example_bash_operator.py for tasks to queue
[2024-12-12T15:44:32.997+0000] {logging_mixin.py:150} INFO - [2024-12-12T15:44:32.996+0000] {dagbag.py:541} INFO - Filling up the DagBag from /home/vscode/.local/lib/python3.10/site-packages/airflow/example_dags/example_bash_operator.py
[2024-12-12T15:44:33.004+0000] {processor.py:836} INFO - DAG(s) dict_keys(['example_bash_operator']) retrieved from /home/vscode/.local/lib/python3.10/site-packages/airflow/example_dags/example_bash_operator.py
[2024-12-12T15:44:33.021+0000] {logging_mixin.py:150} INFO - [2024-12-12T15:44:33.020+0000] {dag.py:2742} INFO - Sync 1 DAGs
[2024-12-12T15:44:33.034+0000] {logging_mixin.py:150} INFO - [2024-12-12T15:44:33.034+0000] {dag.py:3504} INFO - Setting next_dagrun for example_bash_operator to 2024-12-11T00:00:00+00:00, run_after=2024-12-12T00:00:00+00:00
[2024-12-12T15:44:33.049+0000] {processor.py:179} INFO - Processing /home/vscode/.local/lib/python3.10/site-packages/airflow/example_dags/example_bash_operator.py took 0.055 seconds
[2024-12-12T15:45:22.206+0000] {processor.py:157} INFO - Started process (PID=38402) to work on /home/vscode/.local/lib/python3.10/site-packages/airflow/example_dags/example_bash_operator.py
[2024-12-12T15:45:22.207+0000] {processor.py:826} INFO - Processing file /home/vscode/.local/lib/python3.10/site-packages/airflow/example_dags/example_bash_operator.py for tasks to queue
[2024-12-12T15:45:22.208+0000] {logging_mixin.py:150} INFO - [2024-12-12T15:45:22.207+0000] {dagbag.py:541} INFO - Filling up the DagBag from /home/vscode/.local/lib/python3.10/site-packages/airflow/example_dags/example_bash_operator.py
[2024-12-12T15:45:22.215+0000] {processor.py:836} INFO - DAG(s) dict_keys(['example_bash_operator']) retrieved from /home/vscode/.local/lib/python3.10/site-packages/airflow/example_dags/example_bash_operator.py
[2024-12-12T15:45:22.240+0000] {logging_mixin.py:150} INFO - [2024-12-12T15:45:22.239+0000] {dag.py:2742} INFO - Sync 1 DAGs
[2024-12-12T15:45:22.255+0000] {logging_mixin.py:150} INFO - [2024-12-12T15:45:22.255+0000] {dag.py:3504} INFO - Setting next_dagrun for example_bash_operator to 2024-12-11T00:00:00+00:00, run_after=2024-12-12T00:00:00+00:00
[2024-12-12T15:45:22.270+0000] {processor.py:179} INFO - Processing /home/vscode/.local/lib/python3.10/site-packages/airflow/example_dags/example_bash_operator.py took 0.065 seconds
[2024-12-12T15:46:09.418+0000] {processor.py:157} INFO - Started process (PID=38765) to work on /home/vscode/.local/lib/python3.10/site-packages/airflow/example_dags/example_bash_operator.py
[2024-12-12T15:46:09.419+0000] {processor.py:826} INFO - Processing file /home/vscode/.local/lib/python3.10/site-packages/airflow/example_dags/example_bash_operator.py for tasks to queue
[2024-12-12T15:46:09.419+0000] {logging_mixin.py:150} INFO - [2024-12-12T15:46:09.419+0000] {dagbag.py:541} INFO - Filling up the DagBag from /home/vscode/.local/lib/python3.10/site-packages/airflow/example_dags/example_bash_operator.py
[2024-12-12T15:46:09.427+0000] {processor.py:836} INFO - DAG(s) dict_keys(['example_bash_operator']) retrieved from /home/vscode/.local/lib/python3.10/site-packages/airflow/example_dags/example_bash_operator.py
[2024-12-12T15:46:09.444+0000] {logging_mixin.py:150} INFO - [2024-12-12T15:46:09.443+0000] {dag.py:2742} INFO - Sync 1 DAGs
[2024-12-12T15:46:09.458+0000] {logging_mixin.py:150} INFO - [2024-12-12T15:46:09.458+0000] {dag.py:3504} INFO - Setting next_dagrun for example_bash_operator to 2024-12-11T00:00:00+00:00, run_after=2024-12-12T00:00:00+00:00
[2024-12-12T15:46:09.473+0000] {processor.py:179} INFO - Processing /home/vscode/.local/lib/python3.10/site-packages/airflow/example_dags/example_bash_operator.py took 0.057 seconds
[2024-12-12T15:46:56.797+0000] {processor.py:157} INFO - Started process (PID=39141) to work on /home/vscode/.local/lib/python3.10/site-packages/airflow/example_dags/example_bash_operator.py
[2024-12-12T15:46:56.798+0000] {processor.py:826} INFO - Processing file /home/vscode/.local/lib/python3.10/site-packages/airflow/example_dags/example_bash_operator.py for tasks to queue
[2024-12-12T15:46:56.798+0000] {logging_mixin.py:150} INFO - [2024-12-12T15:46:56.798+0000] {dagbag.py:541} INFO - Filling up the DagBag from /home/vscode/.local/lib/python3.10/site-packages/airflow/example_dags/example_bash_operator.py
[2024-12-12T15:46:56.809+0000] {processor.py:836} INFO - DAG(s) dict_keys(['example_bash_operator']) retrieved from /home/vscode/.local/lib/python3.10/site-packages/airflow/example_dags/example_bash_operator.py
[2024-12-12T15:46:56.834+0000] {logging_mixin.py:150} INFO - [2024-12-12T15:46:56.834+0000] {dag.py:2742} INFO - Sync 1 DAGs
[2024-12-12T15:46:56.849+0000] {logging_mixin.py:150} INFO - [2024-12-12T15:46:56.849+0000] {dag.py:3504} INFO - Setting next_dagrun for example_bash_operator to 2024-12-11T00:00:00+00:00, run_after=2024-12-12T00:00:00+00:00
[2024-12-12T15:46:56.864+0000] {processor.py:179} INFO - Processing /home/vscode/.local/lib/python3.10/site-packages/airflow/example_dags/example_bash_operator.py took 0.069 seconds
[2024-12-12T15:47:45.579+0000] {processor.py:157} INFO - Started process (PID=39523) to work on /home/vscode/.local/lib/python3.10/site-packages/airflow/example_dags/example_bash_operator.py
[2024-12-12T15:47:45.579+0000] {processor.py:826} INFO - Processing file /home/vscode/.local/lib/python3.10/site-packages/airflow/example_dags/example_bash_operator.py for tasks to queue
[2024-12-12T15:47:45.580+0000] {logging_mixin.py:150} INFO - [2024-12-12T15:47:45.580+0000] {dagbag.py:541} INFO - Filling up the DagBag from /home/vscode/.local/lib/python3.10/site-packages/airflow/example_dags/example_bash_operator.py
[2024-12-12T15:47:45.588+0000] {processor.py:836} INFO - DAG(s) dict_keys(['example_bash_operator']) retrieved from /home/vscode/.local/lib/python3.10/site-packages/airflow/example_dags/example_bash_operator.py
[2024-12-12T15:47:45.604+0000] {logging_mixin.py:150} INFO - [2024-12-12T15:47:45.604+0000] {dag.py:2742} INFO - Sync 1 DAGs
[2024-12-12T15:47:45.623+0000] {logging_mixin.py:150} INFO - [2024-12-12T15:47:45.623+0000] {dag.py:3504} INFO - Setting next_dagrun for example_bash_operator to 2024-12-11T00:00:00+00:00, run_after=2024-12-12T00:00:00+00:00
[2024-12-12T15:47:45.637+0000] {processor.py:179} INFO - Processing /home/vscode/.local/lib/python3.10/site-packages/airflow/example_dags/example_bash_operator.py took 0.060 seconds
[2024-12-12T15:48:30.773+0000] {processor.py:157} INFO - Started process (PID=39872) to work on /home/vscode/.local/lib/python3.10/site-packages/airflow/example_dags/example_bash_operator.py
[2024-12-12T15:48:30.773+0000] {processor.py:826} INFO - Processing file /home/vscode/.local/lib/python3.10/site-packages/airflow/example_dags/example_bash_operator.py for tasks to queue
[2024-12-12T15:48:30.774+0000] {logging_mixin.py:150} INFO - [2024-12-12T15:48:30.774+0000] {dagbag.py:541} INFO - Filling up the DagBag from /home/vscode/.local/lib/python3.10/site-packages/airflow/example_dags/example_bash_operator.py
[2024-12-12T15:48:30.782+0000] {processor.py:836} INFO - DAG(s) dict_keys(['example_bash_operator']) retrieved from /home/vscode/.local/lib/python3.10/site-packages/airflow/example_dags/example_bash_operator.py
[2024-12-12T15:48:30.798+0000] {logging_mixin.py:150} INFO - [2024-12-12T15:48:30.798+0000] {dag.py:2742} INFO - Sync 1 DAGs
[2024-12-12T15:48:30.812+0000] {logging_mixin.py:150} INFO - [2024-12-12T15:48:30.812+0000] {dag.py:3504} INFO - Setting next_dagrun for example_bash_operator to 2024-12-11T00:00:00+00:00, run_after=2024-12-12T00:00:00+00:00
[2024-12-12T15:48:30.826+0000] {processor.py:179} INFO - Processing /home/vscode/.local/lib/python3.10/site-packages/airflow/example_dags/example_bash_operator.py took 0.056 seconds
[2024-12-12T15:49:24.557+0000] {processor.py:157} INFO - Started process (PID=40318) to work on /home/vscode/.local/lib/python3.10/site-packages/airflow/example_dags/example_bash_operator.py
[2024-12-12T15:49:24.558+0000] {processor.py:826} INFO - Processing file /home/vscode/.local/lib/python3.10/site-packages/airflow/example_dags/example_bash_operator.py for tasks to queue
[2024-12-12T15:49:24.559+0000] {logging_mixin.py:150} INFO - [2024-12-12T15:49:24.558+0000] {dagbag.py:541} INFO - Filling up the DagBag from /home/vscode/.local/lib/python3.10/site-packages/airflow/example_dags/example_bash_operator.py
[2024-12-12T15:49:24.566+0000] {processor.py:836} INFO - DAG(s) dict_keys(['example_bash_operator']) retrieved from /home/vscode/.local/lib/python3.10/site-packages/airflow/example_dags/example_bash_operator.py
[2024-12-12T15:49:24.582+0000] {logging_mixin.py:150} INFO - [2024-12-12T15:49:24.582+0000] {dag.py:2742} INFO - Sync 1 DAGs
[2024-12-12T15:49:24.596+0000] {logging_mixin.py:150} INFO - [2024-12-12T15:49:24.596+0000] {dag.py:3504} INFO - Setting next_dagrun for example_bash_operator to 2024-12-11T00:00:00+00:00, run_after=2024-12-12T00:00:00+00:00
[2024-12-12T15:49:24.610+0000] {processor.py:179} INFO - Processing /home/vscode/.local/lib/python3.10/site-packages/airflow/example_dags/example_bash_operator.py took 0.054 seconds
[2024-12-12T15:50:09.027+0000] {processor.py:157} INFO - Started process (PID=40666) to work on /home/vscode/.local/lib/python3.10/site-packages/airflow/example_dags/example_bash_operator.py
[2024-12-12T15:50:09.027+0000] {processor.py:826} INFO - Processing file /home/vscode/.local/lib/python3.10/site-packages/airflow/example_dags/example_bash_operator.py for tasks to queue
[2024-12-12T15:50:09.028+0000] {logging_mixin.py:150} INFO - [2024-12-12T15:50:09.028+0000] {dagbag.py:541} INFO - Filling up the DagBag from /home/vscode/.local/lib/python3.10/site-packages/airflow/example_dags/example_bash_operator.py
[2024-12-12T15:50:09.035+0000] {processor.py:836} INFO - DAG(s) dict_keys(['example_bash_operator']) retrieved from /home/vscode/.local/lib/python3.10/site-packages/airflow/example_dags/example_bash_operator.py
[2024-12-12T15:50:09.052+0000] {logging_mixin.py:150} INFO - [2024-12-12T15:50:09.052+0000] {dag.py:2742} INFO - Sync 1 DAGs
[2024-12-12T15:50:09.066+0000] {logging_mixin.py:150} INFO - [2024-12-12T15:50:09.066+0000] {dag.py:3504} INFO - Setting next_dagrun for example_bash_operator to 2024-12-11T00:00:00+00:00, run_after=2024-12-12T00:00:00+00:00
[2024-12-12T15:50:09.081+0000] {processor.py:179} INFO - Processing /home/vscode/.local/lib/python3.10/site-packages/airflow/example_dags/example_bash_operator.py took 0.056 seconds
[2024-12-12T15:50:50.332+0000] {processor.py:157} INFO - Started process (PID=40993) to work on /home/vscode/.local/lib/python3.10/site-packages/airflow/example_dags/example_bash_operator.py
[2024-12-12T15:50:50.333+0000] {processor.py:826} INFO - Processing file /home/vscode/.local/lib/python3.10/site-packages/airflow/example_dags/example_bash_operator.py for tasks to queue
[2024-12-12T15:50:50.334+0000] {logging_mixin.py:150} INFO - [2024-12-12T15:50:50.333+0000] {dagbag.py:541} INFO - Filling up the DagBag from /home/vscode/.local/lib/python3.10/site-packages/airflow/example_dags/example_bash_operator.py
[2024-12-12T15:50:50.343+0000] {processor.py:836} INFO - DAG(s) dict_keys(['example_bash_operator']) retrieved from /home/vscode/.local/lib/python3.10/site-packages/airflow/example_dags/example_bash_operator.py
[2024-12-12T15:50:50.361+0000] {logging_mixin.py:150} INFO - [2024-12-12T15:50:50.361+0000] {dag.py:2742} INFO - Sync 1 DAGs
[2024-12-12T15:50:50.378+0000] {logging_mixin.py:150} INFO - [2024-12-12T15:50:50.378+0000] {dag.py:3504} INFO - Setting next_dagrun for example_bash_operator to 2024-12-11T00:00:00+00:00, run_after=2024-12-12T00:00:00+00:00
[2024-12-12T15:50:50.392+0000] {processor.py:179} INFO - Processing /home/vscode/.local/lib/python3.10/site-packages/airflow/example_dags/example_bash_operator.py took 0.062 seconds
[2024-12-12T15:51:39.218+0000] {processor.py:157} INFO - Started process (PID=41371) to work on /home/vscode/.local/lib/python3.10/site-packages/airflow/example_dags/example_bash_operator.py
[2024-12-12T15:51:39.218+0000] {processor.py:826} INFO - Processing file /home/vscode/.local/lib/python3.10/site-packages/airflow/example_dags/example_bash_operator.py for tasks to queue
[2024-12-12T15:51:39.219+0000] {logging_mixin.py:150} INFO - [2024-12-12T15:51:39.219+0000] {dagbag.py:541} INFO - Filling up the DagBag from /home/vscode/.local/lib/python3.10/site-packages/airflow/example_dags/example_bash_operator.py
[2024-12-12T15:51:39.226+0000] {processor.py:836} INFO - DAG(s) dict_keys(['example_bash_operator']) retrieved from /home/vscode/.local/lib/python3.10/site-packages/airflow/example_dags/example_bash_operator.py
[2024-12-12T15:51:39.242+0000] {logging_mixin.py:150} INFO - [2024-12-12T15:51:39.242+0000] {dag.py:2742} INFO - Sync 1 DAGs
[2024-12-12T15:51:39.256+0000] {logging_mixin.py:150} INFO - [2024-12-12T15:51:39.256+0000] {dag.py:3504} INFO - Setting next_dagrun for example_bash_operator to 2024-12-11T00:00:00+00:00, run_after=2024-12-12T00:00:00+00:00
[2024-12-12T15:51:39.269+0000] {processor.py:179} INFO - Processing /home/vscode/.local/lib/python3.10/site-packages/airflow/example_dags/example_bash_operator.py took 0.054 seconds
[2024-12-12T15:52:26.558+0000] {processor.py:157} INFO - Started process (PID=41733) to work on /home/vscode/.local/lib/python3.10/site-packages/airflow/example_dags/example_bash_operator.py
[2024-12-12T15:52:26.559+0000] {processor.py:826} INFO - Processing file /home/vscode/.local/lib/python3.10/site-packages/airflow/example_dags/example_bash_operator.py for tasks to queue
[2024-12-12T15:52:26.560+0000] {logging_mixin.py:150} INFO - [2024-12-12T15:52:26.559+0000] {dagbag.py:541} INFO - Filling up the DagBag from /home/vscode/.local/lib/python3.10/site-packages/airflow/example_dags/example_bash_operator.py
[2024-12-12T15:52:26.567+0000] {processor.py:836} INFO - DAG(s) dict_keys(['example_bash_operator']) retrieved from /home/vscode/.local/lib/python3.10/site-packages/airflow/example_dags/example_bash_operator.py
[2024-12-12T15:52:26.583+0000] {logging_mixin.py:150} INFO - [2024-12-12T15:52:26.583+0000] {dag.py:2742} INFO - Sync 1 DAGs
[2024-12-12T15:52:26.596+0000] {logging_mixin.py:150} INFO - [2024-12-12T15:52:26.596+0000] {dag.py:3504} INFO - Setting next_dagrun for example_bash_operator to 2024-12-11T00:00:00+00:00, run_after=2024-12-12T00:00:00+00:00
[2024-12-12T15:52:26.610+0000] {processor.py:179} INFO - Processing /home/vscode/.local/lib/python3.10/site-packages/airflow/example_dags/example_bash_operator.py took 0.054 seconds
[2024-12-12T15:53:10.493+0000] {processor.py:157} INFO - Started process (PID=42031) to work on /home/vscode/.local/lib/python3.10/site-packages/airflow/example_dags/example_bash_operator.py
[2024-12-12T15:53:10.494+0000] {processor.py:826} INFO - Processing file /home/vscode/.local/lib/python3.10/site-packages/airflow/example_dags/example_bash_operator.py for tasks to queue
[2024-12-12T15:53:10.495+0000] {logging_mixin.py:150} INFO - [2024-12-12T15:53:10.494+0000] {dagbag.py:541} INFO - Filling up the DagBag from /home/vscode/.local/lib/python3.10/site-packages/airflow/example_dags/example_bash_operator.py
[2024-12-12T15:53:10.502+0000] {processor.py:836} INFO - DAG(s) dict_keys(['example_bash_operator']) retrieved from /home/vscode/.local/lib/python3.10/site-packages/airflow/example_dags/example_bash_operator.py
[2024-12-12T15:53:10.523+0000] {logging_mixin.py:150} INFO - [2024-12-12T15:53:10.522+0000] {dag.py:2742} INFO - Sync 1 DAGs
[2024-12-12T15:53:10.537+0000] {logging_mixin.py:150} INFO - [2024-12-12T15:53:10.537+0000] {dag.py:3504} INFO - Setting next_dagrun for example_bash_operator to 2024-12-11T00:00:00+00:00, run_after=2024-12-12T00:00:00+00:00
[2024-12-12T15:53:10.551+0000] {processor.py:179} INFO - Processing /home/vscode/.local/lib/python3.10/site-packages/airflow/example_dags/example_bash_operator.py took 0.060 seconds
[2024-12-12T15:53:52.431+0000] {processor.py:157} INFO - Started process (PID=42345) to work on /home/vscode/.local/lib/python3.10/site-packages/airflow/example_dags/example_bash_operator.py
[2024-12-12T15:53:52.432+0000] {processor.py:826} INFO - Processing file /home/vscode/.local/lib/python3.10/site-packages/airflow/example_dags/example_bash_operator.py for tasks to queue
[2024-12-12T15:53:52.432+0000] {logging_mixin.py:150} INFO - [2024-12-12T15:53:52.432+0000] {dagbag.py:541} INFO - Filling up the DagBag from /home/vscode/.local/lib/python3.10/site-packages/airflow/example_dags/example_bash_operator.py
[2024-12-12T15:53:52.440+0000] {processor.py:836} INFO - DAG(s) dict_keys(['example_bash_operator']) retrieved from /home/vscode/.local/lib/python3.10/site-packages/airflow/example_dags/example_bash_operator.py
[2024-12-12T15:53:52.456+0000] {logging_mixin.py:150} INFO - [2024-12-12T15:53:52.456+0000] {dag.py:2742} INFO - Sync 1 DAGs
[2024-12-12T15:53:52.470+0000] {logging_mixin.py:150} INFO - [2024-12-12T15:53:52.470+0000] {dag.py:3504} INFO - Setting next_dagrun for example_bash_operator to 2024-12-11T00:00:00+00:00, run_after=2024-12-12T00:00:00+00:00
[2024-12-12T15:53:52.484+0000] {processor.py:179} INFO - Processing /home/vscode/.local/lib/python3.10/site-packages/airflow/example_dags/example_bash_operator.py took 0.055 seconds
[2024-12-12T15:54:41.637+0000] {processor.py:157} INFO - Started process (PID=42681) to work on /home/vscode/.local/lib/python3.10/site-packages/airflow/example_dags/example_bash_operator.py
[2024-12-12T15:54:41.637+0000] {processor.py:826} INFO - Processing file /home/vscode/.local/lib/python3.10/site-packages/airflow/example_dags/example_bash_operator.py for tasks to queue
[2024-12-12T15:54:41.638+0000] {logging_mixin.py:150} INFO - [2024-12-12T15:54:41.638+0000] {dagbag.py:541} INFO - Filling up the DagBag from /home/vscode/.local/lib/python3.10/site-packages/airflow/example_dags/example_bash_operator.py
[2024-12-12T15:54:41.645+0000] {processor.py:836} INFO - DAG(s) dict_keys(['example_bash_operator']) retrieved from /home/vscode/.local/lib/python3.10/site-packages/airflow/example_dags/example_bash_operator.py
[2024-12-12T15:54:41.662+0000] {logging_mixin.py:150} INFO - [2024-12-12T15:54:41.661+0000] {dag.py:2742} INFO - Sync 1 DAGs
[2024-12-12T15:54:41.676+0000] {logging_mixin.py:150} INFO - [2024-12-12T15:54:41.676+0000] {dag.py:3504} INFO - Setting next_dagrun for example_bash_operator to 2024-12-11T00:00:00+00:00, run_after=2024-12-12T00:00:00+00:00
[2024-12-12T15:54:41.689+0000] {processor.py:179} INFO - Processing /home/vscode/.local/lib/python3.10/site-packages/airflow/example_dags/example_bash_operator.py took 0.055 seconds
[2024-12-12T15:55:25.848+0000] {processor.py:157} INFO - Started process (PID=42979) to work on /home/vscode/.local/lib/python3.10/site-packages/airflow/example_dags/example_bash_operator.py
[2024-12-12T15:55:25.849+0000] {processor.py:826} INFO - Processing file /home/vscode/.local/lib/python3.10/site-packages/airflow/example_dags/example_bash_operator.py for tasks to queue
[2024-12-12T15:55:25.850+0000] {logging_mixin.py:150} INFO - [2024-12-12T15:55:25.849+0000] {dagbag.py:541} INFO - Filling up the DagBag from /home/vscode/.local/lib/python3.10/site-packages/airflow/example_dags/example_bash_operator.py
[2024-12-12T15:55:25.857+0000] {processor.py:836} INFO - DAG(s) dict_keys(['example_bash_operator']) retrieved from /home/vscode/.local/lib/python3.10/site-packages/airflow/example_dags/example_bash_operator.py
[2024-12-12T15:55:25.873+0000] {logging_mixin.py:150} INFO - [2024-12-12T15:55:25.873+0000] {dag.py:2742} INFO - Sync 1 DAGs
[2024-12-12T15:55:25.887+0000] {logging_mixin.py:150} INFO - [2024-12-12T15:55:25.886+0000] {dag.py:3504} INFO - Setting next_dagrun for example_bash_operator to 2024-12-11T00:00:00+00:00, run_after=2024-12-12T00:00:00+00:00
[2024-12-12T15:55:25.900+0000] {processor.py:179} INFO - Processing /home/vscode/.local/lib/python3.10/site-packages/airflow/example_dags/example_bash_operator.py took 0.054 seconds
[2024-12-12T15:56:13.923+0000] {processor.py:157} INFO - Started process (PID=43305) to work on /home/vscode/.local/lib/python3.10/site-packages/airflow/example_dags/example_bash_operator.py
[2024-12-12T15:56:13.924+0000] {processor.py:826} INFO - Processing file /home/vscode/.local/lib/python3.10/site-packages/airflow/example_dags/example_bash_operator.py for tasks to queue
[2024-12-12T15:56:13.924+0000] {logging_mixin.py:150} INFO - [2024-12-12T15:56:13.924+0000] {dagbag.py:541} INFO - Filling up the DagBag from /home/vscode/.local/lib/python3.10/site-packages/airflow/example_dags/example_bash_operator.py
[2024-12-12T15:56:13.934+0000] {processor.py:836} INFO - DAG(s) dict_keys(['example_bash_operator']) retrieved from /home/vscode/.local/lib/python3.10/site-packages/airflow/example_dags/example_bash_operator.py
[2024-12-12T15:56:13.958+0000] {logging_mixin.py:150} INFO - [2024-12-12T15:56:13.958+0000] {dag.py:2742} INFO - Sync 1 DAGs
[2024-12-12T15:56:13.972+0000] {logging_mixin.py:150} INFO - [2024-12-12T15:56:13.972+0000] {dag.py:3504} INFO - Setting next_dagrun for example_bash_operator to 2024-12-11T00:00:00+00:00, run_after=2024-12-12T00:00:00+00:00
[2024-12-12T15:56:13.987+0000] {processor.py:179} INFO - Processing /home/vscode/.local/lib/python3.10/site-packages/airflow/example_dags/example_bash_operator.py took 0.066 seconds
[2024-12-12T15:57:05.015+0000] {processor.py:157} INFO - Started process (PID=43660) to work on /home/vscode/.local/lib/python3.10/site-packages/airflow/example_dags/example_bash_operator.py
[2024-12-12T15:57:05.016+0000] {processor.py:826} INFO - Processing file /home/vscode/.local/lib/python3.10/site-packages/airflow/example_dags/example_bash_operator.py for tasks to queue
[2024-12-12T15:57:05.017+0000] {logging_mixin.py:150} INFO - [2024-12-12T15:57:05.016+0000] {dagbag.py:541} INFO - Filling up the DagBag from /home/vscode/.local/lib/python3.10/site-packages/airflow/example_dags/example_bash_operator.py
[2024-12-12T15:57:05.024+0000] {processor.py:836} INFO - DAG(s) dict_keys(['example_bash_operator']) retrieved from /home/vscode/.local/lib/python3.10/site-packages/airflow/example_dags/example_bash_operator.py
[2024-12-12T15:57:05.040+0000] {logging_mixin.py:150} INFO - [2024-12-12T15:57:05.040+0000] {dag.py:2742} INFO - Sync 1 DAGs
[2024-12-12T15:57:05.054+0000] {logging_mixin.py:150} INFO - [2024-12-12T15:57:05.054+0000] {dag.py:3504} INFO - Setting next_dagrun for example_bash_operator to 2024-12-11T00:00:00+00:00, run_after=2024-12-12T00:00:00+00:00
[2024-12-12T15:57:05.069+0000] {processor.py:179} INFO - Processing /home/vscode/.local/lib/python3.10/site-packages/airflow/example_dags/example_bash_operator.py took 0.055 seconds
[2024-12-12T15:57:51.550+0000] {processor.py:157} INFO - Started process (PID=43986) to work on /home/vscode/.local/lib/python3.10/site-packages/airflow/example_dags/example_bash_operator.py
[2024-12-12T15:57:51.551+0000] {processor.py:826} INFO - Processing file /home/vscode/.local/lib/python3.10/site-packages/airflow/example_dags/example_bash_operator.py for tasks to queue
[2024-12-12T15:57:51.551+0000] {logging_mixin.py:150} INFO - [2024-12-12T15:57:51.551+0000] {dagbag.py:541} INFO - Filling up the DagBag from /home/vscode/.local/lib/python3.10/site-packages/airflow/example_dags/example_bash_operator.py
[2024-12-12T15:57:51.559+0000] {processor.py:836} INFO - DAG(s) dict_keys(['example_bash_operator']) retrieved from /home/vscode/.local/lib/python3.10/site-packages/airflow/example_dags/example_bash_operator.py
[2024-12-12T15:57:51.575+0000] {logging_mixin.py:150} INFO - [2024-12-12T15:57:51.574+0000] {dag.py:2742} INFO - Sync 1 DAGs
[2024-12-12T15:57:51.588+0000] {logging_mixin.py:150} INFO - [2024-12-12T15:57:51.588+0000] {dag.py:3504} INFO - Setting next_dagrun for example_bash_operator to 2024-12-11T00:00:00+00:00, run_after=2024-12-12T00:00:00+00:00
[2024-12-12T15:57:51.602+0000] {processor.py:179} INFO - Processing /home/vscode/.local/lib/python3.10/site-packages/airflow/example_dags/example_bash_operator.py took 0.054 seconds
[2024-12-12T15:58:40.040+0000] {processor.py:157} INFO - Started process (PID=44358) to work on /home/vscode/.local/lib/python3.10/site-packages/airflow/example_dags/example_bash_operator.py
[2024-12-12T15:58:40.040+0000] {processor.py:826} INFO - Processing file /home/vscode/.local/lib/python3.10/site-packages/airflow/example_dags/example_bash_operator.py for tasks to queue
[2024-12-12T15:58:40.041+0000] {logging_mixin.py:150} INFO - [2024-12-12T15:58:40.041+0000] {dagbag.py:541} INFO - Filling up the DagBag from /home/vscode/.local/lib/python3.10/site-packages/airflow/example_dags/example_bash_operator.py
[2024-12-12T15:58:40.048+0000] {processor.py:836} INFO - DAG(s) dict_keys(['example_bash_operator']) retrieved from /home/vscode/.local/lib/python3.10/site-packages/airflow/example_dags/example_bash_operator.py
[2024-12-12T15:58:40.065+0000] {logging_mixin.py:150} INFO - [2024-12-12T15:58:40.064+0000] {dag.py:2742} INFO - Sync 1 DAGs
[2024-12-12T15:58:40.078+0000] {logging_mixin.py:150} INFO - [2024-12-12T15:58:40.078+0000] {dag.py:3504} INFO - Setting next_dagrun for example_bash_operator to 2024-12-11T00:00:00+00:00, run_after=2024-12-12T00:00:00+00:00
[2024-12-12T15:58:40.092+0000] {processor.py:179} INFO - Processing /home/vscode/.local/lib/python3.10/site-packages/airflow/example_dags/example_bash_operator.py took 0.055 seconds
[2024-12-12T15:59:22.245+0000] {processor.py:157} INFO - Started process (PID=44709) to work on /home/vscode/.local/lib/python3.10/site-packages/airflow/example_dags/example_bash_operator.py
[2024-12-12T15:59:22.246+0000] {processor.py:826} INFO - Processing file /home/vscode/.local/lib/python3.10/site-packages/airflow/example_dags/example_bash_operator.py for tasks to queue
[2024-12-12T15:59:22.246+0000] {logging_mixin.py:150} INFO - [2024-12-12T15:59:22.246+0000] {dagbag.py:541} INFO - Filling up the DagBag from /home/vscode/.local/lib/python3.10/site-packages/airflow/example_dags/example_bash_operator.py
[2024-12-12T15:59:22.254+0000] {processor.py:836} INFO - DAG(s) dict_keys(['example_bash_operator']) retrieved from /home/vscode/.local/lib/python3.10/site-packages/airflow/example_dags/example_bash_operator.py
[2024-12-12T15:59:22.269+0000] {logging_mixin.py:150} INFO - [2024-12-12T15:59:22.269+0000] {dag.py:2742} INFO - Sync 1 DAGs
[2024-12-12T15:59:22.283+0000] {logging_mixin.py:150} INFO - [2024-12-12T15:59:22.283+0000] {dag.py:3504} INFO - Setting next_dagrun for example_bash_operator to 2024-12-11T00:00:00+00:00, run_after=2024-12-12T00:00:00+00:00
[2024-12-12T15:59:22.301+0000] {processor.py:179} INFO - Processing /home/vscode/.local/lib/python3.10/site-packages/airflow/example_dags/example_bash_operator.py took 0.058 seconds
[2024-12-12T16:00:17.095+0000] {processor.py:157} INFO - Started process (PID=45103) to work on /home/vscode/.local/lib/python3.10/site-packages/airflow/example_dags/example_bash_operator.py
[2024-12-12T16:00:17.096+0000] {processor.py:826} INFO - Processing file /home/vscode/.local/lib/python3.10/site-packages/airflow/example_dags/example_bash_operator.py for tasks to queue
[2024-12-12T16:00:17.097+0000] {logging_mixin.py:150} INFO - [2024-12-12T16:00:17.096+0000] {dagbag.py:541} INFO - Filling up the DagBag from /home/vscode/.local/lib/python3.10/site-packages/airflow/example_dags/example_bash_operator.py
[2024-12-12T16:00:17.104+0000] {processor.py:836} INFO - DAG(s) dict_keys(['example_bash_operator']) retrieved from /home/vscode/.local/lib/python3.10/site-packages/airflow/example_dags/example_bash_operator.py
[2024-12-12T16:00:17.120+0000] {logging_mixin.py:150} INFO - [2024-12-12T16:00:17.120+0000] {dag.py:2742} INFO - Sync 1 DAGs
[2024-12-12T16:00:17.134+0000] {logging_mixin.py:150} INFO - [2024-12-12T16:00:17.134+0000] {dag.py:3504} INFO - Setting next_dagrun for example_bash_operator to 2024-12-11T00:00:00+00:00, run_after=2024-12-12T00:00:00+00:00
[2024-12-12T16:00:17.148+0000] {processor.py:179} INFO - Processing /home/vscode/.local/lib/python3.10/site-packages/airflow/example_dags/example_bash_operator.py took 0.054 seconds
[2024-12-12T16:01:02.713+0000] {processor.py:157} INFO - Started process (PID=45421) to work on /home/vscode/.local/lib/python3.10/site-packages/airflow/example_dags/example_bash_operator.py
[2024-12-12T16:01:02.714+0000] {processor.py:826} INFO - Processing file /home/vscode/.local/lib/python3.10/site-packages/airflow/example_dags/example_bash_operator.py for tasks to queue
[2024-12-12T16:01:02.714+0000] {logging_mixin.py:150} INFO - [2024-12-12T16:01:02.714+0000] {dagbag.py:541} INFO - Filling up the DagBag from /home/vscode/.local/lib/python3.10/site-packages/airflow/example_dags/example_bash_operator.py
[2024-12-12T16:01:02.722+0000] {processor.py:836} INFO - DAG(s) dict_keys(['example_bash_operator']) retrieved from /home/vscode/.local/lib/python3.10/site-packages/airflow/example_dags/example_bash_operator.py
[2024-12-12T16:01:02.738+0000] {logging_mixin.py:150} INFO - [2024-12-12T16:01:02.738+0000] {dag.py:2742} INFO - Sync 1 DAGs
[2024-12-12T16:01:02.752+0000] {logging_mixin.py:150} INFO - [2024-12-12T16:01:02.751+0000] {dag.py:3504} INFO - Setting next_dagrun for example_bash_operator to 2024-12-11T00:00:00+00:00, run_after=2024-12-12T00:00:00+00:00
[2024-12-12T16:01:02.765+0000] {processor.py:179} INFO - Processing /home/vscode/.local/lib/python3.10/site-packages/airflow/example_dags/example_bash_operator.py took 0.054 seconds
[2024-12-12T16:01:47.705+0000] {processor.py:157} INFO - Started process (PID=45735) to work on /home/vscode/.local/lib/python3.10/site-packages/airflow/example_dags/example_bash_operator.py
[2024-12-12T16:01:47.706+0000] {processor.py:826} INFO - Processing file /home/vscode/.local/lib/python3.10/site-packages/airflow/example_dags/example_bash_operator.py for tasks to queue
[2024-12-12T16:01:47.706+0000] {logging_mixin.py:150} INFO - [2024-12-12T16:01:47.706+0000] {dagbag.py:541} INFO - Filling up the DagBag from /home/vscode/.local/lib/python3.10/site-packages/airflow/example_dags/example_bash_operator.py
[2024-12-12T16:01:47.714+0000] {processor.py:836} INFO - DAG(s) dict_keys(['example_bash_operator']) retrieved from /home/vscode/.local/lib/python3.10/site-packages/airflow/example_dags/example_bash_operator.py
[2024-12-12T16:01:47.731+0000] {logging_mixin.py:150} INFO - [2024-12-12T16:01:47.730+0000] {dag.py:2742} INFO - Sync 1 DAGs
[2024-12-12T16:01:47.745+0000] {logging_mixin.py:150} INFO - [2024-12-12T16:01:47.745+0000] {dag.py:3504} INFO - Setting next_dagrun for example_bash_operator to 2024-12-11T00:00:00+00:00, run_after=2024-12-12T00:00:00+00:00
[2024-12-12T16:01:47.759+0000] {processor.py:179} INFO - Processing /home/vscode/.local/lib/python3.10/site-packages/airflow/example_dags/example_bash_operator.py took 0.056 seconds
[2024-12-12T16:02:29.940+0000] {processor.py:157} INFO - Started process (PID=46051) to work on /home/vscode/.local/lib/python3.10/site-packages/airflow/example_dags/example_bash_operator.py
[2024-12-12T16:02:29.941+0000] {processor.py:826} INFO - Processing file /home/vscode/.local/lib/python3.10/site-packages/airflow/example_dags/example_bash_operator.py for tasks to queue
[2024-12-12T16:02:29.942+0000] {logging_mixin.py:150} INFO - [2024-12-12T16:02:29.941+0000] {dagbag.py:541} INFO - Filling up the DagBag from /home/vscode/.local/lib/python3.10/site-packages/airflow/example_dags/example_bash_operator.py
[2024-12-12T16:02:29.951+0000] {processor.py:836} INFO - DAG(s) dict_keys(['example_bash_operator']) retrieved from /home/vscode/.local/lib/python3.10/site-packages/airflow/example_dags/example_bash_operator.py
[2024-12-12T16:02:29.968+0000] {logging_mixin.py:150} INFO - [2024-12-12T16:02:29.968+0000] {dag.py:2742} INFO - Sync 1 DAGs
[2024-12-12T16:02:29.982+0000] {logging_mixin.py:150} INFO - [2024-12-12T16:02:29.982+0000] {dag.py:3504} INFO - Setting next_dagrun for example_bash_operator to 2024-12-11T00:00:00+00:00, run_after=2024-12-12T00:00:00+00:00
[2024-12-12T16:02:29.997+0000] {processor.py:179} INFO - Processing /home/vscode/.local/lib/python3.10/site-packages/airflow/example_dags/example_bash_operator.py took 0.060 seconds
[2024-12-12T16:03:13.296+0000] {processor.py:157} INFO - Started process (PID=46350) to work on /home/vscode/.local/lib/python3.10/site-packages/airflow/example_dags/example_bash_operator.py
[2024-12-12T16:03:13.297+0000] {processor.py:826} INFO - Processing file /home/vscode/.local/lib/python3.10/site-packages/airflow/example_dags/example_bash_operator.py for tasks to queue
[2024-12-12T16:03:13.297+0000] {logging_mixin.py:150} INFO - [2024-12-12T16:03:13.297+0000] {dagbag.py:541} INFO - Filling up the DagBag from /home/vscode/.local/lib/python3.10/site-packages/airflow/example_dags/example_bash_operator.py
[2024-12-12T16:03:13.305+0000] {processor.py:836} INFO - DAG(s) dict_keys(['example_bash_operator']) retrieved from /home/vscode/.local/lib/python3.10/site-packages/airflow/example_dags/example_bash_operator.py
[2024-12-12T16:03:13.321+0000] {logging_mixin.py:150} INFO - [2024-12-12T16:03:13.320+0000] {dag.py:2742} INFO - Sync 1 DAGs
[2024-12-12T16:03:13.334+0000] {logging_mixin.py:150} INFO - [2024-12-12T16:03:13.334+0000] {dag.py:3504} INFO - Setting next_dagrun for example_bash_operator to 2024-12-11T00:00:00+00:00, run_after=2024-12-12T00:00:00+00:00
[2024-12-12T16:03:13.348+0000] {processor.py:179} INFO - Processing /home/vscode/.local/lib/python3.10/site-packages/airflow/example_dags/example_bash_operator.py took 0.054 seconds
