[2024-12-12T15:30:58.566+0000] {processor.py:157} INFO - Started process (PID=31056) to work on /home/vscode/.local/lib/python3.10/site-packages/airflow/example_dags/example_branch_day_of_week_operator.py
[2024-12-12T15:30:58.566+0000] {processor.py:826} INFO - Processing file /home/vscode/.local/lib/python3.10/site-packages/airflow/example_dags/example_branch_day_of_week_operator.py for tasks to queue
[2024-12-12T15:30:58.567+0000] {logging_mixin.py:150} INFO - [2024-12-12T15:30:58.567+0000] {dagbag.py:541} INFO - Filling up the DagBag from /home/vscode/.local/lib/python3.10/site-packages/airflow/example_dags/example_branch_day_of_week_operator.py
[2024-12-12T15:30:58.572+0000] {processor.py:836} INFO - DAG(s) dict_keys(['example_weekday_branch_operator']) retrieved from /home/vscode/.local/lib/python3.10/site-packages/airflow/example_dags/example_branch_day_of_week_operator.py
[2024-12-12T15:30:58.710+0000] {logging_mixin.py:150} INFO - [2024-12-12T15:30:58.710+0000] {manager.py:504} INFO - Created Permission View: can delete on DAG:example_weekday_branch_operator
[2024-12-12T15:30:58.718+0000] {logging_mixin.py:150} INFO - [2024-12-12T15:30:58.718+0000] {manager.py:504} INFO - Created Permission View: can read on DAG:example_weekday_branch_operator
[2024-12-12T15:30:58.723+0000] {logging_mixin.py:150} INFO - [2024-12-12T15:30:58.723+0000] {manager.py:504} INFO - Created Permission View: can edit on DAG:example_weekday_branch_operator
[2024-12-12T15:30:58.730+0000] {logging_mixin.py:150} INFO - [2024-12-12T15:30:58.730+0000] {dag.py:2742} INFO - Sync 1 DAGs
[2024-12-12T15:30:58.736+0000] {logging_mixin.py:150} INFO - [2024-12-12T15:30:58.736+0000] {dag.py:2763} INFO - Creating ORM DAG for example_weekday_branch_operator
[2024-12-12T15:30:58.743+0000] {logging_mixin.py:150} INFO - [2024-12-12T15:30:58.743+0000] {dag.py:3504} INFO - Setting next_dagrun for example_weekday_branch_operator to 2024-12-11T00:00:00+00:00, run_after=2024-12-12T00:00:00+00:00
[2024-12-12T15:30:58.760+0000] {processor.py:179} INFO - Processing /home/vscode/.local/lib/python3.10/site-packages/airflow/example_dags/example_branch_day_of_week_operator.py took 0.197 seconds
[2024-12-12T15:31:49.607+0000] {processor.py:157} INFO - Started process (PID=31475) to work on /home/vscode/.local/lib/python3.10/site-packages/airflow/example_dags/example_branch_day_of_week_operator.py
[2024-12-12T15:31:49.608+0000] {processor.py:826} INFO - Processing file /home/vscode/.local/lib/python3.10/site-packages/airflow/example_dags/example_branch_day_of_week_operator.py for tasks to queue
[2024-12-12T15:31:49.608+0000] {logging_mixin.py:150} INFO - [2024-12-12T15:31:49.608+0000] {dagbag.py:541} INFO - Filling up the DagBag from /home/vscode/.local/lib/python3.10/site-packages/airflow/example_dags/example_branch_day_of_week_operator.py
[2024-12-12T15:31:49.620+0000] {processor.py:836} INFO - DAG(s) dict_keys(['example_weekday_branch_operator']) retrieved from /home/vscode/.local/lib/python3.10/site-packages/airflow/example_dags/example_branch_day_of_week_operator.py
[2024-12-12T15:31:49.635+0000] {logging_mixin.py:150} INFO - [2024-12-12T15:31:49.635+0000] {dag.py:2742} INFO - Sync 1 DAGs
[2024-12-12T15:31:49.650+0000] {logging_mixin.py:150} INFO - [2024-12-12T15:31:49.650+0000] {dag.py:3504} INFO - Setting next_dagrun for example_weekday_branch_operator to 2024-12-11T00:00:00+00:00, run_after=2024-12-12T00:00:00+00:00
[2024-12-12T15:31:49.664+0000] {processor.py:179} INFO - Processing /home/vscode/.local/lib/python3.10/site-packages/airflow/example_dags/example_branch_day_of_week_operator.py took 0.058 seconds
[2024-12-12T15:32:31.985+0000] {processor.py:157} INFO - Started process (PID=31785) to work on /home/vscode/.local/lib/python3.10/site-packages/airflow/example_dags/example_branch_day_of_week_operator.py
[2024-12-12T15:32:31.986+0000] {processor.py:826} INFO - Processing file /home/vscode/.local/lib/python3.10/site-packages/airflow/example_dags/example_branch_day_of_week_operator.py for tasks to queue
[2024-12-12T15:32:31.986+0000] {logging_mixin.py:150} INFO - [2024-12-12T15:32:31.986+0000] {dagbag.py:541} INFO - Filling up the DagBag from /home/vscode/.local/lib/python3.10/site-packages/airflow/example_dags/example_branch_day_of_week_operator.py
[2024-12-12T15:32:31.992+0000] {processor.py:836} INFO - DAG(s) dict_keys(['example_weekday_branch_operator']) retrieved from /home/vscode/.local/lib/python3.10/site-packages/airflow/example_dags/example_branch_day_of_week_operator.py
[2024-12-12T15:32:32.004+0000] {logging_mixin.py:150} INFO - [2024-12-12T15:32:32.004+0000] {dag.py:2742} INFO - Sync 1 DAGs
[2024-12-12T15:32:32.017+0000] {logging_mixin.py:150} INFO - [2024-12-12T15:32:32.017+0000] {dag.py:3504} INFO - Setting next_dagrun for example_weekday_branch_operator to 2024-12-11T00:00:00+00:00, run_after=2024-12-12T00:00:00+00:00
[2024-12-12T15:32:32.032+0000] {processor.py:179} INFO - Processing /home/vscode/.local/lib/python3.10/site-packages/airflow/example_dags/example_branch_day_of_week_operator.py took 0.049 seconds
[2024-12-12T15:33:18.380+0000] {processor.py:157} INFO - Started process (PID=32140) to work on /home/vscode/.local/lib/python3.10/site-packages/airflow/example_dags/example_branch_day_of_week_operator.py
[2024-12-12T15:33:18.381+0000] {processor.py:826} INFO - Processing file /home/vscode/.local/lib/python3.10/site-packages/airflow/example_dags/example_branch_day_of_week_operator.py for tasks to queue
[2024-12-12T15:33:18.382+0000] {logging_mixin.py:150} INFO - [2024-12-12T15:33:18.381+0000] {dagbag.py:541} INFO - Filling up the DagBag from /home/vscode/.local/lib/python3.10/site-packages/airflow/example_dags/example_branch_day_of_week_operator.py
[2024-12-12T15:33:18.388+0000] {processor.py:836} INFO - DAG(s) dict_keys(['example_weekday_branch_operator']) retrieved from /home/vscode/.local/lib/python3.10/site-packages/airflow/example_dags/example_branch_day_of_week_operator.py
[2024-12-12T15:33:18.399+0000] {logging_mixin.py:150} INFO - [2024-12-12T15:33:18.399+0000] {dag.py:2742} INFO - Sync 1 DAGs
[2024-12-12T15:33:18.413+0000] {logging_mixin.py:150} INFO - [2024-12-12T15:33:18.412+0000] {dag.py:3504} INFO - Setting next_dagrun for example_weekday_branch_operator to 2024-12-11T00:00:00+00:00, run_after=2024-12-12T00:00:00+00:00
[2024-12-12T15:33:18.427+0000] {processor.py:179} INFO - Processing /home/vscode/.local/lib/python3.10/site-packages/airflow/example_dags/example_branch_day_of_week_operator.py took 0.049 seconds
[2024-12-12T15:34:01.429+0000] {processor.py:157} INFO - Started process (PID=32448) to work on /home/vscode/.local/lib/python3.10/site-packages/airflow/example_dags/example_branch_day_of_week_operator.py
[2024-12-12T15:34:01.430+0000] {processor.py:826} INFO - Processing file /home/vscode/.local/lib/python3.10/site-packages/airflow/example_dags/example_branch_day_of_week_operator.py for tasks to queue
[2024-12-12T15:34:01.430+0000] {logging_mixin.py:150} INFO - [2024-12-12T15:34:01.430+0000] {dagbag.py:541} INFO - Filling up the DagBag from /home/vscode/.local/lib/python3.10/site-packages/airflow/example_dags/example_branch_day_of_week_operator.py
[2024-12-12T15:34:01.435+0000] {processor.py:836} INFO - DAG(s) dict_keys(['example_weekday_branch_operator']) retrieved from /home/vscode/.local/lib/python3.10/site-packages/airflow/example_dags/example_branch_day_of_week_operator.py
[2024-12-12T15:34:01.447+0000] {logging_mixin.py:150} INFO - [2024-12-12T15:34:01.447+0000] {dag.py:2742} INFO - Sync 1 DAGs
[2024-12-12T15:34:01.461+0000] {logging_mixin.py:150} INFO - [2024-12-12T15:34:01.461+0000] {dag.py:3504} INFO - Setting next_dagrun for example_weekday_branch_operator to 2024-12-11T00:00:00+00:00, run_after=2024-12-12T00:00:00+00:00
[2024-12-12T15:34:01.475+0000] {processor.py:179} INFO - Processing /home/vscode/.local/lib/python3.10/site-packages/airflow/example_dags/example_branch_day_of_week_operator.py took 0.048 seconds
[2024-12-12T15:34:44.243+0000] {processor.py:157} INFO - Started process (PID=32740) to work on /home/vscode/.local/lib/python3.10/site-packages/airflow/example_dags/example_branch_day_of_week_operator.py
[2024-12-12T15:34:44.243+0000] {processor.py:826} INFO - Processing file /home/vscode/.local/lib/python3.10/site-packages/airflow/example_dags/example_branch_day_of_week_operator.py for tasks to queue
[2024-12-12T15:34:44.244+0000] {logging_mixin.py:150} INFO - [2024-12-12T15:34:44.244+0000] {dagbag.py:541} INFO - Filling up the DagBag from /home/vscode/.local/lib/python3.10/site-packages/airflow/example_dags/example_branch_day_of_week_operator.py
[2024-12-12T15:34:44.250+0000] {processor.py:836} INFO - DAG(s) dict_keys(['example_weekday_branch_operator']) retrieved from /home/vscode/.local/lib/python3.10/site-packages/airflow/example_dags/example_branch_day_of_week_operator.py
[2024-12-12T15:34:44.261+0000] {logging_mixin.py:150} INFO - [2024-12-12T15:34:44.261+0000] {dag.py:2742} INFO - Sync 1 DAGs
[2024-12-12T15:34:44.275+0000] {logging_mixin.py:150} INFO - [2024-12-12T15:34:44.275+0000] {dag.py:3504} INFO - Setting next_dagrun for example_weekday_branch_operator to 2024-12-11T00:00:00+00:00, run_after=2024-12-12T00:00:00+00:00
[2024-12-12T15:34:44.289+0000] {processor.py:179} INFO - Processing /home/vscode/.local/lib/python3.10/site-packages/airflow/example_dags/example_branch_day_of_week_operator.py took 0.048 seconds
[2024-12-12T15:35:34.918+0000] {processor.py:157} INFO - Started process (PID=33114) to work on /home/vscode/.local/lib/python3.10/site-packages/airflow/example_dags/example_branch_day_of_week_operator.py
[2024-12-12T15:35:34.919+0000] {processor.py:826} INFO - Processing file /home/vscode/.local/lib/python3.10/site-packages/airflow/example_dags/example_branch_day_of_week_operator.py for tasks to queue
[2024-12-12T15:35:34.919+0000] {logging_mixin.py:150} INFO - [2024-12-12T15:35:34.919+0000] {dagbag.py:541} INFO - Filling up the DagBag from /home/vscode/.local/lib/python3.10/site-packages/airflow/example_dags/example_branch_day_of_week_operator.py
[2024-12-12T15:35:34.925+0000] {processor.py:836} INFO - DAG(s) dict_keys(['example_weekday_branch_operator']) retrieved from /home/vscode/.local/lib/python3.10/site-packages/airflow/example_dags/example_branch_day_of_week_operator.py
[2024-12-12T15:35:34.937+0000] {logging_mixin.py:150} INFO - [2024-12-12T15:35:34.936+0000] {dag.py:2742} INFO - Sync 1 DAGs
[2024-12-12T15:35:34.951+0000] {logging_mixin.py:150} INFO - [2024-12-12T15:35:34.950+0000] {dag.py:3504} INFO - Setting next_dagrun for example_weekday_branch_operator to 2024-12-11T00:00:00+00:00, run_after=2024-12-12T00:00:00+00:00
[2024-12-12T15:35:34.966+0000] {processor.py:179} INFO - Processing /home/vscode/.local/lib/python3.10/site-packages/airflow/example_dags/example_branch_day_of_week_operator.py took 0.050 seconds
[2024-12-12T15:36:17.649+0000] {processor.py:157} INFO - Started process (PID=33513) to work on /home/vscode/.local/lib/python3.10/site-packages/airflow/example_dags/example_branch_day_of_week_operator.py
[2024-12-12T15:36:17.650+0000] {processor.py:826} INFO - Processing file /home/vscode/.local/lib/python3.10/site-packages/airflow/example_dags/example_branch_day_of_week_operator.py for tasks to queue
[2024-12-12T15:36:17.651+0000] {logging_mixin.py:150} INFO - [2024-12-12T15:36:17.650+0000] {dagbag.py:541} INFO - Filling up the DagBag from /home/vscode/.local/lib/python3.10/site-packages/airflow/example_dags/example_branch_day_of_week_operator.py
[2024-12-12T15:36:17.656+0000] {processor.py:836} INFO - DAG(s) dict_keys(['example_weekday_branch_operator']) retrieved from /home/vscode/.local/lib/python3.10/site-packages/airflow/example_dags/example_branch_day_of_week_operator.py
[2024-12-12T15:36:17.668+0000] {logging_mixin.py:150} INFO - [2024-12-12T15:36:17.667+0000] {dag.py:2742} INFO - Sync 1 DAGs
[2024-12-12T15:36:17.682+0000] {logging_mixin.py:150} INFO - [2024-12-12T15:36:17.682+0000] {dag.py:3504} INFO - Setting next_dagrun for example_weekday_branch_operator to 2024-12-11T00:00:00+00:00, run_after=2024-12-12T00:00:00+00:00
[2024-12-12T15:36:17.696+0000] {processor.py:179} INFO - Processing /home/vscode/.local/lib/python3.10/site-packages/airflow/example_dags/example_branch_day_of_week_operator.py took 0.049 seconds
[2024-12-12T15:37:09.269+0000] {processor.py:157} INFO - Started process (PID=34082) to work on /home/vscode/.local/lib/python3.10/site-packages/airflow/example_dags/example_branch_day_of_week_operator.py
[2024-12-12T15:37:09.269+0000] {processor.py:826} INFO - Processing file /home/vscode/.local/lib/python3.10/site-packages/airflow/example_dags/example_branch_day_of_week_operator.py for tasks to queue
[2024-12-12T15:37:09.270+0000] {logging_mixin.py:150} INFO - [2024-12-12T15:37:09.269+0000] {dagbag.py:541} INFO - Filling up the DagBag from /home/vscode/.local/lib/python3.10/site-packages/airflow/example_dags/example_branch_day_of_week_operator.py
[2024-12-12T15:37:09.276+0000] {processor.py:836} INFO - DAG(s) dict_keys(['example_weekday_branch_operator']) retrieved from /home/vscode/.local/lib/python3.10/site-packages/airflow/example_dags/example_branch_day_of_week_operator.py
[2024-12-12T15:37:09.288+0000] {logging_mixin.py:150} INFO - [2024-12-12T15:37:09.288+0000] {dag.py:2742} INFO - Sync 1 DAGs
[2024-12-12T15:37:09.302+0000] {logging_mixin.py:150} INFO - [2024-12-12T15:37:09.302+0000] {dag.py:3504} INFO - Setting next_dagrun for example_weekday_branch_operator to 2024-12-11T00:00:00+00:00, run_after=2024-12-12T00:00:00+00:00
[2024-12-12T15:37:09.316+0000] {processor.py:179} INFO - Processing /home/vscode/.local/lib/python3.10/site-packages/airflow/example_dags/example_branch_day_of_week_operator.py took 0.049 seconds
[2024-12-12T15:37:54.485+0000] {processor.py:157} INFO - Started process (PID=34402) to work on /home/vscode/.local/lib/python3.10/site-packages/airflow/example_dags/example_branch_day_of_week_operator.py
[2024-12-12T15:37:54.486+0000] {processor.py:826} INFO - Processing file /home/vscode/.local/lib/python3.10/site-packages/airflow/example_dags/example_branch_day_of_week_operator.py for tasks to queue
[2024-12-12T15:37:54.487+0000] {logging_mixin.py:150} INFO - [2024-12-12T15:37:54.486+0000] {dagbag.py:541} INFO - Filling up the DagBag from /home/vscode/.local/lib/python3.10/site-packages/airflow/example_dags/example_branch_day_of_week_operator.py
[2024-12-12T15:37:54.495+0000] {processor.py:836} INFO - DAG(s) dict_keys(['example_weekday_branch_operator']) retrieved from /home/vscode/.local/lib/python3.10/site-packages/airflow/example_dags/example_branch_day_of_week_operator.py
[2024-12-12T15:37:54.511+0000] {logging_mixin.py:150} INFO - [2024-12-12T15:37:54.510+0000] {dag.py:2742} INFO - Sync 1 DAGs
[2024-12-12T15:37:54.525+0000] {logging_mixin.py:150} INFO - [2024-12-12T15:37:54.525+0000] {dag.py:3504} INFO - Setting next_dagrun for example_weekday_branch_operator to 2024-12-11T00:00:00+00:00, run_after=2024-12-12T00:00:00+00:00
[2024-12-12T15:37:54.539+0000] {processor.py:179} INFO - Processing /home/vscode/.local/lib/python3.10/site-packages/airflow/example_dags/example_branch_day_of_week_operator.py took 0.056 seconds
[2024-12-12T15:38:54.913+0000] {processor.py:157} INFO - Started process (PID=34992) to work on /home/vscode/.local/lib/python3.10/site-packages/airflow/example_dags/example_branch_day_of_week_operator.py
[2024-12-12T15:38:54.914+0000] {processor.py:826} INFO - Processing file /home/vscode/.local/lib/python3.10/site-packages/airflow/example_dags/example_branch_day_of_week_operator.py for tasks to queue
[2024-12-12T15:38:54.914+0000] {logging_mixin.py:150} INFO - [2024-12-12T15:38:54.914+0000] {dagbag.py:541} INFO - Filling up the DagBag from /home/vscode/.local/lib/python3.10/site-packages/airflow/example_dags/example_branch_day_of_week_operator.py
[2024-12-12T15:38:54.920+0000] {processor.py:836} INFO - DAG(s) dict_keys(['example_weekday_branch_operator']) retrieved from /home/vscode/.local/lib/python3.10/site-packages/airflow/example_dags/example_branch_day_of_week_operator.py
[2024-12-12T15:38:54.931+0000] {logging_mixin.py:150} INFO - [2024-12-12T15:38:54.931+0000] {dag.py:2742} INFO - Sync 1 DAGs
[2024-12-12T15:38:54.945+0000] {logging_mixin.py:150} INFO - [2024-12-12T15:38:54.945+0000] {dag.py:3504} INFO - Setting next_dagrun for example_weekday_branch_operator to 2024-12-11T00:00:00+00:00, run_after=2024-12-12T00:00:00+00:00
[2024-12-12T15:38:54.959+0000] {processor.py:179} INFO - Processing /home/vscode/.local/lib/python3.10/site-packages/airflow/example_dags/example_branch_day_of_week_operator.py took 0.047 seconds
[2024-12-12T15:39:22.498+0000] {processor.py:157} INFO - Started process (PID=35366) to work on /home/vscode/.local/lib/python3.10/site-packages/airflow/example_dags/example_branch_day_of_week_operator.py
[2024-12-12T15:39:22.499+0000] {processor.py:826} INFO - Processing file /home/vscode/.local/lib/python3.10/site-packages/airflow/example_dags/example_branch_day_of_week_operator.py for tasks to queue
[2024-12-12T15:39:22.499+0000] {logging_mixin.py:150} INFO - [2024-12-12T15:39:22.499+0000] {dagbag.py:541} INFO - Filling up the DagBag from /home/vscode/.local/lib/python3.10/site-packages/airflow/example_dags/example_branch_day_of_week_operator.py
[2024-12-12T15:39:22.504+0000] {processor.py:836} INFO - DAG(s) dict_keys(['example_weekday_branch_operator']) retrieved from /home/vscode/.local/lib/python3.10/site-packages/airflow/example_dags/example_branch_day_of_week_operator.py
[2024-12-12T15:39:22.592+0000] {logging_mixin.py:150} INFO - [2024-12-12T15:39:22.592+0000] {dag.py:2742} INFO - Sync 1 DAGs
[2024-12-12T15:39:22.605+0000] {logging_mixin.py:150} INFO - [2024-12-12T15:39:22.605+0000] {dag.py:3504} INFO - Setting next_dagrun for example_weekday_branch_operator to 2024-12-11T00:00:00+00:00, run_after=2024-12-12T00:00:00+00:00
[2024-12-12T15:39:22.619+0000] {processor.py:179} INFO - Processing /home/vscode/.local/lib/python3.10/site-packages/airflow/example_dags/example_branch_day_of_week_operator.py took 0.123 seconds
[2024-12-12T15:40:09.881+0000] {processor.py:157} INFO - Started process (PID=35775) to work on /home/vscode/.local/lib/python3.10/site-packages/airflow/example_dags/example_branch_day_of_week_operator.py
[2024-12-12T15:40:09.882+0000] {processor.py:826} INFO - Processing file /home/vscode/.local/lib/python3.10/site-packages/airflow/example_dags/example_branch_day_of_week_operator.py for tasks to queue
[2024-12-12T15:40:09.883+0000] {logging_mixin.py:150} INFO - [2024-12-12T15:40:09.882+0000] {dagbag.py:541} INFO - Filling up the DagBag from /home/vscode/.local/lib/python3.10/site-packages/airflow/example_dags/example_branch_day_of_week_operator.py
[2024-12-12T15:40:09.888+0000] {processor.py:836} INFO - DAG(s) dict_keys(['example_weekday_branch_operator']) retrieved from /home/vscode/.local/lib/python3.10/site-packages/airflow/example_dags/example_branch_day_of_week_operator.py
[2024-12-12T15:40:09.899+0000] {logging_mixin.py:150} INFO - [2024-12-12T15:40:09.899+0000] {dag.py:2742} INFO - Sync 1 DAGs
[2024-12-12T15:40:09.913+0000] {logging_mixin.py:150} INFO - [2024-12-12T15:40:09.913+0000] {dag.py:3504} INFO - Setting next_dagrun for example_weekday_branch_operator to 2024-12-11T00:00:00+00:00, run_after=2024-12-12T00:00:00+00:00
[2024-12-12T15:40:09.927+0000] {processor.py:179} INFO - Processing /home/vscode/.local/lib/python3.10/site-packages/airflow/example_dags/example_branch_day_of_week_operator.py took 0.048 seconds
[2024-12-12T15:40:52.959+0000] {processor.py:157} INFO - Started process (PID=36203) to work on /home/vscode/.local/lib/python3.10/site-packages/airflow/example_dags/example_branch_day_of_week_operator.py
[2024-12-12T15:40:52.960+0000] {processor.py:826} INFO - Processing file /home/vscode/.local/lib/python3.10/site-packages/airflow/example_dags/example_branch_day_of_week_operator.py for tasks to queue
[2024-12-12T15:40:52.960+0000] {logging_mixin.py:150} INFO - [2024-12-12T15:40:52.960+0000] {dagbag.py:541} INFO - Filling up the DagBag from /home/vscode/.local/lib/python3.10/site-packages/airflow/example_dags/example_branch_day_of_week_operator.py
[2024-12-12T15:40:52.965+0000] {processor.py:836} INFO - DAG(s) dict_keys(['example_weekday_branch_operator']) retrieved from /home/vscode/.local/lib/python3.10/site-packages/airflow/example_dags/example_branch_day_of_week_operator.py
[2024-12-12T15:40:52.977+0000] {logging_mixin.py:150} INFO - [2024-12-12T15:40:52.977+0000] {dag.py:2742} INFO - Sync 1 DAGs
[2024-12-12T15:40:52.995+0000] {logging_mixin.py:150} INFO - [2024-12-12T15:40:52.995+0000] {dag.py:3504} INFO - Setting next_dagrun for example_weekday_branch_operator to 2024-12-11T00:00:00+00:00, run_after=2024-12-12T00:00:00+00:00
[2024-12-12T15:40:53.010+0000] {processor.py:179} INFO - Processing /home/vscode/.local/lib/python3.10/site-packages/airflow/example_dags/example_branch_day_of_week_operator.py took 0.052 seconds
[2024-12-12T15:41:38.406+0000] {processor.py:157} INFO - Started process (PID=36558) to work on /home/vscode/.local/lib/python3.10/site-packages/airflow/example_dags/example_branch_day_of_week_operator.py
[2024-12-12T15:41:38.406+0000] {processor.py:826} INFO - Processing file /home/vscode/.local/lib/python3.10/site-packages/airflow/example_dags/example_branch_day_of_week_operator.py for tasks to queue
[2024-12-12T15:41:38.407+0000] {logging_mixin.py:150} INFO - [2024-12-12T15:41:38.407+0000] {dagbag.py:541} INFO - Filling up the DagBag from /home/vscode/.local/lib/python3.10/site-packages/airflow/example_dags/example_branch_day_of_week_operator.py
[2024-12-12T15:41:38.413+0000] {processor.py:836} INFO - DAG(s) dict_keys(['example_weekday_branch_operator']) retrieved from /home/vscode/.local/lib/python3.10/site-packages/airflow/example_dags/example_branch_day_of_week_operator.py
[2024-12-12T15:41:38.425+0000] {logging_mixin.py:150} INFO - [2024-12-12T15:41:38.425+0000] {dag.py:2742} INFO - Sync 1 DAGs
[2024-12-12T15:41:38.438+0000] {logging_mixin.py:150} INFO - [2024-12-12T15:41:38.438+0000] {dag.py:3504} INFO - Setting next_dagrun for example_weekday_branch_operator to 2024-12-11T00:00:00+00:00, run_after=2024-12-12T00:00:00+00:00
[2024-12-12T15:41:38.452+0000] {processor.py:179} INFO - Processing /home/vscode/.local/lib/python3.10/site-packages/airflow/example_dags/example_branch_day_of_week_operator.py took 0.049 seconds
[2024-12-12T15:42:34.298+0000] {processor.py:157} INFO - Started process (PID=37057) to work on /home/vscode/.local/lib/python3.10/site-packages/airflow/example_dags/example_branch_day_of_week_operator.py
[2024-12-12T15:42:34.298+0000] {processor.py:826} INFO - Processing file /home/vscode/.local/lib/python3.10/site-packages/airflow/example_dags/example_branch_day_of_week_operator.py for tasks to queue
[2024-12-12T15:42:34.299+0000] {logging_mixin.py:150} INFO - [2024-12-12T15:42:34.299+0000] {dagbag.py:541} INFO - Filling up the DagBag from /home/vscode/.local/lib/python3.10/site-packages/airflow/example_dags/example_branch_day_of_week_operator.py
[2024-12-12T15:42:34.306+0000] {processor.py:836} INFO - DAG(s) dict_keys(['example_weekday_branch_operator']) retrieved from /home/vscode/.local/lib/python3.10/site-packages/airflow/example_dags/example_branch_day_of_week_operator.py
[2024-12-12T15:42:34.320+0000] {logging_mixin.py:150} INFO - [2024-12-12T15:42:34.319+0000] {dag.py:2742} INFO - Sync 1 DAGs
[2024-12-12T15:42:34.334+0000] {logging_mixin.py:150} INFO - [2024-12-12T15:42:34.333+0000] {dag.py:3504} INFO - Setting next_dagrun for example_weekday_branch_operator to 2024-12-11T00:00:00+00:00, run_after=2024-12-12T00:00:00+00:00
[2024-12-12T15:42:34.347+0000] {processor.py:179} INFO - Processing /home/vscode/.local/lib/python3.10/site-packages/airflow/example_dags/example_branch_day_of_week_operator.py took 0.052 seconds
[2024-12-12T15:43:18.103+0000] {processor.py:157} INFO - Started process (PID=37403) to work on /home/vscode/.local/lib/python3.10/site-packages/airflow/example_dags/example_branch_day_of_week_operator.py
[2024-12-12T15:43:18.103+0000] {processor.py:826} INFO - Processing file /home/vscode/.local/lib/python3.10/site-packages/airflow/example_dags/example_branch_day_of_week_operator.py for tasks to queue
[2024-12-12T15:43:18.104+0000] {logging_mixin.py:150} INFO - [2024-12-12T15:43:18.104+0000] {dagbag.py:541} INFO - Filling up the DagBag from /home/vscode/.local/lib/python3.10/site-packages/airflow/example_dags/example_branch_day_of_week_operator.py
[2024-12-12T15:43:18.109+0000] {processor.py:836} INFO - DAG(s) dict_keys(['example_weekday_branch_operator']) retrieved from /home/vscode/.local/lib/python3.10/site-packages/airflow/example_dags/example_branch_day_of_week_operator.py
[2024-12-12T15:43:18.121+0000] {logging_mixin.py:150} INFO - [2024-12-12T15:43:18.121+0000] {dag.py:2742} INFO - Sync 1 DAGs
[2024-12-12T15:43:18.136+0000] {logging_mixin.py:150} INFO - [2024-12-12T15:43:18.136+0000] {dag.py:3504} INFO - Setting next_dagrun for example_weekday_branch_operator to 2024-12-11T00:00:00+00:00, run_after=2024-12-12T00:00:00+00:00
[2024-12-12T15:43:18.151+0000] {processor.py:179} INFO - Processing /home/vscode/.local/lib/python3.10/site-packages/airflow/example_dags/example_branch_day_of_week_operator.py took 0.050 seconds
[2024-12-12T15:44:02.183+0000] {processor.py:157} INFO - Started process (PID=37768) to work on /home/vscode/.local/lib/python3.10/site-packages/airflow/example_dags/example_branch_day_of_week_operator.py
[2024-12-12T15:44:02.183+0000] {processor.py:826} INFO - Processing file /home/vscode/.local/lib/python3.10/site-packages/airflow/example_dags/example_branch_day_of_week_operator.py for tasks to queue
[2024-12-12T15:44:02.184+0000] {logging_mixin.py:150} INFO - [2024-12-12T15:44:02.184+0000] {dagbag.py:541} INFO - Filling up the DagBag from /home/vscode/.local/lib/python3.10/site-packages/airflow/example_dags/example_branch_day_of_week_operator.py
[2024-12-12T15:44:02.189+0000] {processor.py:836} INFO - DAG(s) dict_keys(['example_weekday_branch_operator']) retrieved from /home/vscode/.local/lib/python3.10/site-packages/airflow/example_dags/example_branch_day_of_week_operator.py
[2024-12-12T15:44:02.203+0000] {logging_mixin.py:150} INFO - [2024-12-12T15:44:02.203+0000] {dag.py:2742} INFO - Sync 1 DAGs
[2024-12-12T15:44:02.219+0000] {logging_mixin.py:150} INFO - [2024-12-12T15:44:02.219+0000] {dag.py:3504} INFO - Setting next_dagrun for example_weekday_branch_operator to 2024-12-11T00:00:00+00:00, run_after=2024-12-12T00:00:00+00:00
[2024-12-12T15:44:02.233+0000] {processor.py:179} INFO - Processing /home/vscode/.local/lib/python3.10/site-packages/airflow/example_dags/example_branch_day_of_week_operator.py took 0.052 seconds
[2024-12-12T15:44:44.080+0000] {processor.py:157} INFO - Started process (PID=38093) to work on /home/vscode/.local/lib/python3.10/site-packages/airflow/example_dags/example_branch_day_of_week_operator.py
[2024-12-12T15:44:44.081+0000] {processor.py:826} INFO - Processing file /home/vscode/.local/lib/python3.10/site-packages/airflow/example_dags/example_branch_day_of_week_operator.py for tasks to queue
[2024-12-12T15:44:44.082+0000] {logging_mixin.py:150} INFO - [2024-12-12T15:44:44.081+0000] {dagbag.py:541} INFO - Filling up the DagBag from /home/vscode/.local/lib/python3.10/site-packages/airflow/example_dags/example_branch_day_of_week_operator.py
[2024-12-12T15:44:44.090+0000] {processor.py:836} INFO - DAG(s) dict_keys(['example_weekday_branch_operator']) retrieved from /home/vscode/.local/lib/python3.10/site-packages/airflow/example_dags/example_branch_day_of_week_operator.py
[2024-12-12T15:44:44.108+0000] {logging_mixin.py:150} INFO - [2024-12-12T15:44:44.108+0000] {dag.py:2742} INFO - Sync 1 DAGs
[2024-12-12T15:44:44.122+0000] {logging_mixin.py:150} INFO - [2024-12-12T15:44:44.122+0000] {dag.py:3504} INFO - Setting next_dagrun for example_weekday_branch_operator to 2024-12-11T00:00:00+00:00, run_after=2024-12-12T00:00:00+00:00
[2024-12-12T15:44:44.140+0000] {processor.py:179} INFO - Processing /home/vscode/.local/lib/python3.10/site-packages/airflow/example_dags/example_branch_day_of_week_operator.py took 0.063 seconds
[2024-12-12T15:45:39.894+0000] {processor.py:157} INFO - Started process (PID=38536) to work on /home/vscode/.local/lib/python3.10/site-packages/airflow/example_dags/example_branch_day_of_week_operator.py
[2024-12-12T15:45:39.895+0000] {processor.py:826} INFO - Processing file /home/vscode/.local/lib/python3.10/site-packages/airflow/example_dags/example_branch_day_of_week_operator.py for tasks to queue
[2024-12-12T15:45:39.896+0000] {logging_mixin.py:150} INFO - [2024-12-12T15:45:39.895+0000] {dagbag.py:541} INFO - Filling up the DagBag from /home/vscode/.local/lib/python3.10/site-packages/airflow/example_dags/example_branch_day_of_week_operator.py
[2024-12-12T15:45:39.901+0000] {processor.py:836} INFO - DAG(s) dict_keys(['example_weekday_branch_operator']) retrieved from /home/vscode/.local/lib/python3.10/site-packages/airflow/example_dags/example_branch_day_of_week_operator.py
[2024-12-12T15:45:39.913+0000] {logging_mixin.py:150} INFO - [2024-12-12T15:45:39.913+0000] {dag.py:2742} INFO - Sync 1 DAGs
[2024-12-12T15:45:39.927+0000] {logging_mixin.py:150} INFO - [2024-12-12T15:45:39.927+0000] {dag.py:3504} INFO - Setting next_dagrun for example_weekday_branch_operator to 2024-12-11T00:00:00+00:00, run_after=2024-12-12T00:00:00+00:00
[2024-12-12T15:45:39.941+0000] {processor.py:179} INFO - Processing /home/vscode/.local/lib/python3.10/site-packages/airflow/example_dags/example_branch_day_of_week_operator.py took 0.049 seconds
[2024-12-12T15:46:25.969+0000] {processor.py:157} INFO - Started process (PID=38900) to work on /home/vscode/.local/lib/python3.10/site-packages/airflow/example_dags/example_branch_day_of_week_operator.py
[2024-12-12T15:46:25.969+0000] {processor.py:826} INFO - Processing file /home/vscode/.local/lib/python3.10/site-packages/airflow/example_dags/example_branch_day_of_week_operator.py for tasks to queue
[2024-12-12T15:46:25.970+0000] {logging_mixin.py:150} INFO - [2024-12-12T15:46:25.970+0000] {dagbag.py:541} INFO - Filling up the DagBag from /home/vscode/.local/lib/python3.10/site-packages/airflow/example_dags/example_branch_day_of_week_operator.py
[2024-12-12T15:46:25.975+0000] {processor.py:836} INFO - DAG(s) dict_keys(['example_weekday_branch_operator']) retrieved from /home/vscode/.local/lib/python3.10/site-packages/airflow/example_dags/example_branch_day_of_week_operator.py
[2024-12-12T15:46:25.987+0000] {logging_mixin.py:150} INFO - [2024-12-12T15:46:25.987+0000] {dag.py:2742} INFO - Sync 1 DAGs
[2024-12-12T15:46:26.001+0000] {logging_mixin.py:150} INFO - [2024-12-12T15:46:26.001+0000] {dag.py:3504} INFO - Setting next_dagrun for example_weekday_branch_operator to 2024-12-11T00:00:00+00:00, run_after=2024-12-12T00:00:00+00:00
[2024-12-12T15:46:26.016+0000] {processor.py:179} INFO - Processing /home/vscode/.local/lib/python3.10/site-packages/airflow/example_dags/example_branch_day_of_week_operator.py took 0.049 seconds
[2024-12-12T15:47:15.378+0000] {processor.py:157} INFO - Started process (PID=39285) to work on /home/vscode/.local/lib/python3.10/site-packages/airflow/example_dags/example_branch_day_of_week_operator.py
[2024-12-12T15:47:15.378+0000] {processor.py:826} INFO - Processing file /home/vscode/.local/lib/python3.10/site-packages/airflow/example_dags/example_branch_day_of_week_operator.py for tasks to queue
[2024-12-12T15:47:15.379+0000] {logging_mixin.py:150} INFO - [2024-12-12T15:47:15.379+0000] {dagbag.py:541} INFO - Filling up the DagBag from /home/vscode/.local/lib/python3.10/site-packages/airflow/example_dags/example_branch_day_of_week_operator.py
[2024-12-12T15:47:15.384+0000] {processor.py:836} INFO - DAG(s) dict_keys(['example_weekday_branch_operator']) retrieved from /home/vscode/.local/lib/python3.10/site-packages/airflow/example_dags/example_branch_day_of_week_operator.py
[2024-12-12T15:47:15.396+0000] {logging_mixin.py:150} INFO - [2024-12-12T15:47:15.395+0000] {dag.py:2742} INFO - Sync 1 DAGs
[2024-12-12T15:47:15.409+0000] {logging_mixin.py:150} INFO - [2024-12-12T15:47:15.409+0000] {dag.py:3504} INFO - Setting next_dagrun for example_weekday_branch_operator to 2024-12-11T00:00:00+00:00, run_after=2024-12-12T00:00:00+00:00
[2024-12-12T15:47:15.423+0000] {processor.py:179} INFO - Processing /home/vscode/.local/lib/python3.10/site-packages/airflow/example_dags/example_branch_day_of_week_operator.py took 0.047 seconds
[2024-12-12T15:48:01.264+0000] {processor.py:157} INFO - Started process (PID=39645) to work on /home/vscode/.local/lib/python3.10/site-packages/airflow/example_dags/example_branch_day_of_week_operator.py
[2024-12-12T15:48:01.264+0000] {processor.py:826} INFO - Processing file /home/vscode/.local/lib/python3.10/site-packages/airflow/example_dags/example_branch_day_of_week_operator.py for tasks to queue
[2024-12-12T15:48:01.265+0000] {logging_mixin.py:150} INFO - [2024-12-12T15:48:01.265+0000] {dagbag.py:541} INFO - Filling up the DagBag from /home/vscode/.local/lib/python3.10/site-packages/airflow/example_dags/example_branch_day_of_week_operator.py
[2024-12-12T15:48:01.270+0000] {processor.py:836} INFO - DAG(s) dict_keys(['example_weekday_branch_operator']) retrieved from /home/vscode/.local/lib/python3.10/site-packages/airflow/example_dags/example_branch_day_of_week_operator.py
[2024-12-12T15:48:01.282+0000] {logging_mixin.py:150} INFO - [2024-12-12T15:48:01.282+0000] {dag.py:2742} INFO - Sync 1 DAGs
[2024-12-12T15:48:01.296+0000] {logging_mixin.py:150} INFO - [2024-12-12T15:48:01.296+0000] {dag.py:3504} INFO - Setting next_dagrun for example_weekday_branch_operator to 2024-12-11T00:00:00+00:00, run_after=2024-12-12T00:00:00+00:00
[2024-12-12T15:48:01.312+0000] {processor.py:179} INFO - Processing /home/vscode/.local/lib/python3.10/site-packages/airflow/example_dags/example_branch_day_of_week_operator.py took 0.051 seconds
[2024-12-12T15:48:46.112+0000] {processor.py:157} INFO - Started process (PID=40020) to work on /home/vscode/.local/lib/python3.10/site-packages/airflow/example_dags/example_branch_day_of_week_operator.py
[2024-12-12T15:48:46.113+0000] {processor.py:826} INFO - Processing file /home/vscode/.local/lib/python3.10/site-packages/airflow/example_dags/example_branch_day_of_week_operator.py for tasks to queue
[2024-12-12T15:48:46.113+0000] {logging_mixin.py:150} INFO - [2024-12-12T15:48:46.113+0000] {dagbag.py:541} INFO - Filling up the DagBag from /home/vscode/.local/lib/python3.10/site-packages/airflow/example_dags/example_branch_day_of_week_operator.py
[2024-12-12T15:48:46.119+0000] {processor.py:836} INFO - DAG(s) dict_keys(['example_weekday_branch_operator']) retrieved from /home/vscode/.local/lib/python3.10/site-packages/airflow/example_dags/example_branch_day_of_week_operator.py
[2024-12-12T15:48:46.131+0000] {logging_mixin.py:150} INFO - [2024-12-12T15:48:46.131+0000] {dag.py:2742} INFO - Sync 1 DAGs
[2024-12-12T15:48:46.145+0000] {logging_mixin.py:150} INFO - [2024-12-12T15:48:46.145+0000] {dag.py:3504} INFO - Setting next_dagrun for example_weekday_branch_operator to 2024-12-11T00:00:00+00:00, run_after=2024-12-12T00:00:00+00:00
[2024-12-12T15:48:46.159+0000] {processor.py:179} INFO - Processing /home/vscode/.local/lib/python3.10/site-packages/airflow/example_dags/example_branch_day_of_week_operator.py took 0.049 seconds
[2024-12-12T15:49:41.681+0000] {processor.py:157} INFO - Started process (PID=40447) to work on /home/vscode/.local/lib/python3.10/site-packages/airflow/example_dags/example_branch_day_of_week_operator.py
[2024-12-12T15:49:41.682+0000] {processor.py:826} INFO - Processing file /home/vscode/.local/lib/python3.10/site-packages/airflow/example_dags/example_branch_day_of_week_operator.py for tasks to queue
[2024-12-12T15:49:41.682+0000] {logging_mixin.py:150} INFO - [2024-12-12T15:49:41.682+0000] {dagbag.py:541} INFO - Filling up the DagBag from /home/vscode/.local/lib/python3.10/site-packages/airflow/example_dags/example_branch_day_of_week_operator.py
[2024-12-12T15:49:41.687+0000] {processor.py:836} INFO - DAG(s) dict_keys(['example_weekday_branch_operator']) retrieved from /home/vscode/.local/lib/python3.10/site-packages/airflow/example_dags/example_branch_day_of_week_operator.py
[2024-12-12T15:49:41.700+0000] {logging_mixin.py:150} INFO - [2024-12-12T15:49:41.699+0000] {dag.py:2742} INFO - Sync 1 DAGs
[2024-12-12T15:49:41.713+0000] {logging_mixin.py:150} INFO - [2024-12-12T15:49:41.713+0000] {dag.py:3504} INFO - Setting next_dagrun for example_weekday_branch_operator to 2024-12-11T00:00:00+00:00, run_after=2024-12-12T00:00:00+00:00
[2024-12-12T15:49:41.727+0000] {processor.py:179} INFO - Processing /home/vscode/.local/lib/python3.10/site-packages/airflow/example_dags/example_branch_day_of_week_operator.py took 0.048 seconds
[2024-12-12T15:50:24.459+0000] {processor.py:157} INFO - Started process (PID=40787) to work on /home/vscode/.local/lib/python3.10/site-packages/airflow/example_dags/example_branch_day_of_week_operator.py
[2024-12-12T15:50:24.460+0000] {processor.py:826} INFO - Processing file /home/vscode/.local/lib/python3.10/site-packages/airflow/example_dags/example_branch_day_of_week_operator.py for tasks to queue
[2024-12-12T15:50:24.461+0000] {logging_mixin.py:150} INFO - [2024-12-12T15:50:24.460+0000] {dagbag.py:541} INFO - Filling up the DagBag from /home/vscode/.local/lib/python3.10/site-packages/airflow/example_dags/example_branch_day_of_week_operator.py
[2024-12-12T15:50:24.466+0000] {processor.py:836} INFO - DAG(s) dict_keys(['example_weekday_branch_operator']) retrieved from /home/vscode/.local/lib/python3.10/site-packages/airflow/example_dags/example_branch_day_of_week_operator.py
[2024-12-12T15:50:24.477+0000] {logging_mixin.py:150} INFO - [2024-12-12T15:50:24.477+0000] {dag.py:2742} INFO - Sync 1 DAGs
[2024-12-12T15:50:24.491+0000] {logging_mixin.py:150} INFO - [2024-12-12T15:50:24.491+0000] {dag.py:3504} INFO - Setting next_dagrun for example_weekday_branch_operator to 2024-12-11T00:00:00+00:00, run_after=2024-12-12T00:00:00+00:00
[2024-12-12T15:50:24.507+0000] {processor.py:179} INFO - Processing /home/vscode/.local/lib/python3.10/site-packages/airflow/example_dags/example_branch_day_of_week_operator.py took 0.049 seconds
[2024-12-12T15:51:09.548+0000] {processor.py:157} INFO - Started process (PID=41138) to work on /home/vscode/.local/lib/python3.10/site-packages/airflow/example_dags/example_branch_day_of_week_operator.py
[2024-12-12T15:51:09.549+0000] {processor.py:826} INFO - Processing file /home/vscode/.local/lib/python3.10/site-packages/airflow/example_dags/example_branch_day_of_week_operator.py for tasks to queue
[2024-12-12T15:51:09.550+0000] {logging_mixin.py:150} INFO - [2024-12-12T15:51:09.549+0000] {dagbag.py:541} INFO - Filling up the DagBag from /home/vscode/.local/lib/python3.10/site-packages/airflow/example_dags/example_branch_day_of_week_operator.py
[2024-12-12T15:51:09.555+0000] {processor.py:836} INFO - DAG(s) dict_keys(['example_weekday_branch_operator']) retrieved from /home/vscode/.local/lib/python3.10/site-packages/airflow/example_dags/example_branch_day_of_week_operator.py
[2024-12-12T15:51:09.567+0000] {logging_mixin.py:150} INFO - [2024-12-12T15:51:09.567+0000] {dag.py:2742} INFO - Sync 1 DAGs
[2024-12-12T15:51:09.581+0000] {logging_mixin.py:150} INFO - [2024-12-12T15:51:09.581+0000] {dag.py:3504} INFO - Setting next_dagrun for example_weekday_branch_operator to 2024-12-11T00:00:00+00:00, run_after=2024-12-12T00:00:00+00:00
[2024-12-12T15:51:09.595+0000] {processor.py:179} INFO - Processing /home/vscode/.local/lib/python3.10/site-packages/airflow/example_dags/example_branch_day_of_week_operator.py took 0.048 seconds
[2024-12-12T15:51:59.750+0000] {processor.py:157} INFO - Started process (PID=41532) to work on /home/vscode/.local/lib/python3.10/site-packages/airflow/example_dags/example_branch_day_of_week_operator.py
[2024-12-12T15:51:59.751+0000] {processor.py:826} INFO - Processing file /home/vscode/.local/lib/python3.10/site-packages/airflow/example_dags/example_branch_day_of_week_operator.py for tasks to queue
[2024-12-12T15:51:59.751+0000] {logging_mixin.py:150} INFO - [2024-12-12T15:51:59.751+0000] {dagbag.py:541} INFO - Filling up the DagBag from /home/vscode/.local/lib/python3.10/site-packages/airflow/example_dags/example_branch_day_of_week_operator.py
[2024-12-12T15:51:59.756+0000] {processor.py:836} INFO - DAG(s) dict_keys(['example_weekday_branch_operator']) retrieved from /home/vscode/.local/lib/python3.10/site-packages/airflow/example_dags/example_branch_day_of_week_operator.py
[2024-12-12T15:51:59.768+0000] {logging_mixin.py:150} INFO - [2024-12-12T15:51:59.768+0000] {dag.py:2742} INFO - Sync 1 DAGs
[2024-12-12T15:51:59.782+0000] {logging_mixin.py:150} INFO - [2024-12-12T15:51:59.782+0000] {dag.py:3504} INFO - Setting next_dagrun for example_weekday_branch_operator to 2024-12-11T00:00:00+00:00, run_after=2024-12-12T00:00:00+00:00
[2024-12-12T15:51:59.796+0000] {processor.py:179} INFO - Processing /home/vscode/.local/lib/python3.10/site-packages/airflow/example_dags/example_branch_day_of_week_operator.py took 0.048 seconds
[2024-12-12T15:52:44.843+0000] {processor.py:157} INFO - Started process (PID=41851) to work on /home/vscode/.local/lib/python3.10/site-packages/airflow/example_dags/example_branch_day_of_week_operator.py
[2024-12-12T15:52:44.844+0000] {processor.py:826} INFO - Processing file /home/vscode/.local/lib/python3.10/site-packages/airflow/example_dags/example_branch_day_of_week_operator.py for tasks to queue
[2024-12-12T15:52:44.844+0000] {logging_mixin.py:150} INFO - [2024-12-12T15:52:44.844+0000] {dagbag.py:541} INFO - Filling up the DagBag from /home/vscode/.local/lib/python3.10/site-packages/airflow/example_dags/example_branch_day_of_week_operator.py
[2024-12-12T15:52:44.850+0000] {processor.py:836} INFO - DAG(s) dict_keys(['example_weekday_branch_operator']) retrieved from /home/vscode/.local/lib/python3.10/site-packages/airflow/example_dags/example_branch_day_of_week_operator.py
[2024-12-12T15:52:44.862+0000] {logging_mixin.py:150} INFO - [2024-12-12T15:52:44.862+0000] {dag.py:2742} INFO - Sync 1 DAGs
[2024-12-12T15:52:44.876+0000] {logging_mixin.py:150} INFO - [2024-12-12T15:52:44.875+0000] {dag.py:3504} INFO - Setting next_dagrun for example_weekday_branch_operator to 2024-12-11T00:00:00+00:00, run_after=2024-12-12T00:00:00+00:00
[2024-12-12T15:52:44.890+0000] {processor.py:179} INFO - Processing /home/vscode/.local/lib/python3.10/site-packages/airflow/example_dags/example_branch_day_of_week_operator.py took 0.049 seconds
[2024-12-12T15:53:39.568+0000] {processor.py:157} INFO - Started process (PID=42230) to work on /home/vscode/.local/lib/python3.10/site-packages/airflow/example_dags/example_branch_day_of_week_operator.py
[2024-12-12T15:53:39.569+0000] {processor.py:826} INFO - Processing file /home/vscode/.local/lib/python3.10/site-packages/airflow/example_dags/example_branch_day_of_week_operator.py for tasks to queue
[2024-12-12T15:53:39.569+0000] {logging_mixin.py:150} INFO - [2024-12-12T15:53:39.569+0000] {dagbag.py:541} INFO - Filling up the DagBag from /home/vscode/.local/lib/python3.10/site-packages/airflow/example_dags/example_branch_day_of_week_operator.py
[2024-12-12T15:53:39.575+0000] {processor.py:836} INFO - DAG(s) dict_keys(['example_weekday_branch_operator']) retrieved from /home/vscode/.local/lib/python3.10/site-packages/airflow/example_dags/example_branch_day_of_week_operator.py
[2024-12-12T15:53:39.586+0000] {logging_mixin.py:150} INFO - [2024-12-12T15:53:39.586+0000] {dag.py:2742} INFO - Sync 1 DAGs
[2024-12-12T15:53:39.600+0000] {logging_mixin.py:150} INFO - [2024-12-12T15:53:39.600+0000] {dag.py:3504} INFO - Setting next_dagrun for example_weekday_branch_operator to 2024-12-11T00:00:00+00:00, run_after=2024-12-12T00:00:00+00:00
[2024-12-12T15:53:39.614+0000] {processor.py:179} INFO - Processing /home/vscode/.local/lib/python3.10/site-packages/airflow/example_dags/example_branch_day_of_week_operator.py took 0.048 seconds
[2024-12-12T15:54:26.229+0000] {processor.py:157} INFO - Started process (PID=42575) to work on /home/vscode/.local/lib/python3.10/site-packages/airflow/example_dags/example_branch_day_of_week_operator.py
[2024-12-12T15:54:26.229+0000] {processor.py:826} INFO - Processing file /home/vscode/.local/lib/python3.10/site-packages/airflow/example_dags/example_branch_day_of_week_operator.py for tasks to queue
[2024-12-12T15:54:26.230+0000] {logging_mixin.py:150} INFO - [2024-12-12T15:54:26.230+0000] {dagbag.py:541} INFO - Filling up the DagBag from /home/vscode/.local/lib/python3.10/site-packages/airflow/example_dags/example_branch_day_of_week_operator.py
[2024-12-12T15:54:26.235+0000] {processor.py:836} INFO - DAG(s) dict_keys(['example_weekday_branch_operator']) retrieved from /home/vscode/.local/lib/python3.10/site-packages/airflow/example_dags/example_branch_day_of_week_operator.py
[2024-12-12T15:54:26.247+0000] {logging_mixin.py:150} INFO - [2024-12-12T15:54:26.247+0000] {dag.py:2742} INFO - Sync 1 DAGs
[2024-12-12T15:54:26.260+0000] {logging_mixin.py:150} INFO - [2024-12-12T15:54:26.260+0000] {dag.py:3504} INFO - Setting next_dagrun for example_weekday_branch_operator to 2024-12-11T00:00:00+00:00, run_after=2024-12-12T00:00:00+00:00
[2024-12-12T15:54:26.275+0000] {processor.py:179} INFO - Processing /home/vscode/.local/lib/python3.10/site-packages/airflow/example_dags/example_branch_day_of_week_operator.py took 0.048 seconds
[2024-12-12T15:55:10.718+0000] {processor.py:157} INFO - Started process (PID=42876) to work on /home/vscode/.local/lib/python3.10/site-packages/airflow/example_dags/example_branch_day_of_week_operator.py
[2024-12-12T15:55:10.719+0000] {processor.py:826} INFO - Processing file /home/vscode/.local/lib/python3.10/site-packages/airflow/example_dags/example_branch_day_of_week_operator.py for tasks to queue
[2024-12-12T15:55:10.719+0000] {logging_mixin.py:150} INFO - [2024-12-12T15:55:10.719+0000] {dagbag.py:541} INFO - Filling up the DagBag from /home/vscode/.local/lib/python3.10/site-packages/airflow/example_dags/example_branch_day_of_week_operator.py
[2024-12-12T15:55:10.725+0000] {processor.py:836} INFO - DAG(s) dict_keys(['example_weekday_branch_operator']) retrieved from /home/vscode/.local/lib/python3.10/site-packages/airflow/example_dags/example_branch_day_of_week_operator.py
[2024-12-12T15:55:10.737+0000] {logging_mixin.py:150} INFO - [2024-12-12T15:55:10.736+0000] {dag.py:2742} INFO - Sync 1 DAGs
[2024-12-12T15:55:10.750+0000] {logging_mixin.py:150} INFO - [2024-12-12T15:55:10.750+0000] {dag.py:3504} INFO - Setting next_dagrun for example_weekday_branch_operator to 2024-12-11T00:00:00+00:00, run_after=2024-12-12T00:00:00+00:00
[2024-12-12T15:55:10.764+0000] {processor.py:179} INFO - Processing /home/vscode/.local/lib/python3.10/site-packages/airflow/example_dags/example_branch_day_of_week_operator.py took 0.048 seconds
[2024-12-12T15:55:59.649+0000] {processor.py:157} INFO - Started process (PID=43207) to work on /home/vscode/.local/lib/python3.10/site-packages/airflow/example_dags/example_branch_day_of_week_operator.py
[2024-12-12T15:55:59.650+0000] {processor.py:826} INFO - Processing file /home/vscode/.local/lib/python3.10/site-packages/airflow/example_dags/example_branch_day_of_week_operator.py for tasks to queue
[2024-12-12T15:55:59.650+0000] {logging_mixin.py:150} INFO - [2024-12-12T15:55:59.650+0000] {dagbag.py:541} INFO - Filling up the DagBag from /home/vscode/.local/lib/python3.10/site-packages/airflow/example_dags/example_branch_day_of_week_operator.py
[2024-12-12T15:55:59.656+0000] {processor.py:836} INFO - DAG(s) dict_keys(['example_weekday_branch_operator']) retrieved from /home/vscode/.local/lib/python3.10/site-packages/airflow/example_dags/example_branch_day_of_week_operator.py
[2024-12-12T15:55:59.668+0000] {logging_mixin.py:150} INFO - [2024-12-12T15:55:59.668+0000] {dag.py:2742} INFO - Sync 1 DAGs
[2024-12-12T15:55:59.682+0000] {logging_mixin.py:150} INFO - [2024-12-12T15:55:59.682+0000] {dag.py:3504} INFO - Setting next_dagrun for example_weekday_branch_operator to 2024-12-11T00:00:00+00:00, run_after=2024-12-12T00:00:00+00:00
[2024-12-12T15:55:59.696+0000] {processor.py:179} INFO - Processing /home/vscode/.local/lib/python3.10/site-packages/airflow/example_dags/example_branch_day_of_week_operator.py took 0.049 seconds
[2024-12-12T15:56:41.870+0000] {processor.py:157} INFO - Started process (PID=43501) to work on /home/vscode/.local/lib/python3.10/site-packages/airflow/example_dags/example_branch_day_of_week_operator.py
[2024-12-12T15:56:41.870+0000] {processor.py:826} INFO - Processing file /home/vscode/.local/lib/python3.10/site-packages/airflow/example_dags/example_branch_day_of_week_operator.py for tasks to queue
[2024-12-12T15:56:41.871+0000] {logging_mixin.py:150} INFO - [2024-12-12T15:56:41.871+0000] {dagbag.py:541} INFO - Filling up the DagBag from /home/vscode/.local/lib/python3.10/site-packages/airflow/example_dags/example_branch_day_of_week_operator.py
[2024-12-12T15:56:41.876+0000] {processor.py:836} INFO - DAG(s) dict_keys(['example_weekday_branch_operator']) retrieved from /home/vscode/.local/lib/python3.10/site-packages/airflow/example_dags/example_branch_day_of_week_operator.py
[2024-12-12T15:56:41.888+0000] {logging_mixin.py:150} INFO - [2024-12-12T15:56:41.888+0000] {dag.py:2742} INFO - Sync 1 DAGs
[2024-12-12T15:56:41.901+0000] {logging_mixin.py:150} INFO - [2024-12-12T15:56:41.901+0000] {dag.py:3504} INFO - Setting next_dagrun for example_weekday_branch_operator to 2024-12-11T00:00:00+00:00, run_after=2024-12-12T00:00:00+00:00
[2024-12-12T15:56:41.915+0000] {processor.py:179} INFO - Processing /home/vscode/.local/lib/python3.10/site-packages/airflow/example_dags/example_branch_day_of_week_operator.py took 0.047 seconds
[2024-12-12T15:57:35.284+0000] {processor.py:157} INFO - Started process (PID=43870) to work on /home/vscode/.local/lib/python3.10/site-packages/airflow/example_dags/example_branch_day_of_week_operator.py
[2024-12-12T15:57:35.285+0000] {processor.py:826} INFO - Processing file /home/vscode/.local/lib/python3.10/site-packages/airflow/example_dags/example_branch_day_of_week_operator.py for tasks to queue
[2024-12-12T15:57:35.285+0000] {logging_mixin.py:150} INFO - [2024-12-12T15:57:35.285+0000] {dagbag.py:541} INFO - Filling up the DagBag from /home/vscode/.local/lib/python3.10/site-packages/airflow/example_dags/example_branch_day_of_week_operator.py
[2024-12-12T15:57:35.290+0000] {processor.py:836} INFO - DAG(s) dict_keys(['example_weekday_branch_operator']) retrieved from /home/vscode/.local/lib/python3.10/site-packages/airflow/example_dags/example_branch_day_of_week_operator.py
[2024-12-12T15:57:35.302+0000] {logging_mixin.py:150} INFO - [2024-12-12T15:57:35.302+0000] {dag.py:2742} INFO - Sync 1 DAGs
[2024-12-12T15:57:35.316+0000] {logging_mixin.py:150} INFO - [2024-12-12T15:57:35.316+0000] {dag.py:3504} INFO - Setting next_dagrun for example_weekday_branch_operator to 2024-12-11T00:00:00+00:00, run_after=2024-12-12T00:00:00+00:00
[2024-12-12T15:57:35.330+0000] {processor.py:179} INFO - Processing /home/vscode/.local/lib/python3.10/site-packages/airflow/example_dags/example_branch_day_of_week_operator.py took 0.048 seconds
[2024-12-12T15:58:25.763+0000] {processor.py:157} INFO - Started process (PID=44245) to work on /home/vscode/.local/lib/python3.10/site-packages/airflow/example_dags/example_branch_day_of_week_operator.py
[2024-12-12T15:58:25.764+0000] {processor.py:826} INFO - Processing file /home/vscode/.local/lib/python3.10/site-packages/airflow/example_dags/example_branch_day_of_week_operator.py for tasks to queue
[2024-12-12T15:58:25.765+0000] {logging_mixin.py:150} INFO - [2024-12-12T15:58:25.765+0000] {dagbag.py:541} INFO - Filling up the DagBag from /home/vscode/.local/lib/python3.10/site-packages/airflow/example_dags/example_branch_day_of_week_operator.py
[2024-12-12T15:58:25.777+0000] {processor.py:836} INFO - DAG(s) dict_keys(['example_weekday_branch_operator']) retrieved from /home/vscode/.local/lib/python3.10/site-packages/airflow/example_dags/example_branch_day_of_week_operator.py
[2024-12-12T15:58:25.789+0000] {logging_mixin.py:150} INFO - [2024-12-12T15:58:25.789+0000] {dag.py:2742} INFO - Sync 1 DAGs
[2024-12-12T15:58:25.803+0000] {logging_mixin.py:150} INFO - [2024-12-12T15:58:25.803+0000] {dag.py:3504} INFO - Setting next_dagrun for example_weekday_branch_operator to 2024-12-11T00:00:00+00:00, run_after=2024-12-12T00:00:00+00:00
[2024-12-12T15:58:25.816+0000] {processor.py:179} INFO - Processing /home/vscode/.local/lib/python3.10/site-packages/airflow/example_dags/example_branch_day_of_week_operator.py took 0.056 seconds
[2024-12-12T15:59:08.571+0000] {processor.py:157} INFO - Started process (PID=44608) to work on /home/vscode/.local/lib/python3.10/site-packages/airflow/example_dags/example_branch_day_of_week_operator.py
[2024-12-12T15:59:08.571+0000] {processor.py:826} INFO - Processing file /home/vscode/.local/lib/python3.10/site-packages/airflow/example_dags/example_branch_day_of_week_operator.py for tasks to queue
[2024-12-12T15:59:08.572+0000] {logging_mixin.py:150} INFO - [2024-12-12T15:59:08.572+0000] {dagbag.py:541} INFO - Filling up the DagBag from /home/vscode/.local/lib/python3.10/site-packages/airflow/example_dags/example_branch_day_of_week_operator.py
[2024-12-12T15:59:08.578+0000] {processor.py:836} INFO - DAG(s) dict_keys(['example_weekday_branch_operator']) retrieved from /home/vscode/.local/lib/python3.10/site-packages/airflow/example_dags/example_branch_day_of_week_operator.py
[2024-12-12T15:59:08.590+0000] {logging_mixin.py:150} INFO - [2024-12-12T15:59:08.590+0000] {dag.py:2742} INFO - Sync 1 DAGs
[2024-12-12T15:59:08.604+0000] {logging_mixin.py:150} INFO - [2024-12-12T15:59:08.604+0000] {dag.py:3504} INFO - Setting next_dagrun for example_weekday_branch_operator to 2024-12-11T00:00:00+00:00, run_after=2024-12-12T00:00:00+00:00
[2024-12-12T15:59:08.618+0000] {processor.py:179} INFO - Processing /home/vscode/.local/lib/python3.10/site-packages/airflow/example_dags/example_branch_day_of_week_operator.py took 0.049 seconds
[2024-12-12T16:00:04.443+0000] {processor.py:157} INFO - Started process (PID=45006) to work on /home/vscode/.local/lib/python3.10/site-packages/airflow/example_dags/example_branch_day_of_week_operator.py
[2024-12-12T16:00:04.444+0000] {processor.py:826} INFO - Processing file /home/vscode/.local/lib/python3.10/site-packages/airflow/example_dags/example_branch_day_of_week_operator.py for tasks to queue
[2024-12-12T16:00:04.444+0000] {logging_mixin.py:150} INFO - [2024-12-12T16:00:04.444+0000] {dagbag.py:541} INFO - Filling up the DagBag from /home/vscode/.local/lib/python3.10/site-packages/airflow/example_dags/example_branch_day_of_week_operator.py
[2024-12-12T16:00:04.449+0000] {processor.py:836} INFO - DAG(s) dict_keys(['example_weekday_branch_operator']) retrieved from /home/vscode/.local/lib/python3.10/site-packages/airflow/example_dags/example_branch_day_of_week_operator.py
[2024-12-12T16:00:04.461+0000] {logging_mixin.py:150} INFO - [2024-12-12T16:00:04.461+0000] {dag.py:2742} INFO - Sync 1 DAGs
[2024-12-12T16:00:04.475+0000] {logging_mixin.py:150} INFO - [2024-12-12T16:00:04.475+0000] {dag.py:3504} INFO - Setting next_dagrun for example_weekday_branch_operator to 2024-12-11T00:00:00+00:00, run_after=2024-12-12T00:00:00+00:00
[2024-12-12T16:00:04.488+0000] {processor.py:179} INFO - Processing /home/vscode/.local/lib/python3.10/site-packages/airflow/example_dags/example_branch_day_of_week_operator.py took 0.047 seconds
[2024-12-12T16:00:50.800+0000] {processor.py:157} INFO - Started process (PID=45341) to work on /home/vscode/.local/lib/python3.10/site-packages/airflow/example_dags/example_branch_day_of_week_operator.py
[2024-12-12T16:00:50.800+0000] {processor.py:826} INFO - Processing file /home/vscode/.local/lib/python3.10/site-packages/airflow/example_dags/example_branch_day_of_week_operator.py for tasks to queue
[2024-12-12T16:00:50.801+0000] {logging_mixin.py:150} INFO - [2024-12-12T16:00:50.801+0000] {dagbag.py:541} INFO - Filling up the DagBag from /home/vscode/.local/lib/python3.10/site-packages/airflow/example_dags/example_branch_day_of_week_operator.py
[2024-12-12T16:00:50.806+0000] {processor.py:836} INFO - DAG(s) dict_keys(['example_weekday_branch_operator']) retrieved from /home/vscode/.local/lib/python3.10/site-packages/airflow/example_dags/example_branch_day_of_week_operator.py
[2024-12-12T16:00:50.818+0000] {logging_mixin.py:150} INFO - [2024-12-12T16:00:50.818+0000] {dag.py:2742} INFO - Sync 1 DAGs
[2024-12-12T16:00:50.832+0000] {logging_mixin.py:150} INFO - [2024-12-12T16:00:50.832+0000] {dag.py:3504} INFO - Setting next_dagrun for example_weekday_branch_operator to 2024-12-11T00:00:00+00:00, run_after=2024-12-12T00:00:00+00:00
[2024-12-12T16:00:50.846+0000] {processor.py:179} INFO - Processing /home/vscode/.local/lib/python3.10/site-packages/airflow/example_dags/example_branch_day_of_week_operator.py took 0.048 seconds
[2024-12-12T16:01:35.797+0000] {processor.py:157} INFO - Started process (PID=45642) to work on /home/vscode/.local/lib/python3.10/site-packages/airflow/example_dags/example_branch_day_of_week_operator.py
[2024-12-12T16:01:35.798+0000] {processor.py:826} INFO - Processing file /home/vscode/.local/lib/python3.10/site-packages/airflow/example_dags/example_branch_day_of_week_operator.py for tasks to queue
[2024-12-12T16:01:35.798+0000] {logging_mixin.py:150} INFO - [2024-12-12T16:01:35.798+0000] {dagbag.py:541} INFO - Filling up the DagBag from /home/vscode/.local/lib/python3.10/site-packages/airflow/example_dags/example_branch_day_of_week_operator.py
[2024-12-12T16:01:35.804+0000] {processor.py:836} INFO - DAG(s) dict_keys(['example_weekday_branch_operator']) retrieved from /home/vscode/.local/lib/python3.10/site-packages/airflow/example_dags/example_branch_day_of_week_operator.py
[2024-12-12T16:01:35.816+0000] {logging_mixin.py:150} INFO - [2024-12-12T16:01:35.816+0000] {dag.py:2742} INFO - Sync 1 DAGs
[2024-12-12T16:01:35.830+0000] {logging_mixin.py:150} INFO - [2024-12-12T16:01:35.830+0000] {dag.py:3504} INFO - Setting next_dagrun for example_weekday_branch_operator to 2024-12-11T00:00:00+00:00, run_after=2024-12-12T00:00:00+00:00
[2024-12-12T16:01:35.844+0000] {processor.py:179} INFO - Processing /home/vscode/.local/lib/python3.10/site-packages/airflow/example_dags/example_branch_day_of_week_operator.py took 0.049 seconds
[2024-12-12T16:02:17.919+0000] {processor.py:157} INFO - Started process (PID=45963) to work on /home/vscode/.local/lib/python3.10/site-packages/airflow/example_dags/example_branch_day_of_week_operator.py
[2024-12-12T16:02:17.919+0000] {processor.py:826} INFO - Processing file /home/vscode/.local/lib/python3.10/site-packages/airflow/example_dags/example_branch_day_of_week_operator.py for tasks to queue
[2024-12-12T16:02:17.920+0000] {logging_mixin.py:150} INFO - [2024-12-12T16:02:17.920+0000] {dagbag.py:541} INFO - Filling up the DagBag from /home/vscode/.local/lib/python3.10/site-packages/airflow/example_dags/example_branch_day_of_week_operator.py
[2024-12-12T16:02:17.925+0000] {processor.py:836} INFO - DAG(s) dict_keys(['example_weekday_branch_operator']) retrieved from /home/vscode/.local/lib/python3.10/site-packages/airflow/example_dags/example_branch_day_of_week_operator.py
[2024-12-12T16:02:17.937+0000] {logging_mixin.py:150} INFO - [2024-12-12T16:02:17.937+0000] {dag.py:2742} INFO - Sync 1 DAGs
[2024-12-12T16:02:17.951+0000] {logging_mixin.py:150} INFO - [2024-12-12T16:02:17.951+0000] {dag.py:3504} INFO - Setting next_dagrun for example_weekday_branch_operator to 2024-12-11T00:00:00+00:00, run_after=2024-12-12T00:00:00+00:00
[2024-12-12T16:02:17.965+0000] {processor.py:179} INFO - Processing /home/vscode/.local/lib/python3.10/site-packages/airflow/example_dags/example_branch_day_of_week_operator.py took 0.049 seconds
[2024-12-12T16:03:14.425+0000] {processor.py:157} INFO - Started process (PID=46358) to work on /home/vscode/.local/lib/python3.10/site-packages/airflow/example_dags/example_branch_day_of_week_operator.py
[2024-12-12T16:03:14.426+0000] {processor.py:826} INFO - Processing file /home/vscode/.local/lib/python3.10/site-packages/airflow/example_dags/example_branch_day_of_week_operator.py for tasks to queue
[2024-12-12T16:03:14.427+0000] {logging_mixin.py:150} INFO - [2024-12-12T16:03:14.426+0000] {dagbag.py:541} INFO - Filling up the DagBag from /home/vscode/.local/lib/python3.10/site-packages/airflow/example_dags/example_branch_day_of_week_operator.py
[2024-12-12T16:03:14.432+0000] {processor.py:836} INFO - DAG(s) dict_keys(['example_weekday_branch_operator']) retrieved from /home/vscode/.local/lib/python3.10/site-packages/airflow/example_dags/example_branch_day_of_week_operator.py
[2024-12-12T16:03:14.444+0000] {logging_mixin.py:150} INFO - [2024-12-12T16:03:14.444+0000] {dag.py:2742} INFO - Sync 1 DAGs
[2024-12-12T16:03:14.458+0000] {logging_mixin.py:150} INFO - [2024-12-12T16:03:14.458+0000] {dag.py:3504} INFO - Setting next_dagrun for example_weekday_branch_operator to 2024-12-11T00:00:00+00:00, run_after=2024-12-12T00:00:00+00:00
[2024-12-12T16:03:14.473+0000] {processor.py:179} INFO - Processing /home/vscode/.local/lib/python3.10/site-packages/airflow/example_dags/example_branch_day_of_week_operator.py took 0.050 seconds
