[2024-12-12T15:30:35.057+0000] {processor.py:157} INFO - Started process (PID=30890) to work on /home/vscode/.local/lib/python3.10/site-packages/airflow/example_dags/example_python_operator.py
[2024-12-12T15:30:35.058+0000] {processor.py:826} INFO - Processing file /home/vscode/.local/lib/python3.10/site-packages/airflow/example_dags/example_python_operator.py for tasks to queue
[2024-12-12T15:30:35.058+0000] {logging_mixin.py:150} INFO - [2024-12-12T15:30:35.058+0000] {dagbag.py:541} INFO - Filling up the DagBag from /home/vscode/.local/lib/python3.10/site-packages/airflow/example_dags/example_python_operator.py
[2024-12-12T15:30:35.111+0000] {processor.py:836} INFO - DAG(s) dict_keys(['example_python_operator']) retrieved from /home/vscode/.local/lib/python3.10/site-packages/airflow/example_dags/example_python_operator.py
[2024-12-12T15:30:35.272+0000] {logging_mixin.py:150} INFO - [2024-12-12T15:30:35.272+0000] {manager.py:504} INFO - Created Permission View: can delete on DAG:example_python_operator
[2024-12-12T15:30:35.280+0000] {logging_mixin.py:150} INFO - [2024-12-12T15:30:35.280+0000] {manager.py:504} INFO - Created Permission View: can read on DAG:example_python_operator
[2024-12-12T15:30:35.285+0000] {logging_mixin.py:150} INFO - [2024-12-12T15:30:35.285+0000] {manager.py:504} INFO - Created Permission View: can edit on DAG:example_python_operator
[2024-12-12T15:30:35.292+0000] {logging_mixin.py:150} INFO - [2024-12-12T15:30:35.292+0000] {dag.py:2742} INFO - Sync 1 DAGs
[2024-12-12T15:30:35.298+0000] {logging_mixin.py:150} INFO - [2024-12-12T15:30:35.298+0000] {dag.py:2763} INFO - Creating ORM DAG for example_python_operator
[2024-12-12T15:30:35.303+0000] {logging_mixin.py:150} INFO - [2024-12-12T15:30:35.303+0000] {dag.py:3504} INFO - Setting next_dagrun for example_python_operator to None, run_after=None
[2024-12-12T15:30:35.317+0000] {processor.py:179} INFO - Processing /home/vscode/.local/lib/python3.10/site-packages/airflow/example_dags/example_python_operator.py took 0.262 seconds
[2024-12-12T15:31:21.432+0000] {processor.py:157} INFO - Started process (PID=31212) to work on /home/vscode/.local/lib/python3.10/site-packages/airflow/example_dags/example_python_operator.py
[2024-12-12T15:31:21.433+0000] {processor.py:826} INFO - Processing file /home/vscode/.local/lib/python3.10/site-packages/airflow/example_dags/example_python_operator.py for tasks to queue
[2024-12-12T15:31:21.433+0000] {logging_mixin.py:150} INFO - [2024-12-12T15:31:21.433+0000] {dagbag.py:541} INFO - Filling up the DagBag from /home/vscode/.local/lib/python3.10/site-packages/airflow/example_dags/example_python_operator.py
[2024-12-12T15:31:21.441+0000] {processor.py:836} INFO - DAG(s) dict_keys(['example_python_operator']) retrieved from /home/vscode/.local/lib/python3.10/site-packages/airflow/example_dags/example_python_operator.py
[2024-12-12T15:31:21.453+0000] {logging_mixin.py:150} INFO - [2024-12-12T15:31:21.453+0000] {dag.py:2742} INFO - Sync 1 DAGs
[2024-12-12T15:31:21.466+0000] {logging_mixin.py:150} INFO - [2024-12-12T15:31:21.466+0000] {dag.py:3504} INFO - Setting next_dagrun for example_python_operator to None, run_after=None
[2024-12-12T15:31:21.480+0000] {processor.py:179} INFO - Processing /home/vscode/.local/lib/python3.10/site-packages/airflow/example_dags/example_python_operator.py took 0.050 seconds
[2024-12-12T15:32:06.294+0000] {processor.py:157} INFO - Started process (PID=31589) to work on /home/vscode/.local/lib/python3.10/site-packages/airflow/example_dags/example_python_operator.py
[2024-12-12T15:32:06.294+0000] {processor.py:826} INFO - Processing file /home/vscode/.local/lib/python3.10/site-packages/airflow/example_dags/example_python_operator.py for tasks to queue
[2024-12-12T15:32:06.295+0000] {logging_mixin.py:150} INFO - [2024-12-12T15:32:06.295+0000] {dagbag.py:541} INFO - Filling up the DagBag from /home/vscode/.local/lib/python3.10/site-packages/airflow/example_dags/example_python_operator.py
[2024-12-12T15:32:06.302+0000] {processor.py:836} INFO - DAG(s) dict_keys(['example_python_operator']) retrieved from /home/vscode/.local/lib/python3.10/site-packages/airflow/example_dags/example_python_operator.py
[2024-12-12T15:32:06.315+0000] {logging_mixin.py:150} INFO - [2024-12-12T15:32:06.315+0000] {dag.py:2742} INFO - Sync 1 DAGs
[2024-12-12T15:32:06.327+0000] {logging_mixin.py:150} INFO - [2024-12-12T15:32:06.327+0000] {dag.py:3504} INFO - Setting next_dagrun for example_python_operator to None, run_after=None
[2024-12-12T15:32:06.342+0000] {processor.py:179} INFO - Processing /home/vscode/.local/lib/python3.10/site-packages/airflow/example_dags/example_python_operator.py took 0.050 seconds
[2024-12-12T15:32:50.416+0000] {processor.py:157} INFO - Started process (PID=31932) to work on /home/vscode/.local/lib/python3.10/site-packages/airflow/example_dags/example_python_operator.py
[2024-12-12T15:32:50.417+0000] {processor.py:826} INFO - Processing file /home/vscode/.local/lib/python3.10/site-packages/airflow/example_dags/example_python_operator.py for tasks to queue
[2024-12-12T15:32:50.417+0000] {logging_mixin.py:150} INFO - [2024-12-12T15:32:50.417+0000] {dagbag.py:541} INFO - Filling up the DagBag from /home/vscode/.local/lib/python3.10/site-packages/airflow/example_dags/example_python_operator.py
[2024-12-12T15:32:50.425+0000] {processor.py:836} INFO - DAG(s) dict_keys(['example_python_operator']) retrieved from /home/vscode/.local/lib/python3.10/site-packages/airflow/example_dags/example_python_operator.py
[2024-12-12T15:32:50.438+0000] {logging_mixin.py:150} INFO - [2024-12-12T15:32:50.438+0000] {dag.py:2742} INFO - Sync 1 DAGs
[2024-12-12T15:32:50.451+0000] {logging_mixin.py:150} INFO - [2024-12-12T15:32:50.451+0000] {dag.py:3504} INFO - Setting next_dagrun for example_python_operator to None, run_after=None
[2024-12-12T15:32:50.465+0000] {processor.py:179} INFO - Processing /home/vscode/.local/lib/python3.10/site-packages/airflow/example_dags/example_python_operator.py took 0.051 seconds
[2024-12-12T15:33:33.479+0000] {processor.py:157} INFO - Started process (PID=32254) to work on /home/vscode/.local/lib/python3.10/site-packages/airflow/example_dags/example_python_operator.py
[2024-12-12T15:33:33.479+0000] {processor.py:826} INFO - Processing file /home/vscode/.local/lib/python3.10/site-packages/airflow/example_dags/example_python_operator.py for tasks to queue
[2024-12-12T15:33:33.480+0000] {logging_mixin.py:150} INFO - [2024-12-12T15:33:33.480+0000] {dagbag.py:541} INFO - Filling up the DagBag from /home/vscode/.local/lib/python3.10/site-packages/airflow/example_dags/example_python_operator.py
[2024-12-12T15:33:33.487+0000] {processor.py:836} INFO - DAG(s) dict_keys(['example_python_operator']) retrieved from /home/vscode/.local/lib/python3.10/site-packages/airflow/example_dags/example_python_operator.py
[2024-12-12T15:33:33.500+0000] {logging_mixin.py:150} INFO - [2024-12-12T15:33:33.500+0000] {dag.py:2742} INFO - Sync 1 DAGs
[2024-12-12T15:33:33.512+0000] {logging_mixin.py:150} INFO - [2024-12-12T15:33:33.512+0000] {dag.py:3504} INFO - Setting next_dagrun for example_python_operator to None, run_after=None
[2024-12-12T15:33:33.526+0000] {processor.py:179} INFO - Processing /home/vscode/.local/lib/python3.10/site-packages/airflow/example_dags/example_python_operator.py took 0.049 seconds
[2024-12-12T15:34:16.937+0000] {processor.py:157} INFO - Started process (PID=32546) to work on /home/vscode/.local/lib/python3.10/site-packages/airflow/example_dags/example_python_operator.py
[2024-12-12T15:34:16.937+0000] {processor.py:826} INFO - Processing file /home/vscode/.local/lib/python3.10/site-packages/airflow/example_dags/example_python_operator.py for tasks to queue
[2024-12-12T15:34:16.938+0000] {logging_mixin.py:150} INFO - [2024-12-12T15:34:16.938+0000] {dagbag.py:541} INFO - Filling up the DagBag from /home/vscode/.local/lib/python3.10/site-packages/airflow/example_dags/example_python_operator.py
[2024-12-12T15:34:16.945+0000] {processor.py:836} INFO - DAG(s) dict_keys(['example_python_operator']) retrieved from /home/vscode/.local/lib/python3.10/site-packages/airflow/example_dags/example_python_operator.py
[2024-12-12T15:34:16.958+0000] {logging_mixin.py:150} INFO - [2024-12-12T15:34:16.958+0000] {dag.py:2742} INFO - Sync 1 DAGs
[2024-12-12T15:34:16.971+0000] {logging_mixin.py:150} INFO - [2024-12-12T15:34:16.971+0000] {dag.py:3504} INFO - Setting next_dagrun for example_python_operator to None, run_after=None
[2024-12-12T15:34:16.985+0000] {processor.py:179} INFO - Processing /home/vscode/.local/lib/python3.10/site-packages/airflow/example_dags/example_python_operator.py took 0.050 seconds
[2024-12-12T15:34:59.657+0000] {processor.py:157} INFO - Started process (PID=32847) to work on /home/vscode/.local/lib/python3.10/site-packages/airflow/example_dags/example_python_operator.py
[2024-12-12T15:34:59.657+0000] {processor.py:826} INFO - Processing file /home/vscode/.local/lib/python3.10/site-packages/airflow/example_dags/example_python_operator.py for tasks to queue
[2024-12-12T15:34:59.658+0000] {logging_mixin.py:150} INFO - [2024-12-12T15:34:59.658+0000] {dagbag.py:541} INFO - Filling up the DagBag from /home/vscode/.local/lib/python3.10/site-packages/airflow/example_dags/example_python_operator.py
[2024-12-12T15:34:59.665+0000] {processor.py:836} INFO - DAG(s) dict_keys(['example_python_operator']) retrieved from /home/vscode/.local/lib/python3.10/site-packages/airflow/example_dags/example_python_operator.py
[2024-12-12T15:34:59.678+0000] {logging_mixin.py:150} INFO - [2024-12-12T15:34:59.677+0000] {dag.py:2742} INFO - Sync 1 DAGs
[2024-12-12T15:34:59.690+0000] {logging_mixin.py:150} INFO - [2024-12-12T15:34:59.690+0000] {dag.py:3504} INFO - Setting next_dagrun for example_python_operator to None, run_after=None
[2024-12-12T15:34:59.704+0000] {processor.py:179} INFO - Processing /home/vscode/.local/lib/python3.10/site-packages/airflow/example_dags/example_python_operator.py took 0.050 seconds
[2024-12-12T15:35:42.530+0000] {processor.py:157} INFO - Started process (PID=33174) to work on /home/vscode/.local/lib/python3.10/site-packages/airflow/example_dags/example_python_operator.py
[2024-12-12T15:35:42.530+0000] {processor.py:826} INFO - Processing file /home/vscode/.local/lib/python3.10/site-packages/airflow/example_dags/example_python_operator.py for tasks to queue
[2024-12-12T15:35:42.531+0000] {logging_mixin.py:150} INFO - [2024-12-12T15:35:42.531+0000] {dagbag.py:541} INFO - Filling up the DagBag from /home/vscode/.local/lib/python3.10/site-packages/airflow/example_dags/example_python_operator.py
[2024-12-12T15:35:42.538+0000] {processor.py:836} INFO - DAG(s) dict_keys(['example_python_operator']) retrieved from /home/vscode/.local/lib/python3.10/site-packages/airflow/example_dags/example_python_operator.py
[2024-12-12T15:35:42.551+0000] {logging_mixin.py:150} INFO - [2024-12-12T15:35:42.551+0000] {dag.py:2742} INFO - Sync 1 DAGs
[2024-12-12T15:35:42.563+0000] {logging_mixin.py:150} INFO - [2024-12-12T15:35:42.563+0000] {dag.py:3504} INFO - Setting next_dagrun for example_python_operator to None, run_after=None
[2024-12-12T15:35:42.577+0000] {processor.py:179} INFO - Processing /home/vscode/.local/lib/python3.10/site-packages/airflow/example_dags/example_python_operator.py took 0.049 seconds
[2024-12-12T15:36:25.292+0000] {processor.py:157} INFO - Started process (PID=33638) to work on /home/vscode/.local/lib/python3.10/site-packages/airflow/example_dags/example_python_operator.py
[2024-12-12T15:36:25.293+0000] {processor.py:826} INFO - Processing file /home/vscode/.local/lib/python3.10/site-packages/airflow/example_dags/example_python_operator.py for tasks to queue
[2024-12-12T15:36:25.293+0000] {logging_mixin.py:150} INFO - [2024-12-12T15:36:25.293+0000] {dagbag.py:541} INFO - Filling up the DagBag from /home/vscode/.local/lib/python3.10/site-packages/airflow/example_dags/example_python_operator.py
[2024-12-12T15:36:25.301+0000] {processor.py:836} INFO - DAG(s) dict_keys(['example_python_operator']) retrieved from /home/vscode/.local/lib/python3.10/site-packages/airflow/example_dags/example_python_operator.py
[2024-12-12T15:36:25.316+0000] {logging_mixin.py:150} INFO - [2024-12-12T15:36:25.315+0000] {dag.py:2742} INFO - Sync 1 DAGs
[2024-12-12T15:36:25.329+0000] {logging_mixin.py:150} INFO - [2024-12-12T15:36:25.329+0000] {dag.py:3504} INFO - Setting next_dagrun for example_python_operator to None, run_after=None
[2024-12-12T15:36:25.343+0000] {processor.py:179} INFO - Processing /home/vscode/.local/lib/python3.10/site-packages/airflow/example_dags/example_python_operator.py took 0.054 seconds
[2024-12-12T15:37:02.994+0000] {processor.py:157} INFO - Started process (PID=34030) to work on /home/vscode/.local/lib/python3.10/site-packages/airflow/example_dags/example_python_operator.py
[2024-12-12T15:37:02.995+0000] {processor.py:826} INFO - Processing file /home/vscode/.local/lib/python3.10/site-packages/airflow/example_dags/example_python_operator.py for tasks to queue
[2024-12-12T15:37:02.995+0000] {logging_mixin.py:150} INFO - [2024-12-12T15:37:02.995+0000] {dagbag.py:541} INFO - Filling up the DagBag from /home/vscode/.local/lib/python3.10/site-packages/airflow/example_dags/example_python_operator.py
[2024-12-12T15:37:03.002+0000] {processor.py:836} INFO - DAG(s) dict_keys(['example_python_operator']) retrieved from /home/vscode/.local/lib/python3.10/site-packages/airflow/example_dags/example_python_operator.py
[2024-12-12T15:37:03.015+0000] {logging_mixin.py:150} INFO - [2024-12-12T15:37:03.015+0000] {dag.py:2742} INFO - Sync 1 DAGs
[2024-12-12T15:37:03.028+0000] {logging_mixin.py:150} INFO - [2024-12-12T15:37:03.028+0000] {dag.py:3504} INFO - Setting next_dagrun for example_python_operator to None, run_after=None
[2024-12-12T15:37:03.042+0000] {processor.py:179} INFO - Processing /home/vscode/.local/lib/python3.10/site-packages/airflow/example_dags/example_python_operator.py took 0.050 seconds
[2024-12-12T15:37:48.738+0000] {processor.py:157} INFO - Started process (PID=34372) to work on /home/vscode/.local/lib/python3.10/site-packages/airflow/example_dags/example_python_operator.py
[2024-12-12T15:37:48.738+0000] {processor.py:826} INFO - Processing file /home/vscode/.local/lib/python3.10/site-packages/airflow/example_dags/example_python_operator.py for tasks to queue
[2024-12-12T15:37:48.739+0000] {logging_mixin.py:150} INFO - [2024-12-12T15:37:48.739+0000] {dagbag.py:541} INFO - Filling up the DagBag from /home/vscode/.local/lib/python3.10/site-packages/airflow/example_dags/example_python_operator.py
[2024-12-12T15:37:48.746+0000] {processor.py:836} INFO - DAG(s) dict_keys(['example_python_operator']) retrieved from /home/vscode/.local/lib/python3.10/site-packages/airflow/example_dags/example_python_operator.py
[2024-12-12T15:37:48.759+0000] {logging_mixin.py:150} INFO - [2024-12-12T15:37:48.759+0000] {dag.py:2742} INFO - Sync 1 DAGs
[2024-12-12T15:37:48.772+0000] {logging_mixin.py:150} INFO - [2024-12-12T15:37:48.772+0000] {dag.py:3504} INFO - Setting next_dagrun for example_python_operator to None, run_after=None
[2024-12-12T15:37:48.790+0000] {processor.py:179} INFO - Processing /home/vscode/.local/lib/python3.10/site-packages/airflow/example_dags/example_python_operator.py took 0.054 seconds
[2024-12-12T15:38:31.591+0000] {processor.py:157} INFO - Started process (PID=34666) to work on /home/vscode/.local/lib/python3.10/site-packages/airflow/example_dags/example_python_operator.py
[2024-12-12T15:38:31.592+0000] {processor.py:826} INFO - Processing file /home/vscode/.local/lib/python3.10/site-packages/airflow/example_dags/example_python_operator.py for tasks to queue
[2024-12-12T15:38:31.593+0000] {logging_mixin.py:150} INFO - [2024-12-12T15:38:31.592+0000] {dagbag.py:541} INFO - Filling up the DagBag from /home/vscode/.local/lib/python3.10/site-packages/airflow/example_dags/example_python_operator.py
[2024-12-12T15:38:31.600+0000] {processor.py:836} INFO - DAG(s) dict_keys(['example_python_operator']) retrieved from /home/vscode/.local/lib/python3.10/site-packages/airflow/example_dags/example_python_operator.py
[2024-12-12T15:38:31.613+0000] {logging_mixin.py:150} INFO - [2024-12-12T15:38:31.613+0000] {dag.py:2742} INFO - Sync 1 DAGs
[2024-12-12T15:38:31.625+0000] {logging_mixin.py:150} INFO - [2024-12-12T15:38:31.625+0000] {dag.py:3504} INFO - Setting next_dagrun for example_python_operator to None, run_after=None
[2024-12-12T15:38:31.640+0000] {processor.py:179} INFO - Processing /home/vscode/.local/lib/python3.10/site-packages/airflow/example_dags/example_python_operator.py took 0.050 seconds
[2024-12-12T15:38:58.987+0000] {processor.py:157} INFO - Started process (PID=35024) to work on /home/vscode/.local/lib/python3.10/site-packages/airflow/example_dags/example_python_operator.py
[2024-12-12T15:38:58.987+0000] {processor.py:826} INFO - Processing file /home/vscode/.local/lib/python3.10/site-packages/airflow/example_dags/example_python_operator.py for tasks to queue
[2024-12-12T15:38:58.988+0000] {logging_mixin.py:150} INFO - [2024-12-12T15:38:58.988+0000] {dagbag.py:541} INFO - Filling up the DagBag from /home/vscode/.local/lib/python3.10/site-packages/airflow/example_dags/example_python_operator.py
[2024-12-12T15:38:58.995+0000] {processor.py:836} INFO - DAG(s) dict_keys(['example_python_operator']) retrieved from /home/vscode/.local/lib/python3.10/site-packages/airflow/example_dags/example_python_operator.py
[2024-12-12T15:38:59.145+0000] {logging_mixin.py:150} INFO - [2024-12-12T15:38:59.145+0000] {dag.py:2742} INFO - Sync 1 DAGs
[2024-12-12T15:38:59.160+0000] {logging_mixin.py:150} INFO - [2024-12-12T15:38:59.160+0000] {dag.py:3504} INFO - Setting next_dagrun for example_python_operator to None, run_after=None
[2024-12-12T15:38:59.182+0000] {processor.py:179} INFO - Processing /home/vscode/.local/lib/python3.10/site-packages/airflow/example_dags/example_python_operator.py took 0.197 seconds
[2024-12-12T15:39:44.196+0000] {processor.py:157} INFO - Started process (PID=35520) to work on /home/vscode/.local/lib/python3.10/site-packages/airflow/example_dags/example_python_operator.py
[2024-12-12T15:39:44.197+0000] {processor.py:826} INFO - Processing file /home/vscode/.local/lib/python3.10/site-packages/airflow/example_dags/example_python_operator.py for tasks to queue
[2024-12-12T15:39:44.197+0000] {logging_mixin.py:150} INFO - [2024-12-12T15:39:44.197+0000] {dagbag.py:541} INFO - Filling up the DagBag from /home/vscode/.local/lib/python3.10/site-packages/airflow/example_dags/example_python_operator.py
[2024-12-12T15:39:44.204+0000] {processor.py:836} INFO - DAG(s) dict_keys(['example_python_operator']) retrieved from /home/vscode/.local/lib/python3.10/site-packages/airflow/example_dags/example_python_operator.py
[2024-12-12T15:39:44.217+0000] {logging_mixin.py:150} INFO - [2024-12-12T15:39:44.217+0000] {dag.py:2742} INFO - Sync 1 DAGs
[2024-12-12T15:39:44.230+0000] {logging_mixin.py:150} INFO - [2024-12-12T15:39:44.230+0000] {dag.py:3504} INFO - Setting next_dagrun for example_python_operator to None, run_after=None
[2024-12-12T15:39:44.244+0000] {processor.py:179} INFO - Processing /home/vscode/.local/lib/python3.10/site-packages/airflow/example_dags/example_python_operator.py took 0.050 seconds
[2024-12-12T15:40:28.200+0000] {processor.py:157} INFO - Started process (PID=35956) to work on /home/vscode/.local/lib/python3.10/site-packages/airflow/example_dags/example_python_operator.py
[2024-12-12T15:40:28.201+0000] {processor.py:826} INFO - Processing file /home/vscode/.local/lib/python3.10/site-packages/airflow/example_dags/example_python_operator.py for tasks to queue
[2024-12-12T15:40:28.201+0000] {logging_mixin.py:150} INFO - [2024-12-12T15:40:28.201+0000] {dagbag.py:541} INFO - Filling up the DagBag from /home/vscode/.local/lib/python3.10/site-packages/airflow/example_dags/example_python_operator.py
[2024-12-12T15:40:28.208+0000] {processor.py:836} INFO - DAG(s) dict_keys(['example_python_operator']) retrieved from /home/vscode/.local/lib/python3.10/site-packages/airflow/example_dags/example_python_operator.py
[2024-12-12T15:40:28.221+0000] {logging_mixin.py:150} INFO - [2024-12-12T15:40:28.221+0000] {dag.py:2742} INFO - Sync 1 DAGs
[2024-12-12T15:40:28.234+0000] {logging_mixin.py:150} INFO - [2024-12-12T15:40:28.234+0000] {dag.py:3504} INFO - Setting next_dagrun for example_python_operator to None, run_after=None
[2024-12-12T15:40:28.248+0000] {processor.py:179} INFO - Processing /home/vscode/.local/lib/python3.10/site-packages/airflow/example_dags/example_python_operator.py took 0.050 seconds
[2024-12-12T15:41:13.225+0000] {processor.py:157} INFO - Started process (PID=36365) to work on /home/vscode/.local/lib/python3.10/site-packages/airflow/example_dags/example_python_operator.py
[2024-12-12T15:41:13.226+0000] {processor.py:826} INFO - Processing file /home/vscode/.local/lib/python3.10/site-packages/airflow/example_dags/example_python_operator.py for tasks to queue
[2024-12-12T15:41:13.227+0000] {logging_mixin.py:150} INFO - [2024-12-12T15:41:13.226+0000] {dagbag.py:541} INFO - Filling up the DagBag from /home/vscode/.local/lib/python3.10/site-packages/airflow/example_dags/example_python_operator.py
[2024-12-12T15:41:13.234+0000] {processor.py:836} INFO - DAG(s) dict_keys(['example_python_operator']) retrieved from /home/vscode/.local/lib/python3.10/site-packages/airflow/example_dags/example_python_operator.py
[2024-12-12T15:41:13.247+0000] {logging_mixin.py:150} INFO - [2024-12-12T15:41:13.247+0000] {dag.py:2742} INFO - Sync 1 DAGs
[2024-12-12T15:41:13.261+0000] {logging_mixin.py:150} INFO - [2024-12-12T15:41:13.261+0000] {dag.py:3504} INFO - Setting next_dagrun for example_python_operator to None, run_after=None
[2024-12-12T15:41:13.275+0000] {processor.py:179} INFO - Processing /home/vscode/.local/lib/python3.10/site-packages/airflow/example_dags/example_python_operator.py took 0.052 seconds
[2024-12-12T15:41:56.026+0000] {processor.py:157} INFO - Started process (PID=36695) to work on /home/vscode/.local/lib/python3.10/site-packages/airflow/example_dags/example_python_operator.py
[2024-12-12T15:41:56.027+0000] {processor.py:826} INFO - Processing file /home/vscode/.local/lib/python3.10/site-packages/airflow/example_dags/example_python_operator.py for tasks to queue
[2024-12-12T15:41:56.027+0000] {logging_mixin.py:150} INFO - [2024-12-12T15:41:56.027+0000] {dagbag.py:541} INFO - Filling up the DagBag from /home/vscode/.local/lib/python3.10/site-packages/airflow/example_dags/example_python_operator.py
[2024-12-12T15:41:56.034+0000] {processor.py:836} INFO - DAG(s) dict_keys(['example_python_operator']) retrieved from /home/vscode/.local/lib/python3.10/site-packages/airflow/example_dags/example_python_operator.py
[2024-12-12T15:41:56.048+0000] {logging_mixin.py:150} INFO - [2024-12-12T15:41:56.048+0000] {dag.py:2742} INFO - Sync 1 DAGs
[2024-12-12T15:41:56.062+0000] {logging_mixin.py:150} INFO - [2024-12-12T15:41:56.062+0000] {dag.py:3504} INFO - Setting next_dagrun for example_python_operator to None, run_after=None
[2024-12-12T15:41:56.077+0000] {processor.py:179} INFO - Processing /home/vscode/.local/lib/python3.10/site-packages/airflow/example_dags/example_python_operator.py took 0.052 seconds
[2024-12-12T15:42:44.358+0000] {processor.py:157} INFO - Started process (PID=37132) to work on /home/vscode/.local/lib/python3.10/site-packages/airflow/example_dags/example_python_operator.py
[2024-12-12T15:42:44.359+0000] {processor.py:826} INFO - Processing file /home/vscode/.local/lib/python3.10/site-packages/airflow/example_dags/example_python_operator.py for tasks to queue
[2024-12-12T15:42:44.360+0000] {logging_mixin.py:150} INFO - [2024-12-12T15:42:44.359+0000] {dagbag.py:541} INFO - Filling up the DagBag from /home/vscode/.local/lib/python3.10/site-packages/airflow/example_dags/example_python_operator.py
[2024-12-12T15:42:44.367+0000] {processor.py:836} INFO - DAG(s) dict_keys(['example_python_operator']) retrieved from /home/vscode/.local/lib/python3.10/site-packages/airflow/example_dags/example_python_operator.py
[2024-12-12T15:42:44.379+0000] {logging_mixin.py:150} INFO - [2024-12-12T15:42:44.379+0000] {dag.py:2742} INFO - Sync 1 DAGs
[2024-12-12T15:42:44.392+0000] {logging_mixin.py:150} INFO - [2024-12-12T15:42:44.392+0000] {dag.py:3504} INFO - Setting next_dagrun for example_python_operator to None, run_after=None
[2024-12-12T15:42:44.405+0000] {processor.py:179} INFO - Processing /home/vscode/.local/lib/python3.10/site-packages/airflow/example_dags/example_python_operator.py took 0.049 seconds
[2024-12-12T15:43:28.574+0000] {processor.py:157} INFO - Started process (PID=37482) to work on /home/vscode/.local/lib/python3.10/site-packages/airflow/example_dags/example_python_operator.py
[2024-12-12T15:43:28.575+0000] {processor.py:826} INFO - Processing file /home/vscode/.local/lib/python3.10/site-packages/airflow/example_dags/example_python_operator.py for tasks to queue
[2024-12-12T15:43:28.576+0000] {logging_mixin.py:150} INFO - [2024-12-12T15:43:28.575+0000] {dagbag.py:541} INFO - Filling up the DagBag from /home/vscode/.local/lib/python3.10/site-packages/airflow/example_dags/example_python_operator.py
[2024-12-12T15:43:28.583+0000] {processor.py:836} INFO - DAG(s) dict_keys(['example_python_operator']) retrieved from /home/vscode/.local/lib/python3.10/site-packages/airflow/example_dags/example_python_operator.py
[2024-12-12T15:43:28.596+0000] {logging_mixin.py:150} INFO - [2024-12-12T15:43:28.596+0000] {dag.py:2742} INFO - Sync 1 DAGs
[2024-12-12T15:43:28.609+0000] {logging_mixin.py:150} INFO - [2024-12-12T15:43:28.608+0000] {dag.py:3504} INFO - Setting next_dagrun for example_python_operator to None, run_after=None
[2024-12-12T15:43:28.622+0000] {processor.py:179} INFO - Processing /home/vscode/.local/lib/python3.10/site-packages/airflow/example_dags/example_python_operator.py took 0.050 seconds
[2024-12-12T15:44:11.317+0000] {processor.py:157} INFO - Started process (PID=37828) to work on /home/vscode/.local/lib/python3.10/site-packages/airflow/example_dags/example_python_operator.py
[2024-12-12T15:44:11.317+0000] {processor.py:826} INFO - Processing file /home/vscode/.local/lib/python3.10/site-packages/airflow/example_dags/example_python_operator.py for tasks to queue
[2024-12-12T15:44:11.318+0000] {logging_mixin.py:150} INFO - [2024-12-12T15:44:11.318+0000] {dagbag.py:541} INFO - Filling up the DagBag from /home/vscode/.local/lib/python3.10/site-packages/airflow/example_dags/example_python_operator.py
[2024-12-12T15:44:11.325+0000] {processor.py:836} INFO - DAG(s) dict_keys(['example_python_operator']) retrieved from /home/vscode/.local/lib/python3.10/site-packages/airflow/example_dags/example_python_operator.py
[2024-12-12T15:44:11.338+0000] {logging_mixin.py:150} INFO - [2024-12-12T15:44:11.338+0000] {dag.py:2742} INFO - Sync 1 DAGs
[2024-12-12T15:44:11.351+0000] {logging_mixin.py:150} INFO - [2024-12-12T15:44:11.350+0000] {dag.py:3504} INFO - Setting next_dagrun for example_python_operator to None, run_after=None
[2024-12-12T15:44:11.364+0000] {processor.py:179} INFO - Processing /home/vscode/.local/lib/python3.10/site-packages/airflow/example_dags/example_python_operator.py took 0.049 seconds
[2024-12-12T15:44:50.669+0000] {processor.py:157} INFO - Started process (PID=38148) to work on /home/vscode/.local/lib/python3.10/site-packages/airflow/example_dags/example_python_operator.py
[2024-12-12T15:44:50.670+0000] {processor.py:826} INFO - Processing file /home/vscode/.local/lib/python3.10/site-packages/airflow/example_dags/example_python_operator.py for tasks to queue
[2024-12-12T15:44:50.670+0000] {logging_mixin.py:150} INFO - [2024-12-12T15:44:50.670+0000] {dagbag.py:541} INFO - Filling up the DagBag from /home/vscode/.local/lib/python3.10/site-packages/airflow/example_dags/example_python_operator.py
[2024-12-12T15:44:50.677+0000] {processor.py:836} INFO - DAG(s) dict_keys(['example_python_operator']) retrieved from /home/vscode/.local/lib/python3.10/site-packages/airflow/example_dags/example_python_operator.py
[2024-12-12T15:44:50.690+0000] {logging_mixin.py:150} INFO - [2024-12-12T15:44:50.690+0000] {dag.py:2742} INFO - Sync 1 DAGs
[2024-12-12T15:44:50.703+0000] {logging_mixin.py:150} INFO - [2024-12-12T15:44:50.703+0000] {dag.py:3504} INFO - Setting next_dagrun for example_python_operator to None, run_after=None
[2024-12-12T15:44:50.717+0000] {processor.py:179} INFO - Processing /home/vscode/.local/lib/python3.10/site-packages/airflow/example_dags/example_python_operator.py took 0.050 seconds
[2024-12-12T15:45:31.743+0000] {processor.py:157} INFO - Started process (PID=38466) to work on /home/vscode/.local/lib/python3.10/site-packages/airflow/example_dags/example_python_operator.py
[2024-12-12T15:45:31.743+0000] {processor.py:826} INFO - Processing file /home/vscode/.local/lib/python3.10/site-packages/airflow/example_dags/example_python_operator.py for tasks to queue
[2024-12-12T15:45:31.744+0000] {logging_mixin.py:150} INFO - [2024-12-12T15:45:31.744+0000] {dagbag.py:541} INFO - Filling up the DagBag from /home/vscode/.local/lib/python3.10/site-packages/airflow/example_dags/example_python_operator.py
[2024-12-12T15:45:31.751+0000] {processor.py:836} INFO - DAG(s) dict_keys(['example_python_operator']) retrieved from /home/vscode/.local/lib/python3.10/site-packages/airflow/example_dags/example_python_operator.py
[2024-12-12T15:45:31.764+0000] {logging_mixin.py:150} INFO - [2024-12-12T15:45:31.764+0000] {dag.py:2742} INFO - Sync 1 DAGs
[2024-12-12T15:45:31.777+0000] {logging_mixin.py:150} INFO - [2024-12-12T15:45:31.777+0000] {dag.py:3504} INFO - Setting next_dagrun for example_python_operator to None, run_after=None
[2024-12-12T15:45:31.795+0000] {processor.py:179} INFO - Processing /home/vscode/.local/lib/python3.10/site-packages/airflow/example_dags/example_python_operator.py took 0.054 seconds
[2024-12-12T15:46:18.199+0000] {processor.py:157} INFO - Started process (PID=38835) to work on /home/vscode/.local/lib/python3.10/site-packages/airflow/example_dags/example_python_operator.py
[2024-12-12T15:46:18.200+0000] {processor.py:826} INFO - Processing file /home/vscode/.local/lib/python3.10/site-packages/airflow/example_dags/example_python_operator.py for tasks to queue
[2024-12-12T15:46:18.200+0000] {logging_mixin.py:150} INFO - [2024-12-12T15:46:18.200+0000] {dagbag.py:541} INFO - Filling up the DagBag from /home/vscode/.local/lib/python3.10/site-packages/airflow/example_dags/example_python_operator.py
[2024-12-12T15:46:18.207+0000] {processor.py:836} INFO - DAG(s) dict_keys(['example_python_operator']) retrieved from /home/vscode/.local/lib/python3.10/site-packages/airflow/example_dags/example_python_operator.py
[2024-12-12T15:46:18.221+0000] {logging_mixin.py:150} INFO - [2024-12-12T15:46:18.221+0000] {dag.py:2742} INFO - Sync 1 DAGs
[2024-12-12T15:46:18.234+0000] {logging_mixin.py:150} INFO - [2024-12-12T15:46:18.234+0000] {dag.py:3504} INFO - Setting next_dagrun for example_python_operator to None, run_after=None
[2024-12-12T15:46:18.248+0000] {processor.py:179} INFO - Processing /home/vscode/.local/lib/python3.10/site-packages/airflow/example_dags/example_python_operator.py took 0.051 seconds
[2024-12-12T15:47:07.628+0000] {processor.py:157} INFO - Started process (PID=39222) to work on /home/vscode/.local/lib/python3.10/site-packages/airflow/example_dags/example_python_operator.py
[2024-12-12T15:47:07.629+0000] {processor.py:826} INFO - Processing file /home/vscode/.local/lib/python3.10/site-packages/airflow/example_dags/example_python_operator.py for tasks to queue
[2024-12-12T15:47:07.629+0000] {logging_mixin.py:150} INFO - [2024-12-12T15:47:07.629+0000] {dagbag.py:541} INFO - Filling up the DagBag from /home/vscode/.local/lib/python3.10/site-packages/airflow/example_dags/example_python_operator.py
[2024-12-12T15:47:07.636+0000] {processor.py:836} INFO - DAG(s) dict_keys(['example_python_operator']) retrieved from /home/vscode/.local/lib/python3.10/site-packages/airflow/example_dags/example_python_operator.py
[2024-12-12T15:47:07.649+0000] {logging_mixin.py:150} INFO - [2024-12-12T15:47:07.649+0000] {dag.py:2742} INFO - Sync 1 DAGs
[2024-12-12T15:47:07.662+0000] {logging_mixin.py:150} INFO - [2024-12-12T15:47:07.662+0000] {dag.py:3504} INFO - Setting next_dagrun for example_python_operator to None, run_after=None
[2024-12-12T15:47:07.676+0000] {processor.py:179} INFO - Processing /home/vscode/.local/lib/python3.10/site-packages/airflow/example_dags/example_python_operator.py took 0.050 seconds
[2024-12-12T15:47:54.390+0000] {processor.py:157} INFO - Started process (PID=39596) to work on /home/vscode/.local/lib/python3.10/site-packages/airflow/example_dags/example_python_operator.py
[2024-12-12T15:47:54.390+0000] {processor.py:826} INFO - Processing file /home/vscode/.local/lib/python3.10/site-packages/airflow/example_dags/example_python_operator.py for tasks to queue
[2024-12-12T15:47:54.391+0000] {logging_mixin.py:150} INFO - [2024-12-12T15:47:54.391+0000] {dagbag.py:541} INFO - Filling up the DagBag from /home/vscode/.local/lib/python3.10/site-packages/airflow/example_dags/example_python_operator.py
[2024-12-12T15:47:54.398+0000] {processor.py:836} INFO - DAG(s) dict_keys(['example_python_operator']) retrieved from /home/vscode/.local/lib/python3.10/site-packages/airflow/example_dags/example_python_operator.py
[2024-12-12T15:47:54.411+0000] {logging_mixin.py:150} INFO - [2024-12-12T15:47:54.411+0000] {dag.py:2742} INFO - Sync 1 DAGs
[2024-12-12T15:47:54.424+0000] {logging_mixin.py:150} INFO - [2024-12-12T15:47:54.424+0000] {dag.py:3504} INFO - Setting next_dagrun for example_python_operator to None, run_after=None
[2024-12-12T15:47:54.437+0000] {processor.py:179} INFO - Processing /home/vscode/.local/lib/python3.10/site-packages/airflow/example_dags/example_python_operator.py took 0.050 seconds
[2024-12-12T15:48:39.782+0000] {processor.py:157} INFO - Started process (PID=39950) to work on /home/vscode/.local/lib/python3.10/site-packages/airflow/example_dags/example_python_operator.py
[2024-12-12T15:48:39.782+0000] {processor.py:826} INFO - Processing file /home/vscode/.local/lib/python3.10/site-packages/airflow/example_dags/example_python_operator.py for tasks to queue
[2024-12-12T15:48:39.783+0000] {logging_mixin.py:150} INFO - [2024-12-12T15:48:39.783+0000] {dagbag.py:541} INFO - Filling up the DagBag from /home/vscode/.local/lib/python3.10/site-packages/airflow/example_dags/example_python_operator.py
[2024-12-12T15:48:39.790+0000] {processor.py:836} INFO - DAG(s) dict_keys(['example_python_operator']) retrieved from /home/vscode/.local/lib/python3.10/site-packages/airflow/example_dags/example_python_operator.py
[2024-12-12T15:48:39.803+0000] {logging_mixin.py:150} INFO - [2024-12-12T15:48:39.803+0000] {dag.py:2742} INFO - Sync 1 DAGs
[2024-12-12T15:48:39.815+0000] {logging_mixin.py:150} INFO - [2024-12-12T15:48:39.815+0000] {dag.py:3504} INFO - Setting next_dagrun for example_python_operator to None, run_after=None
[2024-12-12T15:48:39.829+0000] {processor.py:179} INFO - Processing /home/vscode/.local/lib/python3.10/site-packages/airflow/example_dags/example_python_operator.py took 0.050 seconds
[2024-12-12T15:49:19.148+0000] {processor.py:157} INFO - Started process (PID=40270) to work on /home/vscode/.local/lib/python3.10/site-packages/airflow/example_dags/example_python_operator.py
[2024-12-12T15:49:19.148+0000] {processor.py:826} INFO - Processing file /home/vscode/.local/lib/python3.10/site-packages/airflow/example_dags/example_python_operator.py for tasks to queue
[2024-12-12T15:49:19.149+0000] {logging_mixin.py:150} INFO - [2024-12-12T15:49:19.149+0000] {dagbag.py:541} INFO - Filling up the DagBag from /home/vscode/.local/lib/python3.10/site-packages/airflow/example_dags/example_python_operator.py
[2024-12-12T15:49:19.159+0000] {processor.py:836} INFO - DAG(s) dict_keys(['example_python_operator']) retrieved from /home/vscode/.local/lib/python3.10/site-packages/airflow/example_dags/example_python_operator.py
[2024-12-12T15:49:19.173+0000] {logging_mixin.py:150} INFO - [2024-12-12T15:49:19.173+0000] {dag.py:2742} INFO - Sync 1 DAGs
[2024-12-12T15:49:19.186+0000] {logging_mixin.py:150} INFO - [2024-12-12T15:49:19.186+0000] {dag.py:3504} INFO - Setting next_dagrun for example_python_operator to None, run_after=None
[2024-12-12T15:49:19.201+0000] {processor.py:179} INFO - Processing /home/vscode/.local/lib/python3.10/site-packages/airflow/example_dags/example_python_operator.py took 0.055 seconds
[2024-12-12T15:50:03.961+0000] {processor.py:157} INFO - Started process (PID=40633) to work on /home/vscode/.local/lib/python3.10/site-packages/airflow/example_dags/example_python_operator.py
[2024-12-12T15:50:03.962+0000] {processor.py:826} INFO - Processing file /home/vscode/.local/lib/python3.10/site-packages/airflow/example_dags/example_python_operator.py for tasks to queue
[2024-12-12T15:50:03.963+0000] {logging_mixin.py:150} INFO - [2024-12-12T15:50:03.962+0000] {dagbag.py:541} INFO - Filling up the DagBag from /home/vscode/.local/lib/python3.10/site-packages/airflow/example_dags/example_python_operator.py
[2024-12-12T15:50:03.972+0000] {processor.py:836} INFO - DAG(s) dict_keys(['example_python_operator']) retrieved from /home/vscode/.local/lib/python3.10/site-packages/airflow/example_dags/example_python_operator.py
[2024-12-12T15:50:03.986+0000] {logging_mixin.py:150} INFO - [2024-12-12T15:50:03.985+0000] {dag.py:2742} INFO - Sync 1 DAGs
[2024-12-12T15:50:03.998+0000] {logging_mixin.py:150} INFO - [2024-12-12T15:50:03.998+0000] {dag.py:3504} INFO - Setting next_dagrun for example_python_operator to None, run_after=None
[2024-12-12T15:50:04.013+0000] {processor.py:179} INFO - Processing /home/vscode/.local/lib/python3.10/site-packages/airflow/example_dags/example_python_operator.py took 0.054 seconds
[2024-12-12T15:50:43.741+0000] {processor.py:157} INFO - Started process (PID=40940) to work on /home/vscode/.local/lib/python3.10/site-packages/airflow/example_dags/example_python_operator.py
[2024-12-12T15:50:43.742+0000] {processor.py:826} INFO - Processing file /home/vscode/.local/lib/python3.10/site-packages/airflow/example_dags/example_python_operator.py for tasks to queue
[2024-12-12T15:50:43.742+0000] {logging_mixin.py:150} INFO - [2024-12-12T15:50:43.742+0000] {dagbag.py:541} INFO - Filling up the DagBag from /home/vscode/.local/lib/python3.10/site-packages/airflow/example_dags/example_python_operator.py
[2024-12-12T15:50:43.749+0000] {processor.py:836} INFO - DAG(s) dict_keys(['example_python_operator']) retrieved from /home/vscode/.local/lib/python3.10/site-packages/airflow/example_dags/example_python_operator.py
[2024-12-12T15:50:43.762+0000] {logging_mixin.py:150} INFO - [2024-12-12T15:50:43.762+0000] {dag.py:2742} INFO - Sync 1 DAGs
[2024-12-12T15:50:43.775+0000] {logging_mixin.py:150} INFO - [2024-12-12T15:50:43.775+0000] {dag.py:3504} INFO - Setting next_dagrun for example_python_operator to None, run_after=None
[2024-12-12T15:50:43.789+0000] {processor.py:179} INFO - Processing /home/vscode/.local/lib/python3.10/site-packages/airflow/example_dags/example_python_operator.py took 0.050 seconds
[2024-12-12T15:51:30.807+0000] {processor.py:157} INFO - Started process (PID=41313) to work on /home/vscode/.local/lib/python3.10/site-packages/airflow/example_dags/example_python_operator.py
[2024-12-12T15:51:30.807+0000] {processor.py:826} INFO - Processing file /home/vscode/.local/lib/python3.10/site-packages/airflow/example_dags/example_python_operator.py for tasks to queue
[2024-12-12T15:51:30.808+0000] {logging_mixin.py:150} INFO - [2024-12-12T15:51:30.808+0000] {dagbag.py:541} INFO - Filling up the DagBag from /home/vscode/.local/lib/python3.10/site-packages/airflow/example_dags/example_python_operator.py
[2024-12-12T15:51:30.815+0000] {processor.py:836} INFO - DAG(s) dict_keys(['example_python_operator']) retrieved from /home/vscode/.local/lib/python3.10/site-packages/airflow/example_dags/example_python_operator.py
[2024-12-12T15:51:30.835+0000] {logging_mixin.py:150} INFO - [2024-12-12T15:51:30.834+0000] {dag.py:2742} INFO - Sync 1 DAGs
[2024-12-12T15:51:30.853+0000] {logging_mixin.py:150} INFO - [2024-12-12T15:51:30.852+0000] {dag.py:3504} INFO - Setting next_dagrun for example_python_operator to None, run_after=None
[2024-12-12T15:51:30.866+0000] {processor.py:179} INFO - Processing /home/vscode/.local/lib/python3.10/site-packages/airflow/example_dags/example_python_operator.py took 0.062 seconds
[2024-12-12T15:52:18.027+0000] {processor.py:157} INFO - Started process (PID=41673) to work on /home/vscode/.local/lib/python3.10/site-packages/airflow/example_dags/example_python_operator.py
[2024-12-12T15:52:18.027+0000] {processor.py:826} INFO - Processing file /home/vscode/.local/lib/python3.10/site-packages/airflow/example_dags/example_python_operator.py for tasks to queue
[2024-12-12T15:52:18.028+0000] {logging_mixin.py:150} INFO - [2024-12-12T15:52:18.028+0000] {dagbag.py:541} INFO - Filling up the DagBag from /home/vscode/.local/lib/python3.10/site-packages/airflow/example_dags/example_python_operator.py
[2024-12-12T15:52:18.035+0000] {processor.py:836} INFO - DAG(s) dict_keys(['example_python_operator']) retrieved from /home/vscode/.local/lib/python3.10/site-packages/airflow/example_dags/example_python_operator.py
[2024-12-12T15:52:18.048+0000] {logging_mixin.py:150} INFO - [2024-12-12T15:52:18.048+0000] {dag.py:2742} INFO - Sync 1 DAGs
[2024-12-12T15:52:18.060+0000] {logging_mixin.py:150} INFO - [2024-12-12T15:52:18.060+0000] {dag.py:3504} INFO - Setting next_dagrun for example_python_operator to None, run_after=None
[2024-12-12T15:52:18.075+0000] {processor.py:179} INFO - Processing /home/vscode/.local/lib/python3.10/site-packages/airflow/example_dags/example_python_operator.py took 0.050 seconds
[2024-12-12T15:53:02.948+0000] {processor.py:157} INFO - Started process (PID=41980) to work on /home/vscode/.local/lib/python3.10/site-packages/airflow/example_dags/example_python_operator.py
[2024-12-12T15:53:02.948+0000] {processor.py:826} INFO - Processing file /home/vscode/.local/lib/python3.10/site-packages/airflow/example_dags/example_python_operator.py for tasks to queue
[2024-12-12T15:53:02.949+0000] {logging_mixin.py:150} INFO - [2024-12-12T15:53:02.949+0000] {dagbag.py:541} INFO - Filling up the DagBag from /home/vscode/.local/lib/python3.10/site-packages/airflow/example_dags/example_python_operator.py
[2024-12-12T15:53:02.956+0000] {processor.py:836} INFO - DAG(s) dict_keys(['example_python_operator']) retrieved from /home/vscode/.local/lib/python3.10/site-packages/airflow/example_dags/example_python_operator.py
[2024-12-12T15:53:02.969+0000] {logging_mixin.py:150} INFO - [2024-12-12T15:53:02.969+0000] {dag.py:2742} INFO - Sync 1 DAGs
[2024-12-12T15:53:02.982+0000] {logging_mixin.py:150} INFO - [2024-12-12T15:53:02.982+0000] {dag.py:3504} INFO - Setting next_dagrun for example_python_operator to None, run_after=None
[2024-12-12T15:53:02.996+0000] {processor.py:179} INFO - Processing /home/vscode/.local/lib/python3.10/site-packages/airflow/example_dags/example_python_operator.py took 0.051 seconds
[2024-12-12T15:53:44.135+0000] {processor.py:157} INFO - Started process (PID=42286) to work on /home/vscode/.local/lib/python3.10/site-packages/airflow/example_dags/example_python_operator.py
[2024-12-12T15:53:44.135+0000] {processor.py:826} INFO - Processing file /home/vscode/.local/lib/python3.10/site-packages/airflow/example_dags/example_python_operator.py for tasks to queue
[2024-12-12T15:53:44.136+0000] {logging_mixin.py:150} INFO - [2024-12-12T15:53:44.136+0000] {dagbag.py:541} INFO - Filling up the DagBag from /home/vscode/.local/lib/python3.10/site-packages/airflow/example_dags/example_python_operator.py
[2024-12-12T15:53:44.143+0000] {processor.py:836} INFO - DAG(s) dict_keys(['example_python_operator']) retrieved from /home/vscode/.local/lib/python3.10/site-packages/airflow/example_dags/example_python_operator.py
[2024-12-12T15:53:44.156+0000] {logging_mixin.py:150} INFO - [2024-12-12T15:53:44.156+0000] {dag.py:2742} INFO - Sync 1 DAGs
[2024-12-12T15:53:44.169+0000] {logging_mixin.py:150} INFO - [2024-12-12T15:53:44.169+0000] {dag.py:3504} INFO - Setting next_dagrun for example_python_operator to None, run_after=None
[2024-12-12T15:53:44.182+0000] {processor.py:179} INFO - Processing /home/vscode/.local/lib/python3.10/site-packages/airflow/example_dags/example_python_operator.py took 0.050 seconds
[2024-12-12T15:54:32.959+0000] {processor.py:157} INFO - Started process (PID=42620) to work on /home/vscode/.local/lib/python3.10/site-packages/airflow/example_dags/example_python_operator.py
[2024-12-12T15:54:32.960+0000] {processor.py:826} INFO - Processing file /home/vscode/.local/lib/python3.10/site-packages/airflow/example_dags/example_python_operator.py for tasks to queue
[2024-12-12T15:54:32.961+0000] {logging_mixin.py:150} INFO - [2024-12-12T15:54:32.960+0000] {dagbag.py:541} INFO - Filling up the DagBag from /home/vscode/.local/lib/python3.10/site-packages/airflow/example_dags/example_python_operator.py
[2024-12-12T15:54:32.968+0000] {processor.py:836} INFO - DAG(s) dict_keys(['example_python_operator']) retrieved from /home/vscode/.local/lib/python3.10/site-packages/airflow/example_dags/example_python_operator.py
[2024-12-12T15:54:32.981+0000] {logging_mixin.py:150} INFO - [2024-12-12T15:54:32.981+0000] {dag.py:2742} INFO - Sync 1 DAGs
[2024-12-12T15:54:32.995+0000] {logging_mixin.py:150} INFO - [2024-12-12T15:54:32.995+0000] {dag.py:3504} INFO - Setting next_dagrun for example_python_operator to None, run_after=None
[2024-12-12T15:54:33.009+0000] {processor.py:179} INFO - Processing /home/vscode/.local/lib/python3.10/site-packages/airflow/example_dags/example_python_operator.py took 0.051 seconds
[2024-12-12T15:55:16.848+0000] {processor.py:157} INFO - Started process (PID=42918) to work on /home/vscode/.local/lib/python3.10/site-packages/airflow/example_dags/example_python_operator.py
[2024-12-12T15:55:16.848+0000] {processor.py:826} INFO - Processing file /home/vscode/.local/lib/python3.10/site-packages/airflow/example_dags/example_python_operator.py for tasks to queue
[2024-12-12T15:55:16.849+0000] {logging_mixin.py:150} INFO - [2024-12-12T15:55:16.849+0000] {dagbag.py:541} INFO - Filling up the DagBag from /home/vscode/.local/lib/python3.10/site-packages/airflow/example_dags/example_python_operator.py
[2024-12-12T15:55:16.856+0000] {processor.py:836} INFO - DAG(s) dict_keys(['example_python_operator']) retrieved from /home/vscode/.local/lib/python3.10/site-packages/airflow/example_dags/example_python_operator.py
[2024-12-12T15:55:16.869+0000] {logging_mixin.py:150} INFO - [2024-12-12T15:55:16.869+0000] {dag.py:2742} INFO - Sync 1 DAGs
[2024-12-12T15:55:16.882+0000] {logging_mixin.py:150} INFO - [2024-12-12T15:55:16.882+0000] {dag.py:3504} INFO - Setting next_dagrun for example_python_operator to None, run_after=None
[2024-12-12T15:55:16.895+0000] {processor.py:179} INFO - Processing /home/vscode/.local/lib/python3.10/site-packages/airflow/example_dags/example_python_operator.py took 0.050 seconds
[2024-12-12T15:56:04.592+0000] {processor.py:157} INFO - Started process (PID=43243) to work on /home/vscode/.local/lib/python3.10/site-packages/airflow/example_dags/example_python_operator.py
[2024-12-12T15:56:04.593+0000] {processor.py:826} INFO - Processing file /home/vscode/.local/lib/python3.10/site-packages/airflow/example_dags/example_python_operator.py for tasks to queue
[2024-12-12T15:56:04.593+0000] {logging_mixin.py:150} INFO - [2024-12-12T15:56:04.593+0000] {dagbag.py:541} INFO - Filling up the DagBag from /home/vscode/.local/lib/python3.10/site-packages/airflow/example_dags/example_python_operator.py
[2024-12-12T15:56:04.603+0000] {processor.py:836} INFO - DAG(s) dict_keys(['example_python_operator']) retrieved from /home/vscode/.local/lib/python3.10/site-packages/airflow/example_dags/example_python_operator.py
[2024-12-12T15:56:04.617+0000] {logging_mixin.py:150} INFO - [2024-12-12T15:56:04.617+0000] {dag.py:2742} INFO - Sync 1 DAGs
[2024-12-12T15:56:04.630+0000] {logging_mixin.py:150} INFO - [2024-12-12T15:56:04.630+0000] {dag.py:3504} INFO - Setting next_dagrun for example_python_operator to None, run_after=None
[2024-12-12T15:56:04.645+0000] {processor.py:179} INFO - Processing /home/vscode/.local/lib/python3.10/site-packages/airflow/example_dags/example_python_operator.py took 0.055 seconds
[2024-12-12T15:56:47.017+0000] {processor.py:157} INFO - Started process (PID=43544) to work on /home/vscode/.local/lib/python3.10/site-packages/airflow/example_dags/example_python_operator.py
[2024-12-12T15:56:47.018+0000] {processor.py:826} INFO - Processing file /home/vscode/.local/lib/python3.10/site-packages/airflow/example_dags/example_python_operator.py for tasks to queue
[2024-12-12T15:56:47.018+0000] {logging_mixin.py:150} INFO - [2024-12-12T15:56:47.018+0000] {dagbag.py:541} INFO - Filling up the DagBag from /home/vscode/.local/lib/python3.10/site-packages/airflow/example_dags/example_python_operator.py
[2024-12-12T15:56:47.025+0000] {processor.py:836} INFO - DAG(s) dict_keys(['example_python_operator']) retrieved from /home/vscode/.local/lib/python3.10/site-packages/airflow/example_dags/example_python_operator.py
[2024-12-12T15:56:47.038+0000] {logging_mixin.py:150} INFO - [2024-12-12T15:56:47.038+0000] {dag.py:2742} INFO - Sync 1 DAGs
[2024-12-12T15:56:47.051+0000] {logging_mixin.py:150} INFO - [2024-12-12T15:56:47.051+0000] {dag.py:3504} INFO - Setting next_dagrun for example_python_operator to None, run_after=None
[2024-12-12T15:56:47.065+0000] {processor.py:179} INFO - Processing /home/vscode/.local/lib/python3.10/site-packages/airflow/example_dags/example_python_operator.py took 0.050 seconds
[2024-12-12T15:57:28.212+0000] {processor.py:157} INFO - Started process (PID=43825) to work on /home/vscode/.local/lib/python3.10/site-packages/airflow/example_dags/example_python_operator.py
[2024-12-12T15:57:28.212+0000] {processor.py:826} INFO - Processing file /home/vscode/.local/lib/python3.10/site-packages/airflow/example_dags/example_python_operator.py for tasks to queue
[2024-12-12T15:57:28.213+0000] {logging_mixin.py:150} INFO - [2024-12-12T15:57:28.213+0000] {dagbag.py:541} INFO - Filling up the DagBag from /home/vscode/.local/lib/python3.10/site-packages/airflow/example_dags/example_python_operator.py
[2024-12-12T15:57:28.223+0000] {processor.py:836} INFO - DAG(s) dict_keys(['example_python_operator']) retrieved from /home/vscode/.local/lib/python3.10/site-packages/airflow/example_dags/example_python_operator.py
[2024-12-12T15:57:28.238+0000] {logging_mixin.py:150} INFO - [2024-12-12T15:57:28.238+0000] {dag.py:2742} INFO - Sync 1 DAGs
[2024-12-12T15:57:28.251+0000] {logging_mixin.py:150} INFO - [2024-12-12T15:57:28.251+0000] {dag.py:3504} INFO - Setting next_dagrun for example_python_operator to None, run_after=None
[2024-12-12T15:57:28.264+0000] {processor.py:179} INFO - Processing /home/vscode/.local/lib/python3.10/site-packages/airflow/example_dags/example_python_operator.py took 0.055 seconds
[2024-12-12T15:58:15.684+0000] {processor.py:157} INFO - Started process (PID=44166) to work on /home/vscode/.local/lib/python3.10/site-packages/airflow/example_dags/example_python_operator.py
[2024-12-12T15:58:15.684+0000] {processor.py:826} INFO - Processing file /home/vscode/.local/lib/python3.10/site-packages/airflow/example_dags/example_python_operator.py for tasks to queue
[2024-12-12T15:58:15.685+0000] {logging_mixin.py:150} INFO - [2024-12-12T15:58:15.685+0000] {dagbag.py:541} INFO - Filling up the DagBag from /home/vscode/.local/lib/python3.10/site-packages/airflow/example_dags/example_python_operator.py
[2024-12-12T15:58:15.692+0000] {processor.py:836} INFO - DAG(s) dict_keys(['example_python_operator']) retrieved from /home/vscode/.local/lib/python3.10/site-packages/airflow/example_dags/example_python_operator.py
[2024-12-12T15:58:15.704+0000] {logging_mixin.py:150} INFO - [2024-12-12T15:58:15.704+0000] {dag.py:2742} INFO - Sync 1 DAGs
[2024-12-12T15:58:15.717+0000] {logging_mixin.py:150} INFO - [2024-12-12T15:58:15.717+0000] {dag.py:3504} INFO - Setting next_dagrun for example_python_operator to None, run_after=None
[2024-12-12T15:58:15.730+0000] {processor.py:179} INFO - Processing /home/vscode/.local/lib/python3.10/site-packages/airflow/example_dags/example_python_operator.py took 0.049 seconds
[2024-12-12T15:59:00.564+0000] {processor.py:157} INFO - Started process (PID=44548) to work on /home/vscode/.local/lib/python3.10/site-packages/airflow/example_dags/example_python_operator.py
[2024-12-12T15:59:00.565+0000] {processor.py:826} INFO - Processing file /home/vscode/.local/lib/python3.10/site-packages/airflow/example_dags/example_python_operator.py for tasks to queue
[2024-12-12T15:59:00.565+0000] {logging_mixin.py:150} INFO - [2024-12-12T15:59:00.565+0000] {dagbag.py:541} INFO - Filling up the DagBag from /home/vscode/.local/lib/python3.10/site-packages/airflow/example_dags/example_python_operator.py
[2024-12-12T15:59:00.572+0000] {processor.py:836} INFO - DAG(s) dict_keys(['example_python_operator']) retrieved from /home/vscode/.local/lib/python3.10/site-packages/airflow/example_dags/example_python_operator.py
[2024-12-12T15:59:00.585+0000] {logging_mixin.py:150} INFO - [2024-12-12T15:59:00.585+0000] {dag.py:2742} INFO - Sync 1 DAGs
[2024-12-12T15:59:00.608+0000] {logging_mixin.py:150} INFO - [2024-12-12T15:59:00.607+0000] {dag.py:3504} INFO - Setting next_dagrun for example_python_operator to None, run_after=None
[2024-12-12T15:59:00.642+0000] {processor.py:179} INFO - Processing /home/vscode/.local/lib/python3.10/site-packages/airflow/example_dags/example_python_operator.py took 0.080 seconds
[2024-12-12T15:59:39.388+0000] {processor.py:157} INFO - Started process (PID=44833) to work on /home/vscode/.local/lib/python3.10/site-packages/airflow/example_dags/example_python_operator.py
[2024-12-12T15:59:39.389+0000] {processor.py:826} INFO - Processing file /home/vscode/.local/lib/python3.10/site-packages/airflow/example_dags/example_python_operator.py for tasks to queue
[2024-12-12T15:59:39.390+0000] {logging_mixin.py:150} INFO - [2024-12-12T15:59:39.389+0000] {dagbag.py:541} INFO - Filling up the DagBag from /home/vscode/.local/lib/python3.10/site-packages/airflow/example_dags/example_python_operator.py
[2024-12-12T15:59:39.396+0000] {processor.py:836} INFO - DAG(s) dict_keys(['example_python_operator']) retrieved from /home/vscode/.local/lib/python3.10/site-packages/airflow/example_dags/example_python_operator.py
[2024-12-12T15:59:39.409+0000] {logging_mixin.py:150} INFO - [2024-12-12T15:59:39.409+0000] {dag.py:2742} INFO - Sync 1 DAGs
[2024-12-12T15:59:39.422+0000] {logging_mixin.py:150} INFO - [2024-12-12T15:59:39.422+0000] {dag.py:3504} INFO - Setting next_dagrun for example_python_operator to None, run_after=None
[2024-12-12T15:59:39.436+0000] {processor.py:179} INFO - Processing /home/vscode/.local/lib/python3.10/site-packages/airflow/example_dags/example_python_operator.py took 0.049 seconds
[2024-12-12T16:00:26.842+0000] {processor.py:157} INFO - Started process (PID=45165) to work on /home/vscode/.local/lib/python3.10/site-packages/airflow/example_dags/example_python_operator.py
[2024-12-12T16:00:26.842+0000] {processor.py:826} INFO - Processing file /home/vscode/.local/lib/python3.10/site-packages/airflow/example_dags/example_python_operator.py for tasks to queue
[2024-12-12T16:00:26.843+0000] {logging_mixin.py:150} INFO - [2024-12-12T16:00:26.843+0000] {dagbag.py:541} INFO - Filling up the DagBag from /home/vscode/.local/lib/python3.10/site-packages/airflow/example_dags/example_python_operator.py
[2024-12-12T16:00:26.850+0000] {processor.py:836} INFO - DAG(s) dict_keys(['example_python_operator']) retrieved from /home/vscode/.local/lib/python3.10/site-packages/airflow/example_dags/example_python_operator.py
[2024-12-12T16:00:26.862+0000] {logging_mixin.py:150} INFO - [2024-12-12T16:00:26.862+0000] {dag.py:2742} INFO - Sync 1 DAGs
[2024-12-12T16:00:26.876+0000] {logging_mixin.py:150} INFO - [2024-12-12T16:00:26.875+0000] {dag.py:3504} INFO - Setting next_dagrun for example_python_operator to None, run_after=None
[2024-12-12T16:00:26.893+0000] {processor.py:179} INFO - Processing /home/vscode/.local/lib/python3.10/site-packages/airflow/example_dags/example_python_operator.py took 0.054 seconds
[2024-12-12T16:01:09.912+0000] {processor.py:157} INFO - Started process (PID=45468) to work on /home/vscode/.local/lib/python3.10/site-packages/airflow/example_dags/example_python_operator.py
[2024-12-12T16:01:09.913+0000] {processor.py:826} INFO - Processing file /home/vscode/.local/lib/python3.10/site-packages/airflow/example_dags/example_python_operator.py for tasks to queue
[2024-12-12T16:01:09.914+0000] {logging_mixin.py:150} INFO - [2024-12-12T16:01:09.913+0000] {dagbag.py:541} INFO - Filling up the DagBag from /home/vscode/.local/lib/python3.10/site-packages/airflow/example_dags/example_python_operator.py
[2024-12-12T16:01:09.921+0000] {processor.py:836} INFO - DAG(s) dict_keys(['example_python_operator']) retrieved from /home/vscode/.local/lib/python3.10/site-packages/airflow/example_dags/example_python_operator.py
[2024-12-12T16:01:09.934+0000] {logging_mixin.py:150} INFO - [2024-12-12T16:01:09.934+0000] {dag.py:2742} INFO - Sync 1 DAGs
[2024-12-12T16:01:09.947+0000] {logging_mixin.py:150} INFO - [2024-12-12T16:01:09.947+0000] {dag.py:3504} INFO - Setting next_dagrun for example_python_operator to None, run_after=None
[2024-12-12T16:01:09.966+0000] {processor.py:179} INFO - Processing /home/vscode/.local/lib/python3.10/site-packages/airflow/example_dags/example_python_operator.py took 0.056 seconds
[2024-12-12T16:01:56.241+0000] {processor.py:157} INFO - Started process (PID=45804) to work on /home/vscode/.local/lib/python3.10/site-packages/airflow/example_dags/example_python_operator.py
[2024-12-12T16:01:56.241+0000] {processor.py:826} INFO - Processing file /home/vscode/.local/lib/python3.10/site-packages/airflow/example_dags/example_python_operator.py for tasks to queue
[2024-12-12T16:01:56.242+0000] {logging_mixin.py:150} INFO - [2024-12-12T16:01:56.242+0000] {dagbag.py:541} INFO - Filling up the DagBag from /home/vscode/.local/lib/python3.10/site-packages/airflow/example_dags/example_python_operator.py
[2024-12-12T16:01:56.249+0000] {processor.py:836} INFO - DAG(s) dict_keys(['example_python_operator']) retrieved from /home/vscode/.local/lib/python3.10/site-packages/airflow/example_dags/example_python_operator.py
[2024-12-12T16:01:56.263+0000] {logging_mixin.py:150} INFO - [2024-12-12T16:01:56.263+0000] {dag.py:2742} INFO - Sync 1 DAGs
[2024-12-12T16:01:56.277+0000] {logging_mixin.py:150} INFO - [2024-12-12T16:01:56.277+0000] {dag.py:3504} INFO - Setting next_dagrun for example_python_operator to None, run_after=None
[2024-12-12T16:01:56.291+0000] {processor.py:179} INFO - Processing /home/vscode/.local/lib/python3.10/site-packages/airflow/example_dags/example_python_operator.py took 0.052 seconds
[2024-12-12T16:02:37.339+0000] {processor.py:157} INFO - Started process (PID=46102) to work on /home/vscode/.local/lib/python3.10/site-packages/airflow/example_dags/example_python_operator.py
[2024-12-12T16:02:37.340+0000] {processor.py:826} INFO - Processing file /home/vscode/.local/lib/python3.10/site-packages/airflow/example_dags/example_python_operator.py for tasks to queue
[2024-12-12T16:02:37.340+0000] {logging_mixin.py:150} INFO - [2024-12-12T16:02:37.340+0000] {dagbag.py:541} INFO - Filling up the DagBag from /home/vscode/.local/lib/python3.10/site-packages/airflow/example_dags/example_python_operator.py
[2024-12-12T16:02:37.347+0000] {processor.py:836} INFO - DAG(s) dict_keys(['example_python_operator']) retrieved from /home/vscode/.local/lib/python3.10/site-packages/airflow/example_dags/example_python_operator.py
[2024-12-12T16:02:37.361+0000] {logging_mixin.py:150} INFO - [2024-12-12T16:02:37.361+0000] {dag.py:2742} INFO - Sync 1 DAGs
[2024-12-12T16:02:37.374+0000] {logging_mixin.py:150} INFO - [2024-12-12T16:02:37.374+0000] {dag.py:3504} INFO - Setting next_dagrun for example_python_operator to None, run_after=None
[2024-12-12T16:02:37.389+0000] {processor.py:179} INFO - Processing /home/vscode/.local/lib/python3.10/site-packages/airflow/example_dags/example_python_operator.py took 0.051 seconds
[2024-12-12T16:03:19.266+0000] {processor.py:157} INFO - Started process (PID=46400) to work on /home/vscode/.local/lib/python3.10/site-packages/airflow/example_dags/example_python_operator.py
[2024-12-12T16:03:19.267+0000] {processor.py:826} INFO - Processing file /home/vscode/.local/lib/python3.10/site-packages/airflow/example_dags/example_python_operator.py for tasks to queue
[2024-12-12T16:03:19.268+0000] {logging_mixin.py:150} INFO - [2024-12-12T16:03:19.268+0000] {dagbag.py:541} INFO - Filling up the DagBag from /home/vscode/.local/lib/python3.10/site-packages/airflow/example_dags/example_python_operator.py
[2024-12-12T16:03:19.277+0000] {processor.py:836} INFO - DAG(s) dict_keys(['example_python_operator']) retrieved from /home/vscode/.local/lib/python3.10/site-packages/airflow/example_dags/example_python_operator.py
[2024-12-12T16:03:19.290+0000] {logging_mixin.py:150} INFO - [2024-12-12T16:03:19.290+0000] {dag.py:2742} INFO - Sync 1 DAGs
[2024-12-12T16:03:19.303+0000] {logging_mixin.py:150} INFO - [2024-12-12T16:03:19.303+0000] {dag.py:3504} INFO - Setting next_dagrun for example_python_operator to None, run_after=None
[2024-12-12T16:03:19.316+0000] {processor.py:179} INFO - Processing /home/vscode/.local/lib/python3.10/site-packages/airflow/example_dags/example_python_operator.py took 0.060 seconds
