[2024-12-12T15:30:42.851+0000] {processor.py:157} INFO - Started process (PID=30943) to work on /home/vscode/.local/lib/python3.10/site-packages/airflow/example_dags/example_sensors.py
[2024-12-12T15:30:42.852+0000] {processor.py:826} INFO - Processing file /home/vscode/.local/lib/python3.10/site-packages/airflow/example_dags/example_sensors.py for tasks to queue
[2024-12-12T15:30:42.852+0000] {logging_mixin.py:150} INFO - [2024-12-12T15:30:42.852+0000] {dagbag.py:541} INFO - Filling up the DagBag from /home/vscode/.local/lib/python3.10/site-packages/airflow/example_dags/example_sensors.py
[2024-12-12T15:30:42.859+0000] {processor.py:836} INFO - DAG(s) dict_keys(['example_sensors']) retrieved from /home/vscode/.local/lib/python3.10/site-packages/airflow/example_dags/example_sensors.py
[2024-12-12T15:30:43.001+0000] {logging_mixin.py:150} INFO - [2024-12-12T15:30:43.000+0000] {manager.py:504} INFO - Created Permission View: can delete on DAG:example_sensors
[2024-12-12T15:30:43.007+0000] {logging_mixin.py:150} INFO - [2024-12-12T15:30:43.007+0000] {manager.py:504} INFO - Created Permission View: can read on DAG:example_sensors
[2024-12-12T15:30:43.013+0000] {logging_mixin.py:150} INFO - [2024-12-12T15:30:43.013+0000] {manager.py:504} INFO - Created Permission View: can edit on DAG:example_sensors
[2024-12-12T15:30:43.020+0000] {logging_mixin.py:150} INFO - [2024-12-12T15:30:43.020+0000] {dag.py:2742} INFO - Sync 1 DAGs
[2024-12-12T15:30:43.026+0000] {logging_mixin.py:150} INFO - [2024-12-12T15:30:43.026+0000] {dag.py:2763} INFO - Creating ORM DAG for example_sensors
[2024-12-12T15:30:43.032+0000] {logging_mixin.py:150} INFO - [2024-12-12T15:30:43.032+0000] {dag.py:3504} INFO - Setting next_dagrun for example_sensors to None, run_after=None
[2024-12-12T15:30:43.046+0000] {processor.py:179} INFO - Processing /home/vscode/.local/lib/python3.10/site-packages/airflow/example_dags/example_sensors.py took 0.197 seconds
[2024-12-12T15:31:29.330+0000] {processor.py:157} INFO - Started process (PID=31283) to work on /home/vscode/.local/lib/python3.10/site-packages/airflow/example_dags/example_sensors.py
[2024-12-12T15:31:29.330+0000] {processor.py:826} INFO - Processing file /home/vscode/.local/lib/python3.10/site-packages/airflow/example_dags/example_sensors.py for tasks to queue
[2024-12-12T15:31:29.331+0000] {logging_mixin.py:150} INFO - [2024-12-12T15:31:29.330+0000] {dagbag.py:541} INFO - Filling up the DagBag from /home/vscode/.local/lib/python3.10/site-packages/airflow/example_dags/example_sensors.py
[2024-12-12T15:31:29.338+0000] {processor.py:836} INFO - DAG(s) dict_keys(['example_sensors']) retrieved from /home/vscode/.local/lib/python3.10/site-packages/airflow/example_dags/example_sensors.py
[2024-12-12T15:31:29.351+0000] {logging_mixin.py:150} INFO - [2024-12-12T15:31:29.351+0000] {dag.py:2742} INFO - Sync 1 DAGs
[2024-12-12T15:31:29.364+0000] {logging_mixin.py:150} INFO - [2024-12-12T15:31:29.364+0000] {dag.py:3504} INFO - Setting next_dagrun for example_sensors to None, run_after=None
[2024-12-12T15:31:29.377+0000] {processor.py:179} INFO - Processing /home/vscode/.local/lib/python3.10/site-packages/airflow/example_dags/example_sensors.py took 0.050 seconds
[2024-12-12T15:32:14.826+0000] {processor.py:157} INFO - Started process (PID=31647) to work on /home/vscode/.local/lib/python3.10/site-packages/airflow/example_dags/example_sensors.py
[2024-12-12T15:32:14.826+0000] {processor.py:826} INFO - Processing file /home/vscode/.local/lib/python3.10/site-packages/airflow/example_dags/example_sensors.py for tasks to queue
[2024-12-12T15:32:14.827+0000] {logging_mixin.py:150} INFO - [2024-12-12T15:32:14.827+0000] {dagbag.py:541} INFO - Filling up the DagBag from /home/vscode/.local/lib/python3.10/site-packages/airflow/example_dags/example_sensors.py
[2024-12-12T15:32:14.834+0000] {processor.py:836} INFO - DAG(s) dict_keys(['example_sensors']) retrieved from /home/vscode/.local/lib/python3.10/site-packages/airflow/example_dags/example_sensors.py
[2024-12-12T15:32:14.848+0000] {logging_mixin.py:150} INFO - [2024-12-12T15:32:14.847+0000] {dag.py:2742} INFO - Sync 1 DAGs
[2024-12-12T15:32:14.860+0000] {logging_mixin.py:150} INFO - [2024-12-12T15:32:14.860+0000] {dag.py:3504} INFO - Setting next_dagrun for example_sensors to None, run_after=None
[2024-12-12T15:32:14.875+0000] {processor.py:179} INFO - Processing /home/vscode/.local/lib/python3.10/site-packages/airflow/example_dags/example_sensors.py took 0.052 seconds
[2024-12-12T15:32:58.803+0000] {processor.py:157} INFO - Started process (PID=31990) to work on /home/vscode/.local/lib/python3.10/site-packages/airflow/example_dags/example_sensors.py
[2024-12-12T15:32:58.804+0000] {processor.py:826} INFO - Processing file /home/vscode/.local/lib/python3.10/site-packages/airflow/example_dags/example_sensors.py for tasks to queue
[2024-12-12T15:32:58.804+0000] {logging_mixin.py:150} INFO - [2024-12-12T15:32:58.804+0000] {dagbag.py:541} INFO - Filling up the DagBag from /home/vscode/.local/lib/python3.10/site-packages/airflow/example_dags/example_sensors.py
[2024-12-12T15:32:58.811+0000] {processor.py:836} INFO - DAG(s) dict_keys(['example_sensors']) retrieved from /home/vscode/.local/lib/python3.10/site-packages/airflow/example_dags/example_sensors.py
[2024-12-12T15:32:58.825+0000] {logging_mixin.py:150} INFO - [2024-12-12T15:32:58.824+0000] {dag.py:2742} INFO - Sync 1 DAGs
[2024-12-12T15:32:58.838+0000] {logging_mixin.py:150} INFO - [2024-12-12T15:32:58.838+0000] {dag.py:3504} INFO - Setting next_dagrun for example_sensors to None, run_after=None
[2024-12-12T15:32:58.852+0000] {processor.py:179} INFO - Processing /home/vscode/.local/lib/python3.10/site-packages/airflow/example_dags/example_sensors.py took 0.051 seconds
[2024-12-12T15:33:43.752+0000] {processor.py:157} INFO - Started process (PID=32326) to work on /home/vscode/.local/lib/python3.10/site-packages/airflow/example_dags/example_sensors.py
[2024-12-12T15:33:43.753+0000] {processor.py:826} INFO - Processing file /home/vscode/.local/lib/python3.10/site-packages/airflow/example_dags/example_sensors.py for tasks to queue
[2024-12-12T15:33:43.754+0000] {logging_mixin.py:150} INFO - [2024-12-12T15:33:43.753+0000] {dagbag.py:541} INFO - Filling up the DagBag from /home/vscode/.local/lib/python3.10/site-packages/airflow/example_dags/example_sensors.py
[2024-12-12T15:33:43.760+0000] {processor.py:836} INFO - DAG(s) dict_keys(['example_sensors']) retrieved from /home/vscode/.local/lib/python3.10/site-packages/airflow/example_dags/example_sensors.py
[2024-12-12T15:33:43.773+0000] {logging_mixin.py:150} INFO - [2024-12-12T15:33:43.773+0000] {dag.py:2742} INFO - Sync 1 DAGs
[2024-12-12T15:33:43.786+0000] {logging_mixin.py:150} INFO - [2024-12-12T15:33:43.786+0000] {dag.py:3504} INFO - Setting next_dagrun for example_sensors to None, run_after=None
[2024-12-12T15:33:43.802+0000] {processor.py:179} INFO - Processing /home/vscode/.local/lib/python3.10/site-packages/airflow/example_dags/example_sensors.py took 0.052 seconds
[2024-12-12T15:34:26.080+0000] {processor.py:157} INFO - Started process (PID=32609) to work on /home/vscode/.local/lib/python3.10/site-packages/airflow/example_dags/example_sensors.py
[2024-12-12T15:34:26.080+0000] {processor.py:826} INFO - Processing file /home/vscode/.local/lib/python3.10/site-packages/airflow/example_dags/example_sensors.py for tasks to queue
[2024-12-12T15:34:26.081+0000] {logging_mixin.py:150} INFO - [2024-12-12T15:34:26.081+0000] {dagbag.py:541} INFO - Filling up the DagBag from /home/vscode/.local/lib/python3.10/site-packages/airflow/example_dags/example_sensors.py
[2024-12-12T15:34:26.088+0000] {processor.py:836} INFO - DAG(s) dict_keys(['example_sensors']) retrieved from /home/vscode/.local/lib/python3.10/site-packages/airflow/example_dags/example_sensors.py
[2024-12-12T15:34:26.101+0000] {logging_mixin.py:150} INFO - [2024-12-12T15:34:26.101+0000] {dag.py:2742} INFO - Sync 1 DAGs
[2024-12-12T15:34:26.114+0000] {logging_mixin.py:150} INFO - [2024-12-12T15:34:26.114+0000] {dag.py:3504} INFO - Setting next_dagrun for example_sensors to None, run_after=None
[2024-12-12T15:34:26.129+0000] {processor.py:179} INFO - Processing /home/vscode/.local/lib/python3.10/site-packages/airflow/example_dags/example_sensors.py took 0.052 seconds
[2024-12-12T15:35:06.977+0000] {processor.py:157} INFO - Started process (PID=32893) to work on /home/vscode/.local/lib/python3.10/site-packages/airflow/example_dags/example_sensors.py
[2024-12-12T15:35:06.978+0000] {processor.py:826} INFO - Processing file /home/vscode/.local/lib/python3.10/site-packages/airflow/example_dags/example_sensors.py for tasks to queue
[2024-12-12T15:35:06.978+0000] {logging_mixin.py:150} INFO - [2024-12-12T15:35:06.978+0000] {dagbag.py:541} INFO - Filling up the DagBag from /home/vscode/.local/lib/python3.10/site-packages/airflow/example_dags/example_sensors.py
[2024-12-12T15:35:06.985+0000] {processor.py:836} INFO - DAG(s) dict_keys(['example_sensors']) retrieved from /home/vscode/.local/lib/python3.10/site-packages/airflow/example_dags/example_sensors.py
[2024-12-12T15:35:06.998+0000] {logging_mixin.py:150} INFO - [2024-12-12T15:35:06.998+0000] {dag.py:2742} INFO - Sync 1 DAGs
[2024-12-12T15:35:07.010+0000] {logging_mixin.py:150} INFO - [2024-12-12T15:35:07.010+0000] {dag.py:3504} INFO - Setting next_dagrun for example_sensors to None, run_after=None
[2024-12-12T15:35:07.025+0000] {processor.py:179} INFO - Processing /home/vscode/.local/lib/python3.10/site-packages/airflow/example_dags/example_sensors.py took 0.050 seconds
[2024-12-12T15:35:53.795+0000] {processor.py:157} INFO - Started process (PID=33252) to work on /home/vscode/.local/lib/python3.10/site-packages/airflow/example_dags/example_sensors.py
[2024-12-12T15:35:53.796+0000] {processor.py:826} INFO - Processing file /home/vscode/.local/lib/python3.10/site-packages/airflow/example_dags/example_sensors.py for tasks to queue
[2024-12-12T15:35:53.797+0000] {logging_mixin.py:150} INFO - [2024-12-12T15:35:53.796+0000] {dagbag.py:541} INFO - Filling up the DagBag from /home/vscode/.local/lib/python3.10/site-packages/airflow/example_dags/example_sensors.py
[2024-12-12T15:35:53.803+0000] {processor.py:836} INFO - DAG(s) dict_keys(['example_sensors']) retrieved from /home/vscode/.local/lib/python3.10/site-packages/airflow/example_dags/example_sensors.py
[2024-12-12T15:35:53.817+0000] {logging_mixin.py:150} INFO - [2024-12-12T15:35:53.817+0000] {dag.py:2742} INFO - Sync 1 DAGs
[2024-12-12T15:35:53.830+0000] {logging_mixin.py:150} INFO - [2024-12-12T15:35:53.830+0000] {dag.py:3504} INFO - Setting next_dagrun for example_sensors to None, run_after=None
[2024-12-12T15:35:53.844+0000] {processor.py:179} INFO - Processing /home/vscode/.local/lib/python3.10/site-packages/airflow/example_dags/example_sensors.py took 0.051 seconds
[2024-12-12T15:36:34.428+0000] {processor.py:157} INFO - Started process (PID=33760) to work on /home/vscode/.local/lib/python3.10/site-packages/airflow/example_dags/example_sensors.py
[2024-12-12T15:36:34.429+0000] {processor.py:826} INFO - Processing file /home/vscode/.local/lib/python3.10/site-packages/airflow/example_dags/example_sensors.py for tasks to queue
[2024-12-12T15:36:34.429+0000] {logging_mixin.py:150} INFO - [2024-12-12T15:36:34.429+0000] {dagbag.py:541} INFO - Filling up the DagBag from /home/vscode/.local/lib/python3.10/site-packages/airflow/example_dags/example_sensors.py
[2024-12-12T15:36:34.436+0000] {processor.py:836} INFO - DAG(s) dict_keys(['example_sensors']) retrieved from /home/vscode/.local/lib/python3.10/site-packages/airflow/example_dags/example_sensors.py
[2024-12-12T15:36:34.449+0000] {logging_mixin.py:150} INFO - [2024-12-12T15:36:34.449+0000] {dag.py:2742} INFO - Sync 1 DAGs
[2024-12-12T15:36:34.462+0000] {logging_mixin.py:150} INFO - [2024-12-12T15:36:34.462+0000] {dag.py:3504} INFO - Setting next_dagrun for example_sensors to None, run_after=None
[2024-12-12T15:36:34.477+0000] {processor.py:179} INFO - Processing /home/vscode/.local/lib/python3.10/site-packages/airflow/example_dags/example_sensors.py took 0.050 seconds
[2024-12-12T15:37:18.418+0000] {processor.py:157} INFO - Started process (PID=34143) to work on /home/vscode/.local/lib/python3.10/site-packages/airflow/example_dags/example_sensors.py
[2024-12-12T15:37:18.419+0000] {processor.py:826} INFO - Processing file /home/vscode/.local/lib/python3.10/site-packages/airflow/example_dags/example_sensors.py for tasks to queue
[2024-12-12T15:37:18.419+0000] {logging_mixin.py:150} INFO - [2024-12-12T15:37:18.419+0000] {dagbag.py:541} INFO - Filling up the DagBag from /home/vscode/.local/lib/python3.10/site-packages/airflow/example_dags/example_sensors.py
[2024-12-12T15:37:18.438+0000] {processor.py:836} INFO - DAG(s) dict_keys(['example_sensors']) retrieved from /home/vscode/.local/lib/python3.10/site-packages/airflow/example_dags/example_sensors.py
[2024-12-12T15:37:18.460+0000] {logging_mixin.py:150} INFO - [2024-12-12T15:37:18.460+0000] {dag.py:2742} INFO - Sync 1 DAGs
[2024-12-12T15:37:18.479+0000] {logging_mixin.py:150} INFO - [2024-12-12T15:37:18.479+0000] {dag.py:3504} INFO - Setting next_dagrun for example_sensors to None, run_after=None
[2024-12-12T15:37:18.500+0000] {processor.py:179} INFO - Processing /home/vscode/.local/lib/python3.10/site-packages/airflow/example_dags/example_sensors.py took 0.084 seconds
[2024-12-12T15:38:04.759+0000] {processor.py:157} INFO - Started process (PID=34479) to work on /home/vscode/.local/lib/python3.10/site-packages/airflow/example_dags/example_sensors.py
[2024-12-12T15:38:04.759+0000] {processor.py:826} INFO - Processing file /home/vscode/.local/lib/python3.10/site-packages/airflow/example_dags/example_sensors.py for tasks to queue
[2024-12-12T15:38:04.760+0000] {logging_mixin.py:150} INFO - [2024-12-12T15:38:04.760+0000] {dagbag.py:541} INFO - Filling up the DagBag from /home/vscode/.local/lib/python3.10/site-packages/airflow/example_dags/example_sensors.py
[2024-12-12T15:38:04.767+0000] {processor.py:836} INFO - DAG(s) dict_keys(['example_sensors']) retrieved from /home/vscode/.local/lib/python3.10/site-packages/airflow/example_dags/example_sensors.py
[2024-12-12T15:38:04.780+0000] {logging_mixin.py:150} INFO - [2024-12-12T15:38:04.780+0000] {dag.py:2742} INFO - Sync 1 DAGs
[2024-12-12T15:38:04.793+0000] {logging_mixin.py:150} INFO - [2024-12-12T15:38:04.793+0000] {dag.py:3504} INFO - Setting next_dagrun for example_sensors to None, run_after=None
[2024-12-12T15:38:04.808+0000] {processor.py:179} INFO - Processing /home/vscode/.local/lib/python3.10/site-packages/airflow/example_dags/example_sensors.py took 0.052 seconds
[2024-12-12T15:38:48.146+0000] {processor.py:157} INFO - Started process (PID=34921) to work on /home/vscode/.local/lib/python3.10/site-packages/airflow/example_dags/example_sensors.py
[2024-12-12T15:38:48.147+0000] {processor.py:826} INFO - Processing file /home/vscode/.local/lib/python3.10/site-packages/airflow/example_dags/example_sensors.py for tasks to queue
[2024-12-12T15:38:48.147+0000] {logging_mixin.py:150} INFO - [2024-12-12T15:38:48.147+0000] {dagbag.py:541} INFO - Filling up the DagBag from /home/vscode/.local/lib/python3.10/site-packages/airflow/example_dags/example_sensors.py
[2024-12-12T15:38:48.154+0000] {processor.py:836} INFO - DAG(s) dict_keys(['example_sensors']) retrieved from /home/vscode/.local/lib/python3.10/site-packages/airflow/example_dags/example_sensors.py
[2024-12-12T15:38:48.168+0000] {logging_mixin.py:150} INFO - [2024-12-12T15:38:48.167+0000] {dag.py:2742} INFO - Sync 1 DAGs
[2024-12-12T15:38:48.183+0000] {logging_mixin.py:150} INFO - [2024-12-12T15:38:48.183+0000] {dag.py:3504} INFO - Setting next_dagrun for example_sensors to None, run_after=None
[2024-12-12T15:38:48.197+0000] {processor.py:179} INFO - Processing /home/vscode/.local/lib/python3.10/site-packages/airflow/example_dags/example_sensors.py took 0.053 seconds
[2024-12-12T15:39:06.886+0000] {processor.py:157} INFO - Started process (PID=35209) to work on /home/vscode/.local/lib/python3.10/site-packages/airflow/example_dags/example_sensors.py
[2024-12-12T15:39:06.887+0000] {processor.py:826} INFO - Processing file /home/vscode/.local/lib/python3.10/site-packages/airflow/example_dags/example_sensors.py for tasks to queue
[2024-12-12T15:39:06.887+0000] {logging_mixin.py:150} INFO - [2024-12-12T15:39:06.887+0000] {dagbag.py:541} INFO - Filling up the DagBag from /home/vscode/.local/lib/python3.10/site-packages/airflow/example_dags/example_sensors.py
[2024-12-12T15:39:06.894+0000] {processor.py:836} INFO - DAG(s) dict_keys(['example_sensors']) retrieved from /home/vscode/.local/lib/python3.10/site-packages/airflow/example_dags/example_sensors.py
[2024-12-12T15:39:06.996+0000] {logging_mixin.py:150} INFO - [2024-12-12T15:39:06.996+0000] {dag.py:2742} INFO - Sync 1 DAGs
[2024-12-12T15:39:07.007+0000] {logging_mixin.py:150} INFO - [2024-12-12T15:39:07.007+0000] {dag.py:3504} INFO - Setting next_dagrun for example_sensors to None, run_after=None
[2024-12-12T15:39:07.020+0000] {processor.py:179} INFO - Processing /home/vscode/.local/lib/python3.10/site-packages/airflow/example_dags/example_sensors.py took 0.136 seconds
[2024-12-12T15:39:52.166+0000] {processor.py:157} INFO - Started process (PID=35585) to work on /home/vscode/.local/lib/python3.10/site-packages/airflow/example_dags/example_sensors.py
[2024-12-12T15:39:52.167+0000] {processor.py:826} INFO - Processing file /home/vscode/.local/lib/python3.10/site-packages/airflow/example_dags/example_sensors.py for tasks to queue
[2024-12-12T15:39:52.167+0000] {logging_mixin.py:150} INFO - [2024-12-12T15:39:52.167+0000] {dagbag.py:541} INFO - Filling up the DagBag from /home/vscode/.local/lib/python3.10/site-packages/airflow/example_dags/example_sensors.py
[2024-12-12T15:39:52.174+0000] {processor.py:836} INFO - DAG(s) dict_keys(['example_sensors']) retrieved from /home/vscode/.local/lib/python3.10/site-packages/airflow/example_dags/example_sensors.py
[2024-12-12T15:39:52.188+0000] {logging_mixin.py:150} INFO - [2024-12-12T15:39:52.188+0000] {dag.py:2742} INFO - Sync 1 DAGs
[2024-12-12T15:39:52.201+0000] {logging_mixin.py:150} INFO - [2024-12-12T15:39:52.201+0000] {dag.py:3504} INFO - Setting next_dagrun for example_sensors to None, run_after=None
[2024-12-12T15:39:52.216+0000] {processor.py:179} INFO - Processing /home/vscode/.local/lib/python3.10/site-packages/airflow/example_dags/example_sensors.py took 0.052 seconds
[2024-12-12T15:40:36.699+0000] {processor.py:157} INFO - Started process (PID=36049) to work on /home/vscode/.local/lib/python3.10/site-packages/airflow/example_dags/example_sensors.py
[2024-12-12T15:40:36.699+0000] {processor.py:826} INFO - Processing file /home/vscode/.local/lib/python3.10/site-packages/airflow/example_dags/example_sensors.py for tasks to queue
[2024-12-12T15:40:36.700+0000] {logging_mixin.py:150} INFO - [2024-12-12T15:40:36.700+0000] {dagbag.py:541} INFO - Filling up the DagBag from /home/vscode/.local/lib/python3.10/site-packages/airflow/example_dags/example_sensors.py
[2024-12-12T15:40:36.707+0000] {processor.py:836} INFO - DAG(s) dict_keys(['example_sensors']) retrieved from /home/vscode/.local/lib/python3.10/site-packages/airflow/example_dags/example_sensors.py
[2024-12-12T15:40:36.721+0000] {logging_mixin.py:150} INFO - [2024-12-12T15:40:36.721+0000] {dag.py:2742} INFO - Sync 1 DAGs
[2024-12-12T15:40:36.733+0000] {logging_mixin.py:150} INFO - [2024-12-12T15:40:36.733+0000] {dag.py:3504} INFO - Setting next_dagrun for example_sensors to None, run_after=None
[2024-12-12T15:40:36.748+0000] {processor.py:179} INFO - Processing /home/vscode/.local/lib/python3.10/site-packages/airflow/example_dags/example_sensors.py took 0.051 seconds
[2024-12-12T15:41:20.782+0000] {processor.py:157} INFO - Started process (PID=36427) to work on /home/vscode/.local/lib/python3.10/site-packages/airflow/example_dags/example_sensors.py
[2024-12-12T15:41:20.783+0000] {processor.py:826} INFO - Processing file /home/vscode/.local/lib/python3.10/site-packages/airflow/example_dags/example_sensors.py for tasks to queue
[2024-12-12T15:41:20.784+0000] {logging_mixin.py:150} INFO - [2024-12-12T15:41:20.783+0000] {dagbag.py:541} INFO - Filling up the DagBag from /home/vscode/.local/lib/python3.10/site-packages/airflow/example_dags/example_sensors.py
[2024-12-12T15:41:20.790+0000] {processor.py:836} INFO - DAG(s) dict_keys(['example_sensors']) retrieved from /home/vscode/.local/lib/python3.10/site-packages/airflow/example_dags/example_sensors.py
[2024-12-12T15:41:20.806+0000] {logging_mixin.py:150} INFO - [2024-12-12T15:41:20.805+0000] {dag.py:2742} INFO - Sync 1 DAGs
[2024-12-12T15:41:20.818+0000] {logging_mixin.py:150} INFO - [2024-12-12T15:41:20.818+0000] {dag.py:3504} INFO - Setting next_dagrun for example_sensors to None, run_after=None
[2024-12-12T15:41:20.833+0000] {processor.py:179} INFO - Processing /home/vscode/.local/lib/python3.10/site-packages/airflow/example_dags/example_sensors.py took 0.053 seconds
[2024-12-12T15:42:03.895+0000] {processor.py:157} INFO - Started process (PID=36758) to work on /home/vscode/.local/lib/python3.10/site-packages/airflow/example_dags/example_sensors.py
[2024-12-12T15:42:03.895+0000] {processor.py:826} INFO - Processing file /home/vscode/.local/lib/python3.10/site-packages/airflow/example_dags/example_sensors.py for tasks to queue
[2024-12-12T15:42:03.896+0000] {logging_mixin.py:150} INFO - [2024-12-12T15:42:03.896+0000] {dagbag.py:541} INFO - Filling up the DagBag from /home/vscode/.local/lib/python3.10/site-packages/airflow/example_dags/example_sensors.py
[2024-12-12T15:42:03.903+0000] {processor.py:836} INFO - DAG(s) dict_keys(['example_sensors']) retrieved from /home/vscode/.local/lib/python3.10/site-packages/airflow/example_dags/example_sensors.py
[2024-12-12T15:42:03.916+0000] {logging_mixin.py:150} INFO - [2024-12-12T15:42:03.916+0000] {dag.py:2742} INFO - Sync 1 DAGs
[2024-12-12T15:42:03.929+0000] {logging_mixin.py:150} INFO - [2024-12-12T15:42:03.929+0000] {dag.py:3504} INFO - Setting next_dagrun for example_sensors to None, run_after=None
[2024-12-12T15:42:03.944+0000] {processor.py:179} INFO - Processing /home/vscode/.local/lib/python3.10/site-packages/airflow/example_dags/example_sensors.py took 0.051 seconds
[2024-12-12T15:42:52.564+0000] {processor.py:157} INFO - Started process (PID=37196) to work on /home/vscode/.local/lib/python3.10/site-packages/airflow/example_dags/example_sensors.py
[2024-12-12T15:42:52.564+0000] {processor.py:826} INFO - Processing file /home/vscode/.local/lib/python3.10/site-packages/airflow/example_dags/example_sensors.py for tasks to queue
[2024-12-12T15:42:52.565+0000] {logging_mixin.py:150} INFO - [2024-12-12T15:42:52.565+0000] {dagbag.py:541} INFO - Filling up the DagBag from /home/vscode/.local/lib/python3.10/site-packages/airflow/example_dags/example_sensors.py
[2024-12-12T15:42:52.571+0000] {processor.py:836} INFO - DAG(s) dict_keys(['example_sensors']) retrieved from /home/vscode/.local/lib/python3.10/site-packages/airflow/example_dags/example_sensors.py
[2024-12-12T15:42:52.585+0000] {logging_mixin.py:150} INFO - [2024-12-12T15:42:52.585+0000] {dag.py:2742} INFO - Sync 1 DAGs
[2024-12-12T15:42:52.598+0000] {logging_mixin.py:150} INFO - [2024-12-12T15:42:52.598+0000] {dag.py:3504} INFO - Setting next_dagrun for example_sensors to None, run_after=None
[2024-12-12T15:42:52.612+0000] {processor.py:179} INFO - Processing /home/vscode/.local/lib/python3.10/site-packages/airflow/example_dags/example_sensors.py took 0.050 seconds
[2024-12-12T15:43:36.106+0000] {processor.py:157} INFO - Started process (PID=37540) to work on /home/vscode/.local/lib/python3.10/site-packages/airflow/example_dags/example_sensors.py
[2024-12-12T15:43:36.107+0000] {processor.py:826} INFO - Processing file /home/vscode/.local/lib/python3.10/site-packages/airflow/example_dags/example_sensors.py for tasks to queue
[2024-12-12T15:43:36.107+0000] {logging_mixin.py:150} INFO - [2024-12-12T15:43:36.107+0000] {dagbag.py:541} INFO - Filling up the DagBag from /home/vscode/.local/lib/python3.10/site-packages/airflow/example_dags/example_sensors.py
[2024-12-12T15:43:36.114+0000] {processor.py:836} INFO - DAG(s) dict_keys(['example_sensors']) retrieved from /home/vscode/.local/lib/python3.10/site-packages/airflow/example_dags/example_sensors.py
[2024-12-12T15:43:36.127+0000] {logging_mixin.py:150} INFO - [2024-12-12T15:43:36.127+0000] {dag.py:2742} INFO - Sync 1 DAGs
[2024-12-12T15:43:36.140+0000] {logging_mixin.py:150} INFO - [2024-12-12T15:43:36.140+0000] {dag.py:3504} INFO - Setting next_dagrun for example_sensors to None, run_after=None
[2024-12-12T15:43:36.154+0000] {processor.py:179} INFO - Processing /home/vscode/.local/lib/python3.10/site-packages/airflow/example_dags/example_sensors.py took 0.050 seconds
[2024-12-12T15:44:17.774+0000] {processor.py:157} INFO - Started process (PID=37885) to work on /home/vscode/.local/lib/python3.10/site-packages/airflow/example_dags/example_sensors.py
[2024-12-12T15:44:17.774+0000] {processor.py:826} INFO - Processing file /home/vscode/.local/lib/python3.10/site-packages/airflow/example_dags/example_sensors.py for tasks to queue
[2024-12-12T15:44:17.775+0000] {logging_mixin.py:150} INFO - [2024-12-12T15:44:17.775+0000] {dagbag.py:541} INFO - Filling up the DagBag from /home/vscode/.local/lib/python3.10/site-packages/airflow/example_dags/example_sensors.py
[2024-12-12T15:44:17.782+0000] {processor.py:836} INFO - DAG(s) dict_keys(['example_sensors']) retrieved from /home/vscode/.local/lib/python3.10/site-packages/airflow/example_dags/example_sensors.py
[2024-12-12T15:44:17.795+0000] {logging_mixin.py:150} INFO - [2024-12-12T15:44:17.795+0000] {dag.py:2742} INFO - Sync 1 DAGs
[2024-12-12T15:44:17.807+0000] {logging_mixin.py:150} INFO - [2024-12-12T15:44:17.807+0000] {dag.py:3504} INFO - Setting next_dagrun for example_sensors to None, run_after=None
[2024-12-12T15:44:17.821+0000] {processor.py:179} INFO - Processing /home/vscode/.local/lib/python3.10/site-packages/airflow/example_dags/example_sensors.py took 0.049 seconds
[2024-12-12T15:45:02.802+0000] {processor.py:157} INFO - Started process (PID=38246) to work on /home/vscode/.local/lib/python3.10/site-packages/airflow/example_dags/example_sensors.py
[2024-12-12T15:45:02.803+0000] {processor.py:826} INFO - Processing file /home/vscode/.local/lib/python3.10/site-packages/airflow/example_dags/example_sensors.py for tasks to queue
[2024-12-12T15:45:02.813+0000] {logging_mixin.py:150} INFO - [2024-12-12T15:45:02.812+0000] {dagbag.py:541} INFO - Filling up the DagBag from /home/vscode/.local/lib/python3.10/site-packages/airflow/example_dags/example_sensors.py
[2024-12-12T15:45:02.839+0000] {processor.py:836} INFO - DAG(s) dict_keys(['example_sensors']) retrieved from /home/vscode/.local/lib/python3.10/site-packages/airflow/example_dags/example_sensors.py
[2024-12-12T15:45:02.855+0000] {logging_mixin.py:150} INFO - [2024-12-12T15:45:02.855+0000] {dag.py:2742} INFO - Sync 1 DAGs
[2024-12-12T15:45:02.869+0000] {logging_mixin.py:150} INFO - [2024-12-12T15:45:02.869+0000] {dag.py:3504} INFO - Setting next_dagrun for example_sensors to None, run_after=None
[2024-12-12T15:45:02.882+0000] {processor.py:179} INFO - Processing /home/vscode/.local/lib/python3.10/site-packages/airflow/example_dags/example_sensors.py took 0.083 seconds
[2024-12-12T15:45:45.747+0000] {processor.py:157} INFO - Started process (PID=38585) to work on /home/vscode/.local/lib/python3.10/site-packages/airflow/example_dags/example_sensors.py
[2024-12-12T15:45:45.748+0000] {processor.py:826} INFO - Processing file /home/vscode/.local/lib/python3.10/site-packages/airflow/example_dags/example_sensors.py for tasks to queue
[2024-12-12T15:45:45.749+0000] {logging_mixin.py:150} INFO - [2024-12-12T15:45:45.748+0000] {dagbag.py:541} INFO - Filling up the DagBag from /home/vscode/.local/lib/python3.10/site-packages/airflow/example_dags/example_sensors.py
[2024-12-12T15:45:45.755+0000] {processor.py:836} INFO - DAG(s) dict_keys(['example_sensors']) retrieved from /home/vscode/.local/lib/python3.10/site-packages/airflow/example_dags/example_sensors.py
[2024-12-12T15:45:45.770+0000] {logging_mixin.py:150} INFO - [2024-12-12T15:45:45.770+0000] {dag.py:2742} INFO - Sync 1 DAGs
[2024-12-12T15:45:45.783+0000] {logging_mixin.py:150} INFO - [2024-12-12T15:45:45.783+0000] {dag.py:3504} INFO - Setting next_dagrun for example_sensors to None, run_after=None
[2024-12-12T15:45:45.797+0000] {processor.py:179} INFO - Processing /home/vscode/.local/lib/python3.10/site-packages/airflow/example_dags/example_sensors.py took 0.052 seconds
[2024-12-12T15:46:32.240+0000] {processor.py:157} INFO - Started process (PID=38942) to work on /home/vscode/.local/lib/python3.10/site-packages/airflow/example_dags/example_sensors.py
[2024-12-12T15:46:32.241+0000] {processor.py:826} INFO - Processing file /home/vscode/.local/lib/python3.10/site-packages/airflow/example_dags/example_sensors.py for tasks to queue
[2024-12-12T15:46:32.241+0000] {logging_mixin.py:150} INFO - [2024-12-12T15:46:32.241+0000] {dagbag.py:541} INFO - Filling up the DagBag from /home/vscode/.local/lib/python3.10/site-packages/airflow/example_dags/example_sensors.py
[2024-12-12T15:46:32.248+0000] {processor.py:836} INFO - DAG(s) dict_keys(['example_sensors']) retrieved from /home/vscode/.local/lib/python3.10/site-packages/airflow/example_dags/example_sensors.py
[2024-12-12T15:46:32.262+0000] {logging_mixin.py:150} INFO - [2024-12-12T15:46:32.261+0000] {dag.py:2742} INFO - Sync 1 DAGs
[2024-12-12T15:46:32.275+0000] {logging_mixin.py:150} INFO - [2024-12-12T15:46:32.275+0000] {dag.py:3504} INFO - Setting next_dagrun for example_sensors to None, run_after=None
[2024-12-12T15:46:32.289+0000] {processor.py:179} INFO - Processing /home/vscode/.local/lib/python3.10/site-packages/airflow/example_dags/example_sensors.py took 0.051 seconds
[2024-12-12T15:47:22.446+0000] {processor.py:157} INFO - Started process (PID=39335) to work on /home/vscode/.local/lib/python3.10/site-packages/airflow/example_dags/example_sensors.py
[2024-12-12T15:47:22.447+0000] {processor.py:826} INFO - Processing file /home/vscode/.local/lib/python3.10/site-packages/airflow/example_dags/example_sensors.py for tasks to queue
[2024-12-12T15:47:22.447+0000] {logging_mixin.py:150} INFO - [2024-12-12T15:47:22.447+0000] {dagbag.py:541} INFO - Filling up the DagBag from /home/vscode/.local/lib/python3.10/site-packages/airflow/example_dags/example_sensors.py
[2024-12-12T15:47:22.454+0000] {processor.py:836} INFO - DAG(s) dict_keys(['example_sensors']) retrieved from /home/vscode/.local/lib/python3.10/site-packages/airflow/example_dags/example_sensors.py
[2024-12-12T15:47:22.467+0000] {logging_mixin.py:150} INFO - [2024-12-12T15:47:22.467+0000] {dag.py:2742} INFO - Sync 1 DAGs
[2024-12-12T15:47:22.480+0000] {logging_mixin.py:150} INFO - [2024-12-12T15:47:22.480+0000] {dag.py:3504} INFO - Setting next_dagrun for example_sensors to None, run_after=None
[2024-12-12T15:47:22.497+0000] {processor.py:179} INFO - Processing /home/vscode/.local/lib/python3.10/site-packages/airflow/example_dags/example_sensors.py took 0.053 seconds
[2024-12-12T15:48:06.401+0000] {processor.py:157} INFO - Started process (PID=39686) to work on /home/vscode/.local/lib/python3.10/site-packages/airflow/example_dags/example_sensors.py
[2024-12-12T15:48:06.401+0000] {processor.py:826} INFO - Processing file /home/vscode/.local/lib/python3.10/site-packages/airflow/example_dags/example_sensors.py for tasks to queue
[2024-12-12T15:48:06.402+0000] {logging_mixin.py:150} INFO - [2024-12-12T15:48:06.402+0000] {dagbag.py:541} INFO - Filling up the DagBag from /home/vscode/.local/lib/python3.10/site-packages/airflow/example_dags/example_sensors.py
[2024-12-12T15:48:06.408+0000] {processor.py:836} INFO - DAG(s) dict_keys(['example_sensors']) retrieved from /home/vscode/.local/lib/python3.10/site-packages/airflow/example_dags/example_sensors.py
[2024-12-12T15:48:06.422+0000] {logging_mixin.py:150} INFO - [2024-12-12T15:48:06.422+0000] {dag.py:2742} INFO - Sync 1 DAGs
[2024-12-12T15:48:06.434+0000] {logging_mixin.py:150} INFO - [2024-12-12T15:48:06.434+0000] {dag.py:3504} INFO - Setting next_dagrun for example_sensors to None, run_after=None
[2024-12-12T15:48:06.449+0000] {processor.py:179} INFO - Processing /home/vscode/.local/lib/python3.10/site-packages/airflow/example_dags/example_sensors.py took 0.050 seconds
[2024-12-12T15:48:48.781+0000] {processor.py:157} INFO - Started process (PID=40039) to work on /home/vscode/.local/lib/python3.10/site-packages/airflow/example_dags/example_sensors.py
[2024-12-12T15:48:48.782+0000] {processor.py:826} INFO - Processing file /home/vscode/.local/lib/python3.10/site-packages/airflow/example_dags/example_sensors.py for tasks to queue
[2024-12-12T15:48:48.783+0000] {logging_mixin.py:150} INFO - [2024-12-12T15:48:48.782+0000] {dagbag.py:541} INFO - Filling up the DagBag from /home/vscode/.local/lib/python3.10/site-packages/airflow/example_dags/example_sensors.py
[2024-12-12T15:48:48.789+0000] {processor.py:836} INFO - DAG(s) dict_keys(['example_sensors']) retrieved from /home/vscode/.local/lib/python3.10/site-packages/airflow/example_dags/example_sensors.py
[2024-12-12T15:48:48.803+0000] {logging_mixin.py:150} INFO - [2024-12-12T15:48:48.803+0000] {dag.py:2742} INFO - Sync 1 DAGs
[2024-12-12T15:48:48.816+0000] {logging_mixin.py:150} INFO - [2024-12-12T15:48:48.816+0000] {dag.py:3504} INFO - Setting next_dagrun for example_sensors to None, run_after=None
[2024-12-12T15:48:48.831+0000] {processor.py:179} INFO - Processing /home/vscode/.local/lib/python3.10/site-packages/airflow/example_dags/example_sensors.py took 0.051 seconds
[2024-12-12T15:49:32.549+0000] {processor.py:157} INFO - Started process (PID=40382) to work on /home/vscode/.local/lib/python3.10/site-packages/airflow/example_dags/example_sensors.py
[2024-12-12T15:49:32.550+0000] {processor.py:826} INFO - Processing file /home/vscode/.local/lib/python3.10/site-packages/airflow/example_dags/example_sensors.py for tasks to queue
[2024-12-12T15:49:32.550+0000] {logging_mixin.py:150} INFO - [2024-12-12T15:49:32.550+0000] {dagbag.py:541} INFO - Filling up the DagBag from /home/vscode/.local/lib/python3.10/site-packages/airflow/example_dags/example_sensors.py
[2024-12-12T15:49:32.558+0000] {processor.py:836} INFO - DAG(s) dict_keys(['example_sensors']) retrieved from /home/vscode/.local/lib/python3.10/site-packages/airflow/example_dags/example_sensors.py
[2024-12-12T15:49:32.572+0000] {logging_mixin.py:150} INFO - [2024-12-12T15:49:32.572+0000] {dag.py:2742} INFO - Sync 1 DAGs
[2024-12-12T15:49:32.584+0000] {logging_mixin.py:150} INFO - [2024-12-12T15:49:32.584+0000] {dag.py:3504} INFO - Setting next_dagrun for example_sensors to None, run_after=None
[2024-12-12T15:49:32.598+0000] {processor.py:179} INFO - Processing /home/vscode/.local/lib/python3.10/site-packages/airflow/example_dags/example_sensors.py took 0.051 seconds
[2024-12-12T15:50:14.794+0000] {processor.py:157} INFO - Started process (PID=40716) to work on /home/vscode/.local/lib/python3.10/site-packages/airflow/example_dags/example_sensors.py
[2024-12-12T15:50:14.794+0000] {processor.py:826} INFO - Processing file /home/vscode/.local/lib/python3.10/site-packages/airflow/example_dags/example_sensors.py for tasks to queue
[2024-12-12T15:50:14.795+0000] {logging_mixin.py:150} INFO - [2024-12-12T15:50:14.795+0000] {dagbag.py:541} INFO - Filling up the DagBag from /home/vscode/.local/lib/python3.10/site-packages/airflow/example_dags/example_sensors.py
[2024-12-12T15:50:14.805+0000] {processor.py:836} INFO - DAG(s) dict_keys(['example_sensors']) retrieved from /home/vscode/.local/lib/python3.10/site-packages/airflow/example_dags/example_sensors.py
[2024-12-12T15:50:14.832+0000] {logging_mixin.py:150} INFO - [2024-12-12T15:50:14.832+0000] {dag.py:2742} INFO - Sync 1 DAGs
[2024-12-12T15:50:14.852+0000] {logging_mixin.py:150} INFO - [2024-12-12T15:50:14.852+0000] {dag.py:3504} INFO - Setting next_dagrun for example_sensors to None, run_after=None
[2024-12-12T15:50:14.873+0000] {processor.py:179} INFO - Processing /home/vscode/.local/lib/python3.10/site-packages/airflow/example_dags/example_sensors.py took 0.087 seconds
[2024-12-12T15:50:59.278+0000] {processor.py:157} INFO - Started process (PID=41059) to work on /home/vscode/.local/lib/python3.10/site-packages/airflow/example_dags/example_sensors.py
[2024-12-12T15:50:59.278+0000] {processor.py:826} INFO - Processing file /home/vscode/.local/lib/python3.10/site-packages/airflow/example_dags/example_sensors.py for tasks to queue
[2024-12-12T15:50:59.279+0000] {logging_mixin.py:150} INFO - [2024-12-12T15:50:59.279+0000] {dagbag.py:541} INFO - Filling up the DagBag from /home/vscode/.local/lib/python3.10/site-packages/airflow/example_dags/example_sensors.py
[2024-12-12T15:50:59.285+0000] {processor.py:836} INFO - DAG(s) dict_keys(['example_sensors']) retrieved from /home/vscode/.local/lib/python3.10/site-packages/airflow/example_dags/example_sensors.py
[2024-12-12T15:50:59.299+0000] {logging_mixin.py:150} INFO - [2024-12-12T15:50:59.299+0000] {dag.py:2742} INFO - Sync 1 DAGs
[2024-12-12T15:50:59.311+0000] {logging_mixin.py:150} INFO - [2024-12-12T15:50:59.311+0000] {dag.py:3504} INFO - Setting next_dagrun for example_sensors to None, run_after=None
[2024-12-12T15:50:59.325+0000] {processor.py:179} INFO - Processing /home/vscode/.local/lib/python3.10/site-packages/airflow/example_dags/example_sensors.py took 0.049 seconds
[2024-12-12T15:51:49.816+0000] {processor.py:157} INFO - Started process (PID=41453) to work on /home/vscode/.local/lib/python3.10/site-packages/airflow/example_dags/example_sensors.py
[2024-12-12T15:51:49.816+0000] {processor.py:826} INFO - Processing file /home/vscode/.local/lib/python3.10/site-packages/airflow/example_dags/example_sensors.py for tasks to queue
[2024-12-12T15:51:49.817+0000] {logging_mixin.py:150} INFO - [2024-12-12T15:51:49.817+0000] {dagbag.py:541} INFO - Filling up the DagBag from /home/vscode/.local/lib/python3.10/site-packages/airflow/example_dags/example_sensors.py
[2024-12-12T15:51:49.824+0000] {processor.py:836} INFO - DAG(s) dict_keys(['example_sensors']) retrieved from /home/vscode/.local/lib/python3.10/site-packages/airflow/example_dags/example_sensors.py
[2024-12-12T15:51:49.837+0000] {logging_mixin.py:150} INFO - [2024-12-12T15:51:49.837+0000] {dag.py:2742} INFO - Sync 1 DAGs
[2024-12-12T15:51:49.850+0000] {logging_mixin.py:150} INFO - [2024-12-12T15:51:49.849+0000] {dag.py:3504} INFO - Setting next_dagrun for example_sensors to None, run_after=None
[2024-12-12T15:51:49.863+0000] {processor.py:179} INFO - Processing /home/vscode/.local/lib/python3.10/site-packages/airflow/example_dags/example_sensors.py took 0.050 seconds
[2024-12-12T15:52:35.701+0000] {processor.py:157} INFO - Started process (PID=41801) to work on /home/vscode/.local/lib/python3.10/site-packages/airflow/example_dags/example_sensors.py
[2024-12-12T15:52:35.701+0000] {processor.py:826} INFO - Processing file /home/vscode/.local/lib/python3.10/site-packages/airflow/example_dags/example_sensors.py for tasks to queue
[2024-12-12T15:52:35.702+0000] {logging_mixin.py:150} INFO - [2024-12-12T15:52:35.702+0000] {dagbag.py:541} INFO - Filling up the DagBag from /home/vscode/.local/lib/python3.10/site-packages/airflow/example_dags/example_sensors.py
[2024-12-12T15:52:35.708+0000] {processor.py:836} INFO - DAG(s) dict_keys(['example_sensors']) retrieved from /home/vscode/.local/lib/python3.10/site-packages/airflow/example_dags/example_sensors.py
[2024-12-12T15:52:35.722+0000] {logging_mixin.py:150} INFO - [2024-12-12T15:52:35.722+0000] {dag.py:2742} INFO - Sync 1 DAGs
[2024-12-12T15:52:35.735+0000] {logging_mixin.py:150} INFO - [2024-12-12T15:52:35.735+0000] {dag.py:3504} INFO - Setting next_dagrun for example_sensors to None, run_after=None
[2024-12-12T15:52:35.757+0000] {processor.py:179} INFO - Processing /home/vscode/.local/lib/python3.10/site-packages/airflow/example_dags/example_sensors.py took 0.059 seconds
[2024-12-12T15:53:18.290+0000] {processor.py:157} INFO - Started process (PID=42086) to work on /home/vscode/.local/lib/python3.10/site-packages/airflow/example_dags/example_sensors.py
[2024-12-12T15:53:18.291+0000] {processor.py:826} INFO - Processing file /home/vscode/.local/lib/python3.10/site-packages/airflow/example_dags/example_sensors.py for tasks to queue
[2024-12-12T15:53:18.291+0000] {logging_mixin.py:150} INFO - [2024-12-12T15:53:18.291+0000] {dagbag.py:541} INFO - Filling up the DagBag from /home/vscode/.local/lib/python3.10/site-packages/airflow/example_dags/example_sensors.py
[2024-12-12T15:53:18.298+0000] {processor.py:836} INFO - DAG(s) dict_keys(['example_sensors']) retrieved from /home/vscode/.local/lib/python3.10/site-packages/airflow/example_dags/example_sensors.py
[2024-12-12T15:53:18.313+0000] {logging_mixin.py:150} INFO - [2024-12-12T15:53:18.313+0000] {dag.py:2742} INFO - Sync 1 DAGs
[2024-12-12T15:53:18.326+0000] {logging_mixin.py:150} INFO - [2024-12-12T15:53:18.326+0000] {dag.py:3504} INFO - Setting next_dagrun for example_sensors to None, run_after=None
[2024-12-12T15:53:18.340+0000] {processor.py:179} INFO - Processing /home/vscode/.local/lib/python3.10/site-packages/airflow/example_dags/example_sensors.py took 0.053 seconds
[2024-12-12T15:54:00.680+0000] {processor.py:157} INFO - Started process (PID=42397) to work on /home/vscode/.local/lib/python3.10/site-packages/airflow/example_dags/example_sensors.py
[2024-12-12T15:54:00.681+0000] {processor.py:826} INFO - Processing file /home/vscode/.local/lib/python3.10/site-packages/airflow/example_dags/example_sensors.py for tasks to queue
[2024-12-12T15:54:00.681+0000] {logging_mixin.py:150} INFO - [2024-12-12T15:54:00.681+0000] {dagbag.py:541} INFO - Filling up the DagBag from /home/vscode/.local/lib/python3.10/site-packages/airflow/example_dags/example_sensors.py
[2024-12-12T15:54:00.688+0000] {processor.py:836} INFO - DAG(s) dict_keys(['example_sensors']) retrieved from /home/vscode/.local/lib/python3.10/site-packages/airflow/example_dags/example_sensors.py
[2024-12-12T15:54:00.701+0000] {logging_mixin.py:150} INFO - [2024-12-12T15:54:00.701+0000] {dag.py:2742} INFO - Sync 1 DAGs
[2024-12-12T15:54:00.714+0000] {logging_mixin.py:150} INFO - [2024-12-12T15:54:00.714+0000] {dag.py:3504} INFO - Setting next_dagrun for example_sensors to None, run_after=None
[2024-12-12T15:54:00.729+0000] {processor.py:179} INFO - Processing /home/vscode/.local/lib/python3.10/site-packages/airflow/example_dags/example_sensors.py took 0.051 seconds
[2024-12-12T15:54:46.777+0000] {processor.py:157} INFO - Started process (PID=42720) to work on /home/vscode/.local/lib/python3.10/site-packages/airflow/example_dags/example_sensors.py
[2024-12-12T15:54:46.778+0000] {processor.py:826} INFO - Processing file /home/vscode/.local/lib/python3.10/site-packages/airflow/example_dags/example_sensors.py for tasks to queue
[2024-12-12T15:54:46.779+0000] {logging_mixin.py:150} INFO - [2024-12-12T15:54:46.778+0000] {dagbag.py:541} INFO - Filling up the DagBag from /home/vscode/.local/lib/python3.10/site-packages/airflow/example_dags/example_sensors.py
[2024-12-12T15:54:46.788+0000] {processor.py:836} INFO - DAG(s) dict_keys(['example_sensors']) retrieved from /home/vscode/.local/lib/python3.10/site-packages/airflow/example_dags/example_sensors.py
[2024-12-12T15:54:46.804+0000] {logging_mixin.py:150} INFO - [2024-12-12T15:54:46.804+0000] {dag.py:2742} INFO - Sync 1 DAGs
[2024-12-12T15:54:46.818+0000] {logging_mixin.py:150} INFO - [2024-12-12T15:54:46.818+0000] {dag.py:3504} INFO - Setting next_dagrun for example_sensors to None, run_after=None
[2024-12-12T15:54:46.832+0000] {processor.py:179} INFO - Processing /home/vscode/.local/lib/python3.10/site-packages/airflow/example_dags/example_sensors.py took 0.058 seconds
[2024-12-12T15:55:32.899+0000] {processor.py:157} INFO - Started process (PID=43023) to work on /home/vscode/.local/lib/python3.10/site-packages/airflow/example_dags/example_sensors.py
[2024-12-12T15:55:32.900+0000] {processor.py:826} INFO - Processing file /home/vscode/.local/lib/python3.10/site-packages/airflow/example_dags/example_sensors.py for tasks to queue
[2024-12-12T15:55:32.900+0000] {logging_mixin.py:150} INFO - [2024-12-12T15:55:32.900+0000] {dagbag.py:541} INFO - Filling up the DagBag from /home/vscode/.local/lib/python3.10/site-packages/airflow/example_dags/example_sensors.py
[2024-12-12T15:55:32.907+0000] {processor.py:836} INFO - DAG(s) dict_keys(['example_sensors']) retrieved from /home/vscode/.local/lib/python3.10/site-packages/airflow/example_dags/example_sensors.py
[2024-12-12T15:55:32.921+0000] {logging_mixin.py:150} INFO - [2024-12-12T15:55:32.920+0000] {dag.py:2742} INFO - Sync 1 DAGs
[2024-12-12T15:55:32.934+0000] {logging_mixin.py:150} INFO - [2024-12-12T15:55:32.934+0000] {dag.py:3504} INFO - Setting next_dagrun for example_sensors to None, run_after=None
[2024-12-12T15:55:32.949+0000] {processor.py:179} INFO - Processing /home/vscode/.local/lib/python3.10/site-packages/airflow/example_dags/example_sensors.py took 0.052 seconds
[2024-12-12T15:56:19.059+0000] {processor.py:157} INFO - Started process (PID=43347) to work on /home/vscode/.local/lib/python3.10/site-packages/airflow/example_dags/example_sensors.py
[2024-12-12T15:56:19.060+0000] {processor.py:826} INFO - Processing file /home/vscode/.local/lib/python3.10/site-packages/airflow/example_dags/example_sensors.py for tasks to queue
[2024-12-12T15:56:19.060+0000] {logging_mixin.py:150} INFO - [2024-12-12T15:56:19.060+0000] {dagbag.py:541} INFO - Filling up the DagBag from /home/vscode/.local/lib/python3.10/site-packages/airflow/example_dags/example_sensors.py
[2024-12-12T15:56:19.067+0000] {processor.py:836} INFO - DAG(s) dict_keys(['example_sensors']) retrieved from /home/vscode/.local/lib/python3.10/site-packages/airflow/example_dags/example_sensors.py
[2024-12-12T15:56:19.081+0000] {logging_mixin.py:150} INFO - [2024-12-12T15:56:19.081+0000] {dag.py:2742} INFO - Sync 1 DAGs
[2024-12-12T15:56:19.094+0000] {logging_mixin.py:150} INFO - [2024-12-12T15:56:19.093+0000] {dag.py:3504} INFO - Setting next_dagrun for example_sensors to None, run_after=None
[2024-12-12T15:56:19.108+0000] {processor.py:179} INFO - Processing /home/vscode/.local/lib/python3.10/site-packages/airflow/example_dags/example_sensors.py took 0.051 seconds
[2024-12-12T15:56:57.293+0000] {processor.py:157} INFO - Started process (PID=43614) to work on /home/vscode/.local/lib/python3.10/site-packages/airflow/example_dags/example_sensors.py
[2024-12-12T15:56:57.293+0000] {processor.py:826} INFO - Processing file /home/vscode/.local/lib/python3.10/site-packages/airflow/example_dags/example_sensors.py for tasks to queue
[2024-12-12T15:56:57.294+0000] {logging_mixin.py:150} INFO - [2024-12-12T15:56:57.294+0000] {dagbag.py:541} INFO - Filling up the DagBag from /home/vscode/.local/lib/python3.10/site-packages/airflow/example_dags/example_sensors.py
[2024-12-12T15:56:57.300+0000] {processor.py:836} INFO - DAG(s) dict_keys(['example_sensors']) retrieved from /home/vscode/.local/lib/python3.10/site-packages/airflow/example_dags/example_sensors.py
[2024-12-12T15:56:57.314+0000] {logging_mixin.py:150} INFO - [2024-12-12T15:56:57.314+0000] {dag.py:2742} INFO - Sync 1 DAGs
[2024-12-12T15:56:57.327+0000] {logging_mixin.py:150} INFO - [2024-12-12T15:56:57.327+0000] {dag.py:3504} INFO - Setting next_dagrun for example_sensors to None, run_after=None
[2024-12-12T15:56:57.341+0000] {processor.py:179} INFO - Processing /home/vscode/.local/lib/python3.10/site-packages/airflow/example_dags/example_sensors.py took 0.050 seconds
[2024-12-12T15:57:42.489+0000] {processor.py:157} INFO - Started process (PID=43917) to work on /home/vscode/.local/lib/python3.10/site-packages/airflow/example_dags/example_sensors.py
[2024-12-12T15:57:42.490+0000] {processor.py:826} INFO - Processing file /home/vscode/.local/lib/python3.10/site-packages/airflow/example_dags/example_sensors.py for tasks to queue
[2024-12-12T15:57:42.491+0000] {logging_mixin.py:150} INFO - [2024-12-12T15:57:42.490+0000] {dagbag.py:541} INFO - Filling up the DagBag from /home/vscode/.local/lib/python3.10/site-packages/airflow/example_dags/example_sensors.py
[2024-12-12T15:57:42.497+0000] {processor.py:836} INFO - DAG(s) dict_keys(['example_sensors']) retrieved from /home/vscode/.local/lib/python3.10/site-packages/airflow/example_dags/example_sensors.py
[2024-12-12T15:57:42.510+0000] {logging_mixin.py:150} INFO - [2024-12-12T15:57:42.510+0000] {dag.py:2742} INFO - Sync 1 DAGs
[2024-12-12T15:57:42.523+0000] {logging_mixin.py:150} INFO - [2024-12-12T15:57:42.523+0000] {dag.py:3504} INFO - Setting next_dagrun for example_sensors to None, run_after=None
[2024-12-12T15:57:42.536+0000] {processor.py:179} INFO - Processing /home/vscode/.local/lib/python3.10/site-packages/airflow/example_dags/example_sensors.py took 0.049 seconds
[2024-12-12T15:58:30.909+0000] {processor.py:157} INFO - Started process (PID=44286) to work on /home/vscode/.local/lib/python3.10/site-packages/airflow/example_dags/example_sensors.py
[2024-12-12T15:58:30.910+0000] {processor.py:826} INFO - Processing file /home/vscode/.local/lib/python3.10/site-packages/airflow/example_dags/example_sensors.py for tasks to queue
[2024-12-12T15:58:30.911+0000] {logging_mixin.py:150} INFO - [2024-12-12T15:58:30.910+0000] {dagbag.py:541} INFO - Filling up the DagBag from /home/vscode/.local/lib/python3.10/site-packages/airflow/example_dags/example_sensors.py
[2024-12-12T15:58:30.923+0000] {processor.py:836} INFO - DAG(s) dict_keys(['example_sensors']) retrieved from /home/vscode/.local/lib/python3.10/site-packages/airflow/example_dags/example_sensors.py
[2024-12-12T15:58:30.945+0000] {logging_mixin.py:150} INFO - [2024-12-12T15:58:30.944+0000] {dag.py:2742} INFO - Sync 1 DAGs
[2024-12-12T15:58:30.962+0000] {logging_mixin.py:150} INFO - [2024-12-12T15:58:30.962+0000] {dag.py:3504} INFO - Setting next_dagrun for example_sensors to None, run_after=None
[2024-12-12T15:58:30.979+0000] {processor.py:179} INFO - Processing /home/vscode/.local/lib/python3.10/site-packages/airflow/example_dags/example_sensors.py took 0.075 seconds
[2024-12-12T15:59:13.707+0000] {processor.py:157} INFO - Started process (PID=44642) to work on /home/vscode/.local/lib/python3.10/site-packages/airflow/example_dags/example_sensors.py
[2024-12-12T15:59:13.708+0000] {processor.py:826} INFO - Processing file /home/vscode/.local/lib/python3.10/site-packages/airflow/example_dags/example_sensors.py for tasks to queue
[2024-12-12T15:59:13.708+0000] {logging_mixin.py:150} INFO - [2024-12-12T15:59:13.708+0000] {dagbag.py:541} INFO - Filling up the DagBag from /home/vscode/.local/lib/python3.10/site-packages/airflow/example_dags/example_sensors.py
[2024-12-12T15:59:13.715+0000] {processor.py:836} INFO - DAG(s) dict_keys(['example_sensors']) retrieved from /home/vscode/.local/lib/python3.10/site-packages/airflow/example_dags/example_sensors.py
[2024-12-12T15:59:13.729+0000] {logging_mixin.py:150} INFO - [2024-12-12T15:59:13.728+0000] {dag.py:2742} INFO - Sync 1 DAGs
[2024-12-12T15:59:13.742+0000] {logging_mixin.py:150} INFO - [2024-12-12T15:59:13.742+0000] {dag.py:3504} INFO - Setting next_dagrun for example_sensors to None, run_after=None
[2024-12-12T15:59:13.759+0000] {processor.py:179} INFO - Processing /home/vscode/.local/lib/python3.10/site-packages/airflow/example_dags/example_sensors.py took 0.054 seconds
[2024-12-12T15:59:53.644+0000] {processor.py:157} INFO - Started process (PID=44924) to work on /home/vscode/.local/lib/python3.10/site-packages/airflow/example_dags/example_sensors.py
[2024-12-12T15:59:53.644+0000] {processor.py:826} INFO - Processing file /home/vscode/.local/lib/python3.10/site-packages/airflow/example_dags/example_sensors.py for tasks to queue
[2024-12-12T15:59:53.645+0000] {logging_mixin.py:150} INFO - [2024-12-12T15:59:53.645+0000] {dagbag.py:541} INFO - Filling up the DagBag from /home/vscode/.local/lib/python3.10/site-packages/airflow/example_dags/example_sensors.py
[2024-12-12T15:59:53.652+0000] {processor.py:836} INFO - DAG(s) dict_keys(['example_sensors']) retrieved from /home/vscode/.local/lib/python3.10/site-packages/airflow/example_dags/example_sensors.py
[2024-12-12T15:59:53.665+0000] {logging_mixin.py:150} INFO - [2024-12-12T15:59:53.665+0000] {dag.py:2742} INFO - Sync 1 DAGs
[2024-12-12T15:59:53.677+0000] {logging_mixin.py:150} INFO - [2024-12-12T15:59:53.677+0000] {dag.py:3504} INFO - Setting next_dagrun for example_sensors to None, run_after=None
[2024-12-12T15:59:53.690+0000] {processor.py:179} INFO - Processing /home/vscode/.local/lib/python3.10/site-packages/airflow/example_dags/example_sensors.py took 0.049 seconds
[2024-12-12T16:00:41.111+0000] {processor.py:157} INFO - Started process (PID=45271) to work on /home/vscode/.local/lib/python3.10/site-packages/airflow/example_dags/example_sensors.py
[2024-12-12T16:00:41.111+0000] {processor.py:826} INFO - Processing file /home/vscode/.local/lib/python3.10/site-packages/airflow/example_dags/example_sensors.py for tasks to queue
[2024-12-12T16:00:41.112+0000] {logging_mixin.py:150} INFO - [2024-12-12T16:00:41.111+0000] {dagbag.py:541} INFO - Filling up the DagBag from /home/vscode/.local/lib/python3.10/site-packages/airflow/example_dags/example_sensors.py
[2024-12-12T16:00:41.118+0000] {processor.py:836} INFO - DAG(s) dict_keys(['example_sensors']) retrieved from /home/vscode/.local/lib/python3.10/site-packages/airflow/example_dags/example_sensors.py
[2024-12-12T16:00:41.132+0000] {logging_mixin.py:150} INFO - [2024-12-12T16:00:41.132+0000] {dag.py:2742} INFO - Sync 1 DAGs
[2024-12-12T16:00:41.144+0000] {logging_mixin.py:150} INFO - [2024-12-12T16:00:41.144+0000] {dag.py:3504} INFO - Setting next_dagrun for example_sensors to None, run_after=None
[2024-12-12T16:00:41.159+0000] {processor.py:179} INFO - Processing /home/vscode/.local/lib/python3.10/site-packages/airflow/example_dags/example_sensors.py took 0.050 seconds
[2024-12-12T16:01:25.524+0000] {processor.py:157} INFO - Started process (PID=45573) to work on /home/vscode/.local/lib/python3.10/site-packages/airflow/example_dags/example_sensors.py
[2024-12-12T16:01:25.525+0000] {processor.py:826} INFO - Processing file /home/vscode/.local/lib/python3.10/site-packages/airflow/example_dags/example_sensors.py for tasks to queue
[2024-12-12T16:01:25.525+0000] {logging_mixin.py:150} INFO - [2024-12-12T16:01:25.525+0000] {dagbag.py:541} INFO - Filling up the DagBag from /home/vscode/.local/lib/python3.10/site-packages/airflow/example_dags/example_sensors.py
[2024-12-12T16:01:25.532+0000] {processor.py:836} INFO - DAG(s) dict_keys(['example_sensors']) retrieved from /home/vscode/.local/lib/python3.10/site-packages/airflow/example_dags/example_sensors.py
[2024-12-12T16:01:25.547+0000] {logging_mixin.py:150} INFO - [2024-12-12T16:01:25.547+0000] {dag.py:2742} INFO - Sync 1 DAGs
[2024-12-12T16:01:25.562+0000] {logging_mixin.py:150} INFO - [2024-12-12T16:01:25.562+0000] {dag.py:3504} INFO - Setting next_dagrun for example_sensors to None, run_after=None
[2024-12-12T16:01:25.577+0000] {processor.py:179} INFO - Processing /home/vscode/.local/lib/python3.10/site-packages/airflow/example_dags/example_sensors.py took 0.055 seconds
[2024-12-12T16:02:08.252+0000] {processor.py:157} INFO - Started process (PID=45894) to work on /home/vscode/.local/lib/python3.10/site-packages/airflow/example_dags/example_sensors.py
[2024-12-12T16:02:08.252+0000] {processor.py:826} INFO - Processing file /home/vscode/.local/lib/python3.10/site-packages/airflow/example_dags/example_sensors.py for tasks to queue
[2024-12-12T16:02:08.253+0000] {logging_mixin.py:150} INFO - [2024-12-12T16:02:08.253+0000] {dagbag.py:541} INFO - Filling up the DagBag from /home/vscode/.local/lib/python3.10/site-packages/airflow/example_dags/example_sensors.py
[2024-12-12T16:02:08.259+0000] {processor.py:836} INFO - DAG(s) dict_keys(['example_sensors']) retrieved from /home/vscode/.local/lib/python3.10/site-packages/airflow/example_dags/example_sensors.py
[2024-12-12T16:02:08.273+0000] {logging_mixin.py:150} INFO - [2024-12-12T16:02:08.273+0000] {dag.py:2742} INFO - Sync 1 DAGs
[2024-12-12T16:02:08.286+0000] {logging_mixin.py:150} INFO - [2024-12-12T16:02:08.286+0000] {dag.py:3504} INFO - Setting next_dagrun for example_sensors to None, run_after=None
[2024-12-12T16:02:08.301+0000] {processor.py:179} INFO - Processing /home/vscode/.local/lib/python3.10/site-packages/airflow/example_dags/example_sensors.py took 0.051 seconds
[2024-12-12T16:02:49.356+0000] {processor.py:157} INFO - Started process (PID=46191) to work on /home/vscode/.local/lib/python3.10/site-packages/airflow/example_dags/example_sensors.py
[2024-12-12T16:02:49.356+0000] {processor.py:826} INFO - Processing file /home/vscode/.local/lib/python3.10/site-packages/airflow/example_dags/example_sensors.py for tasks to queue
[2024-12-12T16:02:49.357+0000] {logging_mixin.py:150} INFO - [2024-12-12T16:02:49.357+0000] {dagbag.py:541} INFO - Filling up the DagBag from /home/vscode/.local/lib/python3.10/site-packages/airflow/example_dags/example_sensors.py
[2024-12-12T16:02:49.364+0000] {processor.py:836} INFO - DAG(s) dict_keys(['example_sensors']) retrieved from /home/vscode/.local/lib/python3.10/site-packages/airflow/example_dags/example_sensors.py
[2024-12-12T16:02:49.378+0000] {logging_mixin.py:150} INFO - [2024-12-12T16:02:49.378+0000] {dag.py:2742} INFO - Sync 1 DAGs
[2024-12-12T16:02:49.391+0000] {logging_mixin.py:150} INFO - [2024-12-12T16:02:49.391+0000] {dag.py:3504} INFO - Setting next_dagrun for example_sensors to None, run_after=None
[2024-12-12T16:02:49.406+0000] {processor.py:179} INFO - Processing /home/vscode/.local/lib/python3.10/site-packages/airflow/example_dags/example_sensors.py took 0.053 seconds
[2024-12-12T16:03:34.982+0000] {processor.py:157} INFO - Started process (PID=46522) to work on /home/vscode/.local/lib/python3.10/site-packages/airflow/example_dags/example_sensors.py
[2024-12-12T16:03:34.983+0000] {processor.py:826} INFO - Processing file /home/vscode/.local/lib/python3.10/site-packages/airflow/example_dags/example_sensors.py for tasks to queue
[2024-12-12T16:03:34.983+0000] {logging_mixin.py:150} INFO - [2024-12-12T16:03:34.983+0000] {dagbag.py:541} INFO - Filling up the DagBag from /home/vscode/.local/lib/python3.10/site-packages/airflow/example_dags/example_sensors.py
[2024-12-12T16:03:34.990+0000] {processor.py:836} INFO - DAG(s) dict_keys(['example_sensors']) retrieved from /home/vscode/.local/lib/python3.10/site-packages/airflow/example_dags/example_sensors.py
[2024-12-12T16:03:35.003+0000] {logging_mixin.py:150} INFO - [2024-12-12T16:03:35.003+0000] {dag.py:2742} INFO - Sync 1 DAGs
[2024-12-12T16:03:35.016+0000] {logging_mixin.py:150} INFO - [2024-12-12T16:03:35.016+0000] {dag.py:3504} INFO - Setting next_dagrun for example_sensors to None, run_after=None
[2024-12-12T16:03:35.031+0000] {processor.py:179} INFO - Processing /home/vscode/.local/lib/python3.10/site-packages/airflow/example_dags/example_sensors.py took 0.051 seconds
