[2024-12-12T15:30:36.389+0000] {processor.py:157} INFO - Started process (PID=30906) to work on /home/vscode/.local/lib/python3.10/site-packages/airflow/example_dags/example_short_circuit_operator.py
[2024-12-12T15:30:36.389+0000] {processor.py:826} INFO - Processing file /home/vscode/.local/lib/python3.10/site-packages/airflow/example_dags/example_short_circuit_operator.py for tasks to queue
[2024-12-12T15:30:36.390+0000] {logging_mixin.py:150} INFO - [2024-12-12T15:30:36.390+0000] {dagbag.py:541} INFO - Filling up the DagBag from /home/vscode/.local/lib/python3.10/site-packages/airflow/example_dags/example_short_circuit_operator.py
[2024-12-12T15:30:36.395+0000] {processor.py:836} INFO - DAG(s) dict_keys(['example_short_circuit_operator']) retrieved from /home/vscode/.local/lib/python3.10/site-packages/airflow/example_dags/example_short_circuit_operator.py
[2024-12-12T15:30:36.542+0000] {logging_mixin.py:150} INFO - [2024-12-12T15:30:36.542+0000] {manager.py:504} INFO - Created Permission View: can delete on DAG:example_short_circuit_operator
[2024-12-12T15:30:36.549+0000] {logging_mixin.py:150} INFO - [2024-12-12T15:30:36.549+0000] {manager.py:504} INFO - Created Permission View: can read on DAG:example_short_circuit_operator
[2024-12-12T15:30:36.555+0000] {logging_mixin.py:150} INFO - [2024-12-12T15:30:36.554+0000] {manager.py:504} INFO - Created Permission View: can edit on DAG:example_short_circuit_operator
[2024-12-12T15:30:36.562+0000] {logging_mixin.py:150} INFO - [2024-12-12T15:30:36.562+0000] {dag.py:2742} INFO - Sync 1 DAGs
[2024-12-12T15:30:36.568+0000] {logging_mixin.py:150} INFO - [2024-12-12T15:30:36.568+0000] {dag.py:2763} INFO - Creating ORM DAG for example_short_circuit_operator
[2024-12-12T15:30:36.573+0000] {logging_mixin.py:150} INFO - [2024-12-12T15:30:36.573+0000] {dag.py:3504} INFO - Setting next_dagrun for example_short_circuit_operator to 2024-12-11T15:30:36.573731+00:00, run_after=2024-12-12T15:30:36.573731+00:00
[2024-12-12T15:30:36.588+0000] {processor.py:179} INFO - Processing /home/vscode/.local/lib/python3.10/site-packages/airflow/example_dags/example_short_circuit_operator.py took 0.201 seconds
[2024-12-12T15:31:22.563+0000] {processor.py:157} INFO - Started process (PID=31232) to work on /home/vscode/.local/lib/python3.10/site-packages/airflow/example_dags/example_short_circuit_operator.py
[2024-12-12T15:31:22.564+0000] {processor.py:826} INFO - Processing file /home/vscode/.local/lib/python3.10/site-packages/airflow/example_dags/example_short_circuit_operator.py for tasks to queue
[2024-12-12T15:31:22.565+0000] {logging_mixin.py:150} INFO - [2024-12-12T15:31:22.564+0000] {dagbag.py:541} INFO - Filling up the DagBag from /home/vscode/.local/lib/python3.10/site-packages/airflow/example_dags/example_short_circuit_operator.py
[2024-12-12T15:31:22.570+0000] {processor.py:836} INFO - DAG(s) dict_keys(['example_short_circuit_operator']) retrieved from /home/vscode/.local/lib/python3.10/site-packages/airflow/example_dags/example_short_circuit_operator.py
[2024-12-12T15:31:22.582+0000] {logging_mixin.py:150} INFO - [2024-12-12T15:31:22.582+0000] {dag.py:2742} INFO - Sync 1 DAGs
[2024-12-12T15:31:22.596+0000] {logging_mixin.py:150} INFO - [2024-12-12T15:31:22.596+0000] {dag.py:3504} INFO - Setting next_dagrun for example_short_circuit_operator to 2024-12-11T15:31:22.596142+00:00, run_after=2024-12-12T15:31:22.596142+00:00
[2024-12-12T15:31:22.610+0000] {processor.py:179} INFO - Processing /home/vscode/.local/lib/python3.10/site-packages/airflow/example_dags/example_short_circuit_operator.py took 0.049 seconds
[2024-12-12T15:32:07.425+0000] {processor.py:157} INFO - Started process (PID=31602) to work on /home/vscode/.local/lib/python3.10/site-packages/airflow/example_dags/example_short_circuit_operator.py
[2024-12-12T15:32:07.426+0000] {processor.py:826} INFO - Processing file /home/vscode/.local/lib/python3.10/site-packages/airflow/example_dags/example_short_circuit_operator.py for tasks to queue
[2024-12-12T15:32:07.426+0000] {logging_mixin.py:150} INFO - [2024-12-12T15:32:07.426+0000] {dagbag.py:541} INFO - Filling up the DagBag from /home/vscode/.local/lib/python3.10/site-packages/airflow/example_dags/example_short_circuit_operator.py
[2024-12-12T15:32:07.432+0000] {processor.py:836} INFO - DAG(s) dict_keys(['example_short_circuit_operator']) retrieved from /home/vscode/.local/lib/python3.10/site-packages/airflow/example_dags/example_short_circuit_operator.py
[2024-12-12T15:32:07.445+0000] {logging_mixin.py:150} INFO - [2024-12-12T15:32:07.444+0000] {dag.py:2742} INFO - Sync 1 DAGs
[2024-12-12T15:32:07.457+0000] {logging_mixin.py:150} INFO - [2024-12-12T15:32:07.457+0000] {dag.py:3504} INFO - Setting next_dagrun for example_short_circuit_operator to 2024-12-11T15:32:07.457499+00:00, run_after=2024-12-12T15:32:07.457499+00:00
[2024-12-12T15:32:07.471+0000] {processor.py:179} INFO - Processing /home/vscode/.local/lib/python3.10/site-packages/airflow/example_dags/example_short_circuit_operator.py took 0.048 seconds
[2024-12-12T15:32:51.397+0000] {processor.py:157} INFO - Started process (PID=31934) to work on /home/vscode/.local/lib/python3.10/site-packages/airflow/example_dags/example_short_circuit_operator.py
[2024-12-12T15:32:51.397+0000] {processor.py:826} INFO - Processing file /home/vscode/.local/lib/python3.10/site-packages/airflow/example_dags/example_short_circuit_operator.py for tasks to queue
[2024-12-12T15:32:51.398+0000] {logging_mixin.py:150} INFO - [2024-12-12T15:32:51.398+0000] {dagbag.py:541} INFO - Filling up the DagBag from /home/vscode/.local/lib/python3.10/site-packages/airflow/example_dags/example_short_circuit_operator.py
[2024-12-12T15:32:51.403+0000] {processor.py:836} INFO - DAG(s) dict_keys(['example_short_circuit_operator']) retrieved from /home/vscode/.local/lib/python3.10/site-packages/airflow/example_dags/example_short_circuit_operator.py
[2024-12-12T15:32:51.416+0000] {logging_mixin.py:150} INFO - [2024-12-12T15:32:51.416+0000] {dag.py:2742} INFO - Sync 1 DAGs
[2024-12-12T15:32:51.430+0000] {logging_mixin.py:150} INFO - [2024-12-12T15:32:51.429+0000] {dag.py:3504} INFO - Setting next_dagrun for example_short_circuit_operator to 2024-12-11T15:32:51.429731+00:00, run_after=2024-12-12T15:32:51.429731+00:00
[2024-12-12T15:32:51.445+0000] {processor.py:179} INFO - Processing /home/vscode/.local/lib/python3.10/site-packages/airflow/example_dags/example_short_circuit_operator.py took 0.050 seconds
[2024-12-12T15:33:33.901+0000] {processor.py:157} INFO - Started process (PID=32255) to work on /home/vscode/.local/lib/python3.10/site-packages/airflow/example_dags/example_short_circuit_operator.py
[2024-12-12T15:33:33.902+0000] {processor.py:826} INFO - Processing file /home/vscode/.local/lib/python3.10/site-packages/airflow/example_dags/example_short_circuit_operator.py for tasks to queue
[2024-12-12T15:33:33.902+0000] {logging_mixin.py:150} INFO - [2024-12-12T15:33:33.902+0000] {dagbag.py:541} INFO - Filling up the DagBag from /home/vscode/.local/lib/python3.10/site-packages/airflow/example_dags/example_short_circuit_operator.py
[2024-12-12T15:33:33.908+0000] {processor.py:836} INFO - DAG(s) dict_keys(['example_short_circuit_operator']) retrieved from /home/vscode/.local/lib/python3.10/site-packages/airflow/example_dags/example_short_circuit_operator.py
[2024-12-12T15:33:33.920+0000] {logging_mixin.py:150} INFO - [2024-12-12T15:33:33.920+0000] {dag.py:2742} INFO - Sync 1 DAGs
[2024-12-12T15:33:33.933+0000] {logging_mixin.py:150} INFO - [2024-12-12T15:33:33.932+0000] {dag.py:3504} INFO - Setting next_dagrun for example_short_circuit_operator to 2024-12-11T15:33:33.932823+00:00, run_after=2024-12-12T15:33:33.932823+00:00
[2024-12-12T15:33:33.946+0000] {processor.py:179} INFO - Processing /home/vscode/.local/lib/python3.10/site-packages/airflow/example_dags/example_short_circuit_operator.py took 0.047 seconds
[2024-12-12T15:34:17.116+0000] {processor.py:157} INFO - Started process (PID=32556) to work on /home/vscode/.local/lib/python3.10/site-packages/airflow/example_dags/example_short_circuit_operator.py
[2024-12-12T15:34:17.116+0000] {processor.py:826} INFO - Processing file /home/vscode/.local/lib/python3.10/site-packages/airflow/example_dags/example_short_circuit_operator.py for tasks to queue
[2024-12-12T15:34:17.117+0000] {logging_mixin.py:150} INFO - [2024-12-12T15:34:17.117+0000] {dagbag.py:541} INFO - Filling up the DagBag from /home/vscode/.local/lib/python3.10/site-packages/airflow/example_dags/example_short_circuit_operator.py
[2024-12-12T15:34:17.128+0000] {processor.py:836} INFO - DAG(s) dict_keys(['example_short_circuit_operator']) retrieved from /home/vscode/.local/lib/python3.10/site-packages/airflow/example_dags/example_short_circuit_operator.py
[2024-12-12T15:34:17.143+0000] {logging_mixin.py:150} INFO - [2024-12-12T15:34:17.143+0000] {dag.py:2742} INFO - Sync 1 DAGs
[2024-12-12T15:34:17.157+0000] {logging_mixin.py:150} INFO - [2024-12-12T15:34:17.157+0000] {dag.py:3504} INFO - Setting next_dagrun for example_short_circuit_operator to 2024-12-11T15:34:17.157019+00:00, run_after=2024-12-12T15:34:17.157019+00:00
[2024-12-12T15:34:17.170+0000] {processor.py:179} INFO - Processing /home/vscode/.local/lib/python3.10/site-packages/airflow/example_dags/example_short_circuit_operator.py took 0.058 seconds
[2024-12-12T15:35:00.799+0000] {processor.py:157} INFO - Started process (PID=32855) to work on /home/vscode/.local/lib/python3.10/site-packages/airflow/example_dags/example_short_circuit_operator.py
[2024-12-12T15:35:00.799+0000] {processor.py:826} INFO - Processing file /home/vscode/.local/lib/python3.10/site-packages/airflow/example_dags/example_short_circuit_operator.py for tasks to queue
[2024-12-12T15:35:00.800+0000] {logging_mixin.py:150} INFO - [2024-12-12T15:35:00.800+0000] {dagbag.py:541} INFO - Filling up the DagBag from /home/vscode/.local/lib/python3.10/site-packages/airflow/example_dags/example_short_circuit_operator.py
[2024-12-12T15:35:00.805+0000] {processor.py:836} INFO - DAG(s) dict_keys(['example_short_circuit_operator']) retrieved from /home/vscode/.local/lib/python3.10/site-packages/airflow/example_dags/example_short_circuit_operator.py
[2024-12-12T15:35:00.818+0000] {logging_mixin.py:150} INFO - [2024-12-12T15:35:00.817+0000] {dag.py:2742} INFO - Sync 1 DAGs
[2024-12-12T15:35:00.830+0000] {logging_mixin.py:150} INFO - [2024-12-12T15:35:00.830+0000] {dag.py:3504} INFO - Setting next_dagrun for example_short_circuit_operator to 2024-12-11T15:35:00.830597+00:00, run_after=2024-12-12T15:35:00.830597+00:00
[2024-12-12T15:35:00.845+0000] {processor.py:179} INFO - Processing /home/vscode/.local/lib/python3.10/site-packages/airflow/example_dags/example_short_circuit_operator.py took 0.049 seconds
[2024-12-12T15:35:43.661+0000] {processor.py:157} INFO - Started process (PID=33176) to work on /home/vscode/.local/lib/python3.10/site-packages/airflow/example_dags/example_short_circuit_operator.py
[2024-12-12T15:35:43.662+0000] {processor.py:826} INFO - Processing file /home/vscode/.local/lib/python3.10/site-packages/airflow/example_dags/example_short_circuit_operator.py for tasks to queue
[2024-12-12T15:35:43.662+0000] {logging_mixin.py:150} INFO - [2024-12-12T15:35:43.662+0000] {dagbag.py:541} INFO - Filling up the DagBag from /home/vscode/.local/lib/python3.10/site-packages/airflow/example_dags/example_short_circuit_operator.py
[2024-12-12T15:35:43.668+0000] {processor.py:836} INFO - DAG(s) dict_keys(['example_short_circuit_operator']) retrieved from /home/vscode/.local/lib/python3.10/site-packages/airflow/example_dags/example_short_circuit_operator.py
[2024-12-12T15:35:43.681+0000] {logging_mixin.py:150} INFO - [2024-12-12T15:35:43.681+0000] {dag.py:2742} INFO - Sync 1 DAGs
[2024-12-12T15:35:43.694+0000] {logging_mixin.py:150} INFO - [2024-12-12T15:35:43.694+0000] {dag.py:3504} INFO - Setting next_dagrun for example_short_circuit_operator to 2024-12-11T15:35:43.694066+00:00, run_after=2024-12-12T15:35:43.694066+00:00
[2024-12-12T15:35:43.708+0000] {processor.py:179} INFO - Processing /home/vscode/.local/lib/python3.10/site-packages/airflow/example_dags/example_short_circuit_operator.py took 0.049 seconds
[2024-12-12T15:36:26.423+0000] {processor.py:157} INFO - Started process (PID=33647) to work on /home/vscode/.local/lib/python3.10/site-packages/airflow/example_dags/example_short_circuit_operator.py
[2024-12-12T15:36:26.423+0000] {processor.py:826} INFO - Processing file /home/vscode/.local/lib/python3.10/site-packages/airflow/example_dags/example_short_circuit_operator.py for tasks to queue
[2024-12-12T15:36:26.424+0000] {logging_mixin.py:150} INFO - [2024-12-12T15:36:26.424+0000] {dagbag.py:541} INFO - Filling up the DagBag from /home/vscode/.local/lib/python3.10/site-packages/airflow/example_dags/example_short_circuit_operator.py
[2024-12-12T15:36:26.430+0000] {processor.py:836} INFO - DAG(s) dict_keys(['example_short_circuit_operator']) retrieved from /home/vscode/.local/lib/python3.10/site-packages/airflow/example_dags/example_short_circuit_operator.py
[2024-12-12T15:36:26.442+0000] {logging_mixin.py:150} INFO - [2024-12-12T15:36:26.442+0000] {dag.py:2742} INFO - Sync 1 DAGs
[2024-12-12T15:36:26.457+0000] {logging_mixin.py:150} INFO - [2024-12-12T15:36:26.457+0000] {dag.py:3504} INFO - Setting next_dagrun for example_short_circuit_operator to 2024-12-11T15:36:26.457080+00:00, run_after=2024-12-12T15:36:26.457080+00:00
[2024-12-12T15:36:26.477+0000] {processor.py:179} INFO - Processing /home/vscode/.local/lib/python3.10/site-packages/airflow/example_dags/example_short_circuit_operator.py took 0.056 seconds
[2024-12-12T15:37:04.132+0000] {processor.py:157} INFO - Started process (PID=34045) to work on /home/vscode/.local/lib/python3.10/site-packages/airflow/example_dags/example_short_circuit_operator.py
[2024-12-12T15:37:04.132+0000] {processor.py:826} INFO - Processing file /home/vscode/.local/lib/python3.10/site-packages/airflow/example_dags/example_short_circuit_operator.py for tasks to queue
[2024-12-12T15:37:04.133+0000] {logging_mixin.py:150} INFO - [2024-12-12T15:37:04.133+0000] {dagbag.py:541} INFO - Filling up the DagBag from /home/vscode/.local/lib/python3.10/site-packages/airflow/example_dags/example_short_circuit_operator.py
[2024-12-12T15:37:04.138+0000] {processor.py:836} INFO - DAG(s) dict_keys(['example_short_circuit_operator']) retrieved from /home/vscode/.local/lib/python3.10/site-packages/airflow/example_dags/example_short_circuit_operator.py
[2024-12-12T15:37:04.151+0000] {logging_mixin.py:150} INFO - [2024-12-12T15:37:04.151+0000] {dag.py:2742} INFO - Sync 1 DAGs
[2024-12-12T15:37:04.164+0000] {logging_mixin.py:150} INFO - [2024-12-12T15:37:04.164+0000] {dag.py:3504} INFO - Setting next_dagrun for example_short_circuit_operator to 2024-12-11T15:37:04.164305+00:00, run_after=2024-12-12T15:37:04.164305+00:00
[2024-12-12T15:37:04.179+0000] {processor.py:179} INFO - Processing /home/vscode/.local/lib/python3.10/site-packages/airflow/example_dags/example_short_circuit_operator.py took 0.049 seconds
[2024-12-12T15:37:49.345+0000] {processor.py:157} INFO - Started process (PID=34373) to work on /home/vscode/.local/lib/python3.10/site-packages/airflow/example_dags/example_short_circuit_operator.py
[2024-12-12T15:37:49.346+0000] {processor.py:826} INFO - Processing file /home/vscode/.local/lib/python3.10/site-packages/airflow/example_dags/example_short_circuit_operator.py for tasks to queue
[2024-12-12T15:37:49.346+0000] {logging_mixin.py:150} INFO - [2024-12-12T15:37:49.346+0000] {dagbag.py:541} INFO - Filling up the DagBag from /home/vscode/.local/lib/python3.10/site-packages/airflow/example_dags/example_short_circuit_operator.py
[2024-12-12T15:37:49.352+0000] {processor.py:836} INFO - DAG(s) dict_keys(['example_short_circuit_operator']) retrieved from /home/vscode/.local/lib/python3.10/site-packages/airflow/example_dags/example_short_circuit_operator.py
[2024-12-12T15:37:49.364+0000] {logging_mixin.py:150} INFO - [2024-12-12T15:37:49.364+0000] {dag.py:2742} INFO - Sync 1 DAGs
[2024-12-12T15:37:49.378+0000] {logging_mixin.py:150} INFO - [2024-12-12T15:37:49.378+0000] {dag.py:3504} INFO - Setting next_dagrun for example_short_circuit_operator to 2024-12-11T15:37:49.378158+00:00, run_after=2024-12-12T15:37:49.378158+00:00
[2024-12-12T15:37:49.393+0000] {processor.py:179} INFO - Processing /home/vscode/.local/lib/python3.10/site-packages/airflow/example_dags/example_short_circuit_operator.py took 0.050 seconds
[2024-12-12T15:38:32.736+0000] {processor.py:157} INFO - Started process (PID=34669) to work on /home/vscode/.local/lib/python3.10/site-packages/airflow/example_dags/example_short_circuit_operator.py
[2024-12-12T15:38:32.740+0000] {processor.py:826} INFO - Processing file /home/vscode/.local/lib/python3.10/site-packages/airflow/example_dags/example_short_circuit_operator.py for tasks to queue
[2024-12-12T15:38:32.741+0000] {logging_mixin.py:150} INFO - [2024-12-12T15:38:32.741+0000] {dagbag.py:541} INFO - Filling up the DagBag from /home/vscode/.local/lib/python3.10/site-packages/airflow/example_dags/example_short_circuit_operator.py
[2024-12-12T15:38:32.749+0000] {processor.py:836} INFO - DAG(s) dict_keys(['example_short_circuit_operator']) retrieved from /home/vscode/.local/lib/python3.10/site-packages/airflow/example_dags/example_short_circuit_operator.py
[2024-12-12T15:38:32.762+0000] {logging_mixin.py:150} INFO - [2024-12-12T15:38:32.762+0000] {dag.py:2742} INFO - Sync 1 DAGs
[2024-12-12T15:38:32.776+0000] {logging_mixin.py:150} INFO - [2024-12-12T15:38:32.775+0000] {dag.py:3504} INFO - Setting next_dagrun for example_short_circuit_operator to 2024-12-11T15:38:32.775681+00:00, run_after=2024-12-12T15:38:32.775681+00:00
[2024-12-12T15:38:32.790+0000] {processor.py:179} INFO - Processing /home/vscode/.local/lib/python3.10/site-packages/airflow/example_dags/example_short_circuit_operator.py took 0.058 seconds
[2024-12-12T15:39:00.231+0000] {processor.py:157} INFO - Started process (PID=35044) to work on /home/vscode/.local/lib/python3.10/site-packages/airflow/example_dags/example_short_circuit_operator.py
[2024-12-12T15:39:00.231+0000] {processor.py:826} INFO - Processing file /home/vscode/.local/lib/python3.10/site-packages/airflow/example_dags/example_short_circuit_operator.py for tasks to queue
[2024-12-12T15:39:00.232+0000] {logging_mixin.py:150} INFO - [2024-12-12T15:39:00.232+0000] {dagbag.py:541} INFO - Filling up the DagBag from /home/vscode/.local/lib/python3.10/site-packages/airflow/example_dags/example_short_circuit_operator.py
[2024-12-12T15:39:00.237+0000] {processor.py:836} INFO - DAG(s) dict_keys(['example_short_circuit_operator']) retrieved from /home/vscode/.local/lib/python3.10/site-packages/airflow/example_dags/example_short_circuit_operator.py
[2024-12-12T15:39:00.255+0000] {logging_mixin.py:150} INFO - [2024-12-12T15:39:00.255+0000] {dag.py:2742} INFO - Sync 1 DAGs
[2024-12-12T15:39:00.338+0000] {logging_mixin.py:150} INFO - [2024-12-12T15:39:00.338+0000] {dag.py:3504} INFO - Setting next_dagrun for example_short_circuit_operator to 2024-12-11T15:39:00.338475+00:00, run_after=2024-12-12T15:39:00.338475+00:00
[2024-12-12T15:39:00.351+0000] {processor.py:179} INFO - Processing /home/vscode/.local/lib/python3.10/site-packages/airflow/example_dags/example_short_circuit_operator.py took 0.123 seconds
[2024-12-12T15:39:45.327+0000] {processor.py:157} INFO - Started process (PID=35528) to work on /home/vscode/.local/lib/python3.10/site-packages/airflow/example_dags/example_short_circuit_operator.py
[2024-12-12T15:39:45.328+0000] {processor.py:826} INFO - Processing file /home/vscode/.local/lib/python3.10/site-packages/airflow/example_dags/example_short_circuit_operator.py for tasks to queue
[2024-12-12T15:39:45.329+0000] {logging_mixin.py:150} INFO - [2024-12-12T15:39:45.328+0000] {dagbag.py:541} INFO - Filling up the DagBag from /home/vscode/.local/lib/python3.10/site-packages/airflow/example_dags/example_short_circuit_operator.py
[2024-12-12T15:39:45.334+0000] {processor.py:836} INFO - DAG(s) dict_keys(['example_short_circuit_operator']) retrieved from /home/vscode/.local/lib/python3.10/site-packages/airflow/example_dags/example_short_circuit_operator.py
[2024-12-12T15:39:45.347+0000] {logging_mixin.py:150} INFO - [2024-12-12T15:39:45.347+0000] {dag.py:2742} INFO - Sync 1 DAGs
[2024-12-12T15:39:45.360+0000] {logging_mixin.py:150} INFO - [2024-12-12T15:39:45.360+0000] {dag.py:3504} INFO - Setting next_dagrun for example_short_circuit_operator to 2024-12-11T15:39:45.360322+00:00, run_after=2024-12-12T15:39:45.360322+00:00
[2024-12-12T15:39:45.374+0000] {processor.py:179} INFO - Processing /home/vscode/.local/lib/python3.10/site-packages/airflow/example_dags/example_short_circuit_operator.py took 0.049 seconds
[2024-12-12T15:40:29.294+0000] {processor.py:157} INFO - Started process (PID=35969) to work on /home/vscode/.local/lib/python3.10/site-packages/airflow/example_dags/example_short_circuit_operator.py
[2024-12-12T15:40:29.295+0000] {processor.py:826} INFO - Processing file /home/vscode/.local/lib/python3.10/site-packages/airflow/example_dags/example_short_circuit_operator.py for tasks to queue
[2024-12-12T15:40:29.295+0000] {logging_mixin.py:150} INFO - [2024-12-12T15:40:29.295+0000] {dagbag.py:541} INFO - Filling up the DagBag from /home/vscode/.local/lib/python3.10/site-packages/airflow/example_dags/example_short_circuit_operator.py
[2024-12-12T15:40:29.301+0000] {processor.py:836} INFO - DAG(s) dict_keys(['example_short_circuit_operator']) retrieved from /home/vscode/.local/lib/python3.10/site-packages/airflow/example_dags/example_short_circuit_operator.py
[2024-12-12T15:40:29.313+0000] {logging_mixin.py:150} INFO - [2024-12-12T15:40:29.313+0000] {dag.py:2742} INFO - Sync 1 DAGs
[2024-12-12T15:40:29.326+0000] {logging_mixin.py:150} INFO - [2024-12-12T15:40:29.326+0000] {dag.py:3504} INFO - Setting next_dagrun for example_short_circuit_operator to 2024-12-11T15:40:29.326169+00:00, run_after=2024-12-12T15:40:29.326169+00:00
[2024-12-12T15:40:29.340+0000] {processor.py:179} INFO - Processing /home/vscode/.local/lib/python3.10/site-packages/airflow/example_dags/example_short_circuit_operator.py took 0.047 seconds
[2024-12-12T15:41:14.359+0000] {processor.py:157} INFO - Started process (PID=36378) to work on /home/vscode/.local/lib/python3.10/site-packages/airflow/example_dags/example_short_circuit_operator.py
[2024-12-12T15:41:14.359+0000] {processor.py:826} INFO - Processing file /home/vscode/.local/lib/python3.10/site-packages/airflow/example_dags/example_short_circuit_operator.py for tasks to queue
[2024-12-12T15:41:14.360+0000] {logging_mixin.py:150} INFO - [2024-12-12T15:41:14.360+0000] {dagbag.py:541} INFO - Filling up the DagBag from /home/vscode/.local/lib/python3.10/site-packages/airflow/example_dags/example_short_circuit_operator.py
[2024-12-12T15:41:14.366+0000] {processor.py:836} INFO - DAG(s) dict_keys(['example_short_circuit_operator']) retrieved from /home/vscode/.local/lib/python3.10/site-packages/airflow/example_dags/example_short_circuit_operator.py
[2024-12-12T15:41:14.382+0000] {logging_mixin.py:150} INFO - [2024-12-12T15:41:14.381+0000] {dag.py:2742} INFO - Sync 1 DAGs
[2024-12-12T15:41:14.402+0000] {logging_mixin.py:150} INFO - [2024-12-12T15:41:14.401+0000] {dag.py:3504} INFO - Setting next_dagrun for example_short_circuit_operator to 2024-12-11T15:41:14.401649+00:00, run_after=2024-12-12T15:41:14.401649+00:00
[2024-12-12T15:41:14.423+0000] {processor.py:179} INFO - Processing /home/vscode/.local/lib/python3.10/site-packages/airflow/example_dags/example_short_circuit_operator.py took 0.066 seconds
[2024-12-12T15:41:56.683+0000] {processor.py:157} INFO - Started process (PID=36709) to work on /home/vscode/.local/lib/python3.10/site-packages/airflow/example_dags/example_short_circuit_operator.py
[2024-12-12T15:41:56.684+0000] {processor.py:826} INFO - Processing file /home/vscode/.local/lib/python3.10/site-packages/airflow/example_dags/example_short_circuit_operator.py for tasks to queue
[2024-12-12T15:41:56.685+0000] {logging_mixin.py:150} INFO - [2024-12-12T15:41:56.684+0000] {dagbag.py:541} INFO - Filling up the DagBag from /home/vscode/.local/lib/python3.10/site-packages/airflow/example_dags/example_short_circuit_operator.py
[2024-12-12T15:41:56.690+0000] {processor.py:836} INFO - DAG(s) dict_keys(['example_short_circuit_operator']) retrieved from /home/vscode/.local/lib/python3.10/site-packages/airflow/example_dags/example_short_circuit_operator.py
[2024-12-12T15:41:56.702+0000] {logging_mixin.py:150} INFO - [2024-12-12T15:41:56.702+0000] {dag.py:2742} INFO - Sync 1 DAGs
[2024-12-12T15:41:56.715+0000] {logging_mixin.py:150} INFO - [2024-12-12T15:41:56.715+0000] {dag.py:3504} INFO - Setting next_dagrun for example_short_circuit_operator to 2024-12-11T15:41:56.715251+00:00, run_after=2024-12-12T15:41:56.715251+00:00
[2024-12-12T15:41:56.730+0000] {processor.py:179} INFO - Processing /home/vscode/.local/lib/python3.10/site-packages/airflow/example_dags/example_short_circuit_operator.py took 0.049 seconds
[2024-12-12T15:42:45.492+0000] {processor.py:157} INFO - Started process (PID=37147) to work on /home/vscode/.local/lib/python3.10/site-packages/airflow/example_dags/example_short_circuit_operator.py
[2024-12-12T15:42:45.492+0000] {processor.py:826} INFO - Processing file /home/vscode/.local/lib/python3.10/site-packages/airflow/example_dags/example_short_circuit_operator.py for tasks to queue
[2024-12-12T15:42:45.493+0000] {logging_mixin.py:150} INFO - [2024-12-12T15:42:45.493+0000] {dagbag.py:541} INFO - Filling up the DagBag from /home/vscode/.local/lib/python3.10/site-packages/airflow/example_dags/example_short_circuit_operator.py
[2024-12-12T15:42:45.498+0000] {processor.py:836} INFO - DAG(s) dict_keys(['example_short_circuit_operator']) retrieved from /home/vscode/.local/lib/python3.10/site-packages/airflow/example_dags/example_short_circuit_operator.py
[2024-12-12T15:42:45.511+0000] {logging_mixin.py:150} INFO - [2024-12-12T15:42:45.511+0000] {dag.py:2742} INFO - Sync 1 DAGs
[2024-12-12T15:42:45.524+0000] {logging_mixin.py:150} INFO - [2024-12-12T15:42:45.524+0000] {dag.py:3504} INFO - Setting next_dagrun for example_short_circuit_operator to 2024-12-11T15:42:45.524647+00:00, run_after=2024-12-12T15:42:45.524647+00:00
[2024-12-12T15:42:45.539+0000] {processor.py:179} INFO - Processing /home/vscode/.local/lib/python3.10/site-packages/airflow/example_dags/example_short_circuit_operator.py took 0.049 seconds
[2024-12-12T15:43:29.122+0000] {processor.py:157} INFO - Started process (PID=37484) to work on /home/vscode/.local/lib/python3.10/site-packages/airflow/example_dags/example_short_circuit_operator.py
[2024-12-12T15:43:29.122+0000] {processor.py:826} INFO - Processing file /home/vscode/.local/lib/python3.10/site-packages/airflow/example_dags/example_short_circuit_operator.py for tasks to queue
[2024-12-12T15:43:29.123+0000] {logging_mixin.py:150} INFO - [2024-12-12T15:43:29.123+0000] {dagbag.py:541} INFO - Filling up the DagBag from /home/vscode/.local/lib/python3.10/site-packages/airflow/example_dags/example_short_circuit_operator.py
[2024-12-12T15:43:29.129+0000] {processor.py:836} INFO - DAG(s) dict_keys(['example_short_circuit_operator']) retrieved from /home/vscode/.local/lib/python3.10/site-packages/airflow/example_dags/example_short_circuit_operator.py
[2024-12-12T15:43:29.141+0000] {logging_mixin.py:150} INFO - [2024-12-12T15:43:29.141+0000] {dag.py:2742} INFO - Sync 1 DAGs
[2024-12-12T15:43:29.154+0000] {logging_mixin.py:150} INFO - [2024-12-12T15:43:29.153+0000] {dag.py:3504} INFO - Setting next_dagrun for example_short_circuit_operator to 2024-12-11T15:43:29.153732+00:00, run_after=2024-12-12T15:43:29.153732+00:00
[2024-12-12T15:43:29.168+0000] {processor.py:179} INFO - Processing /home/vscode/.local/lib/python3.10/site-packages/airflow/example_dags/example_short_circuit_operator.py took 0.049 seconds
[2024-12-12T15:44:12.451+0000] {processor.py:157} INFO - Started process (PID=37849) to work on /home/vscode/.local/lib/python3.10/site-packages/airflow/example_dags/example_short_circuit_operator.py
[2024-12-12T15:44:12.452+0000] {processor.py:826} INFO - Processing file /home/vscode/.local/lib/python3.10/site-packages/airflow/example_dags/example_short_circuit_operator.py for tasks to queue
[2024-12-12T15:44:12.453+0000] {logging_mixin.py:150} INFO - [2024-12-12T15:44:12.452+0000] {dagbag.py:541} INFO - Filling up the DagBag from /home/vscode/.local/lib/python3.10/site-packages/airflow/example_dags/example_short_circuit_operator.py
[2024-12-12T15:44:12.458+0000] {processor.py:836} INFO - DAG(s) dict_keys(['example_short_circuit_operator']) retrieved from /home/vscode/.local/lib/python3.10/site-packages/airflow/example_dags/example_short_circuit_operator.py
[2024-12-12T15:44:12.470+0000] {logging_mixin.py:150} INFO - [2024-12-12T15:44:12.470+0000] {dag.py:2742} INFO - Sync 1 DAGs
[2024-12-12T15:44:12.483+0000] {logging_mixin.py:150} INFO - [2024-12-12T15:44:12.483+0000] {dag.py:3504} INFO - Setting next_dagrun for example_short_circuit_operator to 2024-12-11T15:44:12.483566+00:00, run_after=2024-12-12T15:44:12.483566+00:00
[2024-12-12T15:44:12.497+0000] {processor.py:179} INFO - Processing /home/vscode/.local/lib/python3.10/site-packages/airflow/example_dags/example_short_circuit_operator.py took 0.048 seconds
[2024-12-12T15:44:51.276+0000] {processor.py:157} INFO - Started process (PID=38150) to work on /home/vscode/.local/lib/python3.10/site-packages/airflow/example_dags/example_short_circuit_operator.py
[2024-12-12T15:44:51.276+0000] {processor.py:826} INFO - Processing file /home/vscode/.local/lib/python3.10/site-packages/airflow/example_dags/example_short_circuit_operator.py for tasks to queue
[2024-12-12T15:44:51.277+0000] {logging_mixin.py:150} INFO - [2024-12-12T15:44:51.277+0000] {dagbag.py:541} INFO - Filling up the DagBag from /home/vscode/.local/lib/python3.10/site-packages/airflow/example_dags/example_short_circuit_operator.py
[2024-12-12T15:44:51.283+0000] {processor.py:836} INFO - DAG(s) dict_keys(['example_short_circuit_operator']) retrieved from /home/vscode/.local/lib/python3.10/site-packages/airflow/example_dags/example_short_circuit_operator.py
[2024-12-12T15:44:51.297+0000] {logging_mixin.py:150} INFO - [2024-12-12T15:44:51.297+0000] {dag.py:2742} INFO - Sync 1 DAGs
[2024-12-12T15:44:51.310+0000] {logging_mixin.py:150} INFO - [2024-12-12T15:44:51.310+0000] {dag.py:3504} INFO - Setting next_dagrun for example_short_circuit_operator to 2024-12-11T15:44:51.310553+00:00, run_after=2024-12-12T15:44:51.310553+00:00
[2024-12-12T15:44:51.325+0000] {processor.py:179} INFO - Processing /home/vscode/.local/lib/python3.10/site-packages/airflow/example_dags/example_short_circuit_operator.py took 0.051 seconds
[2024-12-12T15:45:32.490+0000] {processor.py:157} INFO - Started process (PID=38474) to work on /home/vscode/.local/lib/python3.10/site-packages/airflow/example_dags/example_short_circuit_operator.py
[2024-12-12T15:45:32.490+0000] {processor.py:826} INFO - Processing file /home/vscode/.local/lib/python3.10/site-packages/airflow/example_dags/example_short_circuit_operator.py for tasks to queue
[2024-12-12T15:45:32.491+0000] {logging_mixin.py:150} INFO - [2024-12-12T15:45:32.491+0000] {dagbag.py:541} INFO - Filling up the DagBag from /home/vscode/.local/lib/python3.10/site-packages/airflow/example_dags/example_short_circuit_operator.py
[2024-12-12T15:45:32.497+0000] {processor.py:836} INFO - DAG(s) dict_keys(['example_short_circuit_operator']) retrieved from /home/vscode/.local/lib/python3.10/site-packages/airflow/example_dags/example_short_circuit_operator.py
[2024-12-12T15:45:32.509+0000] {logging_mixin.py:150} INFO - [2024-12-12T15:45:32.509+0000] {dag.py:2742} INFO - Sync 1 DAGs
[2024-12-12T15:45:32.523+0000] {logging_mixin.py:150} INFO - [2024-12-12T15:45:32.522+0000] {dag.py:3504} INFO - Setting next_dagrun for example_short_circuit_operator to 2024-12-11T15:45:32.522724+00:00, run_after=2024-12-12T15:45:32.522724+00:00
[2024-12-12T15:45:32.537+0000] {processor.py:179} INFO - Processing /home/vscode/.local/lib/python3.10/site-packages/airflow/example_dags/example_short_circuit_operator.py took 0.049 seconds
[2024-12-12T15:46:18.565+0000] {processor.py:157} INFO - Started process (PID=38842) to work on /home/vscode/.local/lib/python3.10/site-packages/airflow/example_dags/example_short_circuit_operator.py
[2024-12-12T15:46:18.565+0000] {processor.py:826} INFO - Processing file /home/vscode/.local/lib/python3.10/site-packages/airflow/example_dags/example_short_circuit_operator.py for tasks to queue
[2024-12-12T15:46:18.566+0000] {logging_mixin.py:150} INFO - [2024-12-12T15:46:18.566+0000] {dagbag.py:541} INFO - Filling up the DagBag from /home/vscode/.local/lib/python3.10/site-packages/airflow/example_dags/example_short_circuit_operator.py
[2024-12-12T15:46:18.572+0000] {processor.py:836} INFO - DAG(s) dict_keys(['example_short_circuit_operator']) retrieved from /home/vscode/.local/lib/python3.10/site-packages/airflow/example_dags/example_short_circuit_operator.py
[2024-12-12T15:46:18.584+0000] {logging_mixin.py:150} INFO - [2024-12-12T15:46:18.584+0000] {dag.py:2742} INFO - Sync 1 DAGs
[2024-12-12T15:46:18.597+0000] {logging_mixin.py:150} INFO - [2024-12-12T15:46:18.597+0000] {dag.py:3504} INFO - Setting next_dagrun for example_short_circuit_operator to 2024-12-11T15:46:18.597468+00:00, run_after=2024-12-12T15:46:18.597468+00:00
[2024-12-12T15:46:18.612+0000] {processor.py:179} INFO - Processing /home/vscode/.local/lib/python3.10/site-packages/airflow/example_dags/example_short_circuit_operator.py took 0.050 seconds
[2024-12-12T15:47:08.764+0000] {processor.py:157} INFO - Started process (PID=39235) to work on /home/vscode/.local/lib/python3.10/site-packages/airflow/example_dags/example_short_circuit_operator.py
[2024-12-12T15:47:08.765+0000] {processor.py:826} INFO - Processing file /home/vscode/.local/lib/python3.10/site-packages/airflow/example_dags/example_short_circuit_operator.py for tasks to queue
[2024-12-12T15:47:08.766+0000] {logging_mixin.py:150} INFO - [2024-12-12T15:47:08.766+0000] {dagbag.py:541} INFO - Filling up the DagBag from /home/vscode/.local/lib/python3.10/site-packages/airflow/example_dags/example_short_circuit_operator.py
[2024-12-12T15:47:08.773+0000] {processor.py:836} INFO - DAG(s) dict_keys(['example_short_circuit_operator']) retrieved from /home/vscode/.local/lib/python3.10/site-packages/airflow/example_dags/example_short_circuit_operator.py
[2024-12-12T15:47:08.785+0000] {logging_mixin.py:150} INFO - [2024-12-12T15:47:08.785+0000] {dag.py:2742} INFO - Sync 1 DAGs
[2024-12-12T15:47:08.798+0000] {logging_mixin.py:150} INFO - [2024-12-12T15:47:08.798+0000] {dag.py:3504} INFO - Setting next_dagrun for example_short_circuit_operator to 2024-12-11T15:47:08.798516+00:00, run_after=2024-12-12T15:47:08.798516+00:00
[2024-12-12T15:47:08.813+0000] {processor.py:179} INFO - Processing /home/vscode/.local/lib/python3.10/site-packages/airflow/example_dags/example_short_circuit_operator.py took 0.051 seconds
[2024-12-12T15:47:55.520+0000] {processor.py:157} INFO - Started process (PID=39604) to work on /home/vscode/.local/lib/python3.10/site-packages/airflow/example_dags/example_short_circuit_operator.py
[2024-12-12T15:47:55.520+0000] {processor.py:826} INFO - Processing file /home/vscode/.local/lib/python3.10/site-packages/airflow/example_dags/example_short_circuit_operator.py for tasks to queue
[2024-12-12T15:47:55.521+0000] {logging_mixin.py:150} INFO - [2024-12-12T15:47:55.520+0000] {dagbag.py:541} INFO - Filling up the DagBag from /home/vscode/.local/lib/python3.10/site-packages/airflow/example_dags/example_short_circuit_operator.py
[2024-12-12T15:47:55.527+0000] {processor.py:836} INFO - DAG(s) dict_keys(['example_short_circuit_operator']) retrieved from /home/vscode/.local/lib/python3.10/site-packages/airflow/example_dags/example_short_circuit_operator.py
[2024-12-12T15:47:55.539+0000] {logging_mixin.py:150} INFO - [2024-12-12T15:47:55.539+0000] {dag.py:2742} INFO - Sync 1 DAGs
[2024-12-12T15:47:55.553+0000] {logging_mixin.py:150} INFO - [2024-12-12T15:47:55.552+0000] {dag.py:3504} INFO - Setting next_dagrun for example_short_circuit_operator to 2024-12-11T15:47:55.552801+00:00, run_after=2024-12-12T15:47:55.552801+00:00
[2024-12-12T15:47:55.566+0000] {processor.py:179} INFO - Processing /home/vscode/.local/lib/python3.10/site-packages/airflow/example_dags/example_short_circuit_operator.py took 0.049 seconds
[2024-12-12T15:48:40.914+0000] {processor.py:157} INFO - Started process (PID=39952) to work on /home/vscode/.local/lib/python3.10/site-packages/airflow/example_dags/example_short_circuit_operator.py
[2024-12-12T15:48:40.914+0000] {processor.py:826} INFO - Processing file /home/vscode/.local/lib/python3.10/site-packages/airflow/example_dags/example_short_circuit_operator.py for tasks to queue
[2024-12-12T15:48:40.915+0000] {logging_mixin.py:150} INFO - [2024-12-12T15:48:40.915+0000] {dagbag.py:541} INFO - Filling up the DagBag from /home/vscode/.local/lib/python3.10/site-packages/airflow/example_dags/example_short_circuit_operator.py
[2024-12-12T15:48:40.922+0000] {processor.py:836} INFO - DAG(s) dict_keys(['example_short_circuit_operator']) retrieved from /home/vscode/.local/lib/python3.10/site-packages/airflow/example_dags/example_short_circuit_operator.py
[2024-12-12T15:48:40.934+0000] {logging_mixin.py:150} INFO - [2024-12-12T15:48:40.934+0000] {dag.py:2742} INFO - Sync 1 DAGs
[2024-12-12T15:48:40.947+0000] {logging_mixin.py:150} INFO - [2024-12-12T15:48:40.947+0000] {dag.py:3504} INFO - Setting next_dagrun for example_short_circuit_operator to 2024-12-11T15:48:40.947227+00:00, run_after=2024-12-12T15:48:40.947227+00:00
[2024-12-12T15:48:40.961+0000] {processor.py:179} INFO - Processing /home/vscode/.local/lib/python3.10/site-packages/airflow/example_dags/example_short_circuit_operator.py took 0.050 seconds
[2024-12-12T15:49:20.287+0000] {processor.py:157} INFO - Started process (PID=40277) to work on /home/vscode/.local/lib/python3.10/site-packages/airflow/example_dags/example_short_circuit_operator.py
[2024-12-12T15:49:20.288+0000] {processor.py:826} INFO - Processing file /home/vscode/.local/lib/python3.10/site-packages/airflow/example_dags/example_short_circuit_operator.py for tasks to queue
[2024-12-12T15:49:20.288+0000] {logging_mixin.py:150} INFO - [2024-12-12T15:49:20.288+0000] {dagbag.py:541} INFO - Filling up the DagBag from /home/vscode/.local/lib/python3.10/site-packages/airflow/example_dags/example_short_circuit_operator.py
[2024-12-12T15:49:20.294+0000] {processor.py:836} INFO - DAG(s) dict_keys(['example_short_circuit_operator']) retrieved from /home/vscode/.local/lib/python3.10/site-packages/airflow/example_dags/example_short_circuit_operator.py
[2024-12-12T15:49:20.307+0000] {logging_mixin.py:150} INFO - [2024-12-12T15:49:20.307+0000] {dag.py:2742} INFO - Sync 1 DAGs
[2024-12-12T15:49:20.320+0000] {logging_mixin.py:150} INFO - [2024-12-12T15:49:20.320+0000] {dag.py:3504} INFO - Setting next_dagrun for example_short_circuit_operator to 2024-12-11T15:49:20.320468+00:00, run_after=2024-12-12T15:49:20.320468+00:00
[2024-12-12T15:49:20.334+0000] {processor.py:179} INFO - Processing /home/vscode/.local/lib/python3.10/site-packages/airflow/example_dags/example_short_circuit_operator.py took 0.049 seconds
[2024-12-12T15:50:04.499+0000] {processor.py:157} INFO - Started process (PID=40634) to work on /home/vscode/.local/lib/python3.10/site-packages/airflow/example_dags/example_short_circuit_operator.py
[2024-12-12T15:50:04.500+0000] {processor.py:826} INFO - Processing file /home/vscode/.local/lib/python3.10/site-packages/airflow/example_dags/example_short_circuit_operator.py for tasks to queue
[2024-12-12T15:50:04.500+0000] {logging_mixin.py:150} INFO - [2024-12-12T15:50:04.500+0000] {dagbag.py:541} INFO - Filling up the DagBag from /home/vscode/.local/lib/python3.10/site-packages/airflow/example_dags/example_short_circuit_operator.py
[2024-12-12T15:50:04.506+0000] {processor.py:836} INFO - DAG(s) dict_keys(['example_short_circuit_operator']) retrieved from /home/vscode/.local/lib/python3.10/site-packages/airflow/example_dags/example_short_circuit_operator.py
[2024-12-12T15:50:04.518+0000] {logging_mixin.py:150} INFO - [2024-12-12T15:50:04.518+0000] {dag.py:2742} INFO - Sync 1 DAGs
[2024-12-12T15:50:04.531+0000] {logging_mixin.py:150} INFO - [2024-12-12T15:50:04.531+0000] {dag.py:3504} INFO - Setting next_dagrun for example_short_circuit_operator to 2024-12-11T15:50:04.531449+00:00, run_after=2024-12-12T15:50:04.531449+00:00
[2024-12-12T15:50:04.546+0000] {processor.py:179} INFO - Processing /home/vscode/.local/lib/python3.10/site-packages/airflow/example_dags/example_short_circuit_operator.py took 0.049 seconds
[2024-12-12T15:50:44.871+0000] {processor.py:157} INFO - Started process (PID=40948) to work on /home/vscode/.local/lib/python3.10/site-packages/airflow/example_dags/example_short_circuit_operator.py
[2024-12-12T15:50:44.872+0000] {processor.py:826} INFO - Processing file /home/vscode/.local/lib/python3.10/site-packages/airflow/example_dags/example_short_circuit_operator.py for tasks to queue
[2024-12-12T15:50:44.872+0000] {logging_mixin.py:150} INFO - [2024-12-12T15:50:44.872+0000] {dagbag.py:541} INFO - Filling up the DagBag from /home/vscode/.local/lib/python3.10/site-packages/airflow/example_dags/example_short_circuit_operator.py
[2024-12-12T15:50:44.878+0000] {processor.py:836} INFO - DAG(s) dict_keys(['example_short_circuit_operator']) retrieved from /home/vscode/.local/lib/python3.10/site-packages/airflow/example_dags/example_short_circuit_operator.py
[2024-12-12T15:50:44.891+0000] {logging_mixin.py:150} INFO - [2024-12-12T15:50:44.891+0000] {dag.py:2742} INFO - Sync 1 DAGs
[2024-12-12T15:50:44.903+0000] {logging_mixin.py:150} INFO - [2024-12-12T15:50:44.903+0000] {dag.py:3504} INFO - Setting next_dagrun for example_short_circuit_operator to 2024-12-11T15:50:44.903679+00:00, run_after=2024-12-12T15:50:44.903679+00:00
[2024-12-12T15:50:44.919+0000] {processor.py:179} INFO - Processing /home/vscode/.local/lib/python3.10/site-packages/airflow/example_dags/example_short_circuit_operator.py took 0.049 seconds
[2024-12-12T15:51:31.834+0000] {processor.py:157} INFO - Started process (PID=41315) to work on /home/vscode/.local/lib/python3.10/site-packages/airflow/example_dags/example_short_circuit_operator.py
[2024-12-12T15:51:31.834+0000] {processor.py:826} INFO - Processing file /home/vscode/.local/lib/python3.10/site-packages/airflow/example_dags/example_short_circuit_operator.py for tasks to queue
[2024-12-12T15:51:31.835+0000] {logging_mixin.py:150} INFO - [2024-12-12T15:51:31.835+0000] {dagbag.py:541} INFO - Filling up the DagBag from /home/vscode/.local/lib/python3.10/site-packages/airflow/example_dags/example_short_circuit_operator.py
[2024-12-12T15:51:31.840+0000] {processor.py:836} INFO - DAG(s) dict_keys(['example_short_circuit_operator']) retrieved from /home/vscode/.local/lib/python3.10/site-packages/airflow/example_dags/example_short_circuit_operator.py
[2024-12-12T15:51:31.853+0000] {logging_mixin.py:150} INFO - [2024-12-12T15:51:31.853+0000] {dag.py:2742} INFO - Sync 1 DAGs
[2024-12-12T15:51:31.866+0000] {logging_mixin.py:150} INFO - [2024-12-12T15:51:31.866+0000] {dag.py:3504} INFO - Setting next_dagrun for example_short_circuit_operator to 2024-12-11T15:51:31.866011+00:00, run_after=2024-12-12T15:51:31.866011+00:00
[2024-12-12T15:51:31.881+0000] {processor.py:179} INFO - Processing /home/vscode/.local/lib/python3.10/site-packages/airflow/example_dags/example_short_circuit_operator.py took 0.049 seconds
[2024-12-12T15:52:19.163+0000] {processor.py:157} INFO - Started process (PID=41681) to work on /home/vscode/.local/lib/python3.10/site-packages/airflow/example_dags/example_short_circuit_operator.py
[2024-12-12T15:52:19.164+0000] {processor.py:826} INFO - Processing file /home/vscode/.local/lib/python3.10/site-packages/airflow/example_dags/example_short_circuit_operator.py for tasks to queue
[2024-12-12T15:52:19.165+0000] {logging_mixin.py:150} INFO - [2024-12-12T15:52:19.164+0000] {dagbag.py:541} INFO - Filling up the DagBag from /home/vscode/.local/lib/python3.10/site-packages/airflow/example_dags/example_short_circuit_operator.py
[2024-12-12T15:52:19.170+0000] {processor.py:836} INFO - DAG(s) dict_keys(['example_short_circuit_operator']) retrieved from /home/vscode/.local/lib/python3.10/site-packages/airflow/example_dags/example_short_circuit_operator.py
[2024-12-12T15:52:19.182+0000] {logging_mixin.py:150} INFO - [2024-12-12T15:52:19.182+0000] {dag.py:2742} INFO - Sync 1 DAGs
[2024-12-12T15:52:19.195+0000] {logging_mixin.py:150} INFO - [2024-12-12T15:52:19.195+0000] {dag.py:3504} INFO - Setting next_dagrun for example_short_circuit_operator to 2024-12-11T15:52:19.195192+00:00, run_after=2024-12-12T15:52:19.195192+00:00
[2024-12-12T15:52:19.212+0000] {processor.py:179} INFO - Processing /home/vscode/.local/lib/python3.10/site-packages/airflow/example_dags/example_short_circuit_operator.py took 0.050 seconds
[2024-12-12T15:53:03.157+0000] {processor.py:157} INFO - Started process (PID=41981) to work on /home/vscode/.local/lib/python3.10/site-packages/airflow/example_dags/example_short_circuit_operator.py
[2024-12-12T15:53:03.158+0000] {processor.py:826} INFO - Processing file /home/vscode/.local/lib/python3.10/site-packages/airflow/example_dags/example_short_circuit_operator.py for tasks to queue
[2024-12-12T15:53:03.158+0000] {logging_mixin.py:150} INFO - [2024-12-12T15:53:03.158+0000] {dagbag.py:541} INFO - Filling up the DagBag from /home/vscode/.local/lib/python3.10/site-packages/airflow/example_dags/example_short_circuit_operator.py
[2024-12-12T15:53:03.164+0000] {processor.py:836} INFO - DAG(s) dict_keys(['example_short_circuit_operator']) retrieved from /home/vscode/.local/lib/python3.10/site-packages/airflow/example_dags/example_short_circuit_operator.py
[2024-12-12T15:53:03.176+0000] {logging_mixin.py:150} INFO - [2024-12-12T15:53:03.176+0000] {dag.py:2742} INFO - Sync 1 DAGs
[2024-12-12T15:53:03.190+0000] {logging_mixin.py:150} INFO - [2024-12-12T15:53:03.190+0000] {dag.py:3504} INFO - Setting next_dagrun for example_short_circuit_operator to 2024-12-11T15:53:03.190131+00:00, run_after=2024-12-12T15:53:03.190131+00:00
[2024-12-12T15:53:03.205+0000] {processor.py:179} INFO - Processing /home/vscode/.local/lib/python3.10/site-packages/airflow/example_dags/example_short_circuit_operator.py took 0.050 seconds
[2024-12-12T15:53:45.265+0000] {processor.py:157} INFO - Started process (PID=42288) to work on /home/vscode/.local/lib/python3.10/site-packages/airflow/example_dags/example_short_circuit_operator.py
[2024-12-12T15:53:45.266+0000] {processor.py:826} INFO - Processing file /home/vscode/.local/lib/python3.10/site-packages/airflow/example_dags/example_short_circuit_operator.py for tasks to queue
[2024-12-12T15:53:45.267+0000] {logging_mixin.py:150} INFO - [2024-12-12T15:53:45.266+0000] {dagbag.py:541} INFO - Filling up the DagBag from /home/vscode/.local/lib/python3.10/site-packages/airflow/example_dags/example_short_circuit_operator.py
[2024-12-12T15:53:45.272+0000] {processor.py:836} INFO - DAG(s) dict_keys(['example_short_circuit_operator']) retrieved from /home/vscode/.local/lib/python3.10/site-packages/airflow/example_dags/example_short_circuit_operator.py
[2024-12-12T15:53:45.285+0000] {logging_mixin.py:150} INFO - [2024-12-12T15:53:45.285+0000] {dag.py:2742} INFO - Sync 1 DAGs
[2024-12-12T15:53:45.298+0000] {logging_mixin.py:150} INFO - [2024-12-12T15:53:45.298+0000] {dag.py:3504} INFO - Setting next_dagrun for example_short_circuit_operator to 2024-12-11T15:53:45.298184+00:00, run_after=2024-12-12T15:53:45.298184+00:00
[2024-12-12T15:53:45.316+0000] {processor.py:179} INFO - Processing /home/vscode/.local/lib/python3.10/site-packages/airflow/example_dags/example_short_circuit_operator.py took 0.052 seconds
[2024-12-12T15:54:33.833+0000] {processor.py:157} INFO - Started process (PID=42621) to work on /home/vscode/.local/lib/python3.10/site-packages/airflow/example_dags/example_short_circuit_operator.py
[2024-12-12T15:54:33.834+0000] {processor.py:826} INFO - Processing file /home/vscode/.local/lib/python3.10/site-packages/airflow/example_dags/example_short_circuit_operator.py for tasks to queue
[2024-12-12T15:54:33.834+0000] {logging_mixin.py:150} INFO - [2024-12-12T15:54:33.834+0000] {dagbag.py:541} INFO - Filling up the DagBag from /home/vscode/.local/lib/python3.10/site-packages/airflow/example_dags/example_short_circuit_operator.py
[2024-12-12T15:54:33.840+0000] {processor.py:836} INFO - DAG(s) dict_keys(['example_short_circuit_operator']) retrieved from /home/vscode/.local/lib/python3.10/site-packages/airflow/example_dags/example_short_circuit_operator.py
[2024-12-12T15:54:33.853+0000] {logging_mixin.py:150} INFO - [2024-12-12T15:54:33.852+0000] {dag.py:2742} INFO - Sync 1 DAGs
[2024-12-12T15:54:33.866+0000] {logging_mixin.py:150} INFO - [2024-12-12T15:54:33.866+0000] {dag.py:3504} INFO - Setting next_dagrun for example_short_circuit_operator to 2024-12-11T15:54:33.866539+00:00, run_after=2024-12-12T15:54:33.866539+00:00
[2024-12-12T15:54:33.881+0000] {processor.py:179} INFO - Processing /home/vscode/.local/lib/python3.10/site-packages/airflow/example_dags/example_short_circuit_operator.py took 0.050 seconds
[2024-12-12T15:55:17.595+0000] {processor.py:157} INFO - Started process (PID=42926) to work on /home/vscode/.local/lib/python3.10/site-packages/airflow/example_dags/example_short_circuit_operator.py
[2024-12-12T15:55:17.595+0000] {processor.py:826} INFO - Processing file /home/vscode/.local/lib/python3.10/site-packages/airflow/example_dags/example_short_circuit_operator.py for tasks to queue
[2024-12-12T15:55:17.596+0000] {logging_mixin.py:150} INFO - [2024-12-12T15:55:17.596+0000] {dagbag.py:541} INFO - Filling up the DagBag from /home/vscode/.local/lib/python3.10/site-packages/airflow/example_dags/example_short_circuit_operator.py
[2024-12-12T15:55:17.601+0000] {processor.py:836} INFO - DAG(s) dict_keys(['example_short_circuit_operator']) retrieved from /home/vscode/.local/lib/python3.10/site-packages/airflow/example_dags/example_short_circuit_operator.py
[2024-12-12T15:55:17.614+0000] {logging_mixin.py:150} INFO - [2024-12-12T15:55:17.614+0000] {dag.py:2742} INFO - Sync 1 DAGs
[2024-12-12T15:55:17.627+0000] {logging_mixin.py:150} INFO - [2024-12-12T15:55:17.627+0000] {dag.py:3504} INFO - Setting next_dagrun for example_short_circuit_operator to 2024-12-11T15:55:17.626982+00:00, run_after=2024-12-12T15:55:17.626982+00:00
[2024-12-12T15:55:17.643+0000] {processor.py:179} INFO - Processing /home/vscode/.local/lib/python3.10/site-packages/airflow/example_dags/example_short_circuit_operator.py took 0.051 seconds
[2024-12-12T15:56:05.723+0000] {processor.py:157} INFO - Started process (PID=43245) to work on /home/vscode/.local/lib/python3.10/site-packages/airflow/example_dags/example_short_circuit_operator.py
[2024-12-12T15:56:05.724+0000] {processor.py:826} INFO - Processing file /home/vscode/.local/lib/python3.10/site-packages/airflow/example_dags/example_short_circuit_operator.py for tasks to queue
[2024-12-12T15:56:05.724+0000] {logging_mixin.py:150} INFO - [2024-12-12T15:56:05.724+0000] {dagbag.py:541} INFO - Filling up the DagBag from /home/vscode/.local/lib/python3.10/site-packages/airflow/example_dags/example_short_circuit_operator.py
[2024-12-12T15:56:05.730+0000] {processor.py:836} INFO - DAG(s) dict_keys(['example_short_circuit_operator']) retrieved from /home/vscode/.local/lib/python3.10/site-packages/airflow/example_dags/example_short_circuit_operator.py
[2024-12-12T15:56:05.742+0000] {logging_mixin.py:150} INFO - [2024-12-12T15:56:05.742+0000] {dag.py:2742} INFO - Sync 1 DAGs
[2024-12-12T15:56:05.755+0000] {logging_mixin.py:150} INFO - [2024-12-12T15:56:05.755+0000] {dag.py:3504} INFO - Setting next_dagrun for example_short_circuit_operator to 2024-12-11T15:56:05.755541+00:00, run_after=2024-12-12T15:56:05.755541+00:00
[2024-12-12T15:56:05.770+0000] {processor.py:179} INFO - Processing /home/vscode/.local/lib/python3.10/site-packages/airflow/example_dags/example_short_circuit_operator.py took 0.049 seconds
[2024-12-12T15:56:48.147+0000] {processor.py:157} INFO - Started process (PID=43547) to work on /home/vscode/.local/lib/python3.10/site-packages/airflow/example_dags/example_short_circuit_operator.py
[2024-12-12T15:56:48.148+0000] {processor.py:826} INFO - Processing file /home/vscode/.local/lib/python3.10/site-packages/airflow/example_dags/example_short_circuit_operator.py for tasks to queue
[2024-12-12T15:56:48.149+0000] {logging_mixin.py:150} INFO - [2024-12-12T15:56:48.148+0000] {dagbag.py:541} INFO - Filling up the DagBag from /home/vscode/.local/lib/python3.10/site-packages/airflow/example_dags/example_short_circuit_operator.py
[2024-12-12T15:56:48.154+0000] {processor.py:836} INFO - DAG(s) dict_keys(['example_short_circuit_operator']) retrieved from /home/vscode/.local/lib/python3.10/site-packages/airflow/example_dags/example_short_circuit_operator.py
[2024-12-12T15:56:48.167+0000] {logging_mixin.py:150} INFO - [2024-12-12T15:56:48.167+0000] {dag.py:2742} INFO - Sync 1 DAGs
[2024-12-12T15:56:48.180+0000] {logging_mixin.py:150} INFO - [2024-12-12T15:56:48.180+0000] {dag.py:3504} INFO - Setting next_dagrun for example_short_circuit_operator to 2024-12-11T15:56:48.180508+00:00, run_after=2024-12-12T15:56:48.180508+00:00
[2024-12-12T15:56:48.194+0000] {processor.py:179} INFO - Processing /home/vscode/.local/lib/python3.10/site-packages/airflow/example_dags/example_short_circuit_operator.py took 0.049 seconds
[2024-12-12T15:57:29.341+0000] {processor.py:157} INFO - Started process (PID=43833) to work on /home/vscode/.local/lib/python3.10/site-packages/airflow/example_dags/example_short_circuit_operator.py
[2024-12-12T15:57:29.342+0000] {processor.py:826} INFO - Processing file /home/vscode/.local/lib/python3.10/site-packages/airflow/example_dags/example_short_circuit_operator.py for tasks to queue
[2024-12-12T15:57:29.343+0000] {logging_mixin.py:150} INFO - [2024-12-12T15:57:29.342+0000] {dagbag.py:541} INFO - Filling up the DagBag from /home/vscode/.local/lib/python3.10/site-packages/airflow/example_dags/example_short_circuit_operator.py
[2024-12-12T15:57:29.348+0000] {processor.py:836} INFO - DAG(s) dict_keys(['example_short_circuit_operator']) retrieved from /home/vscode/.local/lib/python3.10/site-packages/airflow/example_dags/example_short_circuit_operator.py
[2024-12-12T15:57:29.361+0000] {logging_mixin.py:150} INFO - [2024-12-12T15:57:29.361+0000] {dag.py:2742} INFO - Sync 1 DAGs
[2024-12-12T15:57:29.374+0000] {logging_mixin.py:150} INFO - [2024-12-12T15:57:29.374+0000] {dag.py:3504} INFO - Setting next_dagrun for example_short_circuit_operator to 2024-12-11T15:57:29.373917+00:00, run_after=2024-12-12T15:57:29.373917+00:00
[2024-12-12T15:57:29.388+0000] {processor.py:179} INFO - Processing /home/vscode/.local/lib/python3.10/site-packages/airflow/example_dags/example_short_circuit_operator.py took 0.048 seconds
[2024-12-12T15:58:16.816+0000] {processor.py:157} INFO - Started process (PID=44168) to work on /home/vscode/.local/lib/python3.10/site-packages/airflow/example_dags/example_short_circuit_operator.py
[2024-12-12T15:58:16.817+0000] {processor.py:826} INFO - Processing file /home/vscode/.local/lib/python3.10/site-packages/airflow/example_dags/example_short_circuit_operator.py for tasks to queue
[2024-12-12T15:58:16.817+0000] {logging_mixin.py:150} INFO - [2024-12-12T15:58:16.817+0000] {dagbag.py:541} INFO - Filling up the DagBag from /home/vscode/.local/lib/python3.10/site-packages/airflow/example_dags/example_short_circuit_operator.py
[2024-12-12T15:58:16.823+0000] {processor.py:836} INFO - DAG(s) dict_keys(['example_short_circuit_operator']) retrieved from /home/vscode/.local/lib/python3.10/site-packages/airflow/example_dags/example_short_circuit_operator.py
[2024-12-12T15:58:16.836+0000] {logging_mixin.py:150} INFO - [2024-12-12T15:58:16.836+0000] {dag.py:2742} INFO - Sync 1 DAGs
[2024-12-12T15:58:16.849+0000] {logging_mixin.py:150} INFO - [2024-12-12T15:58:16.849+0000] {dag.py:3504} INFO - Setting next_dagrun for example_short_circuit_operator to 2024-12-11T15:58:16.849557+00:00, run_after=2024-12-12T15:58:16.849557+00:00
[2024-12-12T15:58:16.865+0000] {processor.py:179} INFO - Processing /home/vscode/.local/lib/python3.10/site-packages/airflow/example_dags/example_short_circuit_operator.py took 0.051 seconds
[2024-12-12T15:59:01.698+0000] {processor.py:157} INFO - Started process (PID=44550) to work on /home/vscode/.local/lib/python3.10/site-packages/airflow/example_dags/example_short_circuit_operator.py
[2024-12-12T15:59:01.699+0000] {processor.py:826} INFO - Processing file /home/vscode/.local/lib/python3.10/site-packages/airflow/example_dags/example_short_circuit_operator.py for tasks to queue
[2024-12-12T15:59:01.699+0000] {logging_mixin.py:150} INFO - [2024-12-12T15:59:01.699+0000] {dagbag.py:541} INFO - Filling up the DagBag from /home/vscode/.local/lib/python3.10/site-packages/airflow/example_dags/example_short_circuit_operator.py
[2024-12-12T15:59:01.705+0000] {processor.py:836} INFO - DAG(s) dict_keys(['example_short_circuit_operator']) retrieved from /home/vscode/.local/lib/python3.10/site-packages/airflow/example_dags/example_short_circuit_operator.py
[2024-12-12T15:59:01.717+0000] {logging_mixin.py:150} INFO - [2024-12-12T15:59:01.717+0000] {dag.py:2742} INFO - Sync 1 DAGs
[2024-12-12T15:59:01.730+0000] {logging_mixin.py:150} INFO - [2024-12-12T15:59:01.730+0000] {dag.py:3504} INFO - Setting next_dagrun for example_short_circuit_operator to 2024-12-11T15:59:01.730618+00:00, run_after=2024-12-12T15:59:01.730618+00:00
[2024-12-12T15:59:01.745+0000] {processor.py:179} INFO - Processing /home/vscode/.local/lib/python3.10/site-packages/airflow/example_dags/example_short_circuit_operator.py took 0.049 seconds
[2024-12-12T15:59:40.525+0000] {processor.py:157} INFO - Started process (PID=44835) to work on /home/vscode/.local/lib/python3.10/site-packages/airflow/example_dags/example_short_circuit_operator.py
[2024-12-12T15:59:40.525+0000] {processor.py:826} INFO - Processing file /home/vscode/.local/lib/python3.10/site-packages/airflow/example_dags/example_short_circuit_operator.py for tasks to queue
[2024-12-12T15:59:40.526+0000] {logging_mixin.py:150} INFO - [2024-12-12T15:59:40.526+0000] {dagbag.py:541} INFO - Filling up the DagBag from /home/vscode/.local/lib/python3.10/site-packages/airflow/example_dags/example_short_circuit_operator.py
[2024-12-12T15:59:40.531+0000] {processor.py:836} INFO - DAG(s) dict_keys(['example_short_circuit_operator']) retrieved from /home/vscode/.local/lib/python3.10/site-packages/airflow/example_dags/example_short_circuit_operator.py
[2024-12-12T15:59:40.544+0000] {logging_mixin.py:150} INFO - [2024-12-12T15:59:40.544+0000] {dag.py:2742} INFO - Sync 1 DAGs
[2024-12-12T15:59:40.557+0000] {logging_mixin.py:150} INFO - [2024-12-12T15:59:40.556+0000] {dag.py:3504} INFO - Setting next_dagrun for example_short_circuit_operator to 2024-12-11T15:59:40.556741+00:00, run_after=2024-12-12T15:59:40.556741+00:00
[2024-12-12T15:59:40.570+0000] {processor.py:179} INFO - Processing /home/vscode/.local/lib/python3.10/site-packages/airflow/example_dags/example_short_circuit_operator.py took 0.048 seconds
[2024-12-12T16:00:27.227+0000] {processor.py:157} INFO - Started process (PID=45173) to work on /home/vscode/.local/lib/python3.10/site-packages/airflow/example_dags/example_short_circuit_operator.py
[2024-12-12T16:00:27.228+0000] {processor.py:826} INFO - Processing file /home/vscode/.local/lib/python3.10/site-packages/airflow/example_dags/example_short_circuit_operator.py for tasks to queue
[2024-12-12T16:00:27.229+0000] {logging_mixin.py:150} INFO - [2024-12-12T16:00:27.229+0000] {dagbag.py:541} INFO - Filling up the DagBag from /home/vscode/.local/lib/python3.10/site-packages/airflow/example_dags/example_short_circuit_operator.py
[2024-12-12T16:00:27.235+0000] {processor.py:836} INFO - DAG(s) dict_keys(['example_short_circuit_operator']) retrieved from /home/vscode/.local/lib/python3.10/site-packages/airflow/example_dags/example_short_circuit_operator.py
[2024-12-12T16:00:27.247+0000] {logging_mixin.py:150} INFO - [2024-12-12T16:00:27.247+0000] {dag.py:2742} INFO - Sync 1 DAGs
[2024-12-12T16:00:27.260+0000] {logging_mixin.py:150} INFO - [2024-12-12T16:00:27.260+0000] {dag.py:3504} INFO - Setting next_dagrun for example_short_circuit_operator to 2024-12-11T16:00:27.260421+00:00, run_after=2024-12-12T16:00:27.260421+00:00
[2024-12-12T16:00:27.280+0000] {processor.py:179} INFO - Processing /home/vscode/.local/lib/python3.10/site-packages/airflow/example_dags/example_short_circuit_operator.py took 0.054 seconds
[2024-12-12T16:01:11.043+0000] {processor.py:157} INFO - Started process (PID=45483) to work on /home/vscode/.local/lib/python3.10/site-packages/airflow/example_dags/example_short_circuit_operator.py
[2024-12-12T16:01:11.043+0000] {processor.py:826} INFO - Processing file /home/vscode/.local/lib/python3.10/site-packages/airflow/example_dags/example_short_circuit_operator.py for tasks to queue
[2024-12-12T16:01:11.044+0000] {logging_mixin.py:150} INFO - [2024-12-12T16:01:11.044+0000] {dagbag.py:541} INFO - Filling up the DagBag from /home/vscode/.local/lib/python3.10/site-packages/airflow/example_dags/example_short_circuit_operator.py
[2024-12-12T16:01:11.050+0000] {processor.py:836} INFO - DAG(s) dict_keys(['example_short_circuit_operator']) retrieved from /home/vscode/.local/lib/python3.10/site-packages/airflow/example_dags/example_short_circuit_operator.py
[2024-12-12T16:01:11.062+0000] {logging_mixin.py:150} INFO - [2024-12-12T16:01:11.062+0000] {dag.py:2742} INFO - Sync 1 DAGs
[2024-12-12T16:01:11.075+0000] {logging_mixin.py:150} INFO - [2024-12-12T16:01:11.075+0000] {dag.py:3504} INFO - Setting next_dagrun for example_short_circuit_operator to 2024-12-11T16:01:11.074950+00:00, run_after=2024-12-12T16:01:11.074950+00:00
[2024-12-12T16:01:11.089+0000] {processor.py:179} INFO - Processing /home/vscode/.local/lib/python3.10/site-packages/airflow/example_dags/example_short_circuit_operator.py took 0.048 seconds
[2024-12-12T16:01:57.371+0000] {processor.py:157} INFO - Started process (PID=45812) to work on /home/vscode/.local/lib/python3.10/site-packages/airflow/example_dags/example_short_circuit_operator.py
[2024-12-12T16:01:57.372+0000] {processor.py:826} INFO - Processing file /home/vscode/.local/lib/python3.10/site-packages/airflow/example_dags/example_short_circuit_operator.py for tasks to queue
[2024-12-12T16:01:57.373+0000] {logging_mixin.py:150} INFO - [2024-12-12T16:01:57.372+0000] {dagbag.py:541} INFO - Filling up the DagBag from /home/vscode/.local/lib/python3.10/site-packages/airflow/example_dags/example_short_circuit_operator.py
[2024-12-12T16:01:57.378+0000] {processor.py:836} INFO - DAG(s) dict_keys(['example_short_circuit_operator']) retrieved from /home/vscode/.local/lib/python3.10/site-packages/airflow/example_dags/example_short_circuit_operator.py
[2024-12-12T16:01:57.391+0000] {logging_mixin.py:150} INFO - [2024-12-12T16:01:57.391+0000] {dag.py:2742} INFO - Sync 1 DAGs
[2024-12-12T16:01:57.405+0000] {logging_mixin.py:150} INFO - [2024-12-12T16:01:57.405+0000] {dag.py:3504} INFO - Setting next_dagrun for example_short_circuit_operator to 2024-12-11T16:01:57.405667+00:00, run_after=2024-12-12T16:01:57.405667+00:00
[2024-12-12T16:01:57.420+0000] {processor.py:179} INFO - Processing /home/vscode/.local/lib/python3.10/site-packages/airflow/example_dags/example_short_circuit_operator.py took 0.051 seconds
[2024-12-12T16:02:37.801+0000] {processor.py:157} INFO - Started process (PID=46104) to work on /home/vscode/.local/lib/python3.10/site-packages/airflow/example_dags/example_short_circuit_operator.py
[2024-12-12T16:02:37.801+0000] {processor.py:826} INFO - Processing file /home/vscode/.local/lib/python3.10/site-packages/airflow/example_dags/example_short_circuit_operator.py for tasks to queue
[2024-12-12T16:02:37.802+0000] {logging_mixin.py:150} INFO - [2024-12-12T16:02:37.802+0000] {dagbag.py:541} INFO - Filling up the DagBag from /home/vscode/.local/lib/python3.10/site-packages/airflow/example_dags/example_short_circuit_operator.py
[2024-12-12T16:02:37.808+0000] {processor.py:836} INFO - DAG(s) dict_keys(['example_short_circuit_operator']) retrieved from /home/vscode/.local/lib/python3.10/site-packages/airflow/example_dags/example_short_circuit_operator.py
[2024-12-12T16:02:37.821+0000] {logging_mixin.py:150} INFO - [2024-12-12T16:02:37.821+0000] {dag.py:2742} INFO - Sync 1 DAGs
[2024-12-12T16:02:37.834+0000] {logging_mixin.py:150} INFO - [2024-12-12T16:02:37.834+0000] {dag.py:3504} INFO - Setting next_dagrun for example_short_circuit_operator to 2024-12-11T16:02:37.834077+00:00, run_after=2024-12-12T16:02:37.834077+00:00
[2024-12-12T16:02:37.849+0000] {processor.py:179} INFO - Processing /home/vscode/.local/lib/python3.10/site-packages/airflow/example_dags/example_short_circuit_operator.py took 0.050 seconds
[2024-12-12T16:03:20.176+0000] {processor.py:157} INFO - Started process (PID=46408) to work on /home/vscode/.local/lib/python3.10/site-packages/airflow/example_dags/example_short_circuit_operator.py
[2024-12-12T16:03:20.176+0000] {processor.py:826} INFO - Processing file /home/vscode/.local/lib/python3.10/site-packages/airflow/example_dags/example_short_circuit_operator.py for tasks to queue
[2024-12-12T16:03:20.177+0000] {logging_mixin.py:150} INFO - [2024-12-12T16:03:20.177+0000] {dagbag.py:541} INFO - Filling up the DagBag from /home/vscode/.local/lib/python3.10/site-packages/airflow/example_dags/example_short_circuit_operator.py
[2024-12-12T16:03:20.182+0000] {processor.py:836} INFO - DAG(s) dict_keys(['example_short_circuit_operator']) retrieved from /home/vscode/.local/lib/python3.10/site-packages/airflow/example_dags/example_short_circuit_operator.py
[2024-12-12T16:03:20.195+0000] {logging_mixin.py:150} INFO - [2024-12-12T16:03:20.194+0000] {dag.py:2742} INFO - Sync 1 DAGs
[2024-12-12T16:03:20.208+0000] {logging_mixin.py:150} INFO - [2024-12-12T16:03:20.207+0000] {dag.py:3504} INFO - Setting next_dagrun for example_short_circuit_operator to 2024-12-11T16:03:20.207738+00:00, run_after=2024-12-12T16:03:20.207738+00:00
[2024-12-12T16:03:20.224+0000] {processor.py:179} INFO - Processing /home/vscode/.local/lib/python3.10/site-packages/airflow/example_dags/example_short_circuit_operator.py took 0.050 seconds
