[2024-12-12T15:30:46.571+0000] {processor.py:157} INFO - Started process (PID=30974) to work on /home/vscode/.local/lib/python3.10/site-packages/airflow/example_dags/tutorial_taskflow_api_virtualenv.py
[2024-12-12T15:30:46.571+0000] {processor.py:826} INFO - Processing file /home/vscode/.local/lib/python3.10/site-packages/airflow/example_dags/tutorial_taskflow_api_virtualenv.py for tasks to queue
[2024-12-12T15:30:46.572+0000] {logging_mixin.py:150} INFO - [2024-12-12T15:30:46.572+0000] {dagbag.py:541} INFO - Filling up the DagBag from /home/vscode/.local/lib/python3.10/site-packages/airflow/example_dags/tutorial_taskflow_api_virtualenv.py
[2024-12-12T15:30:46.577+0000] {processor.py:836} INFO - DAG(s) dict_keys(['tutorial_taskflow_api_virtualenv']) retrieved from /home/vscode/.local/lib/python3.10/site-packages/airflow/example_dags/tutorial_taskflow_api_virtualenv.py
[2024-12-12T15:30:46.733+0000] {logging_mixin.py:150} INFO - [2024-12-12T15:30:46.733+0000] {manager.py:504} INFO - Created Permission View: can delete on DAG:tutorial_taskflow_api_virtualenv
[2024-12-12T15:30:46.741+0000] {logging_mixin.py:150} INFO - [2024-12-12T15:30:46.741+0000] {manager.py:504} INFO - Created Permission View: can read on DAG:tutorial_taskflow_api_virtualenv
[2024-12-12T15:30:46.746+0000] {logging_mixin.py:150} INFO - [2024-12-12T15:30:46.746+0000] {manager.py:504} INFO - Created Permission View: can edit on DAG:tutorial_taskflow_api_virtualenv
[2024-12-12T15:30:46.753+0000] {logging_mixin.py:150} INFO - [2024-12-12T15:30:46.753+0000] {dag.py:2742} INFO - Sync 1 DAGs
[2024-12-12T15:30:46.759+0000] {logging_mixin.py:150} INFO - [2024-12-12T15:30:46.759+0000] {dag.py:2763} INFO - Creating ORM DAG for tutorial_taskflow_api_virtualenv
[2024-12-12T15:30:46.764+0000] {logging_mixin.py:150} INFO - [2024-12-12T15:30:46.764+0000] {dag.py:3504} INFO - Setting next_dagrun for tutorial_taskflow_api_virtualenv to None, run_after=None
[2024-12-12T15:30:46.777+0000] {processor.py:179} INFO - Processing /home/vscode/.local/lib/python3.10/site-packages/airflow/example_dags/tutorial_taskflow_api_virtualenv.py took 0.209 seconds
[2024-12-12T15:31:32.729+0000] {processor.py:157} INFO - Started process (PID=31328) to work on /home/vscode/.local/lib/python3.10/site-packages/airflow/example_dags/tutorial_taskflow_api_virtualenv.py
[2024-12-12T15:31:32.729+0000] {processor.py:826} INFO - Processing file /home/vscode/.local/lib/python3.10/site-packages/airflow/example_dags/tutorial_taskflow_api_virtualenv.py for tasks to queue
[2024-12-12T15:31:32.730+0000] {logging_mixin.py:150} INFO - [2024-12-12T15:31:32.730+0000] {dagbag.py:541} INFO - Filling up the DagBag from /home/vscode/.local/lib/python3.10/site-packages/airflow/example_dags/tutorial_taskflow_api_virtualenv.py
[2024-12-12T15:31:32.735+0000] {processor.py:836} INFO - DAG(s) dict_keys(['tutorial_taskflow_api_virtualenv']) retrieved from /home/vscode/.local/lib/python3.10/site-packages/airflow/example_dags/tutorial_taskflow_api_virtualenv.py
[2024-12-12T15:31:32.746+0000] {logging_mixin.py:150} INFO - [2024-12-12T15:31:32.745+0000] {dag.py:2742} INFO - Sync 1 DAGs
[2024-12-12T15:31:32.759+0000] {logging_mixin.py:150} INFO - [2024-12-12T15:31:32.759+0000] {dag.py:3504} INFO - Setting next_dagrun for tutorial_taskflow_api_virtualenv to None, run_after=None
[2024-12-12T15:31:32.773+0000] {processor.py:179} INFO - Processing /home/vscode/.local/lib/python3.10/site-packages/airflow/example_dags/tutorial_taskflow_api_virtualenv.py took 0.046 seconds
[2024-12-12T15:32:16.976+0000] {processor.py:157} INFO - Started process (PID=31670) to work on /home/vscode/.local/lib/python3.10/site-packages/airflow/example_dags/tutorial_taskflow_api_virtualenv.py
[2024-12-12T15:32:16.977+0000] {processor.py:826} INFO - Processing file /home/vscode/.local/lib/python3.10/site-packages/airflow/example_dags/tutorial_taskflow_api_virtualenv.py for tasks to queue
[2024-12-12T15:32:16.977+0000] {logging_mixin.py:150} INFO - [2024-12-12T15:32:16.977+0000] {dagbag.py:541} INFO - Filling up the DagBag from /home/vscode/.local/lib/python3.10/site-packages/airflow/example_dags/tutorial_taskflow_api_virtualenv.py
[2024-12-12T15:32:16.983+0000] {processor.py:836} INFO - DAG(s) dict_keys(['tutorial_taskflow_api_virtualenv']) retrieved from /home/vscode/.local/lib/python3.10/site-packages/airflow/example_dags/tutorial_taskflow_api_virtualenv.py
[2024-12-12T15:32:16.994+0000] {logging_mixin.py:150} INFO - [2024-12-12T15:32:16.994+0000] {dag.py:2742} INFO - Sync 1 DAGs
[2024-12-12T15:32:17.007+0000] {logging_mixin.py:150} INFO - [2024-12-12T15:32:17.007+0000] {dag.py:3504} INFO - Setting next_dagrun for tutorial_taskflow_api_virtualenv to None, run_after=None
[2024-12-12T15:32:17.021+0000] {processor.py:179} INFO - Processing /home/vscode/.local/lib/python3.10/site-packages/airflow/example_dags/tutorial_taskflow_api_virtualenv.py took 0.047 seconds
[2024-12-12T15:33:01.671+0000] {processor.py:157} INFO - Started process (PID=32013) to work on /home/vscode/.local/lib/python3.10/site-packages/airflow/example_dags/tutorial_taskflow_api_virtualenv.py
[2024-12-12T15:33:01.672+0000] {processor.py:826} INFO - Processing file /home/vscode/.local/lib/python3.10/site-packages/airflow/example_dags/tutorial_taskflow_api_virtualenv.py for tasks to queue
[2024-12-12T15:33:01.673+0000] {logging_mixin.py:150} INFO - [2024-12-12T15:33:01.672+0000] {dagbag.py:541} INFO - Filling up the DagBag from /home/vscode/.local/lib/python3.10/site-packages/airflow/example_dags/tutorial_taskflow_api_virtualenv.py
[2024-12-12T15:33:01.677+0000] {processor.py:836} INFO - DAG(s) dict_keys(['tutorial_taskflow_api_virtualenv']) retrieved from /home/vscode/.local/lib/python3.10/site-packages/airflow/example_dags/tutorial_taskflow_api_virtualenv.py
[2024-12-12T15:33:01.688+0000] {logging_mixin.py:150} INFO - [2024-12-12T15:33:01.688+0000] {dag.py:2742} INFO - Sync 1 DAGs
[2024-12-12T15:33:01.701+0000] {logging_mixin.py:150} INFO - [2024-12-12T15:33:01.701+0000] {dag.py:3504} INFO - Setting next_dagrun for tutorial_taskflow_api_virtualenv to None, run_after=None
[2024-12-12T15:33:01.715+0000] {processor.py:179} INFO - Processing /home/vscode/.local/lib/python3.10/site-packages/airflow/example_dags/tutorial_taskflow_api_virtualenv.py took 0.046 seconds
[2024-12-12T15:33:47.152+0000] {processor.py:157} INFO - Started process (PID=32350) to work on /home/vscode/.local/lib/python3.10/site-packages/airflow/example_dags/tutorial_taskflow_api_virtualenv.py
[2024-12-12T15:33:47.153+0000] {processor.py:826} INFO - Processing file /home/vscode/.local/lib/python3.10/site-packages/airflow/example_dags/tutorial_taskflow_api_virtualenv.py for tasks to queue
[2024-12-12T15:33:47.153+0000] {logging_mixin.py:150} INFO - [2024-12-12T15:33:47.153+0000] {dagbag.py:541} INFO - Filling up the DagBag from /home/vscode/.local/lib/python3.10/site-packages/airflow/example_dags/tutorial_taskflow_api_virtualenv.py
[2024-12-12T15:33:47.158+0000] {processor.py:836} INFO - DAG(s) dict_keys(['tutorial_taskflow_api_virtualenv']) retrieved from /home/vscode/.local/lib/python3.10/site-packages/airflow/example_dags/tutorial_taskflow_api_virtualenv.py
[2024-12-12T15:33:47.169+0000] {logging_mixin.py:150} INFO - [2024-12-12T15:33:47.169+0000] {dag.py:2742} INFO - Sync 1 DAGs
[2024-12-12T15:33:47.182+0000] {logging_mixin.py:150} INFO - [2024-12-12T15:33:47.182+0000] {dag.py:3504} INFO - Setting next_dagrun for tutorial_taskflow_api_virtualenv to None, run_after=None
[2024-12-12T15:33:47.196+0000] {processor.py:179} INFO - Processing /home/vscode/.local/lib/python3.10/site-packages/airflow/example_dags/tutorial_taskflow_api_virtualenv.py took 0.046 seconds
[2024-12-12T15:34:28.947+0000] {processor.py:157} INFO - Started process (PID=32634) to work on /home/vscode/.local/lib/python3.10/site-packages/airflow/example_dags/tutorial_taskflow_api_virtualenv.py
[2024-12-12T15:34:28.948+0000] {processor.py:826} INFO - Processing file /home/vscode/.local/lib/python3.10/site-packages/airflow/example_dags/tutorial_taskflow_api_virtualenv.py for tasks to queue
[2024-12-12T15:34:28.949+0000] {logging_mixin.py:150} INFO - [2024-12-12T15:34:28.948+0000] {dagbag.py:541} INFO - Filling up the DagBag from /home/vscode/.local/lib/python3.10/site-packages/airflow/example_dags/tutorial_taskflow_api_virtualenv.py
[2024-12-12T15:34:28.953+0000] {processor.py:836} INFO - DAG(s) dict_keys(['tutorial_taskflow_api_virtualenv']) retrieved from /home/vscode/.local/lib/python3.10/site-packages/airflow/example_dags/tutorial_taskflow_api_virtualenv.py
[2024-12-12T15:34:28.964+0000] {logging_mixin.py:150} INFO - [2024-12-12T15:34:28.964+0000] {dag.py:2742} INFO - Sync 1 DAGs
[2024-12-12T15:34:28.977+0000] {logging_mixin.py:150} INFO - [2024-12-12T15:34:28.977+0000] {dag.py:3504} INFO - Setting next_dagrun for tutorial_taskflow_api_virtualenv to None, run_after=None
[2024-12-12T15:34:28.990+0000] {processor.py:179} INFO - Processing /home/vscode/.local/lib/python3.10/site-packages/airflow/example_dags/tutorial_taskflow_api_virtualenv.py took 0.045 seconds
[2024-12-12T15:35:13.261+0000] {processor.py:157} INFO - Started process (PID=32937) to work on /home/vscode/.local/lib/python3.10/site-packages/airflow/example_dags/tutorial_taskflow_api_virtualenv.py
[2024-12-12T15:35:13.262+0000] {processor.py:826} INFO - Processing file /home/vscode/.local/lib/python3.10/site-packages/airflow/example_dags/tutorial_taskflow_api_virtualenv.py for tasks to queue
[2024-12-12T15:35:13.263+0000] {logging_mixin.py:150} INFO - [2024-12-12T15:35:13.262+0000] {dagbag.py:541} INFO - Filling up the DagBag from /home/vscode/.local/lib/python3.10/site-packages/airflow/example_dags/tutorial_taskflow_api_virtualenv.py
[2024-12-12T15:35:13.267+0000] {processor.py:836} INFO - DAG(s) dict_keys(['tutorial_taskflow_api_virtualenv']) retrieved from /home/vscode/.local/lib/python3.10/site-packages/airflow/example_dags/tutorial_taskflow_api_virtualenv.py
[2024-12-12T15:35:13.279+0000] {logging_mixin.py:150} INFO - [2024-12-12T15:35:13.278+0000] {dag.py:2742} INFO - Sync 1 DAGs
[2024-12-12T15:35:13.291+0000] {logging_mixin.py:150} INFO - [2024-12-12T15:35:13.291+0000] {dag.py:3504} INFO - Setting next_dagrun for tutorial_taskflow_api_virtualenv to None, run_after=None
[2024-12-12T15:35:13.306+0000] {processor.py:179} INFO - Processing /home/vscode/.local/lib/python3.10/site-packages/airflow/example_dags/tutorial_taskflow_api_virtualenv.py took 0.047 seconds
[2024-12-12T15:35:56.200+0000] {processor.py:157} INFO - Started process (PID=33263) to work on /home/vscode/.local/lib/python3.10/site-packages/airflow/example_dags/tutorial_taskflow_api_virtualenv.py
[2024-12-12T15:35:56.200+0000] {processor.py:826} INFO - Processing file /home/vscode/.local/lib/python3.10/site-packages/airflow/example_dags/tutorial_taskflow_api_virtualenv.py for tasks to queue
[2024-12-12T15:35:56.201+0000] {logging_mixin.py:150} INFO - [2024-12-12T15:35:56.201+0000] {dagbag.py:541} INFO - Filling up the DagBag from /home/vscode/.local/lib/python3.10/site-packages/airflow/example_dags/tutorial_taskflow_api_virtualenv.py
[2024-12-12T15:35:56.206+0000] {processor.py:836} INFO - DAG(s) dict_keys(['tutorial_taskflow_api_virtualenv']) retrieved from /home/vscode/.local/lib/python3.10/site-packages/airflow/example_dags/tutorial_taskflow_api_virtualenv.py
[2024-12-12T15:35:56.217+0000] {logging_mixin.py:150} INFO - [2024-12-12T15:35:56.216+0000] {dag.py:2742} INFO - Sync 1 DAGs
[2024-12-12T15:35:56.230+0000] {logging_mixin.py:150} INFO - [2024-12-12T15:35:56.230+0000] {dag.py:3504} INFO - Setting next_dagrun for tutorial_taskflow_api_virtualenv to None, run_after=None
[2024-12-12T15:35:56.244+0000] {processor.py:179} INFO - Processing /home/vscode/.local/lib/python3.10/site-packages/airflow/example_dags/tutorial_taskflow_api_virtualenv.py took 0.046 seconds
[2024-12-12T15:36:37.295+0000] {processor.py:157} INFO - Started process (PID=33785) to work on /home/vscode/.local/lib/python3.10/site-packages/airflow/example_dags/tutorial_taskflow_api_virtualenv.py
[2024-12-12T15:36:37.296+0000] {processor.py:826} INFO - Processing file /home/vscode/.local/lib/python3.10/site-packages/airflow/example_dags/tutorial_taskflow_api_virtualenv.py for tasks to queue
[2024-12-12T15:36:37.296+0000] {logging_mixin.py:150} INFO - [2024-12-12T15:36:37.296+0000] {dagbag.py:541} INFO - Filling up the DagBag from /home/vscode/.local/lib/python3.10/site-packages/airflow/example_dags/tutorial_taskflow_api_virtualenv.py
[2024-12-12T15:36:37.301+0000] {processor.py:836} INFO - DAG(s) dict_keys(['tutorial_taskflow_api_virtualenv']) retrieved from /home/vscode/.local/lib/python3.10/site-packages/airflow/example_dags/tutorial_taskflow_api_virtualenv.py
[2024-12-12T15:36:37.312+0000] {logging_mixin.py:150} INFO - [2024-12-12T15:36:37.312+0000] {dag.py:2742} INFO - Sync 1 DAGs
[2024-12-12T15:36:37.325+0000] {logging_mixin.py:150} INFO - [2024-12-12T15:36:37.325+0000] {dag.py:3504} INFO - Setting next_dagrun for tutorial_taskflow_api_virtualenv to None, run_after=None
[2024-12-12T15:36:37.338+0000] {processor.py:179} INFO - Processing /home/vscode/.local/lib/python3.10/site-packages/airflow/example_dags/tutorial_taskflow_api_virtualenv.py took 0.045 seconds
[2024-12-12T15:37:21.822+0000] {processor.py:157} INFO - Started process (PID=34162) to work on /home/vscode/.local/lib/python3.10/site-packages/airflow/example_dags/tutorial_taskflow_api_virtualenv.py
[2024-12-12T15:37:21.822+0000] {processor.py:826} INFO - Processing file /home/vscode/.local/lib/python3.10/site-packages/airflow/example_dags/tutorial_taskflow_api_virtualenv.py for tasks to queue
[2024-12-12T15:37:21.823+0000] {logging_mixin.py:150} INFO - [2024-12-12T15:37:21.822+0000] {dagbag.py:541} INFO - Filling up the DagBag from /home/vscode/.local/lib/python3.10/site-packages/airflow/example_dags/tutorial_taskflow_api_virtualenv.py
[2024-12-12T15:37:21.828+0000] {processor.py:836} INFO - DAG(s) dict_keys(['tutorial_taskflow_api_virtualenv']) retrieved from /home/vscode/.local/lib/python3.10/site-packages/airflow/example_dags/tutorial_taskflow_api_virtualenv.py
[2024-12-12T15:37:21.839+0000] {logging_mixin.py:150} INFO - [2024-12-12T15:37:21.839+0000] {dag.py:2742} INFO - Sync 1 DAGs
[2024-12-12T15:37:21.852+0000] {logging_mixin.py:150} INFO - [2024-12-12T15:37:21.852+0000] {dag.py:3504} INFO - Setting next_dagrun for tutorial_taskflow_api_virtualenv to None, run_after=None
[2024-12-12T15:37:21.867+0000] {processor.py:179} INFO - Processing /home/vscode/.local/lib/python3.10/site-packages/airflow/example_dags/tutorial_taskflow_api_virtualenv.py took 0.047 seconds
[2024-12-12T15:38:07.222+0000] {processor.py:157} INFO - Started process (PID=34490) to work on /home/vscode/.local/lib/python3.10/site-packages/airflow/example_dags/tutorial_taskflow_api_virtualenv.py
[2024-12-12T15:38:07.222+0000] {processor.py:826} INFO - Processing file /home/vscode/.local/lib/python3.10/site-packages/airflow/example_dags/tutorial_taskflow_api_virtualenv.py for tasks to queue
[2024-12-12T15:38:07.223+0000] {logging_mixin.py:150} INFO - [2024-12-12T15:38:07.223+0000] {dagbag.py:541} INFO - Filling up the DagBag from /home/vscode/.local/lib/python3.10/site-packages/airflow/example_dags/tutorial_taskflow_api_virtualenv.py
[2024-12-12T15:38:07.228+0000] {processor.py:836} INFO - DAG(s) dict_keys(['tutorial_taskflow_api_virtualenv']) retrieved from /home/vscode/.local/lib/python3.10/site-packages/airflow/example_dags/tutorial_taskflow_api_virtualenv.py
[2024-12-12T15:38:07.239+0000] {logging_mixin.py:150} INFO - [2024-12-12T15:38:07.239+0000] {dag.py:2742} INFO - Sync 1 DAGs
[2024-12-12T15:38:07.252+0000] {logging_mixin.py:150} INFO - [2024-12-12T15:38:07.252+0000] {dag.py:3504} INFO - Setting next_dagrun for tutorial_taskflow_api_virtualenv to None, run_after=None
[2024-12-12T15:38:07.266+0000] {processor.py:179} INFO - Processing /home/vscode/.local/lib/python3.10/site-packages/airflow/example_dags/tutorial_taskflow_api_virtualenv.py took 0.046 seconds
[2024-12-12T15:38:51.014+0000] {processor.py:157} INFO - Started process (PID=34962) to work on /home/vscode/.local/lib/python3.10/site-packages/airflow/example_dags/tutorial_taskflow_api_virtualenv.py
[2024-12-12T15:38:51.014+0000] {processor.py:826} INFO - Processing file /home/vscode/.local/lib/python3.10/site-packages/airflow/example_dags/tutorial_taskflow_api_virtualenv.py for tasks to queue
[2024-12-12T15:38:51.015+0000] {logging_mixin.py:150} INFO - [2024-12-12T15:38:51.015+0000] {dagbag.py:541} INFO - Filling up the DagBag from /home/vscode/.local/lib/python3.10/site-packages/airflow/example_dags/tutorial_taskflow_api_virtualenv.py
[2024-12-12T15:38:51.020+0000] {processor.py:836} INFO - DAG(s) dict_keys(['tutorial_taskflow_api_virtualenv']) retrieved from /home/vscode/.local/lib/python3.10/site-packages/airflow/example_dags/tutorial_taskflow_api_virtualenv.py
[2024-12-12T15:38:51.030+0000] {logging_mixin.py:150} INFO - [2024-12-12T15:38:51.030+0000] {dag.py:2742} INFO - Sync 1 DAGs
[2024-12-12T15:38:51.043+0000] {logging_mixin.py:150} INFO - [2024-12-12T15:38:51.043+0000] {dag.py:3504} INFO - Setting next_dagrun for tutorial_taskflow_api_virtualenv to None, run_after=None
[2024-12-12T15:38:51.059+0000] {processor.py:179} INFO - Processing /home/vscode/.local/lib/python3.10/site-packages/airflow/example_dags/tutorial_taskflow_api_virtualenv.py took 0.047 seconds
[2024-12-12T15:39:10.595+0000] {processor.py:157} INFO - Started process (PID=35276) to work on /home/vscode/.local/lib/python3.10/site-packages/airflow/example_dags/tutorial_taskflow_api_virtualenv.py
[2024-12-12T15:39:10.596+0000] {processor.py:826} INFO - Processing file /home/vscode/.local/lib/python3.10/site-packages/airflow/example_dags/tutorial_taskflow_api_virtualenv.py for tasks to queue
[2024-12-12T15:39:10.596+0000] {logging_mixin.py:150} INFO - [2024-12-12T15:39:10.596+0000] {dagbag.py:541} INFO - Filling up the DagBag from /home/vscode/.local/lib/python3.10/site-packages/airflow/example_dags/tutorial_taskflow_api_virtualenv.py
[2024-12-12T15:39:10.601+0000] {processor.py:836} INFO - DAG(s) dict_keys(['tutorial_taskflow_api_virtualenv']) retrieved from /home/vscode/.local/lib/python3.10/site-packages/airflow/example_dags/tutorial_taskflow_api_virtualenv.py
[2024-12-12T15:39:10.687+0000] {logging_mixin.py:150} INFO - [2024-12-12T15:39:10.686+0000] {dag.py:2742} INFO - Sync 1 DAGs
[2024-12-12T15:39:10.698+0000] {logging_mixin.py:150} INFO - [2024-12-12T15:39:10.698+0000] {dag.py:3504} INFO - Setting next_dagrun for tutorial_taskflow_api_virtualenv to None, run_after=None
[2024-12-12T15:39:10.711+0000] {processor.py:179} INFO - Processing /home/vscode/.local/lib/python3.10/site-packages/airflow/example_dags/tutorial_taskflow_api_virtualenv.py took 0.118 seconds
[2024-12-12T15:39:55.569+0000] {processor.py:157} INFO - Started process (PID=35608) to work on /home/vscode/.local/lib/python3.10/site-packages/airflow/example_dags/tutorial_taskflow_api_virtualenv.py
[2024-12-12T15:39:55.569+0000] {processor.py:826} INFO - Processing file /home/vscode/.local/lib/python3.10/site-packages/airflow/example_dags/tutorial_taskflow_api_virtualenv.py for tasks to queue
[2024-12-12T15:39:55.570+0000] {logging_mixin.py:150} INFO - [2024-12-12T15:39:55.570+0000] {dagbag.py:541} INFO - Filling up the DagBag from /home/vscode/.local/lib/python3.10/site-packages/airflow/example_dags/tutorial_taskflow_api_virtualenv.py
[2024-12-12T15:39:55.575+0000] {processor.py:836} INFO - DAG(s) dict_keys(['tutorial_taskflow_api_virtualenv']) retrieved from /home/vscode/.local/lib/python3.10/site-packages/airflow/example_dags/tutorial_taskflow_api_virtualenv.py
[2024-12-12T15:39:55.586+0000] {logging_mixin.py:150} INFO - [2024-12-12T15:39:55.586+0000] {dag.py:2742} INFO - Sync 1 DAGs
[2024-12-12T15:39:55.600+0000] {logging_mixin.py:150} INFO - [2024-12-12T15:39:55.600+0000] {dag.py:3504} INFO - Setting next_dagrun for tutorial_taskflow_api_virtualenv to None, run_after=None
[2024-12-12T15:39:55.615+0000] {processor.py:179} INFO - Processing /home/vscode/.local/lib/python3.10/site-packages/airflow/example_dags/tutorial_taskflow_api_virtualenv.py took 0.048 seconds
[2024-12-12T15:40:39.567+0000] {processor.py:157} INFO - Started process (PID=36093) to work on /home/vscode/.local/lib/python3.10/site-packages/airflow/example_dags/tutorial_taskflow_api_virtualenv.py
[2024-12-12T15:40:39.568+0000] {processor.py:826} INFO - Processing file /home/vscode/.local/lib/python3.10/site-packages/airflow/example_dags/tutorial_taskflow_api_virtualenv.py for tasks to queue
[2024-12-12T15:40:39.568+0000] {logging_mixin.py:150} INFO - [2024-12-12T15:40:39.568+0000] {dagbag.py:541} INFO - Filling up the DagBag from /home/vscode/.local/lib/python3.10/site-packages/airflow/example_dags/tutorial_taskflow_api_virtualenv.py
[2024-12-12T15:40:39.573+0000] {processor.py:836} INFO - DAG(s) dict_keys(['tutorial_taskflow_api_virtualenv']) retrieved from /home/vscode/.local/lib/python3.10/site-packages/airflow/example_dags/tutorial_taskflow_api_virtualenv.py
[2024-12-12T15:40:39.584+0000] {logging_mixin.py:150} INFO - [2024-12-12T15:40:39.584+0000] {dag.py:2742} INFO - Sync 1 DAGs
[2024-12-12T15:40:39.597+0000] {logging_mixin.py:150} INFO - [2024-12-12T15:40:39.597+0000] {dag.py:3504} INFO - Setting next_dagrun for tutorial_taskflow_api_virtualenv to None, run_after=None
[2024-12-12T15:40:39.611+0000] {processor.py:179} INFO - Processing /home/vscode/.local/lib/python3.10/site-packages/airflow/example_dags/tutorial_taskflow_api_virtualenv.py took 0.046 seconds
[2024-12-12T15:41:23.358+0000] {processor.py:157} INFO - Started process (PID=36439) to work on /home/vscode/.local/lib/python3.10/site-packages/airflow/example_dags/tutorial_taskflow_api_virtualenv.py
[2024-12-12T15:41:23.358+0000] {processor.py:826} INFO - Processing file /home/vscode/.local/lib/python3.10/site-packages/airflow/example_dags/tutorial_taskflow_api_virtualenv.py for tasks to queue
[2024-12-12T15:41:23.359+0000] {logging_mixin.py:150} INFO - [2024-12-12T15:41:23.358+0000] {dagbag.py:541} INFO - Filling up the DagBag from /home/vscode/.local/lib/python3.10/site-packages/airflow/example_dags/tutorial_taskflow_api_virtualenv.py
[2024-12-12T15:41:23.364+0000] {processor.py:836} INFO - DAG(s) dict_keys(['tutorial_taskflow_api_virtualenv']) retrieved from /home/vscode/.local/lib/python3.10/site-packages/airflow/example_dags/tutorial_taskflow_api_virtualenv.py
[2024-12-12T15:41:23.375+0000] {logging_mixin.py:150} INFO - [2024-12-12T15:41:23.374+0000] {dag.py:2742} INFO - Sync 1 DAGs
[2024-12-12T15:41:23.387+0000] {logging_mixin.py:150} INFO - [2024-12-12T15:41:23.387+0000] {dag.py:3504} INFO - Setting next_dagrun for tutorial_taskflow_api_virtualenv to None, run_after=None
[2024-12-12T15:41:23.401+0000] {processor.py:179} INFO - Processing /home/vscode/.local/lib/python3.10/site-packages/airflow/example_dags/tutorial_taskflow_api_virtualenv.py took 0.046 seconds
[2024-12-12T15:42:06.958+0000] {processor.py:157} INFO - Started process (PID=36777) to work on /home/vscode/.local/lib/python3.10/site-packages/airflow/example_dags/tutorial_taskflow_api_virtualenv.py
[2024-12-12T15:42:06.959+0000] {processor.py:826} INFO - Processing file /home/vscode/.local/lib/python3.10/site-packages/airflow/example_dags/tutorial_taskflow_api_virtualenv.py for tasks to queue
[2024-12-12T15:42:06.959+0000] {logging_mixin.py:150} INFO - [2024-12-12T15:42:06.959+0000] {dagbag.py:541} INFO - Filling up the DagBag from /home/vscode/.local/lib/python3.10/site-packages/airflow/example_dags/tutorial_taskflow_api_virtualenv.py
[2024-12-12T15:42:06.966+0000] {processor.py:836} INFO - DAG(s) dict_keys(['tutorial_taskflow_api_virtualenv']) retrieved from /home/vscode/.local/lib/python3.10/site-packages/airflow/example_dags/tutorial_taskflow_api_virtualenv.py
[2024-12-12T15:42:06.976+0000] {logging_mixin.py:150} INFO - [2024-12-12T15:42:06.976+0000] {dag.py:2742} INFO - Sync 1 DAGs
[2024-12-12T15:42:06.989+0000] {logging_mixin.py:150} INFO - [2024-12-12T15:42:06.989+0000] {dag.py:3504} INFO - Setting next_dagrun for tutorial_taskflow_api_virtualenv to None, run_after=None
[2024-12-12T15:42:07.005+0000] {processor.py:179} INFO - Processing /home/vscode/.local/lib/python3.10/site-packages/airflow/example_dags/tutorial_taskflow_api_virtualenv.py took 0.049 seconds
[2024-12-12T15:42:54.490+0000] {processor.py:157} INFO - Started process (PID=37212) to work on /home/vscode/.local/lib/python3.10/site-packages/airflow/example_dags/tutorial_taskflow_api_virtualenv.py
[2024-12-12T15:42:54.491+0000] {processor.py:826} INFO - Processing file /home/vscode/.local/lib/python3.10/site-packages/airflow/example_dags/tutorial_taskflow_api_virtualenv.py for tasks to queue
[2024-12-12T15:42:54.491+0000] {logging_mixin.py:150} INFO - [2024-12-12T15:42:54.491+0000] {dagbag.py:541} INFO - Filling up the DagBag from /home/vscode/.local/lib/python3.10/site-packages/airflow/example_dags/tutorial_taskflow_api_virtualenv.py
[2024-12-12T15:42:54.496+0000] {processor.py:836} INFO - DAG(s) dict_keys(['tutorial_taskflow_api_virtualenv']) retrieved from /home/vscode/.local/lib/python3.10/site-packages/airflow/example_dags/tutorial_taskflow_api_virtualenv.py
[2024-12-12T15:42:54.507+0000] {logging_mixin.py:150} INFO - [2024-12-12T15:42:54.507+0000] {dag.py:2742} INFO - Sync 1 DAGs
[2024-12-12T15:42:54.521+0000] {logging_mixin.py:150} INFO - [2024-12-12T15:42:54.520+0000] {dag.py:3504} INFO - Setting next_dagrun for tutorial_taskflow_api_virtualenv to None, run_after=None
[2024-12-12T15:42:54.534+0000] {processor.py:179} INFO - Processing /home/vscode/.local/lib/python3.10/site-packages/airflow/example_dags/tutorial_taskflow_api_virtualenv.py took 0.046 seconds
[2024-12-12T15:43:41.678+0000] {processor.py:157} INFO - Started process (PID=37587) to work on /home/vscode/.local/lib/python3.10/site-packages/airflow/example_dags/tutorial_taskflow_api_virtualenv.py
[2024-12-12T15:43:41.678+0000] {processor.py:826} INFO - Processing file /home/vscode/.local/lib/python3.10/site-packages/airflow/example_dags/tutorial_taskflow_api_virtualenv.py for tasks to queue
[2024-12-12T15:43:41.679+0000] {logging_mixin.py:150} INFO - [2024-12-12T15:43:41.679+0000] {dagbag.py:541} INFO - Filling up the DagBag from /home/vscode/.local/lib/python3.10/site-packages/airflow/example_dags/tutorial_taskflow_api_virtualenv.py
[2024-12-12T15:43:41.684+0000] {processor.py:836} INFO - DAG(s) dict_keys(['tutorial_taskflow_api_virtualenv']) retrieved from /home/vscode/.local/lib/python3.10/site-packages/airflow/example_dags/tutorial_taskflow_api_virtualenv.py
[2024-12-12T15:43:41.694+0000] {logging_mixin.py:150} INFO - [2024-12-12T15:43:41.694+0000] {dag.py:2742} INFO - Sync 1 DAGs
[2024-12-12T15:43:41.707+0000] {logging_mixin.py:150} INFO - [2024-12-12T15:43:41.707+0000] {dag.py:3504} INFO - Setting next_dagrun for tutorial_taskflow_api_virtualenv to None, run_after=None
[2024-12-12T15:43:41.721+0000] {processor.py:179} INFO - Processing /home/vscode/.local/lib/python3.10/site-packages/airflow/example_dags/tutorial_taskflow_api_virtualenv.py took 0.045 seconds
[2024-12-12T15:44:24.987+0000] {processor.py:157} INFO - Started process (PID=37946) to work on /home/vscode/.local/lib/python3.10/site-packages/airflow/example_dags/tutorial_taskflow_api_virtualenv.py
[2024-12-12T15:44:24.987+0000] {processor.py:826} INFO - Processing file /home/vscode/.local/lib/python3.10/site-packages/airflow/example_dags/tutorial_taskflow_api_virtualenv.py for tasks to queue
[2024-12-12T15:44:24.988+0000] {logging_mixin.py:150} INFO - [2024-12-12T15:44:24.988+0000] {dagbag.py:541} INFO - Filling up the DagBag from /home/vscode/.local/lib/python3.10/site-packages/airflow/example_dags/tutorial_taskflow_api_virtualenv.py
[2024-12-12T15:44:24.993+0000] {processor.py:836} INFO - DAG(s) dict_keys(['tutorial_taskflow_api_virtualenv']) retrieved from /home/vscode/.local/lib/python3.10/site-packages/airflow/example_dags/tutorial_taskflow_api_virtualenv.py
[2024-12-12T15:44:25.005+0000] {logging_mixin.py:150} INFO - [2024-12-12T15:44:25.005+0000] {dag.py:2742} INFO - Sync 1 DAGs
[2024-12-12T15:44:25.019+0000] {logging_mixin.py:150} INFO - [2024-12-12T15:44:25.019+0000] {dag.py:3504} INFO - Setting next_dagrun for tutorial_taskflow_api_virtualenv to None, run_after=None
[2024-12-12T15:44:25.034+0000] {processor.py:179} INFO - Processing /home/vscode/.local/lib/python3.10/site-packages/airflow/example_dags/tutorial_taskflow_api_virtualenv.py took 0.050 seconds
[2024-12-12T15:45:06.130+0000] {processor.py:157} INFO - Started process (PID=38270) to work on /home/vscode/.local/lib/python3.10/site-packages/airflow/example_dags/tutorial_taskflow_api_virtualenv.py
[2024-12-12T15:45:06.132+0000] {processor.py:826} INFO - Processing file /home/vscode/.local/lib/python3.10/site-packages/airflow/example_dags/tutorial_taskflow_api_virtualenv.py for tasks to queue
[2024-12-12T15:45:06.133+0000] {logging_mixin.py:150} INFO - [2024-12-12T15:45:06.132+0000] {dagbag.py:541} INFO - Filling up the DagBag from /home/vscode/.local/lib/python3.10/site-packages/airflow/example_dags/tutorial_taskflow_api_virtualenv.py
[2024-12-12T15:45:06.139+0000] {processor.py:836} INFO - DAG(s) dict_keys(['tutorial_taskflow_api_virtualenv']) retrieved from /home/vscode/.local/lib/python3.10/site-packages/airflow/example_dags/tutorial_taskflow_api_virtualenv.py
[2024-12-12T15:45:06.155+0000] {logging_mixin.py:150} INFO - [2024-12-12T15:45:06.155+0000] {dag.py:2742} INFO - Sync 1 DAGs
[2024-12-12T15:45:06.175+0000] {logging_mixin.py:150} INFO - [2024-12-12T15:45:06.174+0000] {dag.py:3504} INFO - Setting next_dagrun for tutorial_taskflow_api_virtualenv to None, run_after=None
[2024-12-12T15:45:06.191+0000] {processor.py:179} INFO - Processing /home/vscode/.local/lib/python3.10/site-packages/airflow/example_dags/tutorial_taskflow_api_virtualenv.py took 0.064 seconds
[2024-12-12T15:45:48.933+0000] {processor.py:157} INFO - Started process (PID=38602) to work on /home/vscode/.local/lib/python3.10/site-packages/airflow/example_dags/tutorial_taskflow_api_virtualenv.py
[2024-12-12T15:45:48.934+0000] {processor.py:826} INFO - Processing file /home/vscode/.local/lib/python3.10/site-packages/airflow/example_dags/tutorial_taskflow_api_virtualenv.py for tasks to queue
[2024-12-12T15:45:48.935+0000] {logging_mixin.py:150} INFO - [2024-12-12T15:45:48.934+0000] {dagbag.py:541} INFO - Filling up the DagBag from /home/vscode/.local/lib/python3.10/site-packages/airflow/example_dags/tutorial_taskflow_api_virtualenv.py
[2024-12-12T15:45:48.940+0000] {processor.py:836} INFO - DAG(s) dict_keys(['tutorial_taskflow_api_virtualenv']) retrieved from /home/vscode/.local/lib/python3.10/site-packages/airflow/example_dags/tutorial_taskflow_api_virtualenv.py
[2024-12-12T15:45:48.951+0000] {logging_mixin.py:150} INFO - [2024-12-12T15:45:48.951+0000] {dag.py:2742} INFO - Sync 1 DAGs
[2024-12-12T15:45:48.965+0000] {logging_mixin.py:150} INFO - [2024-12-12T15:45:48.965+0000] {dag.py:3504} INFO - Setting next_dagrun for tutorial_taskflow_api_virtualenv to None, run_after=None
[2024-12-12T15:45:48.979+0000] {processor.py:179} INFO - Processing /home/vscode/.local/lib/python3.10/site-packages/airflow/example_dags/tutorial_taskflow_api_virtualenv.py took 0.048 seconds
[2024-12-12T15:46:35.111+0000] {processor.py:157} INFO - Started process (PID=38973) to work on /home/vscode/.local/lib/python3.10/site-packages/airflow/example_dags/tutorial_taskflow_api_virtualenv.py
[2024-12-12T15:46:35.111+0000] {processor.py:826} INFO - Processing file /home/vscode/.local/lib/python3.10/site-packages/airflow/example_dags/tutorial_taskflow_api_virtualenv.py for tasks to queue
[2024-12-12T15:46:35.112+0000] {logging_mixin.py:150} INFO - [2024-12-12T15:46:35.112+0000] {dagbag.py:541} INFO - Filling up the DagBag from /home/vscode/.local/lib/python3.10/site-packages/airflow/example_dags/tutorial_taskflow_api_virtualenv.py
[2024-12-12T15:46:35.118+0000] {processor.py:836} INFO - DAG(s) dict_keys(['tutorial_taskflow_api_virtualenv']) retrieved from /home/vscode/.local/lib/python3.10/site-packages/airflow/example_dags/tutorial_taskflow_api_virtualenv.py
[2024-12-12T15:46:35.130+0000] {logging_mixin.py:150} INFO - [2024-12-12T15:46:35.130+0000] {dag.py:2742} INFO - Sync 1 DAGs
[2024-12-12T15:46:35.144+0000] {logging_mixin.py:150} INFO - [2024-12-12T15:46:35.143+0000] {dag.py:3504} INFO - Setting next_dagrun for tutorial_taskflow_api_virtualenv to None, run_after=None
[2024-12-12T15:46:35.157+0000] {processor.py:179} INFO - Processing /home/vscode/.local/lib/python3.10/site-packages/airflow/example_dags/tutorial_taskflow_api_virtualenv.py took 0.049 seconds
[2024-12-12T15:47:25.302+0000] {processor.py:157} INFO - Started process (PID=39363) to work on /home/vscode/.local/lib/python3.10/site-packages/airflow/example_dags/tutorial_taskflow_api_virtualenv.py
[2024-12-12T15:47:25.303+0000] {processor.py:826} INFO - Processing file /home/vscode/.local/lib/python3.10/site-packages/airflow/example_dags/tutorial_taskflow_api_virtualenv.py for tasks to queue
[2024-12-12T15:47:25.303+0000] {logging_mixin.py:150} INFO - [2024-12-12T15:47:25.303+0000] {dagbag.py:541} INFO - Filling up the DagBag from /home/vscode/.local/lib/python3.10/site-packages/airflow/example_dags/tutorial_taskflow_api_virtualenv.py
[2024-12-12T15:47:25.308+0000] {processor.py:836} INFO - DAG(s) dict_keys(['tutorial_taskflow_api_virtualenv']) retrieved from /home/vscode/.local/lib/python3.10/site-packages/airflow/example_dags/tutorial_taskflow_api_virtualenv.py
[2024-12-12T15:47:25.319+0000] {logging_mixin.py:150} INFO - [2024-12-12T15:47:25.319+0000] {dag.py:2742} INFO - Sync 1 DAGs
[2024-12-12T15:47:25.332+0000] {logging_mixin.py:150} INFO - [2024-12-12T15:47:25.331+0000] {dag.py:3504} INFO - Setting next_dagrun for tutorial_taskflow_api_virtualenv to None, run_after=None
[2024-12-12T15:47:25.346+0000] {processor.py:179} INFO - Processing /home/vscode/.local/lib/python3.10/site-packages/airflow/example_dags/tutorial_taskflow_api_virtualenv.py took 0.046 seconds
[2024-12-12T15:48:09.378+0000] {processor.py:157} INFO - Started process (PID=39708) to work on /home/vscode/.local/lib/python3.10/site-packages/airflow/example_dags/tutorial_taskflow_api_virtualenv.py
[2024-12-12T15:48:09.379+0000] {processor.py:826} INFO - Processing file /home/vscode/.local/lib/python3.10/site-packages/airflow/example_dags/tutorial_taskflow_api_virtualenv.py for tasks to queue
[2024-12-12T15:48:09.380+0000] {logging_mixin.py:150} INFO - [2024-12-12T15:48:09.379+0000] {dagbag.py:541} INFO - Filling up the DagBag from /home/vscode/.local/lib/python3.10/site-packages/airflow/example_dags/tutorial_taskflow_api_virtualenv.py
[2024-12-12T15:48:09.384+0000] {processor.py:836} INFO - DAG(s) dict_keys(['tutorial_taskflow_api_virtualenv']) retrieved from /home/vscode/.local/lib/python3.10/site-packages/airflow/example_dags/tutorial_taskflow_api_virtualenv.py
[2024-12-12T15:48:09.396+0000] {logging_mixin.py:150} INFO - [2024-12-12T15:48:09.395+0000] {dag.py:2742} INFO - Sync 1 DAGs
[2024-12-12T15:48:09.409+0000] {logging_mixin.py:150} INFO - [2024-12-12T15:48:09.409+0000] {dag.py:3504} INFO - Setting next_dagrun for tutorial_taskflow_api_virtualenv to None, run_after=None
[2024-12-12T15:48:09.424+0000] {processor.py:179} INFO - Processing /home/vscode/.local/lib/python3.10/site-packages/airflow/example_dags/tutorial_taskflow_api_virtualenv.py took 0.047 seconds
[2024-12-12T15:48:52.179+0000] {processor.py:157} INFO - Started process (PID=40062) to work on /home/vscode/.local/lib/python3.10/site-packages/airflow/example_dags/tutorial_taskflow_api_virtualenv.py
[2024-12-12T15:48:52.180+0000] {processor.py:826} INFO - Processing file /home/vscode/.local/lib/python3.10/site-packages/airflow/example_dags/tutorial_taskflow_api_virtualenv.py for tasks to queue
[2024-12-12T15:48:52.180+0000] {logging_mixin.py:150} INFO - [2024-12-12T15:48:52.180+0000] {dagbag.py:541} INFO - Filling up the DagBag from /home/vscode/.local/lib/python3.10/site-packages/airflow/example_dags/tutorial_taskflow_api_virtualenv.py
[2024-12-12T15:48:52.185+0000] {processor.py:836} INFO - DAG(s) dict_keys(['tutorial_taskflow_api_virtualenv']) retrieved from /home/vscode/.local/lib/python3.10/site-packages/airflow/example_dags/tutorial_taskflow_api_virtualenv.py
[2024-12-12T15:48:52.197+0000] {logging_mixin.py:150} INFO - [2024-12-12T15:48:52.197+0000] {dag.py:2742} INFO - Sync 1 DAGs
[2024-12-12T15:48:52.209+0000] {logging_mixin.py:150} INFO - [2024-12-12T15:48:52.209+0000] {dag.py:3504} INFO - Setting next_dagrun for tutorial_taskflow_api_virtualenv to None, run_after=None
[2024-12-12T15:48:52.224+0000] {processor.py:179} INFO - Processing /home/vscode/.local/lib/python3.10/site-packages/airflow/example_dags/tutorial_taskflow_api_virtualenv.py took 0.048 seconds
[2024-12-12T15:49:35.950+0000] {processor.py:157} INFO - Started process (PID=40405) to work on /home/vscode/.local/lib/python3.10/site-packages/airflow/example_dags/tutorial_taskflow_api_virtualenv.py
[2024-12-12T15:49:35.951+0000] {processor.py:826} INFO - Processing file /home/vscode/.local/lib/python3.10/site-packages/airflow/example_dags/tutorial_taskflow_api_virtualenv.py for tasks to queue
[2024-12-12T15:49:35.951+0000] {logging_mixin.py:150} INFO - [2024-12-12T15:49:35.951+0000] {dagbag.py:541} INFO - Filling up the DagBag from /home/vscode/.local/lib/python3.10/site-packages/airflow/example_dags/tutorial_taskflow_api_virtualenv.py
[2024-12-12T15:49:35.956+0000] {processor.py:836} INFO - DAG(s) dict_keys(['tutorial_taskflow_api_virtualenv']) retrieved from /home/vscode/.local/lib/python3.10/site-packages/airflow/example_dags/tutorial_taskflow_api_virtualenv.py
[2024-12-12T15:49:35.968+0000] {logging_mixin.py:150} INFO - [2024-12-12T15:49:35.967+0000] {dag.py:2742} INFO - Sync 1 DAGs
[2024-12-12T15:49:35.980+0000] {logging_mixin.py:150} INFO - [2024-12-12T15:49:35.980+0000] {dag.py:3504} INFO - Setting next_dagrun for tutorial_taskflow_api_virtualenv to None, run_after=None
[2024-12-12T15:49:35.994+0000] {processor.py:179} INFO - Processing /home/vscode/.local/lib/python3.10/site-packages/airflow/example_dags/tutorial_taskflow_api_virtualenv.py took 0.046 seconds
[2024-12-12T15:50:17.950+0000] {processor.py:157} INFO - Started process (PID=40739) to work on /home/vscode/.local/lib/python3.10/site-packages/airflow/example_dags/tutorial_taskflow_api_virtualenv.py
[2024-12-12T15:50:17.950+0000] {processor.py:826} INFO - Processing file /home/vscode/.local/lib/python3.10/site-packages/airflow/example_dags/tutorial_taskflow_api_virtualenv.py for tasks to queue
[2024-12-12T15:50:17.951+0000] {logging_mixin.py:150} INFO - [2024-12-12T15:50:17.951+0000] {dagbag.py:541} INFO - Filling up the DagBag from /home/vscode/.local/lib/python3.10/site-packages/airflow/example_dags/tutorial_taskflow_api_virtualenv.py
[2024-12-12T15:50:17.956+0000] {processor.py:836} INFO - DAG(s) dict_keys(['tutorial_taskflow_api_virtualenv']) retrieved from /home/vscode/.local/lib/python3.10/site-packages/airflow/example_dags/tutorial_taskflow_api_virtualenv.py
[2024-12-12T15:50:17.967+0000] {logging_mixin.py:150} INFO - [2024-12-12T15:50:17.967+0000] {dag.py:2742} INFO - Sync 1 DAGs
[2024-12-12T15:50:17.980+0000] {logging_mixin.py:150} INFO - [2024-12-12T15:50:17.980+0000] {dag.py:3504} INFO - Setting next_dagrun for tutorial_taskflow_api_virtualenv to None, run_after=None
[2024-12-12T15:50:17.994+0000] {processor.py:179} INFO - Processing /home/vscode/.local/lib/python3.10/site-packages/airflow/example_dags/tutorial_taskflow_api_virtualenv.py took 0.047 seconds
[2024-12-12T15:51:02.151+0000] {processor.py:157} INFO - Started process (PID=41082) to work on /home/vscode/.local/lib/python3.10/site-packages/airflow/example_dags/tutorial_taskflow_api_virtualenv.py
[2024-12-12T15:51:02.152+0000] {processor.py:826} INFO - Processing file /home/vscode/.local/lib/python3.10/site-packages/airflow/example_dags/tutorial_taskflow_api_virtualenv.py for tasks to queue
[2024-12-12T15:51:02.153+0000] {logging_mixin.py:150} INFO - [2024-12-12T15:51:02.152+0000] {dagbag.py:541} INFO - Filling up the DagBag from /home/vscode/.local/lib/python3.10/site-packages/airflow/example_dags/tutorial_taskflow_api_virtualenv.py
[2024-12-12T15:51:02.158+0000] {processor.py:836} INFO - DAG(s) dict_keys(['tutorial_taskflow_api_virtualenv']) retrieved from /home/vscode/.local/lib/python3.10/site-packages/airflow/example_dags/tutorial_taskflow_api_virtualenv.py
[2024-12-12T15:51:02.169+0000] {logging_mixin.py:150} INFO - [2024-12-12T15:51:02.169+0000] {dag.py:2742} INFO - Sync 1 DAGs
[2024-12-12T15:51:02.182+0000] {logging_mixin.py:150} INFO - [2024-12-12T15:51:02.182+0000] {dag.py:3504} INFO - Setting next_dagrun for tutorial_taskflow_api_virtualenv to None, run_after=None
[2024-12-12T15:51:02.196+0000] {processor.py:179} INFO - Processing /home/vscode/.local/lib/python3.10/site-packages/airflow/example_dags/tutorial_taskflow_api_virtualenv.py took 0.047 seconds
[2024-12-12T15:51:52.347+0000] {processor.py:157} INFO - Started process (PID=41476) to work on /home/vscode/.local/lib/python3.10/site-packages/airflow/example_dags/tutorial_taskflow_api_virtualenv.py
[2024-12-12T15:51:52.348+0000] {processor.py:826} INFO - Processing file /home/vscode/.local/lib/python3.10/site-packages/airflow/example_dags/tutorial_taskflow_api_virtualenv.py for tasks to queue
[2024-12-12T15:51:52.348+0000] {logging_mixin.py:150} INFO - [2024-12-12T15:51:52.348+0000] {dagbag.py:541} INFO - Filling up the DagBag from /home/vscode/.local/lib/python3.10/site-packages/airflow/example_dags/tutorial_taskflow_api_virtualenv.py
[2024-12-12T15:51:52.353+0000] {processor.py:836} INFO - DAG(s) dict_keys(['tutorial_taskflow_api_virtualenv']) retrieved from /home/vscode/.local/lib/python3.10/site-packages/airflow/example_dags/tutorial_taskflow_api_virtualenv.py
[2024-12-12T15:51:52.366+0000] {logging_mixin.py:150} INFO - [2024-12-12T15:51:52.366+0000] {dag.py:2742} INFO - Sync 1 DAGs
[2024-12-12T15:51:52.386+0000] {logging_mixin.py:150} INFO - [2024-12-12T15:51:52.385+0000] {dag.py:3504} INFO - Setting next_dagrun for tutorial_taskflow_api_virtualenv to None, run_after=None
[2024-12-12T15:51:52.401+0000] {processor.py:179} INFO - Processing /home/vscode/.local/lib/python3.10/site-packages/airflow/example_dags/tutorial_taskflow_api_virtualenv.py took 0.056 seconds
[2024-12-12T15:52:38.569+0000] {processor.py:157} INFO - Started process (PID=41813) to work on /home/vscode/.local/lib/python3.10/site-packages/airflow/example_dags/tutorial_taskflow_api_virtualenv.py
[2024-12-12T15:52:38.570+0000] {processor.py:826} INFO - Processing file /home/vscode/.local/lib/python3.10/site-packages/airflow/example_dags/tutorial_taskflow_api_virtualenv.py for tasks to queue
[2024-12-12T15:52:38.570+0000] {logging_mixin.py:150} INFO - [2024-12-12T15:52:38.570+0000] {dagbag.py:541} INFO - Filling up the DagBag from /home/vscode/.local/lib/python3.10/site-packages/airflow/example_dags/tutorial_taskflow_api_virtualenv.py
[2024-12-12T15:52:38.575+0000] {processor.py:836} INFO - DAG(s) dict_keys(['tutorial_taskflow_api_virtualenv']) retrieved from /home/vscode/.local/lib/python3.10/site-packages/airflow/example_dags/tutorial_taskflow_api_virtualenv.py
[2024-12-12T15:52:38.586+0000] {logging_mixin.py:150} INFO - [2024-12-12T15:52:38.586+0000] {dag.py:2742} INFO - Sync 1 DAGs
[2024-12-12T15:52:38.599+0000] {logging_mixin.py:150} INFO - [2024-12-12T15:52:38.599+0000] {dag.py:3504} INFO - Setting next_dagrun for tutorial_taskflow_api_virtualenv to None, run_after=None
[2024-12-12T15:52:38.613+0000] {processor.py:179} INFO - Processing /home/vscode/.local/lib/python3.10/site-packages/airflow/example_dags/tutorial_taskflow_api_virtualenv.py took 0.046 seconds
[2024-12-12T15:53:20.765+0000] {processor.py:157} INFO - Started process (PID=42105) to work on /home/vscode/.local/lib/python3.10/site-packages/airflow/example_dags/tutorial_taskflow_api_virtualenv.py
[2024-12-12T15:53:20.765+0000] {processor.py:826} INFO - Processing file /home/vscode/.local/lib/python3.10/site-packages/airflow/example_dags/tutorial_taskflow_api_virtualenv.py for tasks to queue
[2024-12-12T15:53:20.766+0000] {logging_mixin.py:150} INFO - [2024-12-12T15:53:20.766+0000] {dagbag.py:541} INFO - Filling up the DagBag from /home/vscode/.local/lib/python3.10/site-packages/airflow/example_dags/tutorial_taskflow_api_virtualenv.py
[2024-12-12T15:53:20.771+0000] {processor.py:836} INFO - DAG(s) dict_keys(['tutorial_taskflow_api_virtualenv']) retrieved from /home/vscode/.local/lib/python3.10/site-packages/airflow/example_dags/tutorial_taskflow_api_virtualenv.py
[2024-12-12T15:53:20.782+0000] {logging_mixin.py:150} INFO - [2024-12-12T15:53:20.782+0000] {dag.py:2742} INFO - Sync 1 DAGs
[2024-12-12T15:53:20.796+0000] {logging_mixin.py:150} INFO - [2024-12-12T15:53:20.796+0000] {dag.py:3504} INFO - Setting next_dagrun for tutorial_taskflow_api_virtualenv to None, run_after=None
[2024-12-12T15:53:20.809+0000] {processor.py:179} INFO - Processing /home/vscode/.local/lib/python3.10/site-packages/airflow/example_dags/tutorial_taskflow_api_virtualenv.py took 0.047 seconds
[2024-12-12T15:54:03.566+0000] {processor.py:157} INFO - Started process (PID=42415) to work on /home/vscode/.local/lib/python3.10/site-packages/airflow/example_dags/tutorial_taskflow_api_virtualenv.py
[2024-12-12T15:54:03.567+0000] {processor.py:826} INFO - Processing file /home/vscode/.local/lib/python3.10/site-packages/airflow/example_dags/tutorial_taskflow_api_virtualenv.py for tasks to queue
[2024-12-12T15:54:03.567+0000] {logging_mixin.py:150} INFO - [2024-12-12T15:54:03.567+0000] {dagbag.py:541} INFO - Filling up the DagBag from /home/vscode/.local/lib/python3.10/site-packages/airflow/example_dags/tutorial_taskflow_api_virtualenv.py
[2024-12-12T15:54:03.572+0000] {processor.py:836} INFO - DAG(s) dict_keys(['tutorial_taskflow_api_virtualenv']) retrieved from /home/vscode/.local/lib/python3.10/site-packages/airflow/example_dags/tutorial_taskflow_api_virtualenv.py
[2024-12-12T15:54:03.583+0000] {logging_mixin.py:150} INFO - [2024-12-12T15:54:03.583+0000] {dag.py:2742} INFO - Sync 1 DAGs
[2024-12-12T15:54:03.596+0000] {logging_mixin.py:150} INFO - [2024-12-12T15:54:03.596+0000] {dag.py:3504} INFO - Setting next_dagrun for tutorial_taskflow_api_virtualenv to None, run_after=None
[2024-12-12T15:54:03.610+0000] {processor.py:179} INFO - Processing /home/vscode/.local/lib/python3.10/site-packages/airflow/example_dags/tutorial_taskflow_api_virtualenv.py took 0.045 seconds
[2024-12-12T15:54:50.099+0000] {processor.py:157} INFO - Started process (PID=42736) to work on /home/vscode/.local/lib/python3.10/site-packages/airflow/example_dags/tutorial_taskflow_api_virtualenv.py
[2024-12-12T15:54:50.100+0000] {processor.py:826} INFO - Processing file /home/vscode/.local/lib/python3.10/site-packages/airflow/example_dags/tutorial_taskflow_api_virtualenv.py for tasks to queue
[2024-12-12T15:54:50.101+0000] {logging_mixin.py:150} INFO - [2024-12-12T15:54:50.100+0000] {dagbag.py:541} INFO - Filling up the DagBag from /home/vscode/.local/lib/python3.10/site-packages/airflow/example_dags/tutorial_taskflow_api_virtualenv.py
[2024-12-12T15:54:50.106+0000] {processor.py:836} INFO - DAG(s) dict_keys(['tutorial_taskflow_api_virtualenv']) retrieved from /home/vscode/.local/lib/python3.10/site-packages/airflow/example_dags/tutorial_taskflow_api_virtualenv.py
[2024-12-12T15:54:50.117+0000] {logging_mixin.py:150} INFO - [2024-12-12T15:54:50.116+0000] {dag.py:2742} INFO - Sync 1 DAGs
[2024-12-12T15:54:50.130+0000] {logging_mixin.py:150} INFO - [2024-12-12T15:54:50.129+0000] {dag.py:3504} INFO - Setting next_dagrun for tutorial_taskflow_api_virtualenv to None, run_after=None
[2024-12-12T15:54:50.146+0000] {processor.py:179} INFO - Processing /home/vscode/.local/lib/python3.10/site-packages/airflow/example_dags/tutorial_taskflow_api_virtualenv.py took 0.048 seconds
[2024-12-12T15:55:35.498+0000] {processor.py:157} INFO - Started process (PID=43047) to work on /home/vscode/.local/lib/python3.10/site-packages/airflow/example_dags/tutorial_taskflow_api_virtualenv.py
[2024-12-12T15:55:35.499+0000] {processor.py:826} INFO - Processing file /home/vscode/.local/lib/python3.10/site-packages/airflow/example_dags/tutorial_taskflow_api_virtualenv.py for tasks to queue
[2024-12-12T15:55:35.500+0000] {logging_mixin.py:150} INFO - [2024-12-12T15:55:35.499+0000] {dagbag.py:541} INFO - Filling up the DagBag from /home/vscode/.local/lib/python3.10/site-packages/airflow/example_dags/tutorial_taskflow_api_virtualenv.py
[2024-12-12T15:55:35.504+0000] {processor.py:836} INFO - DAG(s) dict_keys(['tutorial_taskflow_api_virtualenv']) retrieved from /home/vscode/.local/lib/python3.10/site-packages/airflow/example_dags/tutorial_taskflow_api_virtualenv.py
[2024-12-12T15:55:35.515+0000] {logging_mixin.py:150} INFO - [2024-12-12T15:55:35.515+0000] {dag.py:2742} INFO - Sync 1 DAGs
[2024-12-12T15:55:35.528+0000] {logging_mixin.py:150} INFO - [2024-12-12T15:55:35.528+0000] {dag.py:3504} INFO - Setting next_dagrun for tutorial_taskflow_api_virtualenv to None, run_after=None
[2024-12-12T15:55:35.541+0000] {processor.py:179} INFO - Processing /home/vscode/.local/lib/python3.10/site-packages/airflow/example_dags/tutorial_taskflow_api_virtualenv.py took 0.045 seconds
[2024-12-12T15:56:21.989+0000] {processor.py:157} INFO - Started process (PID=43358) to work on /home/vscode/.local/lib/python3.10/site-packages/airflow/example_dags/tutorial_taskflow_api_virtualenv.py
[2024-12-12T15:56:21.990+0000] {processor.py:826} INFO - Processing file /home/vscode/.local/lib/python3.10/site-packages/airflow/example_dags/tutorial_taskflow_api_virtualenv.py for tasks to queue
[2024-12-12T15:56:21.991+0000] {logging_mixin.py:150} INFO - [2024-12-12T15:56:21.990+0000] {dagbag.py:541} INFO - Filling up the DagBag from /home/vscode/.local/lib/python3.10/site-packages/airflow/example_dags/tutorial_taskflow_api_virtualenv.py
[2024-12-12T15:56:21.995+0000] {processor.py:836} INFO - DAG(s) dict_keys(['tutorial_taskflow_api_virtualenv']) retrieved from /home/vscode/.local/lib/python3.10/site-packages/airflow/example_dags/tutorial_taskflow_api_virtualenv.py
[2024-12-12T15:56:22.006+0000] {logging_mixin.py:150} INFO - [2024-12-12T15:56:22.006+0000] {dag.py:2742} INFO - Sync 1 DAGs
[2024-12-12T15:56:22.020+0000] {logging_mixin.py:150} INFO - [2024-12-12T15:56:22.020+0000] {dag.py:3504} INFO - Setting next_dagrun for tutorial_taskflow_api_virtualenv to None, run_after=None
[2024-12-12T15:56:22.034+0000] {processor.py:179} INFO - Processing /home/vscode/.local/lib/python3.10/site-packages/airflow/example_dags/tutorial_taskflow_api_virtualenv.py took 0.048 seconds
[2024-12-12T15:57:00.161+0000] {processor.py:157} INFO - Started process (PID=43626) to work on /home/vscode/.local/lib/python3.10/site-packages/airflow/example_dags/tutorial_taskflow_api_virtualenv.py
[2024-12-12T15:57:00.162+0000] {processor.py:826} INFO - Processing file /home/vscode/.local/lib/python3.10/site-packages/airflow/example_dags/tutorial_taskflow_api_virtualenv.py for tasks to queue
[2024-12-12T15:57:00.162+0000] {logging_mixin.py:150} INFO - [2024-12-12T15:57:00.162+0000] {dagbag.py:541} INFO - Filling up the DagBag from /home/vscode/.local/lib/python3.10/site-packages/airflow/example_dags/tutorial_taskflow_api_virtualenv.py
[2024-12-12T15:57:00.167+0000] {processor.py:836} INFO - DAG(s) dict_keys(['tutorial_taskflow_api_virtualenv']) retrieved from /home/vscode/.local/lib/python3.10/site-packages/airflow/example_dags/tutorial_taskflow_api_virtualenv.py
[2024-12-12T15:57:00.178+0000] {logging_mixin.py:150} INFO - [2024-12-12T15:57:00.178+0000] {dag.py:2742} INFO - Sync 1 DAGs
[2024-12-12T15:57:00.191+0000] {logging_mixin.py:150} INFO - [2024-12-12T15:57:00.191+0000] {dag.py:3504} INFO - Setting next_dagrun for tutorial_taskflow_api_virtualenv to None, run_after=None
[2024-12-12T15:57:00.206+0000] {processor.py:179} INFO - Processing /home/vscode/.local/lib/python3.10/site-packages/airflow/example_dags/tutorial_taskflow_api_virtualenv.py took 0.046 seconds
[2024-12-12T15:57:45.418+0000] {processor.py:157} INFO - Started process (PID=43942) to work on /home/vscode/.local/lib/python3.10/site-packages/airflow/example_dags/tutorial_taskflow_api_virtualenv.py
[2024-12-12T15:57:45.418+0000] {processor.py:826} INFO - Processing file /home/vscode/.local/lib/python3.10/site-packages/airflow/example_dags/tutorial_taskflow_api_virtualenv.py for tasks to queue
[2024-12-12T15:57:45.419+0000] {logging_mixin.py:150} INFO - [2024-12-12T15:57:45.419+0000] {dagbag.py:541} INFO - Filling up the DagBag from /home/vscode/.local/lib/python3.10/site-packages/airflow/example_dags/tutorial_taskflow_api_virtualenv.py
[2024-12-12T15:57:45.424+0000] {processor.py:836} INFO - DAG(s) dict_keys(['tutorial_taskflow_api_virtualenv']) retrieved from /home/vscode/.local/lib/python3.10/site-packages/airflow/example_dags/tutorial_taskflow_api_virtualenv.py
[2024-12-12T15:57:45.435+0000] {logging_mixin.py:150} INFO - [2024-12-12T15:57:45.435+0000] {dag.py:2742} INFO - Sync 1 DAGs
[2024-12-12T15:57:45.448+0000] {logging_mixin.py:150} INFO - [2024-12-12T15:57:45.448+0000] {dag.py:3504} INFO - Setting next_dagrun for tutorial_taskflow_api_virtualenv to None, run_after=None
[2024-12-12T15:57:45.462+0000] {processor.py:179} INFO - Processing /home/vscode/.local/lib/python3.10/site-packages/airflow/example_dags/tutorial_taskflow_api_virtualenv.py took 0.046 seconds
[2024-12-12T15:58:33.773+0000] {processor.py:157} INFO - Started process (PID=44305) to work on /home/vscode/.local/lib/python3.10/site-packages/airflow/example_dags/tutorial_taskflow_api_virtualenv.py
[2024-12-12T15:58:33.773+0000] {processor.py:826} INFO - Processing file /home/vscode/.local/lib/python3.10/site-packages/airflow/example_dags/tutorial_taskflow_api_virtualenv.py for tasks to queue
[2024-12-12T15:58:33.774+0000] {logging_mixin.py:150} INFO - [2024-12-12T15:58:33.774+0000] {dagbag.py:541} INFO - Filling up the DagBag from /home/vscode/.local/lib/python3.10/site-packages/airflow/example_dags/tutorial_taskflow_api_virtualenv.py
[2024-12-12T15:58:33.779+0000] {processor.py:836} INFO - DAG(s) dict_keys(['tutorial_taskflow_api_virtualenv']) retrieved from /home/vscode/.local/lib/python3.10/site-packages/airflow/example_dags/tutorial_taskflow_api_virtualenv.py
[2024-12-12T15:58:33.790+0000] {logging_mixin.py:150} INFO - [2024-12-12T15:58:33.789+0000] {dag.py:2742} INFO - Sync 1 DAGs
[2024-12-12T15:58:33.802+0000] {logging_mixin.py:150} INFO - [2024-12-12T15:58:33.802+0000] {dag.py:3504} INFO - Setting next_dagrun for tutorial_taskflow_api_virtualenv to None, run_after=None
[2024-12-12T15:58:33.816+0000] {processor.py:179} INFO - Processing /home/vscode/.local/lib/python3.10/site-packages/airflow/example_dags/tutorial_taskflow_api_virtualenv.py took 0.046 seconds
[2024-12-12T15:59:16.295+0000] {processor.py:157} INFO - Started process (PID=44659) to work on /home/vscode/.local/lib/python3.10/site-packages/airflow/example_dags/tutorial_taskflow_api_virtualenv.py
[2024-12-12T15:59:16.296+0000] {processor.py:826} INFO - Processing file /home/vscode/.local/lib/python3.10/site-packages/airflow/example_dags/tutorial_taskflow_api_virtualenv.py for tasks to queue
[2024-12-12T15:59:16.297+0000] {logging_mixin.py:150} INFO - [2024-12-12T15:59:16.296+0000] {dagbag.py:541} INFO - Filling up the DagBag from /home/vscode/.local/lib/python3.10/site-packages/airflow/example_dags/tutorial_taskflow_api_virtualenv.py
[2024-12-12T15:59:16.301+0000] {processor.py:836} INFO - DAG(s) dict_keys(['tutorial_taskflow_api_virtualenv']) retrieved from /home/vscode/.local/lib/python3.10/site-packages/airflow/example_dags/tutorial_taskflow_api_virtualenv.py
[2024-12-12T15:59:16.312+0000] {logging_mixin.py:150} INFO - [2024-12-12T15:59:16.312+0000] {dag.py:2742} INFO - Sync 1 DAGs
[2024-12-12T15:59:16.325+0000] {logging_mixin.py:150} INFO - [2024-12-12T15:59:16.325+0000] {dag.py:3504} INFO - Setting next_dagrun for tutorial_taskflow_api_virtualenv to None, run_after=None
[2024-12-12T15:59:16.339+0000] {processor.py:179} INFO - Processing /home/vscode/.local/lib/python3.10/site-packages/airflow/example_dags/tutorial_taskflow_api_virtualenv.py took 0.046 seconds
[2024-12-12T15:59:56.827+0000] {processor.py:157} INFO - Started process (PID=44943) to work on /home/vscode/.local/lib/python3.10/site-packages/airflow/example_dags/tutorial_taskflow_api_virtualenv.py
[2024-12-12T15:59:56.828+0000] {processor.py:826} INFO - Processing file /home/vscode/.local/lib/python3.10/site-packages/airflow/example_dags/tutorial_taskflow_api_virtualenv.py for tasks to queue
[2024-12-12T15:59:56.828+0000] {logging_mixin.py:150} INFO - [2024-12-12T15:59:56.828+0000] {dagbag.py:541} INFO - Filling up the DagBag from /home/vscode/.local/lib/python3.10/site-packages/airflow/example_dags/tutorial_taskflow_api_virtualenv.py
[2024-12-12T15:59:56.833+0000] {processor.py:836} INFO - DAG(s) dict_keys(['tutorial_taskflow_api_virtualenv']) retrieved from /home/vscode/.local/lib/python3.10/site-packages/airflow/example_dags/tutorial_taskflow_api_virtualenv.py
[2024-12-12T15:59:56.844+0000] {logging_mixin.py:150} INFO - [2024-12-12T15:59:56.844+0000] {dag.py:2742} INFO - Sync 1 DAGs
[2024-12-12T15:59:56.857+0000] {logging_mixin.py:150} INFO - [2024-12-12T15:59:56.856+0000] {dag.py:3504} INFO - Setting next_dagrun for tutorial_taskflow_api_virtualenv to None, run_after=None
[2024-12-12T15:59:56.870+0000] {processor.py:179} INFO - Processing /home/vscode/.local/lib/python3.10/site-packages/airflow/example_dags/tutorial_taskflow_api_virtualenv.py took 0.045 seconds
[2024-12-12T16:00:43.763+0000] {processor.py:157} INFO - Started process (PID=45295) to work on /home/vscode/.local/lib/python3.10/site-packages/airflow/example_dags/tutorial_taskflow_api_virtualenv.py
[2024-12-12T16:00:43.764+0000] {processor.py:826} INFO - Processing file /home/vscode/.local/lib/python3.10/site-packages/airflow/example_dags/tutorial_taskflow_api_virtualenv.py for tasks to queue
[2024-12-12T16:00:43.765+0000] {logging_mixin.py:150} INFO - [2024-12-12T16:00:43.764+0000] {dagbag.py:541} INFO - Filling up the DagBag from /home/vscode/.local/lib/python3.10/site-packages/airflow/example_dags/tutorial_taskflow_api_virtualenv.py
[2024-12-12T16:00:43.769+0000] {processor.py:836} INFO - DAG(s) dict_keys(['tutorial_taskflow_api_virtualenv']) retrieved from /home/vscode/.local/lib/python3.10/site-packages/airflow/example_dags/tutorial_taskflow_api_virtualenv.py
[2024-12-12T16:00:43.781+0000] {logging_mixin.py:150} INFO - [2024-12-12T16:00:43.780+0000] {dag.py:2742} INFO - Sync 1 DAGs
[2024-12-12T16:00:43.793+0000] {logging_mixin.py:150} INFO - [2024-12-12T16:00:43.793+0000] {dag.py:3504} INFO - Setting next_dagrun for tutorial_taskflow_api_virtualenv to None, run_after=None
[2024-12-12T16:00:43.807+0000] {processor.py:179} INFO - Processing /home/vscode/.local/lib/python3.10/site-packages/airflow/example_dags/tutorial_taskflow_api_virtualenv.py took 0.046 seconds
[2024-12-12T16:01:27.913+0000] {processor.py:157} INFO - Started process (PID=45590) to work on /home/vscode/.local/lib/python3.10/site-packages/airflow/example_dags/tutorial_taskflow_api_virtualenv.py
[2024-12-12T16:01:27.913+0000] {processor.py:826} INFO - Processing file /home/vscode/.local/lib/python3.10/site-packages/airflow/example_dags/tutorial_taskflow_api_virtualenv.py for tasks to queue
[2024-12-12T16:01:27.914+0000] {logging_mixin.py:150} INFO - [2024-12-12T16:01:27.914+0000] {dagbag.py:541} INFO - Filling up the DagBag from /home/vscode/.local/lib/python3.10/site-packages/airflow/example_dags/tutorial_taskflow_api_virtualenv.py
[2024-12-12T16:01:27.919+0000] {processor.py:836} INFO - DAG(s) dict_keys(['tutorial_taskflow_api_virtualenv']) retrieved from /home/vscode/.local/lib/python3.10/site-packages/airflow/example_dags/tutorial_taskflow_api_virtualenv.py
[2024-12-12T16:01:27.930+0000] {logging_mixin.py:150} INFO - [2024-12-12T16:01:27.930+0000] {dag.py:2742} INFO - Sync 1 DAGs
[2024-12-12T16:01:27.942+0000] {logging_mixin.py:150} INFO - [2024-12-12T16:01:27.942+0000] {dag.py:3504} INFO - Setting next_dagrun for tutorial_taskflow_api_virtualenv to None, run_after=None
[2024-12-12T16:01:27.957+0000] {processor.py:179} INFO - Processing /home/vscode/.local/lib/python3.10/site-packages/airflow/example_dags/tutorial_taskflow_api_virtualenv.py took 0.047 seconds
[2024-12-12T16:02:10.709+0000] {processor.py:157} INFO - Started process (PID=45919) to work on /home/vscode/.local/lib/python3.10/site-packages/airflow/example_dags/tutorial_taskflow_api_virtualenv.py
[2024-12-12T16:02:10.710+0000] {processor.py:826} INFO - Processing file /home/vscode/.local/lib/python3.10/site-packages/airflow/example_dags/tutorial_taskflow_api_virtualenv.py for tasks to queue
[2024-12-12T16:02:10.710+0000] {logging_mixin.py:150} INFO - [2024-12-12T16:02:10.710+0000] {dagbag.py:541} INFO - Filling up the DagBag from /home/vscode/.local/lib/python3.10/site-packages/airflow/example_dags/tutorial_taskflow_api_virtualenv.py
[2024-12-12T16:02:10.715+0000] {processor.py:836} INFO - DAG(s) dict_keys(['tutorial_taskflow_api_virtualenv']) retrieved from /home/vscode/.local/lib/python3.10/site-packages/airflow/example_dags/tutorial_taskflow_api_virtualenv.py
[2024-12-12T16:02:10.729+0000] {logging_mixin.py:150} INFO - [2024-12-12T16:02:10.729+0000] {dag.py:2742} INFO - Sync 1 DAGs
[2024-12-12T16:02:10.741+0000] {logging_mixin.py:150} INFO - [2024-12-12T16:02:10.741+0000] {dag.py:3504} INFO - Setting next_dagrun for tutorial_taskflow_api_virtualenv to None, run_after=None
[2024-12-12T16:02:10.755+0000] {processor.py:179} INFO - Processing /home/vscode/.local/lib/python3.10/site-packages/airflow/example_dags/tutorial_taskflow_api_virtualenv.py took 0.048 seconds
[2024-12-12T16:02:52.753+0000] {processor.py:157} INFO - Started process (PID=46204) to work on /home/vscode/.local/lib/python3.10/site-packages/airflow/example_dags/tutorial_taskflow_api_virtualenv.py
[2024-12-12T16:02:52.753+0000] {processor.py:826} INFO - Processing file /home/vscode/.local/lib/python3.10/site-packages/airflow/example_dags/tutorial_taskflow_api_virtualenv.py for tasks to queue
[2024-12-12T16:02:52.754+0000] {logging_mixin.py:150} INFO - [2024-12-12T16:02:52.754+0000] {dagbag.py:541} INFO - Filling up the DagBag from /home/vscode/.local/lib/python3.10/site-packages/airflow/example_dags/tutorial_taskflow_api_virtualenv.py
[2024-12-12T16:02:52.759+0000] {processor.py:836} INFO - DAG(s) dict_keys(['tutorial_taskflow_api_virtualenv']) retrieved from /home/vscode/.local/lib/python3.10/site-packages/airflow/example_dags/tutorial_taskflow_api_virtualenv.py
[2024-12-12T16:02:52.770+0000] {logging_mixin.py:150} INFO - [2024-12-12T16:02:52.770+0000] {dag.py:2742} INFO - Sync 1 DAGs
[2024-12-12T16:02:52.784+0000] {logging_mixin.py:150} INFO - [2024-12-12T16:02:52.784+0000] {dag.py:3504} INFO - Setting next_dagrun for tutorial_taskflow_api_virtualenv to None, run_after=None
[2024-12-12T16:02:52.799+0000] {processor.py:179} INFO - Processing /home/vscode/.local/lib/python3.10/site-packages/airflow/example_dags/tutorial_taskflow_api_virtualenv.py took 0.048 seconds
[2024-12-12T16:03:37.869+0000] {processor.py:157} INFO - Started process (PID=46546) to work on /home/vscode/.local/lib/python3.10/site-packages/airflow/example_dags/tutorial_taskflow_api_virtualenv.py
[2024-12-12T16:03:37.869+0000] {processor.py:826} INFO - Processing file /home/vscode/.local/lib/python3.10/site-packages/airflow/example_dags/tutorial_taskflow_api_virtualenv.py for tasks to queue
[2024-12-12T16:03:37.870+0000] {logging_mixin.py:150} INFO - [2024-12-12T16:03:37.870+0000] {dagbag.py:541} INFO - Filling up the DagBag from /home/vscode/.local/lib/python3.10/site-packages/airflow/example_dags/tutorial_taskflow_api_virtualenv.py
[2024-12-12T16:03:37.875+0000] {processor.py:836} INFO - DAG(s) dict_keys(['tutorial_taskflow_api_virtualenv']) retrieved from /home/vscode/.local/lib/python3.10/site-packages/airflow/example_dags/tutorial_taskflow_api_virtualenv.py
[2024-12-12T16:03:37.886+0000] {logging_mixin.py:150} INFO - [2024-12-12T16:03:37.886+0000] {dag.py:2742} INFO - Sync 1 DAGs
[2024-12-12T16:03:37.899+0000] {logging_mixin.py:150} INFO - [2024-12-12T16:03:37.899+0000] {dag.py:3504} INFO - Setting next_dagrun for tutorial_taskflow_api_virtualenv to None, run_after=None
[2024-12-12T16:03:37.913+0000] {processor.py:179} INFO - Processing /home/vscode/.local/lib/python3.10/site-packages/airflow/example_dags/tutorial_taskflow_api_virtualenv.py took 0.046 seconds
