[2024-12-12T15:30:41.417+0000] {processor.py:157} INFO - Started process (PID=30934) to work on /home/vscode/.local/lib/python3.10/site-packages/airflow/example_dags/tutorial_taskflow_api.py
[2024-12-12T15:30:41.418+0000] {processor.py:826} INFO - Processing file /home/vscode/.local/lib/python3.10/site-packages/airflow/example_dags/tutorial_taskflow_api.py for tasks to queue
[2024-12-12T15:30:41.418+0000] {logging_mixin.py:150} INFO - [2024-12-12T15:30:41.418+0000] {dagbag.py:541} INFO - Filling up the DagBag from /home/vscode/.local/lib/python3.10/site-packages/airflow/example_dags/tutorial_taskflow_api.py
[2024-12-12T15:30:41.423+0000] {processor.py:836} INFO - DAG(s) dict_keys(['tutorial_taskflow_api']) retrieved from /home/vscode/.local/lib/python3.10/site-packages/airflow/example_dags/tutorial_taskflow_api.py
[2024-12-12T15:30:41.565+0000] {logging_mixin.py:150} INFO - [2024-12-12T15:30:41.565+0000] {manager.py:504} INFO - Created Permission View: can delete on DAG:tutorial_taskflow_api
[2024-12-12T15:30:41.573+0000] {logging_mixin.py:150} INFO - [2024-12-12T15:30:41.573+0000] {manager.py:504} INFO - Created Permission View: can read on DAG:tutorial_taskflow_api
[2024-12-12T15:30:41.579+0000] {logging_mixin.py:150} INFO - [2024-12-12T15:30:41.579+0000] {manager.py:504} INFO - Created Permission View: can edit on DAG:tutorial_taskflow_api
[2024-12-12T15:30:41.586+0000] {logging_mixin.py:150} INFO - [2024-12-12T15:30:41.586+0000] {dag.py:2742} INFO - Sync 1 DAGs
[2024-12-12T15:30:41.592+0000] {logging_mixin.py:150} INFO - [2024-12-12T15:30:41.592+0000] {dag.py:2763} INFO - Creating ORM DAG for tutorial_taskflow_api
[2024-12-12T15:30:41.597+0000] {logging_mixin.py:150} INFO - [2024-12-12T15:30:41.597+0000] {dag.py:3504} INFO - Setting next_dagrun for tutorial_taskflow_api to None, run_after=None
[2024-12-12T15:30:41.612+0000] {processor.py:179} INFO - Processing /home/vscode/.local/lib/python3.10/site-packages/airflow/example_dags/tutorial_taskflow_api.py took 0.197 seconds
[2024-12-12T15:31:27.705+0000] {processor.py:157} INFO - Started process (PID=31266) to work on /home/vscode/.local/lib/python3.10/site-packages/airflow/example_dags/tutorial_taskflow_api.py
[2024-12-12T15:31:27.705+0000] {processor.py:826} INFO - Processing file /home/vscode/.local/lib/python3.10/site-packages/airflow/example_dags/tutorial_taskflow_api.py for tasks to queue
[2024-12-12T15:31:27.706+0000] {logging_mixin.py:150} INFO - [2024-12-12T15:31:27.706+0000] {dagbag.py:541} INFO - Filling up the DagBag from /home/vscode/.local/lib/python3.10/site-packages/airflow/example_dags/tutorial_taskflow_api.py
[2024-12-12T15:31:27.710+0000] {processor.py:836} INFO - DAG(s) dict_keys(['tutorial_taskflow_api']) retrieved from /home/vscode/.local/lib/python3.10/site-packages/airflow/example_dags/tutorial_taskflow_api.py
[2024-12-12T15:31:27.721+0000] {logging_mixin.py:150} INFO - [2024-12-12T15:31:27.721+0000] {dag.py:2742} INFO - Sync 1 DAGs
[2024-12-12T15:31:27.737+0000] {logging_mixin.py:150} INFO - [2024-12-12T15:31:27.737+0000] {dag.py:3504} INFO - Setting next_dagrun for tutorial_taskflow_api to None, run_after=None
[2024-12-12T15:31:27.757+0000] {processor.py:179} INFO - Processing /home/vscode/.local/lib/python3.10/site-packages/airflow/example_dags/tutorial_taskflow_api.py took 0.054 seconds
[2024-12-12T15:32:12.562+0000] {processor.py:157} INFO - Started process (PID=31637) to work on /home/vscode/.local/lib/python3.10/site-packages/airflow/example_dags/tutorial_taskflow_api.py
[2024-12-12T15:32:12.563+0000] {processor.py:826} INFO - Processing file /home/vscode/.local/lib/python3.10/site-packages/airflow/example_dags/tutorial_taskflow_api.py for tasks to queue
[2024-12-12T15:32:12.563+0000] {logging_mixin.py:150} INFO - [2024-12-12T15:32:12.563+0000] {dagbag.py:541} INFO - Filling up the DagBag from /home/vscode/.local/lib/python3.10/site-packages/airflow/example_dags/tutorial_taskflow_api.py
[2024-12-12T15:32:12.568+0000] {processor.py:836} INFO - DAG(s) dict_keys(['tutorial_taskflow_api']) retrieved from /home/vscode/.local/lib/python3.10/site-packages/airflow/example_dags/tutorial_taskflow_api.py
[2024-12-12T15:32:12.579+0000] {logging_mixin.py:150} INFO - [2024-12-12T15:32:12.579+0000] {dag.py:2742} INFO - Sync 1 DAGs
[2024-12-12T15:32:12.592+0000] {logging_mixin.py:150} INFO - [2024-12-12T15:32:12.592+0000] {dag.py:3504} INFO - Setting next_dagrun for tutorial_taskflow_api to None, run_after=None
[2024-12-12T15:32:12.606+0000] {processor.py:179} INFO - Processing /home/vscode/.local/lib/python3.10/site-packages/airflow/example_dags/tutorial_taskflow_api.py took 0.045 seconds
[2024-12-12T15:32:56.533+0000] {processor.py:157} INFO - Started process (PID=31980) to work on /home/vscode/.local/lib/python3.10/site-packages/airflow/example_dags/tutorial_taskflow_api.py
[2024-12-12T15:32:56.534+0000] {processor.py:826} INFO - Processing file /home/vscode/.local/lib/python3.10/site-packages/airflow/example_dags/tutorial_taskflow_api.py for tasks to queue
[2024-12-12T15:32:56.534+0000] {logging_mixin.py:150} INFO - [2024-12-12T15:32:56.534+0000] {dagbag.py:541} INFO - Filling up the DagBag from /home/vscode/.local/lib/python3.10/site-packages/airflow/example_dags/tutorial_taskflow_api.py
[2024-12-12T15:32:56.539+0000] {processor.py:836} INFO - DAG(s) dict_keys(['tutorial_taskflow_api']) retrieved from /home/vscode/.local/lib/python3.10/site-packages/airflow/example_dags/tutorial_taskflow_api.py
[2024-12-12T15:32:56.551+0000] {logging_mixin.py:150} INFO - [2024-12-12T15:32:56.551+0000] {dag.py:2742} INFO - Sync 1 DAGs
[2024-12-12T15:32:56.565+0000] {logging_mixin.py:150} INFO - [2024-12-12T15:32:56.564+0000] {dag.py:3504} INFO - Setting next_dagrun for tutorial_taskflow_api to None, run_after=None
[2024-12-12T15:32:56.578+0000] {processor.py:179} INFO - Processing /home/vscode/.local/lib/python3.10/site-packages/airflow/example_dags/tutorial_taskflow_api.py took 0.047 seconds
[2024-12-12T15:33:42.310+0000] {processor.py:157} INFO - Started process (PID=32309) to work on /home/vscode/.local/lib/python3.10/site-packages/airflow/example_dags/tutorial_taskflow_api.py
[2024-12-12T15:33:42.311+0000] {processor.py:826} INFO - Processing file /home/vscode/.local/lib/python3.10/site-packages/airflow/example_dags/tutorial_taskflow_api.py for tasks to queue
[2024-12-12T15:33:42.311+0000] {logging_mixin.py:150} INFO - [2024-12-12T15:33:42.311+0000] {dagbag.py:541} INFO - Filling up the DagBag from /home/vscode/.local/lib/python3.10/site-packages/airflow/example_dags/tutorial_taskflow_api.py
[2024-12-12T15:33:42.316+0000] {processor.py:836} INFO - DAG(s) dict_keys(['tutorial_taskflow_api']) retrieved from /home/vscode/.local/lib/python3.10/site-packages/airflow/example_dags/tutorial_taskflow_api.py
[2024-12-12T15:33:42.327+0000] {logging_mixin.py:150} INFO - [2024-12-12T15:33:42.327+0000] {dag.py:2742} INFO - Sync 1 DAGs
[2024-12-12T15:33:42.340+0000] {logging_mixin.py:150} INFO - [2024-12-12T15:33:42.339+0000] {dag.py:3504} INFO - Setting next_dagrun for tutorial_taskflow_api to None, run_after=None
[2024-12-12T15:33:42.353+0000] {processor.py:179} INFO - Processing /home/vscode/.local/lib/python3.10/site-packages/airflow/example_dags/tutorial_taskflow_api.py took 0.045 seconds
[2024-12-12T15:34:23.810+0000] {processor.py:157} INFO - Started process (PID=32599) to work on /home/vscode/.local/lib/python3.10/site-packages/airflow/example_dags/tutorial_taskflow_api.py
[2024-12-12T15:34:23.811+0000] {processor.py:826} INFO - Processing file /home/vscode/.local/lib/python3.10/site-packages/airflow/example_dags/tutorial_taskflow_api.py for tasks to queue
[2024-12-12T15:34:23.812+0000] {logging_mixin.py:150} INFO - [2024-12-12T15:34:23.811+0000] {dagbag.py:541} INFO - Filling up the DagBag from /home/vscode/.local/lib/python3.10/site-packages/airflow/example_dags/tutorial_taskflow_api.py
[2024-12-12T15:34:23.816+0000] {processor.py:836} INFO - DAG(s) dict_keys(['tutorial_taskflow_api']) retrieved from /home/vscode/.local/lib/python3.10/site-packages/airflow/example_dags/tutorial_taskflow_api.py
[2024-12-12T15:34:23.827+0000] {logging_mixin.py:150} INFO - [2024-12-12T15:34:23.827+0000] {dag.py:2742} INFO - Sync 1 DAGs
[2024-12-12T15:34:23.840+0000] {logging_mixin.py:150} INFO - [2024-12-12T15:34:23.840+0000] {dag.py:3504} INFO - Setting next_dagrun for tutorial_taskflow_api to None, run_after=None
[2024-12-12T15:34:23.854+0000] {processor.py:179} INFO - Processing /home/vscode/.local/lib/python3.10/site-packages/airflow/example_dags/tutorial_taskflow_api.py took 0.046 seconds
[2024-12-12T15:35:04.705+0000] {processor.py:157} INFO - Started process (PID=32883) to work on /home/vscode/.local/lib/python3.10/site-packages/airflow/example_dags/tutorial_taskflow_api.py
[2024-12-12T15:35:04.706+0000] {processor.py:826} INFO - Processing file /home/vscode/.local/lib/python3.10/site-packages/airflow/example_dags/tutorial_taskflow_api.py for tasks to queue
[2024-12-12T15:35:04.706+0000] {logging_mixin.py:150} INFO - [2024-12-12T15:35:04.706+0000] {dagbag.py:541} INFO - Filling up the DagBag from /home/vscode/.local/lib/python3.10/site-packages/airflow/example_dags/tutorial_taskflow_api.py
[2024-12-12T15:35:04.711+0000] {processor.py:836} INFO - DAG(s) dict_keys(['tutorial_taskflow_api']) retrieved from /home/vscode/.local/lib/python3.10/site-packages/airflow/example_dags/tutorial_taskflow_api.py
[2024-12-12T15:35:04.724+0000] {logging_mixin.py:150} INFO - [2024-12-12T15:35:04.723+0000] {dag.py:2742} INFO - Sync 1 DAGs
[2024-12-12T15:35:04.744+0000] {logging_mixin.py:150} INFO - [2024-12-12T15:35:04.744+0000] {dag.py:3504} INFO - Setting next_dagrun for tutorial_taskflow_api to None, run_after=None
[2024-12-12T15:35:04.758+0000] {processor.py:179} INFO - Processing /home/vscode/.local/lib/python3.10/site-packages/airflow/example_dags/tutorial_taskflow_api.py took 0.055 seconds
[2024-12-12T15:35:49.218+0000] {processor.py:157} INFO - Started process (PID=33218) to work on /home/vscode/.local/lib/python3.10/site-packages/airflow/example_dags/tutorial_taskflow_api.py
[2024-12-12T15:35:49.219+0000] {processor.py:826} INFO - Processing file /home/vscode/.local/lib/python3.10/site-packages/airflow/example_dags/tutorial_taskflow_api.py for tasks to queue
[2024-12-12T15:35:49.219+0000] {logging_mixin.py:150} INFO - [2024-12-12T15:35:49.219+0000] {dagbag.py:541} INFO - Filling up the DagBag from /home/vscode/.local/lib/python3.10/site-packages/airflow/example_dags/tutorial_taskflow_api.py
[2024-12-12T15:35:49.224+0000] {processor.py:836} INFO - DAG(s) dict_keys(['tutorial_taskflow_api']) retrieved from /home/vscode/.local/lib/python3.10/site-packages/airflow/example_dags/tutorial_taskflow_api.py
[2024-12-12T15:35:49.235+0000] {logging_mixin.py:150} INFO - [2024-12-12T15:35:49.235+0000] {dag.py:2742} INFO - Sync 1 DAGs
[2024-12-12T15:35:49.247+0000] {logging_mixin.py:150} INFO - [2024-12-12T15:35:49.247+0000] {dag.py:3504} INFO - Setting next_dagrun for tutorial_taskflow_api to None, run_after=None
[2024-12-12T15:35:49.261+0000] {processor.py:179} INFO - Processing /home/vscode/.local/lib/python3.10/site-packages/airflow/example_dags/tutorial_taskflow_api.py took 0.045 seconds
[2024-12-12T15:36:31.565+0000] {processor.py:157} INFO - Started process (PID=33731) to work on /home/vscode/.local/lib/python3.10/site-packages/airflow/example_dags/tutorial_taskflow_api.py
[2024-12-12T15:36:31.565+0000] {processor.py:826} INFO - Processing file /home/vscode/.local/lib/python3.10/site-packages/airflow/example_dags/tutorial_taskflow_api.py for tasks to queue
[2024-12-12T15:36:31.566+0000] {logging_mixin.py:150} INFO - [2024-12-12T15:36:31.566+0000] {dagbag.py:541} INFO - Filling up the DagBag from /home/vscode/.local/lib/python3.10/site-packages/airflow/example_dags/tutorial_taskflow_api.py
[2024-12-12T15:36:31.570+0000] {processor.py:836} INFO - DAG(s) dict_keys(['tutorial_taskflow_api']) retrieved from /home/vscode/.local/lib/python3.10/site-packages/airflow/example_dags/tutorial_taskflow_api.py
[2024-12-12T15:36:31.595+0000] {logging_mixin.py:150} INFO - [2024-12-12T15:36:31.595+0000] {dag.py:2742} INFO - Sync 1 DAGs
[2024-12-12T15:36:31.627+0000] {logging_mixin.py:150} INFO - [2024-12-12T15:36:31.626+0000] {dag.py:3504} INFO - Setting next_dagrun for tutorial_taskflow_api to None, run_after=None
[2024-12-12T15:36:31.643+0000] {processor.py:179} INFO - Processing /home/vscode/.local/lib/python3.10/site-packages/airflow/example_dags/tutorial_taskflow_api.py took 0.080 seconds
[2024-12-12T15:37:16.683+0000] {processor.py:157} INFO - Started process (PID=34128) to work on /home/vscode/.local/lib/python3.10/site-packages/airflow/example_dags/tutorial_taskflow_api.py
[2024-12-12T15:37:16.683+0000] {processor.py:826} INFO - Processing file /home/vscode/.local/lib/python3.10/site-packages/airflow/example_dags/tutorial_taskflow_api.py for tasks to queue
[2024-12-12T15:37:16.684+0000] {logging_mixin.py:150} INFO - [2024-12-12T15:37:16.684+0000] {dagbag.py:541} INFO - Filling up the DagBag from /home/vscode/.local/lib/python3.10/site-packages/airflow/example_dags/tutorial_taskflow_api.py
[2024-12-12T15:37:16.689+0000] {processor.py:836} INFO - DAG(s) dict_keys(['tutorial_taskflow_api']) retrieved from /home/vscode/.local/lib/python3.10/site-packages/airflow/example_dags/tutorial_taskflow_api.py
[2024-12-12T15:37:16.700+0000] {logging_mixin.py:150} INFO - [2024-12-12T15:37:16.699+0000] {dag.py:2742} INFO - Sync 1 DAGs
[2024-12-12T15:37:16.712+0000] {logging_mixin.py:150} INFO - [2024-12-12T15:37:16.712+0000] {dag.py:3504} INFO - Setting next_dagrun for tutorial_taskflow_api to None, run_after=None
[2024-12-12T15:37:16.726+0000] {processor.py:179} INFO - Processing /home/vscode/.local/lib/python3.10/site-packages/airflow/example_dags/tutorial_taskflow_api.py took 0.046 seconds
[2024-12-12T15:38:03.187+0000] {processor.py:157} INFO - Started process (PID=34463) to work on /home/vscode/.local/lib/python3.10/site-packages/airflow/example_dags/tutorial_taskflow_api.py
[2024-12-12T15:38:03.188+0000] {processor.py:826} INFO - Processing file /home/vscode/.local/lib/python3.10/site-packages/airflow/example_dags/tutorial_taskflow_api.py for tasks to queue
[2024-12-12T15:38:03.189+0000] {logging_mixin.py:150} INFO - [2024-12-12T15:38:03.188+0000] {dagbag.py:541} INFO - Filling up the DagBag from /home/vscode/.local/lib/python3.10/site-packages/airflow/example_dags/tutorial_taskflow_api.py
[2024-12-12T15:38:03.193+0000] {processor.py:836} INFO - DAG(s) dict_keys(['tutorial_taskflow_api']) retrieved from /home/vscode/.local/lib/python3.10/site-packages/airflow/example_dags/tutorial_taskflow_api.py
[2024-12-12T15:38:03.204+0000] {logging_mixin.py:150} INFO - [2024-12-12T15:38:03.204+0000] {dag.py:2742} INFO - Sync 1 DAGs
[2024-12-12T15:38:03.217+0000] {logging_mixin.py:150} INFO - [2024-12-12T15:38:03.217+0000] {dag.py:3504} INFO - Setting next_dagrun for tutorial_taskflow_api to None, run_after=None
[2024-12-12T15:38:03.231+0000] {processor.py:179} INFO - Processing /home/vscode/.local/lib/python3.10/site-packages/airflow/example_dags/tutorial_taskflow_api.py took 0.045 seconds
[2024-12-12T15:38:45.876+0000] {processor.py:157} INFO - Started process (PID=34902) to work on /home/vscode/.local/lib/python3.10/site-packages/airflow/example_dags/tutorial_taskflow_api.py
[2024-12-12T15:38:45.877+0000] {processor.py:826} INFO - Processing file /home/vscode/.local/lib/python3.10/site-packages/airflow/example_dags/tutorial_taskflow_api.py for tasks to queue
[2024-12-12T15:38:45.878+0000] {logging_mixin.py:150} INFO - [2024-12-12T15:38:45.877+0000] {dagbag.py:541} INFO - Filling up the DagBag from /home/vscode/.local/lib/python3.10/site-packages/airflow/example_dags/tutorial_taskflow_api.py
[2024-12-12T15:38:45.882+0000] {processor.py:836} INFO - DAG(s) dict_keys(['tutorial_taskflow_api']) retrieved from /home/vscode/.local/lib/python3.10/site-packages/airflow/example_dags/tutorial_taskflow_api.py
[2024-12-12T15:38:45.893+0000] {logging_mixin.py:150} INFO - [2024-12-12T15:38:45.893+0000] {dag.py:2742} INFO - Sync 1 DAGs
[2024-12-12T15:38:45.906+0000] {logging_mixin.py:150} INFO - [2024-12-12T15:38:45.906+0000] {dag.py:3504} INFO - Setting next_dagrun for tutorial_taskflow_api to None, run_after=None
[2024-12-12T15:38:45.921+0000] {processor.py:179} INFO - Processing /home/vscode/.local/lib/python3.10/site-packages/airflow/example_dags/tutorial_taskflow_api.py took 0.047 seconds
[2024-12-12T15:39:05.347+0000] {processor.py:157} INFO - Started process (PID=35188) to work on /home/vscode/.local/lib/python3.10/site-packages/airflow/example_dags/tutorial_taskflow_api.py
[2024-12-12T15:39:05.348+0000] {processor.py:826} INFO - Processing file /home/vscode/.local/lib/python3.10/site-packages/airflow/example_dags/tutorial_taskflow_api.py for tasks to queue
[2024-12-12T15:39:05.348+0000] {logging_mixin.py:150} INFO - [2024-12-12T15:39:05.348+0000] {dagbag.py:541} INFO - Filling up the DagBag from /home/vscode/.local/lib/python3.10/site-packages/airflow/example_dags/tutorial_taskflow_api.py
[2024-12-12T15:39:05.353+0000] {processor.py:836} INFO - DAG(s) dict_keys(['tutorial_taskflow_api']) retrieved from /home/vscode/.local/lib/python3.10/site-packages/airflow/example_dags/tutorial_taskflow_api.py
[2024-12-12T15:39:05.371+0000] {logging_mixin.py:150} INFO - [2024-12-12T15:39:05.371+0000] {dag.py:2742} INFO - Sync 1 DAGs
[2024-12-12T15:39:05.464+0000] {logging_mixin.py:150} INFO - [2024-12-12T15:39:05.464+0000] {dag.py:3504} INFO - Setting next_dagrun for tutorial_taskflow_api to None, run_after=None
[2024-12-12T15:39:05.477+0000] {processor.py:179} INFO - Processing /home/vscode/.local/lib/python3.10/site-packages/airflow/example_dags/tutorial_taskflow_api.py took 0.132 seconds
[2024-12-12T15:39:50.463+0000] {processor.py:157} INFO - Started process (PID=35574) to work on /home/vscode/.local/lib/python3.10/site-packages/airflow/example_dags/tutorial_taskflow_api.py
[2024-12-12T15:39:50.463+0000] {processor.py:826} INFO - Processing file /home/vscode/.local/lib/python3.10/site-packages/airflow/example_dags/tutorial_taskflow_api.py for tasks to queue
[2024-12-12T15:39:50.464+0000] {logging_mixin.py:150} INFO - [2024-12-12T15:39:50.464+0000] {dagbag.py:541} INFO - Filling up the DagBag from /home/vscode/.local/lib/python3.10/site-packages/airflow/example_dags/tutorial_taskflow_api.py
[2024-12-12T15:39:50.468+0000] {processor.py:836} INFO - DAG(s) dict_keys(['tutorial_taskflow_api']) retrieved from /home/vscode/.local/lib/python3.10/site-packages/airflow/example_dags/tutorial_taskflow_api.py
[2024-12-12T15:39:50.479+0000] {logging_mixin.py:150} INFO - [2024-12-12T15:39:50.479+0000] {dag.py:2742} INFO - Sync 1 DAGs
[2024-12-12T15:39:50.492+0000] {logging_mixin.py:150} INFO - [2024-12-12T15:39:50.492+0000] {dag.py:3504} INFO - Setting next_dagrun for tutorial_taskflow_api to None, run_after=None
[2024-12-12T15:39:50.506+0000] {processor.py:179} INFO - Processing /home/vscode/.local/lib/python3.10/site-packages/airflow/example_dags/tutorial_taskflow_api.py took 0.045 seconds
[2024-12-12T15:40:34.431+0000] {processor.py:157} INFO - Started process (PID=36008) to work on /home/vscode/.local/lib/python3.10/site-packages/airflow/example_dags/tutorial_taskflow_api.py
[2024-12-12T15:40:34.431+0000] {processor.py:826} INFO - Processing file /home/vscode/.local/lib/python3.10/site-packages/airflow/example_dags/tutorial_taskflow_api.py for tasks to queue
[2024-12-12T15:40:34.432+0000] {logging_mixin.py:150} INFO - [2024-12-12T15:40:34.432+0000] {dagbag.py:541} INFO - Filling up the DagBag from /home/vscode/.local/lib/python3.10/site-packages/airflow/example_dags/tutorial_taskflow_api.py
[2024-12-12T15:40:34.436+0000] {processor.py:836} INFO - DAG(s) dict_keys(['tutorial_taskflow_api']) retrieved from /home/vscode/.local/lib/python3.10/site-packages/airflow/example_dags/tutorial_taskflow_api.py
[2024-12-12T15:40:34.447+0000] {logging_mixin.py:150} INFO - [2024-12-12T15:40:34.447+0000] {dag.py:2742} INFO - Sync 1 DAGs
[2024-12-12T15:40:34.460+0000] {logging_mixin.py:150} INFO - [2024-12-12T15:40:34.460+0000] {dag.py:3504} INFO - Setting next_dagrun for tutorial_taskflow_api to None, run_after=None
[2024-12-12T15:40:34.473+0000] {processor.py:179} INFO - Processing /home/vscode/.local/lib/python3.10/site-packages/airflow/example_dags/tutorial_taskflow_api.py took 0.045 seconds
[2024-12-12T15:41:19.045+0000] {processor.py:157} INFO - Started process (PID=36412) to work on /home/vscode/.local/lib/python3.10/site-packages/airflow/example_dags/tutorial_taskflow_api.py
[2024-12-12T15:41:19.045+0000] {processor.py:826} INFO - Processing file /home/vscode/.local/lib/python3.10/site-packages/airflow/example_dags/tutorial_taskflow_api.py for tasks to queue
[2024-12-12T15:41:19.046+0000] {logging_mixin.py:150} INFO - [2024-12-12T15:41:19.046+0000] {dagbag.py:541} INFO - Filling up the DagBag from /home/vscode/.local/lib/python3.10/site-packages/airflow/example_dags/tutorial_taskflow_api.py
[2024-12-12T15:41:19.051+0000] {processor.py:836} INFO - DAG(s) dict_keys(['tutorial_taskflow_api']) retrieved from /home/vscode/.local/lib/python3.10/site-packages/airflow/example_dags/tutorial_taskflow_api.py
[2024-12-12T15:41:19.062+0000] {logging_mixin.py:150} INFO - [2024-12-12T15:41:19.062+0000] {dag.py:2742} INFO - Sync 1 DAGs
[2024-12-12T15:41:19.075+0000] {logging_mixin.py:150} INFO - [2024-12-12T15:41:19.075+0000] {dag.py:3504} INFO - Setting next_dagrun for tutorial_taskflow_api to None, run_after=None
[2024-12-12T15:41:19.089+0000] {processor.py:179} INFO - Processing /home/vscode/.local/lib/python3.10/site-packages/airflow/example_dags/tutorial_taskflow_api.py took 0.047 seconds
[2024-12-12T15:42:01.826+0000] {processor.py:157} INFO - Started process (PID=36748) to work on /home/vscode/.local/lib/python3.10/site-packages/airflow/example_dags/tutorial_taskflow_api.py
[2024-12-12T15:42:01.827+0000] {processor.py:826} INFO - Processing file /home/vscode/.local/lib/python3.10/site-packages/airflow/example_dags/tutorial_taskflow_api.py for tasks to queue
[2024-12-12T15:42:01.827+0000] {logging_mixin.py:150} INFO - [2024-12-12T15:42:01.827+0000] {dagbag.py:541} INFO - Filling up the DagBag from /home/vscode/.local/lib/python3.10/site-packages/airflow/example_dags/tutorial_taskflow_api.py
[2024-12-12T15:42:01.833+0000] {processor.py:836} INFO - DAG(s) dict_keys(['tutorial_taskflow_api']) retrieved from /home/vscode/.local/lib/python3.10/site-packages/airflow/example_dags/tutorial_taskflow_api.py
[2024-12-12T15:42:01.846+0000] {logging_mixin.py:150} INFO - [2024-12-12T15:42:01.846+0000] {dag.py:2742} INFO - Sync 1 DAGs
[2024-12-12T15:42:01.859+0000] {logging_mixin.py:150} INFO - [2024-12-12T15:42:01.859+0000] {dag.py:3504} INFO - Setting next_dagrun for tutorial_taskflow_api to None, run_after=None
[2024-12-12T15:42:01.873+0000] {processor.py:179} INFO - Processing /home/vscode/.local/lib/python3.10/site-packages/airflow/example_dags/tutorial_taskflow_api.py took 0.051 seconds
[2024-12-12T15:42:50.295+0000] {processor.py:157} INFO - Started process (PID=37174) to work on /home/vscode/.local/lib/python3.10/site-packages/airflow/example_dags/tutorial_taskflow_api.py
[2024-12-12T15:42:50.296+0000] {processor.py:826} INFO - Processing file /home/vscode/.local/lib/python3.10/site-packages/airflow/example_dags/tutorial_taskflow_api.py for tasks to queue
[2024-12-12T15:42:50.296+0000] {logging_mixin.py:150} INFO - [2024-12-12T15:42:50.296+0000] {dagbag.py:541} INFO - Filling up the DagBag from /home/vscode/.local/lib/python3.10/site-packages/airflow/example_dags/tutorial_taskflow_api.py
[2024-12-12T15:42:50.301+0000] {processor.py:836} INFO - DAG(s) dict_keys(['tutorial_taskflow_api']) retrieved from /home/vscode/.local/lib/python3.10/site-packages/airflow/example_dags/tutorial_taskflow_api.py
[2024-12-12T15:42:50.312+0000] {logging_mixin.py:150} INFO - [2024-12-12T15:42:50.312+0000] {dag.py:2742} INFO - Sync 1 DAGs
[2024-12-12T15:42:50.332+0000] {logging_mixin.py:150} INFO - [2024-12-12T15:42:50.332+0000] {dag.py:3504} INFO - Setting next_dagrun for tutorial_taskflow_api to None, run_after=None
[2024-12-12T15:42:50.358+0000] {processor.py:179} INFO - Processing /home/vscode/.local/lib/python3.10/site-packages/airflow/example_dags/tutorial_taskflow_api.py took 0.065 seconds
[2024-12-12T15:43:34.258+0000] {processor.py:157} INFO - Started process (PID=37530) to work on /home/vscode/.local/lib/python3.10/site-packages/airflow/example_dags/tutorial_taskflow_api.py
[2024-12-12T15:43:34.259+0000] {processor.py:826} INFO - Processing file /home/vscode/.local/lib/python3.10/site-packages/airflow/example_dags/tutorial_taskflow_api.py for tasks to queue
[2024-12-12T15:43:34.260+0000] {logging_mixin.py:150} INFO - [2024-12-12T15:43:34.259+0000] {dagbag.py:541} INFO - Filling up the DagBag from /home/vscode/.local/lib/python3.10/site-packages/airflow/example_dags/tutorial_taskflow_api.py
[2024-12-12T15:43:34.264+0000] {processor.py:836} INFO - DAG(s) dict_keys(['tutorial_taskflow_api']) retrieved from /home/vscode/.local/lib/python3.10/site-packages/airflow/example_dags/tutorial_taskflow_api.py
[2024-12-12T15:43:34.275+0000] {logging_mixin.py:150} INFO - [2024-12-12T15:43:34.275+0000] {dag.py:2742} INFO - Sync 1 DAGs
[2024-12-12T15:43:34.288+0000] {logging_mixin.py:150} INFO - [2024-12-12T15:43:34.288+0000] {dag.py:3504} INFO - Setting next_dagrun for tutorial_taskflow_api to None, run_after=None
[2024-12-12T15:43:34.303+0000] {processor.py:179} INFO - Processing /home/vscode/.local/lib/python3.10/site-packages/airflow/example_dags/tutorial_taskflow_api.py took 0.046 seconds
[2024-12-12T15:44:15.510+0000] {processor.py:157} INFO - Started process (PID=37868) to work on /home/vscode/.local/lib/python3.10/site-packages/airflow/example_dags/tutorial_taskflow_api.py
[2024-12-12T15:44:15.510+0000] {processor.py:826} INFO - Processing file /home/vscode/.local/lib/python3.10/site-packages/airflow/example_dags/tutorial_taskflow_api.py for tasks to queue
[2024-12-12T15:44:15.511+0000] {logging_mixin.py:150} INFO - [2024-12-12T15:44:15.511+0000] {dagbag.py:541} INFO - Filling up the DagBag from /home/vscode/.local/lib/python3.10/site-packages/airflow/example_dags/tutorial_taskflow_api.py
[2024-12-12T15:44:15.515+0000] {processor.py:836} INFO - DAG(s) dict_keys(['tutorial_taskflow_api']) retrieved from /home/vscode/.local/lib/python3.10/site-packages/airflow/example_dags/tutorial_taskflow_api.py
[2024-12-12T15:44:15.527+0000] {logging_mixin.py:150} INFO - [2024-12-12T15:44:15.527+0000] {dag.py:2742} INFO - Sync 1 DAGs
[2024-12-12T15:44:15.540+0000] {logging_mixin.py:150} INFO - [2024-12-12T15:44:15.540+0000] {dag.py:3504} INFO - Setting next_dagrun for tutorial_taskflow_api to None, run_after=None
[2024-12-12T15:44:15.553+0000] {processor.py:179} INFO - Processing /home/vscode/.local/lib/python3.10/site-packages/airflow/example_dags/tutorial_taskflow_api.py took 0.045 seconds
[2024-12-12T15:44:55.994+0000] {processor.py:157} INFO - Started process (PID=38189) to work on /home/vscode/.local/lib/python3.10/site-packages/airflow/example_dags/tutorial_taskflow_api.py
[2024-12-12T15:44:55.995+0000] {processor.py:826} INFO - Processing file /home/vscode/.local/lib/python3.10/site-packages/airflow/example_dags/tutorial_taskflow_api.py for tasks to queue
[2024-12-12T15:44:55.995+0000] {logging_mixin.py:150} INFO - [2024-12-12T15:44:55.995+0000] {dagbag.py:541} INFO - Filling up the DagBag from /home/vscode/.local/lib/python3.10/site-packages/airflow/example_dags/tutorial_taskflow_api.py
[2024-12-12T15:44:56.000+0000] {processor.py:836} INFO - DAG(s) dict_keys(['tutorial_taskflow_api']) retrieved from /home/vscode/.local/lib/python3.10/site-packages/airflow/example_dags/tutorial_taskflow_api.py
[2024-12-12T15:44:56.011+0000] {logging_mixin.py:150} INFO - [2024-12-12T15:44:56.011+0000] {dag.py:2742} INFO - Sync 1 DAGs
[2024-12-12T15:44:56.024+0000] {logging_mixin.py:150} INFO - [2024-12-12T15:44:56.024+0000] {dag.py:3504} INFO - Setting next_dagrun for tutorial_taskflow_api to None, run_after=None
[2024-12-12T15:44:56.037+0000] {processor.py:179} INFO - Processing /home/vscode/.local/lib/python3.10/site-packages/airflow/example_dags/tutorial_taskflow_api.py took 0.046 seconds
[2024-12-12T15:45:37.626+0000] {processor.py:157} INFO - Started process (PID=38514) to work on /home/vscode/.local/lib/python3.10/site-packages/airflow/example_dags/tutorial_taskflow_api.py
[2024-12-12T15:45:37.627+0000] {processor.py:826} INFO - Processing file /home/vscode/.local/lib/python3.10/site-packages/airflow/example_dags/tutorial_taskflow_api.py for tasks to queue
[2024-12-12T15:45:37.627+0000] {logging_mixin.py:150} INFO - [2024-12-12T15:45:37.627+0000] {dagbag.py:541} INFO - Filling up the DagBag from /home/vscode/.local/lib/python3.10/site-packages/airflow/example_dags/tutorial_taskflow_api.py
[2024-12-12T15:45:37.632+0000] {processor.py:836} INFO - DAG(s) dict_keys(['tutorial_taskflow_api']) retrieved from /home/vscode/.local/lib/python3.10/site-packages/airflow/example_dags/tutorial_taskflow_api.py
[2024-12-12T15:45:37.644+0000] {logging_mixin.py:150} INFO - [2024-12-12T15:45:37.644+0000] {dag.py:2742} INFO - Sync 1 DAGs
[2024-12-12T15:45:37.657+0000] {logging_mixin.py:150} INFO - [2024-12-12T15:45:37.657+0000] {dag.py:3504} INFO - Setting next_dagrun for tutorial_taskflow_api to None, run_after=None
[2024-12-12T15:45:37.672+0000] {processor.py:179} INFO - Processing /home/vscode/.local/lib/python3.10/site-packages/airflow/example_dags/tutorial_taskflow_api.py took 0.048 seconds
[2024-12-12T15:46:23.701+0000] {processor.py:157} INFO - Started process (PID=38884) to work on /home/vscode/.local/lib/python3.10/site-packages/airflow/example_dags/tutorial_taskflow_api.py
[2024-12-12T15:46:23.702+0000] {processor.py:826} INFO - Processing file /home/vscode/.local/lib/python3.10/site-packages/airflow/example_dags/tutorial_taskflow_api.py for tasks to queue
[2024-12-12T15:46:23.702+0000] {logging_mixin.py:150} INFO - [2024-12-12T15:46:23.702+0000] {dagbag.py:541} INFO - Filling up the DagBag from /home/vscode/.local/lib/python3.10/site-packages/airflow/example_dags/tutorial_taskflow_api.py
[2024-12-12T15:46:23.707+0000] {processor.py:836} INFO - DAG(s) dict_keys(['tutorial_taskflow_api']) retrieved from /home/vscode/.local/lib/python3.10/site-packages/airflow/example_dags/tutorial_taskflow_api.py
[2024-12-12T15:46:23.718+0000] {logging_mixin.py:150} INFO - [2024-12-12T15:46:23.718+0000] {dag.py:2742} INFO - Sync 1 DAGs
[2024-12-12T15:46:23.731+0000] {logging_mixin.py:150} INFO - [2024-12-12T15:46:23.730+0000] {dag.py:3504} INFO - Setting next_dagrun for tutorial_taskflow_api to None, run_after=None
[2024-12-12T15:46:23.745+0000] {processor.py:179} INFO - Processing /home/vscode/.local/lib/python3.10/site-packages/airflow/example_dags/tutorial_taskflow_api.py took 0.046 seconds
[2024-12-12T15:47:14.421+0000] {processor.py:157} INFO - Started process (PID=39276) to work on /home/vscode/.local/lib/python3.10/site-packages/airflow/example_dags/tutorial_taskflow_api.py
[2024-12-12T15:47:14.422+0000] {processor.py:826} INFO - Processing file /home/vscode/.local/lib/python3.10/site-packages/airflow/example_dags/tutorial_taskflow_api.py for tasks to queue
[2024-12-12T15:47:14.422+0000] {logging_mixin.py:150} INFO - [2024-12-12T15:47:14.422+0000] {dagbag.py:541} INFO - Filling up the DagBag from /home/vscode/.local/lib/python3.10/site-packages/airflow/example_dags/tutorial_taskflow_api.py
[2024-12-12T15:47:14.428+0000] {processor.py:836} INFO - DAG(s) dict_keys(['tutorial_taskflow_api']) retrieved from /home/vscode/.local/lib/python3.10/site-packages/airflow/example_dags/tutorial_taskflow_api.py
[2024-12-12T15:47:14.441+0000] {logging_mixin.py:150} INFO - [2024-12-12T15:47:14.441+0000] {dag.py:2742} INFO - Sync 1 DAGs
[2024-12-12T15:47:14.453+0000] {logging_mixin.py:150} INFO - [2024-12-12T15:47:14.453+0000] {dag.py:3504} INFO - Setting next_dagrun for tutorial_taskflow_api to None, run_after=None
[2024-12-12T15:47:14.468+0000] {processor.py:179} INFO - Processing /home/vscode/.local/lib/python3.10/site-packages/airflow/example_dags/tutorial_taskflow_api.py took 0.049 seconds
[2024-12-12T15:48:00.377+0000] {processor.py:157} INFO - Started process (PID=39636) to work on /home/vscode/.local/lib/python3.10/site-packages/airflow/example_dags/tutorial_taskflow_api.py
[2024-12-12T15:48:00.378+0000] {processor.py:826} INFO - Processing file /home/vscode/.local/lib/python3.10/site-packages/airflow/example_dags/tutorial_taskflow_api.py for tasks to queue
[2024-12-12T15:48:00.378+0000] {logging_mixin.py:150} INFO - [2024-12-12T15:48:00.378+0000] {dagbag.py:541} INFO - Filling up the DagBag from /home/vscode/.local/lib/python3.10/site-packages/airflow/example_dags/tutorial_taskflow_api.py
[2024-12-12T15:48:00.383+0000] {processor.py:836} INFO - DAG(s) dict_keys(['tutorial_taskflow_api']) retrieved from /home/vscode/.local/lib/python3.10/site-packages/airflow/example_dags/tutorial_taskflow_api.py
[2024-12-12T15:48:00.394+0000] {logging_mixin.py:150} INFO - [2024-12-12T15:48:00.394+0000] {dag.py:2742} INFO - Sync 1 DAGs
[2024-12-12T15:48:00.408+0000] {logging_mixin.py:150} INFO - [2024-12-12T15:48:00.408+0000] {dag.py:3504} INFO - Setting next_dagrun for tutorial_taskflow_api to None, run_after=None
[2024-12-12T15:48:00.422+0000] {processor.py:179} INFO - Processing /home/vscode/.local/lib/python3.10/site-packages/airflow/example_dags/tutorial_taskflow_api.py took 0.047 seconds
[2024-12-12T15:48:44.608+0000] {processor.py:157} INFO - Started process (PID=40006) to work on /home/vscode/.local/lib/python3.10/site-packages/airflow/example_dags/tutorial_taskflow_api.py
[2024-12-12T15:48:44.609+0000] {processor.py:826} INFO - Processing file /home/vscode/.local/lib/python3.10/site-packages/airflow/example_dags/tutorial_taskflow_api.py for tasks to queue
[2024-12-12T15:48:44.609+0000] {logging_mixin.py:150} INFO - [2024-12-12T15:48:44.609+0000] {dagbag.py:541} INFO - Filling up the DagBag from /home/vscode/.local/lib/python3.10/site-packages/airflow/example_dags/tutorial_taskflow_api.py
[2024-12-12T15:48:44.614+0000] {processor.py:836} INFO - DAG(s) dict_keys(['tutorial_taskflow_api']) retrieved from /home/vscode/.local/lib/python3.10/site-packages/airflow/example_dags/tutorial_taskflow_api.py
[2024-12-12T15:48:44.625+0000] {logging_mixin.py:150} INFO - [2024-12-12T15:48:44.624+0000] {dag.py:2742} INFO - Sync 1 DAGs
[2024-12-12T15:48:44.637+0000] {logging_mixin.py:150} INFO - [2024-12-12T15:48:44.637+0000] {dag.py:3504} INFO - Setting next_dagrun for tutorial_taskflow_api to None, run_after=None
[2024-12-12T15:48:44.651+0000] {processor.py:179} INFO - Processing /home/vscode/.local/lib/python3.10/site-packages/airflow/example_dags/tutorial_taskflow_api.py took 0.045 seconds
[2024-12-12T15:49:30.419+0000] {processor.py:157} INFO - Started process (PID=40358) to work on /home/vscode/.local/lib/python3.10/site-packages/airflow/example_dags/tutorial_taskflow_api.py
[2024-12-12T15:49:30.419+0000] {processor.py:826} INFO - Processing file /home/vscode/.local/lib/python3.10/site-packages/airflow/example_dags/tutorial_taskflow_api.py for tasks to queue
[2024-12-12T15:49:30.420+0000] {logging_mixin.py:150} INFO - [2024-12-12T15:49:30.420+0000] {dagbag.py:541} INFO - Filling up the DagBag from /home/vscode/.local/lib/python3.10/site-packages/airflow/example_dags/tutorial_taskflow_api.py
[2024-12-12T15:49:30.425+0000] {processor.py:836} INFO - DAG(s) dict_keys(['tutorial_taskflow_api']) retrieved from /home/vscode/.local/lib/python3.10/site-packages/airflow/example_dags/tutorial_taskflow_api.py
[2024-12-12T15:49:30.436+0000] {logging_mixin.py:150} INFO - [2024-12-12T15:49:30.436+0000] {dag.py:2742} INFO - Sync 1 DAGs
[2024-12-12T15:49:30.449+0000] {logging_mixin.py:150} INFO - [2024-12-12T15:49:30.449+0000] {dag.py:3504} INFO - Setting next_dagrun for tutorial_taskflow_api to None, run_after=None
[2024-12-12T15:49:30.462+0000] {processor.py:179} INFO - Processing /home/vscode/.local/lib/python3.10/site-packages/airflow/example_dags/tutorial_taskflow_api.py took 0.046 seconds
[2024-12-12T15:50:13.210+0000] {processor.py:157} INFO - Started process (PID=40698) to work on /home/vscode/.local/lib/python3.10/site-packages/airflow/example_dags/tutorial_taskflow_api.py
[2024-12-12T15:50:13.211+0000] {processor.py:826} INFO - Processing file /home/vscode/.local/lib/python3.10/site-packages/airflow/example_dags/tutorial_taskflow_api.py for tasks to queue
[2024-12-12T15:50:13.211+0000] {logging_mixin.py:150} INFO - [2024-12-12T15:50:13.211+0000] {dagbag.py:541} INFO - Filling up the DagBag from /home/vscode/.local/lib/python3.10/site-packages/airflow/example_dags/tutorial_taskflow_api.py
[2024-12-12T15:50:13.216+0000] {processor.py:836} INFO - DAG(s) dict_keys(['tutorial_taskflow_api']) retrieved from /home/vscode/.local/lib/python3.10/site-packages/airflow/example_dags/tutorial_taskflow_api.py
[2024-12-12T15:50:13.227+0000] {logging_mixin.py:150} INFO - [2024-12-12T15:50:13.227+0000] {dag.py:2742} INFO - Sync 1 DAGs
[2024-12-12T15:50:13.240+0000] {logging_mixin.py:150} INFO - [2024-12-12T15:50:13.240+0000] {dag.py:3504} INFO - Setting next_dagrun for tutorial_taskflow_api to None, run_after=None
[2024-12-12T15:50:13.255+0000] {processor.py:179} INFO - Processing /home/vscode/.local/lib/python3.10/site-packages/airflow/example_dags/tutorial_taskflow_api.py took 0.047 seconds
[2024-12-12T15:50:57.015+0000] {processor.py:157} INFO - Started process (PID=41042) to work on /home/vscode/.local/lib/python3.10/site-packages/airflow/example_dags/tutorial_taskflow_api.py
[2024-12-12T15:50:57.016+0000] {processor.py:826} INFO - Processing file /home/vscode/.local/lib/python3.10/site-packages/airflow/example_dags/tutorial_taskflow_api.py for tasks to queue
[2024-12-12T15:50:57.016+0000] {logging_mixin.py:150} INFO - [2024-12-12T15:50:57.016+0000] {dagbag.py:541} INFO - Filling up the DagBag from /home/vscode/.local/lib/python3.10/site-packages/airflow/example_dags/tutorial_taskflow_api.py
[2024-12-12T15:50:57.021+0000] {processor.py:836} INFO - DAG(s) dict_keys(['tutorial_taskflow_api']) retrieved from /home/vscode/.local/lib/python3.10/site-packages/airflow/example_dags/tutorial_taskflow_api.py
[2024-12-12T15:50:57.032+0000] {logging_mixin.py:150} INFO - [2024-12-12T15:50:57.032+0000] {dag.py:2742} INFO - Sync 1 DAGs
[2024-12-12T15:50:57.044+0000] {logging_mixin.py:150} INFO - [2024-12-12T15:50:57.044+0000] {dag.py:3504} INFO - Setting next_dagrun for tutorial_taskflow_api to None, run_after=None
[2024-12-12T15:50:57.058+0000] {processor.py:179} INFO - Processing /home/vscode/.local/lib/python3.10/site-packages/airflow/example_dags/tutorial_taskflow_api.py took 0.045 seconds
[2024-12-12T15:51:47.550+0000] {processor.py:157} INFO - Started process (PID=41442) to work on /home/vscode/.local/lib/python3.10/site-packages/airflow/example_dags/tutorial_taskflow_api.py
[2024-12-12T15:51:47.550+0000] {processor.py:826} INFO - Processing file /home/vscode/.local/lib/python3.10/site-packages/airflow/example_dags/tutorial_taskflow_api.py for tasks to queue
[2024-12-12T15:51:47.551+0000] {logging_mixin.py:150} INFO - [2024-12-12T15:51:47.551+0000] {dagbag.py:541} INFO - Filling up the DagBag from /home/vscode/.local/lib/python3.10/site-packages/airflow/example_dags/tutorial_taskflow_api.py
[2024-12-12T15:51:47.555+0000] {processor.py:836} INFO - DAG(s) dict_keys(['tutorial_taskflow_api']) retrieved from /home/vscode/.local/lib/python3.10/site-packages/airflow/example_dags/tutorial_taskflow_api.py
[2024-12-12T15:51:47.566+0000] {logging_mixin.py:150} INFO - [2024-12-12T15:51:47.566+0000] {dag.py:2742} INFO - Sync 1 DAGs
[2024-12-12T15:51:47.579+0000] {logging_mixin.py:150} INFO - [2024-12-12T15:51:47.579+0000] {dag.py:3504} INFO - Setting next_dagrun for tutorial_taskflow_api to None, run_after=None
[2024-12-12T15:51:47.592+0000] {processor.py:179} INFO - Processing /home/vscode/.local/lib/python3.10/site-packages/airflow/example_dags/tutorial_taskflow_api.py took 0.045 seconds
[2024-12-12T15:52:33.434+0000] {processor.py:157} INFO - Started process (PID=41779) to work on /home/vscode/.local/lib/python3.10/site-packages/airflow/example_dags/tutorial_taskflow_api.py
[2024-12-12T15:52:33.434+0000] {processor.py:826} INFO - Processing file /home/vscode/.local/lib/python3.10/site-packages/airflow/example_dags/tutorial_taskflow_api.py for tasks to queue
[2024-12-12T15:52:33.435+0000] {logging_mixin.py:150} INFO - [2024-12-12T15:52:33.435+0000] {dagbag.py:541} INFO - Filling up the DagBag from /home/vscode/.local/lib/python3.10/site-packages/airflow/example_dags/tutorial_taskflow_api.py
[2024-12-12T15:52:33.439+0000] {processor.py:836} INFO - DAG(s) dict_keys(['tutorial_taskflow_api']) retrieved from /home/vscode/.local/lib/python3.10/site-packages/airflow/example_dags/tutorial_taskflow_api.py
[2024-12-12T15:52:33.451+0000] {logging_mixin.py:150} INFO - [2024-12-12T15:52:33.451+0000] {dag.py:2742} INFO - Sync 1 DAGs
[2024-12-12T15:52:33.463+0000] {logging_mixin.py:150} INFO - [2024-12-12T15:52:33.463+0000] {dag.py:3504} INFO - Setting next_dagrun for tutorial_taskflow_api to None, run_after=None
[2024-12-12T15:52:33.477+0000] {processor.py:179} INFO - Processing /home/vscode/.local/lib/python3.10/site-packages/airflow/example_dags/tutorial_taskflow_api.py took 0.046 seconds
[2024-12-12T15:53:16.765+0000] {processor.py:157} INFO - Started process (PID=42076) to work on /home/vscode/.local/lib/python3.10/site-packages/airflow/example_dags/tutorial_taskflow_api.py
[2024-12-12T15:53:16.766+0000] {processor.py:826} INFO - Processing file /home/vscode/.local/lib/python3.10/site-packages/airflow/example_dags/tutorial_taskflow_api.py for tasks to queue
[2024-12-12T15:53:16.767+0000] {logging_mixin.py:150} INFO - [2024-12-12T15:53:16.766+0000] {dagbag.py:541} INFO - Filling up the DagBag from /home/vscode/.local/lib/python3.10/site-packages/airflow/example_dags/tutorial_taskflow_api.py
[2024-12-12T15:53:16.771+0000] {processor.py:836} INFO - DAG(s) dict_keys(['tutorial_taskflow_api']) retrieved from /home/vscode/.local/lib/python3.10/site-packages/airflow/example_dags/tutorial_taskflow_api.py
[2024-12-12T15:53:16.784+0000] {logging_mixin.py:150} INFO - [2024-12-12T15:53:16.783+0000] {dag.py:2742} INFO - Sync 1 DAGs
[2024-12-12T15:53:16.798+0000] {logging_mixin.py:150} INFO - [2024-12-12T15:53:16.797+0000] {dag.py:3504} INFO - Setting next_dagrun for tutorial_taskflow_api to None, run_after=None
[2024-12-12T15:53:16.811+0000] {processor.py:179} INFO - Processing /home/vscode/.local/lib/python3.10/site-packages/airflow/example_dags/tutorial_taskflow_api.py took 0.049 seconds
[2024-12-12T15:53:58.948+0000] {processor.py:157} INFO - Started process (PID=42388) to work on /home/vscode/.local/lib/python3.10/site-packages/airflow/example_dags/tutorial_taskflow_api.py
[2024-12-12T15:53:58.949+0000] {processor.py:826} INFO - Processing file /home/vscode/.local/lib/python3.10/site-packages/airflow/example_dags/tutorial_taskflow_api.py for tasks to queue
[2024-12-12T15:53:58.950+0000] {logging_mixin.py:150} INFO - [2024-12-12T15:53:58.949+0000] {dagbag.py:541} INFO - Filling up the DagBag from /home/vscode/.local/lib/python3.10/site-packages/airflow/example_dags/tutorial_taskflow_api.py
[2024-12-12T15:53:58.954+0000] {processor.py:836} INFO - DAG(s) dict_keys(['tutorial_taskflow_api']) retrieved from /home/vscode/.local/lib/python3.10/site-packages/airflow/example_dags/tutorial_taskflow_api.py
[2024-12-12T15:53:58.965+0000] {logging_mixin.py:150} INFO - [2024-12-12T15:53:58.965+0000] {dag.py:2742} INFO - Sync 1 DAGs
[2024-12-12T15:53:58.978+0000] {logging_mixin.py:150} INFO - [2024-12-12T15:53:58.978+0000] {dag.py:3504} INFO - Setting next_dagrun for tutorial_taskflow_api to None, run_after=None
[2024-12-12T15:53:58.992+0000] {processor.py:179} INFO - Processing /home/vscode/.local/lib/python3.10/site-packages/airflow/example_dags/tutorial_taskflow_api.py took 0.046 seconds
[2024-12-12T15:54:38.769+0000] {processor.py:157} INFO - Started process (PID=42662) to work on /home/vscode/.local/lib/python3.10/site-packages/airflow/example_dags/tutorial_taskflow_api.py
[2024-12-12T15:54:38.770+0000] {processor.py:826} INFO - Processing file /home/vscode/.local/lib/python3.10/site-packages/airflow/example_dags/tutorial_taskflow_api.py for tasks to queue
[2024-12-12T15:54:38.771+0000] {logging_mixin.py:150} INFO - [2024-12-12T15:54:38.770+0000] {dagbag.py:541} INFO - Filling up the DagBag from /home/vscode/.local/lib/python3.10/site-packages/airflow/example_dags/tutorial_taskflow_api.py
[2024-12-12T15:54:38.775+0000] {processor.py:836} INFO - DAG(s) dict_keys(['tutorial_taskflow_api']) retrieved from /home/vscode/.local/lib/python3.10/site-packages/airflow/example_dags/tutorial_taskflow_api.py
[2024-12-12T15:54:38.787+0000] {logging_mixin.py:150} INFO - [2024-12-12T15:54:38.786+0000] {dag.py:2742} INFO - Sync 1 DAGs
[2024-12-12T15:54:38.800+0000] {logging_mixin.py:150} INFO - [2024-12-12T15:54:38.799+0000] {dag.py:3504} INFO - Setting next_dagrun for tutorial_taskflow_api to None, run_after=None
[2024-12-12T15:54:38.813+0000] {processor.py:179} INFO - Processing /home/vscode/.local/lib/python3.10/site-packages/airflow/example_dags/tutorial_taskflow_api.py took 0.046 seconds
[2024-12-12T15:55:22.626+0000] {processor.py:157} INFO - Started process (PID=42954) to work on /home/vscode/.local/lib/python3.10/site-packages/airflow/example_dags/tutorial_taskflow_api.py
[2024-12-12T15:55:22.627+0000] {processor.py:826} INFO - Processing file /home/vscode/.local/lib/python3.10/site-packages/airflow/example_dags/tutorial_taskflow_api.py for tasks to queue
[2024-12-12T15:55:22.628+0000] {logging_mixin.py:150} INFO - [2024-12-12T15:55:22.627+0000] {dagbag.py:541} INFO - Filling up the DagBag from /home/vscode/.local/lib/python3.10/site-packages/airflow/example_dags/tutorial_taskflow_api.py
[2024-12-12T15:55:22.632+0000] {processor.py:836} INFO - DAG(s) dict_keys(['tutorial_taskflow_api']) retrieved from /home/vscode/.local/lib/python3.10/site-packages/airflow/example_dags/tutorial_taskflow_api.py
[2024-12-12T15:55:22.643+0000] {logging_mixin.py:150} INFO - [2024-12-12T15:55:22.643+0000] {dag.py:2742} INFO - Sync 1 DAGs
[2024-12-12T15:55:22.656+0000] {logging_mixin.py:150} INFO - [2024-12-12T15:55:22.656+0000] {dag.py:3504} INFO - Setting next_dagrun for tutorial_taskflow_api to None, run_after=None
[2024-12-12T15:55:22.670+0000] {processor.py:179} INFO - Processing /home/vscode/.local/lib/python3.10/site-packages/airflow/example_dags/tutorial_taskflow_api.py took 0.046 seconds
[2024-12-12T15:56:11.054+0000] {processor.py:157} INFO - Started process (PID=43287) to work on /home/vscode/.local/lib/python3.10/site-packages/airflow/example_dags/tutorial_taskflow_api.py
[2024-12-12T15:56:11.054+0000] {processor.py:826} INFO - Processing file /home/vscode/.local/lib/python3.10/site-packages/airflow/example_dags/tutorial_taskflow_api.py for tasks to queue
[2024-12-12T15:56:11.055+0000] {logging_mixin.py:150} INFO - [2024-12-12T15:56:11.054+0000] {dagbag.py:541} INFO - Filling up the DagBag from /home/vscode/.local/lib/python3.10/site-packages/airflow/example_dags/tutorial_taskflow_api.py
[2024-12-12T15:56:11.059+0000] {processor.py:836} INFO - DAG(s) dict_keys(['tutorial_taskflow_api']) retrieved from /home/vscode/.local/lib/python3.10/site-packages/airflow/example_dags/tutorial_taskflow_api.py
[2024-12-12T15:56:11.070+0000] {logging_mixin.py:150} INFO - [2024-12-12T15:56:11.070+0000] {dag.py:2742} INFO - Sync 1 DAGs
[2024-12-12T15:56:11.083+0000] {logging_mixin.py:150} INFO - [2024-12-12T15:56:11.083+0000] {dag.py:3504} INFO - Setting next_dagrun for tutorial_taskflow_api to None, run_after=None
[2024-12-12T15:56:11.097+0000] {processor.py:179} INFO - Processing /home/vscode/.local/lib/python3.10/site-packages/airflow/example_dags/tutorial_taskflow_api.py took 0.046 seconds
[2024-12-12T15:56:53.290+0000] {processor.py:157} INFO - Started process (PID=43581) to work on /home/vscode/.local/lib/python3.10/site-packages/airflow/example_dags/tutorial_taskflow_api.py
[2024-12-12T15:56:53.290+0000] {processor.py:826} INFO - Processing file /home/vscode/.local/lib/python3.10/site-packages/airflow/example_dags/tutorial_taskflow_api.py for tasks to queue
[2024-12-12T15:56:53.291+0000] {logging_mixin.py:150} INFO - [2024-12-12T15:56:53.291+0000] {dagbag.py:541} INFO - Filling up the DagBag from /home/vscode/.local/lib/python3.10/site-packages/airflow/example_dags/tutorial_taskflow_api.py
[2024-12-12T15:56:53.295+0000] {processor.py:836} INFO - DAG(s) dict_keys(['tutorial_taskflow_api']) retrieved from /home/vscode/.local/lib/python3.10/site-packages/airflow/example_dags/tutorial_taskflow_api.py
[2024-12-12T15:56:53.308+0000] {logging_mixin.py:150} INFO - [2024-12-12T15:56:53.307+0000] {dag.py:2742} INFO - Sync 1 DAGs
[2024-12-12T15:56:53.321+0000] {logging_mixin.py:150} INFO - [2024-12-12T15:56:53.321+0000] {dag.py:3504} INFO - Setting next_dagrun for tutorial_taskflow_api to None, run_after=None
[2024-12-12T15:56:53.335+0000] {processor.py:179} INFO - Processing /home/vscode/.local/lib/python3.10/site-packages/airflow/example_dags/tutorial_taskflow_api.py took 0.048 seconds
[2024-12-12T15:57:40.746+0000] {processor.py:157} INFO - Started process (PID=43907) to work on /home/vscode/.local/lib/python3.10/site-packages/airflow/example_dags/tutorial_taskflow_api.py
[2024-12-12T15:57:40.747+0000] {processor.py:826} INFO - Processing file /home/vscode/.local/lib/python3.10/site-packages/airflow/example_dags/tutorial_taskflow_api.py for tasks to queue
[2024-12-12T15:57:40.747+0000] {logging_mixin.py:150} INFO - [2024-12-12T15:57:40.747+0000] {dagbag.py:541} INFO - Filling up the DagBag from /home/vscode/.local/lib/python3.10/site-packages/airflow/example_dags/tutorial_taskflow_api.py
[2024-12-12T15:57:40.752+0000] {processor.py:836} INFO - DAG(s) dict_keys(['tutorial_taskflow_api']) retrieved from /home/vscode/.local/lib/python3.10/site-packages/airflow/example_dags/tutorial_taskflow_api.py
[2024-12-12T15:57:40.763+0000] {logging_mixin.py:150} INFO - [2024-12-12T15:57:40.763+0000] {dag.py:2742} INFO - Sync 1 DAGs
[2024-12-12T15:57:40.776+0000] {logging_mixin.py:150} INFO - [2024-12-12T15:57:40.775+0000] {dag.py:3504} INFO - Setting next_dagrun for tutorial_taskflow_api to None, run_after=None
[2024-12-12T15:57:40.790+0000] {processor.py:179} INFO - Processing /home/vscode/.local/lib/python3.10/site-packages/airflow/example_dags/tutorial_taskflow_api.py took 0.046 seconds
[2024-12-12T15:58:21.762+0000] {processor.py:157} INFO - Started process (PID=44214) to work on /home/vscode/.local/lib/python3.10/site-packages/airflow/example_dags/tutorial_taskflow_api.py
[2024-12-12T15:58:21.763+0000] {processor.py:826} INFO - Processing file /home/vscode/.local/lib/python3.10/site-packages/airflow/example_dags/tutorial_taskflow_api.py for tasks to queue
[2024-12-12T15:58:21.763+0000] {logging_mixin.py:150} INFO - [2024-12-12T15:58:21.763+0000] {dagbag.py:541} INFO - Filling up the DagBag from /home/vscode/.local/lib/python3.10/site-packages/airflow/example_dags/tutorial_taskflow_api.py
[2024-12-12T15:58:21.768+0000] {processor.py:836} INFO - DAG(s) dict_keys(['tutorial_taskflow_api']) retrieved from /home/vscode/.local/lib/python3.10/site-packages/airflow/example_dags/tutorial_taskflow_api.py
[2024-12-12T15:58:21.779+0000] {logging_mixin.py:150} INFO - [2024-12-12T15:58:21.779+0000] {dag.py:2742} INFO - Sync 1 DAGs
[2024-12-12T15:58:21.792+0000] {logging_mixin.py:150} INFO - [2024-12-12T15:58:21.792+0000] {dag.py:3504} INFO - Setting next_dagrun for tutorial_taskflow_api to None, run_after=None
[2024-12-12T15:58:21.806+0000] {processor.py:179} INFO - Processing /home/vscode/.local/lib/python3.10/site-packages/airflow/example_dags/tutorial_taskflow_api.py took 0.046 seconds
[2024-12-12T15:59:06.030+0000] {processor.py:157} INFO - Started process (PID=44583) to work on /home/vscode/.local/lib/python3.10/site-packages/airflow/example_dags/tutorial_taskflow_api.py
[2024-12-12T15:59:06.030+0000] {processor.py:826} INFO - Processing file /home/vscode/.local/lib/python3.10/site-packages/airflow/example_dags/tutorial_taskflow_api.py for tasks to queue
[2024-12-12T15:59:06.031+0000] {logging_mixin.py:150} INFO - [2024-12-12T15:59:06.031+0000] {dagbag.py:541} INFO - Filling up the DagBag from /home/vscode/.local/lib/python3.10/site-packages/airflow/example_dags/tutorial_taskflow_api.py
[2024-12-12T15:59:06.036+0000] {processor.py:836} INFO - DAG(s) dict_keys(['tutorial_taskflow_api']) retrieved from /home/vscode/.local/lib/python3.10/site-packages/airflow/example_dags/tutorial_taskflow_api.py
[2024-12-12T15:59:06.052+0000] {logging_mixin.py:150} INFO - [2024-12-12T15:59:06.052+0000] {dag.py:2742} INFO - Sync 1 DAGs
[2024-12-12T15:59:06.072+0000] {logging_mixin.py:150} INFO - [2024-12-12T15:59:06.072+0000] {dag.py:3504} INFO - Setting next_dagrun for tutorial_taskflow_api to None, run_after=None
[2024-12-12T15:59:06.090+0000] {processor.py:179} INFO - Processing /home/vscode/.local/lib/python3.10/site-packages/airflow/example_dags/tutorial_taskflow_api.py took 0.062 seconds
[2024-12-12T15:59:45.661+0000] {processor.py:157} INFO - Started process (PID=44870) to work on /home/vscode/.local/lib/python3.10/site-packages/airflow/example_dags/tutorial_taskflow_api.py
[2024-12-12T15:59:45.662+0000] {processor.py:826} INFO - Processing file /home/vscode/.local/lib/python3.10/site-packages/airflow/example_dags/tutorial_taskflow_api.py for tasks to queue
[2024-12-12T15:59:45.662+0000] {logging_mixin.py:150} INFO - [2024-12-12T15:59:45.662+0000] {dagbag.py:541} INFO - Filling up the DagBag from /home/vscode/.local/lib/python3.10/site-packages/airflow/example_dags/tutorial_taskflow_api.py
[2024-12-12T15:59:45.667+0000] {processor.py:836} INFO - DAG(s) dict_keys(['tutorial_taskflow_api']) retrieved from /home/vscode/.local/lib/python3.10/site-packages/airflow/example_dags/tutorial_taskflow_api.py
[2024-12-12T15:59:45.678+0000] {logging_mixin.py:150} INFO - [2024-12-12T15:59:45.677+0000] {dag.py:2742} INFO - Sync 1 DAGs
[2024-12-12T15:59:45.690+0000] {logging_mixin.py:150} INFO - [2024-12-12T15:59:45.690+0000] {dag.py:3504} INFO - Setting next_dagrun for tutorial_taskflow_api to None, run_after=None
[2024-12-12T15:59:45.704+0000] {processor.py:179} INFO - Processing /home/vscode/.local/lib/python3.10/site-packages/airflow/example_dags/tutorial_taskflow_api.py took 0.045 seconds
[2024-12-12T16:00:31.976+0000] {processor.py:157} INFO - Started process (PID=45208) to work on /home/vscode/.local/lib/python3.10/site-packages/airflow/example_dags/tutorial_taskflow_api.py
[2024-12-12T16:00:31.977+0000] {processor.py:826} INFO - Processing file /home/vscode/.local/lib/python3.10/site-packages/airflow/example_dags/tutorial_taskflow_api.py for tasks to queue
[2024-12-12T16:00:31.978+0000] {logging_mixin.py:150} INFO - [2024-12-12T16:00:31.977+0000] {dagbag.py:541} INFO - Filling up the DagBag from /home/vscode/.local/lib/python3.10/site-packages/airflow/example_dags/tutorial_taskflow_api.py
[2024-12-12T16:00:31.982+0000] {processor.py:836} INFO - DAG(s) dict_keys(['tutorial_taskflow_api']) retrieved from /home/vscode/.local/lib/python3.10/site-packages/airflow/example_dags/tutorial_taskflow_api.py
[2024-12-12T16:00:31.998+0000] {logging_mixin.py:150} INFO - [2024-12-12T16:00:31.998+0000] {dag.py:2742} INFO - Sync 1 DAGs
[2024-12-12T16:00:32.018+0000] {logging_mixin.py:150} INFO - [2024-12-12T16:00:32.018+0000] {dag.py:3504} INFO - Setting next_dagrun for tutorial_taskflow_api to None, run_after=None
[2024-12-12T16:00:32.037+0000] {processor.py:179} INFO - Processing /home/vscode/.local/lib/python3.10/site-packages/airflow/example_dags/tutorial_taskflow_api.py took 0.063 seconds
[2024-12-12T16:01:16.377+0000] {processor.py:157} INFO - Started process (PID=45518) to work on /home/vscode/.local/lib/python3.10/site-packages/airflow/example_dags/tutorial_taskflow_api.py
[2024-12-12T16:01:16.377+0000] {processor.py:826} INFO - Processing file /home/vscode/.local/lib/python3.10/site-packages/airflow/example_dags/tutorial_taskflow_api.py for tasks to queue
[2024-12-12T16:01:16.378+0000] {logging_mixin.py:150} INFO - [2024-12-12T16:01:16.378+0000] {dagbag.py:541} INFO - Filling up the DagBag from /home/vscode/.local/lib/python3.10/site-packages/airflow/example_dags/tutorial_taskflow_api.py
[2024-12-12T16:01:16.382+0000] {processor.py:836} INFO - DAG(s) dict_keys(['tutorial_taskflow_api']) retrieved from /home/vscode/.local/lib/python3.10/site-packages/airflow/example_dags/tutorial_taskflow_api.py
[2024-12-12T16:01:16.393+0000] {logging_mixin.py:150} INFO - [2024-12-12T16:01:16.393+0000] {dag.py:2742} INFO - Sync 1 DAGs
[2024-12-12T16:01:16.405+0000] {logging_mixin.py:150} INFO - [2024-12-12T16:01:16.405+0000] {dag.py:3504} INFO - Setting next_dagrun for tutorial_taskflow_api to None, run_after=None
[2024-12-12T16:01:16.419+0000] {processor.py:179} INFO - Processing /home/vscode/.local/lib/python3.10/site-packages/airflow/example_dags/tutorial_taskflow_api.py took 0.044 seconds
[2024-12-12T16:02:01.708+0000] {processor.py:157} INFO - Started process (PID=45852) to work on /home/vscode/.local/lib/python3.10/site-packages/airflow/example_dags/tutorial_taskflow_api.py
[2024-12-12T16:02:01.709+0000] {processor.py:826} INFO - Processing file /home/vscode/.local/lib/python3.10/site-packages/airflow/example_dags/tutorial_taskflow_api.py for tasks to queue
[2024-12-12T16:02:01.709+0000] {logging_mixin.py:150} INFO - [2024-12-12T16:02:01.709+0000] {dagbag.py:541} INFO - Filling up the DagBag from /home/vscode/.local/lib/python3.10/site-packages/airflow/example_dags/tutorial_taskflow_api.py
[2024-12-12T16:02:01.714+0000] {processor.py:836} INFO - DAG(s) dict_keys(['tutorial_taskflow_api']) retrieved from /home/vscode/.local/lib/python3.10/site-packages/airflow/example_dags/tutorial_taskflow_api.py
[2024-12-12T16:02:01.725+0000] {logging_mixin.py:150} INFO - [2024-12-12T16:02:01.725+0000] {dag.py:2742} INFO - Sync 1 DAGs
[2024-12-12T16:02:01.739+0000] {logging_mixin.py:150} INFO - [2024-12-12T16:02:01.738+0000] {dag.py:3504} INFO - Setting next_dagrun for tutorial_taskflow_api to None, run_after=None
[2024-12-12T16:02:01.753+0000] {processor.py:179} INFO - Processing /home/vscode/.local/lib/python3.10/site-packages/airflow/example_dags/tutorial_taskflow_api.py took 0.047 seconds
[2024-12-12T16:02:42.383+0000] {processor.py:157} INFO - Started process (PID=46139) to work on /home/vscode/.local/lib/python3.10/site-packages/airflow/example_dags/tutorial_taskflow_api.py
[2024-12-12T16:02:42.383+0000] {processor.py:826} INFO - Processing file /home/vscode/.local/lib/python3.10/site-packages/airflow/example_dags/tutorial_taskflow_api.py for tasks to queue
[2024-12-12T16:02:42.384+0000] {logging_mixin.py:150} INFO - [2024-12-12T16:02:42.384+0000] {dagbag.py:541} INFO - Filling up the DagBag from /home/vscode/.local/lib/python3.10/site-packages/airflow/example_dags/tutorial_taskflow_api.py
[2024-12-12T16:02:42.388+0000] {processor.py:836} INFO - DAG(s) dict_keys(['tutorial_taskflow_api']) retrieved from /home/vscode/.local/lib/python3.10/site-packages/airflow/example_dags/tutorial_taskflow_api.py
[2024-12-12T16:02:42.401+0000] {logging_mixin.py:150} INFO - [2024-12-12T16:02:42.400+0000] {dag.py:2742} INFO - Sync 1 DAGs
[2024-12-12T16:02:42.414+0000] {logging_mixin.py:150} INFO - [2024-12-12T16:02:42.414+0000] {dag.py:3504} INFO - Setting next_dagrun for tutorial_taskflow_api to None, run_after=None
[2024-12-12T16:02:42.428+0000] {processor.py:179} INFO - Processing /home/vscode/.local/lib/python3.10/site-packages/airflow/example_dags/tutorial_taskflow_api.py took 0.048 seconds
[2024-12-12T16:03:25.319+0000] {processor.py:157} INFO - Started process (PID=46441) to work on /home/vscode/.local/lib/python3.10/site-packages/airflow/example_dags/tutorial_taskflow_api.py
[2024-12-12T16:03:25.319+0000] {processor.py:826} INFO - Processing file /home/vscode/.local/lib/python3.10/site-packages/airflow/example_dags/tutorial_taskflow_api.py for tasks to queue
[2024-12-12T16:03:25.320+0000] {logging_mixin.py:150} INFO - [2024-12-12T16:03:25.320+0000] {dagbag.py:541} INFO - Filling up the DagBag from /home/vscode/.local/lib/python3.10/site-packages/airflow/example_dags/tutorial_taskflow_api.py
[2024-12-12T16:03:25.325+0000] {processor.py:836} INFO - DAG(s) dict_keys(['tutorial_taskflow_api']) retrieved from /home/vscode/.local/lib/python3.10/site-packages/airflow/example_dags/tutorial_taskflow_api.py
[2024-12-12T16:03:25.335+0000] {logging_mixin.py:150} INFO - [2024-12-12T16:03:25.335+0000] {dag.py:2742} INFO - Sync 1 DAGs
[2024-12-12T16:03:25.348+0000] {logging_mixin.py:150} INFO - [2024-12-12T16:03:25.348+0000] {dag.py:3504} INFO - Setting next_dagrun for tutorial_taskflow_api to None, run_after=None
[2024-12-12T16:03:25.362+0000] {processor.py:179} INFO - Processing /home/vscode/.local/lib/python3.10/site-packages/airflow/example_dags/tutorial_taskflow_api.py took 0.045 seconds
