[2024-12-13T08:36:46.472+0000] {taskinstance.py:1103} INFO - Dependencies all met for dep_context=non-requeueable deps ti=<TaskInstance: extract_dag.extract_task scheduled__2024-12-12T08:31:38.044126+00:00 [queued]>
[2024-12-13T08:36:46.476+0000] {taskinstance.py:1103} INFO - Dependencies all met for dep_context=requeueable deps ti=<TaskInstance: extract_dag.extract_task scheduled__2024-12-12T08:31:38.044126+00:00 [queued]>
[2024-12-13T08:36:46.476+0000] {taskinstance.py:1308} INFO - Starting attempt 2 of 4
[2024-12-13T08:36:46.486+0000] {taskinstance.py:1327} INFO - Executing <Task(BashOperator): extract_task> on 2024-12-12 08:31:38.044126+00:00
[2024-12-13T08:36:46.488+0000] {standard_task_runner.py:57} INFO - Started process 12888 to run task
[2024-12-13T08:36:46.491+0000] {standard_task_runner.py:84} INFO - Running: ['airflow', 'tasks', 'run', 'extract_dag', 'extract_task', 'scheduled__2024-12-12T08:31:38.044126+00:00', '--job-id', '11', '--raw', '--subdir', 'DAGS_FOLDER/extract_dag.py', '--cfg-path', '/tmp/tmph5iif4fd']
[2024-12-13T08:36:46.491+0000] {standard_task_runner.py:85} INFO - Job 11: Subtask extract_task
[2024-12-13T08:36:46.513+0000] {task_command.py:410} INFO - Running <TaskInstance: extract_dag.extract_task scheduled__2024-12-12T08:31:38.044126+00:00 [running]> on host codespaces-586565
[2024-12-13T08:36:46.550+0000] {taskinstance.py:1545} INFO - Exporting env vars: AIRFLOW_CTX_DAG_OWNER='airflow' AIRFLOW_CTX_DAG_ID='extract_dag' AIRFLOW_CTX_TASK_ID='extract_task' AIRFLOW_CTX_EXECUTION_DATE='2024-12-12T08:31:38.044126+00:00' AIRFLOW_CTX_TRY_NUMBER='2' AIRFLOW_CTX_DAG_RUN_ID='scheduled__2024-12-12T08:31:38.044126+00:00'
[2024-12-13T08:36:46.551+0000] {subprocess.py:63} INFO - Tmp dir root location: /tmp
[2024-12-13T08:36:46.552+0000] {subprocess.py:75} INFO - Running command: ['/usr/bin/bash', '-c', 'wget -O /workspace/lab/orchestrated/airflow-extract-data.csv https://lnkd.in/gfENQi7K']
[2024-12-13T08:36:46.563+0000] {subprocess.py:86} INFO - Output:
[2024-12-13T08:36:46.567+0000] {subprocess.py:93} INFO - /workspace/lab/orchestrated/airflow-extract-data.csv: No such file or directory
[2024-12-13T08:36:46.568+0000] {subprocess.py:97} INFO - Command exited with return code 1
[2024-12-13T08:36:46.574+0000] {taskinstance.py:1824} ERROR - Task failed with exception
Traceback (most recent call last):
  File "/home/vscode/.local/lib/python3.10/site-packages/airflow/operators/bash.py", line 210, in execute
    raise AirflowException(
airflow.exceptions.AirflowException: Bash command failed. The command returned a non-zero exit code 1.
[2024-12-13T08:36:46.577+0000] {taskinstance.py:1345} INFO - Marking task as UP_FOR_RETRY. dag_id=extract_dag, task_id=extract_task, execution_date=20241212T083138, start_date=20241213T083646, end_date=20241213T083646
[2024-12-13T08:36:46.595+0000] {standard_task_runner.py:104} ERROR - Failed to execute job 11 for task extract_task (Bash command failed. The command returned a non-zero exit code 1.; 12888)
[2024-12-13T08:36:46.623+0000] {local_task_job_runner.py:225} INFO - Task exited with return code 1
[2024-12-13T08:36:46.631+0000] {taskinstance.py:2653} INFO - 0 downstream tasks scheduled from follow-on schedule check
