[2024-12-12T15:30:49.229+0000] {processor.py:157} INFO - Started process (PID=30987) to work on /home/vscode/.local/lib/python3.10/site-packages/airflow/example_dags/plugins/workday.py
[2024-12-12T15:30:49.229+0000] {processor.py:826} INFO - Processing file /home/vscode/.local/lib/python3.10/site-packages/airflow/example_dags/plugins/workday.py for tasks to queue
[2024-12-12T15:30:49.230+0000] {logging_mixin.py:150} INFO - [2024-12-12T15:30:49.230+0000] {dagbag.py:541} INFO - Filling up the DagBag from /home/vscode/.local/lib/python3.10/site-packages/airflow/example_dags/plugins/workday.py
[2024-12-12T15:30:49.232+0000] {logging_mixin.py:150} INFO - [2024-12-12T15:30:49.232+0000] {workday.py:36} WARNING - Could not import pandas. Holidays will not be considered.
[2024-12-12T15:30:49.232+0000] {processor.py:838} WARNING - No viable dags retrieved from /home/vscode/.local/lib/python3.10/site-packages/airflow/example_dags/plugins/workday.py
[2024-12-12T15:30:49.239+0000] {processor.py:179} INFO - Processing /home/vscode/.local/lib/python3.10/site-packages/airflow/example_dags/plugins/workday.py took 0.012 seconds
[2024-12-12T15:31:36.737+0000] {processor.py:157} INFO - Started process (PID=31388) to work on /home/vscode/.local/lib/python3.10/site-packages/airflow/example_dags/plugins/workday.py
[2024-12-12T15:31:36.737+0000] {processor.py:826} INFO - Processing file /home/vscode/.local/lib/python3.10/site-packages/airflow/example_dags/plugins/workday.py for tasks to queue
[2024-12-12T15:31:36.738+0000] {logging_mixin.py:150} INFO - [2024-12-12T15:31:36.737+0000] {dagbag.py:541} INFO - Filling up the DagBag from /home/vscode/.local/lib/python3.10/site-packages/airflow/example_dags/plugins/workday.py
[2024-12-12T15:31:36.740+0000] {logging_mixin.py:150} INFO - [2024-12-12T15:31:36.740+0000] {workday.py:36} WARNING - Could not import pandas. Holidays will not be considered.
[2024-12-12T15:31:36.740+0000] {processor.py:838} WARNING - No viable dags retrieved from /home/vscode/.local/lib/python3.10/site-packages/airflow/example_dags/plugins/workday.py
[2024-12-12T15:31:36.747+0000] {processor.py:179} INFO - Processing /home/vscode/.local/lib/python3.10/site-packages/airflow/example_dags/plugins/workday.py took 0.012 seconds
[2024-12-12T15:32:20.008+0000] {processor.py:157} INFO - Started process (PID=31694) to work on /home/vscode/.local/lib/python3.10/site-packages/airflow/example_dags/plugins/workday.py
[2024-12-12T15:32:20.009+0000] {processor.py:826} INFO - Processing file /home/vscode/.local/lib/python3.10/site-packages/airflow/example_dags/plugins/workday.py for tasks to queue
[2024-12-12T15:32:20.010+0000] {logging_mixin.py:150} INFO - [2024-12-12T15:32:20.009+0000] {dagbag.py:541} INFO - Filling up the DagBag from /home/vscode/.local/lib/python3.10/site-packages/airflow/example_dags/plugins/workday.py
[2024-12-12T15:32:20.012+0000] {logging_mixin.py:150} INFO - [2024-12-12T15:32:20.012+0000] {workday.py:36} WARNING - Could not import pandas. Holidays will not be considered.
[2024-12-12T15:32:20.012+0000] {processor.py:838} WARNING - No viable dags retrieved from /home/vscode/.local/lib/python3.10/site-packages/airflow/example_dags/plugins/workday.py
[2024-12-12T15:32:20.019+0000] {processor.py:179} INFO - Processing /home/vscode/.local/lib/python3.10/site-packages/airflow/example_dags/plugins/workday.py took 0.012 seconds
[2024-12-12T15:33:09.548+0000] {processor.py:157} INFO - Started process (PID=32074) to work on /home/vscode/.local/lib/python3.10/site-packages/airflow/example_dags/plugins/workday.py
[2024-12-12T15:33:09.549+0000] {processor.py:826} INFO - Processing file /home/vscode/.local/lib/python3.10/site-packages/airflow/example_dags/plugins/workday.py for tasks to queue
[2024-12-12T15:33:09.549+0000] {logging_mixin.py:150} INFO - [2024-12-12T15:33:09.549+0000] {dagbag.py:541} INFO - Filling up the DagBag from /home/vscode/.local/lib/python3.10/site-packages/airflow/example_dags/plugins/workday.py
[2024-12-12T15:33:09.551+0000] {logging_mixin.py:150} INFO - [2024-12-12T15:33:09.551+0000] {workday.py:36} WARNING - Could not import pandas. Holidays will not be considered.
[2024-12-12T15:33:09.552+0000] {processor.py:838} WARNING - No viable dags retrieved from /home/vscode/.local/lib/python3.10/site-packages/airflow/example_dags/plugins/workday.py
[2024-12-12T15:33:09.558+0000] {processor.py:179} INFO - Processing /home/vscode/.local/lib/python3.10/site-packages/airflow/example_dags/plugins/workday.py took 0.012 seconds
[2024-12-12T15:33:52.438+0000] {processor.py:157} INFO - Started process (PID=32381) to work on /home/vscode/.local/lib/python3.10/site-packages/airflow/example_dags/plugins/workday.py
[2024-12-12T15:33:52.439+0000] {processor.py:826} INFO - Processing file /home/vscode/.local/lib/python3.10/site-packages/airflow/example_dags/plugins/workday.py for tasks to queue
[2024-12-12T15:33:52.440+0000] {logging_mixin.py:150} INFO - [2024-12-12T15:33:52.439+0000] {dagbag.py:541} INFO - Filling up the DagBag from /home/vscode/.local/lib/python3.10/site-packages/airflow/example_dags/plugins/workday.py
[2024-12-12T15:33:52.442+0000] {logging_mixin.py:150} INFO - [2024-12-12T15:33:52.442+0000] {workday.py:36} WARNING - Could not import pandas. Holidays will not be considered.
[2024-12-12T15:33:52.442+0000] {processor.py:838} WARNING - No viable dags retrieved from /home/vscode/.local/lib/python3.10/site-packages/airflow/example_dags/plugins/workday.py
[2024-12-12T15:33:52.448+0000] {processor.py:179} INFO - Processing /home/vscode/.local/lib/python3.10/site-packages/airflow/example_dags/plugins/workday.py took 0.012 seconds
[2024-12-12T15:34:36.705+0000] {processor.py:157} INFO - Started process (PID=32680) to work on /home/vscode/.local/lib/python3.10/site-packages/airflow/example_dags/plugins/workday.py
[2024-12-12T15:34:36.706+0000] {processor.py:826} INFO - Processing file /home/vscode/.local/lib/python3.10/site-packages/airflow/example_dags/plugins/workday.py for tasks to queue
[2024-12-12T15:34:36.706+0000] {logging_mixin.py:150} INFO - [2024-12-12T15:34:36.706+0000] {dagbag.py:541} INFO - Filling up the DagBag from /home/vscode/.local/lib/python3.10/site-packages/airflow/example_dags/plugins/workday.py
[2024-12-12T15:34:36.708+0000] {logging_mixin.py:150} INFO - [2024-12-12T15:34:36.708+0000] {workday.py:36} WARNING - Could not import pandas. Holidays will not be considered.
[2024-12-12T15:34:36.709+0000] {processor.py:838} WARNING - No viable dags retrieved from /home/vscode/.local/lib/python3.10/site-packages/airflow/example_dags/plugins/workday.py
[2024-12-12T15:34:36.715+0000] {processor.py:179} INFO - Processing /home/vscode/.local/lib/python3.10/site-packages/airflow/example_dags/plugins/workday.py took 0.012 seconds
[2024-12-12T15:35:16.993+0000] {processor.py:157} INFO - Started process (PID=32964) to work on /home/vscode/.local/lib/python3.10/site-packages/airflow/example_dags/plugins/workday.py
[2024-12-12T15:35:16.994+0000] {processor.py:826} INFO - Processing file /home/vscode/.local/lib/python3.10/site-packages/airflow/example_dags/plugins/workday.py for tasks to queue
[2024-12-12T15:35:16.994+0000] {logging_mixin.py:150} INFO - [2024-12-12T15:35:16.994+0000] {dagbag.py:541} INFO - Filling up the DagBag from /home/vscode/.local/lib/python3.10/site-packages/airflow/example_dags/plugins/workday.py
[2024-12-12T15:35:16.996+0000] {logging_mixin.py:150} INFO - [2024-12-12T15:35:16.996+0000] {workday.py:36} WARNING - Could not import pandas. Holidays will not be considered.
[2024-12-12T15:35:16.997+0000] {processor.py:838} WARNING - No viable dags retrieved from /home/vscode/.local/lib/python3.10/site-packages/airflow/example_dags/plugins/workday.py
[2024-12-12T15:35:17.003+0000] {processor.py:179} INFO - Processing /home/vscode/.local/lib/python3.10/site-packages/airflow/example_dags/plugins/workday.py took 0.012 seconds
[2024-12-12T15:36:00.730+0000] {processor.py:157} INFO - Started process (PID=33307) to work on /home/vscode/.local/lib/python3.10/site-packages/airflow/example_dags/plugins/workday.py
[2024-12-12T15:36:00.730+0000] {processor.py:826} INFO - Processing file /home/vscode/.local/lib/python3.10/site-packages/airflow/example_dags/plugins/workday.py for tasks to queue
[2024-12-12T15:36:00.731+0000] {logging_mixin.py:150} INFO - [2024-12-12T15:36:00.731+0000] {dagbag.py:541} INFO - Filling up the DagBag from /home/vscode/.local/lib/python3.10/site-packages/airflow/example_dags/plugins/workday.py
[2024-12-12T15:36:00.733+0000] {logging_mixin.py:150} INFO - [2024-12-12T15:36:00.733+0000] {workday.py:36} WARNING - Could not import pandas. Holidays will not be considered.
[2024-12-12T15:36:00.733+0000] {processor.py:838} WARNING - No viable dags retrieved from /home/vscode/.local/lib/python3.10/site-packages/airflow/example_dags/plugins/workday.py
[2024-12-12T15:36:00.740+0000] {processor.py:179} INFO - Processing /home/vscode/.local/lib/python3.10/site-packages/airflow/example_dags/plugins/workday.py took 0.012 seconds
[2024-12-12T15:36:41.826+0000] {processor.py:157} INFO - Started process (PID=33813) to work on /home/vscode/.local/lib/python3.10/site-packages/airflow/example_dags/plugins/workday.py
[2024-12-12T15:36:41.827+0000] {processor.py:826} INFO - Processing file /home/vscode/.local/lib/python3.10/site-packages/airflow/example_dags/plugins/workday.py for tasks to queue
[2024-12-12T15:36:41.827+0000] {logging_mixin.py:150} INFO - [2024-12-12T15:36:41.827+0000] {dagbag.py:541} INFO - Filling up the DagBag from /home/vscode/.local/lib/python3.10/site-packages/airflow/example_dags/plugins/workday.py
[2024-12-12T15:36:41.829+0000] {logging_mixin.py:150} INFO - [2024-12-12T15:36:41.829+0000] {workday.py:36} WARNING - Could not import pandas. Holidays will not be considered.
[2024-12-12T15:36:41.829+0000] {processor.py:838} WARNING - No viable dags retrieved from /home/vscode/.local/lib/python3.10/site-packages/airflow/example_dags/plugins/workday.py
[2024-12-12T15:36:41.836+0000] {processor.py:179} INFO - Processing /home/vscode/.local/lib/python3.10/site-packages/airflow/example_dags/plugins/workday.py took 0.012 seconds
[2024-12-12T15:37:33.830+0000] {processor.py:157} INFO - Started process (PID=34253) to work on /home/vscode/.local/lib/python3.10/site-packages/airflow/example_dags/plugins/workday.py
[2024-12-12T15:37:33.830+0000] {processor.py:826} INFO - Processing file /home/vscode/.local/lib/python3.10/site-packages/airflow/example_dags/plugins/workday.py for tasks to queue
[2024-12-12T15:37:33.831+0000] {logging_mixin.py:150} INFO - [2024-12-12T15:37:33.831+0000] {dagbag.py:541} INFO - Filling up the DagBag from /home/vscode/.local/lib/python3.10/site-packages/airflow/example_dags/plugins/workday.py
[2024-12-12T15:37:33.833+0000] {logging_mixin.py:150} INFO - [2024-12-12T15:37:33.833+0000] {workday.py:36} WARNING - Could not import pandas. Holidays will not be considered.
[2024-12-12T15:37:33.833+0000] {processor.py:838} WARNING - No viable dags retrieved from /home/vscode/.local/lib/python3.10/site-packages/airflow/example_dags/plugins/workday.py
[2024-12-12T15:37:33.840+0000] {processor.py:179} INFO - Processing /home/vscode/.local/lib/python3.10/site-packages/airflow/example_dags/plugins/workday.py took 0.012 seconds
[2024-12-12T15:38:17.306+0000] {processor.py:157} INFO - Started process (PID=34559) to work on /home/vscode/.local/lib/python3.10/site-packages/airflow/example_dags/plugins/workday.py
[2024-12-12T15:38:17.306+0000] {processor.py:826} INFO - Processing file /home/vscode/.local/lib/python3.10/site-packages/airflow/example_dags/plugins/workday.py for tasks to queue
[2024-12-12T15:38:17.307+0000] {logging_mixin.py:150} INFO - [2024-12-12T15:38:17.307+0000] {dagbag.py:541} INFO - Filling up the DagBag from /home/vscode/.local/lib/python3.10/site-packages/airflow/example_dags/plugins/workday.py
[2024-12-12T15:38:17.309+0000] {logging_mixin.py:150} INFO - [2024-12-12T15:38:17.309+0000] {workday.py:36} WARNING - Could not import pandas. Holidays will not be considered.
[2024-12-12T15:38:17.309+0000] {processor.py:838} WARNING - No viable dags retrieved from /home/vscode/.local/lib/python3.10/site-packages/airflow/example_dags/plugins/workday.py
[2024-12-12T15:38:17.316+0000] {processor.py:179} INFO - Processing /home/vscode/.local/lib/python3.10/site-packages/airflow/example_dags/plugins/workday.py took 0.012 seconds
[2024-12-12T15:39:13.262+0000] {processor.py:157} INFO - Started process (PID=35289) to work on /home/vscode/.local/lib/python3.10/site-packages/airflow/example_dags/plugins/workday.py
[2024-12-12T15:39:13.263+0000] {processor.py:826} INFO - Processing file /home/vscode/.local/lib/python3.10/site-packages/airflow/example_dags/plugins/workday.py for tasks to queue
[2024-12-12T15:39:13.263+0000] {logging_mixin.py:150} INFO - [2024-12-12T15:39:13.263+0000] {dagbag.py:541} INFO - Filling up the DagBag from /home/vscode/.local/lib/python3.10/site-packages/airflow/example_dags/plugins/workday.py
[2024-12-12T15:39:13.265+0000] {logging_mixin.py:150} INFO - [2024-12-12T15:39:13.265+0000] {workday.py:36} WARNING - Could not import pandas. Holidays will not be considered.
[2024-12-12T15:39:13.265+0000] {processor.py:838} WARNING - No viable dags retrieved from /home/vscode/.local/lib/python3.10/site-packages/airflow/example_dags/plugins/workday.py
[2024-12-12T15:39:13.272+0000] {processor.py:179} INFO - Processing /home/vscode/.local/lib/python3.10/site-packages/airflow/example_dags/plugins/workday.py took 0.012 seconds
[2024-12-12T15:39:59.605+0000] {processor.py:157} INFO - Started process (PID=35649) to work on /home/vscode/.local/lib/python3.10/site-packages/airflow/example_dags/plugins/workday.py
[2024-12-12T15:39:59.605+0000] {processor.py:826} INFO - Processing file /home/vscode/.local/lib/python3.10/site-packages/airflow/example_dags/plugins/workday.py for tasks to queue
[2024-12-12T15:39:59.606+0000] {logging_mixin.py:150} INFO - [2024-12-12T15:39:59.606+0000] {dagbag.py:541} INFO - Filling up the DagBag from /home/vscode/.local/lib/python3.10/site-packages/airflow/example_dags/plugins/workday.py
[2024-12-12T15:39:59.608+0000] {logging_mixin.py:150} INFO - [2024-12-12T15:39:59.608+0000] {workday.py:36} WARNING - Could not import pandas. Holidays will not be considered.
[2024-12-12T15:39:59.608+0000] {processor.py:838} WARNING - No viable dags retrieved from /home/vscode/.local/lib/python3.10/site-packages/airflow/example_dags/plugins/workday.py
[2024-12-12T15:39:59.615+0000] {processor.py:179} INFO - Processing /home/vscode/.local/lib/python3.10/site-packages/airflow/example_dags/plugins/workday.py took 0.012 seconds
[2024-12-12T15:40:43.960+0000] {processor.py:157} INFO - Started process (PID=36137) to work on /home/vscode/.local/lib/python3.10/site-packages/airflow/example_dags/plugins/workday.py
[2024-12-12T15:40:43.961+0000] {processor.py:826} INFO - Processing file /home/vscode/.local/lib/python3.10/site-packages/airflow/example_dags/plugins/workday.py for tasks to queue
[2024-12-12T15:40:43.961+0000] {logging_mixin.py:150} INFO - [2024-12-12T15:40:43.961+0000] {dagbag.py:541} INFO - Filling up the DagBag from /home/vscode/.local/lib/python3.10/site-packages/airflow/example_dags/plugins/workday.py
[2024-12-12T15:40:43.963+0000] {logging_mixin.py:150} INFO - [2024-12-12T15:40:43.963+0000] {workday.py:36} WARNING - Could not import pandas. Holidays will not be considered.
[2024-12-12T15:40:43.964+0000] {processor.py:838} WARNING - No viable dags retrieved from /home/vscode/.local/lib/python3.10/site-packages/airflow/example_dags/plugins/workday.py
[2024-12-12T15:40:43.970+0000] {processor.py:179} INFO - Processing /home/vscode/.local/lib/python3.10/site-packages/airflow/example_dags/plugins/workday.py took 0.012 seconds
[2024-12-12T15:41:29.869+0000] {processor.py:157} INFO - Started process (PID=36499) to work on /home/vscode/.local/lib/python3.10/site-packages/airflow/example_dags/plugins/workday.py
[2024-12-12T15:41:29.869+0000] {processor.py:826} INFO - Processing file /home/vscode/.local/lib/python3.10/site-packages/airflow/example_dags/plugins/workday.py for tasks to queue
[2024-12-12T15:41:29.870+0000] {logging_mixin.py:150} INFO - [2024-12-12T15:41:29.870+0000] {dagbag.py:541} INFO - Filling up the DagBag from /home/vscode/.local/lib/python3.10/site-packages/airflow/example_dags/plugins/workday.py
[2024-12-12T15:41:29.872+0000] {logging_mixin.py:150} INFO - [2024-12-12T15:41:29.872+0000] {workday.py:36} WARNING - Could not import pandas. Holidays will not be considered.
[2024-12-12T15:41:29.872+0000] {processor.py:838} WARNING - No viable dags retrieved from /home/vscode/.local/lib/python3.10/site-packages/airflow/example_dags/plugins/workday.py
[2024-12-12T15:41:29.879+0000] {processor.py:179} INFO - Processing /home/vscode/.local/lib/python3.10/site-packages/airflow/example_dags/plugins/workday.py took 0.012 seconds
[2024-12-12T15:42:14.027+0000] {processor.py:157} INFO - Started process (PID=36885) to work on /home/vscode/.local/lib/python3.10/site-packages/airflow/example_dags/plugins/workday.py
[2024-12-12T15:42:14.028+0000] {processor.py:826} INFO - Processing file /home/vscode/.local/lib/python3.10/site-packages/airflow/example_dags/plugins/workday.py for tasks to queue
[2024-12-12T15:42:14.028+0000] {logging_mixin.py:150} INFO - [2024-12-12T15:42:14.028+0000] {dagbag.py:541} INFO - Filling up the DagBag from /home/vscode/.local/lib/python3.10/site-packages/airflow/example_dags/plugins/workday.py
[2024-12-12T15:42:14.030+0000] {logging_mixin.py:150} INFO - [2024-12-12T15:42:14.030+0000] {workday.py:36} WARNING - Could not import pandas. Holidays will not be considered.
[2024-12-12T15:42:14.031+0000] {processor.py:838} WARNING - No viable dags retrieved from /home/vscode/.local/lib/python3.10/site-packages/airflow/example_dags/plugins/workday.py
[2024-12-12T15:42:14.037+0000] {processor.py:179} INFO - Processing /home/vscode/.local/lib/python3.10/site-packages/airflow/example_dags/plugins/workday.py took 0.012 seconds
[2024-12-12T15:43:01.701+0000] {processor.py:157} INFO - Started process (PID=37275) to work on /home/vscode/.local/lib/python3.10/site-packages/airflow/example_dags/plugins/workday.py
[2024-12-12T15:43:01.702+0000] {processor.py:826} INFO - Processing file /home/vscode/.local/lib/python3.10/site-packages/airflow/example_dags/plugins/workday.py for tasks to queue
[2024-12-12T15:43:01.702+0000] {logging_mixin.py:150} INFO - [2024-12-12T15:43:01.702+0000] {dagbag.py:541} INFO - Filling up the DagBag from /home/vscode/.local/lib/python3.10/site-packages/airflow/example_dags/plugins/workday.py
[2024-12-12T15:43:01.704+0000] {logging_mixin.py:150} INFO - [2024-12-12T15:43:01.704+0000] {workday.py:36} WARNING - Could not import pandas. Holidays will not be considered.
[2024-12-12T15:43:01.705+0000] {processor.py:838} WARNING - No viable dags retrieved from /home/vscode/.local/lib/python3.10/site-packages/airflow/example_dags/plugins/workday.py
[2024-12-12T15:43:01.711+0000] {processor.py:179} INFO - Processing /home/vscode/.local/lib/python3.10/site-packages/airflow/example_dags/plugins/workday.py took 0.012 seconds
[2024-12-12T15:43:45.106+0000] {processor.py:157} INFO - Started process (PID=37634) to work on /home/vscode/.local/lib/python3.10/site-packages/airflow/example_dags/plugins/workday.py
[2024-12-12T15:43:45.107+0000] {processor.py:826} INFO - Processing file /home/vscode/.local/lib/python3.10/site-packages/airflow/example_dags/plugins/workday.py for tasks to queue
[2024-12-12T15:43:45.107+0000] {logging_mixin.py:150} INFO - [2024-12-12T15:43:45.107+0000] {dagbag.py:541} INFO - Filling up the DagBag from /home/vscode/.local/lib/python3.10/site-packages/airflow/example_dags/plugins/workday.py
[2024-12-12T15:43:45.109+0000] {logging_mixin.py:150} INFO - [2024-12-12T15:43:45.109+0000] {workday.py:36} WARNING - Could not import pandas. Holidays will not be considered.
[2024-12-12T15:43:45.109+0000] {processor.py:838} WARNING - No viable dags retrieved from /home/vscode/.local/lib/python3.10/site-packages/airflow/example_dags/plugins/workday.py
[2024-12-12T15:43:45.116+0000] {processor.py:179} INFO - Processing /home/vscode/.local/lib/python3.10/site-packages/airflow/example_dags/plugins/workday.py took 0.012 seconds
[2024-12-12T15:44:28.997+0000] {processor.py:157} INFO - Started process (PID=37977) to work on /home/vscode/.local/lib/python3.10/site-packages/airflow/example_dags/plugins/workday.py
[2024-12-12T15:44:28.997+0000] {processor.py:826} INFO - Processing file /home/vscode/.local/lib/python3.10/site-packages/airflow/example_dags/plugins/workday.py for tasks to queue
[2024-12-12T15:44:28.998+0000] {logging_mixin.py:150} INFO - [2024-12-12T15:44:28.998+0000] {dagbag.py:541} INFO - Filling up the DagBag from /home/vscode/.local/lib/python3.10/site-packages/airflow/example_dags/plugins/workday.py
[2024-12-12T15:44:29.000+0000] {logging_mixin.py:150} INFO - [2024-12-12T15:44:29.000+0000] {workday.py:36} WARNING - Could not import pandas. Holidays will not be considered.
[2024-12-12T15:44:29.000+0000] {processor.py:838} WARNING - No viable dags retrieved from /home/vscode/.local/lib/python3.10/site-packages/airflow/example_dags/plugins/workday.py
[2024-12-12T15:44:29.007+0000] {processor.py:179} INFO - Processing /home/vscode/.local/lib/python3.10/site-packages/airflow/example_dags/plugins/workday.py took 0.012 seconds
[2024-12-12T15:45:10.196+0000] {processor.py:157} INFO - Started process (PID=38296) to work on /home/vscode/.local/lib/python3.10/site-packages/airflow/example_dags/plugins/workday.py
[2024-12-12T15:45:10.196+0000] {processor.py:826} INFO - Processing file /home/vscode/.local/lib/python3.10/site-packages/airflow/example_dags/plugins/workday.py for tasks to queue
[2024-12-12T15:45:10.197+0000] {logging_mixin.py:150} INFO - [2024-12-12T15:45:10.197+0000] {dagbag.py:541} INFO - Filling up the DagBag from /home/vscode/.local/lib/python3.10/site-packages/airflow/example_dags/plugins/workday.py
[2024-12-12T15:45:10.199+0000] {logging_mixin.py:150} INFO - [2024-12-12T15:45:10.199+0000] {workday.py:36} WARNING - Could not import pandas. Holidays will not be considered.
[2024-12-12T15:45:10.199+0000] {processor.py:838} WARNING - No viable dags retrieved from /home/vscode/.local/lib/python3.10/site-packages/airflow/example_dags/plugins/workday.py
[2024-12-12T15:45:10.206+0000] {processor.py:179} INFO - Processing /home/vscode/.local/lib/python3.10/site-packages/airflow/example_dags/plugins/workday.py took 0.012 seconds
[2024-12-12T15:45:52.933+0000] {processor.py:157} INFO - Started process (PID=38635) to work on /home/vscode/.local/lib/python3.10/site-packages/airflow/example_dags/plugins/workday.py
[2024-12-12T15:45:52.934+0000] {processor.py:826} INFO - Processing file /home/vscode/.local/lib/python3.10/site-packages/airflow/example_dags/plugins/workday.py for tasks to queue
[2024-12-12T15:45:52.934+0000] {logging_mixin.py:150} INFO - [2024-12-12T15:45:52.934+0000] {dagbag.py:541} INFO - Filling up the DagBag from /home/vscode/.local/lib/python3.10/site-packages/airflow/example_dags/plugins/workday.py
[2024-12-12T15:45:52.937+0000] {logging_mixin.py:150} INFO - [2024-12-12T15:45:52.936+0000] {workday.py:36} WARNING - Could not import pandas. Holidays will not be considered.
[2024-12-12T15:45:52.937+0000] {processor.py:838} WARNING - No viable dags retrieved from /home/vscode/.local/lib/python3.10/site-packages/airflow/example_dags/plugins/workday.py
[2024-12-12T15:45:52.944+0000] {processor.py:179} INFO - Processing /home/vscode/.local/lib/python3.10/site-packages/airflow/example_dags/plugins/workday.py took 0.013 seconds
[2024-12-12T15:46:39.111+0000] {processor.py:157} INFO - Started process (PID=39004) to work on /home/vscode/.local/lib/python3.10/site-packages/airflow/example_dags/plugins/workday.py
[2024-12-12T15:46:39.112+0000] {processor.py:826} INFO - Processing file /home/vscode/.local/lib/python3.10/site-packages/airflow/example_dags/plugins/workday.py for tasks to queue
[2024-12-12T15:46:39.112+0000] {logging_mixin.py:150} INFO - [2024-12-12T15:46:39.112+0000] {dagbag.py:541} INFO - Filling up the DagBag from /home/vscode/.local/lib/python3.10/site-packages/airflow/example_dags/plugins/workday.py
[2024-12-12T15:46:39.114+0000] {logging_mixin.py:150} INFO - [2024-12-12T15:46:39.114+0000] {workday.py:36} WARNING - Could not import pandas. Holidays will not be considered.
[2024-12-12T15:46:39.115+0000] {processor.py:838} WARNING - No viable dags retrieved from /home/vscode/.local/lib/python3.10/site-packages/airflow/example_dags/plugins/workday.py
[2024-12-12T15:46:39.121+0000] {processor.py:179} INFO - Processing /home/vscode/.local/lib/python3.10/site-packages/airflow/example_dags/plugins/workday.py took 0.012 seconds
[2024-12-12T15:47:28.908+0000] {processor.py:157} INFO - Started process (PID=39394) to work on /home/vscode/.local/lib/python3.10/site-packages/airflow/example_dags/plugins/workday.py
[2024-12-12T15:47:28.909+0000] {processor.py:826} INFO - Processing file /home/vscode/.local/lib/python3.10/site-packages/airflow/example_dags/plugins/workday.py for tasks to queue
[2024-12-12T15:47:28.909+0000] {logging_mixin.py:150} INFO - [2024-12-12T15:47:28.909+0000] {dagbag.py:541} INFO - Filling up the DagBag from /home/vscode/.local/lib/python3.10/site-packages/airflow/example_dags/plugins/workday.py
[2024-12-12T15:47:28.912+0000] {logging_mixin.py:150} INFO - [2024-12-12T15:47:28.911+0000] {workday.py:36} WARNING - Could not import pandas. Holidays will not be considered.
[2024-12-12T15:47:28.912+0000] {processor.py:838} WARNING - No viable dags retrieved from /home/vscode/.local/lib/python3.10/site-packages/airflow/example_dags/plugins/workday.py
[2024-12-12T15:47:28.918+0000] {processor.py:179} INFO - Processing /home/vscode/.local/lib/python3.10/site-packages/airflow/example_dags/plugins/workday.py took 0.013 seconds
[2024-12-12T15:48:13.806+0000] {processor.py:157} INFO - Started process (PID=39743) to work on /home/vscode/.local/lib/python3.10/site-packages/airflow/example_dags/plugins/workday.py
[2024-12-12T15:48:13.807+0000] {processor.py:826} INFO - Processing file /home/vscode/.local/lib/python3.10/site-packages/airflow/example_dags/plugins/workday.py for tasks to queue
[2024-12-12T15:48:13.808+0000] {logging_mixin.py:150} INFO - [2024-12-12T15:48:13.807+0000] {dagbag.py:541} INFO - Filling up the DagBag from /home/vscode/.local/lib/python3.10/site-packages/airflow/example_dags/plugins/workday.py
[2024-12-12T15:48:13.810+0000] {logging_mixin.py:150} INFO - [2024-12-12T15:48:13.810+0000] {workday.py:36} WARNING - Could not import pandas. Holidays will not be considered.
[2024-12-12T15:48:13.810+0000] {processor.py:838} WARNING - No viable dags retrieved from /home/vscode/.local/lib/python3.10/site-packages/airflow/example_dags/plugins/workday.py
[2024-12-12T15:48:13.817+0000] {processor.py:179} INFO - Processing /home/vscode/.local/lib/python3.10/site-packages/airflow/example_dags/plugins/workday.py took 0.012 seconds
[2024-12-12T15:48:56.000+0000] {processor.py:157} INFO - Started process (PID=40099) to work on /home/vscode/.local/lib/python3.10/site-packages/airflow/example_dags/plugins/workday.py
[2024-12-12T15:48:56.000+0000] {processor.py:826} INFO - Processing file /home/vscode/.local/lib/python3.10/site-packages/airflow/example_dags/plugins/workday.py for tasks to queue
[2024-12-12T15:48:56.001+0000] {logging_mixin.py:150} INFO - [2024-12-12T15:48:56.001+0000] {dagbag.py:541} INFO - Filling up the DagBag from /home/vscode/.local/lib/python3.10/site-packages/airflow/example_dags/plugins/workday.py
[2024-12-12T15:48:56.004+0000] {logging_mixin.py:150} INFO - [2024-12-12T15:48:56.004+0000] {workday.py:36} WARNING - Could not import pandas. Holidays will not be considered.
[2024-12-12T15:48:56.004+0000] {processor.py:838} WARNING - No viable dags retrieved from /home/vscode/.local/lib/python3.10/site-packages/airflow/example_dags/plugins/workday.py
[2024-12-12T15:48:56.013+0000] {processor.py:179} INFO - Processing /home/vscode/.local/lib/python3.10/site-packages/airflow/example_dags/plugins/workday.py took 0.015 seconds
[2024-12-12T15:49:39.418+0000] {processor.py:157} INFO - Started process (PID=40431) to work on /home/vscode/.local/lib/python3.10/site-packages/airflow/example_dags/plugins/workday.py
[2024-12-12T15:49:39.419+0000] {processor.py:826} INFO - Processing file /home/vscode/.local/lib/python3.10/site-packages/airflow/example_dags/plugins/workday.py for tasks to queue
[2024-12-12T15:49:39.420+0000] {logging_mixin.py:150} INFO - [2024-12-12T15:49:39.419+0000] {dagbag.py:541} INFO - Filling up the DagBag from /home/vscode/.local/lib/python3.10/site-packages/airflow/example_dags/plugins/workday.py
[2024-12-12T15:49:39.422+0000] {logging_mixin.py:150} INFO - [2024-12-12T15:49:39.422+0000] {workday.py:36} WARNING - Could not import pandas. Holidays will not be considered.
[2024-12-12T15:49:39.422+0000] {processor.py:838} WARNING - No viable dags retrieved from /home/vscode/.local/lib/python3.10/site-packages/airflow/example_dags/plugins/workday.py
[2024-12-12T15:49:39.428+0000] {processor.py:179} INFO - Processing /home/vscode/.local/lib/python3.10/site-packages/airflow/example_dags/plugins/workday.py took 0.012 seconds
[2024-12-12T15:50:22.199+0000] {processor.py:157} INFO - Started process (PID=40770) to work on /home/vscode/.local/lib/python3.10/site-packages/airflow/example_dags/plugins/workday.py
[2024-12-12T15:50:22.199+0000] {processor.py:826} INFO - Processing file /home/vscode/.local/lib/python3.10/site-packages/airflow/example_dags/plugins/workday.py for tasks to queue
[2024-12-12T15:50:22.200+0000] {logging_mixin.py:150} INFO - [2024-12-12T15:50:22.200+0000] {dagbag.py:541} INFO - Filling up the DagBag from /home/vscode/.local/lib/python3.10/site-packages/airflow/example_dags/plugins/workday.py
[2024-12-12T15:50:22.202+0000] {logging_mixin.py:150} INFO - [2024-12-12T15:50:22.202+0000] {workday.py:36} WARNING - Could not import pandas. Holidays will not be considered.
[2024-12-12T15:50:22.202+0000] {processor.py:838} WARNING - No viable dags retrieved from /home/vscode/.local/lib/python3.10/site-packages/airflow/example_dags/plugins/workday.py
[2024-12-12T15:50:22.209+0000] {processor.py:179} INFO - Processing /home/vscode/.local/lib/python3.10/site-packages/airflow/example_dags/plugins/workday.py took 0.012 seconds
[2024-12-12T15:51:06.151+0000] {processor.py:157} INFO - Started process (PID=41120) to work on /home/vscode/.local/lib/python3.10/site-packages/airflow/example_dags/plugins/workday.py
[2024-12-12T15:51:06.152+0000] {processor.py:826} INFO - Processing file /home/vscode/.local/lib/python3.10/site-packages/airflow/example_dags/plugins/workday.py for tasks to queue
[2024-12-12T15:51:06.152+0000] {logging_mixin.py:150} INFO - [2024-12-12T15:51:06.152+0000] {dagbag.py:541} INFO - Filling up the DagBag from /home/vscode/.local/lib/python3.10/site-packages/airflow/example_dags/plugins/workday.py
[2024-12-12T15:51:06.154+0000] {logging_mixin.py:150} INFO - [2024-12-12T15:51:06.154+0000] {workday.py:36} WARNING - Could not import pandas. Holidays will not be considered.
[2024-12-12T15:51:06.155+0000] {processor.py:838} WARNING - No viable dags retrieved from /home/vscode/.local/lib/python3.10/site-packages/airflow/example_dags/plugins/workday.py
[2024-12-12T15:51:06.162+0000] {processor.py:179} INFO - Processing /home/vscode/.local/lib/python3.10/site-packages/airflow/example_dags/plugins/workday.py took 0.012 seconds
[2024-12-12T15:51:56.875+0000] {processor.py:157} INFO - Started process (PID=41514) to work on /home/vscode/.local/lib/python3.10/site-packages/airflow/example_dags/plugins/workday.py
[2024-12-12T15:51:56.876+0000] {processor.py:826} INFO - Processing file /home/vscode/.local/lib/python3.10/site-packages/airflow/example_dags/plugins/workday.py for tasks to queue
[2024-12-12T15:51:56.876+0000] {logging_mixin.py:150} INFO - [2024-12-12T15:51:56.876+0000] {dagbag.py:541} INFO - Filling up the DagBag from /home/vscode/.local/lib/python3.10/site-packages/airflow/example_dags/plugins/workday.py
[2024-12-12T15:51:56.878+0000] {logging_mixin.py:150} INFO - [2024-12-12T15:51:56.878+0000] {workday.py:36} WARNING - Could not import pandas. Holidays will not be considered.
[2024-12-12T15:51:56.878+0000] {processor.py:838} WARNING - No viable dags retrieved from /home/vscode/.local/lib/python3.10/site-packages/airflow/example_dags/plugins/workday.py
[2024-12-12T15:51:56.885+0000] {processor.py:179} INFO - Processing /home/vscode/.local/lib/python3.10/site-packages/airflow/example_dags/plugins/workday.py took 0.012 seconds
[2024-12-12T15:52:41.737+0000] {processor.py:157} INFO - Started process (PID=41839) to work on /home/vscode/.local/lib/python3.10/site-packages/airflow/example_dags/plugins/workday.py
[2024-12-12T15:52:41.738+0000] {processor.py:826} INFO - Processing file /home/vscode/.local/lib/python3.10/site-packages/airflow/example_dags/plugins/workday.py for tasks to queue
[2024-12-12T15:52:41.738+0000] {logging_mixin.py:150} INFO - [2024-12-12T15:52:41.738+0000] {dagbag.py:541} INFO - Filling up the DagBag from /home/vscode/.local/lib/python3.10/site-packages/airflow/example_dags/plugins/workday.py
[2024-12-12T15:52:41.740+0000] {logging_mixin.py:150} INFO - [2024-12-12T15:52:41.740+0000] {workday.py:36} WARNING - Could not import pandas. Holidays will not be considered.
[2024-12-12T15:52:41.741+0000] {processor.py:838} WARNING - No viable dags retrieved from /home/vscode/.local/lib/python3.10/site-packages/airflow/example_dags/plugins/workday.py
[2024-12-12T15:52:41.748+0000] {processor.py:179} INFO - Processing /home/vscode/.local/lib/python3.10/site-packages/airflow/example_dags/plugins/workday.py took 0.013 seconds
[2024-12-12T15:53:24.342+0000] {processor.py:157} INFO - Started process (PID=42132) to work on /home/vscode/.local/lib/python3.10/site-packages/airflow/example_dags/plugins/workday.py
[2024-12-12T15:53:24.343+0000] {processor.py:826} INFO - Processing file /home/vscode/.local/lib/python3.10/site-packages/airflow/example_dags/plugins/workday.py for tasks to queue
[2024-12-12T15:53:24.344+0000] {logging_mixin.py:150} INFO - [2024-12-12T15:53:24.344+0000] {dagbag.py:541} INFO - Filling up the DagBag from /home/vscode/.local/lib/python3.10/site-packages/airflow/example_dags/plugins/workday.py
[2024-12-12T15:53:24.347+0000] {logging_mixin.py:150} INFO - [2024-12-12T15:53:24.347+0000] {workday.py:36} WARNING - Could not import pandas. Holidays will not be considered.
[2024-12-12T15:53:24.347+0000] {processor.py:838} WARNING - No viable dags retrieved from /home/vscode/.local/lib/python3.10/site-packages/airflow/example_dags/plugins/workday.py
[2024-12-12T15:53:24.356+0000] {processor.py:179} INFO - Processing /home/vscode/.local/lib/python3.10/site-packages/airflow/example_dags/plugins/workday.py took 0.017 seconds
[2024-12-12T15:54:08.084+0000] {processor.py:157} INFO - Started process (PID=42450) to work on /home/vscode/.local/lib/python3.10/site-packages/airflow/example_dags/plugins/workday.py
[2024-12-12T15:54:08.085+0000] {processor.py:826} INFO - Processing file /home/vscode/.local/lib/python3.10/site-packages/airflow/example_dags/plugins/workday.py for tasks to queue
[2024-12-12T15:54:08.085+0000] {logging_mixin.py:150} INFO - [2024-12-12T15:54:08.085+0000] {dagbag.py:541} INFO - Filling up the DagBag from /home/vscode/.local/lib/python3.10/site-packages/airflow/example_dags/plugins/workday.py
[2024-12-12T15:54:08.088+0000] {logging_mixin.py:150} INFO - [2024-12-12T15:54:08.087+0000] {workday.py:36} WARNING - Could not import pandas. Holidays will not be considered.
[2024-12-12T15:54:08.088+0000] {processor.py:838} WARNING - No viable dags retrieved from /home/vscode/.local/lib/python3.10/site-packages/airflow/example_dags/plugins/workday.py
[2024-12-12T15:54:08.095+0000] {processor.py:179} INFO - Processing /home/vscode/.local/lib/python3.10/site-packages/airflow/example_dags/plugins/workday.py took 0.012 seconds
[2024-12-12T15:54:53.224+0000] {processor.py:157} INFO - Started process (PID=42761) to work on /home/vscode/.local/lib/python3.10/site-packages/airflow/example_dags/plugins/workday.py
[2024-12-12T15:54:53.225+0000] {processor.py:826} INFO - Processing file /home/vscode/.local/lib/python3.10/site-packages/airflow/example_dags/plugins/workday.py for tasks to queue
[2024-12-12T15:54:53.225+0000] {logging_mixin.py:150} INFO - [2024-12-12T15:54:53.225+0000] {dagbag.py:541} INFO - Filling up the DagBag from /home/vscode/.local/lib/python3.10/site-packages/airflow/example_dags/plugins/workday.py
[2024-12-12T15:54:53.227+0000] {logging_mixin.py:150} INFO - [2024-12-12T15:54:53.227+0000] {workday.py:36} WARNING - Could not import pandas. Holidays will not be considered.
[2024-12-12T15:54:53.228+0000] {processor.py:838} WARNING - No viable dags retrieved from /home/vscode/.local/lib/python3.10/site-packages/airflow/example_dags/plugins/workday.py
[2024-12-12T15:54:53.234+0000] {processor.py:179} INFO - Processing /home/vscode/.local/lib/python3.10/site-packages/airflow/example_dags/plugins/workday.py took 0.012 seconds
[2024-12-12T15:55:39.173+0000] {processor.py:157} INFO - Started process (PID=43067) to work on /home/vscode/.local/lib/python3.10/site-packages/airflow/example_dags/plugins/workday.py
[2024-12-12T15:55:39.174+0000] {processor.py:826} INFO - Processing file /home/vscode/.local/lib/python3.10/site-packages/airflow/example_dags/plugins/workday.py for tasks to queue
[2024-12-12T15:55:39.174+0000] {logging_mixin.py:150} INFO - [2024-12-12T15:55:39.174+0000] {dagbag.py:541} INFO - Filling up the DagBag from /home/vscode/.local/lib/python3.10/site-packages/airflow/example_dags/plugins/workday.py
[2024-12-12T15:55:39.176+0000] {logging_mixin.py:150} INFO - [2024-12-12T15:55:39.176+0000] {workday.py:36} WARNING - Could not import pandas. Holidays will not be considered.
[2024-12-12T15:55:39.177+0000] {processor.py:838} WARNING - No viable dags retrieved from /home/vscode/.local/lib/python3.10/site-packages/airflow/example_dags/plugins/workday.py
[2024-12-12T15:55:39.183+0000] {processor.py:179} INFO - Processing /home/vscode/.local/lib/python3.10/site-packages/airflow/example_dags/plugins/workday.py took 0.012 seconds
[2024-12-12T15:56:25.608+0000] {processor.py:157} INFO - Started process (PID=43385) to work on /home/vscode/.local/lib/python3.10/site-packages/airflow/example_dags/plugins/workday.py
[2024-12-12T15:56:25.609+0000] {processor.py:826} INFO - Processing file /home/vscode/.local/lib/python3.10/site-packages/airflow/example_dags/plugins/workday.py for tasks to queue
[2024-12-12T15:56:25.609+0000] {logging_mixin.py:150} INFO - [2024-12-12T15:56:25.609+0000] {dagbag.py:541} INFO - Filling up the DagBag from /home/vscode/.local/lib/python3.10/site-packages/airflow/example_dags/plugins/workday.py
[2024-12-12T15:56:25.611+0000] {logging_mixin.py:150} INFO - [2024-12-12T15:56:25.611+0000] {workday.py:36} WARNING - Could not import pandas. Holidays will not be considered.
[2024-12-12T15:56:25.611+0000] {processor.py:838} WARNING - No viable dags retrieved from /home/vscode/.local/lib/python3.10/site-packages/airflow/example_dags/plugins/workday.py
[2024-12-12T15:56:25.618+0000] {processor.py:179} INFO - Processing /home/vscode/.local/lib/python3.10/site-packages/airflow/example_dags/plugins/workday.py took 0.012 seconds
[2024-12-12T15:57:15.670+0000] {processor.py:157} INFO - Started process (PID=43731) to work on /home/vscode/.local/lib/python3.10/site-packages/airflow/example_dags/plugins/workday.py
[2024-12-12T15:57:15.670+0000] {processor.py:826} INFO - Processing file /home/vscode/.local/lib/python3.10/site-packages/airflow/example_dags/plugins/workday.py for tasks to queue
[2024-12-12T15:57:15.671+0000] {logging_mixin.py:150} INFO - [2024-12-12T15:57:15.671+0000] {dagbag.py:541} INFO - Filling up the DagBag from /home/vscode/.local/lib/python3.10/site-packages/airflow/example_dags/plugins/workday.py
[2024-12-12T15:57:15.673+0000] {logging_mixin.py:150} INFO - [2024-12-12T15:57:15.673+0000] {workday.py:36} WARNING - Could not import pandas. Holidays will not be considered.
[2024-12-12T15:57:15.673+0000] {processor.py:838} WARNING - No viable dags retrieved from /home/vscode/.local/lib/python3.10/site-packages/airflow/example_dags/plugins/workday.py
[2024-12-12T15:57:15.680+0000] {processor.py:179} INFO - Processing /home/vscode/.local/lib/python3.10/site-packages/airflow/example_dags/plugins/workday.py took 0.012 seconds
[2024-12-12T15:58:05.550+0000] {processor.py:157} INFO - Started process (PID=44086) to work on /home/vscode/.local/lib/python3.10/site-packages/airflow/example_dags/plugins/workday.py
[2024-12-12T15:58:05.551+0000] {processor.py:826} INFO - Processing file /home/vscode/.local/lib/python3.10/site-packages/airflow/example_dags/plugins/workday.py for tasks to queue
[2024-12-12T15:58:05.551+0000] {logging_mixin.py:150} INFO - [2024-12-12T15:58:05.551+0000] {dagbag.py:541} INFO - Filling up the DagBag from /home/vscode/.local/lib/python3.10/site-packages/airflow/example_dags/plugins/workday.py
[2024-12-12T15:58:05.553+0000] {logging_mixin.py:150} INFO - [2024-12-12T15:58:05.553+0000] {workday.py:36} WARNING - Could not import pandas. Holidays will not be considered.
[2024-12-12T15:58:05.554+0000] {processor.py:838} WARNING - No viable dags retrieved from /home/vscode/.local/lib/python3.10/site-packages/airflow/example_dags/plugins/workday.py
[2024-12-12T15:58:05.560+0000] {processor.py:179} INFO - Processing /home/vscode/.local/lib/python3.10/site-packages/airflow/example_dags/plugins/workday.py took 0.012 seconds
[2024-12-12T15:58:50.895+0000] {processor.py:157} INFO - Started process (PID=44468) to work on /home/vscode/.local/lib/python3.10/site-packages/airflow/example_dags/plugins/workday.py
[2024-12-12T15:58:50.896+0000] {processor.py:826} INFO - Processing file /home/vscode/.local/lib/python3.10/site-packages/airflow/example_dags/plugins/workday.py for tasks to queue
[2024-12-12T15:58:50.897+0000] {logging_mixin.py:150} INFO - [2024-12-12T15:58:50.896+0000] {dagbag.py:541} INFO - Filling up the DagBag from /home/vscode/.local/lib/python3.10/site-packages/airflow/example_dags/plugins/workday.py
[2024-12-12T15:58:50.899+0000] {logging_mixin.py:150} INFO - [2024-12-12T15:58:50.899+0000] {workday.py:36} WARNING - Could not import pandas. Holidays will not be considered.
[2024-12-12T15:58:50.899+0000] {processor.py:838} WARNING - No viable dags retrieved from /home/vscode/.local/lib/python3.10/site-packages/airflow/example_dags/plugins/workday.py
[2024-12-12T15:58:50.905+0000] {processor.py:179} INFO - Processing /home/vscode/.local/lib/python3.10/site-packages/airflow/example_dags/plugins/workday.py took 0.012 seconds
[2024-12-12T15:59:32.514+0000] {processor.py:157} INFO - Started process (PID=44773) to work on /home/vscode/.local/lib/python3.10/site-packages/airflow/example_dags/plugins/workday.py
[2024-12-12T15:59:32.514+0000] {processor.py:826} INFO - Processing file /home/vscode/.local/lib/python3.10/site-packages/airflow/example_dags/plugins/workday.py for tasks to queue
[2024-12-12T15:59:32.515+0000] {logging_mixin.py:150} INFO - [2024-12-12T15:59:32.514+0000] {dagbag.py:541} INFO - Filling up the DagBag from /home/vscode/.local/lib/python3.10/site-packages/airflow/example_dags/plugins/workday.py
[2024-12-12T15:59:32.517+0000] {logging_mixin.py:150} INFO - [2024-12-12T15:59:32.517+0000] {workday.py:36} WARNING - Could not import pandas. Holidays will not be considered.
[2024-12-12T15:59:32.517+0000] {processor.py:838} WARNING - No viable dags retrieved from /home/vscode/.local/lib/python3.10/site-packages/airflow/example_dags/plugins/workday.py
[2024-12-12T15:59:32.524+0000] {processor.py:179} INFO - Processing /home/vscode/.local/lib/python3.10/site-packages/airflow/example_dags/plugins/workday.py took 0.012 seconds
[2024-12-12T16:00:15.331+0000] {processor.py:157} INFO - Started process (PID=45094) to work on /home/vscode/.local/lib/python3.10/site-packages/airflow/example_dags/plugins/workday.py
[2024-12-12T16:00:15.332+0000] {processor.py:826} INFO - Processing file /home/vscode/.local/lib/python3.10/site-packages/airflow/example_dags/plugins/workday.py for tasks to queue
[2024-12-12T16:00:15.332+0000] {logging_mixin.py:150} INFO - [2024-12-12T16:00:15.332+0000] {dagbag.py:541} INFO - Filling up the DagBag from /home/vscode/.local/lib/python3.10/site-packages/airflow/example_dags/plugins/workday.py
[2024-12-12T16:00:15.334+0000] {logging_mixin.py:150} INFO - [2024-12-12T16:00:15.334+0000] {workday.py:36} WARNING - Could not import pandas. Holidays will not be considered.
[2024-12-12T16:00:15.334+0000] {processor.py:838} WARNING - No viable dags retrieved from /home/vscode/.local/lib/python3.10/site-packages/airflow/example_dags/plugins/workday.py
[2024-12-12T16:00:15.341+0000] {processor.py:179} INFO - Processing /home/vscode/.local/lib/python3.10/site-packages/airflow/example_dags/plugins/workday.py took 0.012 seconds
[2024-12-12T16:01:00.909+0000] {processor.py:157} INFO - Started process (PID=45411) to work on /home/vscode/.local/lib/python3.10/site-packages/airflow/example_dags/plugins/workday.py
[2024-12-12T16:01:00.909+0000] {processor.py:826} INFO - Processing file /home/vscode/.local/lib/python3.10/site-packages/airflow/example_dags/plugins/workday.py for tasks to queue
[2024-12-12T16:01:00.910+0000] {logging_mixin.py:150} INFO - [2024-12-12T16:01:00.910+0000] {dagbag.py:541} INFO - Filling up the DagBag from /home/vscode/.local/lib/python3.10/site-packages/airflow/example_dags/plugins/workday.py
[2024-12-12T16:01:00.912+0000] {logging_mixin.py:150} INFO - [2024-12-12T16:01:00.912+0000] {workday.py:36} WARNING - Could not import pandas. Holidays will not be considered.
[2024-12-12T16:01:00.912+0000] {processor.py:838} WARNING - No viable dags retrieved from /home/vscode/.local/lib/python3.10/site-packages/airflow/example_dags/plugins/workday.py
[2024-12-12T16:01:00.919+0000] {processor.py:179} INFO - Processing /home/vscode/.local/lib/python3.10/site-packages/airflow/example_dags/plugins/workday.py took 0.012 seconds
[2024-12-12T16:01:46.162+0000] {processor.py:157} INFO - Started process (PID=45725) to work on /home/vscode/.local/lib/python3.10/site-packages/airflow/example_dags/plugins/workday.py
[2024-12-12T16:01:46.163+0000] {processor.py:826} INFO - Processing file /home/vscode/.local/lib/python3.10/site-packages/airflow/example_dags/plugins/workday.py for tasks to queue
[2024-12-12T16:01:46.164+0000] {logging_mixin.py:150} INFO - [2024-12-12T16:01:46.163+0000] {dagbag.py:541} INFO - Filling up the DagBag from /home/vscode/.local/lib/python3.10/site-packages/airflow/example_dags/plugins/workday.py
[2024-12-12T16:01:46.166+0000] {logging_mixin.py:150} INFO - [2024-12-12T16:01:46.166+0000] {workday.py:36} WARNING - Could not import pandas. Holidays will not be considered.
[2024-12-12T16:01:46.166+0000] {processor.py:838} WARNING - No viable dags retrieved from /home/vscode/.local/lib/python3.10/site-packages/airflow/example_dags/plugins/workday.py
[2024-12-12T16:01:46.173+0000] {processor.py:179} INFO - Processing /home/vscode/.local/lib/python3.10/site-packages/airflow/example_dags/plugins/workday.py took 0.012 seconds
[2024-12-12T16:02:28.666+0000] {processor.py:157} INFO - Started process (PID=46036) to work on /home/vscode/.local/lib/python3.10/site-packages/airflow/example_dags/plugins/workday.py
[2024-12-12T16:02:28.666+0000] {processor.py:826} INFO - Processing file /home/vscode/.local/lib/python3.10/site-packages/airflow/example_dags/plugins/workday.py for tasks to queue
[2024-12-12T16:02:28.667+0000] {logging_mixin.py:150} INFO - [2024-12-12T16:02:28.667+0000] {dagbag.py:541} INFO - Filling up the DagBag from /home/vscode/.local/lib/python3.10/site-packages/airflow/example_dags/plugins/workday.py
[2024-12-12T16:02:28.669+0000] {logging_mixin.py:150} INFO - [2024-12-12T16:02:28.669+0000] {workday.py:36} WARNING - Could not import pandas. Holidays will not be considered.
[2024-12-12T16:02:28.669+0000] {processor.py:838} WARNING - No viable dags retrieved from /home/vscode/.local/lib/python3.10/site-packages/airflow/example_dags/plugins/workday.py
[2024-12-12T16:02:28.676+0000] {processor.py:179} INFO - Processing /home/vscode/.local/lib/python3.10/site-packages/airflow/example_dags/plugins/workday.py took 0.013 seconds
[2024-12-12T16:03:11.035+0000] {processor.py:157} INFO - Started process (PID=46335) to work on /home/vscode/.local/lib/python3.10/site-packages/airflow/example_dags/plugins/workday.py
[2024-12-12T16:03:11.036+0000] {processor.py:826} INFO - Processing file /home/vscode/.local/lib/python3.10/site-packages/airflow/example_dags/plugins/workday.py for tasks to queue
[2024-12-12T16:03:11.037+0000] {logging_mixin.py:150} INFO - [2024-12-12T16:03:11.036+0000] {dagbag.py:541} INFO - Filling up the DagBag from /home/vscode/.local/lib/python3.10/site-packages/airflow/example_dags/plugins/workday.py
[2024-12-12T16:03:11.038+0000] {logging_mixin.py:150} INFO - [2024-12-12T16:03:11.038+0000] {workday.py:36} WARNING - Could not import pandas. Holidays will not be considered.
[2024-12-12T16:03:11.039+0000] {processor.py:838} WARNING - No viable dags retrieved from /home/vscode/.local/lib/python3.10/site-packages/airflow/example_dags/plugins/workday.py
[2024-12-12T16:03:11.045+0000] {processor.py:179} INFO - Processing /home/vscode/.local/lib/python3.10/site-packages/airflow/example_dags/plugins/workday.py took 0.012 seconds
