[2024-12-16T14:27:01.206+0000] {processor.py:157} INFO - Started process (PID=21863) to work on /home/vscode/.local/lib/python3.10/site-packages/airflow/example_dags/subdags/subdag.py
[2024-12-16T14:27:01.206+0000] {processor.py:826} INFO - Processing file /home/vscode/.local/lib/python3.10/site-packages/airflow/example_dags/subdags/subdag.py for tasks to queue
[2024-12-16T14:27:01.207+0000] {logging_mixin.py:150} INFO - [2024-12-16T14:27:01.207+0000] {dagbag.py:541} INFO - Filling up the DagBag from /home/vscode/.local/lib/python3.10/site-packages/airflow/example_dags/subdags/subdag.py
[2024-12-16T14:27:01.209+0000] {processor.py:838} WARNING - No viable dags retrieved from /home/vscode/.local/lib/python3.10/site-packages/airflow/example_dags/subdags/subdag.py
[2024-12-16T14:27:01.216+0000] {processor.py:179} INFO - Processing /home/vscode/.local/lib/python3.10/site-packages/airflow/example_dags/subdags/subdag.py took 0.013 seconds
[2024-12-16T14:28:00.851+0000] {processor.py:157} INFO - Started process (PID=22658) to work on /home/vscode/.local/lib/python3.10/site-packages/airflow/example_dags/subdags/subdag.py
[2024-12-16T14:28:00.852+0000] {processor.py:826} INFO - Processing file /home/vscode/.local/lib/python3.10/site-packages/airflow/example_dags/subdags/subdag.py for tasks to queue
[2024-12-16T14:28:00.853+0000] {logging_mixin.py:150} INFO - [2024-12-16T14:28:00.853+0000] {dagbag.py:541} INFO - Filling up the DagBag from /home/vscode/.local/lib/python3.10/site-packages/airflow/example_dags/subdags/subdag.py
[2024-12-16T14:28:00.854+0000] {processor.py:838} WARNING - No viable dags retrieved from /home/vscode/.local/lib/python3.10/site-packages/airflow/example_dags/subdags/subdag.py
[2024-12-16T14:28:00.861+0000] {processor.py:179} INFO - Processing /home/vscode/.local/lib/python3.10/site-packages/airflow/example_dags/subdags/subdag.py took 0.012 seconds
[2024-12-16T14:28:50.461+0000] {processor.py:157} INFO - Started process (PID=23079) to work on /home/vscode/.local/lib/python3.10/site-packages/airflow/example_dags/subdags/subdag.py
[2024-12-16T14:28:50.462+0000] {processor.py:826} INFO - Processing file /home/vscode/.local/lib/python3.10/site-packages/airflow/example_dags/subdags/subdag.py for tasks to queue
[2024-12-16T14:28:50.463+0000] {logging_mixin.py:150} INFO - [2024-12-16T14:28:50.463+0000] {dagbag.py:541} INFO - Filling up the DagBag from /home/vscode/.local/lib/python3.10/site-packages/airflow/example_dags/subdags/subdag.py
[2024-12-16T14:28:50.465+0000] {processor.py:838} WARNING - No viable dags retrieved from /home/vscode/.local/lib/python3.10/site-packages/airflow/example_dags/subdags/subdag.py
[2024-12-16T14:28:50.471+0000] {processor.py:179} INFO - Processing /home/vscode/.local/lib/python3.10/site-packages/airflow/example_dags/subdags/subdag.py took 0.012 seconds
[2024-12-16T14:29:51.154+0000] {processor.py:157} INFO - Started process (PID=23729) to work on /home/vscode/.local/lib/python3.10/site-packages/airflow/example_dags/subdags/subdag.py
[2024-12-16T14:29:51.155+0000] {processor.py:826} INFO - Processing file /home/vscode/.local/lib/python3.10/site-packages/airflow/example_dags/subdags/subdag.py for tasks to queue
[2024-12-16T14:29:51.155+0000] {logging_mixin.py:150} INFO - [2024-12-16T14:29:51.155+0000] {dagbag.py:541} INFO - Filling up the DagBag from /home/vscode/.local/lib/python3.10/site-packages/airflow/example_dags/subdags/subdag.py
[2024-12-16T14:29:51.157+0000] {processor.py:838} WARNING - No viable dags retrieved from /home/vscode/.local/lib/python3.10/site-packages/airflow/example_dags/subdags/subdag.py
[2024-12-16T14:29:51.163+0000] {processor.py:179} INFO - Processing /home/vscode/.local/lib/python3.10/site-packages/airflow/example_dags/subdags/subdag.py took 0.011 seconds
